[INFO]                                                                         
[INFO] ------------------------------------------------------------------------
[INFO] Building search 0.1.0_b80-SNAPSHOT
[INFO] ------------------------------------------------------------------------
[INFO] 
[INFO] [8mha:AAAAYB+LCAAAAAAAAABb85aBtbiIQSmjNKU4P0+vJLE4u1gvPjexLDVPzxdEGvvmZ+X75ZekLlOVfvTjc8FPJgaGiiIGKaiG5Py84vycVD1nCA1SyAABjCCFBQCV27OjYAAAAA==[0m--- maven-clean-plugin:2.4.1:clean (default-clean) @ search ---
[INFO] 
[INFO] [8mha:AAAAYB+LCAAAAAAAAABb85aBtbiIQSmjNKU4P0+vJLE4u1gvPjexLDVPzxdEGvvmZ+X75ZekLlOVfvTjc8FPJgaGiiIGKaiG5Py84vycVD1nCA1SyAABjCCFBQCV27OjYAAAAA==[0m--- gmaven-plugin:1.0:execute (default) @ search ---
[INFO] 
[INFO] [8mha:AAAAYB+LCAAAAAAAAABb85aBtbiIQSmjNKU4P0+vJLE4u1gvPjexLDVPzxdEGvvmZ+X75ZekLlOVfvTjc8FPJgaGiiIGKaiG5Py84vycVD1nCA1SyAABjCCFBQCV27OjYAAAAA==[0m--- gmaven-plugin:1.4:generateStubs (buildGroovies) @ search ---
[INFO] Generated 41 Java stubs
[INFO] 
[INFO] [8mha:AAAAYB+LCAAAAAAAAABb85aBtbiIQSmjNKU4P0+vJLE4u1gvPjexLDVPzxdEGvvmZ+X75ZekLlOVfvTjc8FPJgaGiiIGKaiG5Py84vycVD1nCA1SyAABjCCFBQCV27OjYAAAAA==[0m--- maven-resources-plugin:2.6:copy-resources (copy-webapp) @ search ---
[INFO] Using 'UTF-8' encoding to copy filtered resources.
[INFO] Copying 3 resources
[INFO] 
[INFO] [8mha:AAAAYB+LCAAAAAAAAABb85aBtbiIQSmjNKU4P0+vJLE4u1gvPjexLDVPzxdEGvvmZ+X75ZekLlOVfvTjc8FPJgaGiiIGKaiG5Py84vycVD1nCA1SyAABjCCFBQCV27OjYAAAAA==[0m--- maven-resources-plugin:2.6:resources (default-resources) @ search ---
[INFO] Using 'UTF-8' encoding to copy filtered resources.
[INFO] Copying 7 resources
[INFO] Copying 1 resource to ../
[INFO] 
[INFO] [8mha:AAAAYB+LCAAAAAAAAABb85aBtbiIQSmjNKU4P0+vJLE4u1gvPjexLDVPzxdEGvvmZ+X75ZekLlOVfvTjc8FPJgaGiiIGKaiG5Py84vycVD1nCA1SyAABjCCFBQCV27OjYAAAAA==[0m--- maven-compiler-plugin:2.3.2:compile (default-compile) @ search ---
[INFO] Compiling 48 source files to /var/lib/jenkins/jobs/TSearchUnittest/workspace/service/target/classes
[INFO] 
[INFO] [8mha:AAAAYB+LCAAAAAAAAABb85aBtbiIQSmjNKU4P0+vJLE4u1gvPjexLDVPzxdEGvvmZ+X75ZekLlOVfvTjc8FPJgaGiiIGKaiG5Py84vycVD1nCA1SyAABjCCFBQCV27OjYAAAAA==[0m--- gmaven-plugin:1.4:compile (buildGroovies) @ search ---
[INFO] 
[INFO] [8mha:AAAAYB+LCAAAAAAAAABb85aBtbiIQSmjNKU4P0+vJLE4u1gvPjexLDVPzxdEGvvmZ+X75ZekLlOVfvTjc8FPJgaGiiIGKaiG5Py84vycVD1nCA1SyAABjCCFBQCV27OjYAAAAA==[0m--- gmaven-plugin:1.4:execute (filterResources) @ search ---
[INFO] Compiled 79 Groovy classes
[INFO] 
[INFO] [8mha:AAAAYB+LCAAAAAAAAABb85aBtbiIQSmjNKU4P0+vJLE4u1gvPjexLDVPzxdEGvvmZ+X75ZekLlOVfvTjc8FPJgaGiiIGKaiG5Py84vycVD1nCA1SyAABjCCFBQCV27OjYAAAAA==[0m--- gmaven-plugin:1.4:generateTestStubs (buildGroovies) @ search ---
[INFO] Generated 20 Java stubs
[INFO] [INFO] Using 'UTF-8' encoding to copy filtered resources.
[INFO] Copying 5 resources

[INFO] [8mha:AAAAYB+LCAAAAAAAAABb85aBtbiIQSmjNKU4P0+vJLE4u1gvPjexLDVPzxdEGvvmZ+X75ZekLlOVfvTjc8FPJgaGiiIGKaiG5Py84vycVD1nCA1SyAABjCCFBQCV27OjYAAAAA==[0m--- maven-resources-plugin:2.6:testResources (default-testResources) @ search ---
[INFO] [INFO] Compiling 20 source files to /var/lib/jenkins/jobs/TSearchUnittest/workspace/service/target/test-classes

[INFO] [8mha:AAAAYB+LCAAAAAAAAABb85aBtbiIQSmjNKU4P0+vJLE4u1gvPjexLDVPzxdEGvvmZ+X75ZekLlOVfvTjc8FPJgaGiiIGKaiG5Py84vycVD1nCA1SyAABjCCFBQCV27OjYAAAAA==[0m--- maven-compiler-plugin:2.3.2:testCompile (default-testCompile) @ search ---
[INFO] 
[INFO] [8mha:AAAAYB+LCAAAAAAAAABb85aBtbiIQSmjNKU4P0+vJLE4u1gvPjexLDVPzxdEGvvmZ+X75ZekLlOVfvTjc8FPJgaGiiIGKaiG5Py84vycVD1nCA1SyAABjCCFBQCV27OjYAAAAA==[0m--- gmaven-plugin:1.4:testCompile (buildGroovies) @ search ---
[INFO] Compiled 36 Groovy classes
[INFO] 
[INFO] [8mha:AAAAYB+LCAAAAAAAAABb85aBtbiIQSmjNKU4P0+vJLE4u1gvPjexLDVPzxdEGvvmZ+X75ZekLlOVfvTjc8FPJgaGiiIGKaiG5Py84vycVD1nCA1SyAABjCCFBQCV27OjYAAAAA==[0m--- maven-surefire-plugin:2.10:test (default-test) @ search ---
[INFO] Surefire report directory: /var/lib/jenkins/jobs/TSearchUnittest/workspace/service/target/surefire-reports

-------------------------------------------------------
 T E S T S
-------------------------------------------------------
Running com.rackspace.search.endpoint.AdminResourceTest
Tests run: 3, Failures: 0, Errors: 0, Skipped: 0, Time elapsed: 2.321 sec
Running com.rackspace.search.service.core.CoreTicketOnetimeSyncJobTest
Tests run: 1, Failures: 0, Errors: 0, Skipped: 0, Time elapsed: 0.253 sec
Running com.rackspace.search.service.core.CoreTicketOngoingSyncJobTest
Tests run: 1, Failures: 0, Errors: 0, Skipped: 0, Time elapsed: 0.204 sec
Running com.rackspace.search.service.core.CoreTicketProcessorTest
Tests run: 1, Failures: 0, Errors: 0, Skipped: 0, Time elapsed: 0.139 sec
Running com.rackspace.search.service.core.CoreTicketOnetimeSyncActorTest
Tests run: 3, Failures: 0, Errors: 0, Skipped: 0, Time elapsed: 0.465 sec
Running com.rackspace.search.service.core.CoreTicketOngoingSyncActorTest
Tests run: 3, Failures: 0, Errors: 0, Skipped: 0, Time elapsed: 0.106 sec
Running com.rackspace.search.service.JobServiceTest
23:14:37.888 [main] INFO  c.r.s.common.property.PropertyProvider - Loading properties file from file [/var/lib/jenkins/jobs/TSearchUnittest/workspace/service/target/properties/local/search.properties]
23:14:37.893 [main] INFO  c.r.s.common.property.PropertyProvider - Loading properties file from file [/var/lib/jenkins/jobs/TSearchUnittest/workspace/service/target/properties/local/search.secrets.properties]
23:14:37.893 [main] INFO  c.r.s.common.property.PropertyProvider - Loading properties file from file [/var/lib/jenkins/jobs/TSearchUnittest/workspace/service/target/properties/local/elasticsearch.properties]
23:14:38.093 [main] INFO  c.r.s.elasticsearch.ElasticSearchServer - Starting the Elastic Search server node:
23:14:38.233 [main] INFO  org.elasticsearch.node - [ticket.node] {0.20.6}[10778]: initializing ...
23:14:38.245 [main] INFO  org.elasticsearch.plugins - [ticket.node] loaded [action-updatebyquery], sites []
23:14:41.087 [main] INFO  org.elasticsearch.node - [ticket.node] {0.20.6}[10778]: initialized
23:14:41.088 [main] INFO  c.r.s.elasticsearch.ElasticSearchServer - Starting the Elastic Search server node with these settings:
23:14:41.134 [main] INFO  c.r.s.elasticsearch.ElasticSearchServer - Elasticsearch Settings :  [elastic.config.path:/var/lib/jenkins/jobs/TSearchUnittest/workspace/service/target/properties/local/elasticsearch, path.data:/var/lib/jenkins/jobs/TSearchUnittest/workspace/service/target/elasticsearch/data, cluster.name:ticket.cluster, http.connection.timeout.in.milliseconds:65000, index.analysis.analyzer.search_standard.type:standard, path.conf:/var/lib/jenkins/jobs/TSearchUnittest/workspace/service/target/properties/local/elasticsearch, ticket.ongoingsync.delay.seconds:2000, path.logs:/var/lib/jenkins/jobs/TSearchUnittest/workspace/service/target/elasticsearch/logs, http.enabled:true, ticket.document.idName:number, transport.tcp.compress:true, core.api.endpoint:https://ws.integration.core.rackspace.com/ctkapi, discovery.zen.ping.unicast.hosts:, account.api.username:hybrid_ui, ticket.index.name:ticket, admin.index.name:admin, indices.structure:/indices_structure.json, core.loopback.time.seconds:120, index.store.fs.memory.enabled:false, index.number_of_shards:5, admin.document.type:syncJob, discovery.zen.ping.multicast.ping.enabled:false, node.data:true, ticket.search.allowedRangeParams:createdAt,updatedAt,lastPublicResponseDate, ticket.core.date.timezone:CST, core.driver.class:org.postgresql.Driver, account.document.type:account, core.api.username:rcameron, core.db.url:jdbc:postgresql://dev.db.core.rackspace.com:5432/core_dev, account.document.versionParam:updatedAt, index.analysis.analyzer.search_standard.filter:[lowercase], ticket.core.dateformat:yyyy-MM-dd HH:mm:ss, node.master:true, name:ticket.node, index.number_of_replicas:0, account.api.events.path:/v1.0/accounts/events.atom, account.index.name:account, ticket.document.versionParam:updatedAt, ticket.document.type:ticket, admin.document.idName:name, core.db.username:usq_read, account.api.accounts.path:/v1.0/accounts, ticket.search.allowedTermParams:sourceSystem,number,createdAt,updatedAt,lastPublicResponseDate,status,queue,category,priority,assignee,hasWindowsServers,hasLinuxServers,severityName,account.team,account.id,account.rcn,account.status, account.api.endpoint:https://test.account.api.rackspace.com, ticket.elastic.dateformat:yyyy-MM-dd'T'HH:mm:ss.SSSZZ, action.auto_create_index:1, account.document.idName:id] 
23:14:41.137 [main] INFO  org.elasticsearch.node - [ticket.node] {0.20.6}[10778]: starting ...
23:14:41.294 [main] INFO  org.elasticsearch.transport - [ticket.node] bound_address {inet[/0:0:0:0:0:0:0:0:9300]}, publish_address {inet[/10.14.208.252:9300]}
23:14:44.337 [elasticsearch[ticket.node][clusterService#updateTask][T#1]] INFO  org.elasticsearch.cluster.service - [ticket.node] new_master [ticket.node][QHLnm6W6Qxa9F_BxOBTHZA][inet[/10.14.208.252:9300]]{master=true}, reason: zen-disco-join (elected_as_master)
23:14:44.387 [main] INFO  org.elasticsearch.discovery - [ticket.node] ticket.cluster/QHLnm6W6Qxa9F_BxOBTHZA
23:14:44.460 [main] INFO  org.elasticsearch.http - [ticket.node] bound_address {inet[/0:0:0:0:0:0:0:0:9200]}, publish_address {inet[/10.14.208.252:9200]}
23:14:44.462 [main] INFO  org.elasticsearch.node - [ticket.node] {0.20.6}[10778]: started
23:14:44.462 [main] INFO  c.r.s.elasticsearch.ElasticSearchServer - Elastic Search server is started.
23:14:44.586 [elasticsearch[ticket.node][clusterService#updateTask][T#1]] INFO  org.elasticsearch.gateway - [ticket.node] recovered [0] indices into cluster_state
23:14:44.595 [main] INFO  c.r.s.elasticsearch.ElasticSearchServer - ES cluster status is GREEN
23:14:45.949 [main] INFO  c.r.s.e.ElasticSearchClientFactoryBean - Starting ElasticSearch client
23:14:45.953 [main] INFO  c.r.s.e.ElasticSearchClientFactoryBean - About to read index setting file : /indices_structure.json
23:14:45.966 [main] INFO  c.r.s.e.ElasticSearchClientFactoryBean - Index does not exist. Creating the Index ticket 
23:14:45.995 [main] INFO  c.r.s.e.ElasticSearchClientFactoryBean - About to read index setting file : /var/lib/jenkins/jobs/TSearchUnittest/workspace/service/target/properties/local/elasticsearch/mappings/ticket/index.json
23:14:46.375 [elasticsearch[ticket.node][clusterService#updateTask][T#1]] INFO  org.elasticsearch.cluster.metadata - [ticket.node] [ticket] creating index, cause [api], shards [5]/[0], mappings [index, ticket]
23:14:46.861 [main] INFO  c.r.s.e.ElasticSearchClientFactoryBean - Successfully setup Index ticket 
23:14:46.863 [main] INFO  c.r.s.e.ElasticSearchClientFactoryBean - About to read index setting file : /var/lib/jenkins/jobs/TSearchUnittest/workspace/service/target/properties/local/elasticsearch/mappings/ticket/ticket.json
23:14:46.897 [main] INFO  c.r.s.e.ElasticSearchClientFactoryBean - Setting up Mapping for [ticket]/[ticket]: {"ticket":{"_source":{"enabled":true},"properties":{"queue":{"analyzer":"keyword_lowercase","type":"string"},"status":{"analyzer":"keyword_lowercase","type":"string"},"subCategory":{"analyzer":"keyword_lowercase","type":"string"},"subject":{"analyzer":"keyword_lowercase","type":"string"},"assignee":{"analyzer":"keyword_lowercase","type":"string"},"severityName":{"analyzer":"keyword_lowercase","type":"string"},"number":{"analyzer":"keyword_lowercase","type":"string"},"difficulty":{"analyzer":"keyword_lowercase","type":"string"},"hasWindowsServers":{"analyzer":"keyword_lowercase","type":"string"},"updatedAt":{"format":"date_time","type":"date"},"idle":{"format":"date_time","type":"date"},"lastPublicResponseDate":{"format":"date_time","type":"date"},"category":{"analyzer":"keyword_lowercase","type":"string"},"sourceSystem":{"analyzer":"keyword_lowercase","type":"string"},"createdAt":{"format":"date_time","type":"date"},"priority":{"analyzer":"keyword_lowercase","type":"string"},"hasLinuxServers":{"analyzer":"keyword_lowercase","type":"string"},"account":{"dynamic":"true","properties":{"id":{"analyzer":"keyword_lowercase","type":"string"},"rcn":{"analyzer":"keyword_lowercase","type":"string"},"status":{"analyzer":"keyword_lowercase","type":"string"},"name":{"analyzer":"keyword_lowercase","type":"string"},"number":{"type":"long"},"team":{"analyzer":"keyword_lowercase","type":"string"},"type":{"analyzer":"keyword_lowercase","type":"string"}},"type":"object"}}}}
23:14:46.944 [main] INFO  c.r.s.e.ElasticSearchClientFactoryBean - Index does not exist. Creating the Index admin 
23:14:46.949 [main] INFO  c.r.s.e.ElasticSearchClientFactoryBean - About to read index setting file : /var/lib/jenkins/jobs/TSearchUnittest/workspace/service/target/properties/local/elasticsearch/mappings/admin/index.json
23:14:47.088 [elasticsearch[ticket.node][clusterService#updateTask][T#1]] INFO  org.elasticsearch.cluster.metadata - [ticket.node] [admin] creating index, cause [api], shards [5]/[0], mappings [index, syncJob]
23:14:47.284 [main] INFO  c.r.s.e.ElasticSearchClientFactoryBean - Successfully setup Index admin 
23:14:47.285 [main] INFO  c.r.s.e.ElasticSearchClientFactoryBean - About to read index setting file : /var/lib/jenkins/jobs/TSearchUnittest/workspace/service/target/properties/local/elasticsearch/mappings/admin/syncJob.json
23:14:47.290 [main] INFO  c.r.s.e.ElasticSearchClientFactoryBean - Setting up Mapping for [admin]/[syncJob]: {"syncJob":{"_source":{"enabled":true},"properties":{"is_enabled":{"type":"string"},"last_event_at":{"format":"date_time","type":"date"},"last_updated_at":{"format":"date_time","type":"date"},"status":{"type":"string"},"processing_node":{"type":"string"},"description":{"type":"string"},"status_message":{"type":"string"},"name":{"type":"string"},"started_at":{"format":"date_time","type":"date"},"sync_status":{"type":"string"},"type":{"type":"string"}}}}
23:14:47.327 [main] INFO  c.r.s.e.ElasticSearchClientFactoryBean - Index does not exist. Creating the Index account 
23:14:47.328 [main] INFO  c.r.s.e.ElasticSearchClientFactoryBean - About to read index setting file : /var/lib/jenkins/jobs/TSearchUnittest/workspace/service/target/properties/local/elasticsearch/mappings/account/index.json
23:14:47.562 [elasticsearch[ticket.node][clusterService#updateTask][T#1]] INFO  org.elasticsearch.cluster.metadata - [ticket.node] [account] creating index, cause [api], shards [5]/[0], mappings [index, account]
23:14:47.829 [main] INFO  c.r.s.e.ElasticSearchClientFactoryBean - Successfully setup Index account 
23:14:47.830 [main] INFO  c.r.s.e.ElasticSearchClientFactoryBean - About to read index setting file : /var/lib/jenkins/jobs/TSearchUnittest/workspace/service/target/properties/local/elasticsearch/mappings/account/account.json
23:14:47.845 [main] INFO  c.r.s.e.ElasticSearchClientFactoryBean - Setting up Mapping for [account]/[account]: {"account":{"_source":{"enabled":true},"properties":{"updatedAt":{"format":"date_time","type":"date"},"id":{"analyzer":"keyword_lowercase","type":"string"},"rcn":{"analyzer":"keyword_lowercase","type":"string"},"status":{"analyzer":"keyword_lowercase","type":"string"},"name":{"analyzer":"keyword_lowercase","type":"string"},"number":{"type":"long"},"team":{"analyzer":"keyword_lowercase","type":"string"},"type":{"analyzer":"keyword_lowercase","type":"string"}}}}
23:14:54.243 [main] INFO  c.r.s.e.client.ElasticSearchClient - Started Query Request Builder with query params [:]
Tests run: 3, Failures: 0, Errors: 0, Skipped: 0, Time elapsed: 19.479 sec
Running com.rackspace.search.service.TicketSearchServiceTest
23:14:55.199 [main] INFO  c.r.search.logging.ElasticSearchLogger - Posting ticket 1-1 to ElasticSearch
23:14:55.202 [main] INFO  c.r.s.e.client.ElasticSearchClient -  Executing Bulk post to Elastic Search
23:14:55.359 [elasticsearch[ticket.node][clusterService#updateTask][T#1]] INFO  org.elasticsearch.cluster.metadata - [ticket.node] [ticket] update_mapping [ticket] (dynamic)
Tests run: 2, Failures: 0, Errors: 0, Skipped: 0, Time elapsed: 7.188 sec
Running com.rackspace.search.service.account.AccountOngoingSyncActorTest
Tests run: 3, Failures: 0, Errors: 0, Skipped: 0, Time elapsed: 0.18 sec
Running com.rackspace.search.service.account.AccountOngoingSyncJobTest
Tests run: 2, Failures: 0, Errors: 0, Skipped: 0, Time elapsed: 0.042 sec
Running com.rackspace.search.service.account.AccountOnetimeSyncJobTest
Tests run: 1, Failures: 0, Errors: 0, Skipped: 0, Time elapsed: 0.075 sec
Running com.rackspace.search.service.account.AccountOnetimeSyncActorTest
Tests run: 3, Failures: 0, Errors: 0, Skipped: 0, Time elapsed: 0.282 sec
Running com.rackspace.search.gateway.core.CoreAuthGatewayTest
Tests run: 2, Failures: 0, Errors: 0, Skipped: 0, Time elapsed: 0.001 sec
Running com.rackspace.search.gateway.core.CoreTicketGatewayTest
Tests run: 5, Failures: 0, Errors: 0, Skipped: 0, Time elapsed: 0.021 sec
Running com.rackspace.search.gateway.account.AccountGatewayTest
Tests run: 2, Failures: 0, Errors: 0, Skipped: 0, Time elapsed: 0.139 sec
Running com.rackspace.search.elasticsearch.client.ElasticSearchClientFactoryBeanTest
23:15:03.192 [main] INFO  c.r.s.e.ElasticSearchClientFactoryBean - About to read index setting file : /indices_structure.json
23:15:03.210 [main] INFO  c.r.s.e.ElasticSearchClientFactoryBean - About to read index setting file : /indices_structure.json
23:15:03.221 [main] INFO  c.r.s.e.ElasticSearchClientFactoryBean - About to read index setting file : /var/lib/jenkins/jobs/TSearchUnittest/workspace/service/target/properties/local/elasticsearch/mappings/ticket/index.json
23:15:03.224 [main] INFO  c.r.s.e.ElasticSearchClientFactoryBean - About to read index setting file : /var/lib/jenkins/jobs/TSearchUnittest/workspace/service/target/properties/local/elasticsearch/mappings/admin/index.json
23:15:03.225 [main] INFO  c.r.s.e.ElasticSearchClientFactoryBean - About to read index setting file : /var/lib/jenkins/jobs/TSearchUnittest/workspace/service/target/properties/local/elasticsearch/mappings/account/index.json
Tests run: 2, Failures: 0, Errors: 0, Skipped: 0, Time elapsed: 0.106 sec
Running com.rackspace.search.elasticsearch.client.ElasticSearchClientTest
23:15:03.273 [main] INFO  c.r.search.logging.ElasticSearchLogger - Posting ticketdoc 1-1 to ElasticSearch
23:15:03.274 [main] INFO  c.r.search.logging.ElasticSearchLogger - Posting ticketdoc 2-1 to ElasticSearch
23:15:03.274 [main] INFO  c.r.search.logging.ElasticSearchLogger - Posting ticketdoc 3-1 to ElasticSearch
23:15:03.274 [main] INFO  c.r.s.e.client.ElasticSearchClient -  Executing Bulk post to Elastic Search
23:15:03.329 [elasticsearch[ticket.node][clusterService#updateTask][T#1]] INFO  org.elasticsearch.cluster.metadata - [ticket.node] [ticketsearch] creating index, cause [auto(bulk api)], shards [5]/[0], mappings []
23:15:03.749 [elasticsearch[ticket.node][clusterService#updateTask][T#1]] INFO  org.elasticsearch.cluster.metadata - [ticket.node] [ticketsearch] update_mapping [ticketdoc] (dynamic)
23:15:06.876 [elasticsearch[ticket.node][clusterService#updateTask][T#1]] INFO  org.elasticsearch.cluster.metadata - [ticket.node] [ticketsearch] deleting index
23:15:06.955 [main] INFO  c.r.search.logging.ElasticSearchLogger - Posting ticketdoc 1-1 to ElasticSearch
23:15:06.956 [main] INFO  c.r.search.logging.ElasticSearchLogger - Posting ticketdoc 2-1 to ElasticSearch
23:15:06.957 [main] INFO  c.r.search.logging.ElasticSearchLogger - Posting ticketdoc 3-1 to ElasticSearch
23:15:06.957 [main] INFO  c.r.s.e.client.ElasticSearchClient -  Executing Bulk post to Elastic Search
23:15:07.006 [elasticsearch[ticket.node][clusterService#updateTask][T#1]] INFO  org.elasticsearch.cluster.metadata - [ticket.node] [ticketsearch] creating index, cause [auto(bulk api)], shards [5]/[0], mappings []
23:15:07.294 [elasticsearch[ticket.node][clusterService#updateTask][T#1]] INFO  org.elasticsearch.cluster.metadata - [ticket.node] [ticketsearch] update_mapping [ticketdoc] (dynamic)
23:15:10.280 [main] INFO  c.r.s.e.client.ElasticSearchClient - Started Query Request Builder with query params [:]
23:15:10.302 [elasticsearch[ticket.node][clusterService#updateTask][T#1]] INFO  org.elasticsearch.cluster.metadata - [ticket.node] [ticketsearch] deleting index
23:15:10.355 [main] INFO  c.r.search.logging.ElasticSearchLogger - Posting ticketdoc 1-1 to ElasticSearch
23:15:10.355 [main] INFO  c.r.search.logging.ElasticSearchLogger - Posting ticketdoc 2-1 to ElasticSearch
23:15:10.356 [main] INFO  c.r.search.logging.ElasticSearchLogger - Posting ticketdoc 3-1 to ElasticSearch
23:15:10.356 [main] INFO  c.r.s.e.client.ElasticSearchClient -  Executing Bulk post to Elastic Search
23:15:10.393 [elasticsearch[ticket.node][clusterService#updateTask][T#1]] INFO  org.elasticsearch.cluster.metadata - [ticket.node] [ticketsearch] creating index, cause [auto(bulk api)], shards [5]/[0], mappings []
23:15:11.112 [elasticsearch[ticket.node][clusterService#updateTask][T#1]] INFO  org.elasticsearch.cluster.metadata - [ticket.node] [ticketsearch] update_mapping [ticketdoc] (dynamic)
23:15:14.169 [main] INFO  c.r.s.e.client.ElasticSearchClient - Started Query Request Builder with query params [user:[testing1]]
23:15:14.201 [main] INFO  c.r.s.e.client.ElasticSearchClient - Started Query Request Builder with query params [user:[testing1,testing3]]
23:15:14.224 [main] INFO  c.r.s.e.client.ElasticSearchClient - Started Query Request Builder with query params [user!:[testing1,testing3]]
23:15:14.251 [elasticsearch[ticket.node][clusterService#updateTask][T#1]] INFO  org.elasticsearch.cluster.metadata - [ticket.node] [ticketsearch] deleting index
23:15:14.470 [main] INFO  c.r.search.logging.ElasticSearchLogger - Posting ticketdoc 1-1 to ElasticSearch
23:15:14.471 [main] INFO  c.r.search.logging.ElasticSearchLogger - Posting ticketdoc 2-1 to ElasticSearch
23:15:14.471 [main] INFO  c.r.search.logging.ElasticSearchLogger - Posting ticketdoc 3-1 to ElasticSearch
23:15:14.472 [main] INFO  c.r.s.e.client.ElasticSearchClient -  Executing Bulk post to Elastic Search
23:15:14.514 [elasticsearch[ticket.node][clusterService#updateTask][T#1]] INFO  org.elasticsearch.cluster.metadata - [ticket.node] [ticketsearch] creating index, cause [auto(bulk api)], shards [5]/[0], mappings []
23:15:14.764 [elasticsearch[ticket.node][clusterService#updateTask][T#1]] INFO  org.elasticsearch.cluster.metadata - [ticket.node] [ticketsearch] update_mapping [ticketdoc] (dynamic)
23:15:17.785 [main] INFO  c.r.s.e.client.ElasticSearchClient - Started Query Request Builder with query params [createdAt_range:[[2013-03-05T20:00:00.000Z,2013-03-06T20:00:00.000Z]]]
23:15:17.820 [main] INFO  c.r.s.e.client.ElasticSearchClient - Started Query Request Builder with query params [createdAt_range!:[[2013-03-05T20:00:00.000Z,2013-03-06T20:00:00.000Z]]]
23:15:17.834 [elasticsearch[ticket.node][clusterService#updateTask][T#1]] INFO  org.elasticsearch.cluster.metadata - [ticket.node] [ticketsearch] deleting index
23:15:17.899 [main] INFO  c.r.search.logging.ElasticSearchLogger - Posting ticketdoc 1-1 to ElasticSearch
23:15:17.900 [main] INFO  c.r.search.logging.ElasticSearchLogger - Posting ticketdoc 2-1 to ElasticSearch
23:15:17.902 [main] INFO  c.r.search.logging.ElasticSearchLogger - Posting ticketdoc 3-1 to ElasticSearch
23:15:17.902 [main] INFO  c.r.s.e.client.ElasticSearchClient -  Executing Bulk post to Elastic Search
23:15:17.938 [elasticsearch[ticket.node][clusterService#updateTask][T#1]] INFO  org.elasticsearch.cluster.metadata - [ticket.node] [ticketsearch] creating index, cause [auto(bulk api)], shards [5]/[0], mappings []
23:15:18.217 [elasticsearch[ticket.node][clusterService#updateTask][T#1]] INFO  org.elasticsearch.cluster.metadata - [ticket.node] [ticketsearch] update_mapping [ticketdoc] (dynamic)
23:15:21.125 [main] INFO  c.r.s.e.client.ElasticSearchClient - Started Query Request Builder with query params [sort:[number|desc]]
23:15:21.189 [main] INFO  c.r.s.e.client.ElasticSearchClient - Started Query Request Builder with query params [sort:[number|desc,priority]]
23:15:21.204 [main] INFO  c.r.s.e.client.ElasticSearchClient - Started Query Request Builder with query params [sort:[assignee|asc]]
23:15:21.215 [elasticsearch[ticket.node][clusterService#updateTask][T#1]] INFO  org.elasticsearch.cluster.metadata - [ticket.node] [ticketsearch] deleting index
23:15:21.271 [main] INFO  c.r.search.logging.ElasticSearchLogger - Posting ticketdoc 1-1 to ElasticSearch
23:15:21.272 [main] INFO  c.r.search.logging.ElasticSearchLogger - Posting ticketdoc 2-1 to ElasticSearch
23:15:21.272 [main] INFO  c.r.search.logging.ElasticSearchLogger - Posting ticketdoc 3-1 to ElasticSearch
23:15:21.273 [main] INFO  c.r.s.e.client.ElasticSearchClient -  Executing Bulk post to Elastic Search
23:15:21.304 [elasticsearch[ticket.node][clusterService#updateTask][T#1]] INFO  org.elasticsearch.cluster.metadata - [ticket.node] [ticketsearch] creating index, cause [auto(bulk api)], shards [5]/[0], mappings []
23:15:21.487 [elasticsearch[ticket.node][clusterService#updateTask][T#1]] INFO  org.elasticsearch.cluster.metadata - [ticket.node] [ticketsearch] update_mapping [ticketdoc] (dynamic)
23:15:24.505 [main] INFO  c.r.s.e.client.ElasticSearchClient - Started Query Request Builder with query params [sort:[priority]]
23:15:24.523 [elasticsearch[ticket.node][clusterService#updateTask][T#1]] INFO  org.elasticsearch.cluster.metadata - [ticket.node] [ticketsearch] deleting index
23:15:24.559 [main] INFO  c.r.search.logging.ElasticSearchLogger - Posting ticketdoc 1-1 to ElasticSearch
23:15:24.559 [main] INFO  c.r.search.logging.ElasticSearchLogger - Posting ticketdoc 2-1 to ElasticSearch
23:15:24.560 [main] INFO  c.r.search.logging.ElasticSearchLogger - Posting ticketdoc 3-1 to ElasticSearch
23:15:24.560 [main] INFO  c.r.s.e.client.ElasticSearchClient -  Executing Bulk post to Elastic Search
23:15:24.596 [elasticsearch[ticket.node][clusterService#updateTask][T#1]] INFO  org.elasticsearch.cluster.metadata - [ticket.node] [ticketsearch] creating index, cause [auto(bulk api)], shards [5]/[0], mappings []
23:15:24.882 [elasticsearch[ticket.node][clusterService#updateTask][T#1]] INFO  org.elasticsearch.cluster.metadata - [ticket.node] [ticketsearch] update_mapping [ticketdoc] (dynamic)
23:15:27.905 [elasticsearch[ticket.node][clusterService#updateTask][T#1]] INFO  org.elasticsearch.cluster.metadata - [ticket.node] [ticketsearch] deleting index
23:15:27.991 [main] INFO  c.r.search.logging.ElasticSearchLogger - Posting ticketdoc 1-1 to ElasticSearch
23:15:27.992 [main] INFO  c.r.search.logging.ElasticSearchLogger - Posting ticketdoc 2-1 to ElasticSearch
23:15:27.992 [main] INFO  c.r.search.logging.ElasticSearchLogger - Posting ticketdoc 3-1 to ElasticSearch
23:15:27.993 [main] INFO  c.r.s.e.client.ElasticSearchClient -  Executing Bulk post to Elastic Search
23:15:28.022 [elasticsearch[ticket.node][clusterService#updateTask][T#1]] INFO  org.elasticsearch.cluster.metadata - [ticket.node] [ticketsearch] creating index, cause [auto(bulk api)], shards [5]/[0], mappings []
23:15:28.228 [elasticsearch[ticket.node][clusterService#updateTask][T#1]] INFO  org.elasticsearch.cluster.metadata - [ticket.node] [ticketsearch] update_mapping [ticketdoc] (dynamic)
23:15:31.254 [main] INFO  c.r.s.e.client.ElasticSearchClient - Started Query Request Builder with query params [:]
23:15:31.268 [elasticsearch[ticket.node][clusterService#updateTask][T#1]] INFO  org.elasticsearch.cluster.metadata - [ticket.node] [ticketsearch] deleting index
23:15:31.308 [main] INFO  c.r.search.logging.ElasticSearchLogger - Posting ticketdoc 1-1 to ElasticSearch
23:15:31.309 [main] INFO  c.r.search.logging.ElasticSearchLogger - Posting ticketdoc 2-1 to ElasticSearch
23:15:31.310 [main] INFO  c.r.search.logging.ElasticSearchLogger - Posting ticketdoc 3-1 to ElasticSearch
23:15:31.310 [main] INFO  c.r.s.e.client.ElasticSearchClient -  Executing Bulk post to Elastic Search
23:15:31.339 [elasticsearch[ticket.node][clusterService#updateTask][T#1]] INFO  org.elasticsearch.cluster.metadata - [ticket.node] [ticketsearch] creating index, cause [auto(bulk api)], shards [5]/[0], mappings []
23:15:31.581 [elasticsearch[ticket.node][clusterService#updateTask][T#1]] INFO  org.elasticsearch.cluster.metadata - [ticket.node] [ticketsearch] update_mapping [ticketdoc] (dynamic)
23:15:34.558 [main] INFO  c.r.s.e.client.ElasticSearchClient - Started Query Request Builder with query params [limit:[20]]
23:15:34.570 [elasticsearch[ticket.node][clusterService#updateTask][T#1]] INFO  org.elasticsearch.cluster.metadata - [ticket.node] [ticketsearch] deleting index
Tests run: 9, Failures: 0, Errors: 0, Skipped: 0, Time elapsed: 31.333 sec
Running com.rackspace.search.elasticsearch.SyncJobTest
Tests run: 2, Failures: 0, Errors: 0, Skipped: 0, Time elapsed: 0.021 sec
23:15:34.637 [Thread-5] INFO  c.r.s.e.ElasticSearchClientFactoryBean - Closing ElasticSearch client
23:15:34.644 [Thread-5] INFO  com.rackspace.search.service.JobService - AccountOngoingSyncJob Updating the job as stopped
23:15:34.654 [Thread-5] INFO  org.elasticsearch.node - [ticket.node] {0.20.6}[10778]: stopping ...
23:15:34.727 [Thread-5] INFO  org.elasticsearch.node - [ticket.node] {0.20.6}[10778]: stopped
23:15:34.727 [Thread-5] INFO  org.elasticsearch.node - [ticket.node] {0.20.6}[10778]: closing ...
23:15:34.743 [Thread-5] INFO  org.elasticsearch.node - [ticket.node] {0.20.6}[10778]: closed

Results :

Tests run: 48, Failures: 0, Errors: 0, Skipped: 0

[JENKINS] Recording test results
[INFO] ------------------------------------------------------------------------
[INFO] Reactor Summary:
[INFO] 
[INFO] Search POM ........................................ SUCCESS [2.745s]
[INFO] search ............................................ SUCCESS [1:29.375s]
[INFO] cucumber .......................................... SUCCESS [4.476s]
[INFO] ------------------------------------------------------------------------
[INFO] BUILD SUCCESS
[INFO] ------------------------------------------------------------------------
[INFO] Total time: 1:37.430s
[INFO] Finished at: Thu May 30 23:15:40 UTC 2013
[INFO] Final Memory: 58M/981M
[INFO] ------------------------------------------------------------------------
[JENKINS] Archiving /var/lib/jenkins/jobs/TSearchUnittest/workspace/cucumber/pom.xml to /var/lib/jenkins/jobs/TSearchUnittest/modules/com.rackspace.api$cucumber/builds/2013-05-30_23-13-58/archive/com.rackspace.api/cucumber/0.1.0_b80-SNAPSHOT/cucumber-0.1.0_b80-SNAPSHOT.pom
[JENKINS] Archiving /var/lib/jenkins/jobs/TSearchUnittest/workspace/pom.xml to /var/lib/jenkins/jobs/TSearchUnittest/modules/com.rackspace.api$search-pom/builds/2013-05-30_23-13-58/archive/com.rackspace.api/search-pom/0.1.0_b80-SNAPSHOT/search-pom-0.1.0_b80-SNAPSHOT.pom
[JENKINS] Archiving /var/lib/jenkins/jobs/TSearchUnittest/workspace/service/pom.xml to /var/lib/jenkins/jobs/TSearchUnittest/modules/com.rackspace.api$search/builds/2013-05-30_23-13-58/archive/com.rackspace.api/search/0.1.0_b80-SNAPSHOT/search-0.1.0_b80-SNAPSHOT.pom
Waiting for Jenkins to finish collecting data
