[INFO]                                                                         
[INFO] ------------------------------------------------------------------------
[INFO] Building search 0.1.0_b53-SNAPSHOT
[INFO] ------------------------------------------------------------------------
Downloading: http://d-build1.iad2.corp.rackspace.com:8100/nexus/content/groups/public/org/codehaus/groovy/maven/gmaven-plugin/maven-metadata.xml
Downloaded: http://d-build1.iad2.corp.rackspace.com:8100/nexus/content/groups/public/org/codehaus/groovy/maven/gmaven-plugin/maven-metadata.xml (583 B at 1.6 KB/sec)
[INFO] 
[INFO] [8mha:AAAAYB+LCAAAAAAAAABb85aBtbiIQSmjNKU4P0+vJLE4u1gvPjexLDVPzxdEGvvmZ+X75ZekLlOVfvTjc8FPJgaGiiIGKaiG5Py84vycVD1nCA1SyAABjCCFBQCV27OjYAAAAA==[0m--- maven-clean-plugin:2.4.1:clean (default-clean) @ search ---
[INFO] 
[INFO] [8mha:AAAAYB+LCAAAAAAAAABb85aBtbiIQSmjNKU4P0+vJLE4u1gvPjexLDVPzxdEGvvmZ+X75ZekLlOVfvTjc8FPJgaGiiIGKaiG5Py84vycVD1nCA1SyAABjCCFBQCV27OjYAAAAA==[0m--- gmaven-plugin:1.0:execute (default) @ search ---
[INFO] 
[INFO] [8mha:AAAAYB+LCAAAAAAAAABb85aBtbiIQSmjNKU4P0+vJLE4u1gvPjexLDVPzxdEGvvmZ+X75ZekLlOVfvTjc8FPJgaGiiIGKaiG5Py84vycVD1nCA1SyAABjCCFBQCV27OjYAAAAA==[0m--- gmaven-plugin:1.4:generateStubs (buildGroovies) @ search ---
[INFO] Generated 24 Java stubs
[INFO] 
[INFO] [8mha:AAAAYB+LCAAAAAAAAABb85aBtbiIQSmjNKU4P0+vJLE4u1gvPjexLDVPzxdEGvvmZ+X75ZekLlOVfvTjc8FPJgaGiiIGKaiG5Py84vycVD1nCA1SyAABjCCFBQCV27OjYAAAAA==[0m--- maven-resources-plugin:2.6:copy-resources (copy-webapp) @ search ---
[INFO] Using 'UTF-8' encoding to copy filtered resources.
[INFO] Copying 3 resources
[INFO] [INFO] Using 'UTF-8' encoding to copy filtered resources.
[INFO] Copying 7 resources

[INFO] [8mha:AAAAYB+LCAAAAAAAAABb85aBtbiIQSmjNKU4P0+vJLE4u1gvPjexLDVPzxdEGvvmZ+X75ZekLlOVfvTjc8FPJgaGiiIGKaiG5Py84vycVD1nCA1SyAABjCCFBQCV27OjYAAAAA==[0m--- maven-resources-plugin:2.6:resources (default-resources) @ search ---
[INFO] Copying 1 resource to ../
[INFO] 
[INFO] [8mha:AAAAYB+LCAAAAAAAAABb85aBtbiIQSmjNKU4P0+vJLE4u1gvPjexLDVPzxdEGvvmZ+X75ZekLlOVfvTjc8FPJgaGiiIGKaiG5Py84vycVD1nCA1SyAABjCCFBQCV27OjYAAAAA==[0m--- maven-compiler-plugin:2.3.2:compile (default-compile) @ search ---
[INFO] Compiling 37 source files to /var/lib/jenkins/jobs/TSearchUnittest/workspace/service/target/classes
[INFO] 
[INFO] [8mha:AAAAYB+LCAAAAAAAAABb85aBtbiIQSmjNKU4P0+vJLE4u1gvPjexLDVPzxdEGvvmZ+X75ZekLlOVfvTjc8FPJgaGiiIGKaiG5Py84vycVD1nCA1SyAABjCCFBQCV27OjYAAAAA==[0m--- gmaven-plugin:1.4:compile (buildGroovies) @ search ---
[INFO] Compiled 42 Groovy classes
[INFO] 
[INFO] [8mha:AAAAYB+LCAAAAAAAAABb85aBtbiIQSmjNKU4P0+vJLE4u1gvPjexLDVPzxdEGvvmZ+X75ZekLlOVfvTjc8FPJgaGiiIGKaiG5Py84vycVD1nCA1SyAABjCCFBQCV27OjYAAAAA==[0m--- gmaven-plugin:1.4:execute (filterResources) @ search ---
[INFO] 
[INFO] [8mha:AAAAYB+LCAAAAAAAAABb85aBtbiIQSmjNKU4P0+vJLE4u1gvPjexLDVPzxdEGvvmZ+X75ZekLlOVfvTjc8FPJgaGiiIGKaiG5Py84vycVD1nCA1SyAABjCCFBQCV27OjYAAAAA==[0m--- gmaven-plugin:1.4:generateTestStubs (buildGroovies) @ search ---
[INFO] [INFO] Generated 13 Java stubs
[INFO] Using 'UTF-8' encoding to copy filtered resources.
[INFO] Copying 5 resources

[INFO] [8mha:AAAAYB+LCAAAAAAAAABb85aBtbiIQSmjNKU4P0+vJLE4u1gvPjexLDVPzxdEGvvmZ+X75ZekLlOVfvTjc8FPJgaGiiIGKaiG5Py84vycVD1nCA1SyAABjCCFBQCV27OjYAAAAA==[0m--- maven-resources-plugin:2.6:testResources (default-testResources) @ search ---
[INFO] 
[INFO] [8mha:AAAAYB+LCAAAAAAAAABb85aBtbiIQSmjNKU4P0+vJLE4u1gvPjexLDVPzxdEGvvmZ+X75ZekLlOVfvTjc8FPJgaGiiIGKaiG5Py84vycVD1nCA1SyAABjCCFBQCV27OjYAAAAA==[0m--- maven-compiler-plugin:2.3.2:testCompile (default-testCompile) @ search ---
[INFO] Compiling 13 source files to /var/lib/jenkins/jobs/TSearchUnittest/workspace/service/target/test-classes
[INFO] 
[INFO] [8mha:AAAAYB+LCAAAAAAAAABb85aBtbiIQSmjNKU4P0+vJLE4u1gvPjexLDVPzxdEGvvmZ+X75ZekLlOVfvTjc8FPJgaGiiIGKaiG5Py84vycVD1nCA1SyAABjCCFBQCV27OjYAAAAA==[0m--- gmaven-plugin:1.4:testCompile (buildGroovies) @ search ---
[INFO] Compiled 30 Groovy classes
[INFO] 
[INFO] [8mha:AAAAYB+LCAAAAAAAAABb85aBtbiIQSmjNKU4P0+vJLE4u1gvPjexLDVPzxdEGvvmZ+X75ZekLlOVfvTjc8FPJgaGiiIGKaiG5Py84vycVD1nCA1SyAABjCCFBQCV27OjYAAAAA==[0m--- maven-surefire-plugin:2.10:test (default-test) @ search ---
[INFO] Surefire report directory: /var/lib/jenkins/jobs/TSearchUnittest/workspace/service/target/surefire-reports

-------------------------------------------------------
 T E S T S
-------------------------------------------------------
Running com.rackspace.search.service.core.CoreTicketOngoingSyncJobTest
Tests run: 3, Failures: 0, Errors: 0, Skipped: 0, Time elapsed: 1.86 sec
Running com.rackspace.search.service.core.CoreTicketOneTimeSyncJobTest
Tests run: 3, Failures: 0, Errors: 0, Skipped: 0, Time elapsed: 0.326 sec
Running com.rackspace.search.service.core.CoreTicketProcessorTest
Tests run: 1, Failures: 0, Errors: 0, Skipped: 0, Time elapsed: 0.029 sec
Running com.rackspace.search.service.core.CoreTicketOnGoingSyncActorTest
Tests run: 3, Failures: 0, Errors: 0, Skipped: 0, Time elapsed: 1.838 sec
Running com.rackspace.search.service.core.CoreTicketOnetimeSyncActorTest
Tests run: 3, Failures: 0, Errors: 0, Skipped: 0, Time elapsed: 0 sec
Running com.rackspace.search.service.JobServiceTest
03:01:12.416 [main] INFO  c.r.s.common.property.PropertyProvider - Loading properties file from file [/var/lib/jenkins/jobs/TSearchUnittest/workspace/service/target/properties/local/search.properties]
03:01:12.420 [main] INFO  c.r.s.common.property.PropertyProvider - Loading properties file from file [/var/lib/jenkins/jobs/TSearchUnittest/workspace/service/target/properties/local/search.secrets.properties]
03:01:12.420 [main] INFO  c.r.s.common.property.PropertyProvider - Loading properties file from file [/var/lib/jenkins/jobs/TSearchUnittest/workspace/service/target/properties/local/elasticsearch.properties]
03:01:12.592 [main] INFO  c.r.s.elasticsearch.ElasticSearchServer - Starting the Elastic Search server node:
03:01:12.706 [main] INFO  org.elasticsearch.node - [ticket.node] {elasticsearch/0.16.2}[27999]: initializing ...
03:01:12.717 [main] INFO  org.elasticsearch.plugins - [ticket.node] loaded []
03:01:15.882 [main] INFO  org.elasticsearch.node - [ticket.node] {elasticsearch/0.16.2}[27999]: initialized
03:01:15.883 [main] INFO  c.r.s.elasticsearch.ElasticSearchServer - Starting the Elastic Search server node with these settings:
03:01:15.888 [main] INFO  c.r.s.elasticsearch.ElasticSearchServer - Elasticsearch Settings :  [core.db.url:jdbc:postgresql://dev.db.core.rackspace.com:5432/core_dev, node.local:true, index.analysis.analyzer.search_standard.filter:[lowercase], elastic.config.path:/var/lib/jenkins/jobs/TSearchUnittest/workspace/service/target/properties/local/elasticsearch, ticket.core.dateformat:yyyy-MM-dd HH:mm:ss, path.data:/var/lib/jenkins/jobs/TSearchUnittest/workspace/service/target/elasticsearch/data, cluster.name:ticket.cluster, index.analysis.analyzer.search_standard.type:standard, core.db.password:, path.conf:/var/lib/jenkins/jobs/TSearchUnittest/workspace/service/target/properties/local/elasticsearch, core.api.password:qwerty, ticket.ongoingsync.delay.seconds:2000, name:ticket.node, http.enabled:true, path.logs:/var/lib/jenkins/jobs/TSearchUnittest/workspace/service/target/elasticsearch/logs, index.number_of_replicas:0, ticket.document.idName:number, ticket.document.versionParam:updated_at, core.api.endpoint:https://ws.staging.core.rackspace.com/ctkapi, ticket.document.type:ticket, ticket.index.name:ticket, admin.index.name:admin, indices.structure:/indices_structure.json, core.loopback.time.seconds:120, index.number_of_shards:5, index.store.fs.memory.enabled:false, admin.document.idName:name, admin.document.type:syncJob, core.db.username:search_api, ticket.core.date.timezone:CST, ticket.search.allowedRangeParams:created_at,updated_at,last_public_response_date, ticket.search.allowedTermParams:source_system,number,created_at,updated_at,last_public_response_date,status,queue,category,priority,assignee.name,account.number, core.driver.class:org.postgresql.Driver, core.api.username:rcameron, ticket.elastic.dateformat:yyyy-MM-dd'T'HH:mm:ss.SSSZZ, action.auto_create_index:1, discovery.zen.ping.multicast.enabled:false, path.home:/var/lib/jenkins/jobs/TSearchUnittest/workspace/service, path.work:/var/lib/jenkins/jobs/TSearchUnittest/workspace/service/work, path.work_with_cluster:/var/lib/jenkins/jobs/TSearchUnittest/workspace/service/work/ticket.cluster, path.data_with_cluster:/var/lib/jenkins/jobs/TSearchUnittest/workspace/service/target/elasticsearch/data/ticket.cluster]
03:01:15.890 [main] INFO  org.elasticsearch.node - [ticket.node] {elasticsearch/0.16.2}[27999]: starting ...
03:01:15.904 [main] INFO  org.elasticsearch.transport - [ticket.node] bound_address {local[1]}, publish_address {local[1]}
03:01:15.910 [elasticsearch[ticket.node]clusterService#updateTask-pool-11-thread-1] INFO  org.elasticsearch.cluster.service - [ticket.node] new_master [ticket.node][1][local[1]]{local=true}, reason: local-disco-initial_connect(master)
03:01:15.915 [main] INFO  org.elasticsearch.discovery - [ticket.node] ticket.cluster/1
03:01:16.091 [main] INFO  org.elasticsearch.http - [ticket.node] bound_address {inet[/0:0:0:0:0:0:0:0:9200]}, publish_address {inet[/10.14.208.252:9200]}
03:01:16.092 [main] INFO  org.elasticsearch.node - [ticket.node] {elasticsearch/0.16.2}[27999]: started
03:01:16.092 [main] INFO  c.r.s.elasticsearch.ElasticSearchServer - Elastic Search server is started.
03:01:16.103 [elasticsearch[ticket.node]clusterService#updateTask-pool-11-thread-1] INFO  org.elasticsearch.gateway - [ticket.node] recovered [0] indices into cluster_state
03:01:16.224 [main] INFO  c.r.s.elasticsearch.ElasticSearchServer - ES cluster status is GREEN
03:01:16.851 [main] INFO  c.r.s.e.ElasticSearchClientFactoryBean - Starting ElasticSearch client
03:01:16.862 [main] INFO  c.r.s.e.ElasticSearchClientFactoryBean - About to read index setting file : /indices_structure.json
03:01:16.910 [main] INFO  c.r.s.e.ElasticSearchClientFactoryBean - Index does not exist. Creating the Index ticket 
03:01:16.944 [main] INFO  c.r.s.e.ElasticSearchClientFactoryBean - About to read index setting file : /var/lib/jenkins/jobs/TSearchUnittest/workspace/service/target/properties/local/elasticsearch/mappings/ticket/index.json
03:01:18.022 [elasticsearch[ticket.node]clusterService#updateTask-pool-11-thread-1] INFO  org.elasticsearch.cluster.metadata - [ticket.node] [ticket] creating index, cause [api], shards [5]/[0], mappings [index, ticket]
03:01:18.439 [main] INFO  c.r.s.e.ElasticSearchClientFactoryBean - Successfully setup Index ticket 
03:01:18.442 [main] INFO  c.r.s.e.ElasticSearchClientFactoryBean - About to read index setting file : /var/lib/jenkins/jobs/TSearchUnittest/workspace/service/target/properties/local/elasticsearch/mappings/ticket/ticket.json
03:01:18.452 [main] INFO  c.r.s.e.ElasticSearchClientFactoryBean - Setting up Mapping for [ticket]/[ticket]: {"ticket":{"_source":{"enabled":true},"properties":{"queue":{"analyzer":"keyword_lowercase","type":"string"},"last_public_response_date":{"format":"date_time","type":"date"},"idle":{"format":"date_time","type":"date"},"category":{"analyzer":"keyword_lowercase","type":"string"},"updated_at":{"format":"date_time","type":"date"},"status":{"analyzer":"keyword_lowercase","type":"string"},"priority":{"analyzer":"keyword_lowercase","type":"string"},"created_at":{"format":"date_time","type":"date"},"number":{"analyzer":"keyword_lowercase","type":"string"},"account.number":{"analyzer":"keyword_lowercase","type":"string"},"assignee.name":{"analyzer":"keyword_lowercase","type":"string"},"source_system":{"analyzer":"keyword_lowercase","type":"string"}}}}
03:01:18.517 [main] INFO  c.r.s.e.ElasticSearchClientFactoryBean - Index does not exist. Creating the Index admin 
03:01:18.519 [main] INFO  c.r.s.e.ElasticSearchClientFactoryBean - About to read index setting file : /var/lib/jenkins/jobs/TSearchUnittest/workspace/service/target/properties/local/elasticsearch/mappings/admin/index.json
03:01:18.861 [elasticsearch[ticket.node]clusterService#updateTask-pool-11-thread-1] INFO  org.elasticsearch.cluster.metadata - [ticket.node] [admin] creating index, cause [api], shards [5]/[0], mappings [index, syncJob]
03:01:19.143 [main] INFO  c.r.s.e.ElasticSearchClientFactoryBean - Successfully setup Index admin 
03:01:19.143 [main] INFO  c.r.s.e.ElasticSearchClientFactoryBean - About to read index setting file : /var/lib/jenkins/jobs/TSearchUnittest/workspace/service/target/properties/local/elasticsearch/mappings/admin/syncJob.json
03:01:19.149 [main] INFO  c.r.s.e.ElasticSearchClientFactoryBean - Setting up Mapping for [admin]/[syncJob]: {"syncJob":{"_source":{"enabled":true},"properties":{"is_enabled":{"type":"string"},"last_updated_at":{"format":"date_time","type":"date"},"status":{"type":"string"},"processing_node":{"type":"string"},"description":{"type":"string"},"status_message":{"type":"string"},"name":{"type":"string"},"started_at":{"format":"date_time","type":"date"},"last_ticket_modified_at":{"format":"date_time","type":"date"},"type":{"type":"string"}}}}
03:01:19.882 [Timer-2] INFO  c.r.s.s.core.CoreTicketOngoingSyncJob - 
03:01:25.501 [main] INFO  c.r.s.e.client.ElasticSearchClient - Started Query Request Builder with query params [:]
Tests run: 3, Failures: 0, Errors: 0, Skipped: 0, Time elapsed: 13.843 sec
Running com.rackspace.search.service.TicketSearchServiceTest
03:01:25.827 [main] INFO  c.r.s.e.client.ElasticSearchClient - Executing the tickets to post to Elastic Search
03:01:25.853 [elasticsearch[ticket.node]clusterService#updateTask-pool-11-thread-1] INFO  org.elasticsearch.cluster.metadata - [ticket.node] [ticket] update_mapping [ticket] (dynamic)
Tests run: 2, Failures: 0, Errors: 0, Skipped: 0, Time elapsed: 7.086 sec
Running com.rackspace.search.gateway.core.CoreAuthGatewayTest
Tests run: 2, Failures: 0, Errors: 0, Skipped: 0, Time elapsed: 0.85 sec
Running com.rackspace.search.gateway.core.CoreTicketGatewayTest
Tests run: 6, Failures: 0, Errors: 0, Skipped: 0, Time elapsed: 0.001 sec
Running com.rackspace.search.elasticsearch.client.ElasticSearchClientFactoryBeanTest
03:01:33.352 [main] INFO  c.r.s.e.ElasticSearchClientFactoryBean - About to read index setting file : /indices_structure.json
03:01:33.368 [main] INFO  c.r.s.e.ElasticSearchClientFactoryBean - About to read index setting file : /indices_structure.json
03:01:33.379 [main] INFO  c.r.s.e.ElasticSearchClientFactoryBean - About to read index setting file : /var/lib/jenkins/jobs/TSearchUnittest/workspace/service/target/properties/local/elasticsearch/mappings/ticket/index.json
03:01:33.386 [main] INFO  c.r.s.e.ElasticSearchClientFactoryBean - About to read index setting file : /var/lib/jenkins/jobs/TSearchUnittest/workspace/service/target/properties/local/elasticsearch/mappings/admin/index.json
03:01:33.389 [main] INFO  c.r.s.e.ElasticSearchClientFactoryBean - About to read index setting file : /indices_structure.json
03:01:33.396 [main] INFO  c.r.s.e.ElasticSearchClientFactoryBean - About to read index setting file : /var/lib/jenkins/jobs/TSearchUnittest/workspace/service/target/properties/local/elasticsearch/mappings/ticket/ticket.json
03:01:33.413 [main] INFO  c.r.s.e.ElasticSearchClientFactoryBean - About to read index setting file : /var/lib/jenkins/jobs/TSearchUnittest/workspace/service/target/properties/local/elasticsearch/mappings/admin/syncJob.json
Tests run: 3, Failures: 0, Errors: 0, Skipped: 0, Time elapsed: 0.017 sec
Running com.rackspace.search.elasticsearch.client.ElasticSearchClientTest
03:01:33.800 [main] INFO  c.r.s.e.client.ElasticSearchClient - Executing the tickets to post to Elastic Search
03:01:34.051 [elasticsearch[ticket.node]clusterService#updateTask-pool-11-thread-1] INFO  org.elasticsearch.cluster.metadata - [ticket.node] [ticketsearch] creating index, cause [auto(bulk api)], shards [5]/[0], mappings []
03:01:34.440 [elasticsearch[ticket.node]clusterService#updateTask-pool-11-thread-1] INFO  org.elasticsearch.cluster.metadata - [ticket.node] [ticketsearch] update_mapping [ticketdoc] (dynamic)
03:01:37.715 [elasticsearch[ticket.node]clusterService#updateTask-pool-11-thread-1] INFO  org.elasticsearch.cluster.metadata - [ticket.node] [ticketsearch] deleting index
03:01:37.754 [main] INFO  c.r.s.e.client.ElasticSearchClient - Executing the tickets to post to Elastic Search
03:01:37.999 [elasticsearch[ticket.node]clusterService#updateTask-pool-11-thread-1] INFO  org.elasticsearch.cluster.metadata - [ticket.node] [ticketsearch] creating index, cause [auto(bulk api)], shards [5]/[0], mappings []
03:01:38.223 [elasticsearch[ticket.node]clusterService#updateTask-pool-11-thread-1] INFO  org.elasticsearch.cluster.metadata - [ticket.node] [ticketsearch] update_mapping [ticketdoc] (dynamic)
03:01:41.219 [main] INFO  c.r.s.e.client.ElasticSearchClient - Started Query Request Builder with query params [:]
03:01:41.238 [elasticsearch[ticket.node]clusterService#updateTask-pool-11-thread-1] INFO  org.elasticsearch.cluster.metadata - [ticket.node] [ticketsearch] deleting index
03:01:41.273 [main] INFO  c.r.s.e.client.ElasticSearchClient - Executing the tickets to post to Elastic Search
03:01:41.507 [elasticsearch[ticket.node]clusterService#updateTask-pool-11-thread-1] INFO  org.elasticsearch.cluster.metadata - [ticket.node] [ticketsearch] creating index, cause [auto(bulk api)], shards [5]/[0], mappings []
03:01:41.781 [elasticsearch[ticket.node]clusterService#updateTask-pool-11-thread-1] INFO  org.elasticsearch.cluster.metadata - [ticket.node] [ticketsearch] update_mapping [ticketdoc] (dynamic)
03:01:44.799 [main] INFO  c.r.s.e.client.ElasticSearchClient - Started Query Request Builder with query params [user:[testing1]]
03:01:44.842 [main] INFO  c.r.s.e.client.ElasticSearchClient - Started Query Request Builder with query params [user:[testing1,testing3]]
03:01:44.857 [main] INFO  c.r.s.e.client.ElasticSearchClient - Started Query Request Builder with query params [user!:[testing1,testing3]]
03:01:44.871 [elasticsearch[ticket.node]clusterService#updateTask-pool-11-thread-1] INFO  org.elasticsearch.cluster.metadata - [ticket.node] [ticketsearch] deleting index
03:01:44.900 [main] INFO  c.r.s.e.client.ElasticSearchClient - Executing the tickets to post to Elastic Search
03:01:45.139 [elasticsearch[ticket.node]clusterService#updateTask-pool-11-thread-1] INFO  org.elasticsearch.cluster.metadata - [ticket.node] [ticketsearch] creating index, cause [auto(bulk api)], shards [5]/[0], mappings []
03:01:45.330 [elasticsearch[ticket.node]clusterService#updateTask-pool-11-thread-1] INFO  org.elasticsearch.cluster.metadata - [ticket.node] [ticketsearch] update_mapping [ticketdoc] (dynamic)
03:01:48.323 [main] INFO  c.r.s.e.client.ElasticSearchClient - Started Query Request Builder with query params [priority_range:[[1,2]]]
03:01:48.350 [main] INFO  c.r.s.e.client.ElasticSearchClient - Started Query Request Builder with query params [priority_range!:[[1,2]]]
03:01:48.360 [elasticsearch[ticket.node]clusterService#updateTask-pool-11-thread-1] INFO  org.elasticsearch.cluster.metadata - [ticket.node] [ticketsearch] deleting index
03:01:48.393 [main] INFO  c.r.s.e.client.ElasticSearchClient - Executing the tickets to post to Elastic Search
03:01:48.558 [elasticsearch[ticket.node]clusterService#updateTask-pool-11-thread-1] INFO  org.elasticsearch.cluster.metadata - [ticket.node] [ticketsearch] creating index, cause [auto(bulk api)], shards [5]/[0], mappings []
03:01:48.776 [elasticsearch[ticket.node]clusterService#updateTask-pool-11-thread-1] INFO  org.elasticsearch.cluster.metadata - [ticket.node] [ticketsearch] update_mapping [ticketdoc] (dynamic)
03:01:51.783 [main] INFO  c.r.s.e.client.ElasticSearchClient - Started Query Request Builder with query params [sort:[number|desc]]
03:01:51.862 [main] INFO  c.r.s.e.client.ElasticSearchClient - Started Query Request Builder with query params [sort:[number|desc,priority]]
03:01:51.875 [main] INFO  c.r.s.e.client.ElasticSearchClient - Started Query Request Builder with query params [sort:[assignee.name|asc]]
03:01:51.888 [elasticsearch[ticket.node]clusterService#updateTask-pool-11-thread-1] INFO  org.elasticsearch.cluster.metadata - [ticket.node] [ticketsearch] deleting index
03:01:51.915 [main] INFO  c.r.s.e.client.ElasticSearchClient - Executing the tickets to post to Elastic Search
03:01:52.074 [elasticsearch[ticket.node]clusterService#updateTask-pool-11-thread-1] INFO  org.elasticsearch.cluster.metadata - [ticket.node] [ticketsearch] creating index, cause [auto(bulk api)], shards [5]/[0], mappings []
03:01:52.220 [elasticsearch[ticket.node]clusterService#updateTask-pool-11-thread-1] INFO  org.elasticsearch.cluster.metadata - [ticket.node] [ticketsearch] update_mapping [ticketdoc] (dynamic)
03:01:55.220 [main] INFO  c.r.s.e.client.ElasticSearchClient - Started Query Request Builder with query params [sort:[priority]]
03:01:55.234 [elasticsearch[ticket.node]clusterService#updateTask-pool-11-thread-1] INFO  org.elasticsearch.cluster.metadata - [ticket.node] [ticketsearch] deleting index
03:01:55.260 [main] INFO  c.r.s.e.client.ElasticSearchClient - Executing the tickets to post to Elastic Search
03:01:55.413 [elasticsearch[ticket.node]clusterService#updateTask-pool-11-thread-1] INFO  org.elasticsearch.cluster.metadata - [ticket.node] [ticketsearch] creating index, cause [auto(bulk api)], shards [5]/[0], mappings []
03:01:55.547 [elasticsearch[ticket.node]clusterService#updateTask-pool-11-thread-1] INFO  org.elasticsearch.cluster.metadata - [ticket.node] [ticketsearch] update_mapping [ticketdoc] (dynamic)
03:01:58.553 [elasticsearch[ticket.node]clusterService#updateTask-pool-11-thread-1] INFO  org.elasticsearch.cluster.metadata - [ticket.node] [ticketsearch] deleting index
03:01:58.580 [main] INFO  c.r.s.e.client.ElasticSearchClient - Executing the tickets to post to Elastic Search
03:01:58.732 [elasticsearch[ticket.node]clusterService#updateTask-pool-11-thread-1] INFO  org.elasticsearch.cluster.metadata - [ticket.node] [ticketsearch] creating index, cause [auto(bulk api)], shards [5]/[0], mappings []
03:01:58.880 [elasticsearch[ticket.node]clusterService#updateTask-pool-11-thread-1] INFO  org.elasticsearch.cluster.metadata - [ticket.node] [ticketsearch] update_mapping [ticketdoc] (dynamic)
03:02:01.884 [main] INFO  c.r.s.e.client.ElasticSearchClient - Started Query Request Builder with query params [:]
03:02:01.895 [elasticsearch[ticket.node]clusterService#updateTask-pool-11-thread-1] INFO  org.elasticsearch.cluster.metadata - [ticket.node] [ticketsearch] deleting index
03:02:01.920 [main] INFO  c.r.s.e.client.ElasticSearchClient - Executing the tickets to post to Elastic Search
03:02:02.063 [elasticsearch[ticket.node]clusterService#updateTask-pool-11-thread-1] INFO  org.elasticsearch.cluster.metadata - [ticket.node] [ticketsearch] creating index, cause [auto(bulk api)], shards [5]/[0], mappings []
03:02:02.199 [elasticsearch[ticket.node]clusterService#updateTask-pool-11-thread-1] INFO  org.elasticsearch.cluster.metadata - [ticket.node] [ticketsearch] update_mapping [ticketdoc] (dynamic)
03:02:05.196 [main] INFO  c.r.s.e.client.ElasticSearchClient - Started Query Request Builder with query params [limit:[20]]
03:02:05.207 [elasticsearch[ticket.node]clusterService#updateTask-pool-11-thread-1] INFO  org.elasticsearch.cluster.metadata - [ticket.node] [ticketsearch] deleting index
Tests run: 9, Failures: 0, Errors: 0, Skipped: 0, Time elapsed: 31.49 sec
03:02:05.236 [Thread-5] INFO  c.r.s.e.ElasticSearchClientFactoryBean - Closing ElasticSearch client
03:02:05.240 [Thread-5] INFO  org.elasticsearch.node - [ticket.node] {elasticsearch/0.16.2}[27999]: stopping ...
03:02:05.266 [Thread-5] INFO  org.elasticsearch.node - [ticket.node] {elasticsearch/0.16.2}[27999]: stopped
03:02:05.266 [Thread-5] INFO  org.elasticsearch.node - [ticket.node] {elasticsearch/0.16.2}[27999]: closing ...
03:02:05.278 [Thread-5] INFO  org.elasticsearch.node - [ticket.node] {elasticsearch/0.16.2}[27999]: closed

Results :

Tests run: 38, Failures: 0, Errors: 0, Skipped: 0

[JENKINS] Recording test results
[INFO] ------------------------------------------------------------------------
[INFO] Reactor Summary:
[INFO] 
[INFO] Search POM ........................................ SUCCESS [2.832s]
[INFO] search ............................................ SUCCESS [1:21.749s]
[INFO] cucumber .......................................... SUCCESS [4.486s]
[INFO] ------------------------------------------------------------------------
[INFO] BUILD SUCCESS
[INFO] ------------------------------------------------------------------------
[INFO] Total time: 1:29.739s
[INFO] Finished at: Thu Apr 11 03:02:11 UTC 2013
[INFO] Final Memory: 56M/981M
[INFO] ------------------------------------------------------------------------
[JENKINS] Archiving /var/lib/jenkins/jobs/TSearchUnittest/workspace/cucumber/pom.xml to /var/lib/jenkins/jobs/TSearchUnittest/modules/com.rackspace.api$cucumber/builds/2013-04-11_03-00-37/archive/com.rackspace.api/cucumber/0.1.0_b53-SNAPSHOT/cucumber-0.1.0_b53-SNAPSHOT.pom
[JENKINS] Archiving /var/lib/jenkins/jobs/TSearchUnittest/workspace/pom.xml to /var/lib/jenkins/jobs/TSearchUnittest/modules/com.rackspace.api$search-pom/builds/2013-04-11_03-00-37/archive/com.rackspace.api/search-pom/0.1.0_b53-SNAPSHOT/search-pom-0.1.0_b53-SNAPSHOT.pom
[JENKINS] Archiving /var/lib/jenkins/jobs/TSearchUnittest/workspace/service/pom.xml to /var/lib/jenkins/jobs/TSearchUnittest/modules/com.rackspace.api$search/builds/2013-04-11_03-00-37/archive/com.rackspace.api/search/0.1.0_b53-SNAPSHOT/search-0.1.0_b53-SNAPSHOT.pom
Waiting for Jenkins to finish collecting data
