[8mha:AAABRR+LCAAAAAAAAACFj8FKxDAQhsdqtXjUk4JQEPWWVqmi7Gntbr10vRQE2VO2rd1KN6lpKhXB5/GgL+MbeFpEfAeTplkRD04O+Zj8/8yfly8wKwb70zqpKEFlUWc5qRAmVR7TgjLUF+RLuqQ8BVVLBhghWK1ghEsOB6HyO53fWfidhV8IeyGsJJhjDhvhLb7HToFJ5kSc5STrNQy2uxQxJRUtUuSr+/dmaEoReO//wGLh57NF36+juQHLYzAnWRt2c/x3uXi9ka938ASrIiXBs1Sy0ZQ10w4kHahzvL5dzT92Hi/aQCKZxWFt1/PlkRQErihJritZ9TR5J6dH557WBYHWKQraquV+S092XT3PH/xMlqx6mg6HZ9082fEHWqdoeCwPB7PhKZtx2Io4ZjxN7MmDjYkd+SM7nopPpuvfYErVhBgCAAA=[0mStarted by an SCM change
[8mha:AAABYh+LCAAAAAAAAACFkUFLwzAUx5/VafGoN0EYiHprqkxRdnLd6qV6qQqyU9bFrluX1CSdBcHP40G/jN/A0xDxO5i0zUQ8+HLoj5f//71/6MsXNASHvVE+FIw6WZrHCRUOpiKJWMq4c6bI03TJJIGqliywArBLwQXOJOwHlR/VfrTwo4VfCdsBrAyxxBI2gjGeYZRiGqNQ8oTG7YLDVp0iYlSwlDhe9f29GYpMBd79P7Ba+Plss/fbcG7Bch8ag7gMu9n/u1zd3unbe3iCVZWS4inRbBVZzo3D0Q6ndry+3cw/th/Py0AqmS1hbafl6aPJ911VmlxXc9Uz1Do+Oey0jM73ja4iv6xc77fNZNc187zuz2TNVc/QQe+0nqc7XtfoKuod6SOhUUjCpxL8Tp6kQ/WcZkKbD4xPRIYj0kQzzFGaDNCY0In+nWM2EOgqJJhHo2uaSEmERAv9+je0vZ/tRQIAAA==[0mBuilding in workspace /var/lib/jenkins/jobs/TSearchUnittest/workspace
[8mha:AAABfR+LCAAAAAAAAACFkbFOwzAQho9AIWKEDQmpEgIm4hS1FdAFSBuWwFJAQp1c17RpEzs4TqmExPMwwMvwBkwVQrwDdhO3Qgych3w6///dr/j1G0qpgL1B1ks5c5Io64csdTBLQ8IjLpwzRZ6mKy4p5LVkgRWAPRNc4kTCfpD7UeFHcz+a+5WwEcBKD0ssYSMY4jFGEWZ91JYiZP3GRMBWkYJwlvKIOl7+/b0ZJokKvPt/YLXw68XmH3ftqQXLHSh1+7Owm52/y9Xtvb59gGdYVSkZjqlma5Jkwjgc7XAKx9v77fRz++liFkglsyWs7VQ9fTT5vqtKk+tqznuGqvWjw/Oq0fm+0eXkzyrT+20z2XXNPK+5mKw57xmqtI6LebrjNY0up1ZNHwmliaQilhB7A0pGPJMnj1yM0gQTWkZlNMYCRWEXDSkb6dcc8m6KrtsUCzK4YaGUNJVo4TgoF48haMyl+jlOwAmOvAFmjEanlTqpE1Kj6z/dH8brbAIAAA==[0mCheckout:workspace / /var/lib/jenkins/jobs/TSearchUnittest/workspace - hudson.remoting.LocalChannel@16c6cc5e
[8mha:AAABRR+LCAAAAAAAAACFj8FKxDAQhsdqtXjUiwjCgqi3tEoVdU9ru/VSvSwKsqe4m60r3aQmqVQEn8eDvoxv4GkR8R1MmmZFPDg55GPy/zN/Xr7AFRy2b8qhYBQVeZmNqUCYivGA5YyjjqJI0zmTBEzNOeCk4NWCM1xI2EmN32/8/szvz/xK2E5hYYgllrCS3uJ77OeYZn5P8jHN2hWH9SbFgFHBcoIic//eDFWhAm/9H1gt/Hz22PtVb+rAfB/c66wOu9r/u1y9jvTrHTzBokpJ8YRodqqi5NaBtAM1jte3y+nHxuNpHUgl8yQsbYaRPpqSJFClKQg0m56l8OBw7yS0uiSxOkNJXaXe79nJQWDnRfHPZM2mZ2m3e9TM050otjpD3X19JLiVJHwiYe1CqL+0hORYkuzhuBWTES5zufwNzjSVeRcCAAA=[0mUsing strategy: Default
[8mha:AAABdB+LCAAAAAAAAACFkctKw0AUho/VanCpO0EIiLdNLm2atHZl08ZNdKGgSFeTq5F0JiaTEhB8Hhf6Mr6BqyLiOziTS0VceGYxH2fO/58f5uUL2lkKB3e5lxEsJXEeRjiTEM4il8QklU4ZmZwuCPWhqpUWtGwQyoFzlFA4tCu9XOvlpV5e6tng0IY1D1FEYcu+R3MkxwiH8hVNIxwOixR26hQuwRmJfcms7t+boUhY4P3/A7OFn88Ceb+9WrRgdQptJyzDbk//LmevAX99gCdYZykxmvmcW0WSp41C4gqpVry+XS8+dh/PykAsmUBhY08z+eFkWQorTorCueo1pOn9zkhr5iyrmavIKivn+4XGWVEaP3P848y56jWkTga1H++Y42auokmPHwrtgvrpjMKNjTIqjvIopuKlP4+yiOCTJYk9zdO6A1UP+p2BbhiG00Vqz9PVwNUV3ekHrur7yOkY4hFJI/YN8ozZ+enx5jeRpoNaVgIAAA==[0mLast Built Revision: Revision 54d43916f8296777b3a15d61fc606b8fc1eeab27 (origin/master)
[8mha:AAABRx+LCAAAAAAAAACFj8FKxDAQhsdqtXjUmygURL2lVaooe1q7Wy/Vy4Iie4rdbq12k5qkWhB8Hg/6Mr6Bp0XEdzBpmhXx4OSQj8n/z/x5+QKbM9i+rkacElQWVZYTjjDheUILylBXUqjojIoUdM1ZYMXgNIJTXArYibXfa/3ezO/N/FLYiWFhhAUWsBLf4HvsFZhk3kCwnGSdmsFamyKhhNMiRaG+f2+GupSBt/4PLBd+Pjv0/XIwtWB+CPZV1oRdHf5dLl/H6vUOnmBRpiR4kiq26rJixoGUA7WO17fz6cfG40kTSCZzBCxtBqE6iqLIl6XI9xXrnqHg4HDvODC6KDI6TVFTldrvmMm+b+aFvZ/JinXP0G7/qJ2nOmHP6DT199URYNciZRMB6xd5KT/j0kq4D5Td8hInqTvOGRdo+RuPvx88GwIAAA==[0mWiping out workspace first.
[8mha:AAABSh+LCAAAAAAAAACFkMFKxDAQhsdqtXjUmyAsinpLq1RR9qTZ7V6qlwVB9hR3Y7fSJjVNpSL4PB70ZXwDT4uI72DSNCviwcmhH5P/n/nTly9wSwG702pScoaKrEpSViLCynTMMy7QqSKs6YJLCqYWHHBi8BrBOSkk7MXG77d+f+73534l7MawNCGSSFiLb8k98TPCEn8oRcqSbi1go00x5qzkGUXYfH9vhrpQgXf+D6wWfj57/P1qOHNgcQTuddKEXR/9Xa5ub/TtHTzBskrJSE41O3VRCetA2oFax+vb5exj83HQBFLJPAkr2yHWR1MUBao0BYFm07MUHh0fnIVWF0VWZyhqqtL7PTs5COw83PuZrNn0LO33T9p5uoN7Vmeof6iPBLeWVOQStnDGmXpNR05pR9Bc/ejOIJUKC16mkouH1W/FYWJZIQIAAA==[0mCloning the remote Git repository
[8mha:AAABXB+LCAAAAAAAAACFkUFLwzAUx5/VafGoN0EYiHpLq0yZ7jLtVi/Vy0CQnbIudtUuqUkqFcHP40G/jN/A0xDxO5g0zUQ8+ELJj/fe/71/6MsXNASHnUkxFoyiPCuSlAqEqUhjljGOThQFmi6YJGBiwQEnArdqOMe5hN3I6L1a78313lyvGjsRLI2xxBLWoht8j70M08QbSJ7SpFNy2KhdxIwKlhEUmPv3ZihzZXj7f8Nq4eezy96vBjMHFofQGCWV2fXh3+Wqeq2rd/AEy8olxVOi2SnzglsF0gpUK17fLmcfm49nlSHlzJWwstUK9NEUhr4KTb6v2eQstQ7b+6ct2xeGts9QWEWh97t2su/beUHvZ7Jmk7O01z+q5+lM0LN9hvoH+kholJLwqYR2kDGqXtPkJGcilYw/NJNUdtU3KUbqP0yPOY5vCc/wSHiCYB5PkCqufgNhjwRwNwIAAA==[0mCloning repository git@github.com:rackerlabs/search.git
[8mha:AAABPR+LCAAAAAAAAACFjsFKw0AQhsdoNXjwoDdBEEQ9dRMlitJTTRsv0UtBkJ7WNsZIuht3NyUg+Dwe9GV8A09FxHdwJ5utiAdnDvsx+/8z/8sXtKSAvbtyLDkjRV6mGZOEMpmNeM4F6WoKkS65SsDUggNODG4tuKCFgv3Y+L3G78393tyvhZ0YlsZUUQXr8T2dUi+nLPUGSmQs7VQCNpsUI84kzxMSmvf3ZagKHXj3/8D64Oezy9+vBzMHFofQuknrsBvDv8f17y3+PsATLOuUjE4SZKcqSmEdBB2kcby+Xc0+th7P60A6matgZScIsZGiyNeF5PvIZmYpOD45PAusLoqszlBUV4n3XbvZ9+2+sPezGdnMLB30T5t9OAl7Vmeof4StoFWpREwUrKWZ2m63p4mQGWer3w64/sgNAgAA[0mgit --version
[8mha:AAABQR+LCAAAAAAAAACFjs9Kw0AQxsdoNHhUT4JQEPW2SST+oydNGy/RS0GQntY2xki6GzebEhB8Hg/6Mr6BpyLiO7iTzVbEgzOH/TH7fTPfyxfYpYDdu2pcckaKvEozVhLKymzEcy7IqaIQ6ZLLBHQtWGDF4DSCC1pI2Iu132397tzvzv1K2I1haUwllbAW39MpdXPKUncgRcbSbi1gs00x4qzkeUJC/f6+DHWhAu/8H1gd/Hx2+Pv1YGbB4hDsm7QJuz78e1z93uLvAzzBskrJ6CRBtuqiEsZB0EFax+vb1exj6/G8CaSSORJWtoMQGymKPFVInoesZ4aCw+P9s8DoosjoNEVNVXjfMZs9z+wLez+bkfXMkN8/affhJOwZnab+AbYEu5aJmEjYSDPZmSaizDjr+OSIBMRf/QbG5e/DEwIAAA==[0mgit version 1.7.4.1
[8mha:AAABTh+LCAAAAAAAAACFkMFKxDAQhsfqavGoN0EoiOutrVJF2ZN2t16qlwVB9hS72bbSJjVJl4Lg83jQl/ENPC0ivoNJ06yIByeHfkz+f+ZPX76gxxn0s3rKKXGrok5zwl1EeJ7QgjL3XFKo6JoKDLpWLLBisFvBFaoEHMTa73V+b+n3ln4pHMSwNkUCCdiK79EceQUiqTcWLCfpoGGw06VIKOG0wG6ov783Q1PJwPv/B5YLP59t+n47XliwOoHeXdqG3Z78XS5vZ+r2AZ5gXaYkqMSKraaqmXG4yuF2jte3m8XH7uNlG0gmswVs7AWhOoqiyJelyPcV656h4OT06CIwuigyOk1RW7Xab5vJvm/mhcOfyYp1z9Dh6Kybpzrh0Og0jY7VEdBrBGalgH6ERZLJ5zh1xQXDqHSSTD4Sc2fGaOlQlsu/u/kN8/xwbyUCAAA=[0mFetching upstream changes from origin
[8mha:AAABQB+LCAAAAAAAAACFkMFKxDAQhsfqavGoN0EQRL2lVaooe3KzWy/Vy4Ige4rdWKvdpCapFgSfx4O+jG/gaRHxHUyaZkU8ODn0Y/L/M3/68gUdKWD7uhpLzlBZVFnOJCJM5ikvuEDHmrChM64o2JrzwEvAbwSnpFSwk1h/0PqDmT+Y+bWwm8DCmCiiYCW5IfckKAjLgqESOcu6tYC1NkXKmeQFRdh+f2+GutSBt/4PrBd+Pvv8/WI49WB+BJ3LrAm7Ovq7XN9emds7eIJFnZKRCTXs1WUlnAMZB2odr2/n04/1x5MmkE7mK1jajLA5huI41GUoDA3bnqPo4HCvFzldHDudpbipyuz33eQwdPNw/2eyYdtztDs4aueZDu47naXBvjkKOrWiYqJ/BS4oYfo5Gw9c3MqSpHT5G/K1b/oSAgAA[0mCleaning workspace
[8mha:AAABQh+LCAAAAAAAAACFj8FKxDAQhsdqtXjUgyAIgqi3tkoVZU9rd+ulenBBkD3F3VhXu0lNUi0IPo8HfRnfwNMi4juYaZoV8eDkkI/J/8/8efkCVwrYui6HkjO/yMtsxKRPmBwNeM6F39YUI51yRcHUjANOCl4tOCGFgu3U+IPGH0z9wdSvha0U5oZEEQVL6Q25J0FOWBb0lBixrFUJWG1SDDiTPKd+bO7fm6EqdODN/wPrhZ/PHn+/6E0cmO2De5nVYZf7f5fr1yt8vYMnmNcpGRlTZKcqSmEdPjr8xvH6dj75WHs8rgPpZJ6ChY0oxoOUJKEupDBENj1L0f7B7lFkdUlidYaSukrc79nJYWjnxZ2fycimZ2mne9jMw07csTpD3T08CtxKUTFWsHJGJVVK/2f9gYtbvJWgdPEbxHseXBYCAAA=[0mResetting working tree
[8mha:AAABdx+LCAAAAAAAAACFkctKw0AUho/VanCpO0EIiLdN7jYtXWnauIkuLBSkq2kyrZFkJiaTEhB8Hhf6Mr6BqyLiOziTS0VceGaRjzPn/88/5OUL2lkKR3d5kFGiJFE+D0mmIJKFPo1oqpxzcgRdU4ahqrUWtDyQyoErlDA49iq9WuvVlV5d6flg34ONADHEYMe7RwukRojM1RFLQzLvFyns1Sl8SjIaYcWpvr83Q5HwwIf/B+YLP58l+n47WrZgfQLt6bwMuzv5u5zfzsTtAzzBJk9JUIwFt4okTxuFIhRKrXh9Gy8/9h8vy0A8mcRg68ByxBHkuhovQZomuOo1ZHW6xoXVzLluM1eRW1Yu9kuNs6Y1fs7gx1lw1WtIH/ZqP9FxBs1cRcMzcRi0C4bTmMHYoXGMic8fJE/zMApkOpNv8CLMQkpk3Z5pvmHrnQBPDaQHOva7GJmmZfSswDa7mhmY9szG8glNQ/4X1Bhl3Pd0+xv4rQIaVQIAAA==[0mCommencing build of Revision 17f0c2716deb2a1d1ec8ea334294d73803d37f7e (origin/master)
[8mha:AAABch+LCAAAAAAAAACFkMtKw0AUho/RanCpO0EIiLdN7jYtXWnauIkKFgTpappM02iaicmkBASfx4W+jG/gqoj4Ds7kUhEXnlnk48z5//NPXr6glaVwMM39jMRyEuVBGGcyirPQIxFJ5VNGNqdLQjFUtSKA4IJYDlyghMKhW+mVWq8s9cpSzwZ7Lqz5iCIKW+4dmiMlQnGgDGkaxkGvSGGnTuGROCMRlu3q+3szFAkLvP9/YLbw81kk77fDhQCrI2iNgzLs9ujvcnY74bcP8ATrLGWMZpizUCR52ihkrpBrxevbzeJj9/G8DMSSiRQ29kybH06Oo7LipKqcq15DZrujn5nNnOM0cxU5ZeV8v9g4q2rjZ/d/nDlXvYa0Qbf24x2738xVNDjhh0KroDidUbiyp9i7Z8+RSE6lazwPs5DEkmZNVE+3tLaPxzrSfA17HYwMw9S7pm8ZHdXwDWtiYemIpCH7/coMZczwePMbYwAsVU4CAAA=[0mChecking out Revision 17f0c2716deb2a1d1ec8ea334294d73803d37f7e (origin/master)
[8mha:AAABQB+LCAAAAAAAAACFkMFKxDAQhsfqavGoN0EQRL2lVaooe3KzWy/Vy4Ige4rdWKvdpCapFgSfx4O+jG/gaRHxHUyaZkU8ODn0Y/L/M3/68gUdKWD7uhpLzlBZVFnOJCJM5ikvuEDHmrChM64o2JrzwEvAbwSnpFSwk1h/0PqDmT+Y+bWwm8DCmCiiYCW5IfckKAjLgqESOcu6tYC1NkXKmeQFRdh+f2+GutSBt/4PrBd+Pvv8/WI49WB+BJ3LrAm7Ovq7XN9emds7eIJFnZKRCTXs1WUlnAMZB2odr2/n04/1x5MmkE7mK1jajLA5huI41GUoDA3bnqPo4HCvFzldHDudpbipyuz33eQwdPNw/2eyYdtztDs4aueZDu47naXBvjkKOrWiYqJ/BS4oYfo5Gw9c3MqSpHT5G/K1b/oSAgAA[0mCleaning workspace
[8mha:AAABQh+LCAAAAAAAAACFj8FKxDAQhsdqtXjUgyAIgqi3tkoVZU9rd+ulenBBkD3F3VhXu0lNUi0IPo8HfRnfwNMi4juYaZoV8eDkkI/J/8/8efkCVwrYui6HkjO/yMtsxKRPmBwNeM6F39YUI51yRcHUjANOCl4tOCGFgu3U+IPGH0z9wdSvha0U5oZEEQVL6Q25J0FOWBb0lBixrFUJWG1SDDiTPKd+bO7fm6EqdODN/wPrhZ/PHn+/6E0cmO2De5nVYZf7f5fr1yt8vYMnmNcpGRlTZKcqSmEdPjr8xvH6dj75WHs8rgPpZJ6ChY0oxoOUJKEupDBENj1L0f7B7lFkdUlidYaSukrc79nJYWjnxZ2fycimZ2mne9jMw07csTpD3T08CtxKUTFWsHJGJVVK/2f9gYtbvJWgdPEbxHseXBYCAAA=[0mResetting working tree
[8mha:AAABPR+LCAAAAAAAAACFj8FKxDAQhsdqtQhe9CYIgqi3tEoVZU/a3Xrp6sKCIHuKu7WudJOapFIQfB4P+jK+gadFxHcw0zQr4sHJIR+T/5/58/IFrhSwc1uOJGekyMtszCShTI6HPOeCnGiKkM65SsHUnANOAl4t6NJCwW5i/H7j92d+f+bXwlYCCyOqqILV5I4+UD+nLPP7SoxZ1qoErDcphpxJnqckMvfvzVAVOvD2/4H1ws9nj79f9acOzA/Avc7qsGuDv8v16w2+3sMTLOqUjE5SZKcqSmEdBB2kcby+XU4/Nh7P6kA6madgaSuM8CDFcaALKQiQTc9SeHi0fxpaXRxbnaG4rhL3e3ZyENh5UftnMrLpWdrrHDfzsBO1rc5Q5wCPArdSqZgoWOlRIfVvNnsXXbn8DbkHMrQMAgAA[0mParsing POMs
[8mha:AAABVR+LCAAAAAAAAACFj8FKxDAQhsfqavGoN0EoiHqRtkoVZU/a3XrpelkQZE+xjW0lm9Q0lYrg83jQl/ENPC0ivoNJ06yIByeHfEz+f+bPyxf0Kg47eZ1WjLolqbOCVi6iVZEwwrh7KilUdMEEBl0LFlgx2K1ghEoBu7H2e53fm/u9uV8K+zEspUggAWvxLbpHHkE088aCFzTrNxw2uhQJoxUj2A31/XszNKUMvP1/YLnw89lm71fjmQWLE+hdZ23Y9cnf5fL1Rr3ewRMsy5QUTbFiqylrbhyucrid4/Xtcvax+XjeBpLJbAErW0GojqIo8mUp8n3FumcoODo+OAuMLoqMTlPUVq3222ay75t54eBnsmLdM7Q/POnmqU44MDpNw0N1BPQagflUgD9iaU1w5SS5/BpO9xyOE0SSmiAhP+mkuMQ0xTR5cDKOynz1G8zd5bIvAgAA[0mModules changed, recalculating dependency graph
[8mha:AAACEx+LCAAAAAAAAACdUl2L1DAUzY6ODj7qmyAU/Hpq0nY6w+wuPrjdqQjTRRjQlUEk04nddtqkJmm3KPh7fFD8L/4DnxYR/4NJ046KoGDy0JObe+45N70fvoOh4ODeWbURjMIyr5KUCoipSGOWMw4fKhRodMIkAWbtDcBgAUZtQoRLCe4vDB91fLTjox1fJR4uwOUNlliC64sM1xjlmCZoKXlKk8OGg5udi5hRwXICA/P9XRk0pTJ899+GleC39yP25fnyYgAurcBwnbRmb6z+FFe3r/Tta/AOXFEuKS6IxoOmrHjPgJoBO8bHz08vvt56+6g1pJyNJLh62w/01igMHbU0chyNTaxH/nTmHfl9Xhj2eQaF7aq0/qiv7Dh9veD4Z2WNTaxH7ny/q6cjwXGfZ9B8orcEw0YSXsi9T6tzxreixDF5Yd2xkOA1kozlAmWbrQun0Hk5nqF1SpHu37JPC+E6nl9o1HiOP9Po9CDCzRNVb5m+IQ+8yTSy7Li0UI05ytM1ygjd6pnoZ6PANaG2OaFn8yP78UnYJrYXYxsnhErbhR7MMD9AlVBlWIxzhJXPM2Ib/hg60EdrxqQqTJpK2HGOhVD95Bthe9DXbIvxBGY1JRJ282I0YKsBo/YQ4ZRaf5UxvcQ6vOvmXEV+Nc9JwaQaDCXttc7//wFSqv5OTErJeP8Mlj8Zu9NrPwCnh2RVrgMAAA==[0m[workspace] $ /srv/tools/jdk1.6.0_38/bin/java -Xms1024m -Xmx2048m -XX:MaxPermSize=256M -cp /var/lib/jenkins/plugins/maven-plugin/WEB-INF/lib/maven3-agent-1.2.jar:/usr/local/apache-maven-3.0.4/boot/plexus-classworlds-2.4.jar org.jvnet.hudson.maven3.agent.Maven3Main /usr/local/apache-maven-3.0.4 /var/cache/jenkins/war/WEB-INF/lib/remoting-2.22.jar /var/lib/jenkins/plugins/maven-plugin/WEB-INF/lib/maven3-interceptor-1.2.jar 45316
[8mha:AAABZR+LCAAAAAAAAACFjsFKw0AQhsdoNXjUmyAURL0lUapYaoWaJqWaRrFFKMXD2sa0Jd2NyUYCgvg4HvQdfAbfwFMR8R3czWYr4sGdw37M/P/M//wFhTiCrWEyiAnWwiDxRzjWEI5HfRKQSKsxMjm5hHog3pwCigNqJmihkMK2I/x67tdnfn3mZ8KKAwsDRBGFFWeM7pAeIOzrbRqNsF9JI1jLU/QJjkngaab4f1+GNGSBN/8PzA5+PqnkvdueKjDfg8K1n4Vd7f09zqY3fHoLD7DIUmI08TgraZhE0qFxh5Y7Xt4upx/r940sEEumUljaKJm8ONm2wR4nw+AsepJK+we7xyWps22pE2RnL+H3VbnZMOQ+s/6zmbPoSdqxyvk+3jHrUifI2uNFoZBSL5pQKB9Wq9XeieWeNt128cJqnXWabqNo1s5rZrPTvWLTo9dHXv0hwtgLijFFEfUGy9+ipMKpOAIAAA==[0m<===[JENKINS REMOTING CAPACITY]===>   channel started
[8mha:AAABfx+LCAAAAAAAAACFkc1Kw0AUha/RanCpO0EIiH+bSZQqaldt2riJXVhQpKtpMk0ryUycmZSA4PO40JfxDVwVEd/BmaZTERfOQPJx55x7D9yXL6gJDnujIhaMojwtkjEVCFMxjljKOGoq8jV1mSRQnSULrBDsmeAK5xL2w8rvzv3uwu8u/ErYCGElxhJL2Ajv8QS7KaaJ25N8TJNGyWFrniJiVLCUIL/6/54MZa4C7/4fWA38fLbZ+11vasFyH2qDZBZ2s/93uHod6tcHeIJVlZLijGi2yrzgxoG0A80dr28304/tx8tZIJXMlrC2U/f11RQEnjqaPE9zVTNUPz07btWNLgiMrqJgdgo93zadPc/089s/nTVXNUNHnfN5P13x20ZXUedEXwm1UhKeSaApS+r3F7fN667TZQ7Oc0JjwoUTsSKNnQFxhqygsfpyR0kTwp0DxhOEcxyNiNpTlqkVoQHBtJDjVOjNTQhXzQVqMbU6TH1TOUTr35yMoNltAgAA[0mlog4j:WARN No appenders could be found for logger (org.apache.commons.beanutils.converters.BooleanConverter).
[8mha:AAABWx+LCAAAAAAAAACFjsFKw0AQhsdqNXjUmyAERL0lUaJUe6pp4yUWsaBIT2u7pinb3bi7kVTB5/GgL+MbeCoivoO7SbYiHpw57Mfs/8/8L19QFxx2RtlQMOqkJIsTKhxERTJghHGnpSjQ1GUSQ1kLNahFYBWCM5RK2I1Kv1v53bnfnfuVsBnB0hBJJGEtGqN75BJEY7cneULjZs5ho0oxYFQwgp2gfH9fhjxVgbf/D6wOfj5b7P26N6vBYh/qN3ERdr3/97j6vdW/d/AEyyolRROsuZanGTcORzucyvH6djn72Hw8LQKpZJaElS0/0K0pDD1VmjxPczkz5B829k98owtDoyspLCrT9y2z2fPMvqD9s1lzOTO01zmq9ulJ0Da6kjoHuiXUc4n5REKDsNgfH1+1Lrr2OcFIYDuhiUwQSR6wLUfYLgS2mAqJJ3bKWYo5mTqr37TuDLo3AgAA[0mlog4j:WARN Please initialize the log4j system properly.
[8mha:AAABdx+LCAAAAAAAAACFkb9OwzAQxo9CIWKEDQkpEgKmxgEVBHSiacOSshSQUCc3ddOUxA62UyIh8TwM8DK8AVOFEO+AnT9FiIHz4J/u7rv7LL98QV1w2JukI8GolURpEFJhYSpCn0WMW+eKHE2XTBIoYqkGNQ+MvKGHEwn7XqFHpR4t9GihV40tD1ZGWGIJG94UzzCKMA1QX/KQBq2Mw1bpwmdUsIhYTnH/3gxZogzv/m9YLfx8Ntj7bX9eg+UB1IdBbnZz8He5qo519R6eYFW5pDgmmmtZkvJKYWmFVSpe327mH9uPF7kh5cyQsLbTdPTR5Lq2Ck22rbnIVdQ8PjlsN6s+1636CnLzSPV+o5ps29U8p/MzWXORq+ige1rO0xmnU/UV1D3SR0I9k4THEgbdjPipVO8xe3hG6JlpNtpmY2yiGeYoCodoSuid/tApGwp01SeY+5NrGkpJhEQPjN+JBPsEJSy2sjgy/Yhgauri+jfG7XjiWgIAAA==[0mExecuting Maven:  -B -f /var/lib/jenkins/jobs/TSearchUnittest/workspace/pom.xml clean test
[8mha:AAABwh+LCAAAAAAAAACFjs9u00AQxodAIOqxvVEhISHgEMl2i1O5VD04jh21dU2CRd1gcdgkztrB/2KvE5NKfRhOHNqX4Q04VVXFO3Q3zhYhDswc9qfZ+eb7rn5DPc/gjV+M8yQW0rDAQZwLKM6DURImmaBS0hhZCfGgqkc1qJnQWC2copTAW7PSi2u9+KAXH/R08cCEJ2NEEIFNc4rmSAxRjEWbZEGMD8oMnq9TjJI4T0JP0Kr3b2coUxr49f8DU8O7H43k18C+qcFjF+pDvAq75f5rTn8n7HcGl/CUpoxR5DGulWmRcYXAFMJacf3z7Ob2xUV3FYgmaxB49krWWDMyDIkWI0liXM04yXvKblvme4bB9yoyVlUw/wa/LEn8ntb5c5lxNeO0o++v77GJ1uF7Fekt1gTqJfGyiMD3bVeJfPRepTUom6am8moPlRZqk2Fw1LedqXXySe5JzfmxqcvFDp73pl5pds56y3Ks+8HIaTnnUTqZh+GevTuxwm+tybK7RMWg28azwA++JsbMVsQPJ8o7y97/vPAtHfvqor/Aft9RVW1Rqs3zAWa+h4fbrhS5jvrROrK6X15u3AO+uIUaoQIAAA==[0m[8mha:AAAAYx+LCAAAAAAAAABb85aBtbiIQSWjNKU4P0+vJLE4u1gvPjexLDVPzxdEhicW5WXmpfvll6S2fNly5fzGzauYGBgqihikoFqS8/OK83NS9ZwhNEghAwQwghQWAACwxA+XYgAAAA==[0m[WARNING] 
[8mha:AAAB8h+LCAAAAAAAAACFkc1u00AQx5dAIOIINyokSwg4RLLd4lRpqx4cx45KjUmwqBssDmt7/RFsr2OvPwgSz8MBXoY34EKFEO/AbhwXIQ7MHvanmfnP/Ff7+RfoFzl4EpZegVM+i8sgSgsepkXk4hjnvExJYWRggkAbN3qgp4PBtuEFzAh4qrd6YacXrvXCtZ42nujglgcJJOCevoIVFGKYBoJJ8igNTpocPNi5cHFa4BjxSnv/vRk0GTX8+P+G6cKfnwb429K86oGbNug7wdbsffvf5bTqs+oafAS3qcsUJohxr8nKvFPwTMHvFF++Xlz9ePhhtjVEnQ0IuPNIUthhpGkiDUaiyLjNdSQdjg8mUtenaV1fS9o2SrZ/0E0WxW6eMv0zmXGb62hfPdrNYxll2vW1pI7YIaDfEJQnBHzfs8dJCI9lGstmqCtyFxNnPIIT4kRnC9NaGeevpbk4rJ7rqlTuB9V8hRp9ejHfNJ4aRq41si6TzK/i+NA88I34/cjfzDawXM4mwToKo3dYW5tj4eX5+JlhHr2pQ0MNQrle1EG4sGRZqRt5eLkM2N7T0z1bTGxLfmWcGbO3nIkTxGU5dmKUFFyNcsSh1MVlSh+APK4OoxhxThnFHv0UjoS07PvIJVGFuAIRQrPF3d+nv8kg5QIAAA==[0m[8mha:AAAAYx+LCAAAAAAAAABb85aBtbiIQSWjNKU4P0+vJLE4u1gvPjexLDVPzxdEhicW5WXmpfvll6S2fNly5fzGzauYGBgqihikoFqS8/OK83NS9ZwhNEghAwQwghQWAACwxA+XYgAAAA==[0m[WARNING] Some problems were encountered while building the effective settings
[8mha:AAACAR+LCAAAAAAAAACFkk+Pk0AYxsdqtfGoNzcmJEZ7aAJspZuum02kFJp1EdslLluJhykMf7owUGZo2Zr4eTzol/EbeNoY49mrDJQ1xoPvHPjlnfd5nycZPv8EbZKBZ0HukgTzaZT7ISY8xCR0kijJeLkkhZGRUATqutUCLR10qoHXMKWgq9d6YacXbvTCjb4cPNLBHRdSSMEDfQnXUIgg9gWTZiH2j4oMPNqlcBJMkgjxSv392xkUaRn46f8Dl4Y/PnWSb3PzugVu26C98KuwD+1/zctbj92uwEdwt0yJYYwYt4o0zxoFzxT8TvHl6/n198cfJlWgMlmHgntPJIUdRpomlsVIFBnXvYakg2F/JDVzmtbM1aRVlTP/TrNZFJt9yvjPZsZ1r6F99XC3j3WUcTNXkzpgh4J2QVEWU/Brzx7GAXwhlzUveroiNzVaDAdwRBfhycy0lsbpW2kq9tavdFXK9/31dIkKfXw+3RauGoSONbAu4tRbR9GB2feM6GrgbSdbmM8nI38VBuFloq3MofDmdPjcMA/fbQJD9QN5M9v4wcySZWVTyL2Luc98j4/3bDG2LfnMODEm77luTtC0euMz5IeEZlddLiSci9IMOZAil4PY5QJIOJxwyPOQQ3nuJScESYyEJcKX7G/k475AEKXluxG+iKP7vwE66aOC9gIAAA==[0m[8mha:AAAAYx+LCAAAAAAAAABb85aBtbiIQSWjNKU4P0+vJLE4u1gvPjexLDVPzxdEhicW5WXmpfvll6S2fNly5fzGzauYGBgqihikoFqS8/OK83NS9ZwhNEghAwQwghQWAACwxA+XYgAAAA==[0m[WARNING] 'usePluginRegistry' is deprecated and has no effect. @ /home/jenkins/.m2/settings.xml
[8mha:AAABwh+LCAAAAAAAAACFjs9u00AQxodAIOqxvVEhISHgEMl2i1O5VD04jh21dU2CRd1gcdgkztrB/2KvE5NKfRhOHNqX4Q04VVXFO3Q3zhYhDswc9qfZ+eb7rn5DPc/gjV+M8yQW0rDAQZwLKM6DURImmaBS0hhZCfGgqkc1qJnQWC2copTAW7PSi2u9+KAXH/R08cCEJ2NEEIFNc4rmSAxRjEWbZEGMD8oMnq9TjJI4T0JP0Kr3b2coUxr49f8DU8O7H43k18C+qcFjF+pDvAq75f5rTn8n7HcGl/CUpoxR5DGulWmRcYXAFMJacf3z7Ob2xUV3FYgmaxB49krWWDMyDIkWI0liXM04yXvKblvme4bB9yoyVlUw/wa/LEn8ntb5c5lxNeO0o++v77GJ1uF7Fekt1gTqJfGyiMD3bVeJfPRepTUom6am8moPlRZqk2Fw1LedqXXySe5JzfmxqcvFDp73pl5pds56y3Ks+8HIaTnnUTqZh+GevTuxwm+tybK7RMWg28azwA++JsbMVsQPJ8o7y97/vPAtHfvqor/Aft9RVW1Rqs3zAWa+h4fbrhS5jvrROrK6X15u3AO+uIUaoQIAAA==[0m[8mha:AAAAYx+LCAAAAAAAAABb85aBtbiIQSWjNKU4P0+vJLE4u1gvPjexLDVPzxdEhicW5WXmpfvll6S2fNly5fzGzauYGBgqihikoFqS8/OK83NS9ZwhNEghAwQwghQWAACwxA+XYgAAAA==[0m[WARNING] 
[8mha:AAABSx+LCAAAAAAAAACFj8FKxDAQhsdqtXjUmyAURL2lVaooe9LuVoS6HgqCFA+x261duklNUykIPo8HfRnfwNMi4juYNM2KeHByyMfk/2f+vHyBWTHYuatHFSWoLOosJxXCpMoTWlCGTgT5koaUp6BqwQAjBKsVXOCSw26o/E7nd+Z+Z+4Xwl4ISyPMMYe1cIIfsFNgkjkRZznJeg2DjS5FQklFixT56v69GZpSBN7+P7BY+Pls0ffraGbAYgzmbdaGXY//LhevY/l6D0+wLFISPE0lG01ZM+1A0oE6x+vb1exj8/GsDSSSWRxWtjxfHklB4IqS5LqSVU+Td3i0f+ppXRBonaKgrVrut/Rk19Xz/P7PZMmqp2lvcNzNkx2/r3WKBgfycDAbnrIpBzs+HwaXN3aUYELEr+wxZXbJ6CRNeIUQWv0GRZF5QB8CAAA=[0m[INFO] Scanning for projects...
[8mha:AAABwh+LCAAAAAAAAACFjs9u00AQxodAIOqxvVEhISHgEMl2i1O5VD04jh21dU2CRd1gcdgkztrB/2KvE5NKfRhOHNqX4Q04VVXFO3Q3zhYhDswc9qfZ+eb7rn5DPc/gjV+M8yQW0rDAQZwLKM6DURImmaBS0hhZCfGgqkc1qJnQWC2copTAW7PSi2u9+KAXH/R08cCEJ2NEEIFNc4rmSAxRjEWbZEGMD8oMnq9TjJI4T0JP0Kr3b2coUxr49f8DU8O7H43k18C+qcFjF+pDvAq75f5rTn8n7HcGl/CUpoxR5DGulWmRcYXAFMJacf3z7Ob2xUV3FYgmaxB49krWWDMyDIkWI0liXM04yXvKblvme4bB9yoyVlUw/wa/LEn8ntb5c5lxNeO0o++v77GJ1uF7Fekt1gTqJfGyiMD3bVeJfPRepTUom6am8moPlRZqk2Fw1LedqXXySe5JzfmxqcvFDp73pl5pds56y3Ks+8HIaTnnUTqZh+GevTuxwm+tybK7RMWg28azwA++JsbMVsQPJ8o7y97/vPAtHfvqor/Aft9RVW1Rqs3zAWa+h4fbrhS5jvrROrK6X15u3AO+uIUaoQIAAA==[0m[8mha:AAAAYx+LCAAAAAAAAABb85aBtbiIQSWjNKU4P0+vJLE4u1gvPjexLDVPzxdEhicW5WXmpfvll6S2fNly5fzGzauYGBgqihikoFqS8/OK83NS9ZwhNEghAwQwghQWAACwxA+XYgAAAA==[0m[WARNING] 
[8mha:AAACHB+LCAAAAAAAAACFkc9u00AQxreBQMQRDkhUSJYQcIhwnJJUbqoeHCcOpcZNMDQNUYXW9vpPanud9To2QeJ5OMDL8AacKoR4B3bjuAhxYPawP83MN/Ot9ssvUE8JeOJnTopjMQkzL4hTEcZpYOMQE1FhpHIyMEWgjJ0aqOmgsWl4BRMKnuqlvrXVt671rWs9azzUwU0HUkjBXX0BV7AVwthrmZQEsXdYEPBg68LGcYpDJKrl/fdmUCTM8OP/G2YLf35u4O8z86oGbsxB3fI2Zu/N/13Oqi6vLsEncIu5jGGEONeKJCOVQuQKcav4+u3s6sfDj6ONIeasQcHtRx2VH06aJrHgJEmcy1xFnX15r9+p+jSt6itJ20TG9zeqyZJUzVMHfyZzLnMVtYcH23k8ow6qvpKGXX4oqBcUkYju3N+dy5EPewqLWdHUVaWKviV3YZ9awfHEnC6Mk7edsdRcvdSHnaztrcYLVOiDs/G6cIZ+YE+70/MocVdhuG/uuUb4oeuuR2uYzUZ9bxn4wSXWlqbcOj2RnxvmwbvcN4aer+ST3PMnU0VR80Jpns88vvfoaHcuRfOp8to4NkYXgokjJCQEWyGKUiFHBAkotnEWswcgR8j9IESClQWhwz5FoD4ruy6yabBCQoQdFAouJoKNI5FA+zJNoI1EmAS9FEFi+70ckp4ktkXpvSVLz0xDGZsvTt/c+Q0rjvOqFgMAAA==[0m[8mha:AAAAYx+LCAAAAAAAAABb85aBtbiIQSWjNKU4P0+vJLE4u1gvPjexLDVPzxdEhicW5WXmpfvll6S2fNly5fzGzauYGBgqihikoFqS8/OK83NS9ZwhNEghAwQwghQWAACwxA+XYgAAAA==[0m[WARNING] Some problems were encountered while building the effective model for com.rackspace.api:search:war:0.1.0_b80-SNAPSHOT
[8mha:AAACCx+LCAAAAAAAAACFks9u00AQxreBQMSBA9yokCwhyCFgO2lSua0q4ThxVGpMgkXTYPWwSZz1BnvX8b+4QeJ5OMDL8AacKoR4B3btOAhxYPYwP83ON/NJu19+gWoUgmduMo8oEQMvQZhEIiQRnlGPhqLKSONk0tgBRexVQMUAtbzhNQxiUDcKvbTVSzu9tNOzxhMD3J7DGMbggbGEKZQ8SJBkxSEm6CQLwaOtixklEfUcUSvy35tBFjDDT/9vmC38+blGv0+smwq4ZYPqFOVmH9r/Lme3C367Ap/AHeaSQN/hXMmCJCwVIleIW8XXbxc3Px5/HOSGmLNaDO4+aWv8cNJ1mQUnWeZc1EpqHyqtbrvs0/WyryA9j4Tvr5WTZbmcp/X+TOZc1Epq9o+283hF65V9BfU7/MSgmsVO6Md79/dtxXfhscpikjUMTS2jO1U6sBtP8dnIGi/N83ftodxIXxn9dtJE6XDpZEbvYrjJ5n0Xz8ad8aUfLFLPO7RaC9O77iw2gw1MJoMuWmEXf6D6ylKkN+fKgWkdvV+7Zh+56nq0Ru5orKraOlMblxPE956e7tuyb4/Vt+aZObgS6tMEe/PdMxdZTJ0wwpTUhQUNBRoi9mPmjguTSEQhpem16MPUIccoTy8KkYAjwcdRxB5PFF4KHiaO0DxQngvs2yQ+EVrNe78BYWbPVA0DAAA=[0m[8mha:AAAAYx+LCAAAAAAAAABb85aBtbiIQSWjNKU4P0+vJLE4u1gvPjexLDVPzxdEhicW5WXmpfvll6S2fNly5fzGzauYGBgqihikoFqS8/OK83NS9ZwhNEghAwQwghQWAACwxA+XYgAAAA==[0m[WARNING] 'build.plugins.plugin.version' for org.codehaus.groovy.maven:gmaven-plugin is missing. @ line 138, column 21
[8mha:AAABwh+LCAAAAAAAAACFjs9u00AQxodAIOqxvVEhISHgEMl2i1O5VD04jh21dU2CRd1gcdgkztrB/2KvE5NKfRhOHNqX4Q04VVXFO3Q3zhYhDswc9qfZ+eb7rn5DPc/gjV+M8yQW0rDAQZwLKM6DURImmaBS0hhZCfGgqkc1qJnQWC2copTAW7PSi2u9+KAXH/R08cCEJ2NEEIFNc4rmSAxRjEWbZEGMD8oMnq9TjJI4T0JP0Kr3b2coUxr49f8DU8O7H43k18C+qcFjF+pDvAq75f5rTn8n7HcGl/CUpoxR5DGulWmRcYXAFMJacf3z7Ob2xUV3FYgmaxB49krWWDMyDIkWI0liXM04yXvKblvme4bB9yoyVlUw/wa/LEn8ntb5c5lxNeO0o++v77GJ1uF7Fekt1gTqJfGyiMD3bVeJfPRepTUom6am8moPlRZqk2Fw1LedqXXySe5JzfmxqcvFDp73pl5pds56y3Ks+8HIaTnnUTqZh+GevTuxwm+tybK7RMWg28azwA++JsbMVsQPJ8o7y97/vPAtHfvqor/Aft9RVW1Rqs3zAWa+h4fbrhS5jvrROrK6X15u3AO+uIUaoQIAAA==[0m[8mha:AAAAYx+LCAAAAAAAAABb85aBtbiIQSWjNKU4P0+vJLE4u1gvPjexLDVPzxdEhicW5WXmpfvll6S2fNly5fzGzauYGBgqihikoFqS8/OK83NS9ZwhNEghAwQwghQWAACwxA+XYgAAAA==[0m[WARNING] 
[8mha:AAACBR+LCAAAAAAAAACFjtFu0zAUhr2OQcUl3DEhWULARaUkG+3UbdpFmjZVWQgtEetKxYXTOImLE6eJ06ZF4nm4gJfhDbiaEOIdsJtmCHHBsRR/OT7/+f8vv8BBloJnYe5lLFYSmgckzhQUZ2TGKEsVXZAhyWYcg7L2aqBmgfp24BVKOHhulXp1p1dv9eqtXgyeW+COhzji4IE1R0ukUhQHqsNTEgfnRQoe7VLMWJwxihWjvP92BkUiAj/9f2Bh+PNznX2fODc1sD8FB26wDftw+q+5ePXl6wJ8AndFyhhFWHKtSPK0UihSoewUX79d3fx4/LG/DSSS1Tm496RpyCPJNDVRkjRNctmrqHnSPu40qznTrOZKMreVS/96tVnTqn1G989myWWvoqPe6W6f7Bjdaq6kXkseDg4KjtOI7+0fTttRiM50UZOiYRl6VR233UId7pLByBnP7cu3zaHWWL60es38KFgO57iwulfDTeH1QjIbt8bXUeIvKT1xjn2brlv+pr9B+aTfCRYkJB+YuXDa6uvL9gvbOX23Cu1eEOqr0SoIR2NdN1aF3rieBNL34uJwqkXTsf7GHtj993DAIclgSIKQrmGKZyyKcOxhD3IGfVJAHuIMwyRlLsVRBl08Q7loiPZafFKMOI7lH8w4cgklfA2ZD9csT6GbE+op938Dr0MCWgIDAAA=[0m[8mha:AAAAYx+LCAAAAAAAAABb85aBtbiIQSWjNKU4P0+vJLE4u1gvPjexLDVPzxdEhicW5WXmpfvll6S2fNly5fzGzauYGBgqihikoFqS8/OK83NS9ZwhNEghAwQwghQWAACwxA+XYgAAAA==[0m[WARNING] It is highly recommended to fix these problems because they threaten the stability of your build.
[8mha:AAABwh+LCAAAAAAAAACFjs9u00AQxodAIOqxvVEhISHgEMl2i1O5VD04jh21dU2CRd1gcdgkztrB/2KvE5NKfRhOHNqX4Q04VVXFO3Q3zhYhDswc9qfZ+eb7rn5DPc/gjV+M8yQW0rDAQZwLKM6DURImmaBS0hhZCfGgqkc1qJnQWC2copTAW7PSi2u9+KAXH/R08cCEJ2NEEIFNc4rmSAxRjEWbZEGMD8oMnq9TjJI4T0JP0Kr3b2coUxr49f8DU8O7H43k18C+qcFjF+pDvAq75f5rTn8n7HcGl/CUpoxR5DGulWmRcYXAFMJacf3z7Ob2xUV3FYgmaxB49krWWDMyDIkWI0liXM04yXvKblvme4bB9yoyVlUw/wa/LEn8ntb5c5lxNeO0o++v77GJ1uF7Fekt1gTqJfGyiMD3bVeJfPRepTUom6am8moPlRZqk2Fw1LedqXXySe5JzfmxqcvFDp73pl5pds56y3Ks+8HIaTnnUTqZh+GevTuxwm+tybK7RMWg28azwA++JsbMVsQPJ8o7y97/vPAtHfvqor/Aft9RVW1Rqs3zAWa+h4fbrhS5jvrROrK6X15u3AO+uIUaoQIAAA==[0m[8mha:AAAAYx+LCAAAAAAAAABb85aBtbiIQSWjNKU4P0+vJLE4u1gvPjexLDVPzxdEhicW5WXmpfvll6S2fNly5fzGzauYGBgqihikoFqS8/OK83NS9ZwhNEghAwQwghQWAACwxA+XYgAAAA==[0m[WARNING] 
[8mha:AAACCB+LCAAAAAAAAACFkkFv0zAYhr3CoOIINyYkSwg4FCXZaKdu0w5p2lRjWWiJWFcqDm7rOC5JnDpOGorE7+EAf4Z/wGlCiP+A3TRDiAOfD3n0+Xu/95WcL7/AbsrB0yCbpyzWkjAjNE41FKd0xkLGNVOSpchlAoOydmqg5oD6ZuACJQI8c0q9vtXrN3r9Ri8HTxxwe44EEuC+s0A50kMUE90TnMbkpODg4TbFjMUpC7Fmld+/nUGRyMBP/h9YGv78XGffx951DdyagN0p2YR9MPnXXN766nYJPoE7MmWMIqy4ViQZrxSaUmhbxddvl9c/Hn3sbwLJZHUB7j5uWuoosm1DliLDUFz2Kmoetg86zWrOtqu5kuxNZcq/Xm02jGqf1f2zWXHZq2i/d7TdpzpWt5orqddSR4DdQmAeiZ3a3qQdBejYlDUuGo5lVtWZtluoI6b0bOiNFu75m+bAaOQvnV4z2yf5YIELp3s5WBfzXkBno9boKkr8PAwPvQPfDT+0/HV/jbJxv0OWNKDvmb302vqr8/YL1zt6uwrcHgnM1XBFguHINK1VYTauxkT5np7uTYxoMjJfu2du/x20GYcioCnkGMn3fg79TGQcwwuU4xjmmKdU/iQwoiQQMGYwZDHBHKZZkjAu4DSj4Vw+l2zMAhih0Gc8wnOYcLbAM5Fq934DBuQuzQEDAAA=[0m[8mha:AAAAYx+LCAAAAAAAAABb85aBtbiIQSWjNKU4P0+vJLE4u1gvPjexLDVPzxdEhicW5WXmpfvll6S2fNly5fzGzauYGBgqihikoFqS8/OK83NS9ZwhNEghAwQwghQWAACwxA+XYgAAAA==[0m[WARNING] For this reason, future Maven versions might no longer support building such malformed projects.
[8mha:AAABwh+LCAAAAAAAAACFjs9u00AQxodAIOqxvVEhISHgEMl2i1O5VD04jh21dU2CRd1gcdgkztrB/2KvE5NKfRhOHNqX4Q04VVXFO3Q3zhYhDswc9qfZ+eb7rn5DPc/gjV+M8yQW0rDAQZwLKM6DURImmaBS0hhZCfGgqkc1qJnQWC2copTAW7PSi2u9+KAXH/R08cCEJ2NEEIFNc4rmSAxRjEWbZEGMD8oMnq9TjJI4T0JP0Kr3b2coUxr49f8DU8O7H43k18C+qcFjF+pDvAq75f5rTn8n7HcGl/CUpoxR5DGulWmRcYXAFMJacf3z7Ob2xUV3FYgmaxB49krWWDMyDIkWI0liXM04yXvKblvme4bB9yoyVlUw/wa/LEn8ntb5c5lxNeO0o++v77GJ1uF7Fekt1gTqJfGyiMD3bVeJfPRepTUom6am8moPlRZqk2Fw1LedqXXySe5JzfmxqcvFDp73pl5pds56y3Ks+8HIaTnnUTqZh+GevTuxwm+tybK7RMWg28azwA++JsbMVsQPJ8o7y97/vPAtHfvqor/Aft9RVW1Rqs3zAWa+h4fbrhS5jvrROrK6X15u3AO+uIUaoQIAAA==[0m[8mha:AAAAYx+LCAAAAAAAAABb85aBtbiIQSWjNKU4P0+vJLE4u1gvPjexLDVPzxdEhicW5WXmpfvll6S2fNly5fzGzauYGBgqihikoFqS8/OK83NS9ZwhNEghAwQwghQWAACwxA+XYgAAAA==[0m[WARNING] 
[8mha:AAABPh+LCAAAAAAAAABb85aBtbiIQS2jNKU4P0+vIKc0PTOvWC8xrzgzOT8nv0jPEchyBrH88ktSGSCAkYmByYeBA6zAN7GghEHdB6JfH6pfH65fH64fqNDah4ElJbEksYRByCcrsSxRPycxL10/uKQoMy/duqKIQQrqiuT8vOL8nFQ9ZwiNajNDRQHQwaqEHQy08PUKjvyHkcHPmRiYoxlYk9LBjhWOxrQcKJsGki1kqGNgA7oyLzE3FcRmqigoLYLp0APp0IPqWHsp7PlL2Wp3sIOALuMoYWBXNnEGQRDLzc0ACEAsAwMQGyIGY5mYWRg5mcDUubnB1EFYbmBQCrKfA2aygQHMPGcXhMkgNkQMxjJ0tYSaBxJxdoGpg7BcTUGwhIG1oiS1KLeEISDa08/NP1ZBl0qACwBzBPd0TwIAAA==[0m[INFO] ------------------------------------------------------------------------
[8mha:AAABSh+LCAAAAAAAAACFjsFKxDAQhsdqtXjUmygURL21Vaqoe3K7WxHqLrggSPEQ21or3aSbplIQfB4P+jK+gadFxHcwaZoV8eDMIR+T/5/5X75ALyls31VxSbBV5FWa4dJCuMwikhNqnXDyBA0IS0DWnAZaAEYjOEcFg51A+u3Wb8/89szPhZ0AFmLEEIOV4B49IDtHOLVHjGY47dQU1toUEcElyRPLk+/vy1AXPPDW/4H5wc9ng7xfjaYazIeg36RN2NXw73H+eyt+J/AEizwlRuNEsFYXFVUOSzis1vH6djn92Hg8bQLxZAaDpU3XEy3I9x1eghxHsJwpcg8O97qu0vm+0knym6rEfUNtdhy1z+v9bBYsZ4p2+0ftPjHxekonqb8vmoFes4SOGayHZwN/eG1eJChihJrdKstjc0jjhB4vfwMwchkuGwIAAA==[0m[INFO] Reactor Build Order:
[8mha:AAABOR+LCAAAAAAAAACFjsFKxDAQhsdqtXjUmyAIot7SKlWUPbndrQh1PSwIUjzE3Vor3aSmqRQEn8eDvoxv4GkR8R3MNM2KeHDmkI/J/8/8L19glwK2b6txyRkp8irNWEkoK7MRz7kgx4oCpAGXCeias8CKwGkEZ7SQsBNpv9v63ZnfnfmVsBPBwphKKmEluqMP1M0pS92hFBlLO7WAtTbFiLOS5wkJ9Pv7MtSFCrz1f2B18PPZ4e+Xw6kF8zHY12kTdjX+e1z93uDvPTzBokrJ6CRBtuqiEsZB0EFax+vbxfRj/fGkCaSSORKWNv0AGykMPVVInoesZ4b8g8O9rm90YWh0msKmKrzvmM2eZ/YFvZ/NyHpmaLd/1O7DSdAzOk39fWwJdi0TMZHgxKeD8PxqY/kbaqkK+wcCAAA=[0m[INFO] 
[8mha:AAABQx+LCAAAAAAAAACFkcFKxDAQhsdqtXjUmyAsiHpLq1RR9qTdrQjdXaEgSPEQu7Vb6SY1TaUg+Dwe9GV8A0+LiO9g0jQr4sHJIR+T/5/5IS9fYJYMdibVuKQEFXmVZqREmJRZTHPK0IkgT9KQ8gRULRhgBGA1ggEuOOwGym+3fnvut+d+IewGsDTGHHNYC+7wA7ZzTFI75CwjabdmsNGmiCkpaZ4gT92/N0NdiMDb/wcWCz+fLfp+Fc4MWIzAvEmbsOvR3+Xi9Va+3sMTLIuUBE8TyUZdVEw7kHSg1vH6djn72Hw8awKJZBaHlS3Xk0eS7zuiJDmOZNXT5B4e7Z+6Wuf7WqfIb6qS+y092XH0PK/3M1my6mna6x+382TH62mdov6BPBzMmidsKr4hOh/6o+tOmGAWTzoXo8HqNzBcB+8RAgAA[0m[INFO] Search POM
[8mha:AAABPx+LCAAAAAAAAACFjsFKxDAQhsdqtXjwoDdBEES9tVWqKHvS7kaEuh4WBCkeYrd2K92km6RSEHweD/oyvoGnRcR3MGmaFfHgzCEfk/+f+V++wOYMdkbVkFPilkWV5YS7mPA8oQVl7omkUFGfihR0zVlgReA0ggtcCtiNtN9r/d7M7838UtiJYGGIBRawGt3jB+wVmGTeQLCcZJ2awXqbIqGE0yJ1Q/3+vgx1KQNv/x9YHvx8duj79WBqwXwM9m3WhF2L/x6Xv3fqdwJPsChTEjxOFVt1WTHjcJXDbR2vb1fTj43HsyaQTOYIWNoKQtWKEPJlKfJ9xXpmKDg82j8NjA4ho9OEmqrUfcds9n2zL+z+bFasZ4b2esftPjUJu0anqXegWoBdi5SNBazE5310ebPJU8yS0fI37JiB0g0CAAA=[0m[INFO] search
[8mha:AAABQB+LCAAAAAAAAACFjsFKxDAQhsdqtXgSvQmCIOqtrVJF2ZN2NyLU9bAgSPGQ7dZa6SbdNJGC4PN40JfxDTwtIr6DSdOsiAdnDvmY/P/M//IFdsVg506MKkrcshBZTioXkypPaEGZeyIpVNSnPAVdcxZYETiN4AKXHHYj7fdavzfzezO/FHYiWBhhjjmsRvf4AXsFJpk34CwnWadmsN6mSCipaJG6oX5/X4a6lIG3/w8sD34+O/T9ejC1YD4Ge5g1Ydfiv8fl7636ncATLMqUBI9TxVZdCmYcrnK4reP17Wr6sfF41gSSyRwOS1tBqFoRQr4sRb6vWM8MBYdH+6eB0SFkdJpQU0Ldd8xm3zf7wu7PZsV6Zmivd9zuU5Owa3SaegeqOdg1T9mYw0p83keXN5uJSMR4mLLlb7p0iC8PAgAA[0m[INFO] cucumber
[8mha:AAABPR+LCAAAAAAAAABb85aBtbiIQS2jNKU4P0+vIKc0PTOvWC8xrzgzOT8nv0jPEchyBrH88ktSGSCAkYmByYeBA6zAN7GghEHdB6JfH6pfH65fH64fqNDah4ElJbEksYRByCcrsSxRPycxL10/uKQoMy/duqKIQQrqiuT8vOL8nFQ9ZwiNajNDRQHQwaqEHQy08PUKjvyHkcHPmRiYoxlYk9LBjhWOxrQcKJsGki1kqGNgA7oyLzE3FcRmqigoLYLp0APp0IPqWHsp7PlL2Wp3sIOALuMoYWBXNnEGQRDLzc0ACEAsAwMQGyIGY5mYWRg5mcDUubnB1EFYbmBQCrKfA2aygQHMPGcXhMkgNkQMxjJ0tYSaBxJxdoGpg7BcTUGwhIG1oiS1KLeEISDa08/NP1aBWoALADftnitPAgAA[0m[INFO]                                                                         
[8mha:AAABPh+LCAAAAAAAAABb85aBtbiIQS2jNKU4P0+vIKc0PTOvWC8xrzgzOT8nv0jPEchyBrH88ktSGSCAkYmByYeBA6zAN7GghEHdB6JfH6pfH65fH64fqNDah4ElJbEksYRByCcrsSxRPycxL10/uKQoMy/duqKIQQrqiuT8vOL8nFQ9ZwiNajNDRQHQwaqEHQy08PUKjvyHkcHPmRiYoxlYk9LBjhWOxrQcKJsGki1kqGNgA7oyLzE3FcRmqigoLYLp0APp0IPqWHsp7PlL2Wp3sIOALuMoYWBXNnEGQRDLzc0ACEAsAwMQGyIGY5mYWRg5mcDUubnB1EFYbmBQCrKfA2aygQHMPGcXhMkgNkQMxjJ0tYSaBxJxdoGpg7BcTUGwhIG1oiS1KLeEISDa08/NP1ZBl0qACwBzBPd0TwIAAA==[0m[INFO] ------------------------------------------------------------------------
[8mha:AAABWx+LCAAAAAAAAACFj81Kw0AUha/RanCpO0EIiLpyMpUqla7atFEh/YGIIEVk2sY0kk5iMpGA4PO40JfxDVwVEd/BmUymIi68s5iPO+fce+blCyppAnvTbJJGFMVh5gc0RYSmwTgKowQ1OVmCehHzQNaSBpoDeiHokpjBviP9Zuk3F35z4efChgMrE8IIgw3njjwQMyTUN12WBNRv5AlslSnGEU2j0EOWvH9vhjzmgXf/D8wXfj7r0fuVO9dgeQiVkV+E3Rz+Xc5fb8XrPTzBKk9JycwTrOVxligHEg5UOl7fLucf24+nRSCeTGewtlOzxBFk25iXIIwFy56i2nH9sFVTOttWOkl2UZnYr6vJGKt5VvtnsmDZU1TtnJTzRMdqK52kzpE4DCo585IZAzQ879n9a6OVBeGE/8pwPZKMp8ag3zUwqiJ8M6rjA7fXHLhn/Yv1bxhC174tAgAA[0m[INFO] Building Search POM 0.1.0_b80-SNAPSHOT
[8mha:AAABPh+LCAAAAAAAAABb85aBtbiIQS2jNKU4P0+vIKc0PTOvWC8xrzgzOT8nv0jPEchyBrH88ktSGSCAkYmByYeBA6zAN7GghEHdB6JfH6pfH65fH64fqNDah4ElJbEksYRByCcrsSxRPycxL10/uKQoMy/duqKIQQrqiuT8vOL8nFQ9ZwiNajNDRQHQwaqEHQy08PUKjvyHkcHPmRiYoxlYk9LBjhWOxrQcKJsGki1kqGNgA7oyLzE3FcRmqigoLYLp0APp0IPqWHsp7PlL2Wp3sIOALuMoYWBXNnEGQRDLzc0ACEAsAwMQGyIGY5mYWRg5mcDUubnB1EFYbmBQCrKfA2aygQHMPGcXhMkgNkQMxjJ0tYSaBxJxdoGpg7BcTUGwhIG1oiS1KLeEISDa08/NP1ZBl0qACwBzBPd0TwIAAA==[0m[INFO] ------------------------------------------------------------------------
[8mha:AAABOR+LCAAAAAAAAACFjsFKxDAQhsdqtXjUmyAIot7SKlWUPbndrQh1PSwIUjzE3Vor3aSmqRQEn8eDvoxv4GkR8R3MNM2KeHDmkI/J/8/8L19glwK2b6txyRkp8irNWEkoK7MRz7kgx4oCpAGXCeias8CKwGkEZ7SQsBNpv9v63ZnfnfmVsBPBwphKKmEluqMP1M0pS92hFBlLO7WAtTbFiLOS5wkJ9Pv7MtSFCrz1f2B18PPZ4e+Xw6kF8zHY12kTdjX+e1z93uDvPTzBokrJ6CRBtuqiEsZB0EFax+vbxfRj/fGkCaSSORKWNv0AGykMPVVInoesZ4b8g8O9rm90YWh0msKmKrzvmM2eZ/YFvZ/NyHpmaLd/1O7DSdAzOk39fWwJdi0TMZHgxKeD8PxqY/kbaqkK+wcCAAA=[0m[INFO] 
[8mha:AAAB5R+LCAAAAAAAAACFUd2K00AYHavV4qXeuQgB8Y+Sv5K6scuCzbQJ3Y1tlmqwW/Zimk7TxPyZTEKq4PN4oS/jAwheLSK+gzNJsyJeeOZiDt+c850D8/kXaGcpeLTN11kcCUmQu16UCSjKPCcO4lQYUgYZm8YEgxrXWqBlgk4leIkSAh6btV/c+8Urv3jlp8IjE9xYI4IIuGP6qEBigCJXnJPUi9yjMgX39i2cOMriAAuwvv9OBmVCCz/8f2Ea+PNTJ/6+mF+2wPUlaK/cquzd5b/h9HXDXt+Bj+AmbRmhEDPeKpM8bRwCcwh7x5ev9uWP+x+MqhBt1iHg1gMFssOYrksUjEkS4/WsYcoztacpjU7XG13N9Ao5y+80myWp2QdHfzYzXs8aJo+f7/exCRw1upqN++wQ0C4JTkMCvi0nU312wR0s1XCLBkOKhdY14bCBtlL7SCMrb3I2D/3p6WvFkrrFiTlWctktLB+X5si23pfrsVEU4Xn3zWH/HL81g5m9KV75jqpbJy4yPG9inCLP6Fs7VSl2jj2SIziU5zsa4EOoa2fQ7h3O/EWVeXx8sJRCnue5EBU44p0Ao4ivP3rQExRBHlQj7skab1AekFrxlHvBZRilzpZP4pCj/tu/Ab5lDB3dAgAA[0m[INFO] [8mha:AAAAYB+LCAAAAAAAAABb85aBtbiIQSmjNKU4P0+vJLE4u1gvPjexLDVPzxdEGvvmZ+X75ZekLlOVfvTjc8FPJgaGiiIGKaiG5Py84vycVD1nCA1SyAABjCCFBQCV27OjYAAAAA==[0m--- maven-clean-plugin:2.4.1:clean (default-clean) @ search-pom ---
[8mha:AAABPR+LCAAAAAAAAABb85aBtbiIQS2jNKU4P0+vIKc0PTOvWC8xrzgzOT8nv0jPEchyBrH88ktSGSCAkYmByYeBA6zAN7GghEHdB6JfH6pfH65fH64fqNDah4ElJbEksYRByCcrsSxRPycxL10/uKQoMy/duqKIQQrqiuT8vOL8nFQ9ZwiNajNDRQHQwaqEHQy08PUKjvyHkcHPmRiYoxlYk9LBjhWOxrQcKJsGki1kqGNgA7oyLzE3FcRmqigoLYLp0APp0IPqWHsp7PlL2Wp3sIOALuMoYWBXNnEGQRDLzc0ACEAsAwMQGyIGY5mYWRg5mcDUubnB1EFYbmBQCrKfA2aygQHMPGcXhMkgNkQMxjJ0tYSaBxJxdoGpg7BcTUGwhIG1oiS1KLeEISDa08/NP1aBWoALADftnitPAgAA[0m[INFO]                                                                         
[8mha:AAABPh+LCAAAAAAAAABb85aBtbiIQS2jNKU4P0+vIKc0PTOvWC8xrzgzOT8nv0jPEchyBrH88ktSGSCAkYmByYeBA6zAN7GghEHdB6JfH6pfH65fH64fqNDah4ElJbEksYRByCcrsSxRPycxL10/uKQoMy/duqKIQQrqiuT8vOL8nFQ9ZwiNajNDRQHQwaqEHQy08PUKjvyHkcHPmRiYoxlYk9LBjhWOxrQcKJsGki1kqGNgA7oyLzE3FcRmqigoLYLp0APp0IPqWHsp7PlL2Wp3sIOALuMoYWBXNnEGQRDLzc0ACEAsAwMQGyIGY5mYWRg5mcDUubnB1EFYbmBQCrKfA2aygQHMPGcXhMkgNkQMxjJ0tYSaBxJxdoGpg7BcTUGwhIG1oiS1KLeEISDa08/NP1ZBl0qACwBzBPd0TwIAAA==[0m[INFO] ------------------------------------------------------------------------
[8mha:AAABWB+LCAAAAAAAAACFj9FKwzAUho/VafFS7wRhICoIpplMUXa1dasKdRMqggyRbKtdpWtqmkpB8Hm80JfxDbwaIr6DSdNMxAtPLvJx8v/n/Hn5gkrKYGucjVIaoyTKgjBOEYnTcEgjylBTkC2pS7kPquYMMFwwC8EZSThsu8pvlX5r5rdmfiFsuLAwIpxwWHHvyAOxIhIHlsdZGAeNnMFamWJI45RGPrLV/Xsz5IkIvPl/YLHw89mk71fe1ID5PlQGQRF2tf93uXi9la/38ASLImVMJr5kI08yph1IOlDpeH27nH6sPx4XgUQyk8PSRt2WR5LjYFGSMJaseprqB4d7rbrWOY7WKXKKyuR+U0/GWM+z2z+TJaueplrnqJwnO3Zb6xR19uXhUMm5zyYcdvqnXad3XW1lYTQSv6qmPmHDcRWjGsI3g0O863Wb595J72L5G8lPq08pAgAA[0m[INFO] Building search 0.1.0_b80-SNAPSHOT
[8mha:AAABPh+LCAAAAAAAAABb85aBtbiIQS2jNKU4P0+vIKc0PTOvWC8xrzgzOT8nv0jPEchyBrH88ktSGSCAkYmByYeBA6zAN7GghEHdB6JfH6pfH65fH64fqNDah4ElJbEksYRByCcrsSxRPycxL10/uKQoMy/duqKIQQrqiuT8vOL8nFQ9ZwiNajNDRQHQwaqEHQy08PUKjvyHkcHPmRiYoxlYk9LBjhWOxrQcKJsGki1kqGNgA7oyLzE3FcRmqigoLYLp0APp0IPqWHsp7PlL2Wp3sIOALuMoYWBXNnEGQRDLzc0ACEAsAwMQGyIGY5mYWRg5mcDUubnB1EFYbmBQCrKfA2aygQHMPGcXhMkgNkQMxjJ0tYSaBxJxdoGpg7BcTUGwhIG1oiS1KLeEISDa08/NP1ZBl0qACwBzBPd0TwIAAA==[0m[INFO] ------------------------------------------------------------------------
[8mha:AAABlx+LCAAAAAAAAACFUrFOwzAQPQqFihE2JCQkBEy106qg0k6QNiyFpRISYnITkwYS2zhOCULiH/gLBvgZ/oCpQoh/wI6bIsTAefDz3Xt3L7q8fEE1lbA7zoKUMyTiLIxYighLI5/HXKIjjVyDzriiYGOhApUB1ArCKREK9gZWj2d6PNfjuV4TuwNYCogiCtYG12RCcExYiIdKRizs5hI2Zi58zlIeU+Ta+/dkyIU2vPO/YT3w87nG3y+G0wosXkJ1FBZm1y//DtfVK1O9hUdY1i4ZSajBlVxkslQgo0Azxevb+fRj8+GkMKSd1RSsbLdccwzyPEeHQY5jsM2VqHXQbh63Sp7nlTyLvCIyM79Wdnacsp/b++lssM2VqNE/nPUzGbdX8izq75ujoJorKhMFTz1+x2JOAv1Fna2xUqKDcVAfZVEcNFBEgqbehRRIEv8mFcSn+pl02g3HwYzmWYr1phRlCoeSZyLFIhvFkY+5DHUloGOiKbrEJ/c4IRPKcFhcdbs1m6snVBHzV6A8iVe/AUiuWUyQAgAA[0mDownloading: http://d-build1.iad2.corp.rackspace.com:8100/nexus/content/groups/public/org/codehaus/groovy/maven/gmaven-plugin/maven-metadata.xml
[8mha:AAABrx+LCAAAAAAAAACFUsFuEzEQnYaGrji2t0pIK1VAOcTehJSG9EQ2WQ5Ne4mEhHJyds1mYdd2bW+6CInPQRzgZ/iDnqKq4h9qr7OpEAfGBz/PvDfzpPHPP9BWEp4vy0RxhkRephlTiDCVxTznEr01KLTokmsKLnZa0JqCVxMuiNDwYur0eKPHWz3e6g3xbAq7CdFEw/70E1kRnBOW4pmWGUvPKgmHGxcxZ4rnFIXu/nsyVMIYfvZ/w2bg3Q+P33yYrVvwaA7tRVqbPZj/O9xUP9rqFXyDx8YlIwW1uFWJUjYKZBVoo/j1+/369unXd7Uh48zTsHfUD+2xKIoCExYFgcUu16D+60Fv1G94UdTwHIrqKO18r+kcBE2/cPzQ2WKXa1B38mbTz2bCccNzaHJij4Z2paksNHwf82uWc5LQZOgvtRZDjJPOoszypIsykvTMKqRAksSflSAxNc9iOOgGAWa0KhU2i9KUaZxKXgqFRbnIsxhzmZpKQpfEUEyJr77ggqwow2l9ddzSXK5TUE3sp0BVkfvHJ4NX/sgn2u+iU/98hBWNXz65B2D2Y/+lAgAA[0mDownloaded: http://d-build1.iad2.corp.rackspace.com:8100/nexus/content/groups/public/org/codehaus/groovy/maven/gmaven-plugin/maven-metadata.xml (583 B at 1.7 KB/sec)
[8mha:AAABOR+LCAAAAAAAAACFjsFKxDAQhsdqtXjUmyAIot7SKlWUPbndrQh1PSwIUjzE3Vor3aSmqRQEn8eDvoxv4GkR8R3MNM2KeHDmkI/J/8/8L19glwK2b6txyRkp8irNWEkoK7MRz7kgx4oCpAGXCeias8CKwGkEZ7SQsBNpv9v63ZnfnfmVsBPBwphKKmEluqMP1M0pS92hFBlLO7WAtTbFiLOS5wkJ9Pv7MtSFCrz1f2B18PPZ4e+Xw6kF8zHY12kTdjX+e1z93uDvPTzBokrJ6CRBtuqiEsZB0EFax+vbxfRj/fGkCaSSORKWNv0AGykMPVVInoesZ4b8g8O9rm90YWh0msKmKrzvmM2eZ/YFvZ/NyHpmaLd/1O7DSdAzOk39fWwJdi0TMZHgxKeD8PxqY/kbaqkK+wcCAAA=[0m[INFO] 
[8mha:AAAB4h+LCAAAAAAAAACFUc2L00AcHavV4lFvLkJA/KLkq6Ru7LJgM21Cd2ObpRrshj1M02mamI+aTEKq4N/jQf8Zj948LSL+D84kzYp48M1hHr957/cezOdfoJ2l4NEmX2VJLGzD3PPjTEBx5rtJmKTCkDLI2DQhGNS41gItE3QqwUu0JeCxWfvFvV+88otXfio8MsGNFSKIgDtmgAokhij2xDlJ/dg7KlNwb9/CTeIsCbEA6/vvZFBuaeGH/y9MA39+6iTfF/PLFrjugPbSq8redf4Np69r9voOfAQ3acsYRZjxVrnN08YhMIewd3z5al/+uP/BqArRZh0Cbj1QIDuM6bpEwZgkMV7PGqY8U3ua0uh0vdHVTK+Qs/xOs1mSmn1w9Gcz4/WsYfL4+X4fm8BRo6vZuM8OAe2S4DQi4JszmeqzC+7AUaMNGgwpFlrXhMMG2lLtI40s/cnZPAqmp68VS+oWJ+ZYyWWvsAJcmiPbel+uxkZRROfdN4f9c/zWDGf2ungVuKpunXjI8P2JcYp8o2/tVKXYufZIjuFQnu9oQAChrp1Bu3c4CxZV5vHxgSNFPM9zESpwzLshRjFff/SgJyiCPKhG3JMVXqM8JLXiKfeCyzBK3Q1Hvbd/A79bfk3ZAgAA[0m[INFO] [8mha:AAAAYB+LCAAAAAAAAABb85aBtbiIQSmjNKU4P0+vJLE4u1gvPjexLDVPzxdEGvvmZ+X75ZekLlOVfvTjc8FPJgaGiiIGKaiG5Py84vycVD1nCA1SyAABjCCFBQCV27OjYAAAAA==[0m--- maven-clean-plugin:2.4.1:clean (default-clean) @ search ---
[8mha:AAABOR+LCAAAAAAAAACFjsFKxDAQhsdqtXjUmyAIot7SKlWUPbndrQh1PSwIUjzE3Vor3aSmqRQEn8eDvoxv4GkR8R3MNM2KeHDmkI/J/8/8L19glwK2b6txyRkp8irNWEkoK7MRz7kgx4oCpAGXCeias8CKwGkEZ7SQsBNpv9v63ZnfnfmVsBPBwphKKmEluqMP1M0pS92hFBlLO7WAtTbFiLOS5wkJ9Pv7MtSFCrz1f2B18PPZ4e+Xw6kF8zHY12kTdjX+e1z93uDvPTzBokrJ6CRBtuqiEsZB0EFax+vbxfRj/fGkCaSSORKWNv0AGykMPVVInoesZ4b8g8O9rm90YWh0msKmKrzvmM2eZ/YFvZ/NyHpmaLd/1O7DSdAzOk39fWwJdi0TMZHgxKeD8PxqY/kbaqkK+wcCAAA=[0m[INFO] 
[8mha:AAAB4h+LCAAAAAAAAACFkctu00AUhodAIGJJd1RIllC5KIovldO6qSoRT2IrrZu4ClikVhcTZ+LY9SXYY8sBiedhAc+CxBuwqhDiHZix4yLEgjOL+XTm/Of/pfn8CzTTBDxbZYs0jvh1kLlelPIoSj0nDuKE71OCjMYxwaCqOw3QMECrHDhHawKeG5Ve2OqFW71wq6eDxwa4t0AEEfDI8FGOhABFrjAliRe5x0UCHm9TOHGUxgHmYXX/7QyKNQ289//A1PDnp1b8fTa9aYC7NmjO3TLsjv2vOX1dstd34CO4T1NGKMSMG8U6S2oFzxT8VvHlm3Xz48kHvQxEk7UIePBUhuww0jSRFiNRZFz1apIPlH1Vruc0rZ6rSCsrY/6terMo1vvg4M9mxlWvJml4tN3HOnBQz1U07LJDQLMgOAkJ+GqPxtrkitu1lXCFen1aM7VtwH5d6lzpIpXMvdHFNPTHZ29kU2znp8ZQziQ3N31cGAPLfF8shnqeh5ftt4fdS3xtBBNrmb/2HUUzT12ke95IP0Oe3jU3ipxvHGsgRbAvTTfUwIdQUy+gtX848Wel58nJri2GnU6Hc0OU46hT/XFP4sUeLrCTEcy9WOAlygLyknvFpRglzoqjgoe/Abbdg63OAgAA[0m[INFO] [8mha:AAAAYB+LCAAAAAAAAABb85aBtbiIQSmjNKU4P0+vJLE4u1gvPjexLDVPzxdEGvvmZ+X75ZekLlOVfvTjc8FPJgaGiiIGKaiG5Py84vycVD1nCA1SyAABjCCFBQCV27OjYAAAAA==[0m--- gmaven-plugin:1.0:execute (default) @ search ---
[8mha:AAABOR+LCAAAAAAAAACFjsFKxDAQhsdqtXjUmyAIot7SKlWUPbndrQh1PSwIUjzE3Vor3aSmqRQEn8eDvoxv4GkR8R3MNM2KeHDmkI/J/8/8L19glwK2b6txyRkp8irNWEkoK7MRz7kgx4oCpAGXCeias8CKwGkEZ7SQsBNpv9v63ZnfnfmVsBPBwphKKmEluqMP1M0pS92hFBlLO7WAtTbFiLOS5wkJ9Pv7MtSFCrz1f2B18PPZ4e+Xw6kF8zHY12kTdjX+e1z93uDvPTzBokrJ6CRBtuqiEsZB0EFax+vbxfRj/fGkCaSSORKWNv0AGykMPVVInoesZ4b8g8O9rm90YWh0msKmKrzvmM2eZ/YFvZ/NyHpmaLd/1O7DSdAzOk39fWwJdi0TMZHgxKeD8PxqY/kbaqkK+wcCAAA=[0m[INFO] 
[8mha:AAAB6R+LCAAAAAAAAACFkU2L00AYx8dqtXjUm4sQEN8ozcuSurHLgs20Cd2NbZZosBv2MEln08S81GQSUgU/jwf9Ml49eVpE/A7OJM2KePCZw/x45vk//z/M51+gm2fg0bpY5WnCb6LCD5KcR0keeGmUZvyYEmQ0TwkGTV3rgI4BevXAS7Qh4LHR6IWdXrjSC1d6OnhogBsrRBABd4wQlUiIUOILFsmCxD+sMnBvl8JLkzyNMA+b+29nUG1o4If/D0wNf37qpd+X1mUHXHdA1/XrsHedf83p6wV7fQc+gps0ZYJizLhTbYqsVfBMwe8UX77alz/uf9DrQDRZj4BbD2TIDiNNE2kxEkXGTa8l+Zmyr8rtnKa1cw1pdRXMv9duFsV2H5z82cy46bUkTZ/v9rEOnLRzDU2H7BDQrQjOYgK+ObO5tjjn9hwlXqPRmNZS7Rtw3JbqKkOkEjeYnVpxOD95LZtivzw2pnIh+aUZ4sqY2Ob7ajXVyzI+6785GJ7ht0a0sC/KV6GnaOaxj/QgmOknKNCH5laRy61nT6QEjiVrSw1CCDX1FNr7B4twWXseHe05YjwYDDg/RiVOBs0fjyReHvk4wRki2CKFm3NP3CKIVnqWpmWA86fcCy7HKPPWHBXf/g0x8s5m2gIAAA==[0m[INFO] [8mha:AAAAYB+LCAAAAAAAAABb85aBtbiIQSmjNKU4P0+vJLE4u1gvPjexLDVPzxdEGvvmZ+X75ZekLlOVfvTjc8FPJgaGiiIGKaiG5Py84vycVD1nCA1SyAABjCCFBQCV27OjYAAAAA==[0m--- gmaven-plugin:1.4:generateStubs (buildGroovies) @ search ---
[8mha:AAABTB+LCAAAAAAAAACFj0FLwzAUx5/VafGoN0EsiHprO6mi7KTdOpQ6DwNBiodsi3XSJV2SSkHw83jQL+M38DRE/A4mTTMRD74c8uPl/3/vn5cvaHAGu3fFiFPi5lmRjgl3EeHjIc0oc08khYp6VGDQtWCBFYNdCS5QLmAv1n6v9ntzvzf3S2ErhqUREkjAWnyPHpCXIZJ6fcHGJG2VDDbqFENKOM2wG+r792Yocxl45//AcuHns03fr/szCxYTaAzSKux68ne5fL1Vr1N4gmWZkqAJVmyVecGMw1UOt3a8vl3NPjYfu1UgmcwWsLIdhOooiiJfliLfV6x7hoLDo/3TwOiiyOg0RVUVar9tJvu+mRe2fyYr1j1Dzc5xPU91wrbRaeocqCOgUQrMJgK2krNedHnjdDHBDAk8coKmcy6/6nBRDPjqN/cpdyUeAgAA[0m[INFO] Generated 41 Java stubs
[8mha:AAABOR+LCAAAAAAAAACFjsFKxDAQhsdqtXjUmyAIot7SKlWUPbndrQh1PSwIUjzE3Vor3aSmqRQEn8eDvoxv4GkR8R3MNM2KeHDmkI/J/8/8L19glwK2b6txyRkp8irNWEkoK7MRz7kgx4oCpAGXCeias8CKwGkEZ7SQsBNpv9v63ZnfnfmVsBPBwphKKmEluqMP1M0pS92hFBlLO7WAtTbFiLOS5wkJ9Pv7MtSFCrz1f2B18PPZ4e+Xw6kF8zHY12kTdjX+e1z93uDvPTzBokrJ6CRBtuqiEsZB0EFax+vbxfRj/fGkCaSSORKWNv0AGykMPVVInoesZ4b8g8O9rm90YWh0msKmKrzvmM2eZ/YFvZ/NyHpmaLd/1O7DSdAzOk39fWwJdi0TMZHgxKeD8PxqY/kbaqkK+wcCAAA=[0m[INFO] 
[8mha:AAAB6R+LCAAAAAAAAACFkctu00AUhodAIGIJOyokS4ibIl8SOa1JVYl4EltpTeIqYJFaLCbO1LHxDXtsHJB4HhbwMrwBYlEhxDswY8etEAvOLPzNmfOf/5f85TdoZyl4tMnXWRwJSZC7XpQJKMo8Jw7iVBhRgoxmMcGgrmst0DJApxp4gRICHhu1XtzpxUu9eKmng4cGuLFGBBFwx/BRgcQARa64IKkXuYdlCu7tUjhxlMUBFmD9/dsZlAkN/PD/ganhr8+d+PtycdEC123QXrlV2Lv2v+b09Zy9vgOfwE2aMkIhZtwqkzxtFAJTCDvF12/Wxc/7H/UqEE3WIeDWAxmyw0jTJFqMJIlx3WtI3lf6qtzMaVozV5NWVc78O81mSWr2wfHVZsZ1r6He5NluH+vAcTNX02TADgHtkuA0JOCHPZ1p8zfcnq2EGzQc0VqqXQOOmlJXygCpZOVNTxehPzt5JZtStzg2JnLecwvTx6UxtswP5XqiF0V41n19MDjDb41gbp0XL31H0cxjF+meN9VPkKcPzK0iF1vHGvciOOotttTAh1BTT6HVP5j7y8rz6GjPlkKe57kQFTjiU5zFeergjK9/9rAv7A+dONlevXBPqvt7vEJJ8pR7zmUYpc6Go0tu/wH73NyR4gIAAA==[0m[INFO] [8mha:AAAAYB+LCAAAAAAAAABb85aBtbiIQSmjNKU4P0+vJLE4u1gvPjexLDVPzxdEGvvmZ+X75ZekLlOVfvTjc8FPJgaGiiIGKaiG5Py84vycVD1nCA1SyAABjCCFBQCV27OjYAAAAA==[0m--- maven-resources-plugin:2.6:copy-resources (copy-webapp) @ search ---
[8mha:AAABYB+LCAAAAAAAAACFj0FLwzAUx5/VafGoN0EoiO5kW2XKdCftVhHqPMwJMjzENquVmtQklYrg5/GgX8Zv4GmI+B1M2mYiHnw55MfL///ePy9f0OAMNq7ziFNiZ2keJ4TbiPAkpCll9oEkT1GfCgxVzRhgBGCWghOUCWgGld+p/c7U70z9UtgJYC5CAglYCm7QPXJSRGJnIFhC4k7BYKVOEVLCaYptr7p/b4Yik4HX/w8sF34+m/T9YjAxYHYEjau4DLs8+rtcvo7V6x08wbxMSdAtVmwUWc60w1YOu3a8vp1PPlYfj8pAMpkpYGGt5amjyPddWYpcV3HV09TabW8ftrTO97WuIr+sXO039WTX1fO87s9kxVVP01Zvr56nOl5X6yrq7agjoFEIzG4F7I+O+/7ppTXk8ktWc3jmb7abFiYhjVRDUCuk2YM1TlKpx5HFMKc5CzG3F78Bz0LDdTkCAAA=[0m[INFO] Using 'UTF-8' encoding to copy filtered resources.
[8mha:AAABSR+LCAAAAAAAAACFj8FKxDAQhsdqtXjUmyIURL21Vasoe9LuVoS6HhYEKR5it9ZKN+kmqVQEn8eDvoxv4GkR8R1MmmZFPDg55GPy/zN/Xr7AZBQ2b6shI9gpiyrLMXMQZnlCCkKdI0GBpD7hKaiaMcCIwGoEZ6jksBUpv9v63anfnfqFsBPB3BBxxGEpukP3yC0QztwBpznOOjWFlTZFQjAjReoE6v69GepSBN74P7BY+PlskffLwcSA2RjM66wJuxz/XS5eb+TrGJ5gXqTEaJRKNuqyotrhSIfTOl7fLiYfa48nTSCRzOKwsO4H8kgKQ0+UJM+TrHqa/P2DnWNf68JQ6xSFTVVyv6Une56eF3R/JktWPU3bvcN2nuwEXa1T1NuTh4NZ85SOOKzGp/3w/MoOSPkgPmXv2jRlpKJJyha/AWKwgQgaAgAA[0m[INFO] Copying 3 resources
[8mha:AAABOR+LCAAAAAAAAACFjsFKxDAQhsdqtXjUmyAIot7SKlWUPbndrQh1PSwIUjzE3Vor3aSmqRQEn8eDvoxv4GkR8R3MNM2KeHDmkI/J/8/8L19glwK2b6txyRkp8irNWEkoK7MRz7kgx4oCpAGXCeias8CKwGkEZ7SQsBNpv9v63ZnfnfmVsBPBwphKKmEluqMP1M0pS92hFBlLO7WAtTbFiLOS5wkJ9Pv7MtSFCrz1f2B18PPZ4e+Xw6kF8zHY12kTdjX+e1z93uDvPTzBokrJ6CRBtuqiEsZB0EFax+vbxfRj/fGkCaSSORKWNv0AGykMPVVInoesZ4b8g8O9rm90YWh0msKmKrzvmM2eZ/YFvZ/NyHpmaLd/1O7DSdAzOk39fWwJdi0TMZHgxKeD8PxqY/kbaqkK+wcCAAA=[0m[INFO] 
[8mha:AAAB4x+LCAAAAAAAAACFUduK00AYHqvV4qXeuQgB8UTJoSXdjV0WbKZN6G5ss1SD3bAX03SaJuZQk0lIFXweL/RlfANBWER8B2eSpot44T8X8/HPd4L58hs00wQ8WWfLNI6ETZC5XpQKKEo9Jw7iRBhQBBmaxASDam40QMMArZLwCm0IeGpUenGnF/d6ca+nxGMD3Foiggi4Z/goR2KAIleckcSL3OMiAQ92LZw4SuMAC7C6/04GxYYWfvz/wjTw1+dW/H0+u2qAmzZoLtyy7H3733D6umKv78EncJu2jFCIGW4UmyypFQJTCDvF12/W1c+HH/WyEG3WIuDOIxmyw5CmSXQYkiSGq12N5EOlq8o1T9NqXoW0cjKW36qdJan2g8NrZ4arXY06oxc7P7aBw5pXoVGPHQKaBcFJSMAPezzRppfcga2Ea9Qf0JmrbQMO6lEXSg+pZOGNz2ehPzl7I5tSOz81RnLWcXPTx4UxtMwPxXKk53l40X571LvA74xgaq3y176jaOapi3TPG+tnyNN75laR861jDTsRHHRmWxrgQ6ip59DqHk39eZl5cnJgSyHP81yIchzxCU7jLHFwylef3e8Kh/39knu2xCuUBeSa95x7yaUYJc6aoy53/wAem74a4wIAAA==[0m[INFO] [8mha:AAAAYB+LCAAAAAAAAABb85aBtbiIQSmjNKU4P0+vJLE4u1gvPjexLDVPzxdEGvvmZ+X75ZekLlOVfvTjc8FPJgaGiiIGKaiG5Py84vycVD1nCA1SyAABjCCFBQCV27OjYAAAAA==[0m--- maven-resources-plugin:2.6:resources (default-resources) @ search ---
[8mha:AAABYB+LCAAAAAAAAACFj0FLwzAUx5/VafGoN0EoiO5kW2XKdCftVhHqPMwJMjzENquVmtQklYrg5/GgX8Zv4GmI+B1M2mYiHnw55MfL///ePy9f0OAMNq7ziFNiZ2keJ4TbiPAkpCll9oEkT1GfCgxVzRhgBGCWghOUCWgGld+p/c7U70z9UtgJYC5CAglYCm7QPXJSRGJnIFhC4k7BYKVOEVLCaYptr7p/b4Yik4HX/w8sF34+m/T9YjAxYHYEjau4DLs8+rtcvo7V6x08wbxMSdAtVmwUWc60w1YOu3a8vp1PPlYfj8pAMpkpYGGt5amjyPddWYpcV3HV09TabW8ftrTO97WuIr+sXO039WTX1fO87s9kxVVP01Zvr56nOl5X6yrq7agjoFEIzG4F7I+O+/7ppTXk8ktWc3jmb7abFiYhjVRDUCuk2YM1TlKpx5HFMKc5CzG3F78Bz0LDdTkCAAA=[0m[INFO] Using 'UTF-8' encoding to copy filtered resources.
[8mha:AAABSR+LCAAAAAAAAACFj81KxDAUha/VanGpO0UoiLprq9Q/ZqWdqQh1XAwIUlzETq2VTtJJUqkIPo8LfRnfwNUg4juYNM2IuPBmkY+bc+49efkCk1HYvK2GjGCnLKosx8xBmOUJKQh1jgQFkvqEp6BqxgAjAqsRnKGSw1ak/G7rd6d+d+oXwk4Ec0PEEYel6A7dI7dAOHMHnOY469QUVtoUCcGMFKkTqPv3ZqhLEXjj/8Bi4eezRd4vBxMDZmMwr7Mm7HL8d7l4vZGvY3iCeZESo1Eq2ajLimqHIx1O63h9u5h8rD2eNIFEMovDwrofyCMpDD1RkjxPsupp8vcOdo59rQtDrVMUNlXJ/Zae7Hl6XtD9mSxZ9TRt9w7bebITdLVOUW9XHg5mzVM64rAan/bD8ys7IOWD+JS9b9OUkYomKVv8Bh2LhwsaAgAA[0m[INFO] Copying 7 resources
[8mha:AAABTx+LCAAAAAAAAACFj81KxDAUha/VanGpO0EoiD+rtCNVlFlpZypCHRcDghQXsVNrpZN00lQqgs/jQl/GN3A1iPgOJk0zIi68WeTj5px7T16+wCwZbN1Wo5ISVORVmpESYVJmMc0pQ0eCfEkDyhNQNWeAEYLVCM5wwWE7VH6n9TszvzPzC2E3hIUR5pjDSniH77GTY5I6Q84yknZrBmttipiSkuYJ8tX9ezPUhQi8+X9gsfDz2aLvl8OpAfMRmNdpE3Y1+rtcvN7I1wk8waJISfA4kWzURcW0A0kHah2vbxfTj/XHkyaQSGZxWNrwfHkkBYErSpLrSlY9Td7+we6xp3VBoHWKgqYqud/Sk11Xz/N7P5Mlq56mTv+wnSc7fk/rFPX35OFg1jxhYw470ekgOL+y28unxYP4m92xWVLSisWJzamNkLP8DSA3rr4nAgAA[0m[INFO] [INFO] Copying 1 resource to ../
[8mha:AAABMR+LCAAAAAAAAACFjrFOwzAQhq+BQMQIGxITAjY7oIBAnSBtWAJLJSTUybQhBKV2cJwqEhLPw9C+DG/AVCHEO+CL4yLEwN3gT+f/v/tnX+CWEvYfqnEpOCnyKs14SRgvs5HIhSTnmkKka6ESMNVxwInBawRXrFBwEBs/bf106adLvxZ2Y1gdM8UUbMaPbMpoznhKB0pmPO3WErbbFCPBS5EnJDTv78tQFzrw3v+B9cHPV0+83w4WDqwMwb1Lm7Bbw7/H9e89/j7BC6zplJxNEmSnLippHQQdpHXM324WHzvPl00gncxTsL4bhNhIUeTrQvJ9ZDOzFJycHl0EVhdFVmcoaqrC+57d7Pt2X9j72YxsZpYO+2ftPpyEPasz1D/GVuDWKpETBZ2Nbxim58gAAgAA[0m
[8mha:AAAB4h+LCAAAAAAAAACFUduK00AYHqvV4qXeuQgB8UTJoTV1Y5cFm2kTuhvbLNVgN3gxTdM0MSeTSUgVfB4v9GV8g71aRHwHZ5rMinjhPxfz8c93gvn6C7TzDDzaFus8iYU0LDw/zgUU576ThEkmjAiCFM0S7IJ6rrVAywCdPeEVSjF4bNR6sdGLV3rxSk+IRwa4sUYYYXDHCFCJxBDFnrjAmR97R1UG7jUtnCTOk9AVYH3/nQyqlBR++P/CJPDnl05ysVxctsB1G7RX3r7sXfvfcPK6oa8fwGdwk7SMUeRS3KrSImMKgSqERvHtu3X54/4nfV+INOtgcOuBDOmhSNMkMhRJEsX1jiH5udJXZcbTNMarkbafguZ3mLMkMT84/uNMcb1jqDd50fjRDRwzXo0mA3owaFfYzSIMLuzpTJu/4w5sJdqi4YjMUu0acMRGXSkDpOKVPz1bRMHs9I1sSt3yxJjIRc8rzcCtjLFlfqzWE70so/Pu28PBufveCOfWpnwdOIpmnnhI9/2pfop8fWDuFLncOda4F8NRb7EjAQGEmnoGrf7hPFjuM4+PD2wp4nmei1DpxryTRKkfuhlf//WwLzwT+sNmyz1ZuxtUhJjRnnIvudxFmbPliMXt3ybVCs7gAgAA[0m[INFO] [8mha:AAAAYB+LCAAAAAAAAABb85aBtbiIQSmjNKU4P0+vJLE4u1gvPjexLDVPzxdEGvvmZ+X75ZekLlOVfvTjc8FPJgaGiiIGKaiG5Py84vycVD1nCA1SyAABjCCFBQCV27OjYAAAAA==[0m--- maven-compiler-plugin:2.3.2:compile (default-compile) @ search ---
[8mha:AAABgx+LCAAAAAAAAACFkc1Kw0AUha/VanCpO0EIiLrLRIlScaVpI0Ksi6ogxcU0naZp05k4M6kBwedxoS/jG7gqIr6DM/mpiAvvLObjzjn3npCXL6gLDjvDtC8YtZI4DSMqLExFFLCYcetEkaupzSSBohZqUPPByAUXOJGw6xd+VPrR3I/mfiU89mGpjyWWsOaP8BSjGNMQdSSPaHiccdgoUwSMChYTyy3u35shS1Tg7f8Dq4WfzwZ7v+3MarDYhXovzMOud/8uV68D/XoPT7CsUlI8IZprWZLyymFph1U6Xt9uZh+bj2d5IJXMkLCy5bj6aPI8W5Um29Zc9CpyDhv7p06l87xKV5CXV6r3G9Vk267muc2fyZqLXkV7raNynu64zUpXUOtAHwn1TBI+kTDunre9yzvTZZMkitVnmU7DFCzlATEHUUyEKZmJppijOOqhEaFj/XNHrCfQVYdgHgyvaSQlERI9MD4WCQ4IEoRPI3VLzEMiURBjIYhY/QZ3ancZagIAAA==[0m[INFO] Compiling 48 source files to /var/lib/jenkins/jobs/TSearchUnittest/workspace/service/target/classes
[8mha:AAABOR+LCAAAAAAAAACFjsFKxDAQhsdqtXjUmyAIot7SKlWUPbndrQh1PSwIUjzE3Vor3aSmqRQEn8eDvoxv4GkR8R3MNM2KeHDmkI/J/8/8L19glwK2b6txyRkp8irNWEkoK7MRz7kgx4oCpAGXCeias8CKwGkEZ7SQsBNpv9v63ZnfnfmVsBPBwphKKmEluqMP1M0pS92hFBlLO7WAtTbFiLOS5wkJ9Pv7MtSFCrz1f2B18PPZ4e+Xw6kF8zHY12kTdjX+e1z93uDvPTzBokrJ6CRBtuqiEsZB0EFax+vbxfRj/fGkCaSSORKWNv0AGykMPVVInoesZ4b8g8O9rm90YWh0msKmKrzvmM2eZ/YFvZ/NyHpmaLd/1O7DSdAzOk39fWwJdi0TMZHgxKeD8PxqY/kbaqkK+wcCAAA=[0m[INFO] 
[8mha:AAAB5R+LCAAAAAAAAACFkd+K00AUxsdqtXipdy5CQPxHaf4sqRu7LNikTehubLNUg92yF9N0Np2YZGIyCamCz+OFvozgA3i1iPgOziTNinjhmYv5ceZ85/tgPv8C7SwFjzb5OiOxmIS5j+NMhHGGPRKSVBwyMjhNCUWgrmst0LJBpxp4CRMKHtu1XtrppSu9dKVng4c2uLGGFFJwxw5gAaUQxr40pymO/cMyBfd2KTwSZyREolHffzuDMmGBH/4/MDP8+alDvi/mly1wfQnaK78Ke3f5rzl7veCv78BHcJOljGGEOLfKJE8bhcgV4k7x5at7+eP+B6sKxJJ1KLj1QDX44WSaMitOssy57jWkPtP2dbWZM81mriazqpz7d5rNstzsM0Z/NnOuew0p4+e7fbxjjJq5msZ9fiholxSlEQXflpOpOTsX9pZatIGDIauF3rWNYVP6SutDna7w5HQeBdOT16ojd4tje6zmil84ASrtkeu8L9djqyiis+6bg/4ZemuHM/eieBV4mukc+9DCeGKdQGz1na2mFlvPHSmxMVTmW2YQGIapnxru/sEsWFSeR0d7Sznq9XqCH8ECxb36jweKqA48EiU4RMKTVY7DtZUSUmCUPRVeCBmCqbcRmOz2b0B37vrUAgAA[0m[INFO] [8mha:AAAAYB+LCAAAAAAAAABb85aBtbiIQSmjNKU4P0+vJLE4u1gvPjexLDVPzxdEGvvmZ+X75ZekLlOVfvTjc8FPJgaGiiIGKaiG5Py84vycVD1nCA1SyAABjCCFBQCV27OjYAAAAA==[0m--- gmaven-plugin:1.4:compile (buildGroovies) @ search ---
[8mha:AAABTx+LCAAAAAAAAACFjs9Kw0AQxsdoNHjUmyAERb0lUeKf0pOmTRFiPRQECR7WNsZIuht3NyUi+Dwe9GV8A09FxHdwN5utiAdnDvtj9vtmvpcvMBmF7dtyxAh2irxMM8wchFk2JDmhzrGgQFKf8ARUzRlgRGDVgjNUcNiJlN9t/O7M7878QtiOYGGEOOKwEt2hCXJzhFN3wGmG03ZFYa1JMSSYkTxxAvX+vgxVIQJv/R9YHPx8tsj75WBqwHwM5nVah12N/x4Xvzfy9x6eYFGkxGicSDaqoqTa4UiH0zhe3y6mH+uPvTqQSGZxWNr0A9mSwtATJcnzJKuZJv/gaO/E17ow1DpFYV2lvG/pzZ6n9wWdn82S1UzTbrfV7JOToKN1irr7sjmYFU/omMNGfNoPz6/sgIyLLE9G9mHL7lFCJg/2MEeMJWz5G4SRMAMhAgAA[0m[INFO] Compiled 79 Groovy classes
[8mha:AAABOR+LCAAAAAAAAACFjsFKxDAQhsdqtXjUmyAIot7SKlWUPbndrQh1PSwIUjzE3Vor3aSmqRQEn8eDvoxv4GkR8R3MNM2KeHDmkI/J/8/8L19glwK2b6txyRkp8irNWEkoK7MRz7kgx4oCpAGXCeias8CKwGkEZ7SQsBNpv9v63ZnfnfmVsBPBwphKKmEluqMP1M0pS92hFBlLO7WAtTbFiLOS5wkJ9Pv7MtSFCrz1f2B18PPZ4e+Xw6kF8zHY12kTdjX+e1z93uDvPTzBokrJ6CRBtuqiEsZB0EFax+vbxfRj/fGkCaSSORKWNv0AGykMPVVInoesZ4b8g8O9rm90YWh0msKmKrzvmM2eZ/YFvZ/NyHpmaLd/1O7DSdAzOk39fWwJdi0TMZHgxKeD8PxqY/kbaqkK+wcCAAA=[0m[INFO] 
[8mha:AAAB5x+LCAAAAAAAAACFkc1u00AUhYdAaMQSdlRIlqpSUBT/VA51U1UinsRWWpO4BCxSi8XEmTg2/kntseWAxPOwgJdhw5pVhRDvwIwdFyEW3Fn405177jkjf/4FmmkCHq+yRRpH/DrIXC9KeRSlnhMHccL3KUFG45hgUNWtBmgYoFUOvEBrAg6MSi9s9cKNXrjR08ETA9xZIIIIuG/4KEdCgCJXmJLEi9yTIgEPtymcOErjAPOw+v7tDIo1Dbz//8DU8OenVvx9Nr1ugNs2aM7dMuwD+19zertkt1fgI7hLU0YoxIwbxTpLagXPFPxW8eWrdf3j0Qe9DESTtQjY2ZMhO4w0TaTFSBQZV72a5GfKoSrXc5pWz1WklZUx/1a9WRTrfXDwZzPjqleTNDze7mMdOKjnKhp22SGgWRCchAR8s0djbfKW27WVcIV6fVoztW3Afl3qXOkilcy90cU09Mfnr2VTbOdnxlDOJDc3fVwYA8t8XyyGep6Hl+03R91L/M4IJtYyf+U7imaeuUj3vJF+jjy9a24UOd841kCKYF+abqiBD6GmXkDr8Gjiz0rP09NdWww7nQ7nhijHUaf6xz2Jl3u4wE5GMPdk6QX0CS9xGmeJg9On3HMuxShxVhwV3vsNLfAUdtYCAAA=[0m[INFO] [8mha:AAAAYB+LCAAAAAAAAABb85aBtbiIQSmjNKU4P0+vJLE4u1gvPjexLDVPzxdEGvvmZ+X75ZekLlOVfvTjc8FPJgaGiiIGKaiG5Py84vycVD1nCA1SyAABjCCFBQCV27OjYAAAAA==[0m--- gmaven-plugin:1.4:execute (filterResources) @ search ---
[8mha:AAABOR+LCAAAAAAAAACFjsFKxDAQhsdqtXjUmyAIot7SKlWUPbndrQh1PSwIUjzE3Vor3aSmqRQEn8eDvoxv4GkR8R3MNM2KeHDmkI/J/8/8L19glwK2b6txyRkp8irNWEkoK7MRz7kgx4oCpAGXCeias8CKwGkEZ7SQsBNpv9v63ZnfnfmVsBPBwphKKmEluqMP1M0pS92hFBlLO7WAtTbFiLOS5wkJ9Pv7MtSFCrz1f2B18PPZ4e+Xw6kF8zHY12kTdjX+e1z93uDvPTzBokrJ6CRBtuqiEsZB0EFax+vbxfRj/fGkCaSSORKWNv0AGykMPVVInoesZ4b8g8O9rm90YWh0msKmKrzvmM2eZ/YFvZ/NyHpmaLd/1O7DSdAzOk39fWwJdi0TMZHgxKeD8PxqY/kbaqkK+wcCAAA=[0m[INFO] 
[8mha:AAAB7B+LCAAAAAAAAACFkd+Ok0AUxsdqtfFS79yYkBj/pSl/NtTFbjax0EK6iy0bVmKXeDHQWQrCUGEgVBOfxwt9GV/AeLUxxndwBsoa44VnLuaXM+c735fM51+gm2fg0bpY5SnmN3ERhDjnIc5DP43TjB9T0hjNU4JAU9c6oGOCXj3wEm4IeGw2emGnF670wpWeDh6a4MYKEkjAHTOCJRRiiAPBJlmIg8MqA/d2KfwU52mMeK25/3YG1YYGfvj/wNTw56de+n1pX3bAdRd0vaAOe9f915y+XrDXd+AjuElTYpggxp1qU2StgmcKfqf48tW5/HH/g1EHosl6BNx6IGvsMNJ1kRYjUWTc9FqSnyn7qtzO6Xo715BeV8H8e+1mUWz3aZM/mxk3vZak6fPdPtbRJu1cQ9MhOwR0K4KyhIBv7myuL95we66SrOFoTGup9k1t3JbqKUOoEi+cndpJND95JVtivzw2p3IhBaUVocqcONb7ajU1yjI5778+GJ6jt2a8cC7Ks8hXdOs4gEYYzowTGBpDa6vI5dZ3JhLWxpK9pQaRpunqqebsHyyiZe15dLTnislgMOCCBJYID5o/Hkm8PAoQRhkk6AzlxCaFl3NPvCKMV0aWpmWI8qfcCy5HMPPXHF1w+zfWq68m3gIAAA==[0m[INFO] [8mha:AAAAYB+LCAAAAAAAAABb85aBtbiIQSmjNKU4P0+vJLE4u1gvPjexLDVPzxdEGvvmZ+X75ZekLlOVfvTjc8FPJgaGiiIGKaiG5Py84vycVD1nCA1SyAABjCCFBQCV27OjYAAAAA==[0m--- gmaven-plugin:1.4:generateTestStubs (buildGroovies) @ search ---
[8mha:AAABTh+LCAAAAAAAAACFj0FLwzAUx5/VavGoN0EoiPPW1jFF2Um7dSh1HgaCDA/ZGuukS7oklYLg5/GgX8Zv4GmI+B1MmmYiHnw55MfL///ePy9fYHMGjbsi4ZR4eVakE8I9RPhkTDPKvBNJoaI+FRh0LVlgxeBUgguUC9iLtd+v/f7C7y/8UtiOYSVBAgnYiO/RA/IzRFJ/INiEpO2SwVadYkwJpxn2Qn3/3gxlLgPv/h9YLvx8duj79WBuwfIQ7FFahd0c/l0uX2/V6wyeYFWmJGiKFVtlXjDj8JTDqx2vb1fzj+3HXhVIJnMErO20QnUURVEgS1EQKNY9Q63Do+Zpy+iiyOg0RVUVar9jJgeBmRd2fiYr1j1D+93jep7qhB2j09Q9UEeAXQrMpgIaw7N+dHnj1lcPE8yQwInbDNxz+WOXi2LE178ByyOkwiUCAAA=[0m[INFO] [INFO] Generated 20 Java stubs
[8mha:AAABYB+LCAAAAAAAAACFj0FLwzAUx5/VafGoN0EoiO5kW2XKdCftVhHqPMwJMjzENquVmtQklYrg5/GgX8Zv4GmI+B1M2mYiHnw55MfL///ePy9f0OAMNq7ziFNiZ2keJ4TbiPAkpCll9oEkT1GfCgxVzRhgBGCWghOUCWgGld+p/c7U70z9UtgJYC5CAglYCm7QPXJSRGJnIFhC4k7BYKVOEVLCaYptr7p/b4Yik4HX/w8sF34+m/T9YjAxYHYEjau4DLs8+rtcvo7V6x08wbxMSdAtVmwUWc60w1YOu3a8vp1PPlYfj8pAMpkpYGGt5amjyPddWYpcV3HV09TabW8ftrTO97WuIr+sXO039WTX1fO87s9kxVVP01Zvr56nOl5X6yrq7agjoFEIzG4F7I+O+/7ppTXk8ktWc3jmb7abFiYhjVRDUCuk2YM1TlKpx5HFMKc5CzG3F78Bz0LDdTkCAAA=[0m[INFO] Using 'UTF-8' encoding to copy filtered resources.
[8mha:AAABSR+LCAAAAAAAAACFj8FKxDAQhsdqtXjUmyIURL21Vbqi7Em7WxHqelgQpHiI3Vor3aSbpFIRfB4P+jK+gadFxHcwaZoV8eDkkI/J/8/8efkCk1HYvq1GjGCnLKosx8xBmOUJKQh1jgQFkgaEp6BqzgAjAqsRnKGSw06k/G7rd2d+d+YXwm4ECyPEEYeV6A7dI7dAOHOHnOY469YU1toUCcGMFKkTqPv3ZqhLEXjr/8Bi4eezRd4vh1MD5mMwr7Mm7Gr8d7l4vZGvE3iCRZESo3Eq2ajLimqHIx1O63h9u5h+bDyeNIFEMovD0qYfyCMpDD1RkjxPsupp8vcP9o59rQtDrVMUNlXJ/Zae7Hl6XtD7mSxZ9TTt9g/bebIT9LROUb8jDwez5ikdc1iPTwfh+ZUdkPJBfMru2DRlpKJJypa/AYIVvOcaAgAA[0m[INFO] Copying 5 resources
[8mha:AAABMR+LCAAAAAAAAACFjrFOwzAQhq+BQMQIGxITAjY7oIBAnSBtWAJLJSTUybQhBKV2cJwqEhLPw9C+DG/AVCHEO+CL4yLEwN3gT+f/v/tnX+CWEvYfqnEpOCnyKs14SRgvs5HIhSTnmkKka6ESMNVxwInBawRXrFBwEBs/bf106adLvxZ2Y1gdM8UUbMaPbMpoznhKB0pmPO3WErbbFCPBS5EnJDTv78tQFzrw3v+B9cHPV0+83w4WDqwMwb1Lm7Bbw7/H9e89/j7BC6zplJxNEmSnLippHQQdpHXM324WHzvPl00gncxTsL4bhNhIUeTrQvJ9ZDOzFJycHl0EVhdFVmcoaqrC+57d7Pt2X9j72YxsZpYO+2ftPpyEPasz1D/GVuDWKpETBZ2Nbxim58gAAgAA[0m
[8mha:AAAB6h+LCAAAAAAAAACFkctu00AUhodAIGIJOyokS6hcFPmSyGlNqkrETmylNYlLwCK1WEyciWPXl2CPLQcknocFvAxvwKpCwDswY2eKKhacWfjTOec//y/5y2/QzFLweJ0vsyQWNmHu+XEmwDjz3SRMUmFASKM0STACdd1ogIYJWtXCS7jB4IlZ68WdXrzSi1d6snhkgltLiCEG98wAFlAMYeyJM5z6sXdUpuDBLoWbxFkSIkGrv9edQbkhgff/H5gY/vzcSr7PZ5cNcNMBzYVXhb3v/GtOpis6fQ8+gdskZQwjRLlRbvKUKQSqEHaKr9/syx8PPxpVIJKshcGdR7JGHyVdl0hRkiTKdY+RfKB0VZnt6Trbq0mvKqf+LXZZktg9bfj3MuW6x6gzer67RzvakO3VNOrRh0GzxCiNMPjljCf69B235yjRGvYHpOZq29QGrNSF0oMqXvjjs1kUTE7fyJbULk7MkZx3vMIKUGkObetDuRwZRRGdt98e9s7RhRlO7VXxOnAV3TrxoOH7Y+MU+kbP2ipysXXtYSfWBp3ZlhgEmqarZ5rdPZwG88rz+HjPkSKe57kIFijmU5QleeqijK9/dr8rHPQxyvArNuCeLtEK5iHmr7WfcS+4DMHUXXPk2t0/tPG+XusCAAA=[0m[INFO] [8mha:AAAAYB+LCAAAAAAAAABb85aBtbiIQSmjNKU4P0+vJLE4u1gvPjexLDVPzxdEGvvmZ+X75ZekLlOVfvTjc8FPJgaGiiIGKaiG5Py84vycVD1nCA1SyAABjCCFBQCV27OjYAAAAA==[0m--- maven-resources-plugin:2.6:testResources (default-testResources) @ search ---
[8mha:AAABhx+LCAAAAAAAAACFkc9Kw0AQxsdqNXjUmyAERD2ZjaWK4knTRoRYD1VBiodtuk3Tprtxd9MGBJ/Hg76Mb+CpiPgO7uZPRTw4e5gfM/PNfCEvX1AVHHYGSU8wasVREoRUWJiK0GcR49apIkdTi0kCeSxUoOKBkQ1c4ljCrpfrUaFHcz2a69XgiQdLPSyxhDVviCcYRZgGqC15SIOTlMNG4cJnVLCIWE6ef1+GNFaGt/83rA5+Phvs/a49q8BiB6rdIDO73vl7XHX7uvsAT7CsXFI8JporaZzwUmFphVUoXt9uZx+bj+eZIeXMkLCyVXf00+S6tgpNtq05r5VUPzyqndXLOdct53Jys0j0faPcbNvlPqfxs1lzXitpv3lc7NMVp1HO5dQ80E9CNZWEjyVMOxct9+reLJLDxnEYqa8za7YpWMJ9YvbDiAhTMhNNMEdR2EVDQkf6Hw9ZV6DrNsHcH9zQUEoiJJoyPhIx9gkShE9ClSXmAZFId/f8CAtBxOo3cpazR3YCAAA=[0m[INFO] [INFO] Compiling 20 source files to /var/lib/jenkins/jobs/TSearchUnittest/workspace/service/target/test-classes
[8mha:AAABMR+LCAAAAAAAAACFjrFOwzAQhq+BQMQIGxITAjY7oIBAnSBtWAJLJSTUybQhBKV2cJwqEhLPw9C+DG/AVCHEO+CL4yLEwN3gT+f/v/tnX+CWEvYfqnEpOCnyKs14SRgvs5HIhSTnmkKka6ESMNVxwInBawRXrFBwEBs/bf106adLvxZ2Y1gdM8UUbMaPbMpoznhKB0pmPO3WErbbFCPBS5EnJDTv78tQFzrw3v+B9cHPV0+83w4WDqwMwb1Lm7Bbw7/H9e89/j7BC6zplJxNEmSnLippHQQdpHXM324WHzvPl00gncxTsL4bhNhIUeTrQvJ9ZDOzFJycHl0EVhdFVmcoaqrC+57d7Pt2X9j72YxsZpYO+2ftPpyEPasz1D/GVuDWKpETBZ2Nbxim58gAAgAA[0m
[8mha:AAAB6x+LCAAAAAAAAACFkctu00AUhodAIGIJOyokS6hcFPmS4FCTqhLxJLbSmiRVwCK1upg4E8eub9hjywGJ52EBL8MbsKoqxDswY8cFxIIzC3865/zn/yV/+QmaaQIeb7JVGoVC7GeOG6YCClPXjvwoEQaUIKNJRDCo6kYDNAzQKhdeo5iAJ0alF3d68VovXuvp4qEBbq0QQQTcMzyUI9FHoSPOSeKGzmGRgAe7FHYUppGPBVh9/3YGRUwD7/8/MDX88bkVfV/MLxvgpgWaS6cMe9/615xO12z6HnwCt2nKEAWYcaOIs6RWCEwh7BRfv5mXVw8/6mUgmqxFwJ1HMmSPkaZJtBhJEuOqV5P8Qumqcr2nafVeRVpZGfNv1Zclqb4Hh78vM656NXVGL3f3WAcO672KRj32CGgWBCcBAVfWeKJNz7k9Swk2qD+gtVDbBhzUpS6VHlLJ0h2fzgNvcvJWnknt/NgYyVnHyWceLoyhOftQrEZ6ngdn7XcHvTN8YfhTc52/8WxFmx07SHfdsX6CXL032ypyvrXNYSeEg858Sw08CDX1FJrdg6m3KD2PjvYsKeB5ngtQjkPejoLY9XHCV/+63xWeC90+wSmB1YR7usJrlPmE/6P5jHvFpRgl9oajp+7+An8RNufoAgAA[0m[INFO] [8mha:AAAAYB+LCAAAAAAAAABb85aBtbiIQSmjNKU4P0+vJLE4u1gvPjexLDVPzxdEGvvmZ+X75ZekLlOVfvTjc8FPJgaGiiIGKaiG5Py84vycVD1nCA1SyAABjCCFBQCV27OjYAAAAA==[0m--- maven-compiler-plugin:2.3.2:testCompile (default-testCompile) @ search ---
[8mha:AAABOR+LCAAAAAAAAACFjsFKxDAQhsdqtXjUmyAIot7SKlWUPbndrQh1PSwIUjzE3Vor3aSmqRQEn8eDvoxv4GkR8R3MNM2KeHDmkI/J/8/8L19glwK2b6txyRkp8irNWEkoK7MRz7kgx4oCpAGXCeias8CKwGkEZ7SQsBNpv9v63ZnfnfmVsBPBwphKKmEluqMP1M0pS92hFBlLO7WAtTbFiLOS5wkJ9Pv7MtSFCrz1f2B18PPZ4e+Xw6kF8zHY12kTdjX+e1z93uDvPTzBokrJ6CRBtuqiEsZB0EFax+vbxfRj/fGkCaSSORKWNv0AGykMPVVInoesZ4b8g8O9rm90YWh0msKmKrzvmM2eZ/YFvZ/NyHpmaLd/1O7DSdAzOk39fWwJdi0TMZHgxKeD8PxqY/kbaqkK+wcCAAA=[0m[INFO] 
[8mha:AAAB5x+LCAAAAAAAAACFkU2L00AYx8dqtXjUm4sQEN8ozcuSurHLgs20Cd2NbZZqsFv2ME1n04l5M5mEVMHP40G/jDePnhYRv4MzSbMiHnzmMD+eef7P/w/z+RdoZyl4tMnXWRyJSZB7JMpEFGXEjYM4FYeMIKdpTDGo61oLtCzQqQZeooSCx1atl3Z66UovXenZ4KEFbqwRRRTcsXxUIClAkSfNaUoi77BMwb1dCjeOsjjAIqzvv51BmbDAD/8fmBn+/NSJvy/mly1wfQnaK68Ke3f5rzl7veCv78BHcJOljFCIObfKJE8bhcgV4k7x5atz+eP+B7MKxJJ1KLj1QIX8cDIMmRUnWeZc9xpSn2n7utrMGUYzV5NRVc79O81mWW72wdGfzZzrXkPK+PluH+/AUTNX07jPDwXtkuI0pODbcjI1ZufC3lILN2gwZLXQuxYcNqWvtD7S6YpMTuehPz15rdpytzi2xmqueIXt49IaOfb7cj02iyI867456J/ht1Ywcy6KV76rGfaxh0xCJuYJImbf3mpqsXWdkRLBoTLfMgMfQkM/hc7+wcxfVJ5HR3tLOez1eoIXogJHvfqPB4qoDijOKIzDhARYeLLKSbA20zguCM6eCi+EDKPU3QhMevs3ZTG7ctgCAAA=[0m[INFO] [8mha:AAAAYB+LCAAAAAAAAABb85aBtbiIQSmjNKU4P0+vJLE4u1gvPjexLDVPzxdEGvvmZ+X75ZekLlOVfvTjc8FPJgaGiiIGKaiG5Py84vycVD1nCA1SyAABjCCFBQCV27OjYAAAAA==[0m--- gmaven-plugin:1.4:testCompile (buildGroovies) @ search ---
[8mha:AAABTx+LCAAAAAAAAACFjsFKw0AQhsdoNHjUmyAERb0lUWNRetK0KUKsh4IgwcPaxhhJd+PupkQEn8eDvoxv4KmI+A7uZrMV8eDMYT9m/3/mf/kCk1HYvi1HjGCnyMs0w8xBmGVDkhPqHAsKJPUJT0DVnAFGBFYtOEMFh51I+d3G78787swvhO0IFkaIIw4r0R2aIDdHOHUHnGY4bVcU1poUQ4IZyRMnUO/vy1AVIvDW/4HFwc9ni7xfDqYGzMdgXqd12NX473HxeyN/7+EJFkVKjMaJZKMqSqodjnQ4jeP17WL6sf7YqwOJZBaHpU0/kC0pDD1RkjxPsppp8luHeye+1oWh1ikK6yrlfUtv9jy9L+j8bJasZpp2u0fNPjkJOlqnqHsgm4NZ8YSOOWzEp/3w/MoOyLjI8mRk77fsHiVk8mAPc8RYwpa/AVd1Gs4hAgAA[0m[INFO] Compiled 36 Groovy classes
[8mha:AAABOR+LCAAAAAAAAACFjsFKxDAQhsdqtXjUmyAIot7SKlWUPbndrQh1PSwIUjzE3Vor3aSmqRQEn8eDvoxv4GkR8R3MNM2KeHDmkI/J/8/8L19glwK2b6txyRkp8irNWEkoK7MRz7kgx4oCpAGXCeias8CKwGkEZ7SQsBNpv9v63ZnfnfmVsBPBwphKKmEluqMP1M0pS92hFBlLO7WAtTbFiLOS5wkJ9Pv7MtSFCrz1f2B18PPZ4e+Xw6kF8zHY12kTdjX+e1z93uDvPTzBokrJ6CRBtuqiEsZB0EFax+vbxfRj/fGkCaSSORKWNv0AGykMPVVInoesZ4b8g8O9rm90YWh0msKmKrzvmM2eZ/YFvZ/NyHpmaLd/1O7DSdAzOk39fWwJdi0TMZHgxKeD8PxqY/kbaqkK+wcCAAA=[0m[INFO] 
[8mha:AAAB5h+LCAAAAAAAAACFkU2L00AYx8dqtXjUm4sQEN8oeSupG7ss2Eyb0N3YZqkGu2EP03SaJualJpOQKvh5POiX8ejN0yLid3AmaVbEg88c8ptnnv/z/0M+/wLtLAWPNvkqS2JhG+aeH2cCijPfTcIkFYaUIKNpQjCo61oLtEzQqQZeoi0Bj81aL+714pVevNLTwSMT3Fghggi4YwaoQGKIYk+ck9SPvaMyBff2KdwkzpIQC7D+/u0Myi0N/PD/ganhz0+d5PtiftkC1x3QXnpV2LvOv+b0dc1e34GP4CZNGaMIM26V2zxtFAJTCHvFl6/25Y/7H4wqEE3WIeDWAwWyw0jXJVqMJIlx3WtIeab2NKWZ0/Vmria9qpz5d5rNktTsg6M/mxnXvYbk8fP9PtaBo2aupnGfHQLaJcFpRMA3ZzLVZxfcgaNGGzQY0lpoXRMOm9KWah9pZOlPzuZRMD19rVhStzgxx0oue4UV4NIc2db7cjU2iiI677457J/jt2Y4s9fFq8BVdevEQ4bvT4xT5Bt9a6cqxc61R3IMh/J8Rw0CCHXtDNq9w1mwqDyPjw8cKeJ5notQgWM+y1O89lPM1/960BNkaUBwRrgnK7xGeUh4dnvKveAyjFJ3w1Ht7d8mUkaL2QIAAA==[0m[INFO] [8mha:AAAAYB+LCAAAAAAAAABb85aBtbiIQSmjNKU4P0+vJLE4u1gvPjexLDVPzxdEGvvmZ+X75ZekLlOVfvTjc8FPJgaGiiIGKaiG5Py84vycVD1nCA1SyAABjCCFBQCV27OjYAAAAA==[0m--- maven-surefire-plugin:2.10:test (default-test) @ search ---
[8mha:AAABgh+LCAAAAAAAAACFkcFKw0AQhsdqtXjUmyAURD2ZjVJF7UnTRoRaD1VBiodtuk1T0904u6kRwefxoC/jG3gqIr6Du01SEQ/OHvZjdv5/ftiXLyhKhI1+3JWCW1EY+wGXFuUy8EQo0DrS5BhqCsUgrZkCFBpQmgyc0UjBZiPVk0xPpnoy1evBagPmulRRBUuNAR1RElLuk5bCgPvVBGElS+EJLkXILCe9f2+GJNKB1/8PrBd+PpfE+3VrXIDZNhQ7/iTscvvvcv3aM6938ATzOiWnQ2a4kEQx5grLKKxM8fp2Nf5YfTyZBNLJSgoW1iqOOYZc19ZlyLYNp72cKnv7O8eVfM5187mU3EnFZn8pd7bt3M+p/TgbTns5bdcPMj/TcWr5XEr1XXMUFBPFcKgA26dN9/ym3IqR9QJkZWSRQFXuavaUwIfDMhlRJGHQIQPGb83XDkRHkosWo+j1L3mgFJOK3Au8lRH1GJEMR4G+FUWfKSIz563UWS5+A6NMb1VxAgAA[0m[INFO] Surefire report directory: /var/lib/jenkins/jobs/TSearchUnittest/workspace/service/target/surefire-reports
[8mha:AAABMR+LCAAAAAAAAACFjrFOwzAQhq+BQMQIGxITAjY7oIBAnSBtWAJLJSTUybQhBKV2cJwqEhLPw9C+DG/AVCHEO+CL4yLEwN3gT+f/v/tnX+CWEvYfqnEpOCnyKs14SRgvs5HIhSTnmkKka6ESMNVxwInBawRXrFBwEBs/bf106adLvxZ2Y1gdM8UUbMaPbMpoznhKB0pmPO3WErbbFCPBS5EnJDTv78tQFzrw3v+B9cHPV0+83w4WDqwMwb1Lm7Bbw7/H9e89/j7BC6zplJxNEmSnLippHQQdpHXM324WHzvPl00gncxTsL4bhNhIUeTrQvJ9ZDOzFJycHl0EVhdFVmcoaqrC+57d7Pt2X9j72YxsZpYO+2ftPpyEPasz1D/GVuDWKpETBZ2Nbxim58gAAgAA[0m
[8mha:AAABNR+LCAAAAAAAAACdjrFKxEAQhsdoNFhqJ1iJWrkbJcrJVZq72ESbA0GuWu9ijOR242ZzBASfx0JfxjewOkR8B3ey2ROxEJwp9mP2/2f+509wSwk7t9W4FJwUeZVmvCSMl9lI5EKSE00h0oVQCZhacMCJwWsE56xQsBsbP239dO6nc78WdmNYGjPFFKzFd2zKaM54SgdKZjzt1hI22hQjwUuRJyQ078/LUBc68PbfgfXBjydPvF0NZg4sDsG9Tpuw68Pfx/XvDf7ewyMs65ScTRJkpy4qaR0EHaR1vLxezt43H86aQDqZp2BlKwixkaLI14Xk+8hmZik46hycBlYXRVZnKGqqwvue3ez7dl/Y+96MbGaW9vvH7T6chD2rM9Q/xFbg1iqREwWdvf/V6hdjsPiwNwIAAA==[0m-------------------------------------------------------
[8mha:AAABOR+LCAAAAAAAAACFjsFKxDAQhsdqtehNb4JQEPWWVqmi7Em7rZfqpSLInuJurSvdpKapFASfx4O+jG/gaRHxHcw0zYp4cALJx+T/Z/6XL7ArAdu39ajijJRFnY9ZRSirxkNecEGOFYVI51xmoGvOAisBpxWc0VLCTqL9Xuf3Zn5v5lfCXgILIyqphNXkjj5Qr6As91IpxizvNQLWuxRDzipeZCTU7+/N0JQq8Nb/gdXCz2eHv1+lUwvmB2Bf523YtcHf5er3Bn/v4QkWVUpGJxmy1ZS1MA6CDtI5Xt8upx8bj6dtIJXMkbC0GYR4kOLYV4Xk+8i6Zyg4ONw7CYwujo1OU9xWjfsdM9n3zbyw/zMZWfcM7UZH3TzshH2j0xTt45FgNzITEwkr7oUbuam60+Vv763aYgoCAAA=[0m T E S T S
[8mha:AAABNR+LCAAAAAAAAACdjrFKxEAQhsdoNFhqJ1iJWrkbJcrJVZq72ESbA0GuWu9ijOR242ZzBASfx0JfxjewOkR8B3ey2ROxEJwp9mP2/2f+509wSwk7t9W4FJwUeZVmvCSMl9lI5EKSE00h0oVQCZhacMCJwWsE56xQsBsbP239dO6nc78WdmNYGjPFFKzFd2zKaM54SgdKZjzt1hI22hQjwUuRJyQ078/LUBc68PbfgfXBjydPvF0NZg4sDsG9Tpuw68Pfx/XvDf7ewyMs65ScTRJkpy4qaR0EHaR1vLxezt43H86aQDqZp2BlKwixkaLI14Xk+8hmZik46hycBlYXRVZnKGqqwvue3ez7dl/Y+96MbGaW9vvH7T6chD2rM9Q/xFbg1iqREwWdvf/V6hdjsPiwNwIAAA==[0m-------------------------------------------------------
[8mha:AAABWh+LCAAAAAAAAACFj8FKxDAQhsfqavGoN0EQRL2lVaqs7Gntbr1UD7siyJ5iG7vVNqlJKgXB5/GgL+MbeFpEfAeTtlkRD04O+Zj8/8yfly/oCA670zIWjKIiK5OUCoSpSCOWMY76inxN50wSaGrBAisEuxac4ULCXtj4ndbvzP3O3K+EvRCWYiyxhLXwFj9gJ8M0ccaSpzTpVRw22hQRo4JlBPnN/XszVIUKvPN/YLXw89lm71fjmQWLE+hcJ3XY9cnf5er1Rr/ewxMsq5QU50SzVRUlNw6kHah1vL5dzj42H0/rQCqZLWFl2/P10RQEripNrqu56RnyjroHJ57RBYHRNRTUVer9tpnsumaeP/iZrLnpGdofHrfzdMcfGF1Dw0N9JHQqSXguoTsqKVW/2YpYjjiO7kSBI4IEwTyaIkLjgqVUon6cp3REBCt5RC6IkKvfTj+hbDcCAAA=[0mRunning com.rackspace.search.endpoint.AdminResourceTest
[8mha:AAABZB+LCAAAAAAAAACFjs9Kw0AQxsdoNXjUmyAERL2UJP0n2p40bQSJXiqC9LS2a4ymu3F3IwHB5/GgL+MbeCoivoO72WxFPDhz2B+z3zfzvXxBjTPYucknnBI3S/M4IdxFhCdjmlLmHkoKFJ1RgUHXggVWBHYpOEWZgN1I+73K78393twvhb0IliZIIAFr0S16QF6KSOwNBUtI3CsYbFQpxpRwmmI30O/vy1BkMvD2/4Hlwc9nm75fDmcWLI6gdhWXYddHf4/L32v1ew9PsCxTEjTFiq0iy5lxuMrhVo7Xt4vZx+bjcRlIJrMFrGy1A9WKwtCXpcj3FeuZofbefvOobXRhaHSawrJydd82m33f7Av6P5sV65mhxuCg2qcmQd/oNA06qgXUCoHZVMDJOeaCOywnXadVd0KUpDnDvOv4dWfAGGUah3dJluFJyefJFDs4RRlXg6bbabQcjser31QFcJlJAgAA[0mTests run: 3, Failures: 0, Errors: 0, Skipped: 0, Time elapsed: 2.513 sec
[8mha:AAABZx+LCAAAAAAAAACFkc9LwzAUx5/VafGoN0EQRL2lVaYonrRbB1IV3BBkpyyLXV2b1CQdFcG/x4P+M/4HnoaI/4NJf0zEgy+HfPLyvu99Q16+oCEFbI+yoeQMpXEWRkwizGREeMwFOtHkGbrgikIZcxZYAdhFwTlOFewEpd6p9M5M78z0uvA4gIUhVljBSnCHJ9iJMQudrhIRC49zAWuVC8KZ5DFFXrn/ngx5qg1v/W9YD/x8tvn7TXdqwXwfGoOwMLva/ztc396a23t4gkXtkuGEGrbyNBO1AhkFqhSvb9fTj/XHTmFIO7MVLG02PbMM+b6rw5DrGi5zNTUPDvdOm3Wd79d1JflFZGa+XXd23bqf1/rpbLjM1bTbPqr6mYzXqutKau+bpaCRKyoSBZ2rjDH9mg3CEyQwGcsUE4okxYKM9CYmkT4SLsxfCNqLyJiqS0ZVlNDuAyNnfNCjUi1/A9Z+m8NGAgAA[0mRunning com.rackspace.search.service.core.CoreTicketOnetimeSyncJobTest
[8mha:AAABYx+LCAAAAAAAAACFjsFKw0AQhsdoNXjUmyAERL2UJC1Rqj1p2ggSvbQI0tParjGa7sbdjQQEn8eDvoxv4KmI+A7uZrMV8eDMYT9m/3/mf/mCBmewc1NMOCVunhVJSriLCE/HNKPMPZIUKjqnAoOuBQusGOxKcIZyAbux9nu135v7vblfCrsxLE2QQALW4lv0gLwMkcQbCJaSpFsy2KhTjCnhNMNuqN/fl6HMZeDt/wPLg5/PNn2/HMwsWBxB4yqpwq6P/h6Xv9fq9x6eYFmmJGiKFVtlXjDjcJXDrR2vbxezj83HkyqQTGYLWNkKQtWKosiXpcj3FeuZoWC/0z4OjC6KjE5TVFWh7ttms++bfWHvZ7NiPTPU6h/U+9Qk7Bmdpv6eagGNUmA2FXA6xFxwhxXk0Gk1nQilWcEwP3T8ptNnjDKNg7s0z/Gk4mE6xQ7OUM6rgdsOOg7H49VvrNbZDkkCAAA=[0mTests run: 1, Failures: 0, Errors: 0, Skipped: 0, Time elapsed: 0.248 sec
[8mha:AAABZh+LCAAAAAAAAACFkUFLwzAUx5/TafGoN0EQRL2lVaYonrRbB1IV3BBkpyyLXV2X1CQdFcHP40G/jN/A0xDxO5i0zUQ8+HLILy/v/94/5OUL6lLA9jAbSM5QmmRRzCTCTMaEJ1ygE02+oQuuKJQxV4NaCE5RcI5TBTthqXcrvTvTuzO9LjwOYWGAFVawEt7hCXYTzCK3o0TMouNcwFrlgnAmeUKRX+6/J0OeasNb/xvWAz+fHf5+05nWYL4H9X5UmF3t/R2ub2/N7T08waJ2yfCYGq7laSasAhkFqhSvb9fTj/XHdmFIO3MULG02fLMMBYGnw5DnGS5zlhoHh3unDVsXBLaupKCIzMx3bGfPs/385k9nw2XO0m7rqOpnMn7T1pXU2jdLQT1XVIwVtK8yxvRrNggfI4HJSKaYUCQpFmSoNzGJ9ZFwYf5C0G5MRlRdsohrTeeBkTPe71Kplr8Bomtmt0YCAAA=[0mRunning com.rackspace.search.service.core.CoreTicketOngoingSyncJobTest
[8mha:AAABZB+LCAAAAAAAAACFjs9Kw0AQxsdoNXjUmyAERL2UJC31T9uTpo0g0UuLID2t7Rqj6W7c3UhA8Hk86Mv4Bp6KiO/gbjZbEQ/OHPbH7PfNfC9fUOMMdm7yCafEzdI8Tgh3EeHJmKaUuUeSAkXnVGDQtWCBFYFdCs5QJmA30n6v8ntzvzf3S2E3gqUJEkjAWnSLHpCXIhJ7A8ESEncLBhtVijElnKbYDfT7+zIUmQy8/X9gefDz2abvl4OZBYsjqF3FZdj10d/j8vda/d7DEyzLlARNsWKryHJmHK5yuJXj9e1i9rH5eFIGkslsAStbrUC1ojD0ZSnyfcV6Zqi1f9g8bhldGBqdprCsXN23zWbfN/uC3s9mxXpmqNFvV/vUJOgZnab+nmoBtUJgNhVwOsRccIflpOM06k6IkjRnmHccv+70GaNM4+AuyTI8KXmYTLGDU5TxcuA22wcOx+PVb7kFWJ5JAgAA[0mTests run: 1, Failures: 0, Errors: 0, Skipped: 0, Time elapsed: 0.297 sec
[8mha:AAABYR+LCAAAAAAAAACFkUFLwzAUx5/VafGoN0EQRL2lVaYoO7lu9VJF3BBkp5jFrq5LapKOguDn8aBfxm/gaYj4HUzaZiIefDnkl5f3f+8f8vIFDSlgd5QPJWcoS/M4YRJhJhPCUy7QqabA0AVXFKpYcMCJwC0LznGmYC+q9F6t9+Z6b67Xha0IloZYYQVr0T2eYi/FLPZ6SiQsbhUCNmoXhDPJU4qCav89GYpMG97537Ae+Pns8veb3syBxQE0buPS7Prg73B9e2duH+AJlrVLhifUsFNkubAKZBSoVry+Xc8+Nh/PSkPamatgZbsZmGUoDH0dhnzfcJWz1Dw6Pmg3bV0Y2rqKwjJyM9+1nX3f9gs6P50NVzlL+92Tup/JBB1bV1H30CwFjUJRMVHQvsoZ06/ZInyCBCZjmWFCkaRYkJHexDTRR8KF+QtB+wkZU3UpOKFSctGnUq1+AxwABTxBAgAA[0mRunning com.rackspace.search.service.core.CoreTicketProcessorTest
[8mha:AAABYx+LCAAAAAAAAACFjsFKw0AQhsdoNXjUmyAERL2UZCtV1J40bQSJXloE6Wlt1xhNd+PuRgKCz+NBX8Y38FREfAd3s9mKeHDmsB+z/z/zv3xBQ3DYuinGglE/z4okpcLHVKQjljHuHykKNZ0zScDUnANODG4lOMO5hO3Y+IPaH8z8wcyvhJ0YFsZYYgkr8S1+wEGGaRL0JU9p0ik5rNUpRowKlhE/NO/vy1DmKvDm/4HVwc9nl71f9qcOzA+hcZVUYVeHf4+r32v9ew9PsKhSUjwhmp0yL7h1+Nrh147Xt4vpx/rjSRVIJXMlLG20Q92aogip0oSQZjOz1N7b3zluW10UWZ2hqKpC33ftZoTsvrD7s1mzmVlq9Q7qfXoSdq3OUG9Xt4RGKQmfSDgdECGFxwt66LWaXoTTrOBEHHqo6fU4Z9xg/y7NczKueJBOiEcynItq4CPU8gQZLX8DCqS8n0kCAAA=[0mTests run: 1, Failures: 0, Errors: 0, Skipped: 0, Time elapsed: 0.001 sec
[8mha:AAABaB+LCAAAAAAAAACFkc9LwzAUx5/VafGoN0EQRL2lVaYoO81uFaEquCHITjGLXV2b1CQdFcG/x4P+M/4HnoaI/4NJf0zEgy+HfPLyvu99Q16+oCEFbI+yoeQMpXEWRkwizGREeMwFamvyDJ1zRaGMOQusAOyi4AynCnaCUu9Uememd2Z6XdgKYGGIFVawEtzhCXZizEKnp0TEwlYuYK1yQTiTPKbIK/ffkyFPteGt/w3rgZ/PNn+/7k0tmB9A4yYszK4O/g7Xt7fm9h6eYFG7ZDihhq08zUStQEaBKsXr29X0Y/3xpDCkndkKljabnlmGfN/VYch1DZe5mpoHh3vHzbrO9+u6kvwiMjPfrju7bt3P6/x0NlzmatrtHlX9TMbr1HUldffNUtDIFRWJgtPLjDH9mg3CEyQwGcsUE4okxYKM9CYmkT4SLsxfCNqPyJiqC0ZVlNDeAyNtorjoU6mWvwEah9szSAIAAA==[0mRunning com.rackspace.search.service.core.CoreTicketOnetimeSyncActorTest
[8mha:AAABZB+LCAAAAAAAAACFjs9Kw0AQxsdoNXjUmyAERL2UJNr6p+1J00aE6KVFkJ7Wdo3RdDfubiQg+Dwe9GV8A09FxHdwN5utiAdnDvtj9vtmvpcvqHEGWzf5mFPiZmkeJ4S7iPBkRFPK3CNJgaJzKjDomrPAisAuBWcoE7Adab9X+b2Z35v5pbATwcIYCSRgJbpFD8hLEYm9vmAJiTsFg7UqxYgSTlPsBvr9fRmKTAbe/D+wPPj5bNP3y/7Ugvkh1K7iMuzq8O9x+Xutfu/hCRZlSoImWLFVZDkzDlc53Mrx+nYx/Vh/PCkDyWS2gKWNZqBaURj6shT5vmI9M9TcP9w9bhpdGBqdprCsXN23zWbfN/uC7s9mxXpmaKfXqvapSdA1Ok29PdUCaoXAbCLgdIC54A7LSdtp1J0QJWnOMG87ft3pMUaZxv5dkmV4XPIgmWAHpyjj5cBtHDgcj5a/AYSph5tIAgAA[0mTests run: 3, Failures: 0, Errors: 0, Skipped: 0, Time elapsed: 0.37 sec
[8mha:AAABZh+LCAAAAAAAAACFkUFLwzAUx5/TafGoN0EQRL2lVaYoO81uFaEquCHITjGLXV2X1CQdFcHP40G/jN/A0xDxO5i0zUQ8+HLILy/v/94/5OUL6lLA9jAbSM5QmmRRzCTCTMaEJ1yglibf0DlXFMqYq0EtBKcoOMOpgp2w1LuV3p3p3ZleFzZDWBhghRWshHd4gt0Es8jtKhGzqJkLWKtcEM4kTyjyy/33ZMhTbXjrf8N64Oezw9+vu9MazPehfhMVZlf7f4fr21tzew9PsKhdMjymhmt5mgmrQEaBKsXr29X0Y/3xpDCknTkKljYbvlmGgsDTYcjzDJc5S42Dw73jhq0LAltXUlBEZuY7trPn2X5++6ez4TJnabdzVPUzGb9t60rq7JuloJ4rKsYKTi8zxvRrNggfI4HJSKaYUCQpFmSoNzGJ9ZFwYf5C0F5MRlRdsIhrTfeBkRZRXPSoVMvf/qtVFUgCAAA=[0mRunning com.rackspace.search.service.core.CoreTicketOngoingSyncActorTest
[8mha:AAABZB+LCAAAAAAAAACFjs9Kw0AQxsdoNXjUmyAERL2UJNX6p+1J00aQ6KVFkJ7Wdo3RdDfubiQg+Dwe9GV8A09FxHdwN5utiAdnDvtj9vtmvpcvqHEGWzf5mFPiZmkeJ4S7iPBkRFPK3CNJgaJzKjDomrPAisAuBWcoE7Adab9X+b2Z35v5pbATwcIYCSRgJbpFD8hLEYm9vmAJiTsFg7UqxYgSTlPsBvr9fRmKTAbe/D+wPPj5bNP3y/7Ugvkh1K7iMuzq8O9x+Xutfu/hCRZlSoImWLFVZDkzDlc53Mrx+nYx/Vh/PCkDyWS2gKWNZqBaURj6shT5vmI9M9TcP9w5bhpdGBqdprCsXN23zWbfN/uC7s9mxXpmqNFrVfvUJOganabenmoBtUJgNhFwOsBccIflpO3s1p0QJWnOMG87ft3pMUaZxv5dkmV4XPIgmWAHpyjj5cBttA4cjkfL3+LXsbFJAgAA[0mTests run: 3, Failures: 0, Errors: 0, Skipped: 0, Time elapsed: 0.197 sec
[8mha:AAABVB+LCAAAAAAAAACFj8FKxDAQhsfqavGoN0EQRL2lVaooe9LuVpDqwRVB9pTtxm61m9QkXQqCz+NBX8Y38LSI+A4mTbMiHpwc8nXy/zN/X76gJThsj8qhYBQVeZlmVCBMRZawnHF0rCjUdMEkAVNzDjgxuLXgHBcSdmLj9xq/N/N7M78StmNYGGKJJazEd3iCvRzT1OtJntG0XXFYa1IkjAqWExSa+/dmqAoVeOv/wGrh57PL3m96Uwfm+9AapHXY1f7f5er1Vr8+wBMsqpQUj4lmpypKbh1IO1DjeH27nn6sP57WgVQyV8LSZhDqoymKfFWafF+z6VkKDg73TgKriyKrMxTVVer9rp3s+3Ze2PmZrNn0LO12j5p5uhN2rM5Qd18fCa1KEj6WEFyWlKq/2UjYGHGc3IsCJwQJgnkyUhefZOrzjA16Bq+IkMvfNIYwFzMCAAA=[0mRunning com.rackspace.search.service.JobServiceTest
[8mha:AAABuh+LCAAAAAAAAACFkkFP2zAUx9/KChXHcUNCsoSA0+yAAhQ4jdCgSRmb1A0JVRzc1A0uiZ3ZbilC4vNw2D4IV77BThVCfIfZTUKFOGAf3k/vvf97fzn58wx1rWD9YtjTUuA8HSZcaEyF5rFMpcJfLAWOTqRhUJwPNahF0Jg2fKO5gY2o0JNST1705EVvGw8i+Nijhhr4FA3oiJKUioS0jeIiORgrWC5dxFJomTIcFPH1Zhjn1vDa+4btwqe7hvx31p7UYK4D9W4yNbvUebvcVvuu+htuYd66FDRjjmvjfKgqBXYKXCr+PpxOHldujqeGrLOGgYVVP3DXURh69jjyPMdFriJ/p7l16Fd9YVj1FRROz9Dtb1STPa+aFxzNJjsuchVttvbKeS4THFV9BbW23TVQHxumMgP3m3v7/u6+38TeVhN1MsrFOfp6En5HKMYKa/slssy9spI5U+Ya/yjBxhHvMYU+o0jSnn0QVPZwplGfpwz1lcwK6pARVSTlXTJg4tL9HgPZ1eRnm1EVX/wS3BimDbmS6lLnNGZEMzXiNhqqEmbIbDJJZUxTW3dCPMufL/4H7shpBMgCAAA=[0m19:47:48.028 [main] INFO  c.r.s.common.property.PropertyProvider - Loading properties file from file [/var/lib/jenkins/jobs/TSearchUnittest/workspace/service/target/properties/local/search.properties]
[8mha:AAABwB+LCAAAAAAAAACFks9O3DAQxoct26440lulSpYq2hN2KGnLnxMNBCEFWmlppWrFwZv1Bi+JnY69260q9Xl6gIeBN+CEEOIdsDcJq6qHjg/+aWa+mU9Ozu+hbRBen44HRita5uNMKkO5MjLVuUa64yjydKStgCoWWtBKoDNrOOSlhTdJpWe1nj3q2aPeNW4nsDjglltYTkZ8wlnOVca6FqXKtqcIL2oXqVZG54JG1f33ZpiWzvDK/w27hXd/Ovr6W/emBU960O5nM7PPe/8ud9Whr36H3/DUuVS8EJ5b03KMjYJ6Ba0VF1dfb25f/tqfGXLOOhaevQojfzzFceDCUxB4rnINhe833n4Mm744bvoqimcx9vs7zeQgaOZFu/PJnqtcQ2t7m/U8n4l2m76K9t75Y6E9tQILC5drm1vhh61wgwbr66RXcKlOyMFR/ImQlCI17ksUhX9l1KVA+5N+rsHdEzkQSFZJovnAPQipe6QwZChzQYaoi4p6bMKR5bLPRkKd+d9jpPuGHXcFx/T0i5LWCmPZD41npuSpYEbgRLrbcsyEZfPJLNcpz13dC6kRKQpr6Lx+svQAPuqi19ACAAA=[0m19:47:48.033 [main] INFO  c.r.s.common.property.PropertyProvider - Loading properties file from file [/var/lib/jenkins/jobs/TSearchUnittest/workspace/service/target/properties/local/search.secrets.properties]
[8mha:AAABvx+LCAAAAAAAAACFks1OGzEQx4dAStRjuVWqZAlRTrWXdtvycaILW1VaoFKgEoo4OBtncfDai+2kqZB4Hg7wLqhv0BNCiHfA3g+iqofah/lpZv4zf3n3+hHaRsPb0/HAKIkLMc64NJhKw1MllMbbjiJP+8oyqM5cC1oJdMqGPVpYWE0qPan15FlPnvWucSuBhQG11MKrZEQnlAgqM9K1mstsa6rhde0iVdIowXBUxb83w7Rwhlf+b9gtfLjqqD/H3bsWzPeg3c9Ks0u9f5e76tBXz+ESXjiXkubMc2tajHWjwF6Ba8XN7x93928uvpaGnLOOhcXlMPLXUxwH7ngKAs9VrqHw0/r7L2HTF8dNX0VxecZ+f6eZHATNvGhnNtlzlWtobXejnucz0U7TV9HuR38ttKeW6dzC7drGZvh5M1zHwYcQ9XLK5Qn6th8fIJRijY37EnnuX1mrgmn7C3+vwcUJHzCN3qFE0YF7EFT3cGbQkAuGhlrlFfXIhGoieJ+MmDzzv8dI9Q057DKq09Mjya1lxpKfSp+ZgqaMGKYn3EVLdcYsmU0mQqVUECaosTw1pR7PyicvnwCwhsgkzwIAAA==[0m19:47:48.034 [main] INFO  c.r.s.common.property.PropertyProvider - Loading properties file from file [/var/lib/jenkins/jobs/TSearchUnittest/workspace/service/target/properties/local/elasticsearch.properties]
[8mha:AAABeh+LCAAAAAAAAACFkM1Kw0AUha/VanGpO0EYEHXlJJVU+7PStBGh1kVAkOJiTMc0kk7izKQUBJ/Hhb6Mb+CqiPgOzmSSirjwziLf3Dnn3kNevqAqOOyNs5FIGE7jLIyYwISJKEjihOMTRa6mQSIpmFqqQKUPtVxwQVIJ+33jtwq/tfBbC78SdvqwMiKSSNjo35MpsWLCQsuXPGJhZ8Zhq0gRJEwkMcWu+f7eDLNUBd79P7Ba+PlcS96v/XkFlodQvQ3zsJvDv8vV651+fYAnWFUpGZlQzZVZmvHSgbUDF47Xt6v5x/bjWR5IJatJWNtxXH00eZ6tSpNtaza9kpyj5uGpU+o8r9QZ8vLK9P5aOdm2y3lu92eyZtMrqd5rFfN0x+2WOkO9hj4SqjNJ+UTCpN5qO8dtp4kb9QYaTkjEbtD5wLtEKMAcC0xjImQUCEp4MMY9c/Pzm0/5lHJ0gHxJuFS/BMkxRYUEGQ0SRsSSEW2vfwPl8SF8bAIAAA==[0m19:47:48.515 [main] INFO  c.r.s.elasticsearch.ElasticSearchServer - Starting the Elastic Search server node:
[8mha:AAABfx+LCAAAAAAAAACFkM1Kw0AUha/RanGpO0EYEHXlJC1p7M9K00aEWBcFQUIXYxvT0XQmJhMpFn0eF/oyvoGrIuI7OJM0FXHhnUW+uXPOvYe8fEEpiWFvlA4TznAUpgFlCSYsoQMe8hgfSbIVdbnwIa8lDTQXypngjEQC9t3cr8/9+sKvL/xS2HJhZUgEEbDh3pB7ooeEBXpPxJQFrUkMW/MUA84SHvrYzr+/N8MkkoF3/w8sF34+l/n7ZW+mwbIHpasgC7vp/V0uX6/V6x08wapMycjYV6xNojQuHFg58Nzx+nYx+9ienmSBZLKygLUd01ZHkeMYshQZhuK8V5Bp1avHZqFznEKXk5NVqvaXi8mGUcyz2z+TFee9giqdxnye6tjtQpdTp6aOgNJE+PFYAKk0muZh06xjy6ohb0wo66PTrnOOEI8D7IckEXSQ+CQejDDjQx8dIE92bn2RXftoauCqga1Hz6pV+01EGRWUhPRB/iKEMV7/BvdlpzJgAgAA[0m19:47:48.665 [main] INFO  org.elasticsearch.node - [ticket.node] {0.20.6}[652]: initializing ...
[8mha:AAABhR+LCAAAAAAAAACFkUFLwzAUx5/T6fCoN0EIiHpxaZXq3DxptSLMeRgIUnaIbazVLumSVCaCn8eDfhm/gach4ncwWRdFPPhy6I+X//+9P+nzJ1SlgLXrIpac4TwrkpRJTJhMI55xgfc1+YY6XFEoa6oClTbUxoJTkitYb5d+Z+J3vv3Ot18L99owExNFFCy0b8gdcTLCEqerRMqSvaGApUmKiDPJM4r98vt7MwxzHXj1/8B64cdTjb9ddEcVmA6hepmMwy6Gf5fr2ytzO4BHmNUpGelTw5VhXgjrwMaBJ46X1/PR+/LD8TiQTlZTMLfi+eYYCgJXlyHXNVz2LHk7u1sHntUFgdWVFIyrMPtrdrLr2nn+4c9kw2XP0uZRczLPdPxDqyvpaNscBdWhoqKvINtstrxGy9vFO40GCvskZT100gnOEOIiwTQjUqWRpERE1/apUR2FunlLFWY8pj2UcRLTGIUkUiln9SLXv5he3g8KKu57G0imikoU9ua/ALwNhSprAgAA[0m19:47:48.677 [main] INFO  org.elasticsearch.plugins - [ticket.node] loaded [action-updatebyquery], sites []
[8mha:AAABfB+LCAAAAAAAAACFjs1Kw0AUha/VanCpO0EIiLpyktY22nalaSNCrYuCILGLsRnjaDoTk4kUiz6PC30Z38BVEfEdnMlPRVx4ZzHf3Dnn3vPyBeU4gq3rxIs5Q2GQ+JTFCLOYDnnAI3QgyVbU44JAVnMlKHVBSwUnOBSw3c38Ru43Zn5j5pfCVhcWPCywgJXuDb7HRoCZb/RFRJnfGkewlqcYchbzgCA7u39vhnEoA2/+H1gu/HzW+Pt5f1qCeRfKl34adtX9u1z+XqnfO3iCRZmS4RFRXBqHSVQ4kHKg3PH6djb9WJ8cpYFkMk3A0kbNVkeR45iyFJmm4qxXUM3arx7WCp3jFLqMnLQStV8rJptmMc9u/0xWnPUKqnQa+TzVsduFLqNOXR0B5bEg0UjARaXRrO016xW0a5m6O8KUDfTjnnOq6zzyEQlwLOgwJjgaXiPGPaLv6K7s3BKRPgf6xERVE1mPrlWvDpo6ZVRQHNAH4i1/A3dYxp9bAgAA[0m19:47:51.360 [main] INFO  org.elasticsearch.node - [ticket.node] {0.20.6}[652]: initialized
[8mha:AAABhh+LCAAAAAAAAACFkEFLwzAUx5/TafGoN0EIiHoy7XRTt520W0Wo81AQZHiIXdwqXTqTbBYEwW/jQb+M38DTEPE7mDTtRDz4cugvL///e3/68gVlwWFrMO6JhOFRPO5HTGDCRBQmccLxkSJXUyeRFEzNlaDkg5UJzshIwrZv/Hbut2d+e+ZXwqYPCz0iiYQV/5ZMiB0T1rcDySPWb6Yc1vIUYcJEElPsmu/vzZCOVODN/wOrhZ/PVvJ+GUxLMN+F8nU/C7va/btcvd7o1zt4hEWVkpEh1VxKR2NeOLB24Nzx+nYx/Vh/OMkCqWSWhKWNqquPJs9zVGlyHM2mV1B1/3D3uFroPK/QGfKyGuv9VjHZcYp5butnsmbTK6jSrufzdMdtFTpD7Zo+EsqppHwo4alSb1QPGrUK3tuvoO6QROwKnXa8c4RCzLHANCZCRqGghIcD3Da3ILsFlE8oRzsokIRL9UuQHFCUS5DRIGFELOlRdB/JgdYIqtpSO0Rj+Ru9xZCggAIAAA==[0m19:47:51.361 [main] INFO  c.r.s.elasticsearch.ElasticSearchServer - Starting the Elastic Search server node with these settings:
[8mha:AAAEuR+LCAAAAAAAAAC1Vt1uIzUUHsoWCpdwh4Q0EoLeTD1Jt92ls1dL2rKgtqw2BcRWVeTYJxO3M/bUx9MmReJ5uICX4Q24WiHEO3A8f03argABEyk5ts/vdz6fyU9/BKtog0+mpUSjWZGVqdLIuEYlTGYse0rSwEtHxkFQP2+sBCsHwVqlcMgLF6wf1PZxYx939nFnT4pPDoIHkjvugvcOzvgljzOu03jorNLpk5kNPmiyEEajyYAN6t/lyMGsoIQ//uuEKeDvP66ZX78bvloJ3jwJVsdplez7J3eD0+nEn14EPwRvUZaa5+DllVlR2taCeQvWWPz8yzevfvvw+8+rhCizNRe8/dHWwH+8tL/fo8dLvZ6X671W2nr06eZnW63e/n6rV0v71VP6+Gut516v9TfYvfHs5Xqvlfp7O40/vzPYbfVqaW/bf1ywOnNgc/fOg/5OsvU42e6zhzuPwpOcK30afnG0/1UYCmYZMsg4OiUQuBVTtlevhtVqCPYSbLgR7i3qhENwjvDBMAnDk8bcN3SiUlZwN03iS27jTI3jM9DnnitnZozxce30a62cA3TxlbHnWHABMVIcRb+O2xRcXFhTgHUKMM6M4Fm8lGIU+hjMk+zfBlryG3uPUSiyEgk55umR0OE5ONbsReHUucJXqkE4RdR0KgdTOqY0y1WWKQQ6lJg82qb+RaHSEmbEW57NUWEtXJPvOuAIHdeSW8ncvICkXTX1eTz/byCb8oxOje/nXAsmSWXO2jo2qzKqfDKT4n+Lt/fYQAqajzOQibMldGlJI8ocNKErj3wzdJmPfROcpUlQGOuYE74beWEBsbEVxgLjhSKXsqCqXOIDUObxFVKbHKSWV62rFC0XdabeTSzcOVlGoVQoDBF/zq6Bxg9Bw0qtBOXOpgYdJlHIhTAlpeYjlVRlxZbpfGyVHJWqK6EmwAKVyFLmxJaFg2qj4gohhQypDuFKC0ncbI26LXZG87CpMTOmGFP6FQe7hvU3O9qh82oTZDnkhmppMZ7wDKFVqjEdmckIp8Q9TLbbDDv0a3ISN74043uxycvM1ehUy1txtJFQX9al5jbjhmeZuQL5gqYuPOeW55gIC9yBfOqispCN5HnzvBxnSrwAar1G2KWTzlkFiNetwLg2GpLB8LgBSlpF+dId5kQSY2lEUQ9TosxFxnars5t2Lhfd7C6Qqmu1FfRtu2bIMSttlpzJsUhu3BPpJFz6w7tkS7a3Hm7Gfn9EOvdkQHkh8bQCJblB4m/PlInKaGQlJx5fyhbh9C5cE2Nz7pI5PRuHhxtShs+eJXmeIDZ9y7mfe03nFieiP73LIQtF5pmQ9JZvCFxSRdi+G/qsFzenGDdH3Jn8xmbxdrQ9uD0UXofPbb2qk8uX785goa+FRrY9LvGCKuJyuZY28/uqeQ27j+lF3JAbTWkFDOcEax41A+0fEJ6660qMLkqghgjaSelmR4VVxio3j4jhKtUA0ZTjtwSiucL6FY5+50DpctaukYD3Nh6AqK3PAc+7hZKdaIXu5CaF5f7enrX+NcAWNZa438HU/ne4l4vrx+stG9lwOHz50sesRjcvnRnVqI0qqiT9ey5Q01wlT8N3/wSkgMTtAwsAAA==[0m19:47:51.396 [main] INFO  c.r.s.elasticsearch.ElasticSearchServer - Elasticsearch Settings :  [elastic.config.path:/var/lib/jenkins/jobs/TSearchUnittest/workspace/service/target/properties/local/elasticsearch, path.data:/var/lib/jenkins/jobs/TSearchUnittest/workspace/service/target/elasticsearch/data, cluster.name:ticket.cluster, http.connection.timeout.in.milliseconds:65000, index.analysis.analyzer.search_standard.type:standard, path.conf:/var/lib/jenkins/jobs/TSearchUnittest/workspace/service/target/properties/local/elasticsearch, ticket.ongoingsync.delay.seconds:2000, path.logs:/var/lib/jenkins/jobs/TSearchUnittest/workspace/service/target/elasticsearch/logs, http.enabled:true, ticket.document.idName:number, transport.tcp.compress:true, core.api.endpoint:https://ws.integration.core.rackspace.com/ctkapi, discovery.zen.ping.unicast.hosts:, account.api.username:hybrid_ui, ticket.index.name:ticket, admin.index.name:admin, indices.structure:/indices_structure.json, core.loopback.time.seconds:120, index.store.fs.memory.enabled:false, index.number_of_shards:5, admin.document.type:syncJob, discovery.zen.ping.multicast.ping.enabled:false, node.data:true, ticket.search.allowedRangeParams:createdAt,updatedAt,lastPublicResponseDate, ticket.core.date.timezone:CST, core.driver.class:org.postgresql.Driver, account.document.type:account, core.api.username:rcameron, core.db.url:jdbc:postgresql://dev.db.core.rackspace.com:5432/core_dev, account.document.versionParam:updatedAt, index.analysis.analyzer.search_standard.filter:[lowercase], ticket.core.dateformat:yyyy-MM-dd HH:mm:ss, node.master:true, name:ticket.node, index.number_of_replicas:0, account.api.events.path:/v1.0/accounts/events.atom, account.index.name:account, ticket.document.versionParam:updatedAt, ticket.document.type:ticket, admin.document.idName:name, core.db.username:usq_read, account.api.accounts.path:/v1.0/accounts, ticket.search.allowedTermParams:sourceSystem,number,createdAt,updatedAt,lastPublicResponseDate,status,queue,category,priority,assignee,hasWindowsServers,hasLinuxServers,severityName,account.team,account.id,account.rcn,account.status, account.api.endpoint:https://test.account.api.rackspace.com, ticket.elastic.dateformat:yyyy-MM-dd'T'HH:mm:ss.SSSZZ, action.auto_create_index:1, account.document.idName:id] 
[8mha:AAABfB+LCAAAAAAAAACFkMFKw0AQhsdoNXjUmyAsiHpyk9a0te1J00aEWg8FQUIPaxrTaLobNxspFH0eD/oyvoGnIuI7uJs0FfHg7CHfzv7/zE9evqCUcNgbpcOEURxHaRDSBBOahB6LGMfHkmxFPSZ8yGtJA60LeiY4J7GA/W7uN+Z+Y+E3Fn4pbHVhZUgEEbDRvSUPxIgIDYy+4CENWhMOW/MUHqMJi3xs59/fm2ESy8C7/weWCz+fdfZ+1Z9psOxC6TrIwm66f5fL1xv1eg9PsCpTUjL2FWuTOOWFAysHnjte3y5nH9vT0yyQTKYLWNuxbHUUOY4pS5FpKs57BVm1o8qJVegcp9Dl5GSVqv16Mdk0i3l2+2ey4rxXULnTmM9THbtd6HLqVNURUJoIn48FDMqNplVvVsv4sFFH7piEdIDOes4FQowH2I9IIkIv8Qn3RpiyoY8OkCs7d77IrgM0NXHFxLVHt1atDJooEYQL+XsQxnj9G9McIuVcAgAA[0m19:47:51.397 [main] INFO  org.elasticsearch.node - [ticket.node] {0.20.6}[652]: starting ...
[8mha:AAABoh+LCAAAAAAAAACFkMFq20AQhidOnJge01uhsFCaXNLVypab2D4lSlQKjnMwFIowZW1tZaXyrrq7CgaTvEquPTQv0zfoyZTSd+iuJTm4OXTmoI/Z/5/50fc/UFcSDqZ5pATHWZrHCVeYcpVMRCokPjXkWxoIzaCorRrU+tBYCS5ppuGwX/id0u+s/c7ab4S9PuxEVFMN+/1rekOdlPLYGWqZ8Lg3l/CiTDERXImUYb/4bl6GeWYCv/5/YHPw97eG+PlxuKzBdgj1cbwK+zx8ety8fravX+EOdk1KTmfMcm2e5bJyYOvApePhx4flr5eLd6tAJllDw94rz7dtKQiIKUuEWC5mFXlvT5pnXqULgkpXULCq3N5vVJsJqfb554+bLRezityLTrnPTvzzSlfQRdu2hvpcMznTcO92ut5xt+3idstF4YwmfITeD4IrhISMMUup0slEMSonU6yl+cmZkBq9QaEZf2EacxGxERqLnEefaBRJphRaJJzp0CHdze60CBndHqEsH6eJmv4rdwl2PdwkJ7jZbpbiZ38BUY0WSJ4CAAA=[0m19:47:51.531 [main] INFO  org.elasticsearch.transport - [ticket.node] bound_address {inet[/0:0:0:0:0:0:0:0:9300]}, publish_address {inet[/10.14.208.252:9300]}
[8mha:AAAB5h+LCAAAAAAAAACFktFu0zAUhr1CWcUl3CEhWapgIFEn6dJt7cTFyBoE6oagFRKKoslLDlnW1M5sZwtM8DxcwMvwBlxNCPEO2E0yVHHB8UU+HZ//P7/kfP2N2lKghydFLDkjeVYkKZOEMplGPOOC7GnyDB1yBaiqtRZqTVBnOXBAc4U2JpXeqvXWtd661uvB3Qm6GVNFFbozOaXn1MooS6ypEilLdkuB7tUpIs4kz4B41Xd1MypzHfjB/wPrhb++dPiPd9OrFroRoPZxsgx7N/h3ub59b27P0Gd0S6dkdAGGW2VeiEZBjILUim/f3179vH/5fBlIJ+sotN51PXMM+b6ty5BtG656DblbO/1nbjPn+81cRf6yCrO/0zjbduPn7f91Nlz1GnLGw9rPdLz9Zq6i8cAchdqlArFQa+vOcORujwYuGWxv4gAyKlUaSaAiOgk0zUERxmMIgygrpNZMQZynEXSLXL8jzKich8Gs64QhfnHov8KYi4SsuJBaSGSlxD28YowZXBwtqBlZvQiKizcH0UtZvs4+jLdmg3lZHJ/NkzBIGajAcmziuKRv75D+oD8abtp2GF5WPk+VKODTEyyA6j9khD8C68WpjHjvlKcMP4IMIgXxEZX14se3/wBkNylSBgMAAA==[0m19:47:54.573 [elasticsearch[ticket.node][clusterService#updateTask][T#1]] INFO  org.elasticsearch.cluster.service - [ticket.node] new_master [ticket.node][uwRMcJsxQlyE6T5kxubqkg][inet[/10.14.208.252:9300]]{master=true}, reason: zen-disco-join (elected_as_master)
[8mha:AAABiB+LCAAAAAAAAACFjs1Kw0AUha/VanGpO0EIiLpyEktabbvS2IjSVvxBkOJimo5pbDqTzkw0Ivg8LvRlfANXIuI7ONMkirjwzmK+uXPOvefpE4qCw9og7gtGURTGfkAFwlQEHgsZRzuKHE0dJgmkNVWAQgtKE0EbRxLWW6nfzPzmt9/89ithowUzfSyxhIXWNb7BZoipb55KHlC/kXBYylJ4jAoWEuSk9+/NkEQq8Or/gdXCj8cSe704fSvAdBeKPX8SdrH7d7n6vdK/Y3iAWZWS4hHRXEiimOcOpB0oczy/nL+9L9/vTwKpZCUJcyu2o48m17VUabIszWkvJ7u6Xd61c53r5rqU3EnFen8pn2xZ+Txn72ey5rSX02azls3THWcv16XUrOgjoZhIwkcSws1a3d6qV2xULVtGd4QDemkcdNwjw2DcRyTEQgaeIJh7A9QPhMduCL8zNoyuag+JRJT1yaWRPbwwFmquGd+etL1DkRyHd83qWWWYxL3x0J//AiWYJRlrAgAA[0m19:47:54.620 [main] INFO  org.elasticsearch.discovery - [ticket.node] ticket.cluster/uwRMcJsxQlyE6T5kxubqkg
[8mha:AAABnR+LCAAAAAAAAACFjs9O20AQxqehgYhjuSEhrYSAS7veWA75wwkMrpBSeohUCVkR2sSLY3B2ze4aRULtg/AEHOBl+gY9IVTxDt2N7VTAgZnD/jT7fTPf/TPUlYTtSR4pwXGW5nHCFaZcJWORCon3DfmWToRmUNSHGtT60JgLvtFMw06/8Dul31n4nYXfCPf68DGimmr41L+g19RJKY+dgZYJj/dmEtbLFGPBlUgZ9ov35WWYZSbw1vuBzcG/dw3x53TwWIOlEOqjeB52LXx73Pye298r+AXLJiWnU2a5NstyWTmwdeDS8fD7x+PTxs3XeSCTrKFhZdPzbVsKAmLKEiGWi1lF3m7HPfAqXRBUuoKCeeX2fqPaTEi1zz/8v9lyMauoedQt99mJf1jpCjpq2dZQn2kmpxpum92e1+61PLzbJiic0oQP0fFJ8B0hIWPMUqp0MlaMyvEET7TO0BcUmskl05iLiA3RSOQ8OqNRJJlS6CbhTIcO6b3srkvI8OdnlOWjNFGT1/ImwU0Pu6SD3ZZbilf/ASWa0rCZAgAA[0m19:47:54.670 [main] INFO  org.elasticsearch.http - [ticket.node] bound_address {inet[/0:0:0:0:0:0:0:0:9200]}, publish_address {inet[/10.14.208.252:9200]}
[8mha:AAABeB+LCAAAAAAAAACFjsFKw0AQhsdqNXjUmyAERD25SUva2vakaSNCrIeCKKGHNV3TaLobNxspFH0eD/oyvoGnIuI7uJs0FfHg7GG/nf3/mf/lC8oJh71ROkwYRXGUBiFNEKZJ6LOIcXQkyVbUY4JAXkslKLmgZYIzHAvYd3O/MfcbC7+x8Eth24WVIRZYwIZ7ix+wEWEaGH3BQxq0Jxy25il8RhMWEWTn9+/NMIll4N3/A8uFn88ae7/qz0qw7EH5OsjCbnp/l8vfG/V7D0+wKlNSPCaKS5M45YUDKQeaO17fLmYf29OTLJBMpglY27FsdRQ5jilLkWkqznsFWfXD6rFV6Byn0OXkZJWq/Vox2TSLeXbnZ7LivFdQpducz1Mdu1PocurW1BFQngjCxwIuK82W1WjVLFRvVHRvjEM60E97zrmuMx4gEuFEhH5CMPdHiLIh0Q90T3buiMieA31qoqqJ6o9evVYdtPREYC7IcP0borkRVlcCAAA=[0m19:47:54.671 [main] INFO  org.elasticsearch.node - [ticket.node] {0.20.6}[652]: started
[8mha:AAABdB+LCAAAAAAAAACFjsFKw0AQhsdqNXjUmyAsiHpyk0ra2vakaSNCrIeAIMXDmm7TSJrE3U0JCD6PB30Z38BTEfEdzGaTinhw9rDf/jv/zP/yBXXO4GCajnkc4SRM/SDimEQ88OIwZvg0J0vSMBYUVK3UoOaAVjRckkTAoaP8eunXl3596c8bew6sjYkgAracezInekgiX3cFCyK/lzHYKVN4ccTjkGJL3b83Q5bkgff/D5wv/HzW4vcbd1GD1RHU7/wi7Pbo7/L8dyJ/H+AJ1vOUEZlRybUsSVnlwNKBS8fr2/XiY/fxvAiUJ9MEbOyZljySbNvIS5JhSFZaRWbr5PjMrPpsu+pTZBeVyv1aNdkwqnlW/2eyZKVV1Bh0ynlSsfpVn6JBUx4B9UxQNhMwaXS6ZrvbNHGr3UCjGQmiW3QxtK8Q8jDDHNOQcBF4nBLmTfFAvdzi5VI2pwwdoVJFSkZc6QFHXBAm6BhvfgNUiOI1ZQIAAA==[0m19:47:54.671 [main] INFO  c.r.s.elasticsearch.ElasticSearchServer - Elastic Search server is started.
[8mha:AAABnR+LCAAAAAAAAACFks1KxDAUha+jo4NL3QlCYFBXph2p/yutVoRRFyOClCKxjbXaSWqSjiOCL+PGhb6Mb+BKRHwHk2mrDC68WeTj5p5zD7TPX1CXAuYv80hyhrM0jxMmMWEyCXnKBd7S5Bo65IpCUSM1qLWhMRg4IJmChXaht0q99aO3fvR6cLMNYxFRRMFU+4r0iJUSFlsdJRIWb/YFzJQpQs4kTyl2i3t4M/QzHXju/8B64edTg7+ddt5rMOpD/TwehJ32/y7Xrxfm9QYeYFynZKRLDdf6WS4qBTYKXCpeXk/eP2bv9waBdLKGgomm45pjyPNsXYZs23DRq8hZWVvadqo5z6vmCvIGlZv9jcrZtis/d+fX2XDRq6i1u176mY67U80VtLtsjoJ6X1HRVfDYWt9wVjeWHbxmt5BPUyJVEkpKRHjpa7qmCjMe0cAP01xqTYeKXhLSZp7p70iPibwO/ONmKwjQ/qF3hBAXMR5ywbGeuyV3aBENGSJBQ96jgkbItwOUsEjbSn0rjspdZ1L/KXTyG1N6xDWiAgAA[0m19:47:54.801 [elasticsearch[ticket.node][clusterService#updateTask][T#1]] INFO  org.elasticsearch.gateway - [ticket.node] recovered [0] indices into cluster_state
[8mha:AAABeh+LCAAAAAAAAACFkc1Kw0AUha/VanCpO0EYEHXlJJFUa7vSNClCrGBAkCIypjGNpEmcmZSA4PO40JfxDVwVEd/BmfxUxIV3Fvnmzjn3HsjLFzQZhZ1xNmJJjNMoC8KYYRKz0EuihOJjQaakQcJ9KGuhAQ0HlEJwRlIOu07pVyu/Overc78Qdh1YGhFOOKw592RK1IjEgepyGsZBN6ewUaXwkpglkY/N8vt7M+SpCLz9f2Cx8PNZSd6v3FkDFofQvA2KsOvDv8vF6518fYAnWBYpYzLxJTfyNKO1A0sHrhyvb5ezj83HfhFIJFM4rGwZpjySbFsTJUnTJJe9moyD9v6JUetsu9aVZBeVyf1KPVnT6nlm72ey5LJXk24dVfNkx+zVupKsljwcmjn36YTDjX7UMQ47LQO3dR0NJySMr9HpwD5HyMMUM+xHhPHQYz6h3hhb5c0tbq5Ppz5Fe8hykRdlTExETPzbjKGQof6FZQ1WvwEci6XWXgIAAA==[0m19:47:54.811 [main] INFO  c.r.s.elasticsearch.ElasticSearchServer - ES cluster status is GREEN
[8mha:AAABdR+LCAAAAAAAAACFkM1Kw0AUha/RanCpO0EYEHXlJJU02nZl00aEWBcBQYqLMY1pJJ3EyUQigs/jQl/GN3BVRHwHZ/JTKS68s5iPO+fce5jXb2ikDPYm2TiNKU6iLAhpiglNQy+OYoZPBFmShjH3oawlBRQH1EJwThIO+07p1yq/Nvdrc78Qdh1YGRNOOGw4d+SBaBGhgeZyFtKgmzPYqlJ4MU3jyMdWeS9uhjwRgXf/DywWfr2o8ceVO1NgeQSNm6AIuzn6u1y83srXe3iGVZGSkqkvWcmTjNUOLB24cry9X84+t59Oi0Aimcphbcew5JFk27ooSbouuezVZJjHhz2j1tl2rSvJLiqT+9V6sq7X86z+72TJZa+m5qBdzZMdq1/rShq05OHQyLnPphxIs90xjjotE+umiUZTEtJrdDa0LxDyMMMp9vEgIikPPdcnzJtYUehTbhOPx+yx5xOKDpDLCePiR9CCEnmFdP0HQjb+6WACAAA=[0m19:47:56.066 [main] INFO  c.r.s.e.ElasticSearchClientFactoryBean - Starting ElasticSearch client
[8mha:AAABkx+LCAAAAAAAAACFkcFKAzEQhsdqtXjUmyAERD2ZXaVW257atStC1UNBkCKSbmONbJOazMqK4PN40JfxDTyJiO9g0u1WxIOTw35M/n/mJ/v8BUWjYeM66Rsl6ShOBkIayqQRkYqVpg1LgaMThRyymilAoQ2lseCYjRA225nfm/i9qd+b+q2w3oa5PkOGsNS+YXfMi5kceB3UQg7qqYaVSYpISaNiToPs+3szpCMbeP3/wHbh51NJvZ133gsw24VibzAOu9z9u9zeXrnbW3iEeZtSsiF3XEhHic4d1DnoxPHyevb+sfpwOA5kk5UQFtbKgTuOwtC35cj3HWe9nMqV/Z1mOdeFYa7LKBxX4vaX8sm+n88LDn4mO856OW23qpN5rhMc5LqMWrvuIBRT5HqI8LhdrZX3arsV6leqpDtkQl6Qo5PwlJCIamoop62YGRRRhzMdXQex4BJDFqHS903OJNkijZ5KkKAimrM+EbLPU2I4on0kciViTmrEs10RcXNpUCcRJprTG/vzFr8BKDVgeX0CAAA=[0m19:47:56.069 [main] INFO  c.r.s.e.ElasticSearchClientFactoryBean - About to read index setting file : /indices_structure.json
[8mha:AAABhx+LCAAAAAAAAACFkMFKAzEQhsdqtXjUmyAERD2Z3Upba3uya1cKtR4KghQPcRvb1W1Sk1lZEXweD/oyvoEnEfEdTLq7inhwcsjH5P9nfvL0CUWtYGscD7UUdBrFo1BoyoQOAxlJRQ8MeZZ6EjmkNVeAQhdKM8ExmyJsd1O/k/mdb7/z7TfCZhcWhgwZwkr3it0yJ2Ji5PRRhWLUTBSsZSkCKbSMOPXS+/dmSKYm8Ob/gc3Cj8eSfD3rvxVgfgDFi9Es7Org73Lzemlfb+ABFk1KwSbcciGZxip3UOugmeP55fTtff3+aBbIJCshLG1UPHss+b5rypLrWk57OVVq9d1WJdf5fq5LyZ9VbPeX8smum8/zDn8mW057OZXb+9k82/EOc11K7ao9CMUEuZogYHm/UdlrVGvUre+SwYSF4px0ev4JIQFVVFNO2xHTGAZ9zlQw9qKQC/RZgFLdtTgTZId0xJAnZCi5JkIi4UmokRJPcYbmnwiOeSYxU645kuUvj2NzrnMCAAA=[0m19:47:56.082 [main] INFO  c.r.s.e.ElasticSearchClientFactoryBean - Index does not exist. Creating the Index ticket 
[8mha:AAAB0R+LCAAAAAAAAACFkkGLEzEUx2O1WjzqTRACop5MWmlXt3vane2IUNdDVZDi4XX6djZtmozJmzoi+Hk86JfxC4inRcTvYDLTWREPJof8ePn/3/sT8vkX63rH7p2VS2+NKHSZK+MFGK8yq60Th4GSSCeWkDXrUod1pqxXC55BQez+tPHLnV9e+OWFPwgPpuzKEgiI3ZiuYAtSg8nljJwy+UHl2K1diswabzWKpDn/nsyqIgS++//AYeDPTz37/fXsvMMuz1l3kddhb87/HR5uT+PtW/aRXQ0pDWwwcqcqStc6RHSInePL11fnP25/eFIHCsl6xK7dGSZxR0rTfliR+v3ITa2l4d7jh0fDVpemra6htF5lnN9rO/f7bb/k+E/nyE2tpcFkf9cvVpLjVtfQZBQ3sW5F6DbEvg32x8NH49GeGAxGfL4BZd7wpyfpc84z4YQXKCYaPKlshuCys0QrNJRCRta9P0Iw/AE/XNiSOFnuEJZcmSVW3CNReCR+qjTyMZdbcFKrhVyhWcfvsbILL180PV8aRYSe5Dvr1r6ADKVHt1XhJHA5kiycLdCRQi+1zUBLbDL52i83UBRhmJehtA7yOoJYhd9x/TfO2fR+3gIAAA==[0m19:47:56.115 [main] INFO  c.r.s.e.ElasticSearchClientFactoryBean - About to read index setting file : /var/lib/jenkins/jobs/TSearchUnittest/workspace/service/target/properties/local/elasticsearch/mappings/ticket/index.json
[8mha:AAABtx+LCAAAAAAAAACFUcFu1DAUfCwsXXGEGxKSpRX0UpwsZEu3PZW0QUhLOWyFhKwcHonJhmbtYDtVJCS+pwf6M/2DniqE+AfsTVy04sDzwePnmXkj+8dvGGoFz5ZNrqWgddUUpdAUhS4zWUlFDy2KHTqRhkNXdwYwmMNoTXiHtYHteacPen1wqw9u9ZZ4MId7ORo08HD+Bc8xqFAUwcKoUhQHrYLHfYpMCi0rTuNu35wMbW0DP/1/YDvw18VIXn9c3AzgLoPhp2Id9hH7d7i9/exuv8J3uG9TClxxhwdt3SivoE5Be8Xl1Yebn0++vVkHsslGBrbGUeyWQ0kS2nIoDB3ueh5Fu3svXkeelySe16FkXY2bP/LOYej94qO/zg53PY8mx7Pez3XiI8/r0PHULQPD1nC1MnA1me1Hr/anuzSavSSMV6hNmWmOKlsyi864oULmPGVZ1WirWXB1XmZ83NT2H/kp6rOUnY4naUreniTvCZGqoBsutBfSFTfo/p48JxvO/pSSTHE09mlJKXLe7pAMG80Jw7pMd4heoso1YdM0YKE9r7CuLdd2enbv8uAP6sI5VNECAAA=[0m19:47:56.493 [elasticsearch[ticket.node][clusterService#updateTask][T#1]] INFO  org.elasticsearch.cluster.metadata - [ticket.node] [ticket] creating index, cause [api], shards [5]/[0], mappings [index, ticket]
[8mha:AAABgB+LCAAAAAAAAACFjsFKw0AQhsdqNXjUmyAsiHpyEyW1tj3ZtJFCrYeAIMXDmm7baLqJuxtJEXweD/oyvoGnIuI7uNskFfHgzGE/Zv9/5n/5grLgsDdOBiJiOA6TUcAEJkwEfhRGHJ8qcjT1Ikkhq6USlLpgzAXnJJaw3838Zu43F35z4VfCRhdWBkQSCRvdW/JAzJCwkelJHrBRI+WwlafwIyaikGIne39fhjRWgXf/D6wOfj4b0fuVNyvBch/KN6N52M3+3+Pqd6h/7+EJVlVKRiZUcymNE144sHbg3PH6djn72H48mwdSyQwJazu2o1uT61qqNFmW5mxWkH18ctS0C53rFrqM3Hkl+r5RbLasYp/T+tmsOZsVdNiu5fv0xGkVuozaFd0SyqmkfCJhcFir29V6pYotu4b6ExKwa9TpuRcI+ZhjgSluh0TIwPco4f7YCQPKpEt8GfFpkxKGDpCX+D4VYpiE4RQJKpMYddiApki57qhE69/z2/suYwIAAA==[0m19:47:57.049 [main] INFO  c.r.s.e.ElasticSearchClientFactoryBean - Successfully setup Index ticket 
[8mha:AAAB0B+LCAAAAAAAAACFUsFuEzEQNSmBiCPckJAsIeCEvUEJpemp3WYrpFAOASQUcXA2060Tx17s2bAIie/pofwMXwCnCiH+AXudLUIcGB/mafzemyfLF79I11ny8KxaOKNZqapCaseEdjI3ylh24FEa0IlBILGudUhnQnoN4YUokTyaRD3f6vmVnl/pPXF/Qq4vBAoktydLsRFcCV3wKVqpi/3akrvbFLnRzihgaex/byZ16QM/+H9gv/Dnec98fzu97JCdGenOiybsndm/y/3tabh9Tz6TGz6lFmsIuFOXlW0VLCjYVvHl65vLH/c+HTeBfLIekpv3B2k4AWVZ4iugJAk4zlo0ePrsyeGg5WVZy4soa6oK+3utc5K0funRH+eA46xF/fHe1i9M0qOWF9F4GA6Sbo1g10i+9fdGg93RcJclwz6drYXU7+jzk+wlpTmzzDFgYyUcynwKwuZnqZKgMRM5GvvxEISmj+nB3FRI0VALYkGlXkBNHSD6R6KnUgEdUb4Rlis550vQq/A9lmbu+Kvo+VpLRHDIPxi7cqXIgTuwG+k7ClsA8tKaEixKcFyZXCgOMZNr9HwtytIvc9yPVp4eG1v673HrN25MHY3fAgAA[0m19:47:57.051 [main] INFO  c.r.s.e.ElasticSearchClientFactoryBean - About to read index setting file : /var/lib/jenkins/jobs/TSearchUnittest/workspace/service/target/properties/local/elasticsearch/mappings/ticket/ticket.json
[8mha:AAACmx+LCAAAAAAAAAC9VM1uEzEQNoGWiCPckJBWRsClbFKUEpqe2m0XIYWCiARCUVU53kni1mtv/dNmqcrzcICX4Q04VQjxDti72fJ3oN1KeA/7aeb7xuPxeD5+RwtaoftTm2gpwozbCRM6JEIzKrlU4bpDkUfb0gAq15UGavRRsyA8J5lBD/qlvjXXt870rTO9I6710bWEGGLQzf4eOSQtTsSkNTCKicnaTKHb8yyoFFpyCKPy//vOaJa5hO/9O2G34bcPTfnl7eC0ga4O0cJoUiR7a/j35s479t4D9B4tuiwFScHjxiyzqlKEXhHOFZ8+vz79euf4aZGQy6xp0PW7nch/HsVx2y2P2m2PS1uFOo+fPNroVLw4rngliotl/f7NKnK7XcWLNn9G9ri0VWh5a3Uez1uizYpXoq0V/xm0MDOgUrO4srza63R7K92w3e0Gw5QwsRM8245fBAENVahDCLc40YbRARBFpxFnIExMqJEq3wAigofBAIxxBQlsFrgCZh6OpQqGTrQPZqdVgV5wjEuIe8d4V0urKHgIgow4JLhnlIWTJZwpmYEyDLT3HliwBY0IwvN3oHAP70N+JFWyy+URKEo04CVs8szRsC5uB7sw2vWZ1bWUdhQRAxN3xpryPaCmjpRozSYC6p0XDkExk2+71q2jFzYdefbFlQkbjxm13NQq15ToN0wk8kgPQLkj1Loym7m5Asl6UXXXfilxCHvbrmHpLxJv8gKWcDgv17+Al3bEGX0FOnMzCTa955xqeplWKh7JINcG0jp6quBiZckUk76Jal5knwk7u8Q1EkqlFUW2Se5mMKPO7ccC/nMssKROfEXF/x0l4tKPce7isnQYILU6oTRcVHcmxLKcaSdu3fgBqIUZszQIAAA=[0m19:47:57.077 [main] INFO  c.r.s.e.ElasticSearchClientFactoryBean - Setting up Mapping for [ticket]/[ticket]: {"ticket":{"_source":{"enabled":true},"properties":{"queue":{"analyzer":"keyword_lowercase","type":"string"},"status":{"analyzer":"keyword_lowercase","type":"string"},"subCategory":{"analyzer":"keyword_lowercase","type":"string"},"subject":{"analyzer":"keyword_lowercase","type":"string"},"assignee":{"analyzer":"keyword_lowercase","type":"string"},"severityName":{"analyzer":"keyword_lowercase","type":"string"},"number":{"analyzer":"keyword_lowercase","type":"string"},"difficulty":{"analyzer":"keyword_lowercase","type":"string"},"hasWindowsServers":{"analyzer":"keyword_lowercase","type":"string"},"updatedAt":{"format":"date_time","type":"date"},"idle":{"format":"date_time","type":"date"},"lastPublicResponseDate":{"format":"date_time","type":"date"},"category":{"analyzer":"keyword_lowercase","type":"string"},"sourceSystem":{"analyzer":"keyword_lowercase","type":"string"},"createdAt":{"format":"date_time","type":"date"},"priority":{"analyzer":"keyword_lowercase","type":"string"},"hasLinuxServers":{"analyzer":"keyword_lowercase","type":"string"},"account":{"dynamic":"true","properties":{"id":{"analyzer":"keyword_lowercase","type":"string"},"rcn":{"analyzer":"keyword_lowercase","type":"string"},"status":{"analyzer":"keyword_lowercase","type":"string"},"name":{"analyzer":"keyword_lowercase","type":"string"},"number":{"type":"long"},"team":{"analyzer":"keyword_lowercase","type":"string"},"type":{"analyzer":"keyword_lowercase","type":"string"}},"type":"object"}}}}
[8mha:AAABhx+LCAAAAAAAAACFkM1KAzEUha/VanGpO0EIiLoyM9VWbbuy044UxrooCFJcxJnYjkyTmmRkRPB5XOjL+AauiojvYDI/FXHhzSIfN+fce8jLF5SlgJ1xHEjO8DSKRyGTmDAZ+jziAp9ocgz1uaKQ1UIJSh5UUsEZmSrY9TK/lfutud+a+7Ww5cFSQBRRsObdkntiRYSNrIESIRu1EgEbeQqfM8kjip3s/r0ZkqkOvP1/YL3w87nC3y8HsxIsDqF8PUrDrg//LtevN+b1Dp5gWadkZEINl5JpLAoHNg6cO17fLmYfm4+naSCdrKJgZavmmGPIdW1dhmzbcNYrqHZ4vN+uFTrXLXQZuWnFZn+lmGzbxTyn8zPZcNYrqNpt5PNMx+kUuoy6dXMUlBNFxUSBrDaataNm/QhXDxpoOCEhu0K9vnuOkI8FlpjibkSkCv0BJcIfO1FImXKJr7h4aFPC0B7qsYAmKOBUIsYVokkoFUaOoETpf0JqTHMJCSYhQ6vfDVG9AXICAAA=[0m19:47:57.139 [main] INFO  c.r.s.e.ElasticSearchClientFactoryBean - Index does not exist. Creating the Index admin 
[8mha:AAAB0x+LCAAAAAAAAACFksFu1DAQhs2WhRVHuCEhWULACTuLUkq3pzbdVEhLOSwgoRUHbzJNvXXsYE+WICSep4fyMjwAEqcKId4BO9kUIQ6MD/40nn/mlzUXv8jQWfLwtM6d0axSdSG1Y0I7mRllLNv3lAQ6Ngiki2sDMpiRUVvwQlRIHs06Pd/o+ZWeX+l94d6MXM8FCiS3ZyuxFlwJXfA5WqmLvcaSuxsXmdHOKGBJd/89mTSVN/zg/4b9wJ/nI/P97fxyQLYWZLgsWrN3Fv8O968n4fU9+UxueJdalBB40FS17RUsKNhG8eXrm8sf9z4dtYa8sxGSm/fjJJxAaRr5CBRFgbtcT/HTZ08O4r4uTfu6jtI26jB/1HeOor5fcvinc+Au19N4urvpFzLJYV/X0XQ7HCTDBsGWSL6NdyfxzmR7h43jiC5KIfU7+vw4fUlpxixzDNhUCYcym4Ow2WmiJGhMRYbGfjwAoeljur80NVI01ILIqdQ5NNQBov8keiIV0Anla2G5kku+An0W1mNllo6/6nq+1hIRHPIPxp65SmTAHdi19DcKWwDyypoKLEpwXJlMKA6dJ9fqeSmqyg/zS5eXUvPWAVv55bj1G8qu04TdAgAA[0m19:47:57.140 [main] INFO  c.r.s.e.ElasticSearchClientFactoryBean - About to read index setting file : /var/lib/jenkins/jobs/TSearchUnittest/workspace/service/target/properties/local/elasticsearch/mappings/admin/index.json
[8mha:AAABvh+LCAAAAAAAAACFUcFu1DAQHRYWVhzhhoRkaQVcipOtsi1tT5A2CLSUw1ZIyMph6phsaGKntlMFIfE9HOBn+gecKoT4B+xNUrTiwPiQ55n33jzF337D2Gh4vGoyoyStyyYvpKEoTcFVqTR97lDs0bGyArq6MYLRAiZrwhusLTxZdPqg1wfX+uBa74gHC7iVoUUL9xYf8QKDEmUeLK0uZH7QanjQp+BKGlUKGnffzc3Q1i7wo/8Hdgt/fZ2oH++XVyO4yWB8mq/D3mf/LnfTD356Dl/gtkspsRIej9q60YOCegXtFd8v3139fPj55TqQSzaxcGcaxf54lCShK4/C0OOuN6Bo59n2i2jgJcnA61CyrsbvnwzOYTj4xYd/nT3uegOaHe31fr4THw68Dh3N/bEwbq3QlYXL2d5+tLs/36XbOxFhokRjC24Ear5iDp0JS6XKRMp42RinWQp9UXAxbWr3juIEzVnKTqazNCWvjpO3hCid0w0X2gtpJSz6tydPyYYzYZhVhUwJ1wKt+7OkkJlotwjHxgg3rYt0i5gV6swQNk8DFrp7hXXtuK7Ts80nyV+r0/TuH/cMO2jRAgAA[0m19:47:57.264 [elasticsearch[ticket.node][clusterService#updateTask][T#1]] INFO  org.elasticsearch.cluster.metadata - [ticket.node] [admin] creating index, cause [api], shards [5]/[0], mappings [index, syncJob]
[8mha:AAABgB+LCAAAAAAAAACFjs1Kw0AUha/VanGpO0EYEHXlJC2p/VvZtJFCrYuCIMXFOJ22kXQSZyaSIvg8LvRlfANXRcR3MJOfirjw3sV83Dnn3vPyBUUp4GgWjqXPceCFU5dLTLh0qe/5Ap/FZGsa+IpBWmsFKPShlAguSKDguJ/6jcxvrPzGyh8LW33YGBNFFOz078gDMTzCp8ZQCZdPW5GAvSwF9bn0PYbt9P19GaIgDnz4f+D44OdzyX+/Hi4LsD6C4u00Cbs7+ns8/p3o33t4gs04JSdzprkQBaHIHVg7cOZ4fbtafuw/nieB4mQlBVsHlq1bk+OYcWkyTc3pLCfrtF5pW7nOcXJdSk5Sob5fyjebZr7P7vxs1pzOcip3G9k+PbE7uS6lblW3gmKkmJgroOVG06o1qzVsVepoNCcuv0G9gXOJEMUCS8xw1yNSuXTIiKAz23MZVw6hyheLNiMcnaBhSCmTchJ63gJJpsIA9fiYRYiM5y5H29/vz6moYgIAAA==[0m19:47:57.428 [main] INFO  c.r.s.e.ElasticSearchClientFactoryBean - Successfully setup Index admin 
[8mha:AAAB1h+LCAAAAAAAAACFksFu1DAQhs3Cwooj3JCQLFXACTutUspuT226QaClHBaQ0IqDk0y33jp2sCdLKiSehwO8DE8Apwoh3gE72RQhDowP/jSef+aXNZ9/kaGz5P5pXTijWaXqpdSOCe1kbpSx7MBTEujYIJAurgzIYEZGbcFzUSF5MOv0fKPnl3p+qfeF+zNyrRAokNyarcRacCX0ks/RSr3cbyy5s3GRG+2MApZ099+TSVN5w/f+b9gP/PlpZL6/mV8MyNUFGWbL1uztxb/D/etJeH1HPpLr3qUWJQQeNFVtewULCrZRfPn6+uLH3Q9PWkPe2QjJja04CSdQmkY+AkVR4C7XU/zo8c5h3NelaV/XUdpGHeaP+s5R1PdLjv50Dtzletqejjf9QiY56us6mu6Gg2TYINgSybft8STem+zusXhnTBelkPotfXqcvqA0Z5Y5BmyqhEOZz0HY/DRREjSmIkdjzw9BaPqQHmSmRoqGWhAFlbqAhjpA9J9ET6QCOqF8LSxXMuMr0GdhPVYmc/xl1/OVlojgkL839sxVIgfuwK6lv1HYJSCvrKnAogTHlcmF4tB5cq2el6Kq/DC/dEUpNXfnOn9mMrby63HzNwIQM2TfAgAA[0m19:47:57.429 [main] INFO  c.r.s.e.ElasticSearchClientFactoryBean - About to read index setting file : /var/lib/jenkins/jobs/TSearchUnittest/workspace/service/target/properties/local/elasticsearch/mappings/admin/syncJob.json
[8mha:AAACGR+LCAAAAAAAAACVUtFu0zAUNYFCxSO8ISFFQcDLcDLoOtY9saxBoDIeKiGhaorc5K4zSmxjO1OrCr6HB/gZ/oCnCSH+gesmKUIroF0/5Pjec+49dvz5J+kYTR6cVrmRgqqimnFhKBOGZ7KQmj5DFDt0JC2QOq54xBuR7orwiilLHo5qfdjow7U+XOuRuD8i13JmmSW3Ru/YGQsLJmbh2GouZvtzTe40LjIpjCyAxvX3z8lkrtDw/f8bxoE/PnXlt7fjc49cnZDOdLYye3tycThWT1z1PflIrqNLwUpw2JurSrcK6hS0UXz5+ub8+93l85UhdNa15Ma9XuyWQ0kSYTgURQ7XuRb1+k8fH/RaXpK0vBolq6jc/G7bOYrafvHh784O17kWbQ/3mn4uEx+2vBoNd9yypDO3oEvr9bf3Br3dwc4u7T3p+5OScXHsvzhKXvt+RjU1FOiwYMbybAxMZ6dxwUHYhGVW6sUBMOE/8sdgLV6IXykfL1A5eCK1P2F5id3CiVmI7KWcHg/8ZdDgYLAMUiMrnYGDINi0gDwYWF3Bh61AaalAWw7GVblJ14RlYBcKNYFZ/YQAyc5eCmdoK2XWMXB46VCALw1Sy0sItlqZS61FlXLb/BIyg0+3MhttoOcMjMFdKmQOGzk5mExzZbkUG+t1+7TEPmy2uYV7l3/T6kseBv9F+o8T1YkLBYybvwB1xc8KNQQAAA==[0m19:47:57.436 [main] INFO  c.r.s.e.ElasticSearchClientFactoryBean - Setting up Mapping for [admin]/[syncJob]: {"syncJob":{"_source":{"enabled":true},"properties":{"is_enabled":{"type":"string"},"last_event_at":{"format":"date_time","type":"date"},"last_updated_at":{"format":"date_time","type":"date"},"status":{"type":"string"},"processing_node":{"type":"string"},"description":{"type":"string"},"status_message":{"type":"string"},"name":{"type":"string"},"started_at":{"format":"date_time","type":"date"},"sync_status":{"type":"string"},"type":{"type":"string"}}}}
[8mha:AAABiB+LCAAAAAAAAACFkMFKAzEQhsdqtXjUmyAERD2ZXWWrtj3ZbVeEqoeCIMVD3MZ2ZZvUZFZWBJ/Hg76Mb+CpiPgOJt3dinhwcsjH5P9nfvLyBWWtYGuY9LUUdBwng0hoyoSOQhlLRY8M+ZbOJHLIaq4EpQ5UpoJTNkbY7mR+J/c7M78z8xthowMLfYYMYaVzy+6ZEzMxcLqoIjFopArW8hShFFrGnPrZ/XszpGMTePP/wGbh53NFvl92JyWY70H5ejANu9r7u9y83tjXO3iCRZNSsBG3XErHiSoc1Dpo7nh9u5h8rD8eTwOZZBWEpQ3Pt8dSELimLLmu5axXkLd/uNf0Cl0QFLqMgmkldn+lmOy6xTy/9TPZctYraLddy+fZjt8qdBm1q/YglFPkaoSQ7Nbq3kG9ekC9mkd6IxaJK3JyFpwTElJFNeW0HTONUdjlTIVDP464wICFKNVDkzNBdsiJ6POU9CXXREgkPI00UuIrztD8E8EhzyUsDGUikCx/AzzP9Gx0AgAA[0m19:47:57.494 [main] INFO  c.r.s.e.ElasticSearchClientFactoryBean - Index does not exist. Creating the Index account 
[8mha:AAAB1B+LCAAAAAAAAACFksFuEzEQhk0gEHGEGxKSpQo4YW+qhNL01G6zCCmUQwAJRRwcZ7p16tiLPRsWVerz9FBehieAU4UQ74C9my1CHBgf/Gk8/8wvay5/ka535PFJufDWsEKXuTKeCeOVtNo6th8ojXRkEUgTNzqkMyG9uuCVKJA8mTR6vtHzaz2/1ofCvQm5tRAokNybLMVacC1MzqfolMn3KkcebFxIa7zVwNLm/nsyqYpg+NH/DYeBPy969vv76VWH3JyR7jyvzd6f/Ts8vB7H14/knNwOLo1YQeROVZSuVbCoYBvFl6/vrn48PHtRGwrOekjubA3SeCJlWRIiUpJEbnItDZ493z4YtHVZ1tY1lNVRxvm9tnOStP3Swz+dIze5lvrj3U2/mEkP27qGxsN4kHQrBLdC8q2/OxrsjIY7bNjfprOVUOYDfXmUvaZUMsc8AzbWwqOSUxBOnqRagcFMSLTu8wEIQ5/S/bktkaKlDsSCKrOAinpADJ9Ej5UGOqJ8LRzXas6XYE7jeizt3PM3Tc+3RiGCR/7JulNfCAncg1urcKNwOSAvnC3AoQLPtZVCc2g8+VrPV6IowrCwdFLa0iCvPbBlWI+7vwHeUCvy3wIAAA==[0m19:47:57.512 [main] INFO  c.r.s.e.ElasticSearchClientFactoryBean - About to read index setting file : /var/lib/jenkins/jobs/TSearchUnittest/workspace/service/target/properties/local/elasticsearch/mappings/account/index.json
[8mha:AAABvB+LCAAAAAAAAACFUcFu1DAQHRYWVhzhhoRkaQVcipOFXdptT5A2CGnbHrZCQlYOg2OyoVk72E4VCYnv4QA/g/gBThVC/AP2Ji5acWB8yPPMe2+e4i+/YWg0PFw1uVGS1lVTlNJQlKbkqlKaPnco8ehEWQFdXRvAYAGjDeEYawuPFp0+6vXRlT660jviwQJu5GjRwp3Fe7zAqEJZREurS1kctBru9Sm4kkZVgibdd3sztLUL/OD/gd3CX59H6seb5eUArjMYvi02Ye+yf5e76Ts//QCf4KZLKXEtPB60daODgnoF7RVfv72+/Hn/48tNIJdsZOHWeJr441Gaxq48imOPu15A02d7T15MAy9NA69D6aYav38UnOM4+CWHf5097noBTY7mvZ/vJIeB16GjmT8Whq0Vem3h+2S+P93dn+3SvadzwkSFxpbcCNR8xRw6F5ZKlYuM8aoxTrMU+qLkYtzU7h3FGZrzjJ2NJ1lGXp2kp4QoXdAtF9oL6VpY9G9PHpMtZ8KQc9VImxGuBVr3b0kpc9HuEI6NEW5el9kOMSvUuSFslkUsdvc11rXjuk7PDja3/wD3/bKx0wIAAA==[0m19:47:57.839 [elasticsearch[ticket.node][clusterService#updateTask][T#1]] INFO  org.elasticsearch.cluster.metadata - [ticket.node] [account] creating index, cause [api], shards [5]/[0], mappings [index, account]
[8mha:AAABgh+LCAAAAAAAAACFjkFLAkEUx1+WtXSsWxAMRHVqdk3N1FOubghmByEI6TCNo26sM9vMbKwEfZ4O9WX6Bp0kou/Qjusa0aH3DvPjzf//3v/lC/JKwsE4GijBcRhEI58rTLjyqQiExGcJuYa6QjNIayUHuQ5Yc8EFCTUcdlK/vfDbS7+99CfCegfWBkQTDVudO/JA7IDwkd3T0uejeixhZ5GCCq5EwLCbvr8vQxwmgff/D5wc/Hy2xPt1b5aD1T7kb0fzsNv9v8eT36H5vYcnWE9ScjJhhnNxGMnMgY0DLxyvb1ezj93H83mgJJmlYWOv5Jo25HlOUoYcx3A6y6h0cnrcKGU6z8t0KXnzisx9K9vsONk+t/mz2XA6y6jQqi72mYnbzHQptcqmNeRjzeREAytUa6VKrVzB1WIR9SfE5zeo3fUuEaJYYoUZbgVEaZ/2GJF07AY+49ojVAs5bTDC0RHqRZQypYZREEyRYjoKUZsPWIwIpSLiGm1+A4FjbcNkAgAA[0m19:47:57.933 [main] INFO  c.r.s.e.ElasticSearchClientFactoryBean - Successfully setup Index account 
[8mha:AAAB0x+LCAAAAAAAAACFksFuEzEQhk1KaMQRbkhIllDbE/aWppSkp3abRUihHAJIKOLgONOtU8de7Nl0ERLPwwFehjeAS4UQ74C9my1CHBgf/Gk8/8wvaz7/Il3vyPZ5OffWsEKXuTKeCeOVtNo6dhQojXRqEUgTNzqkMya9uuC5KJDsjBs9X+v5tZ5f60Ph4ZjcnAsUSO6MF2IluBYm5xN0yuSHlSP31i6kNd5qYGlz/z2ZVEUwvPV/w2Hgz089++3N5KpDNqakO8trs3en/w4Pr2fx9R35SG4Fl0YsIXKnKkrXKlhUsLXiy9fXVz/uf3haGwrOekg2H/TTeCJlWRIiUpJEbnIt9R8/eXTcb+uyrK1rKKujjPN7beckafulJ386R25yLe2OBut+MZOetHUNjfbjQdKtENwSyffdwbB/MNw/YIO9PTpdCmXe0men2QtKJXPMM2AjLTwqOQHh5HmqFRjMhETr3h+DMPQhPZrZEila6kDMqTJzqKgHxPBJ9ExpoEPKV8JxrWZ8AeYirsfCzjx/2fR8ZRQieOSX1l34QkjgHtxKhRuFywF54WwBDhV4rq0UmkPjydd6vhRFEYaFpZPSlgbbmy3Cgtz+DdGCoeHhAgAA[0m19:47:57.933 [main] INFO  c.r.s.e.ElasticSearchClientFactoryBean - About to read index setting file : /var/lib/jenkins/jobs/TSearchUnittest/workspace/service/target/properties/local/elasticsearch/mappings/account/account.json
[8mha:AAACCB+LCAAAAAAAAACdks1uEzEQx00gEHGEGxLSahFwKd4tpJRsL7TbLEIK5RAJCUVV5Hin6YLXNv6gCRE8Dwd4Gd6AU4UQ74C9HwHEAZHxYX+a+f9nRl5/+oG6WqE7pzbXgmPJ7LzgGhOuCyqYUHjfUerpSBhAdVzooM4I9SrBMyINujuq/VHjj9b+aO13wr0RupQTQwy6NnpF3pKIET6PxkYVfL63UOhGswUVXAsGOK2/f05GC+kWvv3vhd3A7x974uvL8XkHXZyg7mxeLXt98vdwVz3x1TfoA7rstuSkBM+dhbSqdWDvwI3j85cX599urp5UC7nNegZdudVP/fGUZbELT3Hsuc611H/46P5Bv9VlWaurKavC+vm9tnMct/3Sw1+dPde5lraHg6afz6SHra6m4Y4/BnUXBlRpOo+3B0l/N9nZxYMHg2BSkoIfB0+PsudBQLHCGgMeMqJNQcdAFD1NWQHcZIQaoZYHQHhwLxiDMe5CAisDd4HS44lQwYRQKiw3x9GakmAVNhwmq3CqhVUUPAInMwZ5mBhl4f1WKJWQoEwB2letdI8G8v3K5XqXxFHoc1NTlBBuhWYpoUmFzl7kXkk4Yct3oFzhNSzPhMqnTJyBokT/5tHV7/QuRfkmNu3es9WbOP0j28hny5lXr9oSE3XBACk3aVgn/tfn4upPkLMKqT8EAAA=[0m19:47:57.939 [main] INFO  c.r.s.e.ElasticSearchClientFactoryBean - Setting up Mapping for [account]/[account]: {"account":{"_source":{"enabled":true},"properties":{"updatedAt":{"format":"date_time","type":"date"},"id":{"analyzer":"keyword_lowercase","type":"string"},"rcn":{"analyzer":"keyword_lowercase","type":"string"},"status":{"analyzer":"keyword_lowercase","type":"string"},"name":{"analyzer":"keyword_lowercase","type":"string"},"number":{"type":"long"},"team":{"analyzer":"keyword_lowercase","type":"string"},"type":{"analyzer":"keyword_lowercase","type":"string"}}}}
[8mha:AAABiR+LCAAAAAAAAACFjs9Kw0AQxsdotXjUmyAsiHpyk5ao/XOyaSNCrWhAkNLDmq7tSrpJdzdaEXweD/oyvoGnIuI7mE2ainhw9rA/Zr5v5nv5goIUsDOM+zLkOAriAeMSEy6ZHwahwEcJOZo6oaKQ1YIBRhuKqeCURAp225nfnPnNud+c+xNhvQ1LfaKIgrX2LbkjZkD4wPSUYHxQnwjYmKXwQy7DgGIn+39fhkmUBN7+P3By8PO5GL5feVMDFrtQuB6kYde7f48n0xs9HcMTLCcpORlRzcYkikXuwNqBZ47Xt8vpx+bjcRooSVZUsLJlO/ppcl0rKU2WpTnr5WQfVMoNO9e5bq7LyE0r1veL+WbLyvc5zZ/NmrNeTqVWdbZPd5xmrsuota+fgsJEUTFSIEvVml2pWTYuH5ZRd0QY76GTjnuGkI8FlphiP2CUK9wKiFTM9ygR/tBJe2gPeYoIRfvoPKbiAV3QcUylQo2YBX0q0D1TQzRORxERZCRRt9Zb/QblsS5ocgIAAA==[0m19:48:04.272 [main] INFO  c.r.s.e.client.ElasticSearchClient - Started Query Request Builder with query params [:]
[8mha:AAABZh+LCAAAAAAAAACFjrFOwzAQho9AIWKEDQkpEgKWKkmhFNpOkDYMBJYiJNTJtCYEUjvYDoqExPMwwMvwBkwVQrwDdhwXIQbuBn86///d//IFNc5g6yYfc0rcLM3jhHAXEZ6MaEqZeygpUHRGBQZdcxZYEdil4BRlArYj7fcqvzfzezO/FHYjWBgjgQSsRLfoAXkpIrE3ECwhcbdgsFalGFHCaYrdQL+/L0ORycCb/weWBz+fbfp+OZhaMD+E2lVchl0d/j0uf6/V7z08waJMSdAEK7aKLGfG4SqHWzle3y6mH+uPx2UgmcwWsLTRDFQrCkNfliLfV6xnhpqtg52jptGFodFpCsvK1X3bbPZ9sy/o/WxWrGeGGv12tU9Ngp7RaervqRZQKwRmEwEn55gL7rCcdJzduhOiJM0Z5h3Hrzt9xijTOLhLsgyPSz5PJtjBKcq4GjTabqO173A8Wv4G+X6XVEoCAAA=[0mTests run: 3, Failures: 0, Errors: 0, Skipped: 0, Time elapsed: 19.167 sec
[8mha:AAABWh+LCAAAAAAAAACFj8FKxDAQhsfqavGoN0EQRL2lVVZRxIN2t16qB7sIsqfYjd263aQm6VIQfB4P+jK+gadFxHcwaZoV8eDkkK+T/5/5+/IFLcFhe1gOBKOoyMs0owJhKrKE5YyjU0WBpksmCZiac8CJwK0FF7iQsBMZv9f4vZnfm/mV8DiChQGWWMJKdI8n2MsxTb1Y8oymxxWHtSZFwqhgOUGBuX9vhqpQgbf+D6wWfj677P0mnjow34fWbVqHXe3/Xa5e7/TrAzzBokpJ8Zhodqqi5NaBtAM1jte36+nH+uN5HUglcyUsbbYDfTSFoa9Kk+9rNj1L7YPDvbO21YWh1RkK6yr1ftdO9n07L+j8TNZsepZ2u0fNPN0JOlZnqLuvj4RWJQkfSzi5KilVf7ORsDHiOBmJAicECYJ5MlQXn2Tqs5clIyLjuhmbXo8IufwN9/e/zjwCAAA=[0mRunning com.rackspace.search.service.TicketSearchServiceTest
[8mha:AAABeB+LCAAAAAAAAACFkM9Kw0AQxsdqNXjUmyAsiHrqJpG0tPakaSNCrEJBkOJhTWMaTXfjZiMBwefxoC/jG3gqIr6Du/lTKR6cPeTHN/PNfOT1G+oJh71JOk4YxXGUBiFNMKFJ6LGIcXwkyVY0YMKHopZqUHNBywfOSCxg3y38eunX53597peDXRdWxkQQARvuHXkkekRooA8FD2nQzThslSk8RhMW+dguvouXIYtl4N3/A8uDXy8a+7gazmqwPIL6TZCH3Rz9PS67t6r7AM+wKlNSMvUV17I45ZUDKwcuHW/vl7PP7aeTPJBMpglY27Fs9RQ5jiFLkWEoLrSKrFb74Niq5hynmivIyStV97Vqs2FU++ze72bFhVaR2e+U+5Ri96q5gvpN9QTUM+HzqYDA7Bxa7UOjic1WE42mJKTX6HTgnCPkYY4Tn3BvgiMWyH8c4H5EEhF6w1x1pehz1EAXTIo0QLJz7wtkNkwkGFqYXf8BZEsZ4mYCAAA=[0m19:48:05.165 [main] INFO  c.r.search.logging.ElasticSearchLogger - Posting ticket 1-1 to ElasticSearch
[8mha:AAABeh+LCAAAAAAAAACFkM1Kw0AUha/VanCpO0EYEHXlJJW09Gdl00SEWBcFQYqLMU3TaDoTJxMJCD6PC30Z38BVEfEdnMlPRVx4ZzEfd8659zAvX1BPOBzM0knCKI6jNAhpgglNQo9FjOMTSZaiIRM+FLVSg5oLWi44J7GAQ7fw66VfX/r1pV8Key6sTYggArbcW/JA9IjQQB8JHtKgl3HYKVN4jCYs8rFV3L83QxbLwPv/B5YLP5819n41WtRgdQz1myAPuz3+u1y+TtXrPTzBukxJydxXXMvilFcOrBy4dLy+XS4+dh9P80AymSZgY8+01FHkOIYsRYahuOhVZLbax32z0jlOpSvIyStV+7VqsmFU86zBz2TFRa+iht0p56mONah0BdlNdQTUM+HzuYBpo9M1212jiRutNhrPSUiv0dnQuUDIwxwn2MdeFPpUYDsiiQi9kU+4N7PyHjpCyM58LxXyP1A/je5QzBKBBEOlGhXyzW/lynbJZQIAAA==[0m19:48:05.168 [main] INFO  c.r.s.e.client.ElasticSearchClient -  Executing Bulk post to Elastic Search
[8mha:AAABnB+LCAAAAAAAAACFkU9LwzAYxl+n0+FRb4JQGP47mHZSxc2TdqsIUw8bgpQisYu1rmtqkspE8PN4UD+M38CTiPgdTNbGMTyYHPrLm/d53ofm+RvKnMHqddbjNEFpnIVRwhFOeBTQmDK0L8lRdEIFgXxNlaDUhsqo4RinAtbaud4s9Oav3vzVy8a9Nsz0sMACFto3+A6bMU5CsyNYlIR7QwZLRYqAJpzGBDn5d3IyDFMZeOX/wHLg11OFvp93Pkow7UH5MhyFXfT+Dpe3V+r2Fh5hVqZM8IAoLg3TjGkFUgpUKF7ezj4+lx8OR4FksoqAuartqK3IdS25FFmW4rymyd7Z3TqwdZ/r6r6c3NHK1PyKdrYs7ec0x86K85qmWqte+KmK09R9ObW21RZQHgrCBgJea/WGvduwtpG9ZRseiTEXUcAJZsG1J6lPBEpoj/heEGdcajqE3UUBqWapfEfSxbzve91qzfeNoxP31DAoC9GECyqEaEAEVm9vbBoTzvrkG7nnxQCnqfzB4/p6714+RxRszP8A4i7zEq0CAAA=[0m19:48:05.424 [elasticsearch[ticket.node][clusterService#updateTask][T#1]] INFO  org.elasticsearch.cluster.metadata - [ticket.node] [ticket] update_mapping [ticket] (dynamic)
[8mha:AAABZR+LCAAAAAAAAACFjsFKw0AQhsdoNXjUmyAERL2UJNZqtT1p2ggSvbQI0tParjGa7sbdjQQEn8eDvoxv4KmI+A7uZrMV8eDMYT9m/3/mf/mCGmewdZOPOSVuluZxQriLCE9GNKXMPZIUKDqnAoOuOQusCOxScIYyAduR9nuV35v5vZlfCjsRLIyRQAJWolv0gLwUkdjrC5aQuFMwWKtSjCjhNMVuoN/fl6HIZODN/wPLg5/PNn2/7E8tmB9C7Souw64O/x6Xv9fq9x6eYFGmJGiCFVtFljPjcJXDrRyvbxfTj/XHkzKQTGYLWNpoBqoVhaEvS5HvK9YzQ839g8Zx0+jC0Og0hWXl6r5tNvu+2Rd0fzYr1jNDO73Dap+aBF2j09TbUy2gVgjMJgJOB5gL7rCctJ1G3QlRkuYM87bj150eY5Rp7N8lWYbHJQ+SCXZwijKuBi3Xb+06HI+WvwGSn9oESQIAAA==[0mTests run: 2, Failures: 0, Errors: 0, Skipped: 0, Time elapsed: 7.073 sec
[8mha:AAABYx+LCAAAAAAAAACFj8FKxDAQhsfqavGoN0EQRL2lVVZR9rR2tyJUBVcE2VPM1m61m9QkXSqCz+NBX8Y38LSI+A4mTbMiHpwc5stk/pk/L1/QEBw2h8VAMIryrEhSKhCmIiUsYxy1FQWaTpmMwcSMA04EbtVwgnMJW5HRe7Xem+q9qV41tiKYG2CJJSxFt3iMvQzTxOtJntKkVXJYqV0QRgXLYhSY/HszlLkyvPG/YbXw89ll71e9iQOzfWhcJ5XZ5f7f5er1Rr/ewxPMK5cUj2LNTpkX3CqQVqBa8fp2OflYfTyqDClnroSF9Wagj6Yw9FVo8n3Npmapube/c9i0fWFo+wyFVRR6v2sn+76dF3R+Jms2NUvb3YN6nq4EHdtnqLurj4RGKWM+knB8XlCqfrNG2AhxTO5EjkmMRIw5GarEx6m6YkJYQSVqm3xGE6Y0vQdK2kQyfhELufgNAs3QWEgCAAA=[0mRunning com.rackspace.search.service.account.AccountOngoingSyncActorTest
[8mha:AAABZB+LCAAAAAAAAACFjsFKw0AQhsdoNXjUmyAERL2UJK2taHvStBEkemkRpKe1XWM03Y27GwkIPo8HfRnfwFMR8R3czWYr4sGZw37M/v/M//IFNc5g5yafcErcLM3jhHAXEZ6MaUqZeyQpUHROBQZdCxZYEdil4AxlAnYj7fcqvzf3e3O/FHYjWJoggQSsRbfoAXkpIrE3ECwhcbdgsFGlGFPCaYrdQL+/L0ORycDb/weWBz+fbfp+OZhZsDiC2lVchl0f/T0uf6/V7z08wbJMSdAUK7aKLGfG4SqHWzle3y5mH5uPJ2UgmcwWsLLVClQrCkNfliLfV6xnhlr7B83jltGFodFpCsvK1X3bbPZ9sy/o/WxWrGeGGv3Dap+aBD2j09RvqxZQKwRmUwGnQ8wFd1hOOs5e3QlRkuYM847j150+Y5RpHNwlWYYnJQ+TKXZwijJeDtxmu+FwPF79BmhZxy5JAgAA[0mTests run: 3, Failures: 0, Errors: 0, Skipped: 0, Time elapsed: 0.251 sec
[8mha:AAABYh+LCAAAAAAAAACFj0FLwzAUx5/TafGoN0EQRL2lVaYoO81uHUhVcCLITllWu2qX1CQdFcHP40G/jN/A0xDxO5g0zUQ8+HJ4v7y8/3v/vHxBXXDYHuVDwSjK0jxOqECYioSwlHHUUuRrOmMyAhNzNaiF4JQNpziTsBMavVvp3ZnenelVYzOEhSGWWMJKeIsn2E0xjd2e5AmNmwWHtcoFYVSwNEK+yb83Q5Epw1v/G1YLP58d9n7dm9Zgvg/1QVyaXe3/Xa5eb/TrPTzBonJJ8TjSXCuynFsF0gpUKV7frqYf64/d0pBy5khY2mz4+mgKAk+FJs/TbGqWGgeHe8cN2xcEts9QUEau9zt2sufZeX77Z7JmU7O02zmq5umK37Z9hjr7+kioFzLiYwndi5xS9ZsNwsaIY3InMkwiJCLMyUglPknUFRPCcipRy+RzGjOl6T1QcsIGl5GQy99J+/loRgIAAA==[0mRunning com.rackspace.search.service.account.AccountOngoingSyncJobTest
[8mha:AAABYh+LCAAAAAAAAACFjsFKw0AQhsdoNXjUmyAERL2UJC1VtD1pmogQvbQI0tParjGa7sbdjQQEn8eDvoxv4KmI+A7uZrMV8eDMYT9m/3/mf/mCBmewc1NMOCVunhVJSriLCE/HNKPMPZIUKDqnAoOuBQusGOxKcIZyAbux9nu135v7vblfCnsxLE2QQALW4lv0gLwMkcQbCJaSpFcy2KhTjCnhNMNuoN/fl6HMZeDt/wPLg5/PNn2/HMwsWBxB4yqpwq6P/h6Xv9fq9x6eYFmmJGiKFVtlXjDjcJXDrR2vbxezj83HkyqQTGYLWNnqBKoVRZEvS5HvK9YzQ539g/Zxx+iiyOg0RVUV6r5tNvu+2Rf0fzYr1jNDrfCw3qcmQd/oNIV7qgU0SoHZVMDpEHPBHVaQrtNuOhFKs4Jh3nX8phMyRpnGwV2a53hS8TCdYgdnKOfVwG21HI7Hq9/Au1psSAIAAA==[0mTests run: 2, Failures: 0, Errors: 0, Skipped: 0, Time elapsed: 0.11 sec
[8mha:AAABYx+LCAAAAAAAAACFj0FLwzAUx5/VafGoN0EQRL2lVaYoO81uHUhVcCLITlkWu2qb1DQdFcHP40G/jN/A0xDxO5g07UQ8+HJ4v7y8/3v/vHxBIxOwPc5HGWcojfMwYhnCLIsIj7lAbUWepjMuKZiYs8AKwC4bTnEqYScweqfSOzO9M9OrxlYACyMssYSV4BZPsBNjFjp9KSIWtgoBa5ULwlnGY4o8k39vhiJVhrf+N6wWfj7b/P26P7VgfgCNYViaXR38Xa5eb/TrPTzBonLJcEI1W0Wai1qBtAJVite3q+nH+mOvNKSc2RKWNpuePpp831WhyXU1m1pNzYPDveNm3ef7dZ8hv4xc77frya5bz/M6P5M1m1pNu92jap6ueJ26z1B3Xx8JjUJSkUjoXeSMqd9sEJ4ggcldlmJCUUaxIGOVxCRSV0wIz5lEbZPPGZVRQvsPjJzw4SXN5PI3Pe4EHEYCAAA=[0mRunning com.rackspace.search.service.account.AccountOnetimeSyncJobTest
[8mha:AAABXx+LCAAAAAAAAACFjsFKw0AQhsdoNXjUmyAERL2UJJUq2p407XqJXloE6Wlt1xhNd+PuRgKCz+NBX8Y38FREfAd3s9mKeHDmsB+z/z/zv3xBQ3DYuSkmglE/z4okpcLHVKRjljHuHyuKNJ0zScDUggNODG4lOMO5hN3Y+IPaH8z9wdyvhN0YliZYYglr8S1+wEGGaRIMJE9p0i05bNQpxowKlhE/Mu/vy1DmKvD2/4HVwc9nl71fDmYOLI6gcZVUYddHf4+r32v9ew9PsKxSUjwlmp0yL7h1+Nrh147Xt4vZx+bjaRVIJXMlrGy1I92aEApVaQpDzWZmqX1wuHfStjqErM4QqqrQ9127OQztvqj3s1mzmVlq9Y/qfXoS9azOUH9ft4RGKQmfSkBDIqTweEE7XqvpIZxmBSei44VNr8854wYHd2mek0nFw3RKPJLhXFQDT5Dx6jc2J3hpRQIAAA==[0mTests run: 1, Failures: 0, Errors: 0, Skipped: 0, Time elapsed: 0 sec
[8mha:AAABZB+LCAAAAAAAAACFj8FKxDAQhsfV1eJRb4IgiHpLq6yi7GntbkWoCq4IsqeYjd1qm9QkXSqCz+NBX8Y38LSI+A4mTbsiHpwc5stk/pk/L1/QlAI2R/lQcoayJI9iJhFmMiY84QJ1NPmGTrmiYGOmAY0QnLLhBGcKtkKrdyu9O9W7U71ubIcwN8QKK1gKb/EYuwlmkdtXImZRuxCwUrkgnEmeUOTb/HszFJk2vPG/Yb3w89nh71f9SQNmB9C8jkqzy4O/y/XrjXm9hyeY1y4ZTqnhRpHlolYgo0CV4vXtcvKx+nhUGtLOHAUL6y3fHENB4Okw5HmGba2m1t7+zmGr7guCus9SUEZu9jv1ZM+r5/ndn8mGba2m7d5BNc9U/G7dZ6m3a46CZqGoSBUcn+eM6d+sEZ4igcmdzDChSFIsyEgnMY71FRPCc6ZQx+YzRlWc0v4DIx2iuLigUi1+A+bhXn5IAgAA[0mRunning com.rackspace.search.service.account.AccountOnetimeSyncActorTest
[8mha:AAABZB+LCAAAAAAAAACFjs9Kw0AQxsdoNXjUmyAERL2UJNr6p+1J00aQ6KVFkJ7Wdo3RdDfubiQg+Dwe9GV8A09FxHdwN5utiAdnDvtj9vtmvpcvqHEGWzf5mFPiZmkeJ4S7iPBkRFPK3CNJgaJzKjDomrPAisAuBWcoE7Adab9X+b2Z35v5pbATwcIYCSRgJbpFD8hLEYm9vmAJiTsFg7UqxYgSTlPsBvr9fRmKTAbe/D+wPPj5bNP3y/7Ugvkh1K7iMuzq8O9x+Xutfu/hCRZlSoImWLFVZDkzDlc53Mrx+nYx/Vh/PCkDyWS2gKWNZqBaURj6shT5vmI9M9TcP9w9bhpdGBqdprCsXN23zWbfN/uC7s9mxXpmaKfXqvapSdA1Ok29PdUCaoXAbCLgdIC54A7LSdtp1J0QJWnOMG87ft3pMUaZxv5dkmV4XPIgmWAHpyjj5cBt+AcOx6Plb0yVDGZJAgAA[0mTests run: 3, Failures: 0, Errors: 0, Skipped: 0, Time elapsed: 0.307 sec
[8mha:AAABXh+LCAAAAAAAAACFkUFLwzAUx5/VafGoN0EQRL2lVaooA2F26y7VgxNBdopd7KZdUpNUK4Kfx4N+Gb+BpyHidzBpmol48OXQHy///3v/kpcvaAgOm8NiIBhFeVakIyoQpmKUsIxx1FIUajphkoCpGQecGNxKcIxzCVux8Xu135v6valfCZsxzA2wxBKW4mt8h70M09TrST6iabPksFKnSBgVLCMoNN/fm6HMVeCN/wOrhZ/PLnu/6E0cmO1D4zKtwi73/y5Xt1f69haeYF6lpHhMNDtlXnDrQNqBasfr2/nkY/WxWwVSyVwJC+tBqI+mKPJVafJ9zaZnKdjb3zkKrC6KrM5QVFWh97t2su/beWH7Z7Jm07O03Tmo5+lO2LY6Q51dfSQ0Skn4WMLhaUGp+pu1hI0Rx8mNyHFCkCCYJ0OUYknu8YN6Dq7fgpNWIYdd0zwjQi5+A48TGAA9AgAA[0mRunning com.rackspace.search.gateway.core.CoreAuthGatewayTest
[8mha:AAABXx+LCAAAAAAAAACFjsFKw0AQhsdoNXjUmyAERL2UJJYq2p407XqJXloE6Wlt1xhNd+PuRgKCz+NBX8Y38FREfAd3s9mKeHDmsB+z/z/zv3xBQ3DYuSkmglE/z4okpcLHVKRjljHuHyuKNJ0zScDUggNODG4lOMO5hN3Y+IPaH8z9wdyvhN0YliZYYglr8S1+wEGGaRIMJE9p0i05bNQpxowKlhE/Mu/vy1DmKvD2/4HVwc9nl71fDmYOLI6gcZVUYddHf4+r32v9ew9PsKxSUjwlmp0yL7h1+Nrh147Xt4vZx+bjaRVIJXMlrGy1I92aEApVaQpDzWZmqX1w2DppWx1CVmcIVVXo+67dHIZ2X9T72azZzCzt9Y/qfXoS9azOUH9ft4RGKQmfSkBDIqTweEE7XqvpIZxmBSei44VNr8854wYHd2mek0nFw3RKPJLhXFQDT5Dx6jclKazSRQIAAA==[0mTests run: 2, Failures: 0, Errors: 0, Skipped: 0, Time elapsed: 0 sec
[8mha:AAABXx+LCAAAAAAAAACFkUFLwzAUx5/VafGoN0EQRL2lVaYoXtRu3aV6cEOQnWIXu7ouqUmqFcHP40G/jN/A0xDxO5g0zUQ8+HLoj5f//71/ycsXNASHzWExEIyiPCuSlAqEqUhjljGOjhUFms6YJGBqxgEnArcSnOJcwlZk/F7t96Z+b+pXwsMI5gZYYglL0Q2+w16GaeJ1JU9pclhyWKlTxIwKlhEUmO/vzVDmKvDG/4HVws9nl71fdicOzPahcZVUYZf7f5er22t9ewtPMK9SUjwmmp0yL7h1IO1AteP17WLysfrYqQKpZK6EhfVmoI+mMPRVafJ9zaZnqbm3v3PStLowtDpDYVWF3u/ayb5v5wWtn8maTc/Sdvugnqc7QcvqDLV39ZHQKCXhYwlH5wWl6m/WYjZGHMcjkeOYIEEwj4cowZLc4wf1HFy/BSe9NB4R2THtHhFy8Rshky2yPwIAAA==[0mRunning com.rackspace.search.gateway.core.CoreTicketGatewayTest
[8mha:AAABYx+LCAAAAAAAAACFjsFKw0AQhsdqNXjUmyAERL2UZCutaHvStBEkemkRpKe1XWM03Y27GwkIPo8HfRnfwFMR8R3czWYr4sGZw37M/v/M//IFdcFh5yafCEa9LM3jhAoPU5GMWcq4d6Qo0HTOJAFTCzWoReCUgjOcSdiNjN+v/P7c78/9StiNYGmCJZawFt3iB+ynmMb+QPKExt2Cw0aVYsyoYCnxAvP+vgxFpgJv/x9YHfx8dtj75WBWg8UR1K/iMuz66O9x9Xutf+/hCZZVSoqnRHOtyHJuHZ52eJXj9e1i9rH5eFIGUskcCStbrUC3pjBEqjQhpNnMLLX2D/aOW1YXhlZnKCwr1/cduxkhuy/o/WzWbGaWmv3Dap+eBD2rM9Rv65ZQLyThUwmnQyKkcHlOO2674YY4SXNORMdFDbfPOeMGB3dJlpFJycNkSlyS4kyUAw+hpivIePUbOwkABkkCAAA=[0mTests run: 5, Failures: 0, Errors: 0, Skipped: 0, Time elapsed: 0.001 sec
[8mha:AAABXB+LCAAAAAAAAACFj7FOwzAQho9CIWKEDQkJCQGbE1BBoC6UtOkSGChCQp2Ma9JCagfbgSAknocBXoY3YKoQ4h2w47gIMXAe/On8/3e/X76gLgVsDvOB5AxlaZ6MmESYyRHhKReopSk0dMIVBVszNajF4JWCY5wp2Iqt36/8/tTvT/1a2IxhboAVVrAUX+M77KeYJX5PiRFLmoWAlSoF4UzylKLQ3r83Q5HpwBv/B9YLP589/n7Rm9Rgtg/1y6QMu9z/u1y/XpnXW3iCeZ2S4TE1XCuyXDgHMg5UOV7fzicfq4/dMpBO5ilYWG+E5hiKokCXoSAwbHuOGnv7O0cNp4sip7MUlZWb/Z6bHARuXtj+mWzY9hxtdw6qeaYTtp3OUmfXHAX1QlExVnB4mjOmf7NG+BgJTG5khglFkmJBhijBit7jB4QJ4TlTqGXvrm2fUakWvwEpdZPTPwIAAA==[0mRunning com.rackspace.search.gateway.account.AccountGatewayTest
[8mha:AAABXx+LCAAAAAAAAACFjsFKw0AQhsdoNXjUmyAERL2UJJYq2p407XqJXloE6Wlt1xhNd+PuRgKCz+NBX8Y38FREfAd3s9mKeHDmsB+z/z/zv3xBQ3DYuSkmglE/z4okpcLHVKRjljHuHyuKNJ0zScDUggNODG4lOMO5hN3Y+IPaH8z9wdyvhN0YliZYYglr8S1+wEGGaRIMJE9p0i05bNQpxowKlhE/Mu/vy1DmKvD2/4HVwc9nl71fDmYOLI6gcZVUYddHf4+r32v9ew9PsKxSUjwlmp0yL7h1+Nrh147Xt4vZx+bjaRVIJXMlrGy1I92aEApVaQpDzWZmqX1w2DppWx1CVmcIVVXo+67dHIZ2X9T72azZzCzt9Y/qfXoS9azOUH9ft4RGKQmfSkBDIqTweEE7XqvpIZxmBSei44VNr8854wYHd2mek0nFw3RKPJLhXFQDT5Dx6jclKazSRQIAAA==[0mTests run: 2, Failures: 0, Errors: 0, Skipped: 0, Time elapsed: 0 sec
[8mha:AAABZR+LCAAAAAAAAACFj7FOwzAQho9CIWKEDQkJCQGbE1BBoE40bVgCAwUk1Mm4Jg2kdrAdFITE8zDAy/AGTBVCvAN2HBchBs5DPv++/+7Pyxc0pYDNUTGUnKE8K5KUSYSZTAnPuECHmkJDJ1xRsDXTgEYMXtVwjHMFW7H1+7Xfn/r9qV83tmOYG2KFFSzFN/ge+xlmid9XImVJuxSwUqcgnEmeURTa7+/NUOY68Mb/gfXCz2ePv1/2Jw2YHUDzKqnCLg/+Ltev1+b1Dp5gXqdkeEwNN8q8EM6BjAPVjte3i8nH6uNRFUgn8xQsrLdCcwxFUaDLUBAYtpqj1t7+Tqfl+qLI9VmKqirMfs9NDgI3L+z+TDZsNUfbvYN6nlHCruuz1Ns1R0GzVFSMFZyfFozpv1kjfIwEJrcyx4QiSbEgI0QzLFVK6hvJUsoU6lmxX4lhpUWYKC4eOhSzMyrV4jdjihW8VAIAAA==[0mRunning com.rackspace.search.elasticsearch.client.ElasticSearchClientFactoryBeanTest
[8mha:AAABkx+LCAAAAAAAAACFkc9KAzEQxsdqtXjUmyAERD2Z3WrV/jnptitC1UNBkCISt7FGtklNZmVF6PN40JfxDTyJiO9g0u0q4sHJYX9Mvm/mI/v0CUWjYe066Rkl6TBO+kIayqQRkYqVpnuWAkfHCjlkNVWAQhtKY8ERGyKstzO/N/F7337v22+FjTbM9BgyhIX2DbtjXsxk3+ugFrLfSDUsTVJEShoVcxpk39+bIR3awKv/B7YLPx5L6vWs81aA6S4UL/vjsIvdv8vt7ZW7vYURzNqUkg2440I6THTuoM5BJ47nl9O39+WHg3Egm6yEMLdSCdxxFIa+LUe+7zjr5VTZqW7uV3JdGOa6jMJxJW5/KZ/s+/m8oPkz2XHWy6ncqk3muU7QzHUZtbbdQSimyPUAYVSu1SvVenmLlqu7pDtgQp6Tw+PwhJCIamoop62YGRRRhzMdXQex4BJDFqHS9/ucSbJB9i5VggQV0Zz1iJA9nhLDEe0jkSsRc1Innu2KiJsLgzqJMNGc3tifN/8FRva+5X0CAAA=[0m19:48:13.187 [main] INFO  c.r.s.e.ElasticSearchClientFactoryBean - About to read index setting file : /indices_structure.json
[8mha:AAABkx+LCAAAAAAAAACFkcFKAzEQhsdqtXjUmyAERD2Z3dYq2p7atStC1UNBkCKSbmONbJOazMqK4PN40JfxDTyJiO9g0u1WxIOTw35M/n/mJ/v8BUWjYeM66Rsl6ShOBkIayqQRkYqVpg1LgaMThRyymilAoQ2lseCYjRA225nfm/i9qd+b+q2w3oa5PkOGsNS+YXfMi5kceB3UQg7qqYaVSYpISaNiToPs+3szpCMbeP3/wHbh51NJvZ133gsw24VibzAOu9z9u9zeXrnbW3iEeZtSsiF3XEhHic4d1DnoxPHyevb+sfpwOA5kk5UQFtaqgTuOwtC35cj3HWe9nKq7e5VmNdeFYa7LKBxX4vaX8sm+n88LDn4mO856OZVb+5N5rhMc5LqMWjvuIBRT5HqI8Fjer1X3auVtWvErpDtkQl6Qo5PwlJCIamoop62YGRRRhzMdXQex4BJDFqHS903OJNkijZ5KkKAimrM+EbLPU2I4on0kciViTmrEs10RcXNpUCcRJprTG/vzFr8BN4BEVX0CAAA=[0m19:48:13.202 [main] INFO  c.r.s.e.ElasticSearchClientFactoryBean - About to read index setting file : /indices_structure.json
[8mha:AAAB0h+LCAAAAAAAAACFksFuEzEQhk0gEHGEGxKSpQo4YSdtQG16ardZhBTKIYCEIg6TzXTrxLEXezYsQuJ5OMDL8AKIU4UQ74C9my1CHLAP/jT+/5lflj//Yl3v2P3zcuGtEYUuc2W8AONVZrV14ihQEunUErJmXemwzoT1asEzKIg9mDR+ufXLS7+89Afh4YRdWwABsVuTJWxAajC5nJJTJj+sHLuzTZFZ461GkTTn35NZVYTA9/4fOAz8+alnv7+eXnTY1RnrzvM67O3Zv8PD7Vm8fcs+sushpYE1Ru5URelah4gOsXV8+frq4sfdD0/qQCFZj9iNnWESd6Q07YcVqd+P3NRaGj7e3z0etro0bXUNpfUq4/xe27nfb/slJ386R25qLQ3GB9t+sZKctLqGxo/iJtatCN2a2LfBwWi4Pxrsid3BHp+tQZk3/Olp+pzzTDjhBYqxBk8qmyK47DzRCg2lkJF1748RDH/Ij+a2JE6WO4QFV2aBFfdIFB6JnymNfMTlBpzUai6XaFbxeyzt3MsXTc+XRhGhJ/nOupUvIEPp0W1UOAlcjiQLZwt0pNBLbTPQEptMvvbLNRRFGOZlKK2CvI4gluF33PwNaTavfd4CAAA=[0m19:48:13.213 [main] INFO  c.r.s.e.ElasticSearchClientFactoryBean - About to read index setting file : /var/lib/jenkins/jobs/TSearchUnittest/workspace/service/target/properties/local/elasticsearch/mappings/ticket/index.json
[8mha:AAAB1B+LCAAAAAAAAACFksFuEzEQhk0gNOIINyQkSxVwwt6UFLXpqd1mEVIohwASijg4u9OtU6+92LPpokp9nh7Ky/AASJwqhHgH7N1sEeLA+OBP4/lnfllz9Yv0nSVPTqrMGc1KVeVSOya0k6lRxrJ9T3GgI4NA2rjVI70pGTQFr0WJ5Om01fO1nt/o+Y3eF+5NyZ1MoEByf7oUK8GV0DmfoZU636stebh2kRrtjAIWt/ffk0ldesOP/2/YD/x5OTDfP8yue+T2nPQXeWP2wfzf4f71OLx+IhfkrnepRQGBe3VZ2U7BgoKtFV++vr/+8ej8ZWPIOxsg2dgcxeEESpLIR6AoCtzmOhq92Nk6GHV1SdLVtZQ0UYX5g65zFHX94sM/nQO3uY6Gk911v5CJD7u6libb4SDp1wi2QPJtuDse7YyHz9nWcJvOCyH1R/rqKHlDacoscwzYRAmHMp2BsOlJrCRoTESKxn4+AKHpM7q/MBVSNNSCyKjUGdTUAaL/JHosFdAx5SthuZILvgR9GtZjaRaOv217vtMSERzyM2NPXSlS4A7sSvobhc0BeWlNCRYlOK5MKhSH1pNr9LwQZemH+aXLCql544At/XLc+w1+RUum3QIAAA==[0m19:48:13.215 [main] INFO  c.r.s.e.ElasticSearchClientFactoryBean - About to read index setting file : /var/lib/jenkins/jobs/TSearchUnittest/workspace/service/target/properties/local/elasticsearch/mappings/admin/index.json
[8mha:AAAB1B+LCAAAAAAAAACFksFuEzEQhk0gNOIINyQkSxXtCXtTArTpqd1mEVIohwASijg4znTr1LEXezYsqsTz9FBehieAU4UQ74C9my1CHBgf/Gk8/8wvay5/ka53ZOu0nHtrWKHLXBnPhPFKWm0dOwiURjq2CKSJGx3SGZNeXfBSFEi2x42er/X8Ws+v9aFwf0xuzQUKJHfHC7ESXAuT8wk6ZfL9ypH7axfSGm81sLS5/55MqiIYfvh/w2Hgz4ue/f5uctUhN6ekO8trs/em/w4Pryfx9QP5TG4Hl0YsIXKnKkrXKlhUsLXiy9e3Vz8enD+vDQVnPSQbm4M0nkhZloSIlCSRm1xLg6e7O4eDti7L2rqGsjrKOL/Xdk6Stl969Kdz5CbXUn+0t+4XM+lRW9fQ6Ek8SLoVglsi+dbfGw52h/3HbKf/jE6XQpn39MVx9opSyRzzDNhIC49KTkA4eZpqBQYzIdG6T4cgDH1ED2a2RIqWOhBzqswcKuoBMXwSPVEa6JDylXBcqxlfgDmL67GwM89fNz3fGIUIHvlH6858ISRwD26lwo3C5YC8cLYAhwo811YKzaHx5Gs9X4qiCMPC0klpS4O89sAWYT3u/AbGdtXm3wIAAA==[0m19:48:13.217 [main] INFO  c.r.s.e.ElasticSearchClientFactoryBean - About to read index setting file : /var/lib/jenkins/jobs/TSearchUnittest/workspace/service/target/properties/local/elasticsearch/mappings/account/index.json
[8mha:AAABYx+LCAAAAAAAAACFjsFKw0AQhsdoNXjUmyAERL2UJC1RtD1p2ggSvbQI0tParjGa7sbdjQQEn8eDvoxv4KmI+A7uZrMV8eDMYT9m/3/mf/mCBmewc1NMOCVunhVJSriLCE/HNKPMPZIUKjqnAoOuBQusGOxKcIZyAbux9nu135v7vblfCrsxLE2QQALW4lv0gLwMkcQbCJaSpFsy2KhTjCnhNMNuqN/fl6HMZeDt/wPLg5/PNn2/HMwsWBxB4yqpwq6P/h6Xv9fq9x6eYFmmJGiKFVtlXjDjcJXDrR2vbxezj83HkyqQTGYLWNkKQtWKosiXpcj3FeuZoWD/oH0cGF0UGZ2mqKpC3bfNZt83+8Lez2bFemao1T+s96lJ2DM6Tf091QIapcBsKuB0iLngDitIx2k3nQilWcEw7zh+0+kzRpnGwV2a53hS8TCdYgdnKOfVwG0FLYfj8eo34z+MVkkCAAA=[0mTests run: 2, Failures: 0, Errors: 0, Skipped: 0, Time elapsed: 0.141 sec
[8mha:AAABXR+LCAAAAAAAAACFj8FKxDAQhsfqavGoN0EQRL2lVVZR9qTdrSDVgyuC7ClmY7faTWqSSkHweTzoy/gGnhYR38GkaVbEg5NDv/yZf+bvyxe0pIDNUTmUnKEiL9OMSYSZzAjPuUCHmiJDZ1xRsDXjgZeAXzec4kLBVmL9QeMPpv5g6teNnQTmhlhhBUvJLX7AQY5ZGvSVyFjaqQSsNCkIZ5LnFEX2+3szVIUOvPF/YL3w89nn71f9iQezA2hdp3XY5cHf5fr1xrzewxPM65QMj6lhrypK4RzIOFDjeH27nHysPh7XgXQyX8HCejsyx1Ach7oMhaFhqzlq7+3vHLVdXxy7PktxXaXZ77vJYejmRd2fyYat5mi7d9DMM0rUdX2WervmKGhVioqxgpPzkjH9N2uEj5HA5E4WmFAkKRZkhGiOpcpIcyN5RplCPSv2azGqtQsq1eI3bhR0LkkCAAA=[0mRunning com.rackspace.search.elasticsearch.client.ElasticSearchClientTest
[8mha:AAABex+LCAAAAAAAAACFkM9Kw0AQxsdqNXjUmyAsiHrqJqmx1PakaSNCrEJBkOJhTWOamu7GzVYCgs/jQV/GN/BURHwHd/OnUjw4e8iPb+ab+cjrN1QTDnuj6TBhFMfRNAhpgglNQo9FjONjSbaiHhM+5LVUgYoLWjZwTmIB+27u1wu/Pvfrc78cbLuwMiSCCNhwx+SR6BGhgd4XPKRBO+WwVaTwGE1Y5GM7/y5ehjSWgXf/DywPfr1o7OO6P6vA8gCqt0EWdnPw97js3qnuAzzDqkxJycRXXEnjKS8dWDlw4Xh7v5p9bj+dZoFkMk3A2o5lq6fIcQxZigxDca6VZDWa9ROrnHOcci4nJ6upuq+Vmw2j3Gd3fjcrzrWSzO5RsU8pdqecy6l7qJ6Aaip8PhEwNo9aVrNlHuB6w0KDCQnpDTrrORcIeZjjxCfcG+GIBfIfB7gbkUSEXj9TXSn6HNXQJZMiDZDs3PtiyDxk1kwkGFoYX/8BW0G0PWkCAAA=[0m19:48:13.264 [main] INFO  c.r.search.logging.ElasticSearchLogger - Posting ticketdoc 1-1 to ElasticSearch
[8mha:AAABfB+LCAAAAAAAAACFkM9Kw0AQxsdqtXjUmyAsiHrqJq1p6Z+Tpo0IsQoFQYqHNY1parobN1sJCD6PB30Z38BTEfEd3E26leLB2UN+fDPfzEdev6GYcDgYTYcJoziOpkFIE0xoEnosYhwfS7IV9ZjwIa+VAhRcKGUD5yQWcOjmfmPuNxZ+Y+GXg20X1oZEEAFb7pg8EiMiNDD6goc0aKccduYpPEYTFvnYzr/LlyGNZeD9/wPLg18vJfZx3Z8VYHUAxdsgC7s9+Htcdu9U9wGeYV2mpGTiKy6k8ZRrB1YOPHe8vV/NPnefTrNAMllJwMaeZaunyHFMWYpMU3GuabLqjeqJpeccR8/l5GQ1VfdLerNp6n1253ez4lzTVOk25/uUYnf0XE7dmnoCiqnw+UTAuNJsWY1W5QhX6zU0mJCQ3qCznnOBkIc5TnzCvRGOWCD/cYC7EUlE6PUz1ZWiz1EZXTIp0gDJzr0vhsxD1XIFCYaWxjd/ABTCyCBpAgAA[0m19:48:13.265 [main] INFO  c.r.search.logging.ElasticSearchLogger - Posting ticketdoc 2-1 to ElasticSearch
[8mha:AAABfB+LCAAAAAAAAACFkM9Kw0AQxsdqNXjUmyAsiHrqJmnTUtuTpo0IsQoFQYqHNY1parobN1spCD6PB30Z38BTEfEd3M2fSvHg7CE/vplv5iOv31BOOByMpsOEURxH0yCkCSY0CT0WMY6PJdmKekz4kNVKCUouaOnAOYkFHLqZX8/9+sKvL/xysO3C2pAIImDLHZNHokeEBnpf8JAG7RmHnTyFx2jCIh/b2Xf5MsxiGXj//8Dy4NeLxj6u+/MSrA6gfBukYbcHf4/L7p3qPsAzrMuUlEx8xaVZPOWFAysHzh1v71fzz92n0zSQTKYJ2NizbPUUOY4hS5FhKM60gqxGs3piFXOOU8xl5KQ1Vfe1YrNhFPvszu9mxZlWkNk9yvcpxe4Ucxl16+oJKM+EzycCxuZRy2q2zBquNupoMCEhvUFnPecCIQ9znPiEeyMcsUD+4wB3I5KI0OunqitFn6MKumRSpAGSnXtfDJmHahUTCYaWxjd/AIpBEr9pAgAA[0m19:48:13.265 [main] INFO  c.r.search.logging.ElasticSearchLogger - Posting ticketdoc 3-1 to ElasticSearch
[8mha:AAABex+LCAAAAAAAAACFkM1Kw0AUha/VanCpO0EYEHXlJK2x1HZl00SEWBcFQYqLMU3TaDoTMxMJCD6PC30Z38BVEfEdnMlPRVx4ZzEfd8659zAvX1DnCexN0zFnFMdRGoSUY0J56LGIJfhEkqVowIQPRS3VoOaClgvOSSxg3y38eunXF3594ZfCrgsrYyKIgA33ljwQPSI00IciCWnQzRLYKlN4jHIW+dgq7t+bIYtl4N3/A8uFn88ae78azmuwPIL6TZCH3Rz9XS5fJ+r1Hp5gVaakZOYrrmVxmlQOrBy4dLy+Xc4/th9P80AymSZgbce01FHkOIYsRYahuOhVZLbazZ5Z6Ryn0hXk5JWq/Vo12TCqeVb/Z7LioldRwz4u56mO1a90BdlH6gioZ8JPZgImjeOO2e40DnGz1UKjGQnpNTobOBcIeTjBHPvYi0KfCmxHhIvQG/ok8aZW3kMHCNmZ76VC/gfqpdEdihkXSDBUqlEhX/8Gr1olMmUCAAA=[0m19:48:13.266 [main] INFO  c.r.s.e.client.ElasticSearchClient -  Executing Bulk post to Elastic Search
[8mha:AAABwh+LCAAAAAAAAACFkU9r1EAYxsdtVxeP9SYIA4taoU6Sdiv9c9K0KcJaD1sEGXJ4m4zZdLMzcf6UgODn6aH9Mj303lMp4ndwZpOpLB6cOeQ37zzP+z5kLn+jvpLo1dTkSnBSV6YouSLAVZmJSkjy3lLs6Fhohtr1qId6YzRYCD5BrdHrcesPOn/w4A8e/Fa4P0arOWjQaG18BucQVMCLYKJlyYv9RqLnXYpMcCUqRuL2uzwZNbUN/PL/ge3AXxcDcft1ctdDKxT1T4tF2Gf03+H29pu7/Y5+osc2JYc5c9xraiO9gzgH6RxX11/u7l/8OFoEsskGGj0ZjmK3HSVJaJejMHTc1jyN3u1sfhh5XZJ4XUvJYhk3f+A7h6HvFx/87ey4rXmKDne7fq4SH3hdS4fbbmvUbzSTc41uot290c5etEW2ok1MWQVKl5liILMptTRjmnCRs5RmlVHWM2HyvMzY0NT2HdkJqFlKT4ZRmuKPx8lnjIUsyFIX0hnJnGlwb4/f4qXO/tTKU5xJBtr+YFzynDUbOAOjGKZgtFg/NdUMQ12+STewmoLMFabbaUBDe55DXVubraRP/wA4xSLa1QIAAA==[0m19:48:13.312 [elasticsearch[ticket.node][clusterService#updateTask][T#1]] INFO  org.elasticsearch.cluster.metadata - [ticket.node] [ticketsearch] creating index, cause [auto(bulk api)], shards [5]/[0], mappings []
[8mha:AAABoR+LCAAAAAAAAACFUctKxDAUvY6ODi51JwiFwdfCtKNVfKy0WhFGXYwIUorENtZqp6lJKiOC3+NC1/6Hf+BKRPwHk0mjDC68WfTk3nPOPTRPX1DnDGYvy5jTHBVZmaQ5RzjnaUQzytCWRJ5Ch1QQ0DVUg1obGn3CAS4EzLW13q709o/e/tFL4mYbRmIssICJ9hW+xXaG88TuCJbmyWaPwVSVIqI5pxlBnv4OboZeIQPP/B9YLvx8bNC30857DYYDqJ8n/bCTwd/lcnqhpjfwAKMyZY67ROFaryiZUSClQJXi+fXk/WP6fq8fSCZrCBhrup46Cvm+I0shx1FY9wxyV9eWtl3D833D08jvV6n2N4yz4xg/b+fXWWHdM6i1u175qY63Y3ga7a6oI6DeE4R1Bby01jfctY3WMlpdca2AZJiLNOIEs+gykOiaCJTTmIRBlJVcajqE3aYRaZaFfEdyjPl1GBw3W2Fo7R/6R5ZFWYIGXFAlRF0isHp7a9EacDY3TQ8t7XzWxUUhf7OZxjQKrfn4Tr5LGi2MfwMOj/h+tgIAAA==[0m19:48:13.654 [elasticsearch[ticket.node][clusterService#updateTask][T#1]] INFO  org.elasticsearch.cluster.metadata - [ticket.node] [ticketsearch] update_mapping [ticketdoc] (dynamic)
[8mha:AAABPR+LCAAAAAAAAACFjsFKxDAQhsdqtXgSvQmCIOotrVJF2dPa3XqpXhYE2VNsa7fSTWKSSkHweTzoy/gGnhYR38GkaVbEgzOHfEz+f+Z/+QJXcNib1JmgBLGqLkoiECaiTGlFOeorijRdUpmDqQUHnAS8VnCBmYT9xPj9zu/P/f7cr4S9BJYyLLGE9eQOP2C/wqTwR5KXpOg1HDa7FCklglY5isz7+zI0TAXe/T+wOvj57NH369HMgcUxuDdFG3Zj/Pe4+r3Vv/fwBMsqJcHTXLPTsJpbB9IO1Dle365mH1uP520glcyTsLITRro1xXGgSlMQaDYzS+HxyeFZaHVxbHWG4rZqfd+zm4PA7osGP5s1m5mlg+Fpt09PooHVGRoe6ZbgNjLnUwlr6QQTklfbQlLG8mz1Gz4JNyQPAgAA[0mchannel stopped
[8mha:AAABMR+LCAAAAAAAAACFjrFOwzAQhq+BQMQIGxITAjY7oIBAnSBtWAJLJSTUybQhBKV2cJwqEhLPw9C+DG/AVCHEO+CL4yLEwN3gT+f/v/tnX+CWEvYfqnEpOCnyKs14SRgvs5HIhSTnmkKka6ESMNVxwInBawRXrFBwEBs/bf106adLvxZ2Y1gdM8UUbMaPbMpoznhKB0pmPO3WErbbFCPBS5EnJDTv78tQFzrw3v+B9cHPV0+83w4WDqwMwb1Lm7Bbw7/H9e89/j7BC6zplJxNEmSnLippHQQdpHXM324WHzvPl00gncxTsL4bhNhIUeTrQvJ9ZDOzFJycHl0EVhdFVmcoaqrC+57d7Pt2X9j72YxsZpYO+2ftPpyEPasz1D/GVuDWKpETBZ2Nbxim58gAAgAA[0m
[8mha:AAABOR+LCAAAAAAAAACFjsFKxDAQhsdqtexRb4IgiHpLq1RR96TdrZfqwQVB9hR3a610k5qkUhB8Hg/6Mr6Bp0XEdzDTNCviwZlDPib/P/O/fIErBWzdVmPJGSmLKsuZJJTJfMQLLsixpgjpnKsUTM054CTgNYIzWirYTozfb/3+zO/P/FrYTWBhTBVVsJzc0QfqF5Rl/kCJnGXdWsBqm2LEmeRFSiLz/r4MdakDb/4fWB/8fPb4+9Vg6sD8ENzrrAm7Mvx7XP/e4O89PMGiTsnoJEV26rIS1kHQQVrH69vl9GPt8bQJpJN5CpY2wggbKY4DXUhBgGxmlsL9g92T0Ori2OoMxU1VeN+zm4PA7ot6P5uRzczSTv+w3YeTqGd1hvp72ArcWqVioqBzkcqqUHL9qPMNuwXJUgkCAAA=[0mResults :
[8mha:AAABMR+LCAAAAAAAAACFjrFOwzAQhq+BQMQIGxITAjY7oIBAnSBtWAJLJSTUybQhBKV2cJwqEhLPw9C+DG/AVCHEO+CL4yLEwN3gT+f/v/tnX+CWEvYfqnEpOCnyKs14SRgvs5HIhSTnmkKka6ESMNVxwInBawRXrFBwEBs/bf106adLvxZ2Y1gdM8UUbMaPbMpoznhKB0pmPO3WErbbFCPBS5EnJDTv78tQFzrw3v+B9cHPV0+83w4WDqwMwb1Lm7Bbw7/H9e89/j7BC6zplJxNEmSnLippHQQdpHXM324WHzvPl00gncxTsL4bhNhIUeTrQvJ9ZDOzFJycHl0EVhdFVmcoaqrC+57d7Pt2X9j72YxsZpYO+2ftPpyEPasz1D/GVuDWKpETBZ2Nbxim58gAAgAA[0m
[8mha:AAABVR+LCAAAAAAAAACFjr9OwzAQxo9AIWKEDQkpEgKWKgml/Gk7QZqwBJYiJNTJtCYEUjvYDoqExPMwwMvwBkwVQrwDdhwXIQbuBv90/r677+ULGpzB1k0x5pS4eVYkKeEuIjwd0Ywy90hSoOiMCgy65iywYrArwSnKBWzH2u/Vfm/m92Z+KezFsDBGAglYiW/RA/IyRBJvIFhKkl7JYK1OMaKE0wy7gX5/X4Yyl4E3/w8sD34+2/T9cjC1YH4IjaukCrs6/Htc/l6r33t4gkWZkqAJVmyVecGMw1UOt3a8vl1MP9YfT6pAMpktYGmjHahWFEW+LEW+r1jPDLX3D1vHbaOLIqPTFFVVqPu22ez7Zl/Q/9msWM8M7YSdep+aBH2j0xTuqRbQKAVmEwGtc8wFd1hBus7uQdOJUJoVDPOu4zedkDHKNA7u0jzHY8nL318630gxAgAA[0mTests run: 37, Failures: 0, Errors: 0, Skipped: 0
[8mha:AAABMR+LCAAAAAAAAACFjrFOwzAQhq+BQMQIGxITAjY7oIBAnSBtWAJLJSTUybQhBKV2cJwqEhLPw9C+DG/AVCHEO+CL4yLEwN3gT+f/v/tnX+CWEvYfqnEpOCnyKs14SRgvs5HIhSTnmkKka6ESMNVxwInBawRXrFBwEBs/bf106adLvxZ2Y1gdM8UUbMaPbMpoznhKB0pmPO3WErbbFCPBS5EnJDTv78tQFzrw3v+B9cHPV0+83w4WDqwMwb1Lm7Bbw7/H9e89/j7BC6zplJxNEmSnLippHQQdpHXM324WHzvPl00gncxTsL4bhNhIUeTrQvJ9ZDOzFJycHl0EVhdFVmcoaqrC+57d7Pt2X9j72YxsZpYO+2ftPpyEPasz1D/GVuDWKpETBZ2Nbxim58gAAgAA[0m
[8mha:AAABQB+LCAAAAAAAAACFkcFKxDAQhsdqtXjUmyAsiHpLq1RR9uR2t16qlwVB9pTd1lrpJjVN14Lg83jQl/ENPC0ivoOZplkRD04O+Zj8/8wPefkCuxSwd1vFJWekyKs0YyWhrMwmPOeCnCkKkC65TEDXkgVWBE4juKCFhP1I+93W7y787sKvhN0IVmIqqYSN6I7OqJtTlrpDKTKWdmsBW22KCWclzxMS6Pv3ZqgLFXj3/8Bq4eezw9+vh3MLlkdgj9Mm7Obo73L1eoOv9/AEqyolo9ME2aqLShgHQQdpHa9vV/OP7cfzJpBK5khY2/EDPEhh6KlC8jxk3TPkH58c9nyjC0Oj0xQ2VeF+x0z2PDMv6P9MRtY9QweD03YedoK+0WkaHOGRYNcyEVP1Db0qy+POAy07dMyFTOL1bzIWIGERAgAA[0mBuild was aborted
[8mha:AAACER+LCAAAAAAAAACFkUGPk0AYhmer1WaPenNjsolRD02A7tINdU8MtGxhtq1LWXfb07SwQFsGClNCMfH3eNA/4z/wtDHG/yBTyhrjwXcOPPnme7/vnfDlF6gnMXjjbewkJFy02rg+SThMEn8ersKYkwtSGA1C6oBSBzVQQ6Cxa7jEEQVvUenn937+wc8/+IvGcwQe25hiCp6hBU4xv8LE5U0a+8Q9z2LwYp9iHpIkXDmcUn7/3gyyqAj8+v+Bi4U/PzfC77fmfQ08moL6zN2FfT79d3lxe8du1+ATeFKkJDhwGNeyaBNXDo45uL3j67fr+x8vP2q7QEWyBgVPX4kKO4x6PaEQI0FgXNYqEs+kEyhWfb1e1VdSb6cN29+oJgtCNU9R/0xmXNYqanU7+3msoqhVX0ndNjsU1DPqxAE9OJRnYUwd+3i2PT6aSoGH38mFIthEilwJzqQ2hnTm99+PtcXAsMSRIKXDcTMdqhK5nkuno63Vys6G2z6yQj2/TE+2TV7XLSh7/kSD7tr3vKUwMBeG+iG/mZ1e2SsELfNW05eSRqPcSkemqUJJa1PDJ7Cv9SfNJEN6l5/k3fRi3BF1w89RJuAzmFnBQhtag9C+SJAr517Xnei8jfyWgjpi4W+hrRUuzU7WN5QrQ4Hrm2Aij0YIEnXIXnM0FYJkEzvEjjGHowgXP9Uh/uFvW32x9wkDAAA=[0mAborted by [8mha:AAAApB+LCAAAAAAAAABb85aBtbiIQTGjNKU4P08vOT+vOD8nVc83PyU1x6OyILUoJzMv2y+/JJUBAhiZGBgqihhk0NSjKDWzXb3RdlLBUSYGJk8GtpzUvPSSDB8G5tKinBIGIZ+sxLJE/ZzEvHT94JKizLx0a6BxUmjGOUNodHsLgAzhEgZJ/dLi1CL94tKi1LyUokS9xIKCRKCBqXmZAPPLBnDOAAAA[0msurendra.appalaneni
[8mha:AAABQh+LCAAAAAAAAACFkcFKxDAQhsfqavGoN0EQRL2lVaqoe9ptGy9VwRVB9hS3tVvpJjVNpSD4PB70ZXwDT4uI72DSNCviwckhH5P/n/khL1/QKTlsj6u4ZBQVeZVmtESEltmI5YyjniRf0RkTCeias8CKwG4Ep6QQsBNpv9P6nZnfmfmlsBvBQkwEEbAS3ZEH4uSEps5A8Iym3ZrDWptixGjJ8gT5+v69GepCBt76P7Bc+Plss/frwdSC+SF0btIm7Orw73L5eqte7+EJFmVKSiaJYqsuKm4cSDlQ63h9u5p+rD+eNIFkMlvA0qbnq6MIY1eWItdVrHuGvIPDvb5ndBgbnSbcVKX222ay65p5fvAzWbHuGdoNj9p5quMHRqcp3FdHQKcWCZ/Ib8AZzcpxEh9v9PrnF5dhsPwNQ+3IzBECAAA=[0mFinished: ABORTED
