[8mha:AAACFh+LCAAAAAAAAACFkU+Pk0AYxmer1caLid7cbNLEqIcmQHdpQ90Tf1q2MNvWpay77WlaEGjLQGEgFBM/jwf9Mn4DTxtj/A4ypawxHnzmwC/vvM/7PhO+/AL1OAKv3cSKA8yEm8TxcMwgHHvLYBNEjFiQTGkUEBuUOqqBGgSNfcMlCgl4A0s/e/Cz93723l80nkPw0EIEEfAMrlCK2A3CDmuQyMPOeRaBF4cUywDHwcZm5PL792aQhUXgV/8PXCz8+bkRfL817mrgwRzUF84+7PP5v8uL2w/0dgs+gUdFSox8m3ItC5OocjDUwRwcX79d3/04+ajuAxXJGgQ8fsnL9FAaDLhClDiOclmriO8KpxJf9Q0GVV9Jg70Sur9RTea4ap6s/JlMuaxV1O73DvNoRVaqvpL6HXoIqGfEjnxy9NQgKCK21VzsmklsR83jueC76K1YKJRaUBYrSQuhgySy8IbvpupqpJv8hBPS8bSVjhUBXy+Fs8nObGfd8W4IzUDLL9PTXYvVNFMSXW+mSs7Wc901NzJWuvI+v1mcXVkbKJnGraqtBZWEuZlODEORBLVDdA9LQ3U4a8UZ1PrsLO+nF9Mer+leDjMOdaXM9Ffq2BwF1kUMHTF3+85MYy3otWXY4wt/G+7MYG30sqEuX+mytL3xZ+JkAiWsjOlrjuecHyeRja0IMSgMUfFnbew9+Q0LAQ6oDgMAAA==[0mStarted by user [8mha:AAAApB+LCAAAAAAAAABb85aBtbiIQTGjNKU4P08vOT+vOD8nVc83PyU1x6OyILUoJzMv2y+/JJUBAhiZGBgqihhk0NSjKDWzXb3RdlLBUSYGJk8GtpzUvPSSDB8G5tKinBIGIZ+sxLJE/ZzEvHT94JKizLx0a6BxUmjGOUNodHsLgAzhEgZJ/dLi1CL94tKi1LyUokS9xIKCRKCBqXmZAPPLBnDOAAAA[0msurendra.appalaneni
[8mha:AAABYx+LCAAAAAAAAACFkc1Kw0AUha/RanCpO0EoiH+bTJQqSldt2rhJ3RQE6WqaxjRtOhNnJjUg+Dwu9GV8A1dFxHdwJpOpiAvvLPJx55x7z5CXL6hxBgfjfMQpcbI0jxPCHUx4EtKUMqclyVN0TUUEulYssAKwS0EPZwIOA+1HlR8t/Wjpl8JmAGsjLLCArWCC5xilmMSoL1hC4mbBYKdKEVLCaRo5nv7+3gxFJgPv/x9YLvx8tun7bX9hweoAasO4DLs9+Ltc3t6p23t4gnWZkuBZpNgqspwZh6McTuV4fbtZfOw+XpWBZDJbwMZew1NHke+7shS5rmLdM9Q4vzhtN4zO941Ok19WrvbbZrLrmnle52eyYt0zdNK9rOapjtcxOk3dM3UE1AoRsZmAbjtP0pF8Tj0h9QfKpjzDYVRHc8xQmgzRJCJT9TsndMhRP8IsHB/1MJfmY7SUb34DN+03NUQCAAA=[0mBuilding in workspace /var/lib/jenkins/jobs/Search(Master)/workspace
[8mha:AAABfh+LCAAAAAAAAACFkc1Kw0AUha/RanCpO0EoiH8LM6m0pdqNmjZuUjcFQbqapGOaNp2Jk0kNCD6PC30Z38BVEfEdnMlPi7jwziIfd+4595B5/YZKzOFglAxjRo0oTPyAxgamceCxkHHjUpKl6IYJAnmtaKA5oGcDPRwJOHRyPSr0aKFHC70cbDuwNsQCC9hyxniGUYipj/qCB9Rvpxx2ihQeozELiWHl39+bIY1k4P3/A8uFXy86+7jrzzVYHUDF9bOw24O/y+Xtvbp9gGdYlykpnhLFWholvFQYSmEUirf32/nn7tN1Fkgm0wVs7NUtdRTZtilLkWkqznsl1Zut06t6OWfb5VxOdlaJ2q+XzqZZ+lmdpbPivFdSrXtW+KmO1Snncuo21BFQSQXhUwGhNSLehCXi/JHxSRxhj1RRFc0wR2HgojGhE/WaY+bGqE8w90ZHPRxL7TFaCk6qxVtwMmVC/hvDYR6W1phSEl7U6kO30Wo2N38AnuQAomsCAAA=[0mCheckout:workspace / /var/lib/jenkins/jobs/Search(Master)/workspace - hudson.remoting.LocalChannel@14db5866
[8mha:AAABRR+LCAAAAAAAAACFj8FKxDAQhsdqtXjUiwjCgqi3tEoVdU9ru/VSvSwKsqe4m60r3aQmqVQEn8eDvoxv4GkR8R1MmmZFPDg55GPy/zN/Xr7AFRy2b8qhYBQVeZmNqUCYivGA5YyjjqJI0zmTBEzNOeCk4NWCM1xI2EmN32/8/szvz/xK2E5hYYgllrCS3uJ77OeYZn5P8jHN2hWH9SbFgFHBcoIic//eDFWhAm/9H1gt/Hz22PtVb+rAfB/c66wOu9r/u1y9jvTrHTzBokpJ8YRodqqi5NaBtAM1jte3y+nHxuNpHUgl8yQsbYaRPpqSJFClKQg0m56l8OBw7yS0uiSxOkNJXaXe79nJQWDnRfHPZM2mZ2m3e9TM050otjpD3X19JLiVJHwiYe1CqL+0hORYkuzhuBWTES5zufwNzjSVeRcCAAA=[0mUsing strategy: Default
[8mha:AAABRx+LCAAAAAAAAACFj8FKxDAQhsdqtXjUmygURL2lVaooe1q7Wy/Vy4Iie4rdbq12k5qkWhB8Hg/6Mr6Bp0XEdzBpmhXx4OSQj8n/z/x5+QKbM9i+rkacElQWVZYTjjDheUILylBXUqjojIoUdM1ZYMXgNIJTXArYibXfa/3ezO/N/FLYiWFhhAUWsBLf4HvsFZhk3kCwnGSdmsFamyKhhNMiRaG+f2+GupSBt/4PLBd+Pjv0/XIwtWB+CPZV1oRdHf5dLl/H6vUOnmBRpiR4kiq26rJixoGUA7WO17fz6cfG40kTSCZzBCxtBqE6iqLIl6XI9xXrnqHg4HDvODC6KDI6TVFTldrvmMm+b+aFvZ/JinXP0G7/qJ2nOmHP6DT199URYNciZRMB6xd5KT/j0kq4D5Td8hInqTvOGRdo+RuPvx88GwIAAA==[0mWiping out workspace first.
[8mha:AAABSh+LCAAAAAAAAACFkMFKxDAQhsdqtXjUmyAsinpLq1RR9qTZ7V6qlwVB9hR3Y7fSJjVNpSL4PB70ZXwDT4uI72DSNCviwcmhH5P/n/nTly9wSwG702pScoaKrEpSViLCynTMMy7QqSKs6YJLCqYWHHBi8BrBOSkk7MXG77d+f+73534l7MawNCGSSFiLb8k98TPCEn8oRcqSbi1go00x5qzkGUXYfH9vhrpQgXf+D6wWfj57/P1qOHNgcQTuddKEXR/9Xa5ub/TtHTzBskrJSE41O3VRCetA2oFax+vb5exj83HQBFLJPAkr2yHWR1MUBao0BYFm07MUHh0fnIVWF0VWZyhqqtL7PTs5COw83PuZrNn0LO33T9p5uoN7Vmeof6iPBLeWVOQStnDGmXpNR05pR9Bc/ejOIJUKC16mkouH1W/FYWJZIQIAAA==[0mCloning the remote Git repository
[8mha:AAABWx+LCAAAAAAAAACFkc9KxDAQxsfqavGoN0FYEPWWVln/7kXtbr1ULwuC7Cnbjd1qN+kmqVQEn8eDvoxv4GkR8R1MmmZFPDih5MfMfDNf6MsXNASHrVExFIyiPCuSlAqEqUhjljGOThUFmi6ZJGBizgEnArdquMC5hO3I6L1a78303kyvGtsRLAyxxBJWolt8j70M08TrSZ7SpF1yWKtdxIwKlhEUmPv3ZihzZXjzf8Nq4eezy96ve1MH5vvQGCSV2dX+3+WqeqOrE3iCReWS4jHR7JR5wa0CaQWqFa9vV9OP9cfzypBy5kpY2mgF+mgKQ1+FJt/XbHKWWvuHu2ct2xeGts9QWEWh97t2su/beUHnZ7Jmk7O00z2q5+lM0LF9hrp7+kholJLwsYSDIGNUvabJSc5EKhl/aCapPFHfqBio/zA+5ji+EzmOiScI5vEIqdryN5TOt5w2AgAA[0mCloning repository git@github.com:rackspace/search.git
[8mha:AAABPR+LCAAAAAAAAACFjsFKw0AQhsdoNXjwoDdBEEQ9dRMlitJTTRsv0UtBkJ7WNsZIuht3NyUg+Dwe9GV8A09FxHdwJ5utiAdnDvsx+/8z/8sXtKSAvbtyLDkjRV6mGZOEMpmNeM4F6WoKkS65SsDUggNODG4tuKCFgv3Y+L3G78393tyvhZ0YlsZUUQXr8T2dUi+nLPUGSmQs7VQCNpsUI84kzxMSmvf3ZagKHXj3/8D64Oezy9+vBzMHFofQuknrsBvDv8f17y3+PsATLOuUjE4SZKcqSmEdBB2kcby+Xc0+th7P60A6matgZScIsZGiyNeF5PvIZmYpOD45PAusLoqszlBUV4n3XbvZ9+2+sPezGdnMLB30T5t9OAl7Vmeof4StoFWpREwUrKWZ2m63p4mQGWer3w64/sgNAgAA[0mgit --version
[8mha:AAABQR+LCAAAAAAAAACFjs9Kw0AQxsdoNHhUT4JQEPW2SST+oydNGy/RS0GQntY2xki6GzebEhB8Hg/6Mr6BpyLiO7iTzVbEgzOH/TH7fTPfyxfYpYDdu2pcckaKvEozVhLKymzEcy7IqaIQ6ZLLBHQtWGDF4DSCC1pI2Iu132397tzvzv1K2I1haUwllbAW39MpdXPKUncgRcbSbi1gs00x4qzkeUJC/f6+DHWhAu/8H1gd/Hx2+Pv1YGbB4hDsm7QJuz78e1z93uLvAzzBskrJ6CRBtuqiEsZB0EFax+vb1exj6/G8CaSSORJWtoMQGymKPFVInoesZ4aCw+P9s8DoosjoNEVNVXjfMZs9z+wLez+bkfXMkN8/affhJOwZnab+AbYEu5aJmEjYSDPZmSaizDjr+OSIBMRf/QbG5e/DEwIAAA==[0mgit version 1.7.4.1
[8mha:AAABTh+LCAAAAAAAAACFkMFKxDAQhsfqavGoN0EoiOutrVJF2ZN2t16qlwVB9hS72bbSJjVJl4Lg83jQl/ENPC0ivoNJ06yIByeHfkz+f+ZPX76gxxn0s3rKKXGrok5zwl1EeJ7QgjL3XFKo6JoKDLpWLLBisFvBFaoEHMTa73V+b+n3ln4pHMSwNkUCCdiK79EceQUiqTcWLCfpoGGw06VIKOG0wG6ov783Q1PJwPv/B5YLP59t+n47XliwOoHeXdqG3Z78XS5vZ+r2AZ5gXaYkqMSKraaqmXG4yuF2jte3m8XH7uNlG0gmswVs7AWhOoqiyJelyPcV656h4OT06CIwuigyOk1RW7Xab5vJvm/mhcOfyYp1z9Dh6Kybpzrh0Og0jY7VEdBrBGalgH6ERZLJ5zh1xQXDqHSSTD4Sc2fGaOlQlsu/u/kN8/xwbyUCAAA=[0mFetching upstream changes from origin
[8mha:AAABQB+LCAAAAAAAAACFkMFKxDAQhsfqavGoN0EQRL2lVaooe3KzWy/Vy4Ige4rdWKvdpCapFgSfx4O+jG/gaRHxHUyaZkU8ODn0Y/L/M3/68gUdKWD7uhpLzlBZVFnOJCJM5ikvuEDHmrChM64o2JrzwEvAbwSnpFSwk1h/0PqDmT+Y+bWwm8DCmCiiYCW5IfckKAjLgqESOcu6tYC1NkXKmeQFRdh+f2+GutSBt/4PrBd+Pvv8/WI49WB+BJ3LrAm7Ovq7XN9emds7eIJFnZKRCTXs1WUlnAMZB2odr2/n04/1x5MmkE7mK1jajLA5huI41GUoDA3bnqPo4HCvFzldHDudpbipyuz33eQwdPNw/2eyYdtztDs4aueZDu47naXBvjkKOrWiYqJ/BS4oYfo5Gw9c3MqSpHT5G/K1b/oSAgAA[0mCleaning workspace
[8mha:AAABQh+LCAAAAAAAAACFj8FKxDAQhsdqtXjUgyAIgqi3tkoVZU9rd+ulenBBkD3F3VhXu0lNUi0IPo8HfRnfwNMi4juYaZoV8eDkkI/J/8/8efkCVwrYui6HkjO/yMtsxKRPmBwNeM6F39YUI51yRcHUjANOCl4tOCGFgu3U+IPGH0z9wdSvha0U5oZEEQVL6Q25J0FOWBb0lBixrFUJWG1SDDiTPKd+bO7fm6EqdODN/wPrhZ/PHn+/6E0cmO2De5nVYZf7f5fr1yt8vYMnmNcpGRlTZKcqSmEdPjr8xvH6dj75WHs8rgPpZJ6ChY0oxoOUJKEupDBENj1L0f7B7lFkdUlidYaSukrc79nJYWjnxZ2fycimZ2mne9jMw07csTpD3T08CtxKUTFWsHJGJVVK/2f9gYtbvJWgdPEbxHseXBYCAAA=[0mResetting working tree
[8mha:AAABeR+LCAAAAAAAAACFkc1Kw0AUha/RanCpO0EIiH+bJE1j2tKVpo2b6MJCQbqaJNMaSWZiMikBwedxoS/jG7gqIr6DM/mpiAvvLPJx555zz5CXL2hlKRzd5UFGiZpE+TwkmYpIFvo0oql6zskWdE0ZhqrWJJBckMuBK5QwOHYrvVbrtZVeW+n54MCFjQAxxGDHvUcLpEWIzLUxS0MyHxQp7NUpfEoyGmHVrr6/N0OR8MCH/wfmCz+fZfp+O15KsD6Fljcvw+5O/y7ntzNx+wBPsMlTEhRjwVKR5GmjUIVCrRWvb5Plx/7jZRmIJ5MZbB2YtjiCHEfnJUjXBVe9hkyrZ1yYzZzjNHMVOWXlYr/cOOt642cPf5wFV72G2qN+7Sc69rCZq2h0Jg6DVsFwGjOY2DSOMfH5gxQvD6NAoTPlBi/CLKREaftINzrdnmkYhukbuOPP+h3Pw33PMPSg18aW37VMa6ac0DTkf0GLUcZ9T7e/AUfsJplVAgAA[0mCommencing build of Revision 1ca0237842224c2e3cf93bbe9b220d81e6c7646f (origin/master)
[8mha:AAABdB+LCAAAAAAAAACFkM1Og0AUha9olbjUnYkJifFvA5QibdOV0uIGNbGJielqoFOKUgZhaEhMfB4X+jK+gavGGN/BGWBqjAvvLPhy555zz/DyBY0shYNpPs5IrCZRHoRxpqI4C30SkVQ9ZWRzuiQUQ1UrEkguyOXABUooHLqVXqv12lKvLfVssOfC2hhRRGHLvUNzpEUoDrQhTcM46BUp7NQpfBJnJMKqXX1/b4YiYYH3/w/MFn4+y+T9driQYHUEDS8ow26P/i5ntxN++wBPsM5SxmiGOUtFkqdCoXKFWite324WH7uP52UglkymsLFn2vxwchydFSdd51z1BJlWxzgzxZzjiLmKnLJyvl8Wzrou/Oz+jzPnqieoOejWfrxj98VcRYMTfig0CorTGYUre4r9e/YcheRUucbzMAtJrDR9pButdsc0DMP0DdzyJ92W5+GuZxj6uNPElt+2TGuiHJE0ZL9fm6GMGR5vfgPcQQjWTgIAAA==[0mChecking out Revision 1ca0237842224c2e3cf93bbe9b220d81e6c7646f (origin/master)
[8mha:AAABQB+LCAAAAAAAAACFkMFKxDAQhsfqavGoN0EQRL2lVaooe3KzWy/Vy4Ige4rdWKvdpCapFgSfx4O+jG/gaRHxHUyaZkU8ODn0Y/L/M3/68gUdKWD7uhpLzlBZVFnOJCJM5ikvuEDHmrChM64o2JrzwEvAbwSnpFSwk1h/0PqDmT+Y+bWwm8DCmCiiYCW5IfckKAjLgqESOcu6tYC1NkXKmeQFRdh+f2+GutSBt/4PrBd+Pvv8/WI49WB+BJ3LrAm7Ovq7XN9emds7eIJFnZKRCTXs1WUlnAMZB2odr2/n04/1x5MmkE7mK1jajLA5huI41GUoDA3bnqPo4HCvFzldHDudpbipyuz33eQwdPNw/2eyYdtztDs4aueZDu47naXBvjkKOrWiYqJ/BS4oYfo5Gw9c3MqSpHT5G/K1b/oSAgAA[0mCleaning workspace
[8mha:AAABQh+LCAAAAAAAAACFj8FKxDAQhsdqtXjUgyAIgqi3tkoVZU9rd+ulenBBkD3F3VhXu0lNUi0IPo8HfRnfwNMi4juYaZoV8eDkkI/J/8/8efkCVwrYui6HkjO/yMtsxKRPmBwNeM6F39YUI51yRcHUjANOCl4tOCGFgu3U+IPGH0z9wdSvha0U5oZEEQVL6Q25J0FOWBb0lBixrFUJWG1SDDiTPKd+bO7fm6EqdODN/wPrhZ/PHn+/6E0cmO2De5nVYZf7f5fr1yt8vYMnmNcpGRlTZKcqSmEdPjr8xvH6dj75WHs8rgPpZJ6ChY0oxoOUJKEupDBENj1L0f7B7lFkdUlidYaSukrc79nJYWjnxZ2fycimZ2mne9jMw07csTpD3T08CtxKUTFWsHJGJVVK/2f9gYtbvJWgdPEbxHseXBYCAAA=[0mResetting working tree
[8mha:AAABUh+LCAAAAAAAAACFkMFKxDAQhsdqtXjUmyAURL1IWqWKsiftbr3UvSwIsqdsW9tKm9Q0lYLg83jQl/ENPC0ivoNJ06yIByeHfkz+f+ZPX77ArBnsZU1cU4KqoklzUiNM6jyiBWXoXJAvaUx5AqqWDDBCsDrBFa447IfK7/R+Z+F3Fn4hHISwEmOOOWyEd/gBOwUmqTPhLCfpoGWw1aeIKKlpkSBffX9vhrYSgXf/DywWfj5b9P1mMjdgeQrmLO3Cbk7/Lhe3t/L2Hp5gVaQkuEwkG23VMO1A0oF6x+vb9fxj+/GyCySSWRzWdjxfHklB4IqS5LqSVU+Td3J6dOFpXRBonaKgq0but/Rk19Xz/OHPZMmqp+lwdNbPkx1/qHWKRsfycDBbnrCSw8GY2lEmXpXYnNosiSiL7ZzYM4ZJlNmU5eLnOiWuhXz9G49viFIrAgAA[0mNo change to record in branch origin/master
[8mha:AAABZB+LCAAAAAAAAACFkM1Kw0AUha/RanCpO0EI+LcyM7VJaqkbTRs30U1BkOJi2sY02s7EZKIBwedxoS/jG7gqIr6DM5mkIi68s5iPO+fce5iXL6ilCeyOs1HKqBlPsjCiqUloGg3ZhCXmsSBX0jnjAaha0EDzQS8EZyTmsOcrPyr9aO5Hc78Qtn1YGhFOOKz5N+SeoAmhIerxJKJhO09go0wxZDRlk8B01f17M+SxCLzzf2Cx8PNZZ++XvZkGi32oDcIi7Hr/73Lxei1f7+AJlkVKSqaBZC2Ps6RymNJhlo7Xt4vZx+bjaRFIJNM5rGxZrjySPA+LkoSxZNWryHIOD06sSud5lU6RV1Qm9+vVZIyreW7nZ7Jk1auo3m2V82TH7VQ6RV1bHg61nAfJlMNR/4Elt2lMhsGVsW2gQURROjb288BAfBoj9ck2xs2W06o7ddtpWA0L200zHa9+A8Kenuo7AgAA[0m[workspace] $ /bin/sh -xe /tmp/hudson5007969161563434057.sh
[8mha:AAABPR+LCAAAAAAAAACFj8FKxDAQhsdqtQhe9CYIgqi3tEoVZU/a3Xrp6sKCIHuKu7WudJOapFIQfB4P+jK+gadFxHcw0zQr4sHJIR+T/5/58/IFrhSwc1uOJGekyMtszCShTI6HPOeCnGiKkM65SsHUnANOAl4t6NJCwW5i/H7j92d+f+bXwlYCCyOqqILV5I4+UD+nLPP7SoxZ1qoErDcphpxJnqckMvfvzVAVOvD2/4H1ws9nj79f9acOzA/Avc7qsGuDv8v16w2+3sMTLOqUjE5SZKcqSmEdBB2kcby+XU4/Nh7P6kA6madgaSuM8CDFcaALKQiQTc9SeHi0fxpaXRxbnaG4rhL3e3ZyENh5UftnMrLpWdrrHDfzsBO1rc5Q5wCPArdSqZgoWOlRIfVvNnsXXbn8DbkHMrQMAgAA[0mParsing POMs
[8mha:AAABVR+LCAAAAAAAAACFj8FKxDAQhsfqavGoN0EoiHqRtkoVZU/a3XrpelkQZE+xjW0lm9Q0lYrg83jQl/ENPC0ivoNJ06yIByeHfEz+f+bPyxf0Kg47eZ1WjLolqbOCVi6iVZEwwrh7KilUdMEEBl0LFlgx2K1ghEoBu7H2e53fm/u9uV8K+zEspUggAWvxLbpHHkE088aCFzTrNxw2uhQJoxUj2A31/XszNKUMvP1/YLnw89lm71fjmQWLE+hdZ23Y9cnf5fL1Rr3ewRMsy5QUTbFiqylrbhyucrid4/Xtcvax+XjeBpLJbAErW0GojqIo8mUp8n3FumcoODo+OAuMLoqMTlPUVq3222ay75t54eBnsmLdM7Q/POnmqU44MDpNw0N1BPQagflUgD9iaU1w5SS5/BpO9xyOE0SSmiAhP+mkuMQ0xTR5cDKOynz1G8zd5bIvAgAA[0mModules changed, recalculating dependency graph
[8mha:AAAB8x+LCAAAAAAAAACdUsuO0zAU9RQKFUvYISFF4rWKnabpUJgVk2kQUjubkUCoQsh1TSaZ1A62k4mExIqPYQE/wx+wGiHEP+BHXEBIIGEvcnx9zz3n+ubjdzCUAtw7bTaSM1hXTV4wCTGTBeEVF/CxRqlBx1xR4NbeAAwWYGQTlrhW4P7C8VHPRzs+2vF14sECXN5ghRW4vihxi1GFWY5OlChYftAJcLN3QTiTvKIwdd/flUFXa8N3/21YC377MOJfXpxcDMClFRiuc2v2xupPcX372ty+Ae/AFe2S4S01eNDVjfAMaBiwZ3z6/Ozi6623T6wh7WykwNXbSWq2QVkW6WVQFBnsYh4l+7P4MPF5WebzHMrsaoz+yFeOIl8vPfpZ2WAX82g8f9jXM5H0yOc5NJ+arcCwU1Rs1d77laSiLQh9GdwJkBQtUpxXEpWbszHch9GryQytC4ZM90FI6gC1WKCqWKOSsjMzaD/wLW4pC90JPZ8fhk+PM5toLyYhzilT4RjGsMTiEWqkLsMJrhCuMTmloeNPYAQTtOZc6cK0a2RIKizlORfVRoYxTAw74CKHZcuogv1P4DSg1YBLe1jiggV/lXG9EBPedXOuI7+aF3TLlZ62lo6t8/9/gILpJye0Vlz4Zwimswfx9NoPWTjgJoMDAAA=[0m[service] $ /srv/tools/jdk1.6.0_38/bin/java -cp /var/lib/jenkins/plugins/maven-plugin/WEB-INF/lib/maven3-agent-1.2.jar:/usr/local/apache-maven-3.0.4/boot/plexus-classworlds-2.4.jar org.jvnet.hudson.maven3.agent.Maven3Main /usr/local/apache-maven-3.0.4 /var/cache/jenkins/war/WEB-INF/lib/remoting-2.22.jar /var/lib/jenkins/plugins/maven-plugin/WEB-INF/lib/maven3-interceptor-1.2.jar 58725
[8mha:AAABZR+LCAAAAAAAAACFjsFKw0AQhsdoNXjUmyAURL0lUapYaoWaJqWaRrFFKMXD2sa0Jd2NyUYCgvg4HvQdfAbfwFMR8R3czWYr4sGdw37M/P/M//wFhTiCrWEyiAnWwiDxRzjWEI5HfRKQSKsxMjm5hHog3pwCigNqJmihkMK2I/x67tdnfn3mZ8KKAwsDRBGFFWeM7pAeIOzrbRqNsF9JI1jLU/QJjkngaab4f1+GNGSBN/8PzA5+PqnkvdueKjDfg8K1n4Vd7f09zqY3fHoLD7DIUmI08TgraZhE0qFxh5Y7Xt4upx/r940sEEumUljaKJm8ONm2wR4nw+AsepJK+we7xyWps22pE2RnL+H3VbnZMOQ+s/6zmbPoSdqxyvk+3jHrUifI2uNFoZBSL5pQKB9Wq9XeieWeNt128cJqnXWabqNo1s5rZrPTvWLTo9dHXv0hwtgLijFFEfUGy9+ipMKpOAIAAA==[0m<===[JENKINS REMOTING CAPACITY]===>   channel started
[8mha:AAABfx+LCAAAAAAAAACFkc1Kw0AUha/RanCpO0EIiH+bSZQqaldt2riJXVhQpKtpMk0ryUycmZSA4PO40JfxDVwVEd/BmaZTERfOQPJx55x7D9yXL6gJDnujIhaMojwtkjEVCFMxjljKOGoq8jV1mSRQnSULrBDsmeAK5xL2w8rvzv3uwu8u/ErYCGElxhJL2Ajv8QS7KaaJ25N8TJNGyWFrniJiVLCUIL/6/54MZa4C7/4fWA38fLbZ+11vasFyH2qDZBZ2s/93uHod6tcHeIJVlZLijGi2yrzgxoG0A80dr28304/tx8tZIJXMlrC2U/f11RQEnjqaPE9zVTNUPz07btWNLgiMrqJgdgo93zadPc/089s/nTVXNUNHnfN5P13x20ZXUedEXwm1UhKeSaApS+r3F7fN667TZQ7Oc0JjwoUTsSKNnQFxhqygsfpyR0kTwp0DxhOEcxyNiNpTlqkVoQHBtJDjVOjNTQhXzQVqMbU6TH1TOUTr35yMoNltAgAA[0mlog4j:WARN No appenders could be found for logger (org.apache.commons.beanutils.converters.BooleanConverter).
[8mha:AAABWx+LCAAAAAAAAACFjsFKw0AQhsdqNXjUmyAERL0lUaJUe6pp4yUWsaBIT2u7pinb3bi7kVTB5/GgL+MbeCoivoO7SbYiHpw57Mfs/8/8L19QFxx2RtlQMOqkJIsTKhxERTJghHGnpSjQ1GUSQ1kLNahFYBWCM5RK2I1Kv1v53bnfnfuVsBnB0hBJJGEtGqN75BJEY7cneULjZs5ho0oxYFQwgp2gfH9fhjxVgbf/D6wOfj5b7P26N6vBYh/qN3ERdr3/97j6vdW/d/AEyyolRROsuZanGTcORzucyvH6djn72Hw8LQKpZJaElS0/0K0pDD1VmjxPczkz5B829k98owtDoyspLCrT9y2z2fPMvqD9s1lzOTO01zmq9ulJ0Da6kjoHuiXUc4n5REKDsNgfH1+1Lrr2OcFIYDuhiUwQSR6wLUfYLgS2mAqJJ3bKWYo5mTqr37TuDLo3AgAA[0mlog4j:WARN Please initialize the log4j system properly.
[8mha:AAABex+LCAAAAAAAAACFkc1Kw0AUha/RanGpO0EIiH+LZqJUUbuyaeOmdVMQpAuZptM0bToTZyYxIPg8LvRlfANXRcR3cCY/FXHhncV83Dnn3hPy8gUVwWFvHA8Fo1YUxn5AhYWpCDwWMm5dKnI0XTNJIK8lA4wOVDNBF0cS9ju5HxV+tPCjhV8JGx1YGWKJJWx0JjjBKMTURz3JA+o3Ug5bRQqPUcFCYjn5/XszpJEKvPt/YLXw87nK3m97cwOW+1AZ+FnYzf7f5ep1pF/v4QlWVUqKZ0SzkUYxLx2WdliF4/XtZv6x/XiVBVLJqhLWduqOPppc11alybY1572S6qdnx816qXPdUpeTm1Ws91fLybZdznNaP5M1572SjtrnxTzdcVqlLqf2iT4SKqkkfCbhrp0SL5bqe8wuTgi9MM1a06yNTJRgjsJggCaETvUPnbCBQD2CuTc+6GKh7IfogfGpiLBHkCA8CdQdsZmVzkJTNafYJ+vfULyZql4CAAA=[0mExecuting Maven:  -B -f /var/lib/jenkins/jobs/Search(Master)/workspace/service/pom.xml package
[8mha:AAABSx+LCAAAAAAAAACFj8FKxDAQhsdqtXjUmyAURL2lVaooe9LuVoS6HgqCFA+x261duklNUykIPo8HfRnfwNMi4juYNM2KeHByyMfk/2f+vHyBWTHYuatHFSWoLOosJxXCpMoTWlCGTgT5koaUp6BqwQAjBKsVXOCSw26o/E7nd+Z+Z+4Xwl4ISyPMMYe1cIIfsFNgkjkRZznJeg2DjS5FQklFixT56v69GZpSBN7+P7BY+Pls0ffraGbAYgzmbdaGXY//LhevY/l6D0+wLFISPE0lG01ZM+1A0oE6x+vb1exj8/GsDSSSWRxWtjxfHklB4IqS5LqSVU+Td3i0f+ppXRBonaKgrVrut/Rk19Xz/P7PZMmqp2lvcNzNkx2/r3WKBgfycDAbnrIpBzs+HwaXN3aUYELEr+wxZXbJ6CRNeIUQWv0GRZF5QB8CAAA=[0m[INFO] Scanning for projects...
[8mha:AAABPR+LCAAAAAAAAABb85aBtbiIQS2jNKU4P0+vIKc0PTOvWC8xrzgzOT8nv0jPEchyBrH88ktSGSCAkYmByYeBA6zAN7GghEHdB6JfH6pfH65fH64fqNDah4ElJbEksYRByCcrsSxRPycxL10/uKQoMy/duqKIQQrqiuT8vOL8nFQ9ZwiNajNDRQHQwaqEHQy08PUKjvyHkcHPmRiYoxlYk9LBjhWOxrQcKJsGki1kqGNgA7oyLzE3FcRmqigoLYLp0APp0IPqWHsp7PlL2Wp3sIOALuMoYWBXNnEGQRDLzc0ACEAsAwMQGyIGY5mYWRg5mcDUubnB1EFYbmBQCrKfA2aygQHMPGcXhMkgNkQMxjJ0tYSaBxJxdoGpg7BcTUGwhIG1oiS1KLeEISDa08/NP1aBWoALADftnitPAgAA[0m[INFO]                                                                         
[8mha:AAABPh+LCAAAAAAAAABb85aBtbiIQS2jNKU4P0+vIKc0PTOvWC8xrzgzOT8nv0jPEchyBrH88ktSGSCAkYmByYeBA6zAN7GghEHdB6JfH6pfH65fH64fqNDah4ElJbEksYRByCcrsSxRPycxL10/uKQoMy/duqKIQQrqiuT8vOL8nFQ9ZwiNajNDRQHQwaqEHQy08PUKjvyHkcHPmRiYoxlYk9LBjhWOxrQcKJsGki1kqGNgA7oyLzE3FcRmqigoLYLp0APp0IPqWHsp7PlL2Wp3sIOALuMoYWBXNnEGQRDLzc0ACEAsAwMQGyIGY5mYWRg5mcDUubnB1EFYbmBQCrKfA2aygQHMPGcXhMkgNkQMxjJ0tYSaBxJxdoGpg7BcTUGwhIG1oiS1KLeEISDa08/NP1ZBl0qACwBzBPd0TwIAAA==[0m[INFO] ------------------------------------------------------------------------
[8mha:AAABWB+LCAAAAAAAAACFj9FKwzAUho/VafFS7wRhICpemHYyRdnV1q0q1E2oCDJEsq12lS6paSoFwefxQl/GN/BqiPgOJk0zES88ucjHyf+f8+flCyopg61xNkopQUmchRFJESZpNKQxZagpyJHUpTwAVXMGGB6YheAMJxy2PeW3Sr8181szvxA2PFgYYY45rHh3+AFbMSah5XMWkbCRM1grUwwpSWkcIEfdvzdDnojAm/8HFgs/n036fuVPDZjvQ2UQFmFX+3+Xi9db+XoPT7AoUhI8CSQbeZIx7UDSgUrH69vl9GP98bgIJJKZHJY26o48klzXFiXJtiWrnqb6weFeq651rqt1ityiMrnf1JNtW89z2j+TJaueplrnqJwnO05b6xR19uXhUMl5wCYcdvqnXbd3XW1lUTwSv6qmAWbDcdVGNWTfDGq7frd57p/0Lpa/AenC/usoAgAA[0m[INFO] Building search 0.1.0_b1-SNAPSHOT
[8mha:AAABPh+LCAAAAAAAAABb85aBtbiIQS2jNKU4P0+vIKc0PTOvWC8xrzgzOT8nv0jPEchyBrH88ktSGSCAkYmByYeBA6zAN7GghEHdB6JfH6pfH65fH64fqNDah4ElJbEksYRByCcrsSxRPycxL10/uKQoMy/duqKIQQrqiuT8vOL8nFQ9ZwiNajNDRQHQwaqEHQy08PUKjvyHkcHPmRiYoxlYk9LBjhWOxrQcKJsGki1kqGNgA7oyLzE3FcRmqigoLYLp0APp0IPqWHsp7PlL2Wp3sIOALuMoYWBXNnEGQRDLzc0ACEAsAwMQGyIGY5mYWRg5mcDUubnB1EFYbmBQCrKfA2aygQHMPGcXhMkgNkQMxjJ0tYSaBxJxdoGpg7BcTUGwhIG1oiS1KLeEISDa08/NP1ZBl0qACwBzBPd0TwIAAA==[0m[INFO] ------------------------------------------------------------------------
[8mha:AAABOR+LCAAAAAAAAACFjsFKxDAQhsdqtXjUmyAIot7SKlWUPbndrQh1PSwIUjzE3Vor3aSmqRQEn8eDvoxv4GkR8R3MNM2KeHDmkI/J/8/8L19glwK2b6txyRkp8irNWEkoK7MRz7kgx4oCpAGXCeias8CKwGkEZ7SQsBNpv9v63ZnfnfmVsBPBwphKKmEluqMP1M0pS92hFBlLO7WAtTbFiLOS5wkJ9Pv7MtSFCrz1f2B18PPZ4e+Xw6kF8zHY12kTdjX+e1z93uDvPTzBokrJ6CRBtuqiEsZB0EFax+vbxfRj/fGkCaSSORKWNv0AGykMPVVInoesZ4b8g8O9rm90YWh0msKmKrzvmM2eZ/YFvZ/NyHpmaLd/1O7DSdAzOk39fWwJdi0TMZHgxKeD8PxqY/kbaqkK+wcCAAA=[0m[INFO] 
[8mha:AAAB6R+LCAAAAAAAAACFkU2L00AYx8dqtXjUm4sQEN8ozcuSurHLgs20Cd2NbZZosBv2MEln08S81GQSUgU/jwf9Ml49eVpE/A7OJM2KePCZw/x45vk//z/M51+gm2fg0bpY5WnCb6LCD5KcR0keeGmUZvyYEmQ0TwkGTV3rgI4BevXAS7Qh4LHR6IWdXrjSC1d6OnhogBsrRBABd4wQlUiIUOILFsmCxD+sMnBvl8JLkzyNMA+b+29nUG1o4If/D0wNf37qpd+X1mUHXHdA1/XrsHedf83p6wV7fQc+gps0ZYJizLhTbYqsVfBMwe8UX77alz/uf9DrQDRZj4BbD2TIDiNNE2kxEkXGTa8l+Zmyr8rtnKa1cw1pdRXMv9duFsV2H5z82cy46bUkTZ/v9rEOnLRzDU2H7BDQrQjOYgK+ObO5tjjn9hwlXqPRmNZS7Rtw3JbqKkOkEjeYnVpxOD95LZtivzw2pnIh+aUZ4sqY2Ob7ajXVyzI+6785GJ7ht0a0sC/KV6GnaOaxj/QgmOknKNCH5laRy61nT6QEjiVrSw1CCDX1FNr7B4twWXseHe05YjwYDDg/RiVOBs0fjyReHvk4wRki2CKFm3NP3CKIVnqWpmWA86fcCy7HKPPWHBXf/g0x8s5m2gIAAA==[0m[INFO] [8mha:AAAAYB+LCAAAAAAAAABb85aBtbiIQSmjNKU4P0+vJLE4u1gvPjexLDVPzxdEGvvmZ+X75ZekLlOVfvTjc8FPJgaGiiIGKaiG5Py84vycVD1nCA1SyAABjCCFBQCV27OjYAAAAA==[0m--- gmaven-plugin:1.4:generateStubs (buildGroovies) @ search ---
[8mha:AAABSx+LCAAAAAAAAACFj0FLwzAUx5/VavGoN0EpiHprq0yZ7KTdOpQ6DwNBhodsjXXSJV2SSkHw83jQL+M38DRE/A4mTTMRD74c8uPl/3/vn5cvsDmD3bsi4ZR4eVakY8I9RPh4RDPKvBNJoaIeFRh0LVhgxeBUgguUC9iLtd+v/f7c78/9UtiKYSlBAglYi+/RA/IzRFK/L9iYpK2SwUadYkQJpxn2Qn3/3gxlLgPv/B9YLvx8duj7dX9mweIA7GFahV0f/F0uX2/V6xSeYFmmJGiCFVtlXjDj8JTDqx2vb1ezj83HbhVIJnMErGw3QnUURVEgS1EQKNY9Q42j5sFpw+iiyOg0RVUVar9jJgeBmRe2fyYr1j1D+53jep7qhG2j09Q5VEeAXQrMJgK2Bme96PLG7WKCGRI4cZvuufypy0Ux5Kvfqhb7rh0CAAA=[0m[INFO] Generated 8 Java stubs
[8mha:AAABOR+LCAAAAAAAAACFjsFKxDAQhsdqtXjUmyAIot7SKlWUPbndrQh1PSwIUjzE3Vor3aSmqRQEn8eDvoxv4GkR8R3MNM2KeHDmkI/J/8/8L19glwK2b6txyRkp8irNWEkoK7MRz7kgx4oCpAGXCeias8CKwGkEZ7SQsBNpv9v63ZnfnfmVsBPBwphKKmEluqMP1M0pS92hFBlLO7WAtTbFiLOS5wkJ9Pv7MtSFCrz1f2B18PPZ4e+Xw6kF8zHY12kTdjX+e1z93uDvPTzBokrJ6CRBtuqiEsZB0EFax+vbxfRj/fGkCaSSORKWNv0AGykMPVVInoesZ4b8g8O9rm90YWh0msKmKrzvmM2eZ/YFvZ/NyHpmaLd/1O7DSdAzOk39fWwJdi0TMZHgxKeD8PxqY/kbaqkK+wcCAAA=[0m[INFO] 
[8mha:AAAB6R+LCAAAAAAAAACFkctu00AUhodAIGIJOyokS4ibIl8SOa1JVYl4EltpTeIqYJFaLCbO1LHxDXtsHJB4HhbwMrwBYlEhxDswY8etEAvOLPzNmfOf/5f85TdoZyl4tMnXWRwJSZC7XpQJKMo8Jw7iVBhRgoxmMcGgrmst0DJApxp4gRICHhu1XtzpxUu9eKmng4cGuLFGBBFwx/BRgcQARa64IKkXuYdlCu7tUjhxlMUBFmD9/dsZlAkN/PD/ganhr8+d+PtycdEC123QXrlV2Lv2v+b09Zy9vgOfwE2aMkIhZtwqkzxtFAJTCDvF12/Wxc/7H/UqEE3WIeDWAxmyw0jTJFqMJIlx3WtI3lf6qtzMaVozV5NWVc78O81mSWr2wfHVZsZ1r6He5NluH+vAcTNX02TADgHtkuA0JOCHPZ1p8zfcnq2EGzQc0VqqXQOOmlJXygCpZOVNTxehPzt5JZtStzg2JnLecwvTx6UxtswP5XqiF0V41n19MDjDb41gbp0XL31H0cxjF+meN9VPkKcPzK0iF1vHGvciOOotttTAh1BTT6HVP5j7y8rz6GjPlkKe57kQFTjiU5zFeergjK9/9rAv7A+dONlevXBPqvt7vEJJ8pR7zmUYpc6Go0tu/wH73NyR4gIAAA==[0m[INFO] [8mha:AAAAYB+LCAAAAAAAAABb85aBtbiIQSmjNKU4P0+vJLE4u1gvPjexLDVPzxdEGvvmZ+X75ZekLlOVfvTjc8FPJgaGiiIGKaiG5Py84vycVD1nCA1SyAABjCCFBQCV27OjYAAAAA==[0m--- maven-resources-plugin:2.6:copy-resources (copy-webapp) @ search ---
[8mha:AAABYB+LCAAAAAAAAACFj0FLwzAUx5/VafGoN0EoiO5kW2XKdCftVhHqPMwJMjzENquVmtQklYrg5/GgX8Zv4GmI+B1M2mYiHnw55MfL///ePy9f0OAMNq7ziFNiZ2keJ4TbiPAkpCll9oEkT1GfCgxVzRhgBGCWghOUCWgGld+p/c7U70z9UtgJYC5CAglYCm7QPXJSRGJnIFhC4k7BYKVOEVLCaYptr7p/b4Yik4HX/w8sF34+m/T9YjAxYHYEjau4DLs8+rtcvo7V6x08wbxMSdAtVmwUWc60w1YOu3a8vp1PPlYfj8pAMpkpYGGt5amjyPddWYpcV3HV09TabW8ftrTO97WuIr+sXO039WTX1fO87s9kxVVP01Zvr56nOl5X6yrq7agjoFEIzG4F7I+O+/7ppTXk8ktWc3jmb7abFiYhjVRDUCuk2YM1TlKpx5HFMKc5CzG3F78Bz0LDdTkCAAA=[0m[INFO] Using 'UTF-8' encoding to copy filtered resources.
[8mha:AAABSR+LCAAAAAAAAACFj8FKxDAQhsdqtXjUmyIURL21Vasoe9LuVoS6HhYEKR5it9ZKN+kmqVQEn8eDvoxv4GkR8R1MmmZFPDg55GPy/zN/Xr7AZBQ2b6shI9gpiyrLMXMQZnlCCkKdI0GBpD7hKaiaMcCIwGoEZ6jksBUpv9v63anfnfqFsBPB3BBxxGEpukP3yC0QztwBpznOOjWFlTZFQjAjReoE6v69GepSBN74P7BY+PlskffLwcSA2RjM66wJuxz/XS5eb+TrGJ5gXqTEaJRKNuqyotrhSIfTOl7fLiYfa48nTSCRzOKwsO4H8kgKQ0+UJM+TrHqa/P2DnWNf68JQ6xSFTVVyv6Une56eF3R/JktWPU3bvcN2nuwEXa1T1NuTh4NZ85SOOKzGp/3w/MoOSPkgPmXv2jRlpKJJyha/AWKwgQgaAgAA[0m[INFO] Copying 3 resources
[8mha:AAABOR+LCAAAAAAAAACFjsFKxDAQhsdqtXjUmyAIot7SKlWUPbndrQh1PSwIUjzE3Vor3aSmqRQEn8eDvoxv4GkR8R3MNM2KeHDmkI/J/8/8L19glwK2b6txyRkp8irNWEkoK7MRz7kgx4oCpAGXCeias8CKwGkEZ7SQsBNpv9v63ZnfnfmVsBPBwphKKmEluqMP1M0pS92hFBlLO7WAtTbFiLOS5wkJ9Pv7MtSFCrz1f2B18PPZ4e+Xw6kF8zHY12kTdjX+e1z93uDvPTzBokrJ6CRBtuqiEsZB0EFax+vbxfRj/fGkCaSSORKWNv0AGykMPVVInoesZ4b8g8O9rm90YWh0msKmKrzvmM2eZ/YFvZ/NyHpmaLd/1O7DSdAzOk39fWwJdi0TMZHgxKeD8PxqY/kbaqkK+wcCAAA=[0m[INFO] 
[8mha:AAAB4x+LCAAAAAAAAACFUduK00AYHqvV4qXeuQgB8UTJoSXdjV0WbKZN6G5ss1SD3bAX03SaJuZQk0lIFXweL/RlfANBWER8B2eSpot44T8X8/HPd4L58hs00wQ8WWfLNI6ETZC5XpQKKEo9Jw7iRBhQBBmaxASDam40QMMArZLwCm0IeGpUenGnF/d6ca+nxGMD3Foiggi4Z/goR2KAIleckcSL3OMiAQ92LZw4SuMAC7C6/04GxYYWfvz/wjTw1+dW/H0+u2qAmzZoLtyy7H3733D6umKv78EncJu2jFCIGW4UmyypFQJTCDvF12/W1c+HH/WyEG3WIuDOIxmyw5CmSXQYkiSGq12N5EOlq8o1T9NqXoW0cjKW36qdJan2g8NrZ4arXY06oxc7P7aBw5pXoVGPHQKaBcFJSMAPezzRppfcga2Ea9Qf0JmrbQMO6lEXSg+pZOGNz2ehPzl7I5tSOz81RnLWcXPTx4UxtMwPxXKk53l40X571LvA74xgaq3y176jaOapi3TPG+tnyNN75laR861jDTsRHHRmWxrgQ6ip59DqHk39eZl5cnJgSyHP81yIchzxCU7jLHFwylef3e8Kh/39knu2xCuUBeSa95x7yaUYJc6aoy53/wAem74a4wIAAA==[0m[INFO] [8mha:AAAAYB+LCAAAAAAAAABb85aBtbiIQSmjNKU4P0+vJLE4u1gvPjexLDVPzxdEGvvmZ+X75ZekLlOVfvTjc8FPJgaGiiIGKaiG5Py84vycVD1nCA1SyAABjCCFBQCV27OjYAAAAA==[0m--- maven-resources-plugin:2.6:resources (default-resources) @ search ---
[8mha:AAABYB+LCAAAAAAAAACFj0FLwzAUx5/VafGoN0EoiO5kW2XKdCftVhHqPMwJMjzENquVmtQklYrg5/GgX8Zv4GmI+B1M2mYiHnw55MfL///ePy9f0OAMNq7ziFNiZ2keJ4TbiPAkpCll9oEkT1GfCgxVzRhgBGCWghOUCWgGld+p/c7U70z9UtgJYC5CAglYCm7QPXJSRGJnIFhC4k7BYKVOEVLCaYptr7p/b4Yik4HX/w8sF34+m/T9YjAxYHYEjau4DLs8+rtcvo7V6x08wbxMSdAtVmwUWc60w1YOu3a8vp1PPlYfj8pAMpkpYGGt5amjyPddWYpcV3HV09TabW8ftrTO97WuIr+sXO039WTX1fO87s9kxVVP01Zvr56nOl5X6yrq7agjoFEIzG4F7I+O+/7ppTXk8ktWc3jmb7abFiYhjVRDUCuk2YM1TlKpx5HFMKc5CzG3F78Bz0LDdTkCAAA=[0m[INFO] Using 'UTF-8' encoding to copy filtered resources.
[8mha:AAABSR+LCAAAAAAAAACFj8FKxDAQhsdqtXjUmyIURL21Vaq47Em7WxHqelgQpHiI3Vor3aSbpFIRfB4P+jK+gadFxHcwaZoV8eDkkI/J/8/8efkCk1HYvq1GjGCnLKosx8xBmOUJKQh1jgQFkgaEp6BqzgAjAqsRnKGSw06k/G7rd2d+d+YXwm4ECyPEEYeV6A7dI7dAOHOHnOY469YU1toUCcGMFKkTqPv3ZqhLEXjr/8Bi4eezRd4vh1MD5mMwr7Mm7Gr8d7l4vZGvE3iCRZESo3Eq2ajLimqHIx1O63h9u5h+bDyeNIFEMovD0qYfyCMpDD1RkjxPsupp8g8O9459rQtDrVMUNlXJ/Zae7Hl6XtD7mSxZ9TTt9jvtPNkJelqnqL8vDwez5ikdc1iPTwfh+ZUdkPJBfMru2DRlpKJJypa/AQNYtuIaAgAA[0m[INFO] Copying 9 resources
[8mha:AAABTR+LCAAAAAAAAACFj8FKxDAQhsdqtXjUmyBURL2lXami7Em7WxHqelgQpHiI3Vor3aSbplIRfB4P+jK+gadFxHcwaZoV8eDkkI/J/8/8efkCs2SwfVuNSkpQkVdpRkqESZnFNKcMHQnyJQ0oT0DVnAFGCFYjOMMFh51Q+Z3W78z8zswvhN0QFkaYYw4r4R2+x06OSeoMOctI2q0ZrLUpYkpKmifIV/fvzVAXIvDW/4HFws9ni75fDqcGzEdgXqdN2NXo73LxeiNfJ/AEiyIlweNEslEXFdMOJB2odby+XUw/1h9PmkAimcVhadPz5ZEUBK4oSa4rWfU0efsHu8ee1gWB1ikKmqrkfktPdl09z+/9TJasepo6/cN2nuz4Pa1T1N+Th4NZ84SNOWxEp4Pg/Mr2afEgPmV3bJaUtGJxYnNqI+QsfwO3RMy9IAIAAA==[0m[INFO] Copying 1 resource to ../
[8mha:AAABOR+LCAAAAAAAAACFjsFKxDAQhsdqtXjUmyAIot7SKlWUPbndrQh1PSwIUjzE3Vor3aSmqRQEn8eDvoxv4GkR8R3MNM2KeHDmkI/J/8/8L19glwK2b6txyRkp8irNWEkoK7MRz7kgx4oCpAGXCeias8CKwGkEZ7SQsBNpv9v63ZnfnfmVsBPBwphKKmEluqMP1M0pS92hFBlLO7WAtTbFiLOS5wkJ9Pv7MtSFCrz1f2B18PPZ4e+Xw6kF8zHY12kTdjX+e1z93uDvPTzBokrJ6CRBtuqiEsZB0EFax+vbxfRj/fGkCaSSORKWNv0AGykMPVVInoesZ4b8g8O9rm90YWh0msKmKrzvmM2eZ/YFvZ/NyHpmaLd/1O7DSdAzOk39fWwJdi0TMZHgxKeD8PxqY/kbaqkK+wcCAAA=[0m[INFO] 
[8mha:AAAB4h+LCAAAAAAAAACFUduK00AYHqvV4qXeuQgB8UTJoTV1Y5cFm2kTuhvbLNVgN3gxTdM0MSeTSUgVfB4v9GV8g71aRHwHZ5rMinjhPxfz8c93gvn6C7TzDDzaFus8iYU0LDw/zgUU576ThEkmjAiCFM0S7IJ6rrVAywCdPeEVSjF4bNR6sdGLV3rxSk+IRwa4sUYYYXDHCFCJxBDFnrjAmR97R1UG7jUtnCTOk9AVYH3/nQyqlBR++P/CJPDnl05ysVxctsB1G7RX3r7sXfvfcPK6oa8fwGdwk7SMUeRS3KrSImMKgSqERvHtu3X54/4nfV+INOtgcOuBDOmhSNMkMhRJEsX1jiH5udJXZcbTNMarkbafguZ3mLMkMT84/uNMcb1jqDd50fjRDRwzXo0mA3owaFfYzSIMLuzpTJu/4w5sJdqi4YjMUu0acMRGXSkDpOKVPz1bRMHs9I1sSt3yxJjIRc8rzcCtjLFlfqzWE70so/Pu28PBufveCOfWpnwdOIpmnnhI9/2pfop8fWDuFLncOda4F8NRb7EjAQGEmnoGrf7hPFjuM4+PD2wp4nmei1DpxryTRKkfuhlf//WwLzwT+sNmyz1ZuxtUhJjRnnIvudxFmbPliMXt3ybVCs7gAgAA[0m[INFO] [8mha:AAAAYB+LCAAAAAAAAABb85aBtbiIQSmjNKU4P0+vJLE4u1gvPjexLDVPzxdEGvvmZ+X75ZekLlOVfvTjc8FPJgaGiiIGKaiG5Py84vycVD1nCA1SyAABjCCFBQCV27OjYAAAAA==[0m--- maven-compiler-plugin:2.3.2:compile (default-compile) @ search ---
[8mha:AAABgx+LCAAAAAAAAACFkc1Kw0AUha/RanCpO0EIiH+bTKxVlK40bURI66IgSHExTadpYpqJM5MaEHweF/oyvoGrIuI7OJOfirjwzmI+7txz7gl5+YIaZ7AzToecxmYSpX4QcxPHPPBoRJl5JslW1KWCQFELGmgu6PlABycCdt1Cj0o9muvRXC8Hmy4sDbHAAtbcEE8xinDso55gQew3MwYbZQqPxpxGxLSL+/dmyBIZePv/wHLh57NO3296Mw0W+1Ab+HnY9f7f5fJ1pF7v4QmWZcoYT4hiLUtSVilMpTBLxevb9exj8/EiDyST6QJWthq2Ooocx5KlyLIUF72KGscn9fNGNec41VxBTl6p2q9XzpZV+dmtH2fFRa+ig/Zp6ac6dquaK6h9pI6AWiYImwgI+5dd5+rWsOkkCSL5WUb90OA0ZR4xRkFEuCGogaaYoSgYoJDEd+rnhnTAUY9g5o33OphLq330QNkdT7BHECdsGshbYOYTgbwIc0746jdO+8BCaQIAAA==[0m[INFO] Compiling 23 source files to /var/lib/jenkins/jobs/Search(Master)/workspace/service/target/classes
[8mha:AAABOR+LCAAAAAAAAACFjsFKxDAQhsdqtXjUmyAIot7SKlWUPbndrQh1PSwIUjzE3Vor3aSmqRQEn8eDvoxv4GkR8R3MNM2KeHDmkI/J/8/8L19glwK2b6txyRkp8irNWEkoK7MRz7kgx4oCpAGXCeias8CKwGkEZ7SQsBNpv9v63ZnfnfmVsBPBwphKKmEluqMP1M0pS92hFBlLO7WAtTbFiLOS5wkJ9Pv7MtSFCrz1f2B18PPZ4e+Xw6kF8zHY12kTdjX+e1z93uDvPTzBokrJ6CRBtuqiEsZB0EFax+vbxfRj/fGkCaSSORKWNv0AGykMPVVInoesZ4b8g8O9rm90YWh0msKmKrzvmM2eZ/YFvZ/NyHpmaLd/1O7DSdAzOk39fWwJdi0TMZHgxKeD8PxqY/kbaqkK+wcCAAA=[0m[INFO] 
[8mha:AAAB5R+LCAAAAAAAAACFkd+K00AUxsdqtXipdy5CQPxHaf4sqRu7LNikTehubLNUg92yF9N0Np2YZGIyCamCz+OFvozgA3i1iPgOziTNinjhmYv5ceZ85/tgPv8C7SwFjzb5OiOxmIS5j+NMhHGGPRKSVBwyMjhNCUWgrmst0LJBpxp4CRMKHtu1XtrppSu9dKVng4c2uLGGFFJwxw5gAaUQxr40pymO/cMyBfd2KTwSZyREolHffzuDMmGBH/4/MDP8+alDvi/mly1wfQnaK78Ke3f5rzl7veCv78BHcJOljGGEOLfKJE8bhcgV4k7x5at7+eP+B6sKxJJ1KLj1QDX44WSaMitOssy57jWkPtP2dbWZM81mriazqpz7d5rNstzsM0Z/NnOuew0p4+e7fbxjjJq5msZ9fiholxSlEQXflpOpOTsX9pZatIGDIauF3rWNYVP6SutDna7w5HQeBdOT16ojd4tje6zmil84ASrtkeu8L9djqyiis+6bg/4ZemuHM/eieBV4mukc+9DCeGKdQGz1na2mFlvPHSmxMVTmW2YQGIapnxru/sEsWFSeR0d7Sznq9XqCH8ECxb36jweKqA48EiU4RMKTVY7DtZUSUmCUPRVeCBmCqbcRmOz2b0B37vrUAgAA[0m[INFO] [8mha:AAAAYB+LCAAAAAAAAABb85aBtbiIQSmjNKU4P0+vJLE4u1gvPjexLDVPzxdEGvvmZ+X75ZekLlOVfvTjc8FPJgaGiiIGKaiG5Py84vycVD1nCA1SyAABjCCFBQCV27OjYAAAAA==[0m--- gmaven-plugin:1.4:compile (buildGroovies) @ search ---
[8mha:AAABTx+LCAAAAAAAAACFjsFKw0AQhsdoNHjUmyAERb0lsUZRetK0KUKsh4IgwcPaxhhJd+PupkQEn8eDvoxv4KmI+A7uZrMV8eDMYT9m/3/mf/kCk1HYvi1HjGCnyMs0w8xBmGVDkhPqHAsKJPUJT0DVnAFGBFYtOEMFh51I+d3G78787swvhO0IFkaIIw4r0R2aIDdHOHUHnGY4bVcU1poUQ4IZyRMnUO/vy1AVIvDW/4HFwc9ni7xfDqYGzMdgXqd12NX473HxeyN/7+EJFkVKjMaJZKMqSqodjnQ4jeP17WL6sf7YqwOJZBaHpU0/kC0pDD1RkjxPsppp8g8OWye+1oWh1ikK6yrlfUtv9jy9L+j8bJasZpp2u0fNPjkJOlqnqLsvm4NZ8YSOOWzEp/3w/MoOyLjI8mRkt/bsHiVk8mAPc8RYwpa/ATov5tUhAgAA[0m[INFO] Compiled 23 Groovy classes
[8mha:AAABOR+LCAAAAAAAAACFjsFKxDAQhsdqtXjUmyAIot7SKlWUPbndrQh1PSwIUjzE3Vor3aSmqRQEn8eDvoxv4GkR8R3MNM2KeHDmkI/J/8/8L19glwK2b6txyRkp8irNWEkoK7MRz7kgx4oCpAGXCeias8CKwGkEZ7SQsBNpv9v63ZnfnfmVsBPBwphKKmEluqMP1M0pS92hFBlLO7WAtTbFiLOS5wkJ9Pv7MtSFCrz1f2B18PPZ4e+Xw6kF8zHY12kTdjX+e1z93uDvPTzBokrJ6CRBtuqiEsZB0EFax+vbxfRj/fGkCaSSORKWNv0AGykMPVVInoesZ4b8g8O9rm90YWh0msKmKrzvmM2eZ/YFvZ/NyHpmaLd/1O7DSdAzOk39fWwJdi0TMZHgxKeD8PxqY/kbaqkK+wcCAAA=[0m[INFO] 
[8mha:AAAB5x+LCAAAAAAAAACFkc1u00AUhYdAaMQSdlRIlqpSUBT/VA51U1UinsRWWpO4BCxSi8XEmTg2/kntseWAxPOwgJdhw5pVhRDvwIwdFyEW3Fn405177jkjf/4FmmkCHq+yRRpH/DrIXC9KeRSlnhMHccL3KUFG45hgUNWtBmgYoFUOvEBrAg6MSi9s9cKNXrjR08ETA9xZIIIIuG/4KEdCgCJXmJLEi9yTIgEPtymcOErjAPOw+v7tDIo1Dbz//8DU8OenVvx9Nr1ugNs2aM7dMuwD+19zertkt1fgI7hLU0YoxIwbxTpLagXPFPxW8eWrdf3j0Qe9DESTtQjY2ZMhO4w0TaTFSBQZV72a5GfKoSrXc5pWz1WklZUx/1a9WRTrfXDwZzPjqleTNDze7mMdOKjnKhp22SGgWRCchAR8s0djbfKW27WVcIV6fVoztW3Afl3qXOkilcy90cU09Mfnr2VTbOdnxlDOJDc3fVwYA8t8XyyGep6Hl+03R91L/M4IJtYyf+U7imaeuUj3vJF+jjy9a24UOd841kCKYF+abqiBD6GmXkDr8Gjiz0rP09NdWww7nQ7nhijHUaf6xz2Jl3u4wE5GMPdk6QX0CS9xGmeJg9On3HMuxShxVhwV3vsNLfAUdtYCAAA=[0m[INFO] [8mha:AAAAYB+LCAAAAAAAAABb85aBtbiIQSmjNKU4P0+vJLE4u1gvPjexLDVPzxdEGvvmZ+X75ZekLlOVfvTjc8FPJgaGiiIGKaiG5Py84vycVD1nCA1SyAABjCCFBQCV27OjYAAAAA==[0m--- gmaven-plugin:1.4:execute (filterResources) @ search ---
[8mha:AAABOR+LCAAAAAAAAACFjsFKxDAQhsdqtXjUmyAIot7SKlWUPbndrQh1PSwIUjzE3Vor3aSmqRQEn8eDvoxv4GkR8R3MNM2KeHDmkI/J/8/8L19glwK2b6txyRkp8irNWEkoK7MRz7kgx4oCpAGXCeias8CKwGkEZ7SQsBNpv9v63ZnfnfmVsBPBwphKKmEluqMP1M0pS92hFBlLO7WAtTbFiLOS5wkJ9Pv7MtSFCrz1f2B18PPZ4e+Xw6kF8zHY12kTdjX+e1z93uDvPTzBokrJ6CRBtuqiEsZB0EFax+vbxfRj/fGkCaSSORKWNv0AGykMPVVInoesZ4b8g8O9rm90YWh0msKmKrzvmM2eZ/YFvZ/NyHpmaLd/1O7DSdAzOk39fWwJdi0TMZHgxKeD8PxqY/kbaqkK+wcCAAA=[0m[INFO] 
[8mha:AAAB7B+LCAAAAAAAAACFkd+Ok0AUxsdqtfFS79yYkBj/pSl/NtTFbjax0EK6iy0bVmKXeDHQWQrCUGEgVBOfxwt9GV/AeLUxxndwBsoa44VnLuaXM+c735fM51+gm2fg0bpY5SnmN3ERhDjnIc5DP43TjB9T0hjNU4JAU9c6oGOCXj3wEm4IeGw2emGnF670wpWeDh6a4MYKEkjAHTOCJRRiiAPBJlmIg8MqA/d2KfwU52mMeK25/3YG1YYGfvj/wNTw56de+n1pX3bAdRd0vaAOe9f915y+XrDXd+AjuElTYpggxp1qU2StgmcKfqf48tW5/HH/g1EHosl6BNx6IGvsMNJ1kRYjUWTc9FqSnyn7qtzO6Xo715BeV8H8e+1mUWz3aZM/mxk3vZak6fPdPtbRJu1cQ9MhOwR0K4KyhIBv7myuL95we66SrOFoTGup9k1t3JbqKUOoEi+cndpJND95JVtivzw2p3IhBaUVocqcONb7ajU1yjI5778+GJ6jt2a8cC7Ks8hXdOs4gEYYzowTGBpDa6vI5dZ3JhLWxpK9pQaRpunqqebsHyyiZe15dLTnislgMOCCBJYID5o/Hkm8PAoQRhkk6AzlxCaFl3NPvCKMV0aWpmWI8qfcCy5HMPPXHF1w+zfWq68m3gIAAA==[0m[INFO] [8mha:AAAAYB+LCAAAAAAAAABb85aBtbiIQSmjNKU4P0+vJLE4u1gvPjexLDVPzxdEGvvmZ+X75ZekLlOVfvTjc8FPJgaGiiIGKaiG5Py84vycVD1nCA1SyAABjCCFBQCV27OjYAAAAA==[0m--- gmaven-plugin:1.4:generateTestStubs (buildGroovies) @ search ---
[8mha:AAABSx+LCAAAAAAAAACFj0FLwzAUx5/VavGoN0EpiHprq0yZ7KTdOpQ6DwNBhodsjXXSJV2SSkHw83jQL+M38DRE/A4mTTMRD74c8uPl/3/vn5cvsDmD3bsi4ZR4eVakY8I9RPh4RDPKvBNJoaIeFRh0LVhgxeBUgguUC9iLtd+v/f7c78/9UtiKYSlBAglYi+/RA/IzRFK/L9iYpK2SwUadYkQJpxn2Qn3/3gxlLgPv/B9YLvx8duj7dX9mweIA7GFahV0f/F0uX2/V6xSeYFmmJGiCFVtlXjDj8JTDqx2vb1ezj83HbhVIJnMErGw3QnUURVEgS1EQKNY9Q42j5sFpw+iiyOg0RVUVar9jJgeBmRe2fyYr1j1D+53jep7qhG2j09Q5VEeAXQrMJgK2Bme96PLG7WKCGRI4cZvuufypy0Ux5Kvfqhb7rh0CAAA=[0m[INFO] Generated 8 Java stubs
[8mha:AAABYR+LCAAAAAAAAACFj0FLwzAUx5/VafGoN0EoiO5kW2XKxNPsVhHqPMwJMjzENquVLqlJKhXBz+NBv4zfwNMQ8TuYtM1EPPhyyI+X//+9f16+oMEZbN3kEafEztI8Tgi3EeFJSFPK7I4kT1GfCgxVzRlgBGCWglOUCWgGld+p/c7M78z8UngYwEKEBBKwEtyie+SkiMTOQLCExIcFg7U6RUgJpym2ver+vRmKTAbe/D+wXPj5bNL3y8HUgPkRNK7jMuzq6O9y+TpWr3fwBIsyJUETrNgospxph60cdu14fbuYfqw/HpeBZDJTwNJGy1NHke+7shS5ruKqp6m13949ammd72tdRX5Zudpv6smuq+d53Z/Jiquepp3eQT1Pdbyu1lXU21NHQKMQmE0EdEYnff/syqqvIZc/s5rDc3+73bQwCWmkGoJaIc0erHGSShuOLIY5zVmIub38DXws/ypAAgAA[0m[INFO] [INFO] Using 'UTF-8' encoding to copy filtered resources.
[8mha:AAABSR+LCAAAAAAAAACFj8FKxDAQhsdqtXjUmyIURL21dami7Em7WxHqelgQpHiI3Vor3aSbpFIRfB4P+jK+gadFxHcwaZoV8eDkkI/J/8/8efkCk1HYvq1GjGCnLKosx8xBmOUJKQh1jgQFkgaEp6BqzgAjAqsRnKGSw06k/G7rd2d+d+YXwm4ECyPEEYeV6A7dI7dAOHOHnOY469YU1toUCcGMFKkTqPv3ZqhLEXjr/8Bi4eezRd4vh1MD5mMwr7Mm7Gr8d7l4vZGvE3iCRZESo3Eq2ajLimqHIx1O63h9u5h+bDyeNIFEMovD0qYfyCMpDD1RkjxPsupp8vcPOse+1oWh1ikKm6rkfktP9jw9L+j9TJasepp2+4ftPNkJelqnqL8nDwez5ikdc1iPTwfh+ZUdkPJBfMru2DRlpKJJypa/AQ38JJMaAgAA[0m[INFO] Copying 2 resources
[8mha:AAABMR+LCAAAAAAAAACFjrFOwzAQhq+BQMQIGxITAjY7oIBAnSBtWAJLJSTUybQhBKV2cJwqEhLPw9C+DG/AVCHEO+CL4yLEwN3gT+f/v/tnX+CWEvYfqnEpOCnyKs14SRgvs5HIhSTnmkKka6ESMNVxwInBawRXrFBwEBs/bf106adLvxZ2Y1gdM8UUbMaPbMpoznhKB0pmPO3WErbbFCPBS5EnJDTv78tQFzrw3v+B9cHPV0+83w4WDqwMwb1Lm7Bbw7/H9e89/j7BC6zplJxNEmSnLippHQQdpHXM324WHzvPl00gncxTsL4bhNhIUeTrQvJ9ZDOzFJycHl0EVhdFVmcoaqrC+57d7Pt2X9j72YxsZpYO+2ftPpyEPasz1D/GVuDWKpETBZ2Nbxim58gAAgAA[0m
[8mha:AAAB6h+LCAAAAAAAAACFkctu00AUhodAIGIJOyokS6hcFPmSyGlNqkrETmylNYlLwCK1WEyciWPXl2CPLQcknocFvAxvwKpCwDswY2eKKhacWfjTOec//y/5y2/QzFLweJ0vsyQWNmHu+XEmwDjz3SRMUmFASKM0STACdd1ogIYJWtXCS7jB4IlZ68WdXrzSi1d6snhkgltLiCEG98wAFlAMYeyJM5z6sXdUpuDBLoWbxFkSIkGrv9edQbkhgff/H5gY/vzcSr7PZ5cNcNMBzYVXhb3v/GtOpis6fQ8+gdskZQwjRLlRbvKUKQSqEHaKr9/syx8PPxpVIJKshcGdR7JGHyVdl0hRkiTKdY+RfKB0VZnt6Trbq0mvKqf+LXZZktg9bfj3MuW6x6gzer67RzvakO3VNOrRh0GzxCiNMPjljCf69B235yjRGvYHpOZq29QGrNSF0oMqXvjjs1kUTE7fyJbULk7MkZx3vMIKUGkObetDuRwZRRGdt98e9s7RhRlO7VXxOnAV3TrxoOH7Y+MU+kbP2ipysXXtYSfWBp3ZlhgEmqarZ5rdPZwG88rz+HjPkSKe57kIFijmU5QleeqijK9/dr8rHPQxyvArNuCeLtEK5iHmr7WfcS+4DMHUXXPk2t0/tPG+XusCAAA=[0m[INFO] [8mha:AAAAYB+LCAAAAAAAAABb85aBtbiIQSmjNKU4P0+vJLE4u1gvPjexLDVPzxdEGvvmZ+X75ZekLlOVfvTjc8FPJgaGiiIGKaiG5Py84vycVD1nCA1SyAABjCCFBQCV27OjYAAAAA==[0m--- maven-resources-plugin:2.6:testResources (default-testResources) @ search ---
[8mha:AAABOR+LCAAAAAAAAACFjsFKxDAQhsdqtXjUmyAIot7SKlWUPbndrQh1PSwIUjzE3Vor3aSmqRQEn8eDvoxv4GkR8R3MNM2KeHDmkI/J/8/8L19glwK2b6txyRkp8irNWEkoK7MRz7kgx4oCpAGXCeias8CKwGkEZ7SQsBNpv9v63ZnfnfmVsBPBwphKKmEluqMP1M0pS92hFBlLO7WAtTbFiLOS5wkJ9Pv7MtSFCrz1f2B18PPZ4e+Xw6kF8zHY12kTdjX+e1z93uDvPTzBokrJ6CRBtuqiEsZB0EFax+vbxfRj/fGkCaSSORKWNv0AGykMPVVInoesZ4b8g8O9rm90YWh0msKmKrzvmM2eZ/YFvZ/NyHpmaLd/1O7DSdAzOk39fWwJdi0TMZHgxKeD8PxqY/kbaqkK+wcCAAA=[0m[INFO] 
[8mha:AAAB6x+LCAAAAAAAAACFkctu00AUhodAIGIJOyokS6hcFPmS4FCTqhLxJLbSmiRVwCK1upg4E8eub9hjywGJ52EBL8MbsKoqxDswY8cFxIIzC3865/zn/yV/+QmaaQIeb7JVGoVC7GeOG6YCClPXjvwoEQaUIKNJRDCo6kYDNAzQKhdeo5iAJ0alF3d68VovXuvp4qEBbq0QQQTcMzyUI9FHoSPOSeKGzmGRgAe7FHYUppGPBVh9/3YGRUwD7/8/MDX88bkVfV/MLxvgpgWaS6cMe9/615xO12z6HnwCt2nKEAWYcaOIs6RWCEwh7BRfv5mXVw8/6mUgmqxFwJ1HMmSPkaZJtBhJEuOqV5P8Qumqcr2nafVeRVpZGfNv1Zclqb4Hh78vM656NXVGL3f3WAcO672KRj32CGgWBCcBAVfWeKJNz7k9Swk2qD+gtVDbBhzUpS6VHlLJ0h2fzgNvcvJWnknt/NgYyVnHyWceLoyhOftQrEZ6ngdn7XcHvTN8YfhTc52/8WxFmx07SHfdsX6CXL032ypyvrXNYSeEg858Sw08CDX1FJrdg6m3KD2PjvYsKeB5ngtQjkPejoLY9XHCV/+63xWeC90+wSmB1YR7usJrlPmE/6P5jHvFpRgl9oajp+7+An8RNufoAgAA[0m[INFO] [8mha:AAAAYB+LCAAAAAAAAABb85aBtbiIQSmjNKU4P0+vJLE4u1gvPjexLDVPzxdEGvvmZ+X75ZekLlOVfvTjc8FPJgaGiiIGKaiG5Py84vycVD1nCA1SyAABjCCFBQCV27OjYAAAAA==[0m--- maven-compiler-plugin:2.3.2:testCompile (default-testCompile) @ search ---
[8mha:AAABhh+LCAAAAAAAAACFkc1Kw0AUha/RanCpO0EIiH8LM1GqKF1p2ojQ1kVBkOJimk7TtOlMnJnUgODzuNCX8Q1cFRHfwZn8VMSFdxbzceeec0/IyxdUBIedYdIXjNpxlAQhFTamIvRZxLh9rsjV1GaSQF4LBhhNMLOBFo4l7DZzPSr0aK5Hc70arDVhqY8llrDWHOEpRhGmAepIHtKglnLYKFL4jAoWEdvN79+bIY1V4O3/A6uFn88me7/tzAxY7EKlF2Rh17t/l6vXgX69hydYVikpnhDNRhonvFTYWmEXite3m9nH5uNlFkglMyWsbFVdfTR5nqNKk+NoznslVU9Ojy6q5ZznlXM5eVkler9ZOjtO6efWf5w1572SDhtnhZ/uuPVyLqfGsT4SKqkkfCKBdq/a3vWd5bJJHEbqs6xTS7CE+8QahBERlmQWmmKOorCHRoSO9b8dsZ5AHYK5P9xrYaGc9tED42MRY58gQfg0VLfEPCASSSLkgR9hIYhY/QYXCovCbQIAAA==[0m[INFO] Compiling 8 source files to /var/lib/jenkins/jobs/Search(Master)/workspace/service/target/test-classes
[8mha:AAABOR+LCAAAAAAAAACFjsFKxDAQhsdqtXjUmyAIot7SKlWUPbndrQh1PSwIUjzE3Vor3aSmqRQEn8eDvoxv4GkR8R3MNM2KeHDmkI/J/8/8L19glwK2b6txyRkp8irNWEkoK7MRz7kgx4oCpAGXCeias8CKwGkEZ7SQsBNpv9v63ZnfnfmVsBPBwphKKmEluqMP1M0pS92hFBlLO7WAtTbFiLOS5wkJ9Pv7MtSFCrz1f2B18PPZ4e+Xw6kF8zHY12kTdjX+e1z93uDvPTzBokrJ6CRBtuqiEsZB0EFax+vbxfRj/fGkCaSSORKWNv0AGykMPVVInoesZ4b8g8O9rm90YWh0msKmKrzvmM2eZ/YFvZ/NyHpmaLd/1O7DSdAzOk39fWwJdi0TMZHgxKeD8PxqY/kbaqkK+wcCAAA=[0m[INFO] 
[8mha:AAAB5x+LCAAAAAAAAACFkU2L00AYx8dqtXjUm4sQEN8ozcuSurHLgs20Cd2NbZZqsFv2ME1n04l5M5mEVMHP40G/jDePnhYRv4MzSbMiHnzmMD+eef7P/w/z+RdoZyl4tMnXWRyJSZB7JMpEFGXEjYM4FYeMIKdpTDGo61oLtCzQqQZeooSCx1atl3Z66UovXenZ4KEFbqwRRRTcsXxUIClAkSfNaUoi77BMwb1dCjeOsjjAIqzvv51BmbDAD/8fmBn+/NSJvy/mly1wfQnaK68Ke3f5rzl7veCv78BHcJOljFCIObfKJE8bhcgV4k7x5atz+eP+B7MKxJJ1KLj1QIX8cDIMmRUnWeZc9xpSn2n7utrMGUYzV5NRVc79O81mWW72wdGfzZzrXkPK+PluH+/AUTNX07jPDwXtkuI0pODbcjI1ZufC3lILN2gwZLXQuxYcNqWvtD7S6YpMTuehPz15rdpytzi2xmqueIXt49IaOfb7cj02iyI867456J/ht1Ywcy6KV76rGfaxh0xCJuYJImbf3mpqsXWdkRLBoTLfMgMfQkM/hc7+wcxfVJ5HR3tLOez1eoIXogJHvfqPB4qoDijOKIzDhARYeLLKSbA20zguCM6eCi+EDKPU3QhMevs3ZTG7ctgCAAA=[0m[INFO] [8mha:AAAAYB+LCAAAAAAAAABb85aBtbiIQSmjNKU4P0+vJLE4u1gvPjexLDVPzxdEGvvmZ+X75ZekLlOVfvTjc8FPJgaGiiIGKaiG5Py84vycVD1nCA1SyAABjCCFBQCV27OjYAAAAA==[0m--- gmaven-plugin:1.4:testCompile (buildGroovies) @ search ---
[8mha:AAABTh+LCAAAAAAAAACFjsFKw0AQhsdoNHjUmyAERb0lqUSx9KRpU4RYDwVBgoe1jTGS7sbdTYkIPo8HfRnfwFMR8R3czWYr4sGZw37M/v/M//IFJqOwe1uOGcFOkZdphpmDMMtGJCfUORYUSBoQnoCqBQOMCKxacIYKDnuR8ruN35373blfCDsRLI0RRxzWojs0RW6OcOoOOc1w2qkobDQpRgQzkidOoN7fl6EqROCd/wOLg5/PFnm/HM4MWIzBvE7rsOvx3+Pi90b+3sMTLIuUGE0SyUZVlFQ7HOlwGsfr28XsY/OxXwcSySwOK9t+IFtSGHqiJHmeZDXT5B8e7Z/4WheGWqcorKuU9y292fP0vqD7s1mymmlq9drNPjkJulqnqHcgm4NZ8YROOGzFp4Pw/MoOyKTI8mRst9p2nxIyfbBHOWIsYavfAS1MDSECAAA=[0m[INFO] Compiled 19 Groovy classes
[8mha:AAABOR+LCAAAAAAAAACFjsFKxDAQhsdqtXjUmyAIot7SKlWUPbndrQh1PSwIUjzE3Vor3aSmqRQEn8eDvoxv4GkR8R3MNM2KeHDmkI/J/8/8L19glwK2b6txyRkp8irNWEkoK7MRz7kgx4oCpAGXCeias8CKwGkEZ7SQsBNpv9v63ZnfnfmVsBPBwphKKmEluqMP1M0pS92hFBlLO7WAtTbFiLOS5wkJ9Pv7MtSFCrz1f2B18PPZ4e+Xw6kF8zHY12kTdjX+e1z93uDvPTzBokrJ6CRBtuqiEsZB0EFax+vbxfRj/fGkCaSSORKWNv0AGykMPVVInoesZ4b8g8O9rm90YWh0msKmKrzvmM2eZ/YFvZ/NyHpmaLd/1O7DSdAzOk39fWwJdi0TMZHgxKeD8PxqY/kbaqkK+wcCAAA=[0m[INFO] 
[8mha:AAAB5h+LCAAAAAAAAACFkU2L00AYx8dqtXjUm4sQEN8oeSupG7ss2Eyb0N3YZqkGu2EP03SaJualJpOQKvh5POiX8ejN0yLid3AmaVbEg88c8ptnnv/z/0M+/wLtLAWPNvkqS2JhG+aeH2cCijPfTcIkFYaUIKNpQjCo61oLtEzQqQZeoi0Bj81aL+714pVevNLTwSMT3Fghggi4YwaoQGKIYk+ck9SPvaMyBff2KdwkzpIQC7D+/u0Myi0N/PD/ganhz0+d5PtiftkC1x3QXnpV2LvOv+b0dc1e34GP4CZNGaMIM26V2zxtFAJTCHvFl6/25Y/7H4wqEE3WIeDWAwWyw0jXJVqMJIlx3WtIeab2NKWZ0/Vmria9qpz5d5rNktTsg6M/mxnXvYbk8fP9PtaBo2aupnGfHQLaJcFpRMA3ZzLVZxfcgaNGGzQY0lpoXRMOm9KWah9pZOlPzuZRMD19rVhStzgxx0oue4UV4NIc2db7cjU2iiI677457J/jt2Y4s9fFq8BVdevEQ4bvT4xT5Bt9a6cqxc61R3IMh/J8Rw0CCHXtDNq9w1mwqDyPjw8cKeJ5notQgWM+y1O89lPM1/960BNkaUBwRrgnK7xGeUh4dnvKveAyjFJ3w1Ht7d8mUkaL2QIAAA==[0m[INFO] [8mha:AAAAYB+LCAAAAAAAAABb85aBtbiIQSmjNKU4P0+vJLE4u1gvPjexLDVPzxdEGvvmZ+X75ZekLlOVfvTjc8FPJgaGiiIGKaiG5Py84vycVD1nCA1SyAABjCCFBQCV27OjYAAAAA==[0m--- maven-surefire-plugin:2.10:test (default-test) @ search ---
[8mha:AAABgh+LCAAAAAAAAACFkc1Kw0AUha/RanCpO0EoiH8LM1GqqF1p2oiQ1kVAkOJimk7T1DSTzkxqRPB5XOjL+Aauiojv4Ex+KuLCO4v5uHPPuQfm5QsqnMHWIOlxGhlxmPhBxA0c8cCjIWXGmSRLUZsKAnnNaaA5oGcDLRwL2HZyPSr0aKZHM70crDuw0MMCC1hxhniCUYgjH7mCBZFfTxmsFSk8GnEaEsPK79+bIY1l4M3/A8uFn886fb9xpxrMd6DS9bOwq52/y+VrX72O4QkWZcoIj4hiLY0TVioMpTAKxevb9fRj/fEiCyST6QKWNmqWOops25SlyDQV572SakfHB+e1cs62y7mc7KwStV8vnU2z9LMaP86K815J+82Twk91rEY5l1PzUB0BlVQQNhIw7ly27avbqpsw0g8YqTISUyaqPcmeoOzhtIommKEw6KIhie7U1w5plyOXYOYNdlqYS6NddE/ZHY+xRxAnbBLIW2DmE4F4YbyXG/Plb4soDiNwAgAA[0m[INFO] Surefire report directory: /var/lib/jenkins/jobs/Search(Master)/workspace/service/target/surefire-reports
[8mha:AAABMR+LCAAAAAAAAACFjrFOwzAQhq+BQMQIGxITAjY7oIBAnSBtWAJLJSTUybQhBKV2cJwqEhLPw9C+DG/AVCHEO+CL4yLEwN3gT+f/v/tnX+CWEvYfqnEpOCnyKs14SRgvs5HIhSTnmkKka6ESMNVxwInBawRXrFBwEBs/bf106adLvxZ2Y1gdM8UUbMaPbMpoznhKB0pmPO3WErbbFCPBS5EnJDTv78tQFzrw3v+B9cHPV0+83w4WDqwMwb1Lm7Bbw7/H9e89/j7BC6zplJxNEmSnLippHQQdpHXM324WHzvPl00gncxTsL4bhNhIUeTrQvJ9ZDOzFJycHl0EVhdFVmcoaqrC+57d7Pt2X9j72YxsZpYO+2ftPpyEPasz1D/GVuDWKpETBZ2Nbxim58gAAgAA[0m
[8mha:AAABNR+LCAAAAAAAAACdjrFKxEAQhsdoNFhqJ1iJWrkbJcrJVZq72ESbA0GuWu9ijOR242ZzBASfx0JfxjewOkR8B3ey2ROxEJwp9mP2/2f+509wSwk7t9W4FJwUeZVmvCSMl9lI5EKSE00h0oVQCZhacMCJwWsE56xQsBsbP239dO6nc78WdmNYGjPFFKzFd2zKaM54SgdKZjzt1hI22hQjwUuRJyQ078/LUBc68PbfgfXBjydPvF0NZg4sDsG9Tpuw68Pfx/XvDf7ewyMs65ScTRJkpy4qaR0EHaR1vLxezt43H86aQDqZp2BlKwixkaLI14Xk+8hmZik46hycBlYXRVZnKGqqwvue3ez7dl/Y+96MbGaW9vvH7T6chD2rM9Q/xFbg1iqREwWdvf/V6hdjsPiwNwIAAA==[0m-------------------------------------------------------
[8mha:AAABOR+LCAAAAAAAAACFjsFKxDAQhsdqtehNb4JQEPWWVqmi7Em7rZfqpSLInuJurSvdpKapFASfx4O+jG/gaRHxHcw0zYp4cALJx+T/Z/6XL7ArAdu39ajijJRFnY9ZRSirxkNecEGOFYVI51xmoGvOAisBpxWc0VLCTqL9Xuf3Zn5v5lfCXgILIyqphNXkjj5Qr6As91IpxizvNQLWuxRDzipeZCTU7+/N0JQq8Nb/gdXCz2eHv1+lUwvmB2Bf523YtcHf5er3Bn/v4QkWVUpGJxmy1ZS1MA6CDtI5Xt8upx8bj6dtIJXMkbC0GYR4kOLYV4Xk+8i6Zyg4ONw7CYwujo1OU9xWjfsdM9n3zbyw/zMZWfcM7UZH3TzshH2j0xTt45FgNzITEwkr7oUbuam60+Vv763aYgoCAAA=[0m T E S T S
[8mha:AAABNR+LCAAAAAAAAACdjrFKxEAQhsdoNFhqJ1iJWrkbJcrJVZq72ESbA0GuWu9ijOR242ZzBASfx0JfxjewOkR8B3ey2ROxEJwp9mP2/2f+509wSwk7t9W4FJwUeZVmvCSMl9lI5EKSE00h0oVQCZhacMCJwWsE56xQsBsbP239dO6nc78WdmNYGjPFFKzFd2zKaM54SgdKZjzt1hI22hQjwUuRJyQ078/LUBc68PbfgfXBjydPvF0NZg4sDsG9Tpuw68Pfx/XvDf7ewyMs65ScTRJkpy4qaR0EHaR1vLxezt43H86aQDqZp2BlKwixkaLI14Xk+8hmZik46hycBlYXRVZnKGqqwvue3ez7dl/Y+96MbGaW9vvH7T6chD2rM9Q/xFbg1iqREwWdvf/V6hdjsPiwNwIAAA==[0m-------------------------------------------------------
[8mha:AAABWh+LCAAAAAAAAACFj8FKxDAQhsfqavGoN0EQRL2lVVZRxIN2t16qB7sIsqfYjd263aQm6VIQfB4P+jK+gadFxHcwaZoV8eDkkK+T/5/5+/IFLcFhe1gOBKOoyMs0owJhKrKE5YyjU0WBpksmCZiac8CJwK0FF7iQsBMZv9f4vZnfm/mV8DiChQGWWMJKdI8n2MsxTb1Y8oymxxWHtSZFwqhgOUGBuX9vhqpQgbf+D6wWfj677P0mnjow34fWbVqHXe3/Xa5e7/TrAzzBokpJ8Zhodqqi5NaBtAM1jte36+nH+uN5HUglcyUsbbYDfTSFoa9Kk+9rNj1L7YPDvbO21YWh1RkK6yr1ftdO9n07L+j8TNZsepZ2u0fNPN0JOlZnqLuvj4RWJQkfSzi5KilVf7ORsDHiOBmJAicECYJ5MlQXn2Tqs5clIyLjuhmbXo8IufwN9/e/zjwCAAA=[0mRunning com.rackspace.search.service.TicketSearchServiceTest
[8mha:AAABih+LCAAAAAAAAACFkc1Kw0AUha/VanCpO0EYEHWjk9jW4s9KYyNCrAtFkNLFmEzTaDoTJxOJKD6PC30Z38BVEfEdnGk6irjwziIfd+459zB5/oRqJmCln4cZZzhN8ihmGSYsiwOecIH3FLma2lxSKGuiAhUfrNHAMUklrPql3h7r7W+9/a1Xg7s+TIVEEglz/hW5JXZCWGSfShGzaLcQsDBOEXCW8YRit/z+3gxFqgIv/x9YLfx4svjbxemwApMdqF5Go7Dznb/L1W1P397AI0yrlIwMqOZKkebCKLBW4LHi5fV8+L54fzgKpJJZEmaWGq4+mjzPUaXJcTSXPUON5lZtv2HmPM/MleSNKtf7LePsOMbPPfhx1lz2DG20tsd+uuMemLmSWpv6SKgWkoqBhLTm7NTrO/Xm2vbGFnpYP2p7JyhmKOjjG57hhEeXJLjGQUIy9bzY51FEhforkhayE9IeyRPZRevI5XkSovbJGerFLESCZjwXAUUd4xAJzm/vurNfvpEXR28CAAA=[0m20:33:36,918 |-INFO in ch.qos.logback.classic.LoggerContext[default] - Could NOT find resource [logback.groovy]
[8mha:AAABjB+LCAAAAAAAAACFkU9LwzAYxl+n0+FRb4IQEPXi0s5N8c9JqxWhzsNEkLFDbLNazZKZpFJQ/Dwe9Mv4DTyJiN/BZG0n4sE3h/548z7P+5A+f0FVSVi5SiMlOB6yNE64woSrJBRMSLxnyLPUFppCXhMVqARQGw2ckKGG1SDXO4XeGeudsd4M7gYwFRFNNMwF1+SOOIzw2OlomfB4N5OwUKQIBVeCUezl39+bIRuawMv/BzYLP59q4u2i816ByS5UL+NR2Pnu3+Xmtm9vb+ERpk1KTgbUciUbprJUYKvAheLl9fz9Y/H+aBTIJKtpmFlqefZY8n3XlCXXtZz3Smptbq3vt8o53y/ncvJHldr9tdLZdUs/7+DH2XLeK6lxuF342Y53UM7ldLhhj4ZqpqkcaJDr7k6zudPcXNtubKGH+nHbP0UJR+EVvhUKMxFfkvAGh4wo87w4EHFMpfkrmma6G9E+SZnuoTryRMoi1D49Q/2ER0hSJVIZUtQtHOqaKo2zAevNfgOSEKNncQIAAA==[0m20:33:36,918 |-INFO in ch.qos.logback.classic.LoggerContext[default] - Could NOT find resource [logback-test.xml]
[8mha:AAABwx+LCAAAAAAAAACFks9uEzEQxt2UQNQj3JCQLCH+VGrtbROqJj3BtouQtu0hEhJa9TDZOJtNHHtre8NKoD5PD+UdeAbegFNVVbxD7d24gDgwPvin8Xwzn2xf/UJtrdDLaTnWUpCCl1kuNAGh81RyqchbS6GjE2kYamKthVox6tQFx1AY9Cpu9HSlp/d6eq+3hQcxejAGAwY9jmewBMpBZHRoVC6yg0qhpysXqRRackbCZv97MqoKa/jF/w3bgbeXHfnz0/C6hdYT1B5ltdknyb/D7enEnZ6jC/TQuhSwYI5bVVEqryBOQVaKbz8+Xt88+/K+NmSddQx69LwXuuUoigIbjoLAcZPz1Nvb333X83VR5Osaiuoo3fyO7xwEvl94+Luz4ybnaeeov+rnMuGhr2vo6I1bBrUrw9TCoO+7waDbHXT3tvo7ffx1+8NJdIpzgdMpOZeacJmNIJ2TlIO210timWVM2VcxrDLJmE2g5OYMb+NIlmKMFdOyVCnDiRdWC36GweBkknM2oEtQlOcjOmNi7n7JTI40HTJQ6fT1MWjraZN+lmquC0gZ1Uwtc7sbUBkztDbBNP2z98YdJL8Vjr8CAAA=[0m20:33:36,919 |-INFO in ch.qos.logback.classic.LoggerContext[default] - Found resource [logback.xml] at [file:/var/lib/jenkins/jobs/Search(Master)/workspace/service/target/classes/logback.xml]
[8mha:AAABgx+LCAAAAAAAAACFkc9Kw0AQxsdqNXjUmyAERL3YTWxq1fZU00aEWA+CID1t0jRNTXfT7EYCis/jQV/GN/BURHwHd/OnIh6cPeS3s/PNfExevqDKYtgbJ0NGCYrCxA8IQ5iwwKUhjVFHkCmpT7kHeSxVoGKDkhVc4ojDvp3rtUKvLfTaQi8K2zasDDHHHDbsCb7HWoiJr13zOCB+O41hq3DhUsJo6CEz//6eDGkkDO/+b1gM/HxW6Pvt9bwCywOoOn5mdnPwd7h4HcnXGTzBqnBJ8NSTXEmjJC4VSCpQoXh9u5l/bD+cZ4aEM4XD2k7DlEeSZekiJOm65DxXUqN5Uj9rlHWWVdblZGWRyPlK2VnXy35m96ez5DxX0mHvtOgnM2a3rMupdyQPh2rKvXjKIajrLcNoGccHetNQH2sXfetKDYjqjtGMMhRS38HuHXJDzMR60YTGmCDs8kBsXvycUeAnMZa3TpZTa+rQcxJfxVwsyUm4pxLKVebx9W8uTnk3aAIAAA==[0m20:33:37,063 |-INFO in ch.qos.logback.classic.joran.action.ConfigurationAction - debug attribute not set
[8mha:AAABlx+LCAAAAAAAAACFUUFLwzAY/ZxOh0e9CUJA1IumdZs652lWK8JUcCDI8JB1Wa12SZemMlH8L9486J/xH3gSEf+DSdtMRMEvh7x8ee99j+TpE4qxgKWLpBtzhqMw8QMWY8LiwOMhF7ihkKPREZcUshorQKEJpZRwSCIJy81Mb+V6a6S3RnpF3G7CRJdIImGmeUmuiRUS5lstKQLmbw8FzOUpPM5iHlLsZPvPyTCMVODF/wOrgR+PJf561norwHgbih0/DTvb/j1c3fb07QDuYVKlZKRPNS4Mo0QYBdYKnCueX07f3udv99NAKllJwtRC1dFLI9e1VWlk2xpnPYOqG7XyTtXwXNfwMuSmlej5JeNs28bP2f121jjrGbS2t5X76Y6za3gZ2lvXS0JxKKnoS3go2/VKpV7ZXLFrm+hu9eDIPUYBQ94FHvAYh9zvEO9K/Yeg+JILwjDxZKCevRFFlHWpaKRHtIoaHZ5IJLlSx5IwGRBJEclZiPeQvIkoav9lLHgYqhfFJ9nuBiE19ufTXxh9vd6gAgAA[0m20:33:37,087 |-INFO in ch.qos.logback.core.joran.action.AppenderAction - About to instantiate appender of type [ch.qos.logback.core.rolling.RollingFileAppender]
[8mha:AAABgx+LCAAAAAAAAACFkc1Kw0AQx8dqtXjUmyAERL3YTWzqR9tTTZtSiClYEKR42KZpmprupputFBSfx4O+jG/gqYj4Du7moyIenD3sb2fnP/Nn9+UL8hGDg9FsEFGCwmDm+SRCmES+QwPKUF2QIcmm3IUkVnKQs6AQF1zikMOhlejVVK8u9epSLwprFqwNMMcctqwxvsdqgImndjnziVebM9hJXTiURDRwkZHsvyfDPBSG9/83LAZ+Phfo+013kYPVHuT7Xmx2u/d3uLgdytspPMG6cEnwxJWcm4czlimQVKBU8fp2vfjYfWjFhoSzAoeNvbIhlyTT1ERI0jTJSS6j8ul56aKc1ZlmVpeQGcdMzi9knTUt62c0fjpLTnIZHTcraT+ZMRpZXULNE7k45OfcZRMOw5JW1fWqfnakVXTlsdi2zY7iE8UZoSmNUEC9PnbuxH8wF40pwwRhh/vi2eth6JKBy+rxUSkqNp6IV1FwmldwpPSuOpbVtlu3m9/qT+A+ZQIAAA==[0m20:33:37,093 |-INFO in ch.qos.logback.core.joran.action.AppenderAction - Naming appender as [ROLLING]
[8mha:AAABfB+LCAAAAAAAAACFkc1Kw0AUha/VanCpO0EIiLqxk2irtnVl00aEWkVFka7GdIyR6UycmUj9wedxoS/jG7gqIr6DM0mjiAvvLPJx55x7z5DnTyhKAUuXSU9yhmKahBGTCDMZBZxygbY1eYY6XBHIaqwAhTZYqWAPxwqW25nfGfmdb7/z7dfCrTZM9LDCCmbaV/gGOxSz0DlSImLh1kDA3ChFwJnklCAv+/7eDINYB178P7Be+PFk8bezo2EBxrtQPA/TsLPdv8v17YW5vYZHmNQpGe4Tw4VBnIjcgYwDjRwvryfD9/n7nTSQTmYpmFqoeOYY8n1XlyHXNZz1cqpsVNcalVzn+7kuIz+txOy38smum8/zmj+TDWe9nFZbtdE80/GauS6j1ro5CooDRURfQXfNrZfL9fLmymq1Zj+Udjv+vh0xO0DXiOrfIAgSnFL9XnQc9UkDS9I7zBoHnEbBrV2yTyNK7UQSO7yzA96PBZEy4mz6C+Zk4VZaAgAA[0m20:33:37,189 |-INFO in c.q.l.core.rolling.TimeBasedRollingPolicy - Will use gz compression
[8mha:AAABwR+LCAAAAAAAAACFkUFP2zAUx9/KulU7wm3SJEtTx2VxQlu2AaeRNqhSWxBlmyYOyCRu6sm1g+2gImCfhwNI+yx8A05omvYdZicNaNphz4f89Pz+//ePfP0b6lrBm2meaClwxvOUCY2J0CyWXCr80VLoaCQNhbKe1KA2gEYxMCSZgdVBqfcXev9B7z/o7eDWAJ4mxBADy4Nv5JT4nIjUHxvFRLo1V/BykSKWQktOcVh+/94M88wGbv4/sF3466oh776O72uwdAj147QIu3L473J7O3G3J/AdntmUgsyo49o8y1WlwE6BF4qb28/3P1+d7xSBbLKGgeevO6E7jqIosOUoCByXvYo67z60tjvVXBRVcyVFReVuf6NyDoLKL+w+OjsuexWt9TYWfq4Tdqu5knrr7hiozw1VMwM/WsFmu73Zfv92baOFLrz+KNpFTKAYn2Bun0FRrCTn9n/xAZvRbaJpsl829iRn8Rny0BfGOco1RWZKUUaMdbYGcoZ1LjAhGtvnMUTEdF9Kc9QfH30adXtRf9Tr+lym2teUqHjqNZPzM1vecOglySVuMjSRqvAksWGnFE0Ypy/+AH2NGmSvAgAA[0m20:33:37,192 |-INFO in c.q.l.core.rolling.TimeBasedRollingPolicy - Will use the pattern com.sun.aas.instanceRoot_IS_UNDEFINED/logs/search-%d{yyyy-MM-dd}.%i for the active file
[8mha:AAAB1x+LCAAAAAAAAACFUdFu0zAUvRQKFY/whoRkCXV5IU66lkG3F7q0QZXagGhBQnuYvMRNDYmd2c5UNuB7eICfQeIDeJoQ4h+wm6YT4oHrhxxdn3Puce6X39BUEnaWZaIEx0VWpowrTLhisciExAODAosioSlUda0BjQm01oQpKTQ4k0rvbfTeVu9t9YZ4MIEbCdFEw53JW3JGvIzw1JtpyXh6sJJwb5MiFlyJjOKg+v49GVaFCdz+f2Az8NfnlvjxZnbZgOtH0DxJ12HvHv073Nwu7O0pfIKbJiUnObW4sSpKWSuwVeCN4uu315c/7188WwcyyVoabj3oBfZYFIa+KYt83+KqV6Pe3pPdw17NC8OaV6FwXaWd36qdfb/2C4ZXzhZXvRp1Rv2Nn+0Ew5pXodEjezQ0V5rKXMP3XX+/293vPn7Y6e+hD+44Cp8jxlG8xKdC4UykJyR+Z/YhKZYiy5h9PzunA57MWU4PiaJJGA3mL56STnfR73eQi+ZLisySKSqINlM4Ygo5702506mbJA5aSJGjBcsosn95S3NikWNVckyIwmalmvCYvhRCH49nx6+i4SgcR6OhZzIpT1Ei46XbTi6ujD/iNsPpuYNv/wHek32X1AIAAA==[0m20:33:37,196 |-INFO in ch.qos.logback.core.rolling.SizeAndTimeBasedFNATP@a13f991 - The date pattern is 'yyyy-MM-dd' from file name pattern 'com.sun.aas.instanceRoot_IS_UNDEFINED/logs/search-%d{yyyy-MM-dd}.%i.gz'.
[8mha:AAABjB+LCAAAAAAAAACFkc1OwkAUha8oSlzqzsSkiVE3Mi0//gAboVBjgmiEmBhWAx3KYJmB6UCIGp/Hhb6Mb+CKGOM7OEMpxrjwzqJf7pxz75n05QvigYC97sgNOEMDf+RRFiDMAtrmPheoqMjWVOOSQFhLMYhVITETXOCBhP1q6DfnfnPhNxd+JSxUYcXFEkvYqPbwGJs+Zp5Zl4IyrzARsDVP0eYs4D5Bdvj9vRkmAxV49//AauHnc4K/39anMVhuQrzlzcJuNv8uV7cdfTuEJ1hVKRnuE82xyWAkIgfSDjR3vL7dTD+2H85mgVSyhIS1naytjybHsVRpsizNYS+i7NFJupSNdI4T6UJyZjXS+xPRZMuK5tnln8maw15EqUpuPk937HKkC6lyqI+E+EQS0ZfQS1v5TCafOT5I5Y6Mx+R5zbk0KDPaXTTkAfK518LtO/U/BEGC+z7V76f3pMjcBu2TEg6I69SKjatTnMp0crmUkTSulS7Jx0QYWBp96jLqdSVa/waJtCGtaQIAAA==[0m20:33:37,196 |-INFO in ch.qos.logback.core.rolling.SizeAndTimeBasedFNATP@a13f991 - Roll-over at midnight.
[8mha:AAABoB+LCAAAAAAAAACFkcFK60AUho/VeotL3QnCgNzrRidJU7XVza3RiNBWoVUQV2MzxtF0Jk6mUlR8AJ/Ehb6Mb+BKRHwHZ5qOIi48s8iXM/9/zh/y8A7FTMK/036UCY7TpB8znmHCM9YViZC4rikw1BKKQl5jBSg0oDQUNEmqYKGR+52R3/n0O59+LVxvwEREFFEw3Tgjl8RJCI+dtpKMx+sDCbOjFF3BM5FQHOTP75thkOrAf38PrBe+3ZfE82H7pQDjR1A8jodhZ45+Lte3J+b2Am5hUqfkpEcNFwZpX1oHNg48cjw+Hby8zl1vDwPpZCUFf+YrgTmGwtDVZch1Dec9S5WVanmjYnVhaHU5hcPqm/0lO9l17bxg82uy4bxnyduqjeaZTrBpdTltLZujoDhQVPYU3JXdNd9f81cXy66HbpZ2WuEuYhx1T/GFyHAi4mPSPdf/Q1IsRZIw8/3sitZ51GE9ukEyGoWtemfvP/H8k1rNQ0uoTZXSOj2GKUYSlFLJRISUQE3BUZNI5FWR3Yv2O4F+8fypD0uNO1uJAgAA[0m20:33:37,201 |-INFO in ch.qos.logback.core.rolling.SizeAndTimeBasedFNATP@a13f991 - Setting initial period to Mon Mar 18 20:33:37 UTC 2013
[8mha:AAABrx+LCAAAAAAAAACFkcFOGzEQhodAStQj3CohWaoKF+JdkrSFcAqbLKq0BCkgEIo4OLvuZsGxF9uLgkA8DuLQvkzfoCeEEO+And0FVRw6PvjTzPwzv+Vfz1BVElbHWaQExynL4oQrTLhKQsGExB1DnqW+0BTymKtAJYDarGGPpBrWglzvFHrnVe+86k3jdgALEdFEw1JwRi6JwwiPnQMtEx5vTyV8KlyEgivBKPby+9/NME2N4S//N2wWPt3XxN+Tg4cKzA+hOopnZpeH75eb6k9bvYBb+GBccjKhlivTNJOlAlsFLhS//xw9PK5c784MGWc1DYufW549lnzfNWHJdS3nuZJa3zYbO62yz/fLvpz8WWR2f62c7LrlPK/7Ntlynitpo7dVzLMZr1v25dT7ao+G6lRTOdFw13DbzWa7+X290dxAN/XjzqCPEo7CMb4QCjMRj0h4bv5DUiwFY+bheJDffsJoJ00pj6gcDvaD4Ed/9xTV0eE4UYgUBcQFYoLHhkg0SbSpIEauRKYRsayyUT0Uk1RwyvU6UtTkOaI8FFZs/lVTEuGPL6SwblilAgAA[0m20:33:37,231 |-WARN in ch.qos.logback.core.rolling.RollingFileAppender[ROLLING] - This appender no longer admits a layout as a sub-component, set an encoder instead.
[8mha:AAABqx+LCAAAAAAAAACFkc9O20AQxqdpA1GPcKtUaSUEvZC1iVMo4RRMjJDcICUVqIp62DhbY7rZXdbr1gjUB+kT9FBepm/QU1RVvAO7/pOq4tDZw/w0M9/MZ/nHPTRTBVsX2SwVHEuWxQlPMeFpEgkmFO4b8i0NhaZQxpMGNEJoFQNvidTwKiz1TqV3lnpnqTeDByE8mxFNNKyFl+QzcRjhsTPWKuHxQa7gReUiEjwVjGK/zP9ehlwaw5v/N2wO/vneEr/ejxcNeDqB5jQuzK5PHh833Y+2ewVfYcW45GROLTdymalaga0CV4q7n2eL3y9vjgtDxllLw+pG17fPUhC4Jiy5ruWyVlN3903nsFvPBUE9V1JQRGbvt+rNrlvv84/+brZc1mraGexX+2zFP6rnShq8tk9DM9dUzTV867g9z+t5e9sdbwfdts/7oyFKOIou8JVIMRPxlESfzP9QFCvBmPlwPCpzkDDal5LyGVWT0WkYngyPP6A2eicQ5WmmKIrEXBKdTBOW6Ott9EURKY0QXYtMIUZM0vZWWNB51R3wSJiN+PkDSgucUpkCAAA=[0m20:33:37,231 |-WARN in ch.qos.logback.core.rolling.RollingFileAppender[ROLLING] - To ensure compatibility, wrapping your layout in LayoutWrappingEncoder.
[8mha:AAABrx+LCAAAAAAAAACFkUFP2zAUxx/dyqodxw0JyRIau6xOaAts5VRCUyGFIrUSCFUcTOImAdcOtjN12rSvsusO25fZN9gJTdO+A3ZTgxAHng/+6fn9/+8f5ed/qCsJW1mZKMFxwco05woTrvJYMCFxz1BgaSg0hapWalCLoLEYOCaFhndRpfeWeu9e793rzeB+BC8ToomGN9EV+UQ8RnjqjbXMebo/l7C+TBELrgSjOKjux5thXpjAb58PbBb++9EQf87HtzV4MYH6ZboIuzZ5uty8Tu3rDXyDVZOSkxm1XJsXpXQKbBV4qfj1+/T278aXwSKQSdbQ8GqzE9hjKQx9U5Z833LVc9TZ/dA66Li5MHRzFYWLKu3+hnP2fecXHD44W656jrb7H5d+thMcurmK+jv2aKjPNZUzDd9bfrfd7rb33rfa2+hr86w3GqKcozjDN0JhJtJLEl+b/yEploIx8+F4VN1hzmivKChPqJyMTqLoaDi4QE00phQRpgTKtC66nuc8rF+cebFIqMKZnrFNRj6LUh9xpSlJTqZ9bt8kmgqJEqpJztTrO6MmEM6eAgAA[0m20:33:37,231 |-WARN in ch.qos.logback.core.rolling.RollingFileAppender[ROLLING] - See also http://logback.qos.ch/codes.html#layoutInsteadOfEncoder for details
[8mha:AAABrB+LCAAAAAAAAACFkU9LwzAYxl+n0+FRb4IQEPWiad3mv3ma3SqDWmFDQYZI7GKtdklNUhkofhTPHvTL+A08iYjfwWRdFfFgcsiPN8/zvk+bp08oSgFLF2lPcoaTOA0jJjFhMgp4zAWua3IM+VxRyNZYAQoelIaCfZIoWPYyvzXyW99+69uvhTseTPSIIgpmvEtyQ6yYsNDqKBGxcGcgYG6UIuBM8phiJzt/T4ZBogMv/h9YD/x4LPHX485bAca7UDwLh2Fnu3+H69tzc3sN9zCpUzLSp4YLgyQVuQMbBx45nl+O3t7nb/eGgXSykoKphapjtiHXtfUyZNuGs1pO1Y2t8m4117lursvIHa7UzC/lnW077+c0fjobzmo5rTW3R/1MxWnkuoya62YrKA4UFX0FD2W7VqnUKpsr5coaultt+e4BihgKLvA1lzjm4RkJrvR7CIoFj2P94bidnW4U03qSUNajots+8LyWv3eCVlE9UNENRdqKzrUEmT9ZQwHvY5kyTIjE+rkUYQFtc65OW53TQ7/RdFt+s2Fpk7QkJULP1zz9BSVsKIudAgAA[0m20:33:37,231 |-INFO in ch.qos.logback.core.rolling.RollingFileAppender[ROLLING] - Active log file name: com.sun.aas.instanceRoot_IS_UNDEFINED/logs/search.log
[8mha:AAABrx+LCAAAAAAAAACFkc9KAzEQxsdqtXjUmyAERL1odm3rv3rSbVcK6wotClJE4jauq9tkTbJSUXwYTx70ZXwDTyLiO5h0u4p4cOaQH5P5Zr6Qp08oSgEL52lXcoaTOA0jJjFhMgp4zAXe1uQY8rmikMVIAQoelAYNeyRRsOhlemuot7711rdeN255MNYliiiY8i7INbFiwkKrrUTEwq2+gJmhi4AzyWOKnez8vRn6iTY8/79hvfDjscRfj9pvBRjtQPE0HJid7vxdrm/PzO0V3MO4dslIjxou9JNU5ApsFHioeH45fHufvd0dGNLOSgom5qqOSUOua+swZNuGs1pO1bWN8k4173PdvC8jdxCp2V/KJ9t2Ps+p/0w2nNVyWmlsDueZilPP+zJqrJpUUOwrKnoKHsp2rVKpVdaXypUVdLfc9N19FDEUnOMrLnHMw1MSXOr/EBQLHsf64biVnW4U0+0koaxLRae173lNf/cYLSNTR4ngCRXqBkUSSaqQ4qgT8B6WKcOESKx/TBEW0Bbn6qTZPjnw6w236Tfqll4pLUmJ0BY0H09+AUDvGlehAgAA[0m20:33:37,231 |-INFO in ch.qos.logback.core.rolling.RollingFileAppender[ROLLING] - File property is set to [com.sun.aas.instanceRoot_IS_UNDEFINED/logs/search.log]
[8mha:AAABhx+LCAAAAAAAAACFkM1KAzEUha/V6uBSd4IQEHVjM2Nb/1d22inCqIuiIK5iGqej02SapFJQfB4X+jK+gasi4juYzHQUceHNIh8359x7yPMnlJWEtd6wqwTHaTKMYq4w4SqmIhESHxryLZ0IzSCvqRKUQnAywTFJNayHud+d+N1vv/vtN8KDEGa6RBMNC+ENuSNuQnjkdrSMeXQwkrA0SUEFVyJh2M/v35thlJrAq/8HNgs/nhzxdtEZl2D6EspXURZ28fLvcvN6bV8H8AizJiUnfWa5NEqHsnBg68ATx8vr+fh9+b6dBTLJHA1zK3XfHktB4Jmy5HmW815B9e3daqNe6IKg0OUUZDW0+51isucV8/zmz2TLea+gzdbeZJ7t+M1Cl1Nryx4N5ZFmsq9hUPX2a7X92s5GtVZHD5Wjk+AUxRzRHh4IhRMRXRF6i2lClPlefCMk4ZhQHZufD9kdSw4zRhVERR9Lo1UpoQwrRiTtocRKkGIaaYGarcZZe/4LQZP5OXACAAA=[0m20:33:37,234 |-INFO in ch.qos.logback.classic.joran.action.LevelAction - com.rackspace.search level set to DEBUG
[8mha:AAABfx+LCAAAAAAAAACFkM1Kw0AUha/VanGpO0EYEHVjJ7GJf+2qTZsixBasCtLVNI1pajqTJpNSUHweF/oyvoGrIuI7OJM0FXHhncV83Dnn3sO8fEE+CmFvEPcjRnHgx65HI0xo5NnMZyGuCjIktRh3IK2lHOQsKCSCCxJw2LdSvzL3Kwu/svALYcWClT7hhMOGNSQToviEukqHhx51K9MQtuYpbEYj5jvYSO/fm2EaiMC7/wcWCz+fC+z9tjPLwXIX8j03CbvZ/btcvN7J1zE8wapIScnIkZybBnGYObB04Lnj9e1m9rH90EwCiWQFDms7uiGPJNNURUlSVclpLyP9+LRU0zOdaWa6lMykYrm/kE1W1WyeUf+ZLDntZXTYOJvPkx2jnulSahzJwyE/5U444kBKalnTytrJQUnT0WPxvGW2kUeRPcBjFmGfuT1i32PbJ5H4XjxkIaGY2NwTP285E8evJoyK6LLdvkK+bKHI4YgzVG/Urpvr33vztNRgAgAA[0m20:33:37,234 |-INFO in ch.qos.logback.classic.joran.action.LevelAction - ROOT level set to DEBUG
[8mha:AAABlB+LCAAAAAAAAACFkc1Kw0AQx8dqtXjUmyAsiHqxm9jWz55qaqQQW6giSOlhm65parobN1spKPo6HvRlfANPRcR3cDcfinhw9pAfM/Of+TN5/oR8JGBjMO5HnOEwGHs+izBhke/ygAtcU2RpanJJIYmZHOQcKMQNpySUsOkkeiPVG99641uvGqsOzPWJJBKWnCG5JUZAmGecSeEzrzoRsJK6cDmLeECxlXx/b4ZJqAyv/29YLfx4KvC3y7NpDmY7kO95sdnlzt/lqnqlqzfwAPPKJSMjqjk3CcciU2CtwKni5fVi+r56dxIbUs4KEhbWKpZ+mmzbVKHJNDUnuYwqu/ulo0rWZ9tZX0J2HGO9v5BNNs1snlX/maw5yWW0fXyQztMZq571JXS8o5+E/ERSMZLwWDIPy+XD8t5WqVxB98VG024hnyF3gG94hAPu9Yh7rf6HoHjIBWGYuNJXZ6+FIWV9Ktr0qhZnUBHVpCTuQN0GkbSK9Bn7qNNuOU6jedJFkiOHex4VKtU67y5+AbEHlMx+AgAA[0m20:33:37,234 |-INFO in ch.qos.logback.core.joran.action.AppenderRefAction - Attaching appender named [ROLLING] to Logger[ROOT]
[8mha:AAABMR+LCAAAAAAAAACFjrFOwzAQhq+BQMQIGxITAjY7oIBAnSBtWAJLJSTUybQhBKV2cJwqEhLPw9C+DG/AVCHEO+CL4yLEwN3gT+f/v/tnX+CWEvYfqnEpOCnyKs14SRgvs5HIhSTnmkKka6ESMNVxwInBawRXrFBwEBs/bf106adLvxZ2Y1gdM8UUbMaPbMpoznhKB0pmPO3WErbbFCPBS5EnJDTv78tQFzrw3v+B9cHPV0+83w4WDqwMwb1Lm7Bbw7/H9e89/j7BC6zplJxNEmSnLippHQQdpHXM324WHzvPl00gncxTsL4bhNhIUeTrQvJ9ZDOzFJycHl0EVhdFVmcoaqrC+57d7Pt2X9j72YxsZpYO+2ftPpyEPasz1D/GVuDWKpETBZ2Nbxim58gAAgAA[0m
[8mha:AAABZR+LCAAAAAAAAACFjs9Kw0AQxsdoNXjUmyAERL2UJA31X3vStPFg9FIRpKe1XWM03Y27GwkIPo8HfRnfwFMR8R3czWYr4sGZw/6Y/b6Z7+ULGpzB1k0x5pS4eVYkKeEuIjwd0Ywy91BSqOiMCgy65iywYrArwSnKBWzH2u/Vfm/m92Z+KezGsDBGAglYiW/RA/IyRBJvIFhKkm7JYK1OMaKE0wy7oX5/X4Yyl4E3/w8sD34+2/T9cjC1YH4IjaukCrs6/Htc/l6r33t4gkWZkqAJVmyVecGMw1UOt3a8vl1MP9Yfj6tAMpktYGmjHapWFEW+LEW+r1jPDLV394OjttFFkdFpiqoq1H3bbPZ9sy/s/WxWrGeGWv2Dep+ahD2j09TfUS2gUQrMJgJOzjEX3GEF6ThB04lQmhUM847jN50+Y5RpHNyleY7HFZ+nE+zgDOVcDYLA3WsFDsej5W8gaKXpSgIAAA==[0mTests run: 2, Failures: 0, Errors: 0, Skipped: 0, Time elapsed: 22.712 sec
[8mha:AAABXh+LCAAAAAAAAACFkUFLwzAUx5/VafGoN0EQRL2lVaooA2F26y7VgxNBdopd7KZdUpNUK4Kfx4N+Gb+BpyHidzBpmol48OXQHy///3v/kpcvaAgOm8NiIBhFeVakIyoQpmKUsIxx1FIUajphkoCpGQecGNxKcIxzCVux8Xu135v6valfCZsxzA2wxBKW4mt8h70M09TrST6iabPksFKnSBgVLCMoNN/fm6HMVeCN/wOrhZ/PLnu/6E0cmO1D4zKtwi73/y5Xt1f69haeYF6lpHhMNDtlXnDrQNqBasfr2/nkY/WxWwVSyVwJC+tBqI+mKPJVafJ9zaZnKdjb3zkKrC6KrM5QVFWh97t2su/beWH7Z7Jm07O03Tmo5+lO2LY6Q51dfSQ0Skn4WMLhaUGp+pu1hI0Rx8mNyHFCkCCYJ0OUYknu8YN6Dq7fgpNWIYdd0zwjQi5+A48TGAA9AgAA[0mRunning com.rackspace.search.gateway.core.CoreAuthGatewayTest
[8mha:AAABYx+LCAAAAAAAAACFjsFKw0AQhsdoNXjUmyAERL2UJJYotT1p2ggSvbQI0tParjGa7sbdjQQEn8eDvoxv4KmI+A7uZrMV8eDMYT9m/3/mf/mCBmewc1NMOCVunhVJSriLCE/HNKPMPZIUKjqnAoOuBQusGOxKcIZyAbux9nu135v7vblfCrsxLE2QQALW4lv0gLwMkcQbCJaSpFsy2KhTjCnhNMNuqN/fl6HMZeDt/wPLg5/PNn2/HMwsWBxB4yqpwq6P/h6Xv9fq9x6eYFmmJGiKFVtlXjDjcJXDrR2vbxezj83HkyqQTGYLWNkKQtWKosiXpcj3FeuZoeCg3ToOjC6KjE5TVFWh7ttms++bfWHvZ7NiPTO01z+s96lJ2DM6Tf191QIapcBsKuB0iLngDitIx2k1nQilWcEw7zh+0+kzRpnGwV2a53hS8TCdYgdnKOfVwA3agcPxePUbQMoBiUkCAAA=[0mTests run: 2, Failures: 0, Errors: 0, Skipped: 0, Time elapsed: 0.484 sec
[8mha:AAABXx+LCAAAAAAAAACFkUFLwzAUx5/VafGoN0EQRL2lVaYoXtRu3aV6cEOQnWIXu7ouqUmqFcHP40G/jN/A0xDxO5g0zUQ8+HLoj5f//71/ycsXNASHzWExEIyiPCuSlAqEqUhjljGOjhUFms6YJGBqxgEnArcSnOJcwlZk/F7t96Z+b+pXwsMI5gZYYglL0Q2+w16GaeJ1JU9pclhyWKlTxIwKlhEUmO/vzVDmKvDG/4HVws9nl71fdicOzPahcZVUYZf7f5er22t9ewtPMK9SUjwmmp0yL7h1IO1AteP17WLysfrYqQKpZK6EhfVmoI+mMPRVafJ9zaZnqbm3v3PStLowtDpDYVWF3u/ayb5v5wWtn8maTc/Sdvugnqc7QcvqDLV39ZHQKCXhYwlH5wWl6m/WYjZGHMcjkeOYIEEwj4cowZLc4wf1HFy/BSe9NB4R2THtHhFy8Rshky2yPwIAAA==[0mRunning com.rackspace.search.gateway.core.CoreTicketGatewayTest
[8mha:AAABYx+LCAAAAAAAAACFjsFKw0AQhsdoNXjUmyAERL2UJJW0qD1p2ggSvbQI0tParjGa7sbdjQQEn8eDvoxv4KmI+A7uZrMV8eDMYT9m/3/mf/mCBmewc1NMOCVunhVJSriLCE/HNKPMPZIUKjqnAoOuBQusGOxKcIZyAbux9nu135v7vblfCrsxLE2QQALW4lv0gLwMkcQbCJaSpFsy2KhTjCnhNMNuqN/fl6HMZeDt/wPLg5/PNn2/HMwsWBxB4yqpwq6P/h6Xv9fq9x6eYFmmJGiKFVtlXjDjcJXDrR2vbxezj83HkyqQTGYLWNkKQtWKosiXpcj3FeuZoaCzv3ccGF0UGZ2mqKpC3bfNZt83+8Lez2bFemao1T+o96lJ2DM6Tf22agGNUmA2FXA6xFxwhxXk0AmaToTSrGCYHzp+0+kzRpnGwV2a53hS8TCdYgdnKOfVwG13Wg7H49VvuViDfUkCAAA=[0mTests run: 4, Failures: 0, Errors: 0, Skipped: 0, Time elapsed: 0.561 sec
[8mha:AAABaR+LCAAAAAAAAACFkc1Kw0AUha/RanCpO0EQRN1NolRRuqpp4yb+YIsgXY3TMY1NZ+LMRAKCz+NCX8Y3cFVEfAdnkkxFXHhnkS93zrn3hLx8QUMK2B7lQ8kZytI8TphEmMmE8JQL1NYUGDrjikJVcw44Ebil4BRnCnaiyu/Vfm/m92Z+LWxFsDDECitYie7wA/ZSzGKvp0TC4lYhYK1OQTiTPKUoqJ6/N0OR6cBb/wfWCz+fXf5+3Zs6MD+Axk1chl0d/F2ub2/N7T08waJOyfCEGnaKLBfWgYwD1Y7Xt6vpx/rjSRlIJ3MVLG02A3MMhaGvy5DvG656lpoHh3vHTasLQ6urKCwrN/tdO9n37byg8zPZcNWztNs9queZTtCxuoq6++YoaBSKiomC88ucMf01G4RPkMBkLDNMKJIUCzJCNMVSJaR+I2lCmdL/RNB+QsZUXQhOqJRctIniok+lWv4GfNBEBE4CAAA=[0mRunning com.rackspace.search.elasticsearch.client.CoreTicketProcessorActorTest
[8mha:AAABZB+LCAAAAAAAAACFjsFKw0AQhsdoNXjUmyAERL2UJGortj1p2ggSvbQI0tParjGa7qa7GwkIPo8HfRnfwFMR8R3czWYr4sGZw37M/v/M//IFNc5g5zYfc0rcLM3jhHAXEZ6MaEqZeywpUHRBBQZdCxZYEdil4BxlAnYj7fcqvzf3e3O/FHYiWBojgQSsRXfoAXkpIrHXFywhcadgsFGlGFHCaYrdQL+/L0ORycDb/weWBz+fbfp+1Z9ZsDiE2nVchl0f/j0uf2/U7xSeYFmmJGiCFVtFljPjcJXDrRyvb5ezj83H0zKQTGYLWNlqBKoVhaEvS5HvK9YzQ43Do/2ThtGFodFpCsvK1X3bbPZ9sy/o/mxWrGeG9nqtap+aBF2j09RrqhZQKwRmEwFnA8wFd1hO2s5B3QlRkuYM87bj150eY5Rp7N8nWYbHJQ+SCXZwijJeDly/2XI4Hq1+A3jcsYBJAgAA[0mTests run: 3, Failures: 0, Errors: 0, Skipped: 0, Time elapsed: 0.059 sec
[8mha:AAABZR+LCAAAAAAAAACFj7FOwzAQho9CIWKEDQkJCQGbE1BBoE40bVgCAwUk1Mm4Jg2kdrAdFITE8zDAy/AGTBVCvAN2HBchBs5DPv++/+7Pyxc0pYDNUTGUnKE8K5KUSYSZTAnPuECHmkJDJ1xRsDXTgEYMXtVwjHMFW7H1+7Xfn/r9qV83tmOYG2KFFSzFN/ge+xlmid9XImVJuxSwUqcgnEmeURTa7+/NUOY68Mb/gfXCz2ePv1/2Jw2YHUDzKqnCLg/+Ltev1+b1Dp5gXqdkeEwNN8q8EM6BjAPVjte3i8nH6uNRFUgn8xQsrLdCcwxFUaDLUBAYtpqj1t7+Tqfl+qLI9VmKqirMfs9NDgI3L+z+TDZsNUfbvYN6nlHCruuz1Ns1R0GzVFSMFZyfFozpv1kjfIwEJrcyx4QiSbEgI0QzLFVK6hvJUsoU6lmxX4lhpUWYKC4eOhSzMyrV4jdjihW8VAIAAA==[0mRunning com.rackspace.search.elasticsearch.client.ElasticSearchClientFactoryBeanTest
[8mha:AAABYx+LCAAAAAAAAACFjsFKw0AQhsdoNXjUmyAERL2UJGoj2p40bUSIXloE6Wlt1xhNd+PuRgKCz+NBX8Y38FREfAd3s9mKeHDmsB+z/z/zv3xBgzPYuinGnBI3z4okJdxFhKcjmlHmHkkKFZ1TgUHXnAVWDHYlOEO5gO1Y+73a78383swvhZ0YFsZIIAEr8S16QF6GSOL1BUtJ0ikZrNUpRpRwmmE31O/vy1DmMvDm/4Hlwc9nm75f9qcWzA+hcZVUYVeHf4/L32v1ew9PsChTEjTBiq0yL5hxuMrh1o7Xt4vpx/rjSRVIJrMFLG20QtWKosiXpcj3FeuZodb+we5xy+iiyOg0RVUV6r5tNvu+2Rd2fzYr1jNDO73Dep+ahF2j09QLVAtolAKziYDTAeaCO6wgbWev6UQozQqGedvxm06PMco09u/SPMfjigfpBDs4QzlXg8ANAofj0fI3+ngI/0gCAAA=[0mTests run: 3, Failures: 0, Errors: 0, Skipped: 0, Time elapsed: 5.55 sec
[8mha:AAABWh+LCAAAAAAAAACFkcFKxDAQhsfqavGoN0EQRL2lVVZR9uR2t16qB1cE2VPMxm61m9QklYLg83jQl/ENPC0ivoNJ06yIByeHfp38/8xf+vIFLSlge1yOJGeoyMs0YxJhJjPCcy7QsabI0BlXFGzNeeAl4NeCU1wo2EmsP2j8wcwfzPxa2ElgYYQVVrCS3OIHHOSYpcFAiYylnUrAWpOCcCZ5TlFkn783Q1XowFv/B9YLP599/n41mHowP4TWdVqHXR3+Xa5vb8ztPTzBok7J8IQa9qqiFM6BjAM1jte3y+nH+uNJHUgn8xUsbbYjcwzFcajLUBgatj1H7YPDvW7b6eLY6SzFdZVmv+8mh6GbF/V+Jhu2PUe7/aNmnulEPaez1N83R0GrUlRMFHTOS8b012wQPkECkztZYEKRpFiQMaI5liojzRvJM8qU/ieCXlCplr8BoYmQDDoCAAA=[0mRunning com.rackspace.search.elasticsearch.client.CoreTest
[8mha:AAABYB+LCAAAAAAAAACFjkFLwzAUx5/VafGoN0EoiHqRNpMp6k7arYJULxuC7BS3WKtd0iWpFAQ/jwf9Mn4DT0PE72DSNBPx4Mshv7z8/+/9X76gIThs3RYjwaifZ0WSUuFjKtIhyxj3jxWFmi6YJGBqzgEnBrcSnONcwnZs/EHtD2b+YOZXwnYMCyMssYSV+A4/4CDDNAl6kqc0aZcc1uoUQ0YFy4gfmvv3ZihzFXjz/8Bq4eezy96velMH5gfQuE6qsKuDv8vV743+ncATLKqUFI+JZqfMC24dvnb4teP17XL6sf54WgVSyVwJSxutUB9NUYRUaUJIs+lZau0f7J60rC6KrM5QVFWh97t2MkJ2Xtj5mazZ9Cw1u4f1PN0JO1ZnqLunj4RGKQkfSzjrEyGFxwt65KEdL8JpVnAiqkeXc8YN9u7TPCejivvpmHgkw7moGj5CTU+Q4fI31s4Pz0kCAAA=[0mTests run: 0, Failures: 0, Errors: 0, Skipped: 0, Time elapsed: 0.001 sec
[8mha:AAABXR+LCAAAAAAAAACFj8FKxDAQhsfqavGoN0EQRL2lVVZR9qTdrSDVgyuC7ClmY7faTWqSSkHweTzoy/gGnhYR38GkaVbEg5NDv/yZf+bvyxe0pIDNUTmUnKEiL9OMSYSZzAjPuUCHmiJDZ1xRsDXjgZeAXzec4kLBVmL9QeMPpv5g6teNnQTmhlhhBUvJLX7AQY5ZGvSVyFjaqQSsNCkIZ5LnFEX2+3szVIUOvPF/YL3w89nn71f9iQezA2hdp3XY5cHf5fr1xrzewxPM65QMj6lhrypK4RzIOFDjeH27nHysPh7XgXQyX8HCejsyx1Ach7oMhaFhqzlq7+3vHLVdXxy7PktxXaXZ77vJYejmRd2fyYat5mi7d9DMM0rUdX2WervmKGhVioqxgpPzkjH9N2uEj5HA5E4WmFAkKRZkhGiOpcpIcyN5RplCPSv2azGqtQsq1eI3bhR0LkkCAAA=[0mRunning com.rackspace.search.elasticsearch.client.ElasticSearchClientTest
[8mha:AAABZR+LCAAAAAAAAACFjsFKw0AQhsdqNXjUmyAERL2UJNYYtD1p2ngweqkI0tParjGa7sbdjQQEn8eDvoxv4KmI+A7uZrMV8eDMYT9m/3/mf/mCJmewdVOMOSVOnhVJSriDCE9HNKPMOZQUKjqjAoOuuQY0YrAqwSnKBWzH2u/Wfnfmd2d+KezGsDBGAglYiW/RA3IzRBJ3IFhKkm7JYK1OMaKE0ww7oX5/X4Yyl4E3/w8sD34+W/T9cjBtwPwQmldJFXZ1+Pe4/L1Wv/fwBIsyJUETrLhR5gUzDkc5nNrx+nYx/Vh/PK4CyWSWgKUNP1StKIo8WYo8T7GeGfKD/faRb3RRZHSaoqoKdd8ymz3P7At7P5sV65mhnf5BvU9Nwp7RaervqRbQLAVmEwEn55gLbrOCdOygZUcozQqGecf2WnafMco0Du7SPMfjis/TCbZxhnKuBm3f2Q0Cm+PR8jeS1oBvSgIAAA==[0mTests run: 6, Failures: 0, Errors: 0, Skipped: 0, Time elapsed: 24.366 sec
[8mha:AAABMR+LCAAAAAAAAACFjrFOwzAQhq+BQMQIGxITAjY7oIBAnSBtWAJLJSTUybQhBKV2cJwqEhLPw9C+DG/AVCHEO+CL4yLEwN3gT+f/v/tnX+CWEvYfqnEpOCnyKs14SRgvs5HIhSTnmkKka6ESMNVxwInBawRXrFBwEBs/bf106adLvxZ2Y1gdM8UUbMaPbMpoznhKB0pmPO3WErbbFCPBS5EnJDTv78tQFzrw3v+B9cHPV0+83w4WDqwMwb1Lm7Bbw7/H9e89/j7BC6zplJxNEmSnLippHQQdpHXM324WHzvPl00gncxTsL4bhNhIUeTrQvJ9ZDOzFJycHl0EVhdFVmcoaqrC+57d7Pt2X9j72YxsZpYO+2ftPpyEPasz1D/GVuDWKpETBZ2Nbxim58gAAgAA[0m
[8mha:AAABOR+LCAAAAAAAAACFjsFKxDAQhsdqtexRb4IgiHpLq1RR96TdrZfqwQVB9hR3a610k5qkUhB8Hg/6Mr6Bp0XEdzDTNCviwZlDPib/P/O/fIErBWzdVmPJGSmLKsuZJJTJfMQLLsixpgjpnKsUTM054CTgNYIzWirYTozfb/3+zO/P/FrYTWBhTBVVsJzc0QfqF5Rl/kCJnGXdWsBqm2LEmeRFSiLz/r4MdakDb/4fWB/8fPb4+9Vg6sD8ENzrrAm7Mvx7XP/e4O89PMGiTsnoJEV26rIS1kHQQVrH69vl9GPt8bQJpJN5CpY2wggbKY4DXUhBgGxmlsL9g92T0Ori2OoMxU1VeN+zm4PA7ot6P5uRzczSTv+w3YeTqGd1hvp72ArcWqVioqBzkcqqUHL9qPMNuwXJUgkCAAA=[0mResults :
[8mha:AAABMR+LCAAAAAAAAACFjrFOwzAQhq+BQMQIGxITAjY7oIBAnSBtWAJLJSTUybQhBKV2cJwqEhLPw9C+DG/AVCHEO+CL4yLEwN3gT+f/v/tnX+CWEvYfqnEpOCnyKs14SRgvs5HIhSTnmkKka6ESMNVxwInBawRXrFBwEBs/bf106adLvxZ2Y1gdM8UUbMaPbMpoznhKB0pmPO3WErbbFCPBS5EnJDTv78tQFzrw3v+B9cHPV0+83w4WDqwMwb1Lm7Bbw7/H9e89/j7BC6zplJxNEmSnLippHQQdpHXM324WHzvPl00gncxTsL4bhNhIUeTrQvJ9ZDOzFJycHl0EVhdFVmcoaqrC+57d7Pt2X9j72YxsZpYO+2ftPpyEPasz1D/GVuDWKpETBZ2Nbxim58gAAgAA[0m
[8mha:AAABUx+LCAAAAAAAAACFjsFKxDAQhsfqavGoN0EoiHqRtpZVdPek3dZL9VIRZE9xN9ZqN6lJKgXB5/GgL+MbeFpEfAeTplkRD04O+TL5/5n/5Qs6nMHWTTXmlLhlUWU54S4iPB/RgjL3SFKo6IwKDLrmLLASsBvBKSoFbCfa77V+b+b3Zn4p7CewMEYCCVhJbtED8gpEMi8VLCdZv2aw1qYYUcJpgd1Q3783Q13KwJv/B5YLP59t+n6ZTi2YH0LnKmvCrg7/Lpe/1+r3Hp5gUaYkaIIVW3VZMeNwlcNtHa9vF9OP9ceTJpBMZgtY2uiG6iiKY1+WIt9XrHuGuvsHwXHX6OLY6DTFTVVqv20m+76ZFw5+JivWPUO70WE7T3XCgdFpivbUEdCpBWYTAcE55oI7rCI9J/B3nBjlRcUw7znyETFGmcb0Li9LPJa8/A3azA4QMQIAAA==[0mTests run: 20, Failures: 0, Errors: 0, Skipped: 0
[8mha:AAABMR+LCAAAAAAAAACFjrFOwzAQhq+BQMQIGxITAjY7oIBAnSBtWAJLJSTUybQhBKV2cJwqEhLPw9C+DG/AVCHEO+CL4yLEwN3gT+f/v/tnX+CWEvYfqnEpOCnyKs14SRgvs5HIhSTnmkKka6ESMNVxwInBawRXrFBwEBs/bf106adLvxZ2Y1gdM8UUbMaPbMpoznhKB0pmPO3WErbbFCPBS5EnJDTv78tQFzrw3v+B9cHPV0+83w4WDqwMwb1Lm7Bbw7/H9e89/j7BC6zplJxNEmSnLippHQQdpHXM324WHzvPl00gncxTsL4bhNhIUeTrQvJ9ZDOzFJycHl0EVhdFVmcoaqrC+57d7Pt2X9j72YxsZpYO+2ftPpyEPasz1D/GVuDWKpETBZ2Nbxim58gAAgAA[0m
[8mha:AAABTR+LCAAAAAAAAACFj8FKxDAQhsdqtXjUmyCsiHprq6yi7GntbkWte7AgyOIhtrGudJOapFIQfB4P+jK+gadFxHcwaZoV8eDkkI/J/8/8efkCmzPYvC1TTolb5GU2ItxFhI8SmlPmdiUFigZUYNA1Y4EVgVMLzlAhYCvSfq/xe1O/N/VLYSeCuRQJJGApukMPyMsRybxYsBHJOhWDlSZFQgmnOXYDff/eDFUhA2/8H1gu/Hx26PtlPLFgdgj2dVaHXR7+XS5fb9TrPTzBvExJ0BgrtqqiZMbhKofbOF7fLiYfq49HdSCZzBGwsN4O1FEUhr4sRb6vWPcMtff2dw7bRheGRqcprKtU+x0z2ffNvKD3M1mx7hna7h8081Qn6Bmdpv6uOgLsSmA2FrA2POkPTo8H8VXrHCeUpfJnLYG5aDHMy1zwxW9i5kciIAIAAA==[0m[JENKINS] Recording test results
[8mha:AAABOR+LCAAAAAAAAACFjsFKxDAQhsdqtXjUmyAIot7SKlWUPbndrQh1PSwIUjzE3Vor3aSmqRQEn8eDvoxv4GkR8R3MNM2KeHDmkI/J/8/8L19glwK2b6txyRkp8irNWEkoK7MRz7kgx4oCpAGXCeias8CKwGkEZ7SQsBNpv9v63ZnfnfmVsBPBwphKKmEluqMP1M0pS92hFBlLO7WAtTbFiLOS5wkJ9Pv7MtSFCrz1f2B18PPZ4e+Xw6kF8zHY12kTdjX+e1z93uDvPTzBokrJ6CRBtuqiEsZB0EFax+vbxfRj/fGkCaSSORKWNv0AGykMPVVInoesZ4b8g8O9rm90YWh0msKmKrzvmM2eZ/YFvZ/NyHpmaLd/1O7DSdAzOk39fWwJdi0TMZHgxKeD8PxqY/kbaqkK+wcCAAA=[0m[INFO] 
[8mha:AAAB4R+LCAAAAAAAAACFkctu00AUhodAIGIJOyokS6hcFPmS4FCTqhLxJLbSmsRVwCK1upg4jmPXl2CPjQMSz8MCXqZvwKpCiHdgxs4UIRacWfibM+c//y/56y/QzFLweJ0vsyQWNmHu+XEmoDjznSRMUmFACFKaJNgFdd1ogIYBWtXAa7TB4IlR68WdXrzWi9d6MnhogFtLhBEG94wAFUgMUeyJM5z6sXdYpuDBLoWTxFkSugKsv387g3JDAu//PzAx/PmllXyfz64a4KYNmguvCnvf/tecvK7o63vwGdwmKWMUuZQb5SZPmUKgCmGn+HZpXf14+EmvApFkLQzuPJIhPZQ0TSJFSZIo1z1G8gulq8psTtPYXE1aVTn1b7HNksT2weGfzZTrHqPO6OVuH+3AIZuradSjB4Nmid00wuDSHk+06Tm3ZyvRGvUHpOZq24ADVupC6SEVL/zx6SwKJidvZVNqF8fGSM47XmEGbmkMLfNjuRzpRRGdtd8d9M7cCyOcWqviTeAomnnsId33x/oJ8vWeuVXkYutYw04MB53ZlhgEEGrqKbS6B9NgXnkeHe3ZUsTzPBehwo35Dyjl69/c7wrP++TKPV26K5SHmL49415xmYtSZ80Rzd3fxh2x6NECAAA=[0m[INFO] [8mha:AAAAYB+LCAAAAAAAAABb85aBtbiIQSmjNKU4P0+vJLE4u1gvPjexLDVPzxdEGvvmZ+X75ZekLlOVfvTjc8FPJgaGiiIGKaiG5Py84vycVD1nCA1SyAABjCCFBQCV27OjYAAAAA==[0m--- maven-war-plugin:2.3:war (default-war) @ search ---
[8mha:AAABSB+LCAAAAAAAAACFkMFKxDAQhsdqtXjUiwjCgqi3tkoVZU9rdytCXYUFQYqHbLfWajeJaaoFwefxoC/jG3haRHwHk6ZZEQ9ODvmY/P/MT16+wCwYbF6Xo4Jgm+ZlmuHCRrjIYpITZncE+ZL6hCegasYAIwSrFpwgymErVH6n8TtTvzP1C2E7hLkR4ojDUniD7pGTI5w6A84ynLYrBqtNipjgguSJ7av792aoqAi88X9gsfDz2SLvF4OJAbMRmMO0Drsc/V0uXq/k6x08wbxIidE4kWxUtGTaYUuH3The384nH2uPR3UgkczisLDu+fJICgJXlCTXlax6mry9/Z1DT+uCQOsUBXWVcr+lJ7uunud3fyZLVj1N272DZp7s+F2tU9TblYeDWfGEjTmsRMf94PSydYbiWyT+MW09JENE6eI3T7JTuRcCAAA=[0m[INFO] Packaging webapp
[8mha:AAABkh+LCAAAAAAAAACFkc1Kw0AUha/VanGpO0EIiH8LM6lUUVzVaFSIrRARJBSZ1DGmTWfizLQWhD6PC30Z38BVEfEdnMlPRVx4ZzEfd+4594S8fEFZcFi7798KRs0k7ocRFSamImqzmHGzrsjW1GCSQFZTJSi5UEkHznEiYd3N9CjXo4keTfRq8MCFmVsssYQFt4MHGMWYhsiTPKLhwZDDUp6izahgMTHt7P69GYaJCrz6f2C18PO5wt6vvXEJpn0oB2EadtH/u1y93unXBxjBrEpJcY9oLg2TPi8UplaYueL17Wr8sfx0kgZSySoS5lZqtj6aHMdSpcmyNGe9gmq7e9uHtWLOcYq5jJy0+np/pXC2rMLPPvpx1pz1Cqoe7+d+umMfFXMZHe/oI6E8lIT3JIz8s4bTbBl1IUgviNV3GY8kwEli+IJg3r5vGRE1fDTAHMVRgDqEdvXv7bBAIC+d2DjHQpltokfGuyLBbYIE4YNI3RLzkEiUOW1ZZtW0boLqlteoX3inzcvW/Dd6utghfQIAAA==[0m[INFO] Assembling webapp [search] in [/var/lib/jenkins/jobs/Search(Master)/workspace/service/target/search-0.1.0_b1-SNAPSHOT]
[8mha:AAABSh+LCAAAAAAAAACFj8FKxDAQhsdqtXjUm6AURL21Vaooe9LuVoS6CguCFA+xW2uXblKTVAuCz+NBX8Y38LSI+A4mTbMiHpwc8jH5/5k/L19gMgqbt9WQEeyURZXlmDkIszwhBaHOoaBAUp/wFFTNGGBEYDWCU1Ry2IqU32397tTvTv1C2Ilgbog44rAUjdA9cguEM3fAaY6zTk1hpU2REMxIkTqBun9vhroUgTf+DywWfj5b5P1yMDFgNgbzOmvCLsd/l4vXG/l6B08wL1JiNE4lG3VZUe1wpMNpHa9vF5OP1cfjJpBIZnFYWPcDeSSFoSdKkudJVj1N/t7+zpGvdWGodYrCpiq539KTPU/PC7o/kyWrnqbt3kE7T3aCrtYp6u3Kw8GseUrHHNbik354dmWfU5KkjIl/2Q+I2iUlozThi9+LL6nHHQIAAA==[0m[INFO] Processing war project
[8mha:AAABVB+LCAAAAAAAAACFkc1KxDAUha/V0eJSd4JQEHXXVq1/zEo7UxHquBhQpMwiMxNrpU06TSoFwedxoS/jG7gaRHwHk6YZERfeLPJxc869B/LyBS1WwNZdOWaU2HlaxglhNiIsGdGUFvaJIF9Sj3IMquYMMEIwa8EFyjlsh8rvNH5n5ndmfiFsh7AwRhxxWAnv0QNyUkRip8+LhMTtqoC1JsWIEkZTbPvq/r0ZqlwE3vw/sFj4+WzS95v+1ID5CFrDuA67Gv1dLl5v5esEnmBRpCQow5KNKi8L7bClw24cr29X04/1x7M6kEhmclja8Hx5JAWBK0qS60pWPU3ewdHuqad1QaB1ioK6Srnf1JNdV8/zOz+TJauepp3ucTNPdvyO1inq7svDoVVxXGTi36LzXnA5sK7xEOW5hRjD2TDFYyshVrTnHVoZwyM2WP4GBPc1uiYCAAA=[0m[INFO] Webapp assembled in [347 msecs]
[8mha:AAABix+LCAAAAAAAAACFkd9KwzAUxo/T6fBS7wRhIP67WNLJFHVXW7eqsD9CRZAhkm2x69Y1NUm3guDzeKEv4xt4NUR8B5N1nYgXnlzkl+T7zvlKX74gLTjs9MKuYD4KvNBxfYGIL9wO8xhHJUWmpgaTFOJaSEGqBpmpoE4CCbu12I9nfjz347lfCYs1WOoSSSSs1fpkRLBHfAfbkru+U4w4bMxSdJgvmEeRGe+/J0MUqMDb/wdWAz+fM+z9xp6kYLEF6bYzDbve+jtcvd7r1wd4gmWV0idDqjkVBSFPHEg70Mzx+nY9+dh8PJsGUskyEla2CqZemizLUKXJMDTHdwkVjo4PyoVEZ1mJLiZrWqGen0k6G0bSz6z8dNYc3yWUr57M+ukbs5LoYqoe6iUhHUnKhxKC1kXDat5my6HrddVXZceEn2bxiHDsuW3cp/5A/80+awtsU8I7vb06Ecq7j8eMD0RAOhQLykeu2iXhDpXqqHU5A+WRcdfO5+xG6dI+b14h1Xv1G3yL4D1vAgAA[0m[INFO] Building war: /var/lib/jenkins/jobs/Search(Master)/workspace/service/target/search-0.1.0_b1-SNAPSHOT.war
[8mha:AAABOR+LCAAAAAAAAACFjsFKxDAQhsdqtXjUmyAIot7SKlWUPbndrQh1PSwIUjzE3Vor3aSmqRQEn8eDvoxv4GkR8R3MNM2KeHDmkI/J/8/8L19glwK2b6txyRkp8irNWEkoK7MRz7kgx4oCpAGXCeias8CKwGkEZ7SQsBNpv9v63ZnfnfmVsBPBwphKKmEluqMP1M0pS92hFBlLO7WAtTbFiLOS5wkJ9Pv7MtSFCrz1f2B18PPZ4e+Xw6kF8zHY12kTdjX+e1z93uDvPTzBokrJ6CRBtuqiEsZB0EFax+vbxfRj/fGkCaSSORKWNv0AGykMPVVInoesZ4b8g8O9rm90YWh0msKmKrzvmM2eZ/YFvZ/NyHpmaLd/1O7DSdAzOk39fWwJdi0TMZHgxKeD8PxqY/kbaqkK+wcCAAA=[0m[INFO] 
[8mha:AAAB5R+LCAAAAAAAAACFUc1u00AYXFICEUe4USFZQtCiyD+JHGpSVSLexFZak7gKWKQWh42zdez6J7XXlgMSz8MBXoYzF04VQrwDu3YchDgwe9jRtzPfjLSff4FmmoCnq2yZxpGwDjLXi1IBRannxEGcCAPKIGOTmGBQ4VYDNAzQKgWv0JqAA6Pyi1u/uPOLOz8VHhvg9hIRRMB9w0c5EgMUueKMJF7kHhcJeLht4cRRGgdYgNX9dzIo1rTwk/8XpoE/P7Xi7/PZTQPs2aC5cMuyD+x/w+nrJXu9Bh/BHdoyQiFmvFGss6R2CMwhbB1fvlo3Px590MtCtFmLgLuPZcgOY5omUTAmSYxXs5rJz5WuKtc6Tat1FdNKZCy/VW+WpHofHP7ZzHg1q1ln9GK7j03gsNZVbNRjh4BmQXASEvDNHk+06Ttu31bCFeoPKOZq24CDGupC6SGVLLzx+Sz0J2dvZFNq56fGSM46bm76uDCGlvm+WI70PA8v2m+Pehf4ygim1mX+2ncUzTx1ke55Y/0MeXrP3ChyvnGsYSeCg85sQwN8CDX1HFrdo6k/LzNPTvZtKeR5ngtRjiMepSkOF8GGr/663xW6/ZR+QYC5wxBd4Z3gGfeSSzFKnBVH3fd+A9IogSbbAgAA[0m[INFO] [8mha:AAAAYB+LCAAAAAAAAABb85aBtbiIQSmjNKU4P0+vJLE4u1gvPjexLDVPzxdEGvvmZ+X75ZekLlOVfvTjc8FPJgaGiiIGKaiG5Py84vycVD1nCA1SyAABjCCFBQCV27OjYAAAAA==[0m--- maven-assembly-plugin:2.2:single (make-assembly) @ search ---
[8mha:AAABiB+LCAAAAAAAAACFkc1Kw0AUha/VanGpO0EoiH+bTJQqaleaNiK0FSwIUlxM0rFNTWbizKRGBJ/Hhb6Mb+CqiPgOziSZirjwzmI+7txz7gl5+YKy4LAxTPqCUSsOk0FAhYWpCHwWMm4dK3I0dZgkkNdMCUotqGQDbRxL2GzlelTo0VSPpno1WG/BXB9LLGGpNcJjjEJMB6greUAH9ZTDSpHCZ1SwkFhOfv/eDGmsAq//H1gt/HyusPer7qQEsz0oe4Ms7HLv73L1eqNf7+AJ5lVKiiOiuZTGCTcKSyusQvH6djn5WH08zQKpZBUJC2s1Rx9Nrmur0mTbmvOeodr+we5Jzcy5rpnLyc0q0fsrxtm2jZ/T+HHWnPcM7TQPCz/dcRpmLqfmnj4SyqkkPJKQ9s467vl19YLgvvqoKhaCRF74UO0T4fMglowfVdEYcxQGHhoReqt/7oh5AnUJ5v5wq42FstpG94zfihj7BAnCx4G+uY8iHFBkTNWLllhpFC5+A9GzNsx3AgAA[0m[INFO] Reading assembly descriptor: /var/lib/jenkins/jobs/Search(Master)/workspace/service/src/main/assembly/search.xml
[8mha:AAABih+LCAAAAAAAAACFkU9LwzAYxl+n0+FRb4IwEP9dmipT1J20W0XYJjgQZHjIuqzr1iY1SWdF8PN40C/jN/A0RPwOJmszEQ8mh/x48z7P+4S8fEFRcNgaJD3BqBWHiR9QYWEqAo+FjFunihxNLSYJZGuuAIUGlKYNTRxL2G5kepTr0UyPZnrVWG3AQg9LLGGlMcRjjEJMfdSWPKB+NeWwlqfwGBUsJJaTnb8nQxqrwJv/B1YDP59L7P2mPSnAfAeKXX8adrXzd7i67evbO3iCRZWS4ohoLqRxwo3C0gorV7y+XU8+1h/Pp4FUspKEpY2Ko7cm17XV0mTbmrOaocrh0f5ZxfS5runLyJ2uRM8vGWfbNn5O7cdZc1YztFc/zv10xamZvozqB3pLKKaS8EhC2rlouZe35SuCe+pRZSwEibrhQ7lHhMeDWDJ+UkZjzFEYdNGQ0JH+3CHrCtQmmHuDnSYWymoX3TM+EjH2CBKEjwN9cg9FOKDImCL1rf3At9IoXP4GSPqMB3cCAAA=[0m[INFO] Reading assembly descriptor: /var/lib/jenkins/jobs/Search(Master)/workspace/service/src/main/assembly/config.xml
[8mha:AAABjR+LCAAAAAAAAACFkd9KwzAUxo/T6fBS7wRhIP67WNLJFHVXW7eqsD9CRZAhkm2xduuamqSzIPg8XujL+AZeDRHfwWRtJ+KFJxf5Jfm+c77Sly/ICg5bd2FfMB8FXui4vkDEF26PeYyjiiJTU4tJCnHNZSDTgNxU0CSBhO1G7MeJH8/8eOZXwnIDFvpEEgkrjQEZE+wR38G25K7vlCMOa0mKHvMF8ygy4/33ZIgCFXjz/8Bq4Odzjr1f2ZMMzHcg23WmYVc7f4er11v9eg9PsKhS+mRENWeiIOSpA2kHShyvb5eTj/XHk2kglSwnYWmjZOqlybIMVZoMQ3N8l1Lp4HCvWkp1lpXqYrKmFer5ubSzYaT9zNpPZ83xXUrF+lHST9+YtVQXU31fLwnZSFI+khB1zlpW+zpfDV2vr74qPyD8OI/HhGPP7eIB9Yf6bw5YV2CbEt6722kSoby7+IHxoQhIj2JB+dhVuyTcoVIdta5goCIybrrFgt2qnNun7YtCokNqxvI3IgXXancCAAA=[0m[INFO] Building jar: /var/lib/jenkins/jobs/Search(Master)/workspace/service/target/search-0.1.0_b1-SNAPSHOT-service.jar
[8mha:AAABkR+LCAAAAAAAAACFkc1KAzEUha/VanGpO0EoiH+LJlOponbVTjsq9EcYEaSIpG06nXY6GZNMWxR8Hhf6Mr6BqyLiO5h0OhVx4c0i3yTn3HuGvHxBUnDY6YZtwXwUeKHj+gIRX7gt5jGOCopMTTUmKUS1kIBEBVJTQZUEEnYrkR/P/Hjux3O/EuYrsNQmkkhYq/TIkGCP+A62JXd9Jz/msDFL0WK+YB5FZrT/ngzjQAXe/j+wGvj5nGLvN/YkAYsNSDadadj1xt/h6rajb+/hCZZVSp8MqObEOAh57EDagWaO17frycfm49k0kEqWkrCylTP10mRZhipNhqE5Oospd3R8UMzFOsuKdRFZ0wr1/FTc2TDifmbpp7Pm6CymbPlk1k+fmKVYF1H5UC8JybGkfCBh1LioWfXbdDF0vbb6q/SDG5ym8ZBw7LlN3KN+X79mjzUFtinhre5elQjl3ccjxvsiIC2KBeVDV+2ScIdK9al1GQNlkXHXzGbsWuHSPq9fZdSrdlwHqRGr3+bfmfZ2AgAA[0m[INFO] Building zip: /var/lib/jenkins/jobs/Search(Master)/workspace/service/target/search-0.1.0_b1-SNAPSHOT-config.zip
[8mha:AAABPh+LCAAAAAAAAABb85aBtbiIQS2jNKU4P0+vIKc0PTOvWC8xrzgzOT8nv0jPEchyBrH88ktSGSCAkYmByYeBA6zAN7GghEHdB6JfH6pfH65fH64fqNDah4ElJbEksYRByCcrsSxRPycxL10/uKQoMy/duqKIQQrqiuT8vOL8nFQ9ZwiNajNDRQHQwaqEHQy08PUKjvyHkcHPmRiYoxlYk9LBjhWOxrQcKJsGki1kqGNgA7oyLzE3FcRmqigoLYLp0APp0IPqWHsp7PlL2Wp3sIOALuMoYWBXNnEGQRDLzc0ACEAsAwMQGyIGY5mYWRg5mcDUubnB1EFYbmBQCrKfA2aygQHMPGcXhMkgNkQMxjJ0tYSaBxJxdoGpg7BcTUGwhIG1oiS1KLeEISDa08/NP1ZBl0qACwBzBPd0TwIAAA==[0m[INFO] ------------------------------------------------------------------------
[8mha:AAABRh+LCAAAAAAAAACFjsFKw0AQhsdoNHhUvAhCQdRbEiWK0pPdJFKI9RAqSPCwtjFG0t002UhA8Hk86Mv4Bp6KiO/gbjZbEQ/OHPZj9v9n/pcv0MsCdu+qcUmJmWdVkpLSxKRMRzSjhXnKCQkaUBaDrAUNtACMRnCOcwZ7gfRbrd+a+625nwu7ASyNMcMM1oJ7/ICtDJPEClmRkqRbF7DZphhRUtIsNpF8f1+GOueBd/4PzA9+Phv0/SqcabAYgX6TNGHXo7/H+e+t+J3CEyzzlARPYsFanVeFcpjCYbaO17fL2cfW41kTiCczGKxsO0i0IN+3eQmybcFypsg5Oj7oOUrn+0onyW+qEvcNtdm21T7k/mwWLGeK9r2Tdp+YIFfpJHmHohnoNYuLCYONqD/wL647vWE/cDvhECEvDFe/AYw5bAIUAgAA[0m[INFO] BUILD SUCCESS
[8mha:AAABPh+LCAAAAAAAAABb85aBtbiIQS2jNKU4P0+vIKc0PTOvWC8xrzgzOT8nv0jPEchyBrH88ktSGSCAkYmByYeBA6zAN7GghEHdB6JfH6pfH65fH64fqNDah4ElJbEksYRByCcrsSxRPycxL10/uKQoMy/duqKIQQrqiuT8vOL8nFQ9ZwiNajNDRQHQwaqEHQy08PUKjvyHkcHPmRiYoxlYk9LBjhWOxrQcKJsGki1kqGNgA7oyLzE3FcRmqigoLYLp0APp0IPqWHsp7PlL2Wp3sIOALuMoYWBXNnEGQRDLzc0ACEAsAwMQGyIGY5mYWRg5mcDUubnB1EFYbmBQCrKfA2aygQHMPGcXhMkgNkQMxjJ0tYSaBxJxdoGpg7BcTUGwhIG1oiS1KLeEISDa08/NP1ZBl0qACwBzBPd0TwIAAA==[0m[INFO] ------------------------------------------------------------------------
[8mha:AAABSx+LCAAAAAAAAACFjsFKw0AQhsdoNHjUm1AoiHrbJBJLbU+aNiLEeqgIEjysbYyRZDdNNhIQfB4P+jK+gaci4ju4m81WxIMzh/2Y/f+Z/+UL9CKH3btyWlCCsqSMYlIgTIp4QhOaoyNOrqARZSHIWtJA88GoBWc4Y7DnS7/Z+M2F31z4ubDvw8oUM8xgw7/HD9hMMInMMctjEvWrHLaaFBNKCpqEyJXv78tQZTzwzv+B+cHPZ4O+X43nGiwHoN9EddjN4O9x/nsrfmfwBKs8JcFpKFirsjJXDiQcqHG8vl3OP1qPJ3UgnsxgsLbtuKIFeZ7FS5BlCZYzRU6nu3/sKJ3nKZ0kr65S3DfUZstS+9zBz2bBcqbIHh42+8TEHSidpOGBaAZ6xcI8ZdAKTkfe+XX7gjKctFmchr223XNsZHe6xfo3ndVEuRwCAAA=[0m[INFO] Total time: 1:41.168s
[8mha:AAABXB+LCAAAAAAAAACFjs1Kw0AUha/RanCpO0EYEHWXnzZKbVeaNiKkdVEVpLgY25hG0pl0MpGA4PO40JfxDVwVEd/BmSRTERfeWcw3d86597x8QS1lsDfJxiklRhJnYURSA5M0GtGYMuNYkCupT3kAZS1poPmgF4IeTjjs+6XfrPzmwm8u/ELY9mFljDnmsOHf4wdsxpiE5oCziITtnMFWlWJESUrjwHDL+/dmyBMRePf/wGLh57NO368Hcw2Wh1C7DYuwm8O/y8XvnfydwROsipQETwPJWp5kTDkM6TAqx+vb1fxj+/G0CCSS6RzWdhxXHkmeZ4mSZFmSy54i57BZP3GUzvOUriSvqEzu19Vky1Lz3M7PZMllT5HdParmyY7bUbqSugfycKjlPGBTDvbwrO+d3yAvIlE6CcYI8xbqUYJ6mCG7iepWq+G0Gk10eeGKh91Y/wZ0EpYlMAIAAA==[0m[INFO] Finished at: Mon Mar 18 20:34:38 UTC 2013
[8mha:AAABTB+LCAAAAAAAAACFjsFKw0AQhsdoNHjUm1AIiHpLolZt7UnTrghJPRQEKR7WNsZIuhs3G4kIPo8HfRnfwFMR8R3czWYr4sGZw37M/v/M//IFZs5g86YY55Q4WVrECckdTPJkRFPKnCNBvqQ+5RGomjPACMCqBCHOOGwFyu/Wfnfmd2d+IewEsDDGHHNYCW7xPXZTTGJ3wFlC4k7JYK1OMaIkp2nk+Or9fRnKTATe+D+wOPj5bNH3i8HUgPkhmFdxFXZ1+Pe4+L2Wv3fwBIsiJcGTSLJRZgXTDkc6nNrx+nY+/Wg8nlSBRDKLw9J605ctCSFPlCTPk6xmmpr7rZ3jptYhpHWKUFWFvG/pzZ6n9/ndn82S1UzTdq9d75MTv6t1inp7sjmYJY/YhENjeNpHZ5c2SghO7TCaUPZwaO8ehG6rHS5/A4SjK0AcAgAA[0m[INFO] Final Memory: 37M/89M
[8mha:AAABPh+LCAAAAAAAAABb85aBtbiIQS2jNKU4P0+vIKc0PTOvWC8xrzgzOT8nv0jPEchyBrH88ktSGSCAkYmByYeBA6zAN7GghEHdB6JfH6pfH65fH64fqNDah4ElJbEksYRByCcrsSxRPycxL10/uKQoMy/duqKIQQrqiuT8vOL8nFQ9ZwiNajNDRQHQwaqEHQy08PUKjvyHkcHPmRiYoxlYk9LBjhWOxrQcKJsGki1kqGNgA7oyLzE3FcRmqigoLYLp0APp0IPqWHsp7PlL2Wp3sIOALuMoYWBXNnEGQRDLzc0ACEAsAwMQGyIGY5mYWRg5mcDUubnB1EFYbmBQCrKfA2aygQHMPGcXhMkgNkQMxjJ0tYSaBxJxdoGpg7BcTUGwhIG1oiS1KLeEISDa08/NP1ZBl0qACwBzBPd0TwIAAA==[0m[INFO] ------------------------------------------------------------------------
[8mha:AAABxx+LCAAAAAAAAACNUd1q2zAYVbNmCbvs7gaDwLq1vbAkJ9lIyFXmxG3XJB14DEYYRXbU1IltuZKcGgp9nl5sL7M36FUZpe9QyT8ZIxfbpwsdvu+c8x2hH4+gKjh4d5HMBItgHCRzPxKQRML3WMA47CtkaTRhkoK8tiqgMgL1jDAmsQR7o1yPCj1a69Far4i9EdieEUkk2BktyIqggERz5EjuR/NeysGrIoXHIsECCq38/nszSGMV+O2/A6uFD7d1dvfNua+AZ1NQdedZ2JfTzeVqeq6nl+AGPFcpIxJSjStpnPBSAbUCFoqfv77e/359fZgFUsnqEtTetC19NLJtrEojjDXOeyVqf+g0P7ZLnm2XvBzZWSV6f710xrj0swZ/nDXOeyUyh93CT3esQcnL0fC9PhJUU0l5KLdq00/DycnxxPne6HPvwl+plzXQinAU+C5a0GipP3PBXIEcShRjf0yEkh6gK8aXIiYeRYLyla/umIUwDYOGZP/nELJZElCBPKXjxMvdIIn9XZERkZv4wUygJjZbBm4ZZuesiY1W02h3EcnC0k0tKrQYmhCfuabhTPqfnaPTL8XA2BhAlfvFE3hjftYGAwAA[0m[JENKINS] Archiving /var/lib/jenkins/jobs/Search(Master)/workspace/service/pom.xml to /var/lib/jenkins/jobs/Search(Master)/modules/com.rackspace.api$search/builds/2013-03-18_20-32-49/archive/com.rackspace.api/search/0.1.0_b1-SNAPSHOT/search-0.1.0_b1-SNAPSHOT.pom
[8mha:AAAByx+LCAAAAAAAAACNUdFu0zAU9ToKFY/whoRUaWxjD7GdtqBNe+qyhjG6ghSEhCo03aReli6Ng+10lSbte/bAfoY/4GlC0/4BO06GUCXg+sHH1+eceyx/u0NNKdDGaTGRPMN5WsRJJjFkMol4ygXua+QZNOKKIVsrDdQYolZJOIJcoc2h1ZNKT+715F6vibtD9GACChR6MpzCHEgKWUwCJZIs3l0I9KxKEfFM8pRhz+5/TkaLXAde/3dgPfD2qsV/fA5uGmh1jJphXIZ9Ol4erm9PzO1XdIke6pQZzJjBjUVeiFqBjQJXiuvvn25+Pr94UwbSyVoKPVrreWYZ5PtUl0GUGmx7Neq93u7s9Wqe79c8i/yyCjO/VTtTWvt5+7+dDba9GrmDncrPdLz9mmfR4JVZCjUXiomZWlkbHw5G796Ogi/tvohOk7l+WZvMQZA0CcmUZWfmM6c8lCRgoBkvj0Bq6RY55+JM5hAxIpmYJ3pXIGKm9NHwHIpdTI9D1wlG/Q/BwfuP+BxEW/H/c5/xSZEySSI+wwIiOwlDnryw9iQsknQiSYe6XYd2HXf7uEOdbsfp7RAoH8KWtVU0shTtr5kf/wJuj5jJIgMAAA==[0m[JENKINS] Archiving /var/lib/jenkins/jobs/Search(Master)/workspace/service/target/search-0.1.0_b1-SNAPSHOT.war to /var/lib/jenkins/jobs/Search(Master)/modules/com.rackspace.api$search/builds/2013-03-18_20-32-49/archive/com.rackspace.api/search/0.1.0_b1-SNAPSHOT/search-0.1.0_b1-SNAPSHOT.war
[8mha:AAABzR+LCAAAAAAAAACNUdFu0zAU9QodFY/wNgmpEmyDh9hO26FNeypZw4CuTApCmio03aRemi6Ng+2USpP2PXtgP8Mf8DQhxD9gx8nQ1Ad2/eDj63PuOZa//0FNKdDWtJhInuE8LeIkkxgymUQ85QL3NfIMGnHFkK21BmoMUaskHEGu0PbQ6kmlJ7d6cqvXxP0hejgBBQo9Gc5gASSFLCaBEkkW7y8F2qhSRDyTPGXYs/tdZ7TMdeDN/wfWhr+vWvznSXDTQA/GqBnGZdin41VzfXtmbr+iS7SuU2YwZwY3lnkhagU2Clwprn98vvn17OJtGUgnayn06HnPM8sg36e6DKLUYNurUe/1budNr+b5fs2zyC+rMP6tejKl9Tzv4N9kg22vRu5gr5pnOt5BzbNosGOWQs2lYmKu1rrj94PRh3ej4Eu7L6JpstAva5MFCJImIZmx7Nx85oyHkgQMNOPlEUgtfUW+cXEuc4gYkUwsEr0rEDFT+mh4DsUupqeh6wSj/nFw+PGTU/HwDERb8fu5zPmkSJkkEZ9jAZF1xJAnL6wNCYsknUjSoW7XoV3H3T3tUKfbcXp7BMoHsVVtFZGsRLxX9sd/AUovbyIyAwAA[0m[JENKINS] Archiving /var/lib/jenkins/jobs/Search(Master)/workspace/service/target/search-0.1.0_b1-SNAPSHOT-service.jar to /var/lib/jenkins/jobs/Search(Master)/modules/com.rackspace.api$search/builds/2013-03-18_20-32-49/archive/com.rackspace.api/search/0.1.0_b1-SNAPSHOT/search-0.1.0_b1-SNAPSHOT-service.jar
[8mha:AAAB0B+LCAAAAAAAAACNUd1u0zAY9ToKFZdwN2lSJdiAi9hOW6ZNu+qyhr+uIGWaNFVT5aRu6i6Ng+101ZB4Hi7gZXgDriaEeAfsOCmaerF9vvDx53O+cyx//wvqUoDdaT6WPIVZkscslZCkkkU84QJ2NfIMGnBFga2NGqj1QaMgnJBMgRd9q0elHq30aKXXxMM+eDAmiijwpD8jC4ISksYoUIKl8eFSgK0yRcRTyRMKPbvfdgbLTAfeuTuwNvzzrcF/nQc3NbA5BPUwLsI+Ha6b69uJuf0MvoKHOmVK5tTg2jLLRaWARgFLxY+fZze/t7+8KQLpZA0FHj3reGYZ5PtYl0EYG2x7Fers7beOOhXP9yueRX5RufFvVJMxruZ5x/8nG2x7FXJ7B+U80/GOK55FvddmKVBfKirmasMdvu8NPrwbBBfNroimbKFf1kQLIlDCQjSj6aX5zBkPJQoo0YyXJ0Rq6St0xcWlzEhEkaRiwfSuiIip0kfDczB0IR6FrhMMup+Ctx9PHf2pExbDa5Y1Fb+fyZyP84RKFPE5FCSyhpBk7Ll1QWHOkrFELey2Hdx23P1RCzvtltM5QKR4D13XlgnRWsL7RH/8DyHmtZUwAwAA[0m[JENKINS] Archiving /var/lib/jenkins/jobs/Search(Master)/workspace/service/target/search-0.1.0_b1-SNAPSHOT-config.zip to /var/lib/jenkins/jobs/Search(Master)/modules/com.rackspace.api$search/builds/2013-03-18_20-32-49/archive/com.rackspace.api/search/0.1.0_b1-SNAPSHOT/search-0.1.0_b1-SNAPSHOT-config.zip
[8mha:AAABUx+LCAAAAAAAAACFkUFLwzAUx5/VafGoN0EoiHpLq0xRdnLdKkj1MlBkp9h1XbVLappKQfDzeNAv4zfwNET8DuY1zUQ8mBz64+X/f++f9OULWoWAnUk5KjgjeVYmKSsIZUUa8YwLcqLIR7rgMga9FiywQrBrwTnNJeyG2u82fnfud+d+JeyEsDSikkpYC2/pA3UzyhJ3IEXKkk4lYKNJEXFW8Cwmvv7+ngxVrgJv/x9YDfx8tvn79WBmweIQWjdJHXZ9+He4Oh3j6T08wbJKyeg0RraqvBTGQdBBGsfr2+XsY/PxtA6kktkSVrbaPm6kIPDUQvI8ZF0z1D482u+2jS4IjE5TUK8S59ums+eZfn7vpzOyrhna6x83/bDi94xOU/8At4RWJWMxlUCuaCrVbZwxF85ZzO7UUzqSO+OUpcXEUQ+axVEtwN+2+g0wYBqzLQIAAA==[0mWaiting for Jenkins to finish collecting data
[8mha:AAABPR+LCAAAAAAAAACFjsFKxDAQhsdqtXgSvQmCIOotrVJF2dPa3XqpXhYE2VNsa7fSTWKSSkHweTzoy/gGnhYR38GkaVbEgzOHfEz+f+Z/+QJXcNib1JmgBLGqLkoiECaiTGlFOeorijRdUpmDqQUHnAS8VnCBmYT9xPj9zu/P/f7cr4S9BJYyLLGE9eQOP2C/wqTwR5KXpOg1HDa7FCklglY5isz7+zI0TAXe/T+wOvj57NH369HMgcUxuDdFG3Zj/Pe4+r3Vv/fwBMsqJcHTXLPTsJpbB9IO1Dle365mH1uP520glcyTsLITRro1xXGgSlMQaDYzS+HxyeFZaHVxbHWG4rZqfd+zm4PA7osGP5s1m5mlg+Fpt09PooHVGRoe6ZbgNjLnUwlr6QQTklfbQlLG8mz1Gz4JNyQPAgAA[0mchannel stopped
[8mha:AAABXh+LCAAAAAAAAACFjs9Kw0AQxsdqNXjUmyAU/HfqbtQolp40bbxELwVBiodtGmM02Y27mxoQfB4P+jK+gaci4ju4m2Qr4sGZw/6Y/b6Z7+ULmoLD9k0+FoyiLMmjmApEqIgDljCOjhW5ms6ZDKGquQY0fLBKwRnJJOz4lR/Xfjzz45lfCbs+LIyJJBJW/FsyITghNMIDyWMadQsOa3WKgFHBkhC51fv7MhSZCrz1f2B18PPZYu+Xg2kD5ofQHEVl2NXh3+Pq91r/3sMTLKqUlKSh5kaR5dw4kHag2vH6djH9WH88LQOpZJaEpQ3H1a3J82xVmmxbczUz5Bwe7Z04Rud5RleRV1au71tms22bfW7vZ7PmamZot9+p9+mJ2zO6ivoHuiU0CxnyVEJn+MD4nchIEF61Nls4FxwnLCAJJmp2E7ZTMglpex/ZyMGjmOJ0QlsyFHL5G9/hYXk4AgAA[0m[workspace] $ /usr/local/apache-maven-3.0.4/bin/mvn test
[8mha:AAABSx+LCAAAAAAAAACFj8FKxDAQhsdqtXjUmyAURL2lVaooe9LuVoS6HgqCFA+x261duklNUykIPo8HfRnfwNMi4juYNM2KeHByyMfk/2f+vHyBWTHYuatHFSWoLOosJxXCpMoTWlCGTgT5koaUp6BqwQAjBKsVXOCSw26o/E7nd+Z+Z+4Xwl4ISyPMMYe1cIIfsFNgkjkRZznJeg2DjS5FQklFixT56v69GZpSBN7+P7BY+Pls0ffraGbAYgzmbdaGXY//LhevY/l6D0+wLFISPE0lG01ZM+1A0oE6x+vb1exj8/GsDSSSWRxWtjxfHklB4IqS5LqSVU+Td3i0f+ppXRBonaKgrVrut/Rk19Xz/P7PZMmqp2lvcNzNkx2/r3WKBgfycDAbnrIpBzs+HwaXN3aUYELEr+wxZXbJ6CRNeIUQWv0GRZF5QB8CAAA=[0m[INFO] Scanning for projects...
[8mha:AAABPh+LCAAAAAAAAABb85aBtbiIQS2jNKU4P0+vIKc0PTOvWC8xrzgzOT8nv0jPEchyBrH88ktSGSCAkYmByYeBA6zAN7GghEHdB6JfH6pfH65fH64fqNDah4ElJbEksYRByCcrsSxRPycxL10/uKQoMy/duqKIQQrqiuT8vOL8nFQ9ZwiNajNDRQHQwaqEHQy08PUKjvyHkcHPmRiYoxlYk9LBjhWOxrQcKJsGki1kqGNgA7oyLzE3FcRmqigoLYLp0APp0IPqWHsp7PlL2Wp3sIOALuMoYWBXNnEGQRDLzc0ACEAsAwMQGyIGY5mYWRg5mcDUubnB1EFYbmBQCrKfA2aygQHMPGcXhMkgNkQMxjJ0tYSaBxJxdoGpg7BcTUGwhIG1oiS1KLeEISDa08/NP1ZBl0qACwBzBPd0TwIAAA==[0m[INFO] ------------------------------------------------------------------------
[8mha:AAABSh+LCAAAAAAAAACFjsFKxDAQhsdqtXjUmygURL21Vaqoe3K7WxHqLrggSPEQ21or3aSbplIQfB4P+jK+gadFxHcwaZoV8eDMIR+T/5/5X75ALyls31VxSbBV5FWa4dJCuMwikhNqnXDyBA0IS0DWnAZaAEYjOEcFg51A+u3Wb8/89szPhZ0AFmLEEIOV4B49IDtHOLVHjGY47dQU1toUEcElyRPLk+/vy1AXPPDW/4H5wc9ng7xfjaYazIeg36RN2NXw73H+eyt+J/AEizwlRuNEsFYXFVUOSzis1vH6djn92Hg8bQLxZAaDpU3XEy3I9x1eghxHsJwpcg8O97qu0vm+0knym6rEfUNtdhy1z+v9bBYsZ4p2+0ftPjHxekonqb8vmoFes4SOGayHZwN/eG1eJChihJrdKstjc0jjhB4vfwMwchkuGwIAAA==[0m[INFO] Reactor Build Order:
[8mha:AAABOR+LCAAAAAAAAACFjsFKxDAQhsdqtXjUmyAIot7SKlWUPbndrQh1PSwIUjzE3Vor3aSmqRQEn8eDvoxv4GkR8R3MNM2KeHDmkI/J/8/8L19glwK2b6txyRkp8irNWEkoK7MRz7kgx4oCpAGXCeias8CKwGkEZ7SQsBNpv9v63ZnfnfmVsBPBwphKKmEluqMP1M0pS92hFBlLO7WAtTbFiLOS5wkJ9Pv7MtSFCrz1f2B18PPZ4e+Xw6kF8zHY12kTdjX+e1z93uDvPTzBokrJ6CRBtuqiEsZB0EFax+vbxfRj/fGkCaSSORKWNv0AGykMPVVInoesZ4b8g8O9rm90YWh0msKmKrzvmM2eZ/YFvZ/NyHpmaLd/1O7DSdAzOk39fWwJdi0TMZHgxKeD8PxqY/kbaqkK+wcCAAA=[0m[INFO] 
[8mha:AAABQx+LCAAAAAAAAACFkcFKxDAQhsdqtXjUmyAsiHpLq1RR9qTdrQjdXaEgSPEQu7Vb6SY1TaUg+Dwe9GV8A0+LiO9g0jQr4sHJIR+T/5/5IS9fYJYMdibVuKQEFXmVZqREmJRZTHPK0IkgT9KQ8gRULRhgBGA1ggEuOOwGym+3fnvut+d+IewGsDTGHHNYC+7wA7ZzTFI75CwjabdmsNGmiCkpaZ4gT92/N0NdiMDb/wcWCz+fLfp+Fc4MWIzAvEmbsOvR3+Xi9Va+3sMTLIuUBE8TyUZdVEw7kHSg1vH6djn72Hw8awKJZBaHlS3Xk0eS7zuiJDmOZNXT5B4e7Z+6Wuf7WqfIb6qS+y092XH0PK/3M1my6mna6x+382TH62mdov6BPBzMmidsKr4hOh/6o+tOmGAWTzoXo8HqNzBcB+8RAgAA[0m[INFO] Search POM
[8mha:AAABPx+LCAAAAAAAAACFjsFKxDAQhsdqtXjwoDdBEES9tVWqKHvS7kaEuh4WBCkeYrd2K92km6RSEHweD/oyvoGnRcR3MGmaFfHgzCEfk/+f+V++wOYMdkbVkFPilkWV5YS7mPA8oQVl7omkUFGfihR0zVlgReA0ggtcCtiNtN9r/d7M7838UtiJYGGIBRawGt3jB+wVmGTeQLCcZJ2awXqbIqGE0yJ1Q/3+vgx1KQNv/x9YHvx8duj79WBqwXwM9m3WhF2L/x6Xv3fqdwJPsChTEjxOFVt1WTHjcJXDbR2vb1fTj43HsyaQTOYIWNoKQtWKEPJlKfJ9xXpmKDg82j8NjA4ho9OEmqrUfcds9n2zL+z+bFasZ4b2esftPjUJu0anqXegWoBdi5SNBazE5310ebPJU8yS0fI37JiB0g0CAAA=[0m[INFO] search
[8mha:AAABQB+LCAAAAAAAAACFjsFKxDAQhsdqtXgSvQmCIOqtrVJF2ZN2NyLU9bAgSPGQ7dZa6SbdNJGC4PN40JfxDTwtIr6DSdOsiAdnDvmY/P/M//IFdsVg506MKkrcshBZTioXkypPaEGZeyIpVNSnPAVdcxZYETiN4AKXHHYj7fdavzfzezO/FHYiWBhhjjmsRvf4AXsFJpk34CwnWadmsN6mSCipaJG6oX5/X4a6lIG3/w8sD34+O/T9ejC1YD4Ge5g1Ydfiv8fl7636ncATLMqUBI9TxVZdCmYcrnK4reP17Wr6sfF41gSSyRwOS1tBqFoRQr4sRb6vWM8MBYdH+6eB0SFkdJpQU0Ldd8xm3zf7wu7PZsV6Zmivd9zuU5Owa3SaegeqOdg1T9mYw0p83keXN5uJSMR4mLLlb7p0iC8PAgAA[0m[INFO] cucumber
[8mha:AAABPR+LCAAAAAAAAABb85aBtbiIQS2jNKU4P0+vIKc0PTOvWC8xrzgzOT8nv0jPEchyBrH88ktSGSCAkYmByYeBA6zAN7GghEHdB6JfH6pfH65fH64fqNDah4ElJbEksYRByCcrsSxRPycxL10/uKQoMy/duqKIQQrqiuT8vOL8nFQ9ZwiNajNDRQHQwaqEHQy08PUKjvyHkcHPmRiYoxlYk9LBjhWOxrQcKJsGki1kqGNgA7oyLzE3FcRmqigoLYLp0APp0IPqWHsp7PlL2Wp3sIOALuMoYWBXNnEGQRDLzc0ACEAsAwMQGyIGY5mYWRg5mcDUubnB1EFYbmBQCrKfA2aygQHMPGcXhMkgNkQMxjJ0tYSaBxJxdoGpg7BcTUGwhIG1oiS1KLeEISDa08/NP1aBWoALADftnitPAgAA[0m[INFO]                                                                         
[8mha:AAABPh+LCAAAAAAAAABb85aBtbiIQS2jNKU4P0+vIKc0PTOvWC8xrzgzOT8nv0jPEchyBrH88ktSGSCAkYmByYeBA6zAN7GghEHdB6JfH6pfH65fH64fqNDah4ElJbEksYRByCcrsSxRPycxL10/uKQoMy/duqKIQQrqiuT8vOL8nFQ9ZwiNajNDRQHQwaqEHQy08PUKjvyHkcHPmRiYoxlYk9LBjhWOxrQcKJsGki1kqGNgA7oyLzE3FcRmqigoLYLp0APp0IPqWHsp7PlL2Wp3sIOALuMoYWBXNnEGQRDLzc0ACEAsAwMQGyIGY5mYWRg5mcDUubnB1EFYbmBQCrKfA2aygQHMPGcXhMkgNkQMxjJ0tYSaBxJxdoGpg7BcTUGwhIG1oiS1KLeEISDa08/NP1ZBl0qACwBzBPd0TwIAAA==[0m[INFO] ------------------------------------------------------------------------
[8mha:AAABWx+LCAAAAAAAAACFj81Kw0AUha/RanCpO0EIiLrqZCpVlK7atFEh/YGIIEVk2sY0kmZiMpGA4PO40JfxDVwVEd/BmUymIi68s5iPO+fce+blCyppAnvTbJLSCMVh5gdRikiUBmMa0gQ1OVmCepR5IGtJA80BvRB0Scxg35F+s/SbC7+58HNhw4GVCWGEwYZzRx6IGZLIN12WBJHfyBPYKlOMaZTS0EOWvH9vhjzmgXf/D8wXfj7r9P3KnWuwPITKyC/Cbg7/Luevt+L1Hp5glaeMyMwTrOVxligHEg5UOl7fLucf24+nRSCeTGewtlO3xBFk25iXIIwFy56i+tHxQauudLatdJLsojKxX1eTMVbzrPbPZMGyp6jWOSnniY7VVjpJnUNxGFRy5iUzBtXhec/uXxutLAgn/FeG65FkPDUG/a6BUQ3hm1Gt6vaaA/esf7H+Df52cPssAgAA[0m[INFO] Building Search POM 0.1.0_b1-SNAPSHOT
[8mha:AAABPh+LCAAAAAAAAABb85aBtbiIQS2jNKU4P0+vIKc0PTOvWC8xrzgzOT8nv0jPEchyBrH88ktSGSCAkYmByYeBA6zAN7GghEHdB6JfH6pfH65fH64fqNDah4ElJbEksYRByCcrsSxRPycxL10/uKQoMy/duqKIQQrqiuT8vOL8nFQ9ZwiNajNDRQHQwaqEHQy08PUKjvyHkcHPmRiYoxlYk9LBjhWOxrQcKJsGki1kqGNgA7oyLzE3FcRmqigoLYLp0APp0IPqWHsp7PlL2Wp3sIOALuMoYWBXNnEGQRDLzc0ACEAsAwMQGyIGY5mYWRg5mcDUubnB1EFYbmBQCrKfA2aygQHMPGcXhMkgNkQMxjJ0tYSaBxJxdoGpg7BcTUGwhIG1oiS1KLeEISDa08/NP1ZBl0qACwBzBPd0TwIAAA==[0m[INFO] ------------------------------------------------------------------------
[8mha:AAABPR+LCAAAAAAAAABb85aBtbiIQS2jNKU4P0+vIKc0PTOvWC8xrzgzOT8nv0jPEchyBrH88ktSGSCAkYmByYeBA6zAN7GghEHdB6JfH6pfH65fH64fqNDah4ElJbEksYRByCcrsSxRPycxL10/uKQoMy/duqKIQQrqiuT8vOL8nFQ9ZwiNajNDRQHQwaqEHQy08PUKjvyHkcHPmRiYoxlYk9LBjhWOxrQcKJsGki1kqGNgA7oyLzE3FcRmqigoLYLp0APp0IPqWHsp7PlL2Wp3sIOALuMoYWBXNnEGQRDLzc0ACEAsAwMQGyIGY5mYWRg5mcDUubnB1EFYbmBQCrKfA2aygQHMPGcXhMkgNkQMxjJ0tYSaBxJxdoGpg7BcTUGwhIG1oiS1KLeEISDa08/NP1aBWoALADftnitPAgAA[0m[INFO]                                                                         
[8mha:AAABPh+LCAAAAAAAAABb85aBtbiIQS2jNKU4P0+vIKc0PTOvWC8xrzgzOT8nv0jPEchyBrH88ktSGSCAkYmByYeBA6zAN7GghEHdB6JfH6pfH65fH64fqNDah4ElJbEksYRByCcrsSxRPycxL10/uKQoMy/duqKIQQrqiuT8vOL8nFQ9ZwiNajNDRQHQwaqEHQy08PUKjvyHkcHPmRiYoxlYk9LBjhWOxrQcKJsGki1kqGNgA7oyLzE3FcRmqigoLYLp0APp0IPqWHsp7PlL2Wp3sIOALuMoYWBXNnEGQRDLzc0ACEAsAwMQGyIGY5mYWRg5mcDUubnB1EFYbmBQCrKfA2aygQHMPGcXhMkgNkQMxjJ0tYSaBxJxdoGpg7BcTUGwhIG1oiS1KLeEISDa08/NP1ZBl0qACwBzBPd0TwIAAA==[0m[INFO] ------------------------------------------------------------------------
[8mha:AAABWB+LCAAAAAAAAACFj9FKwzAUho/VafFS7wRhICpemHYyRdnV1q0q1E2oCDJEsq12lS6paSoFwefxQl/GN/BqiPgOJk0zES88ucjHyf+f8+flCyopg61xNkopQUmchRFJESZpNKQxZagpyJHUpTwAVXMGGB6YheAMJxy2PeW3Sr8181szvxA2PFgYYY45rHh3+AFbMSah5XMWkbCRM1grUwwpSWkcIEfdvzdDnojAm/8HFgs/n036fuVPDZjvQ2UQFmFX+3+Xi9db+XoPT7AoUhI8CSQbeZIx7UDSgUrH69vl9GP98bgIJJKZHJY26o48klzXFiXJtiWrnqb6weFeq651rqt1ityiMrnf1JNtW89z2j+TJaueplrnqJwnO05b6xR19uXhUMl5wCYcdvqnXbd3XW1lUTwSv6qmAWbDcdVGNWTfDGq7frd57p/0Lpa/AenC/usoAgAA[0m[INFO] Building search 0.1.0_b1-SNAPSHOT
[8mha:AAABPh+LCAAAAAAAAABb85aBtbiIQS2jNKU4P0+vIKc0PTOvWC8xrzgzOT8nv0jPEchyBrH88ktSGSCAkYmByYeBA6zAN7GghEHdB6JfH6pfH65fH64fqNDah4ElJbEksYRByCcrsSxRPycxL10/uKQoMy/duqKIQQrqiuT8vOL8nFQ9ZwiNajNDRQHQwaqEHQy08PUKjvyHkcHPmRiYoxlYk9LBjhWOxrQcKJsGki1kqGNgA7oyLzE3FcRmqigoLYLp0APp0IPqWHsp7PlL2Wp3sIOALuMoYWBXNnEGQRDLzc0ACEAsAwMQGyIGY5mYWRg5mcDUubnB1EFYbmBQCrKfA2aygQHMPGcXhMkgNkQMxjJ0tYSaBxJxdoGpg7BcTUGwhIG1oiS1KLeEISDa08/NP1ZBl0qACwBzBPd0TwIAAA==[0m[INFO] ------------------------------------------------------------------------
[8mha:AAABOR+LCAAAAAAAAACFjsFKxDAQhsdqtXjUmyAIot7SKlWUPbndrQh1PSwIUjzE3Vor3aSmqRQEn8eDvoxv4GkR8R3MNM2KeHDmkI/J/8/8L19glwK2b6txyRkp8irNWEkoK7MRz7kgx4oCpAGXCeias8CKwGkEZ7SQsBNpv9v63ZnfnfmVsBPBwphKKmEluqMP1M0pS92hFBlLO7WAtTbFiLOS5wkJ9Pv7MtSFCrz1f2B18PPZ4e+Xw6kF8zHY12kTdjX+e1z93uDvPTzBokrJ6CRBtuqiEsZB0EFax+vbxfRj/fGkCaSSORKWNv0AGykMPVVInoesZ4b8g8O9rm90YWh0msKmKrzvmM2eZ/YFvZ/NyHpmaLd/1O7DSdAzOk39fWwJdi0TMZHgxKeD8PxqY/kbaqkK+wcCAAA=[0m[INFO] 
[8mha:AAAB6B+LCAAAAAAAAACFkU2L00AYx8dqtXjUm4sQEN8ozcuSurHLgs20Cd2NbZZosBv2MEln08S81GQSUgU/jwf9Ml49eVpE/A7OJM2KePCZw/x45vk//z/M51+gm2fg0bpY5WnCb6LCD5KcR0keeGmUZvyYEmQ0TwkGTV3rgI4BevXAS7Qh4LHR6IWdXrjSC1d6OnhogBsrRBABd4wQlUiIUOILFsmCxD+sMnBvl8JLkzyNMA+b+29nUG1o4If/D0wNf37qpd+X1mUHXHdA1/XrsHedf83p6wV7fQc+gps0ZYJizLhTbYqsVfBMwe8UX77alz/uf9DrQDRZj4BbD2TIDiNNE2kxEkXGTa8l+Zmyr8rtnKa1cw1pdRXMv9duFsV2H5z82cy46bUkTZ/v9rEOnLRzDU2H7BDQrQjOYgK+7TlKvEajMa2l2jfguC3VVYZIJW4wO7XicH7yWjbFfnlsTOVC8kszxJUxsc331Wqql2V81n9zMDzDb41oYV+Ur0JP0cxjH+lBMNNPUKAPza0il1vPnkgJHEvWlhqEEGrqKbT3DxbhsvY8OtpzxNiZzbXFOTcYDDg/RiVOBs0fjyReHvk4wRki2CKFm3NP3CKIVnqWpmWA86fcCy7HKPPWTHz7N37OA1raAgAA[0m[8mha:AAAAYB+LCAAAAAAAAABb85aBtbiIQSmjNKU4P0+vJLE4u1gvPjexLDVPzxdEGvvmZ+X75ZekLlOVfvTjc8FPJgaGiiIGKaiG5Py84vycVD1nCA1SyAABjCCFBQCV27OjYAAAAA==[0m[INFO] --- gmaven-plugin:1.4:generateStubs (buildGroovies) @ search ---
[8mha:AAABSx+LCAAAAAAAAACFj0FLwzAUx5/VavGoN0EpiHprq0yZ7KTdOpQ6DwNBhodsjXXSJV2SSkHw83jQL+M38DRE/A4mTTMRD74c8uPl/3/vn5cvsDmD3bsi4ZR4eVakY8I9RPh4RDPKvBNJoaIeFRh0LVhgxeBUgguUC9iLtd+v/f7c78/9UtiKYSlBAglYi+/RA/IzRFK/L9iYpK2SwUadYkQJpxn2Qn3/3gxlLgPv/B9YLvx8duj7dX9mweIA7GFahV0f/F0uX2/V6xSeYFmmJGiCFVtlXjDj8JTDqx2vb1ezj83HbhVIJnMErGw3QnUURVEgS1EQKNY9Q42j5sFpw+iiyOg0RVUVar9jJgeBmRe2fyYr1j1D+53jep7qhG2j09Q5VEeAXQrMJgK2Bme96PLG7WKCGRI4cZvuufypy0Ux5Kvfqhb7rh0CAAA=[0m[INFO] Generated 8 Java stubs
[8mha:AAABOR+LCAAAAAAAAACFjsFKxDAQhsdqtXjUmyAIot7SKlWUPbndrQh1PSwIUjzE3Vor3aSmqRQEn8eDvoxv4GkR8R3MNM2KeHDmkI/J/8/8L19glwK2b6txyRkp8irNWEkoK7MRz7kgx4oCpAGXCeias8CKwGkEZ7SQsBNpv9v63ZnfnfmVsBPBwphKKmEluqMP1M0pS92hFBlLO7WAtTbFiLOS5wkJ9Pv7MtSFCrz1f2B18PPZ4e+Xw6kF8zHY12kTdjX+e1z93uDvPTzBokrJ6CRBtuqiEsZB0EFax+vbxfRj/fGkCaSSORKWNv0AGykMPVVInoesZ4b8g8O9rm90YWh0msKmKrzvmM2eZ/YFvZ/NyHpmaLd/1O7DSdAzOk39fWwJdi0TMZHgxKeD8PxqY/kbaqkK+wcCAAA=[0m[INFO] 
[8mha:AAAB6B+LCAAAAAAAAACFkctu00AUhodAIGIJOyokS4ibIl8SOa1JVYl4EltpTeIqYJFaLCbO1LHxDXtsHJB4HhbwMrwBYlEhxDswY8etEAvOLPzNmfOf/5f85TdoZyl4tMnXWRwJSZC7XpQJKMo8Jw7iVBhRgoxmMcGgrmst0DJApxp4gRICHhu1XtzpxUu9eKmng4cGuLFGBBFwx/BRgcQARa64IKkXuYdlCu7tUjhxlMUBFmD9/dsZlAkN/PD/ganhr8+d+PtycdEC123QXrlV2Lv2v+b09Zy9vgOfwE2aMkIhZtwqkzxtFAJTCDvF12/Wxc/7H/UqEE3WIeDWAxmyw0jTJFqMJIlx3WtI3lf6qtzMaVozV5NWVc78O81mSWr2wfHVZsZ1r6He5NluH+vAcTNX02TADgHtkuA0JODHnq2EGzQc0VqqXQOOmlJXygCpZOVNTxehPzt5JZtStzg2JnLecwvTx6UxtswP5XqiF0V41n19MDjDb41gbp0XL31H0cxjF+meN9VPkKcPzK0iF1vHGvciOOotttTAh1BTT6HVP5j7y8rz6GjPlkJ7OtPmbzie57kQFTjiU5zFeergjK9/9rAv7A+dONlevXBPqvt7vEJJ8pR7zmUYpc6GLbn9B3GbBcfiAgAA[0m[8mha:AAAAYB+LCAAAAAAAAABb85aBtbiIQSmjNKU4P0+vJLE4u1gvPjexLDVPzxdEGvvmZ+X75ZekLlOVfvTjc8FPJgaGiiIGKaiG5Py84vycVD1nCA1SyAABjCCFBQCV27OjYAAAAA==[0m[INFO] --- maven-resources-plugin:2.6:copy-resources (copy-webapp) @ search ---
[8mha:AAABYB+LCAAAAAAAAACFj0FLwzAUx5/VafGoN0EoiO5kW2XKdCftVhHqPMwJMjzENquVmtQklYrg5/GgX8Zv4GmI+B1M2mYiHnw55MfL///ePy9f0OAMNq7ziFNiZ2keJ4TbiPAkpCll9oEkT1GfCgxVzRhgBGCWghOUCWgGld+p/c7U70z9UtgJYC5CAglYCm7QPXJSRGJnIFhC4k7BYKVOEVLCaYptr7p/b4Yik4HX/w8sF34+m/T9YjAxYHYEjau4DLs8+rtcvo7V6x08wbxMSdAtVmwUWc60w1YOu3a8vp1PPlYfj8pAMpkpYGGt5amjyPddWYpcV3HV09TabW8ftrTO97WuIr+sXO039WTX1fO87s9kxVVP01Zvr56nOl5X6yrq7agjoFEIzG4F7I+O+/7ppTXk8ktWc3jmb7abFiYhjVRDUCuk2YM1TlKpx5HFMKc5CzG3F78Bz0LDdTkCAAA=[0m[INFO] Using 'UTF-8' encoding to copy filtered resources.
[8mha:AAABSR+LCAAAAAAAAACFj8FKxDAQhsdqtXjUmyIURL21Vasoe9LuVoS6HhYEKR5it9ZKN+kmqVQEn8eDvoxv4GkR8R1MmmZFPDg55GPy/zN/Xr7AZBQ2b6shI9gpiyrLMXMQZnlCCkKdI0GBpD7hKaiaMcCIwGoEZ6jksBUpv9v63anfnfqFsBPB3BBxxGEpukP3yC0QztwBpznOOjWFlTZFQjAjReoE6v69GepSBN74P7BY+PlskffLwcSA2RjM66wJuxz/XS5eb+TrGJ5gXqTEaJRKNuqyotrhSIfTOl7fLiYfa48nTSCRzOKwsO4H8kgKQ0+UJM+TrHqa/P2DnWNf68JQ6xSFTVVyv6Une56eF3R/JktWPU3bvcN2nuwEXa1T1NuTh4NZ85SOOKzGp/3w/MoOSPkgPmXv2jRlpKJJyha/AWKwgQgaAgAA[0m[INFO] Copying 3 resources
[8mha:AAABOR+LCAAAAAAAAACFjsFKxDAQhsdqtXjUmyAIot7SKlWUPbndrQh1PSwIUjzE3Vor3aSmqRQEn8eDvoxv4GkR8R3MNM2KeHDmkI/J/8/8L19glwK2b6txyRkp8irNWEkoK7MRz7kgx4oCpAGXCeias8CKwGkEZ7SQsBNpv9v63ZnfnfmVsBPBwphKKmEluqMP1M0pS92hFBlLO7WAtTbFiLOS5wkJ9Pv7MtSFCrz1f2B18PPZ4e+Xw6kF8zHY12kTdjX+e1z93uDvPTzBokrJ6CRBtuqiEsZB0EFax+vbxfRj/fGkCaSSORKWNv0AGykMPVVInoesZ4b8g8O9rm90YWh0msKmKrzvmM2eZ/YFvZ/NyHpmaLd/1O7DSdAzOk39fWwJdi0TMZHgxKeD8PxqY/kbaqkK+wcCAAA=[0m[INFO] 
[8mha:AAAB4h+LCAAAAAAAAACFUduK00AYHqvV4qXeuQgB8UTJoSXdjV0WbKZN6G5ss1SD3bAX03SaJuZQk0lIFXweL/RlfANBWER8B2eSpot44T8X8/HPd4L58hs00wQ8WWfLNI6ETZC5XpQKKEo9Jw7iRBhQBBmaxASDam40QMMArZLwCm0IeGpUenGnF/d6ca+nxGMD3Foiggi4Z/goR2KAIleckcSL3OMiAQ92LZw4SuMAC7C6/04GxYYWfvz/wjTw1+dW/H0+u2qAmzZoLtyy7H3733D6umKv78EncJu2jFCIGW4UmyypFQJTCDvF12/W1c+HH/WyEG3WIuDOIxmyw5CmSXQYkiSGq12N5EOlq8o1T9NqXoW0cjKW36qdJan2g8NrZ4arXY06oxc7P7aBw5pXoVGPHQKaBcFJSMCPA1sJ16g/oDNX2wYc1KMulB5SycIbn89Cf3L2Rjaldn5qjOSs4+amjwtjaJkfiuVIz/Pwov32qHeB3xnB1Frlr31H0cxTF+meN9bPkKf3zK0i51vHGnYiOOjMtjTAh1BTz6HVPZr68zLz5OTAlkJ7PNGmlxzP81yIchzxCU7jLHFwylef3e8Kh/39knu2xCuUBeSa95x7yaUYJc6audz9A2cohRfjAgAA[0m[8mha:AAAAYB+LCAAAAAAAAABb85aBtbiIQSmjNKU4P0+vJLE4u1gvPjexLDVPzxdEGvvmZ+X75ZekLlOVfvTjc8FPJgaGiiIGKaiG5Py84vycVD1nCA1SyAABjCCFBQCV27OjYAAAAA==[0m[INFO] --- maven-resources-plugin:2.6:resources (default-resources) @ search ---
[8mha:AAABYB+LCAAAAAAAAACFj0FLwzAUx5/VafGoN0EoiO5kW2XKdCftVhHqPMwJMjzENquVmtQklYrg5/GgX8Zv4GmI+B1M2mYiHnw55MfL///ePy9f0OAMNq7ziFNiZ2keJ4TbiPAkpCll9oEkT1GfCgxVzRhgBGCWghOUCWgGld+p/c7U70z9UtgJYC5CAglYCm7QPXJSRGJnIFhC4k7BYKVOEVLCaYptr7p/b4Yik4HX/w8sF34+m/T9YjAxYHYEjau4DLs8+rtcvo7V6x08wbxMSdAtVmwUWc60w1YOu3a8vp1PPlYfj8pAMpkpYGGt5amjyPddWYpcV3HV09TabW8ftrTO97WuIr+sXO039WTX1fO87s9kxVVP01Zvr56nOl5X6yrq7agjoFEIzG4F7I+O+/7ppTXk8ktWc3jmb7abFiYhjVRDUCuk2YM1TlKpx5HFMKc5CzG3F78Bz0LDdTkCAAA=[0m[INFO] Using 'UTF-8' encoding to copy filtered resources.
[8mha:AAABSR+LCAAAAAAAAACFj8FKxDAQhsdqtXjUmyIURL21Vaq47Em7WxHqelgQpHiI3Vor3aSbpFIRfB4P+jK+gadFxHcwaZoV8eDkkI/J/8/8efkCk1HYvq1GjGCnLKosx8xBmOUJKQh1jgQFkgaEp6BqzgAjAqsRnKGSw06k/G7rd2d+d+YXwm4ECyPEEYeV6A7dI7dAOHOHnOY469YU1toUCcGMFKkTqPv3ZqhLEXjr/8Bi4eezRd4vh1MD5mMwr7Mm7Gr8d7l4vZGvE3iCRZESo3Eq2ajLimqHIx1O63h9u5h+bDyeNIFEMovD0qYfyCMpDD1RkjxPsupp8g8O9459rQtDrVMUNlXJ/Zae7Hl6XtD7mSxZ9TTt9jvtPNkJelqnqL8vDwez5ikdc1iPTwfh+ZUdkPJBfMru2DRlpKJJypa/AQNYtuIaAgAA[0m[INFO] Copying 9 resources
[8mha:AAABTR+LCAAAAAAAAACFj8FKxDAQhsdqtXjUmyBURL2lXami7Em7WxHqelgQpHiI3Vor3aSbplIRfB4P+jK+gadFxHcwaZoV8eDkkI/J/8/8efkCs2SwfVuNSkpQkVdpRkqESZnFNKcMHQnyJQ0oT0DVnAFGCFYjOMMFh51Q+Z3W78z8zswvhN0QFkaYYw4r4R2+x06OSeoMOctI2q0ZrLUpYkpKmifIV/fvzVAXIvDW/4HFws9ni75fDqcGzEdgXqdN2NXo73LxeiNfJ/AEiyIlweNEslEXFdMOJB2odby+XUw/1h9PmkAimcVhadPz5ZEUBK4oSa4rWfU0efsHu8ee1gWB1ikKmqrkfktPdl09z+/9TJasepo6/cN2nuz4Pa1T1N+Th4NZ84SNOWxEp4Pg/Mr2afEgPmV3bJaUtGJxYnNqI+QsfwO3RMy9IAIAAA==[0m[INFO] Copying 1 resource to ../
[8mha:AAABOR+LCAAAAAAAAACFjsFKxDAQhsdqtXjUmyAIot7SKlWUPbndrQh1PSwIUjzE3Vor3aSmqRQEn8eDvoxv4GkR8R3MNM2KeHDmkI/J/8/8L19glwK2b6txyRkp8irNWEkoK7MRz7kgx4oCpAGXCeias8CKwGkEZ7SQsBNpv9v63ZnfnfmVsBPBwphKKmEluqMP1M0pS92hFBlLO7WAtTbFiLOS5wkJ9Pv7MtSFCrz1f2B18PPZ4e+Xw6kF8zHY12kTdjX+e1z93uDvPTzBokrJ6CRBtuqiEsZB0EFax+vbxfRj/fGkCaSSORKWNv0AGykMPVVInoesZ4b8g8O9rm90YWh0msKmKrzvmM2eZ/YFvZ/NyHpmaLd/1O7DSdAzOk39fWwJdi0TMZHgxKeD8PxqY/kbaqkK+wcCAAA=[0m[INFO] 
[8mha:AAAB4h+LCAAAAAAAAACFUduK00AYHqvV4qXeuQgB8UTJoTV1Y5cFm2kTuhvbLNVgN3gxTdM0MSeTSUgVfB4v9GV8g71aRHwHZ5rMinjhPxfz8c93gvn6C7TzDDzaFus8iYU0LDw/zgUU576ThEkmjAiCFM0S7IJ6rrVAywCdPeEVSjF4bNR6sdGLV3rxSk+IRwa4sUYYYXDHCFCJxBDFnrjAmR97R1UG7jUtnCTOk9AVYH3/nQyqlBR++P/CJPDnl05ysVxctsB1G7RX3r7sXfvfcPK6oa8fwGdwk7SMUeRS3KrSImMKgSqERvHtu3X54/4nfV+INOtgcOuBDOmhSNMkMhRJEsX1jiH5udJXZcbTNMarkbafguZ3mLMkMT84/uNMcb1jqDd50fjRDRwzXo0mA3owaFfYzSIMLg5sJdqi4YjMUu0acMRGXSkDpOKVPz1bRMHs9I1sSt3yxJjIRc8rzcCtjLFlfqzWE70so/Pu28PBufveCOfWpnwdOIpmnnhI9/2pfop8fWDuFLncOda4F8NRb7EjAQGEmnoGrf7hPFjuM4+PD2wpsqczbf6O43mei1DpxryTRKkfuhlf//WwLzwT+sNmyz1ZuxtUhJjRnnIvudxFmbOlFrd/AzcSg/3gAgAA[0m[8mha:AAAAYB+LCAAAAAAAAABb85aBtbiIQSmjNKU4P0+vJLE4u1gvPjexLDVPzxdEGvvmZ+X75ZekLlOVfvTjc8FPJgaGiiIGKaiG5Py84vycVD1nCA1SyAABjCCFBQCV27OjYAAAAA==[0m[INFO] --- maven-compiler-plugin:2.3.2:compile (default-compile) @ search ---
[8mha:AAABXB+LCAAAAAAAAACFkc9KxDAQxsfqavGoN0EIiHqyrbL+Y0/a3YpQ18OCIIuH2I21km1qkkpB8Hk86Mv4Bp4WEd/BpGlWxIOTQ3/MzDfzJX35gpbgsHFbjgTLvYKWaZYLD+ciSxhl3DtSFGrqM0nAxIwDTgxu3XCGCwmbsdH7jd6f6v2pXjV2YpgbYYklLMV3+AH7FOepP5A8y9NOxWGlcZGwXDBKvNB8f2+GqlCG1/83rBZ+Prvs/XIwcWB2CK3rtDa7PPy7XFVvdPUenmBeuczxmGh2qqLkVuFphdcoXt8uJh+rjye1IeXMlbCw1g710RRFgQpNQaDZ5Cy19w52jtu2L4psn6GojlLvd+3kILDzwu7PZM0mZ2m7d9jM05mwa/sM9Xb1kdCqJOFjCfvD0350foXUC9+qSyHJUMLGRUYJ2kKYUpRQLAQRCHOCykLX1f8ji9+nH8nyNgIAAA==[0m[INFO] Nothing to compile - all classes are up to date
[8mha:AAABOR+LCAAAAAAAAACFjsFKxDAQhsdqtXjUmyAIot7SKlWUPbndrQh1PSwIUjzE3Vor3aSmqRQEn8eDvoxv4GkR8R3MNM2KeHDmkI/J/8/8L19glwK2b6txyRkp8irNWEkoK7MRz7kgx4oCpAGXCeias8CKwGkEZ7SQsBNpv9v63ZnfnfmVsBPBwphKKmEluqMP1M0pS92hFBlLO7WAtTbFiLOS5wkJ9Pv7MtSFCrz1f2B18PPZ4e+Xw6kF8zHY12kTdjX+e1z93uDvPTzBokrJ6CRBtuqiEsZB0EFax+vbxfRj/fGkCaSSORKWNv0AGykMPVVInoesZ4b8g8O9rm90YWh0msKmKrzvmM2eZ/YFvZ/NyHpmaLd/1O7DSdAzOk39fWwJdi0TMZHgxKeD8PxqY/kbaqkK+wcCAAA=[0m[INFO] 
[8mha:AAAB5R+LCAAAAAAAAACFkd+K00AUxsdqtXipdy5CQPxHaf4sqRu7LNhMm9Dd2GapBrtlL6bpbDoxycRkElIFn8cLfRnBB/BqEfEdzCTNinjhmYv5ceZ85/tgPv8C7TQBjzbZOqWRGAeZR6JURFFKXBrQRByWBDlNKcOgrmst0LJApxp4iWIGHlu1XtrppSu9dKUvBw8tcGONGGLgjuWjHEkBijxpzhISeYdFAu7tUrg0SmmARVjffzuDIi4DP/x/4NLw56cO/b6YX7bA9SVor7wq7N3lv+bl6wV/fQc+gptlygiFmHOriLOkUYhcIe4UX746lz/ufzCrQGWyDgO3HqiQH06GIZfFSZY5172G1Gfavq42c4bRzNVkVJVx/06zWZabfXD0ZzPnuteQMn6+28c7cNTM1TTu88NAu2A4CRn4trfUwg0aDMta6F0LDpvSV1of6WxFJqfz0J+evFZtuZsfW2M1U7zc9nFhjRz7fbEem3kennXfHPTP8FsrmDkX+Svf1Qz72EMmIRPzBBGzb281Nd+6zkiJ4FCZb0sDH0JDP4XO/sHMX1SeR0d7SzlcTqbG7Fzo9XqCF6IcR736jweKqA5cGsYkwMKTVUaCtZlQmhOcPhVeCClGibvhstu/AaymHbDUAgAA[0m[8mha:AAAAYB+LCAAAAAAAAABb85aBtbiIQSmjNKU4P0+vJLE4u1gvPjexLDVPzxdEGvvmZ+X75ZekLlOVfvTjc8FPJgaGiiIGKaiG5Py84vycVD1nCA1SyAABjCCFBQCV27OjYAAAAA==[0m[INFO] --- gmaven-plugin:1.4:compile (buildGroovies) @ search ---
[8mha:AAABTx+LCAAAAAAAAACFjsFKw0AQhsdoNHjUmyAERb0lsUZRetK0KUKsh4IgwcPaxhhJd+PupkQEn8eDvoxv4KmI+A7uZrMV8eDMYT9m/3/mf/kCk1HYvi1HjGCnyMs0w8xBmGVDkhPqHAsKJPUJT0DVnAFGBFYtOEMFh51I+d3G78787swvhO0IFkaIIw4r0R2aIDdHOHUHnGY4bVcU1poUQ4IZyRMnUO/vy1AVIvDW/4HFwc9ni7xfDqYGzMdgXqd12NX473HxeyN/7+EJFkVKjMaJZKMqSqodjnQ4jeP17WL6sf7YqwOJZBaHpU0/kC0pDD1RkjxPsppp8g8OWye+1oWh1ikK6yrlfUtv9jy9L+j8bJasZpp2u0fNPjkJOlqnqLsvm4NZ8YSOOWzEp/3w/MoOyLjI8mRkt/bsHiVk8mAPc8RYwpa/ATov5tUhAgAA[0m[INFO] Compiled 23 Groovy classes
[8mha:AAABOR+LCAAAAAAAAACFjsFKxDAQhsdqtXjUmyAIot7SKlWUPbndrQh1PSwIUjzE3Vor3aSmqRQEn8eDvoxv4GkR8R3MNM2KeHDmkI/J/8/8L19glwK2b6txyRkp8irNWEkoK7MRz7kgx4oCpAGXCeias8CKwGkEZ7SQsBNpv9v63ZnfnfmVsBPBwphKKmEluqMP1M0pS92hFBlLO7WAtTbFiLOS5wkJ9Pv7MtSFCrz1f2B18PPZ4e+Xw6kF8zHY12kTdjX+e1z93uDvPTzBokrJ6CRBtuqiEsZB0EFax+vbxfRj/fGkCaSSORKWNv0AGykMPVVInoesZ4b8g8O9rm90YWh0msKmKrzvmM2eZ/YFvZ/NyHpmaLd/1O7DSdAzOk39fWwJdi0TMZHgxKeD8PxqY/kbaqkK+wcCAAA=[0m[INFO] 
[8mha:AAAB5h+LCAAAAAAAAACFkc1u00AUhYdAaMQSdlRIlqpSUBT/VA51U1UinsRWWpO4BCxSi8XEmTg2/kntseWAxPOwgJdhw5pVhRDvwIwdFyEW3Fn405177jkjf/4FmmkCHq+yRRpH/DrIXC9KeRSlnhMHccL3KUFG45hgUNWtBmgYoFUOvEBrAg6MSi9s9cKNXrjR08ETA9xZIIIIuG/4KEdCgCJXmJLEi9yTIgEPtymcOErjAPOw+v7tDIo1Dbz//8DU8OenVvx9Nr1ugNs2aM7dMuwD+19zertkt1fgI7hLU0YoxIwbxTpLagXPFPxW8eWrdf3j0Qe9DESTtQjY2ZMhO4w0TaTFSBQZV72a5GfKoSrXc5pWz1WklZUx/1a9WRTrfXDwZzPjqleTNDze7mMdOKjnKhp22SGgWRCchAR827WVcIV6fVoztW3Afl3qXOkilcy90cU09Mfnr2VTbOdnxlDOJDc3fVwYA8t8XyyGep6Hl+03R91L/M4IJtYyf+U7imaeuUj3vJF+jjy9a24UOd841kCKYF+abqiBD6GmXkDr8Gjiz0rP09NdWwzt0VibvOU6nQ7nhijHUaf6xz2Jl3u4wE5GMPdk6QX0CS9xGmeJg9On3HMuxShxVkx47zd85At11gIAAA==[0m[8mha:AAAAYB+LCAAAAAAAAABb85aBtbiIQSmjNKU4P0+vJLE4u1gvPjexLDVPzxdEGvvmZ+X75ZekLlOVfvTjc8FPJgaGiiIGKaiG5Py84vycVD1nCA1SyAABjCCFBQCV27OjYAAAAA==[0m[INFO] --- gmaven-plugin:1.4:execute (filterResources) @ search ---
[8mha:AAABOR+LCAAAAAAAAACFjsFKxDAQhsdqtXjUmyAIot7SKlWUPbndrQh1PSwIUjzE3Vor3aSmqRQEn8eDvoxv4GkR8R3MNM2KeHDmkI/J/8/8L19glwK2b6txyRkp8irNWEkoK7MRz7kgx4oCpAGXCeias8CKwGkEZ7SQsBNpv9v63ZnfnfmVsBPBwphKKmEluqMP1M0pS92hFBlLO7WAtTbFiLOS5wkJ9Pv7MtSFCrz1f2B18PPZ4e+Xw6kF8zHY12kTdjX+e1z93uDvPTzBokrJ6CRBtuqiEsZB0EFax+vbxfRj/fGkCaSSORKWNv0AGykMPVVInoesZ4b8g8O9rm90YWh0msKmKrzvmM2eZ/YFvZ/NyHpmaLd/1O7DSdAzOk39fWwJdi0TMZHgxKeD8PxqY/kbaqkK+wcCAAA=[0m[INFO] 
[8mha:AAAB6x+LCAAAAAAAAACFkd+Ok0AUxsdqtfFS79yYkBj/pSl/NtTFbjaxTAvpLrZsWIld4sVAZykIQ4WBUE18Hi/0ZXwB49XGGN9BBsoa44VnLuaXM+c735fM51+gm6Xg0TpfZQnhN1HuByTjEckCL4mSlB9XBBnNE4pBU9c6oGOAXj3wEm0oeGw0emGnF670wpW+Gjw0wI0VooiCO0aICiREiPiCRdOA+IdlCu7tUngJyZII87C5/3YG5aYK/PD/gSvDn596yfelddkB1x3Qdf067F3nX/Pq9YK9vgMfwc0qJUExZtwpN3naKnim4HeKL1/tyx/3P+h1oCpZj4JbD2TIDiNNE6tiJIqMm15L8jNlX5XbOU1r5xrS6sqZf6/dLIrtPjj5s5lx02tJmj7f7WMdOGnnGpoO2aGgW1KcxhR823OUeI1G46qWat+A47ZUVxkilbrB7NSKw/nJK9kU+8WxMZVzyS/MEJfGxDbfl6upXhTxef/1wfAcvzWihX1RnIWeopnHPtKDYKafoEAfmltFLraePZEIHEvWtjIIIdTUU2jvHyzCZe15dLTniLEzm2uLN9xgMOD8GBWYDJo/Hkm8PPIxwSmi+Axn1KK5m3FP3DyIVnqaJEWAs6fcCy7DKPXWbMHt380qkpneAgAA[0m[8mha:AAAAYB+LCAAAAAAAAABb85aBtbiIQSmjNKU4P0+vJLE4u1gvPjexLDVPzxdEGvvmZ+X75ZekLlOVfvTjc8FPJgaGiiIGKaiG5Py84vycVD1nCA1SyAABjCCFBQCV27OjYAAAAA==[0m[INFO] --- gmaven-plugin:1.4:generateTestStubs (buildGroovies) @ search ---
[8mha:AAABSx+LCAAAAAAAAACFj0FLwzAUx5/VavGoN0EpiHprq0yZ7KTdOpQ6DwNBhodsjXXSJV2SSkHw83jQL+M38DRE/A4mTTMRD74c8uPl/3/vn5cvsDmD3bsi4ZR4eVakY8I9RPh4RDPKvBNJoaIeFRh0LVhgxeBUgguUC9iLtd+v/f7c78/9UtiKYSlBAglYi+/RA/IzRFK/L9iYpK2SwUadYkQJpxn2Qn3/3gxlLgPv/B9YLvx8duj7dX9mweIA7GFahV0f/F0uX2/V6xSeYFmmJGiCFVtlXjDj8JTDqx2vb1ezj83HbhVIJnMErGw3QnUURVEgS1EQKNY9Q42j5sFpw+iiyOg0RVUVar9jJgeBmRe2fyYr1j1D+53jep7qhG2j09Q5VEeAXQrMJgK2Bme96PLG7WKCGRI4cZvuufypy0Ux5Kvfqhb7rh0CAAA=[0m[INFO] Generated 8 Java stubs
[8mha:AAABOR+LCAAAAAAAAACFjsFKxDAQhsdqtXjUmyAIot7SKlWUPbndrQh1PSwIUjzE3Vor3aSmqRQEn8eDvoxv4GkR8R3MNM2KeHDmkI/J/8/8L19glwK2b6txyRkp8irNWEkoK7MRz7kgx4oCpAGXCeias8CKwGkEZ7SQsBNpv9v63ZnfnfmVsBPBwphKKmEluqMP1M0pS92hFBlLO7WAtTbFiLOS5wkJ9Pv7MtSFCrz1f2B18PPZ4e+Xw6kF8zHY12kTdjX+e1z93uDvPTzBokrJ6CRBtuqiEsZB0EFax+vbxfRj/fGkCaSSORKWNv0AGykMPVVInoesZ4b8g8O9rm90YWh0msKmKrzvmM2eZ/YFvZ/NyHpmaLd/1O7DSdAzOk39fWwJdi0TMZHgxKeD8PxqY/kbaqkK+wcCAAA=[0m[INFO] 
[8mha:AAAB6h+LCAAAAAAAAACFkctu00AUhodAIGIJOyokS6hcFPmSyGlNqkrETmylNYlLwCK1WEyciWPXl2CPLQcknocFvAxvwKpCwDswY2eKKhacWfjTOec//y/5y2/QzFLweJ0vsyQWNmHu+XEmwDjz3SRMUmFASKM0STACdd1ogIYJWtXCS7jB4IlZ68WdXrzSi1d6snhkgltLiCEG98wAFlAMYeyJM5z6sXdUpuDBLoWbxFkSIkGrv9edQbkhgff/H5gY/vzcSr7PZ5cNcNMBzYVXhb3v/GtOpis6fQ8+gdskZQwjRLlRbvKUKQSqEHaKr9/syx8PPxpVIJKshcGdR7JGHyVdl0hRkiTKdY+RfKB0VZnt6Trbq0mvKqf+LXZZktg9bfj3MuW6x6gzer67RzvakO3VNOrRh0GzxCiNMPi15yjRGvYHpOZq29QGrNSF0oMqXvjjs1kUTE7fyJbULk7MkZx3vMIKUGkObetDuRwZRRGdt98e9s7RhRlO7VXxOnAV3TrxoOH7Y+MU+kbP2ipysXXtYSfWBp3ZlhgEmqarZ5rdPZwG88rz+HjPkSJnPNGn7zie57kIFijmU5QleeqijK9/dr8rHPQxyvArNuCeLtEK5iHmr7WfcS+4DMHUXdNrd/8A7R0RausCAAA=[0m[8mha:AAAAYB+LCAAAAAAAAABb85aBtbiIQSmjNKU4P0+vJLE4u1gvPjexLDVPzxdEGvvmZ+X75ZekLlOVfvTjc8FPJgaGiiIGKaiG5Py84vycVD1nCA1SyAABjCCFBQCV27OjYAAAAA==[0m[INFO] --- maven-resources-plugin:2.6:testResources (default-testResources) @ search ---
[8mha:AAABYB+LCAAAAAAAAACFj0FLwzAUx5/VafGoN0EoiO5kW2XKdCftVhHqPMwJMjzENquVmtQklYrg5/GgX8Zv4GmI+B1M2mYiHnw55MfL///ePy9f0OAMNq7ziFNiZ2keJ4TbiPAkpCll9oEkT1GfCgxVzRhgBGCWghOUCWgGld+p/c7U70z9UtgJYC5CAglYCm7QPXJSRGJnIFhC4k7BYKVOEVLCaYptr7p/b4Yik4HX/w8sF34+m/T9YjAxYHYEjau4DLs8+rtcvo7V6x08wbxMSdAtVmwUWc60w1YOu3a8vp1PPlYfj8pAMpkpYGGt5amjyPddWYpcV3HV09TabW8ftrTO97WuIr+sXO039WTX1fO87s9kxVVP01Zvr56nOl5X6yrq7agjoFEIzG4F7I+O+/7ppTXk8ktWc3jmb7abFiYhjVRDUCuk2YM1TlKpx5HFMKc5CzG3F78Bz0LDdTkCAAA=[0m[INFO] Using 'UTF-8' encoding to copy filtered resources.
[8mha:AAABSR+LCAAAAAAAAACFj8FKxDAQhsdqtXjUmyIURL21dami7Em7WxHqelgQpHiI3Vor3aSbpFIRfB4P+jK+gadFxHcwaZoV8eDkkI/J/8/8efkCk1HYvq1GjGCnLKosx8xBmOUJKQh1jgQFkgaEp6BqzgAjAqsRnKGSw06k/G7rd2d+d+YXwm4ECyPEEYeV6A7dI7dAOHOHnOY469YU1toUCcGMFKkTqPv3ZqhLEXjr/8Bi4eezRd4vh1MD5mMwr7Mm7Gr8d7l4vZGvE3iCRZESo3Eq2ajLimqHIx1O63h9u5h+bDyeNIFEMovD0qYfyCMpDD1RkjxPsupp8vcPOse+1oWh1ikKm6rkfktP9jw9L+j9TJasepp2+4ftPNkJelqnqL8nDwez5ikdc1iPTwfh+ZUdkPJBfMru2DRlpKJJypa/AQ38JJMaAgAA[0m[INFO] Copying 2 resources
[8mha:AAABOR+LCAAAAAAAAACFjsFKxDAQhsdqtXjUmyAIot7SKlWUPbndrQh1PSwIUjzE3Vor3aSmqRQEn8eDvoxv4GkR8R3MNM2KeHDmkI/J/8/8L19glwK2b6txyRkp8irNWEkoK7MRz7kgx4oCpAGXCeias8CKwGkEZ7SQsBNpv9v63ZnfnfmVsBPBwphKKmEluqMP1M0pS92hFBlLO7WAtTbFiLOS5wkJ9Pv7MtSFCrz1f2B18PPZ4e+Xw6kF8zHY12kTdjX+e1z93uDvPTzBokrJ6CRBtuqiEsZB0EFax+vbxfRj/fGkCaSSORKWNv0AGykMPVVInoesZ4b8g8O9rm90YWh0msKmKrzvmM2eZ/YFvZ/NyHpmaLd/1O7DSdAzOk39fWwJdi0TMZHgxKeD8PxqY/kbaqkK+wcCAAA=[0m[INFO] 
[8mha:AAAB6h+LCAAAAAAAAACFkctu00AUhodAIGIJOyokS6hcFPmS4FCTqhLxJLbSmiRVwCK1upg4E8eub9hjywGJ52EBL8MbsKoqxDswY8cFxIIzC3865/zn/yV/+QmaaQIeb7JVGoVC7GeOG6YCClPXjvwoEQaUIKNJRDCo6kYDNAzQKhdeo5iAJ0alF3d68VovXuvp4qEBbq0QQQTcMzyUI9FHoSPOSeKGzmGRgAe7FHYUppGPBVh9/3YGRUwD7/8/MDX88bkVfV/MLxvgpgWaS6cMe9/615xO12z6HnwCt2nKEAWYcaOIs6RWCEwh7BRfv5mXVw8/6mUgmqxFwJ1HMmSPkaZJtBhJEuOqV5P8Qumqcr2nafVeRVpZGfNv1Zclqb4Hh78vM656NXVGL3f3WAcO672KRj32CGgWBCcBAVd7lhJsUH9Aa6G2DTioS10qPaSSpTs+nQfe5OStPJPa+bExkrOOk888XBhDc/ahWI30PA/O2u8Oemf4wvCn5jp/49mKNjt2kO66Y/0EuXpvtlXkfGubw04IB535lhp4EGrqKTS7B1NvUXoeHe1ZUmCNJ9r0nON5ngtQjkPejoLY9XHCV/+63xWeC90+wSmB1YR7usJrlPmE/6P5jHvFpRgl9oaduvsLiQajgegCAAA=[0m[8mha:AAAAYB+LCAAAAAAAAABb85aBtbiIQSmjNKU4P0+vJLE4u1gvPjexLDVPzxdEGvvmZ+X75ZekLlOVfvTjc8FPJgaGiiIGKaiG5Py84vycVD1nCA1SyAABjCCFBQCV27OjYAAAAA==[0m[INFO] --- maven-compiler-plugin:2.3.2:testCompile (default-testCompile) @ search ---
[8mha:AAABXB+LCAAAAAAAAACFkc9KxDAQxsfqavGoN0EIiHqyrbL+Y0/a3YpQ18OCIIuH2I21km1qkkpB8Hk86Mv4Bp4WEd/BpGlWxIOTQ3/MzDfzJX35gpbgsHFbjgTLvYKWaZYLD+ciSxhl3DtSFGrqM0nAxIwDTgxu3XCGCwmbsdH7jd6f6v2pXjV2YpgbYYklLMV3+AH7FOepP5A8y9NOxWGlcZGwXDBKvNB8f2+GqlCG1/83rBZ+Prvs/XIwcWB2CK3rtDa7PPy7XFVvdPUenmBeuczxmGh2qqLkVuFphdcoXt8uJh+rjye1IeXMlbCw1g710RRFgQpNQaDZ5Cy19w52jtu2L4psn6GojlLvd+3kILDzwu7PZM0mZ2m7d9jM05mwa/sM9Xb1kdCqJOFjCfvD0350foXUC9+qSyHJUMLGRUYJ2kKYUpRQLAQRCHOCykLX1f8ji9+nH8nyNgIAAA==[0m[INFO] Nothing to compile - all classes are up to date
[8mha:AAABOR+LCAAAAAAAAACFjsFKxDAQhsdqtXjUmyAIot7SKlWUPbndrQh1PSwIUjzE3Vor3aSmqRQEn8eDvoxv4GkR8R3MNM2KeHDmkI/J/8/8L19glwK2b6txyRkp8irNWEkoK7MRz7kgx4oCpAGXCeias8CKwGkEZ7SQsBNpv9v63ZnfnfmVsBPBwphKKmEluqMP1M0pS92hFBlLO7WAtTbFiLOS5wkJ9Pv7MtSFCrz1f2B18PPZ4e+Xw6kF8zHY12kTdjX+e1z93uDvPTzBokrJ6CRBtuqiEsZB0EFax+vbxfRj/fGkCaSSORKWNv0AGykMPVVInoesZ4b8g8O9rm90YWh0msKmKrzvmM2eZ/YFvZ/NyHpmaLd/1O7DSdAzOk39fWwJdi0TMZHgxKeD8PxqY/kbaqkK+wcCAAA=[0m[INFO] 
[8mha:AAAB5x+LCAAAAAAAAACFkU+L00AYxsdqtXjUm4sQEP9Rmj9L6sYuCzbTJnQ3tlmqwW7ZwzSdTScmmZhMQqrg5/GgX8abR0+LiN/BTNKsiAffOcyPd97nfR6Yz79AO03Ao022TmkkxkHmkSgVUZQSlwY0EYclQU5TyjCo61oLtCzQqQZeopiBx1atl3Z66UovXenLwUML3Fgjhhi4Y/koR1KAIk+as4RE3mGRgHu7FC6NUhpgEdb3386giMvAD/8fuDT8+alDvy/mly1wfQnaK68Ke3f5r3n5esFf34GP4GaZMkIh5twq4ixpFCJXiDvFl6/O5Y/7H8wqUJmsw8CtByrkh5NhyGVxkmXOda8h9Zm2r6vNnGE0czUZVWXcv9NsluVmHxz92cy57jWkjJ/v9vEOHDVzNY37/DDQLhhOQga+7S21cIMGw7IWeteCw6b0ldZHOluRyek89Kcnr1Vb7ubH1ljNFC+3fVxYI8d+X6zHZp6HZ903B/0z/NYKZs5F/sp3NcM+9pBJyMQ8QcTs21tNzbeuM1IiOFTm29LAh9DQT6GzfzDzF5Xn0dHeUg6Xk6kxOxd6vZ7ghSjHUa/+44EiqgOGUwZpGJMAC09WGQnWZkJpTnD6VHghpBgl7oZLb/8GEorBy9gCAAA=[0m[8mha:AAAAYB+LCAAAAAAAAABb85aBtbiIQSmjNKU4P0+vJLE4u1gvPjexLDVPzxdEGvvmZ+X75ZekLlOVfvTjc8FPJgaGiiIGKaiG5Py84vycVD1nCA1SyAABjCCFBQCV27OjYAAAAA==[0m[INFO] --- gmaven-plugin:1.4:testCompile (buildGroovies) @ search ---
[8mha:AAABTh+LCAAAAAAAAACFjsFKw0AQhsdoNHjUmyAERb0lqUSx9KRpU4RYDwVBgoe1jTGS7sbdTYkIPo8HfRnfwFMR8R3czWYr4sGZw37M/v/M//IFJqOwe1uOGcFOkZdphpmDMMtGJCfUORYUSBoQnoCqBQOMCKxacIYKDnuR8ruN35373blfCDsRLI0RRxzWojs0RW6OcOoOOc1w2qkobDQpRgQzkidOoN7fl6EqROCd/wOLg5/PFnm/HM4MWIzBvE7rsOvx3+Pi90b+3sMTLIuUGE0SyUZVlFQ7HOlwGsfr28XsY/OxXwcSySwOK9t+IFtSGHqiJHmeZDXT5B8e7Z/4WheGWqcorKuU9y292fP0vqD7s1mymmlq9drNPjkJulqnqHcgm4NZ8YROOGzFp4Pw/MoOyKTI8mRst9p2nxIyfbBHOWIsYavfAS1MDSECAAA=[0m[INFO] Compiled 19 Groovy classes
[8mha:AAABOR+LCAAAAAAAAACFjsFKxDAQhsdqtXjUmyAIot7SKlWUPbndrQh1PSwIUjzE3Vor3aSmqRQEn8eDvoxv4GkR8R3MNM2KeHDmkI/J/8/8L19glwK2b6txyRkp8irNWEkoK7MRz7kgx4oCpAGXCeias8CKwGkEZ7SQsBNpv9v63ZnfnfmVsBPBwphKKmEluqMP1M0pS92hFBlLO7WAtTbFiLOS5wkJ9Pv7MtSFCrz1f2B18PPZ4e+Xw6kF8zHY12kTdjX+e1z93uDvPTzBokrJ6CRBtuqiEsZB0EFax+vbxfRj/fGkCaSSORKWNv0AGykMPVVInoesZ4b8g8O9rm90YWh0msKmKrzvmM2eZ/YFvZ/NyHpmaLd/1O7DSdAzOk39fWwJdi0TMZHgxKeD8PxqY/kbaqkK+wcCAAA=[0m[INFO] 
[8mha:AAAB5h+LCAAAAAAAAACFkU2L00AYx8dqtXjUm4sQEN8oeSupG7ss2Eyb0N3YZqkGu2EP03SaJualJpOQKvh5POiX8ejN0yLid3AmaVbEg88c8ptnnv/z/0M+/wLtLAWPNvkqS2JhG+aeH2cCijPfTcIkFYaUIKNpQjCo61oLtEzQqQZeoi0Bj81aL+714pVevNLTwSMT3Fghggi4YwaoQGKIYk+ck9SPvaMyBff2KdwkzpIQC7D+/u0Myi0N/PD/ganhz0+d5PtiftkC1x3QXnpV2LvOv+b0dc1e34GP4CZNGaMIM26V2zxtFAJTCHvFl6/25Y/7H4wqEE3WIeDWAwWyw0jXJVqMJIlx3WtIeab2NKWZ0/Vmria9qpz5d5rNktTsg6M/mxnXvYbk8fP9PtaBo2aupnGfHQLaJcFpRMC3A0eNNmgwpLXQuiYcNqUt1T7SyNKfnM2jYHr6WrGkbnFijpVc9gorwKU5sq335WpsFEV03n1z2D/Hb81wZq+LV4Gr6taJhwzfnxinyDf61k5Vip1rj+QYDuX5jhoEEOraGbR7h7NgUXkeHx84UuRMpvrsguN5notQgWM+y1O89lPM1/960BNkaUBwRrgnK7xGeUh4dnvKveAyjFJ3w7S3fwMCzJ5F2QIAAA==[0m[8mha:AAAAYB+LCAAAAAAAAABb85aBtbiIQSmjNKU4P0+vJLE4u1gvPjexLDVPzxdEGvvmZ+X75ZekLlOVfvTjc8FPJgaGiiIGKaiG5Py84vycVD1nCA1SyAABjCCFBQCV27OjYAAAAA==[0m[INFO] --- maven-surefire-plugin:2.10:test (default-test) @ search ---
[8mha:AAABgh+LCAAAAAAAAACFkc1Kw0AUha/RanCpO0EoiH8LM1GqqF1p2oiQ1kVAkOJimk7T1DSTzkxqRPB5XOjL+Aauiojv4Ex+KuLCO4v5uHPPuQfm5QsqnMHWIOlxGhlxmPhBxA0c8cCjIWXGmSRLUZsKAnnNaaA5oGcDLRwL2HZyPSr0aKZHM70crDuw0MMCC1hxhniCUYgjH7mCBZFfTxmsFSk8GnEaEsPK79+bIY1l4M3/A8uFn886fb9xpxrMd6DS9bOwq52/y+VrX72O4QkWZcoIj4hiLY0TVioMpTAKxevb9fRj/fEiCyST6QKWNmqWOops25SlyDQV572SakfHB+e1cs62y7mc7KwStV8vnU2z9LMaP86K815J+82Twk91rEY5l1PzUB0BlVQQNhIw7ly27avbqpsw0g8YqTISUyaqPcmeoOzhtIommKEw6KIhie7U1w5plyOXYOYNdlqYS6NddE/ZHY+xRxAnbBLIW2DmE4F4YbyXG/Plb4soDiNwAgAA[0m[INFO] Surefire report directory: /var/lib/jenkins/jobs/Search(Master)/workspace/service/target/surefire-reports
[8mha:AAABMR+LCAAAAAAAAACFjrFOwzAQhq+BQMQIGxITAjY7oIBAnSBtWAJLJSTUybQhBKV2cJwqEhLPw9C+DG/AVCHEO+CL4yLEwN3gT+f/v/tnX+CWEvYfqnEpOCnyKs14SRgvs5HIhSTnmkKka6ESMNVxwInBawRXrFBwEBs/bf106adLvxZ2Y1gdM8UUbMaPbMpoznhKB0pmPO3WErbbFCPBS5EnJDTv78tQFzrw3v+B9cHPV0+83w4WDqwMwb1Lm7Bbw7/H9e89/j7BC6zplJxNEmSnLippHQQdpHXM324WHzvPl00gncxTsL4bhNhIUeTrQvJ9ZDOzFJycHl0EVhdFVmcoaqrC+57d7Pt2X9j72YxsZpYO+2ftPpyEPasz1D/GVuDWKpETBZ2Nbxim58gAAgAA[0m
[8mha:AAABNR+LCAAAAAAAAACdjrFKxEAQhsdoNFhqJ1iJWrkbJcrJVZq72ESbA0GuWu9ijOR242ZzBASfx0JfxjewOkR8B3ey2ROxEJwp9mP2/2f+509wSwk7t9W4FJwUeZVmvCSMl9lI5EKSE00h0oVQCZhacMCJwWsE56xQsBsbP239dO6nc78WdmNYGjPFFKzFd2zKaM54SgdKZjzt1hI22hQjwUuRJyQ078/LUBc68PbfgfXBjydPvF0NZg4sDsG9Tpuw68Pfx/XvDf7ewyMs65ScTRJkpy4qaR0EHaR1vLxezt43H86aQDqZp2BlKwixkaLI14Xk+8hmZik46hycBlYXRVZnKGqqwvue3ez7dl/Y+96MbGaW9vvH7T6chD2rM9Q/xFbg1iqREwWdvf/V6hdjsPiwNwIAAA==[0m-------------------------------------------------------
[8mha:AAABOR+LCAAAAAAAAACFjsFKxDAQhsdqtehNb4JQEPWWVqmi7Em7rZfqpSLInuJurSvdpKapFASfx4O+jG/gaRHxHcw0zYp4cALJx+T/Z/6XL7ArAdu39ajijJRFnY9ZRSirxkNecEGOFYVI51xmoGvOAisBpxWc0VLCTqL9Xuf3Zn5v5lfCXgILIyqphNXkjj5Qr6As91IpxizvNQLWuxRDzipeZCTU7+/N0JQq8Nb/gdXCz2eHv1+lUwvmB2Bf523YtcHf5er3Bn/v4QkWVUpGJxmy1ZS1MA6CDtI5Xt8upx8bj6dtIJXMkbC0GYR4kOLYV4Xk+8i6Zyg4ONw7CYwujo1OU9xWjfsdM9n3zbyw/zMZWfcM7UZH3TzshH2j0xTt45FgNzITEwkr7oUbuam60+Vv763aYgoCAAA=[0m T E S T S
[8mha:AAABNR+LCAAAAAAAAACdjrFKxEAQhsdoNFhqJ1iJWrkbJcrJVZq72ESbA0GuWu9ijOR242ZzBASfx0JfxjewOkR8B3ey2ROxEJwp9mP2/2f+509wSwk7t9W4FJwUeZVmvCSMl9lI5EKSE00h0oVQCZhacMCJwWsE56xQsBsbP239dO6nc78WdmNYGjPFFKzFd2zKaM54SgdKZjzt1hI22hQjwUuRJyQ078/LUBc68PbfgfXBjydPvF0NZg4sDsG9Tpuw68Pfx/XvDf7ewyMs65ScTRJkpy4qaR0EHaR1vLxezt43H86aQDqZp2BlKwixkaLI14Xk+8hmZik46hycBlYXRVZnKGqqwvue3ez7dl/Y+96MbGaW9vvH7T6chD2rM9Q/xFbg1iqREwWdvf/V6hdjsPiwNwIAAA==[0m-------------------------------------------------------
[8mha:AAABWh+LCAAAAAAAAACFj8FKxDAQhsfqavGoN0EQRL2lVVZRxIN2t16qB7sIsqfYjd263aQm6VIQfB4P+jK+gadFxHcwaZoV8eDkkK+T/5/5+/IFLcFhe1gOBKOoyMs0owJhKrKE5YyjU0WBpksmCZiac8CJwK0FF7iQsBMZv9f4vZnfm/mV8DiChQGWWMJKdI8n2MsxTb1Y8oymxxWHtSZFwqhgOUGBuX9vhqpQgbf+D6wWfj677P0mnjow34fWbVqHXe3/Xa5e7/TrAzzBokpJ8Zhodqqi5NaBtAM1jte36+nH+uN5HUglcyUsbbYDfTSFoa9Kk+9rNj1L7YPDvbO21YWh1RkK6yr1ftdO9n07L+j8TNZsepZ2u0fNPN0JOlZnqLuvj4RWJQkfSzi5KilVf7ORsDHiOBmJAicECYJ5MlQXn2Tqs5clIyLjuhmbXo8IufwN9/e/zjwCAAA=[0mRunning com.rackspace.search.service.TicketSearchServiceTest
[8mha:AAABiR+LCAAAAAAAAACFkU8vxEAYxl/LsnHkJpFMIrgwrf3D4kSpSGodiEQ2e5htZ6vUTE2nUiE+jwNfxjdwEhHfwUy7syIO3jn0l3fe53mfTJ+/oJoKWLrIgpQznMRZGLEUE5ZGPo+5wDuKHE0dLimUNVaBige1YuCIJBKWvVJvDfXWSG+N9Gpw24OJgEgiYca7JLfEigkLrRMpIhZu5wLmhil8zlIeU+yU39+bIU9U4MX/A6uFn081/nZ+8l6B8S5U+2ERdrb7d7m6HejbG3iESZWSkWuquZInmTAKrBV4qHh5PXv/mL8/KAKpZDUJUwtNRx9Nrmur0mTbmsueoeZ6u77bNHOua+ZKcovK9P6acbZt4+fs/ThrLnuG1vY3h3664+yZuZL2W/pIqOaSimsJSd3earS27I2VxmYbPawedtxjFDHkX+AbnuKYh33iX2E/Jql6XuzxMKRC/RVJc9kN6IBkseyhVeTwLA5Q5/gUDSIWIEFTngmfoq5xCAXnt3e96W942CgQbwIAAA==[0m20:35:07,398 |-INFO in ch.qos.logback.classic.LoggerContext[default] - Could NOT find resource [logback.groovy]
[8mha:AAABix+LCAAAAAAAAACFkUEvxEAUx59l2Thyk0gmEVzstFjscqJUJLUOKxLZ7GG0s1VmZ9bMVJoQn8eBL+MbOImI72Bm2xJx8ObQX968///9M336hKqSsHSZRkpwPGRpnHCFCVdJKJiQeNeQZ6ktNIW8xipQCaA2GjgmQw3LQa53Cr3zrXe+9WZwJ4CJiGiiYSa4IrfEYYTHTkfLhMc7mYS5IkUouBKMYi///t4M2dAEXvw/sFn48VgTr+edtwqMd6F6EY/Cznb/Lje3fXt7Aw8waVJyMqCWK9kwlaUCWwUuFM8vZ2/v83eHo0AmWU3D1ELDs8eS77umLLmu5bxXUmOzubbXKOd8v5zLyR9VavfXSmfXLf28/R9ny3mvpNWDVuFnO95+OZfTwYY9GqqZpnKgQa652+sb2+7Wynqrie7rR23/BCUchZf4RijMRHxBwmscMqLM8+JAxDGV5q9omuluRPskZbqH6sgTKYtQ++QU9RMeIUmVSGVIUbdwqGuqNM4GrDf9BVHOA/VxAgAA[0m20:35:07,398 |-INFO in ch.qos.logback.classic.LoggerContext[default] - Could NOT find resource [logback-test.xml]
[8mha:AAABwR+LCAAAAAAAAACFks9uEzEQxodAIOIINyQkS4h/ErWXNoU2PcG2i5C25RAJCa16mGyczSaOvbW9YSUQz8MB3oFn4A04VQjxDti7cQFxYHzwT+P5Zj7Z/vQT+kbDvXk9NUrSStRFKQ1FacpcCaXpM0expxNlOXRxqQe9FAZtwTFWFu6nnZ5t9OxCzy70rvAghStTtGjhRrrANTKBsmBjq0tZHDQabm1c5EoaJTiNu/3vydBUzvDd/xt2A398HKhvb8bnPbicQX9StGZvZv8Od6czf3oGH+CqcylxxT33mqrWQUG9gm4Un7++Pv9++92L1pBzNrBw7c4w9stTkkQuPEWR5y4XaPhkb/v5MNQlSajrKGmj9vMHoXMUhX7x4e/OnrtcoMdH+5t+PhMfhrqOjnb9stBvLNcrC1+2o9HO7ih6+mhnf4+833p5krwipST5nJ4pQ4UqJpgvaS7QuOulqSoKrt2rWN7YbMpnWAt7SrZIomo5JZobVeuckywIm5U4JWhJNisFH7E1aibKCVtwufS/ZKEmho056nz+4BiN8/SQvVV6aSrMOTNcr0u3W9QFt6w1wQ37s/f1X8V5tzC/AgAA[0m20:35:07,398 |-INFO in ch.qos.logback.classic.LoggerContext[default] - Found resource [logback.xml] at [file:/var/lib/jenkins/jobs/Search(Master)/workspace/service/target/classes/logback.xml]
[8mha:AAABhB+LCAAAAAAAAACFkc9Kw0AQxsdoNXjUmyAsiHqxm1hT/7SnmjYixHooCNLTJk3T1HQ3TTYSUHweD/oyvoGnIuI7uJs0FfHg7CG/nZ1v5mPy8gWVJIa9UTpIGMVRmPoBTTChSeCykMW4JciU1GXcgyKWFFBsUPOCKxJx2LcLvTbXawu9ttCLwqYNKwPCCYcNe0zuiRYS6ms9HgfUb2YxbM1duIwmLPSwWXx/T4YsEoZ3/zcsBn4+q+z9tjdTYLkPFcfPzW72/w4Xr0P5OoUnWBUuKZl4kpUsSuNSgaUCzxWvbzezj+2Hi9yQcKZyWNsxTHkkWZYuQpKuSy5yJRnHp7Vzo6yzrLKuICuPVM5Xy866XvYz2z+dJRe5kg47Z/N+MmO2y7qCOnV5OFQy7sUTDkFNbxzVG/rJQb1moMfqZde6RgFF7ghPWYJD5jvEvcNuSBKxXjxmMaGYuDwQmxc/Zxj4aUzkrZXnUBUNPCf1EeFiSU7KPUQZR4nH178B1+Yv02gCAAA=[0m20:35:07,524 |-INFO in ch.qos.logback.classic.joran.action.ConfigurationAction - debug attribute not set
[8mha:AAABmB+LCAAAAAAAAACFUctKAzEUvVarxaXuBCEg6kYzo219ruq0I0KtoCBIcZFO0+nUMRkzGako/os7F/oz/oErEfEfTGYmFVHwZpGTm3POPSRPn1CMBSz1k27MGY7CxA9YjAmLA4+HXOCaQo5GLS4pZDVWgEITSinhkEQSlpuZ3sr11khvjfSKuNuEiS6RRMJMc0CuiRUS5lsnUgTM3x0KmMtTeJzFPKTYyfafk2EYqcCL/wdWAz8eS/z17OStAONtKHb8NOxs+/dwddvTt1dwD5MqJSOXVOPCMEqEUWCtwLni+eX07X3+dj8NpJKVJEwtVBy9NHJdW5VGtq1x1jOosrG1vlcxPNc1vAy5aSV6fsk427bxc+rfzhpnPYPWGtu5n+44dcPLUKOql4TiUFJxKeFh3d4pV3fszZVquYruVg9a7hEKGPL6+IrHOOR+h3gX6j8ExQMuCMPEk4F69loUUdalopYe0SqqdXgikeRKHUvCZEAkRSRnId5D8iaiqP2XseBhqF4UH2e7G4TU2J9PfwHlWsdEoAIAAA==[0m20:35:07,535 |-INFO in ch.qos.logback.core.joran.action.AppenderAction - About to instantiate appender of type [ch.qos.logback.core.rolling.RollingFileAppender]
[8mha:AAABgx+LCAAAAAAAAACFkc1Kw0AQx8dotXjUmyAERL3YTaypH+2ppk0pxBYUBCketmmapqa76WYrAcXn8aAv4xt4KiK+g7v5qIgHZw/729n5z/zZffmCQsRgbzQbRJSgMJh5PokQJpHv0IAyVBdkSupQ7kIaSwooNhSTggsccti3U72W6bWFXlvoRWHNhpUB5pjDhj3G91gLMPG0K8584tViBluZC4eSiAYuMtP992SIQ2F493/DYuDnc5G+31zNFVjuQaHvJWY3e3+Hi9uhvJ3CE6wKlwRPXMlKHM5YrkBSgTLF69v1/GP7oZUYEs6KHNZ2DFMuSZali5Ck65LTXE7G8Wn53MjrLCuvS8lKYibnF/POup73Mxs/nSWnuZwOm2dZP5kxG3ldSs2KXBwKMXfZhMOwrFePKlX95KBilNXHUrtjdVWfqM4ITWmEAur1sXMn/oO5aEwZJgg73BfPXg9DlwxcVk+Oaknt4Il4FRVneRVHau+ya9vtTut2/RuFDwv8ZQIAAA==[0m20:35:07,542 |-INFO in ch.qos.logback.core.joran.action.AppenderAction - Naming appender as [ROLLING]
[8mha:AAABfB+LCAAAAAAAAACFkc1Kw0AUha/VanGpO0EIiLqxk1hbre3Kpo0ItYoVRboa0zFGpjPpzETqDz6PC30Z38BVEfEdnGmairjwziIfd8659wx5+YKsFLB2HXclZyiicRAyiTCToc8pF2hPk2uoxRWBpKYykGlCbiQ4xJGC9Wbit8d+e+K3J34trDZhposVVrDQvMG32KaYBXZbiZAF1YGApXEKnzPJKUFu8v29GQaRDrz6f2C98PM5x98v2sMMTHcgexmMwi52/i7Xt1fmtg9PMKtTMtwjhjODKBapAxkHGjte386GH8sP+6NAOllOwdxK0TXHkOc5ugw5juGkl1Jxu1yoFVOd56W6hLxRxWZ/Lp3sOOk8t/4z2XDSS2mzsTueZzpuPdUl1CiZoyA7UET0FHQKTmWrVHF2NsqbjvWYP2h5R1bILB/1EdW/QRAkOKX6veg07JEalqR7kjSOOQ39OytvnYeUWrEkVnBv+bwXCSJlyNn8NyP8YmxaAgAA[0m20:35:07,810 |-INFO in c.q.l.core.rolling.TimeBasedRollingPolicy - Will use gz compression
[8mha:AAABwR+LCAAAAAAAAACFkc1OGzEUhW/TBqIuYVcJyRJKu2E8Qxp+CqsyyaBISagIbVWxQO6MM3Hl2IPtQUH8PA8LkPosfYOuUFX1HWrPZKgQi14v5tP1PeeekW//QF0reD3JEy0FznieMqExEZrFkkuF31sKHQ2loVDWsxrU+tAoBgYkM/CmX+r9ud5/0PsPeju424cXCTHEwFL/GzkjPici9UdGMZHuzhS8mqeIpdCSUxyW38ebYZbZwM3/B7YLf9805M8vo/saPD+G+te0CLt8/HS5vR2721O4hgWbUpApdVybZbmqFNgp8Fxx9+PT/a+Vi/0ikE3WMLC42g7dcRRFgS1HQeC47FXU3txu7bWruSiq5kqKisrd/kblHASVX9j55+y47FW03n0393OdsFPNldTdcMdAfWaomhr43gp23m7sBFtr2+stdOn1htEBYgLF+BRz+wyKYiU5t/+Lj9iU7hFNk8Oy8UFyFp8jD31mnKNcU2QmFGXEWGdrIKdY5wITorF9HkNETA+lNCe90cnHYacb9Ybdjs9lqn1NiYonXjO5OLflDQZeklzhJkNjqQpPEht2RtGYcfryL4ECMPOvAgAA[0m20:35:07,812 |-INFO in c.q.l.core.rolling.TimeBasedRollingPolicy - Will use the pattern com.sun.aas.instanceRoot_IS_UNDEFINED/logs/search-%d{yyyy-MM-dd}.%i for the active file
[8mha:AAAB2B+LCAAAAAAAAACFUUFv0zAYNR3dKo5wQ0KyhLpcFidru61sl3Vpgyq12UQLEtphchM39ZbYme1M3Qb7PTvAn+HAndOEEP8Bu2k6IQ58PuTp83vve8735TeoSgE2Z3kkOUNZkseUSYSZpCFPuEAdjTyDAq4IKOpJBVQGoLYgDHGmgDUo9M5S76z0zkqviQcD8DTCCivwfHCOr7CTYBY7IyUoiw/mArxcpgg5kzwhyCu+f08G80wHrv8/sB74677Gf3wcPVTA2imoTuJF2Ben/w7Xt1NzewnuwLpOyXBKDK7Ms1yUCmQUaKn4+u3Dw89Xt28XgXSymgIbr1ueOQb5vqvLINc1uOiVqLXbbhy1Sp7vl7wC+YvKzfxa6ey6pZ/XfXQ2uOiVaLv3ZulnOl635BWot2OOAtW5IiJV4HvD3W/u7Lt7W+3tPfjJ7gf+MaQMhjN0ySVKeDzB4YXehyBI8CSh5v30hnRYNKYpOcKSRH7QGZ8cNpuk0WhPQmjD8YxAvWUCM6z0GAaphNa1Lns4tKPIglPBUzilCYHmN69oVshTJHOGMJZI71RhFpJ3nKuz/ujsfdDt+f2g13V0KOlIgkU4s+vR7aPxZ1SnKL6x0LM/eSMUVdUCAAA=[0m20:35:07,817 |-INFO in ch.qos.logback.core.rolling.SizeAndTimeBasedFNATP@33e228bc - The date pattern is 'yyyy-MM-dd' from file name pattern 'com.sun.aas.instanceRoot_IS_UNDEFINED/logs/search-%d{yyyy-MM-dd}.%i.gz'.
[8mha:AAABjB+LCAAAAAAAAACFkc1Kw0AUha/VanGpO0EIiLqxk/RPa7uxTY0IsYoVQbqaJmM6Np1pJ9NSVHweF/oyvoErEfEdnGkaRVx4Z5GPO+fce4Y8fUI6ErDVHfkRZ2gQjgLKIoRZRD0ecoFqimxNTS4JxDWXgpQLmangBA8kbLux35z5zW+/+e1XwqoLCz6WWMKKe4PH2AwxC8yWFJQF1YmAtVkKj7OIhwTZ8ff3ZpgMVODN/wOrhR+PGf561XpLwXwb0p1gGna1/Xe5ur3Wt0N4gEWVkuE+0ZyaDEYicSDtQDPH88vl2/v63dE0kEqWkbC0UbT10eQ4lipNlqU57iVU3C3n68VE5ziJLiZnWiO9P5NMtqxknt34maw57iWUO9yfzdMdu5HoYjos6SMhPZFE9CX08lalUKpYezvl3J5xnz1uOqcGZYbXRUMeoZAHHez11P8QBAkehlS/n96SGvMvaJ/UcUR8p1m7ODsoFEg+X+54RtY4V8IsHxNhYGn0qc9o0JVo+QuTXmN4agIAAA==[0m20:35:07,817 |-INFO in ch.qos.logback.core.rolling.SizeAndTimeBasedFNATP@33e228bc - Roll-over at midnight.
[8mha:AAABqR+LCAAAAAAAAACFkcFu00AQhodAwOqR3iohrVRRLmTt2Amk6aWJE6NKSUBKWqnKaWMvzoKz66w3yKJVX6AvwgFehjfoKaoQ78BuHAehHpg9+PPs/8/8lr//hmom4Wi+ijLBcZqsYsYzTHjGQpEIiTuafEMjoSgU9agClQFYG8GQpApeDQq/vfXbO7+982vhyQCeREQRBc8Hn8gXYieEx/ZYScbjk1zCwTZFKHgmEor94vnvZshTHfjl/wPrhb++WeLucryuwOMpVGfxJuz+9OFyffvR3C7hBp7qlJwsqOFKnq5k6cDGgbeOHz8v1vcvrt5tAulkloJnhw3fHENB4Ogy5DiGi15JjTctt9sodUFQ6goKNrUy+61ysuOU8/ze38mGi15J9f7xdp7p+L1SV1C/aY6Caq6oXCi4dZ2212w7b1+3XBdd185GwXvEOArneCkynIh4RsLP+n9IiqVIEma+n32lHR5N2IJ2SUajYNSZfDj1POq6rVmIamhMldJCPYcpRhKUUslEhJRAQ8HRkEhUbyGzuNH2HHQ+8fVL3dv7A98DbDiKAgAA[0m20:35:07,822 |-INFO in ch.qos.logback.core.rolling.SizeAndTimeBasedFNATP@33e228bc - Setting initial period to Mon Mar 18 20:34:30 UTC 2013
[8mha:AAABsR+LCAAAAAAAAACFkcFqGzEQhidO3Joe01uhIChtLrZ269itG5/cTdYUNg7YISGYHORddb2tLK0lbXBoyeOEHpqXyRvkZELIO0Ty7rqUHjo66GNm/plf6PcjVJWEd9MsUoLjlGVxwhUmXCWhYELiniHP0kBoCnlsVKASQG3VcEhSDTtBrncKvbPWO2u9aewGsBURTTRsB9/IBXEY4bEz0jLhcXch4VXhIhRcCUaxl99/b4ZFagy//b9hs/DhV03cnY2WFdgcQ3USr8y+HP+73FS/2uocruCZccnJjFquLNJMlgpsFbhQ3NyeLO9f/+ivDBlnNQ3P37Q8eyz5vmvCkutaznMltT50mp9bZZ/vl305+avI7P5aOdl1y3ne/p/JlvNcSe8PPhXzbMbbL/tyOmjbo6G60FTONFw33b3d9p77sd5pd9DPxmlvOEAJR+EUz4XCTMQTEn43/yEploIx83A8zG8/YbSXppRHVI6HR0HwZdA/Rw10PE0UIkUBcYGY4LEhEs0SbSqIkUuRaUQsq2zSCMUsFZxyXUeKmjxHlIfCis2/akoi/OIJdge27qUCAAA=[0m20:35:07,858 |-WARN in ch.qos.logback.core.rolling.RollingFileAppender[ROLLING] - This appender no longer admits a layout as a sub-component, set an encoder instead.
[8mha:AAABqB+LCAAAAAAAAACFkc9O4zAQxodCl4oj3JBWsoSACzhZaHcLnEpoEFIoUkGLUMXBTU0IuLZxHCgC8SA8AYfdl+ENOCGEeAfs/GGF9sD4MD/NzDfzRfnzBtVEwcJpOkgEx5KlUcwTTHgSh4IJhVuGPEsdoSnkMVaBSgC1bGCXSA2LQa53Cr3zoXc+9GZwI4CJAdFEw3RwRi6JwwiPnH2tYh5tjBTMFi5CwRPBKPby/PkyjKQxPP+1YXPw9aEmno72nysw3oNqP8rMzvT+P266J7Z7AXfwzbjkZEgtV0YyVaUCWwUuFH8ffz+/fL/ZzgwZZzUNk3N1zz5Lvu+asOS6lvNaSfWfzZXNejnn++VcTn4Wqb1fKze7brnP2/q32XJeK+lHe63YZyveVjmXU7thn4bqSFM11HC/4q6vNtbdX0vNRhPdLh+2uh0UcxSe4guRYCaiPgnPzf9QFCvBmPlw3M2zHzPakpLyAVW97l4Q7HS2j9EyOhCI8iRVFIViKImO+zGL9fUSulJESiNE1yJViBGTtL0VZHRYdNs8FGYjnnoHgAqtTpkCAAA=[0m20:35:07,858 |-WARN in ch.qos.logback.core.rolling.RollingFileAppender[ROLLING] - To ensure compatibility, wrapping your layout in LayoutWrappingEncoder.
[8mha:AAABrx+LCAAAAAAAAACFkUFP2zAUx9/KCtWO4zYJyRIaXMAJrIWuPZW0QUihSK20aap2MImbBFw72A7qtGlfZdcd2JfZN9gJTRPfYXZTgxAHng/+6fn9/+8f5eYO6krCVlYmSnBcsDLNucKEqzwWTEjcMxRYGgpNoaoXNahF0FgMnJJCw3ZU6b2l3rvXe/d6M9iN4GVCNNHwOrog18RjhKfeWMucp925hDfLFLHgSjCKg+p+vBnmhQn89vnAZuG/nw3x59P4tgYrE6ifp4uw65Ony83r1L5ewXdYNSk5mVHLtXlRSqfAVoGXil+/P9z+3fh6vAhkkjU0rG02A3sshaFvypLvW656jpoH7f2jppsLQzdXUbio0u5vOGffd35B/8HZctVztDd4v/SznaDv5ioatOzRUJ9rKmcafuz7nXetjn+402610bfdj73REOUcxRm+EgozkZ6T+NL8D0mxFIyZD8ej6g5zRntFQXlC5WR0FkUnw+PPaBeNKUWEKYEyrYuO5zkP6xdnXiwSqnCmZ2yTkS+i1CdcaUqSs+mA2zeJpkKihGqSM/XqP0Zj1xaeAgAA[0m20:35:07,858 |-WARN in ch.qos.logback.core.rolling.RollingFileAppender[ROLLING] - See also http://logback.qos.ch/codes.html#layoutInsteadOfEncoder for details
[8mha:AAABrB+LCAAAAAAAAACFkUFLwzAYhj+n0+FRb4IQEPWiadVN5zzNbpVBrbChIEMkdrFWu6QmqQwUf4pnD/pn/AeeRMT/YLKuingwOeThy/t+39vm6ROKUsDSRdqTnOEkTsOISUyYjAIec4HrmhxDPlcUsjVWgIIHpaFgnyQKlr3Mb4381rff+vZr4Y4HEz2iiIIZ75LcECsmLLQ6SkQs3BkImBulCDiTPKbYyc7fk2GQ6MCL/wfWAz8eS/z1uPNWgPEuFM/CYdjZ7t/h+vbc3F7DPUzqlIz0qeHCIElF7sDGgUeO55ejt/f5271hIJ2spGBqoeyYbch1bb0M2bbhrJZTebO6vlvOda6b6zJyhys180t5Z9vO+zmNn86Gs1pOa83tUT9TcRq5LqNmxWwFxYGioq/gYd2ubVRq9tZKtbKN7lZbvnuAIoaCC3zNJY55eEaCK/0egmLB41h/OG5npxvFtJ4klPWo6LYPPK/l752gVVQPVHRDkbaicy1B5k/WUMD7WKYMEyKxfi5FWEDbnKvTVuf00G803ZbfbFjaJC1JidDzNU9/AUtMRZSdAgAA[0m20:35:07,859 |-INFO in ch.qos.logback.core.rolling.RollingFileAppender[ROLLING] - Active log file name: com.sun.aas.instanceRoot_IS_UNDEFINED/logs/search.log
[8mha:AAABrh+LCAAAAAAAAACFkc9KAzEQxsdqtXjUmyAERL1odtXWv6e67UphXaFFQYpI3MZ1dZtsk6xUFB/Gkwd9Gd/Ak4j4DibdriIenDnkx2S+mS/k6ROKUsDCRdqRnOEkTsOISUyYjAIec4GrmhxDPlcUshgpQMGD0qBhnyQKFr1Mbw311rfe+tbrxh0PxjpEEQVT3iW5JlZMWGi1lIhYuNMXMDN0EXAmeUyxk52/N0M/0Ybn/zesF348lvjrceutAKNtKJ6FA7PT7b/L9e25ue3BPYxrl4x0qeFCP0lFrsBGgYeK55ejt/fZ272BIe2spGBiruyYNOS6tg5Dtm04q+VUXt9c3S3nfa6b92XkDiI1+0v5ZNvO5zm1n8mGs1pOK/Wt4TxTcWp5X0b1ikkFxb6ioqvgYdXeXqts2xtLm5UtdLfc8N0DFDEUXOAelzjm4RkJrvR/CIoFj2P9cNzMTjeKaTVJKOtQ0W4eeF7D3ztBy8jUUSJ4QoW6QZFEkiqkOGoHvItlyjAhEusfU4QFtMm5Om20Tg/9Wt1t+PWapVdKS1IitAXNJ5NfjzH16aECAAA=[0m20:35:07,859 |-INFO in ch.qos.logback.core.rolling.RollingFileAppender[ROLLING] - File property is set to [com.sun.aas.instanceRoot_IS_UNDEFINED/logs/search.log]
[8mha:AAABiB+LCAAAAAAAAACFkMFKAzEQhsdqtXjUmyAERL1odq211nqy264Iqx5EQXqKMW63bpNtki0FxefxoC/jG3gSEd/BZLeriAcnh3xM/n/mJ0+fUFYS1nrptRIcJ3EaRlxhwlVERSwkPjDkWToRmkFeUyUoBVDJBMck0bAe5H5n4ne+/c633wj3A5i5JppoWAj6ZEScmPDQOdMy4uH+WMLSJAUVXImYYS+/f2+GcWICr/4f2Cz8eKyI18uztxJMd6F8FWZhF7t/l5vXG/s6hAeYNSk5GTDLpXGSysKBrQNPHM8vF2/vy3eHWSCTrKJhbqXm2WPJ911TllzXct4rqFZvVFu1Quf7hS4nP6vU7q8Uk123mOe1fyZbznsFbXX2JvNsx2sXupw6O/ZoKI81kwMNw6rb3N5pursbjfoWut88OvFPUcQR7eGhUDgW4RWht5jGRJnvxX0hCceE6sj8fMBGLD7IGG0iKgZYGq1KCGVYMSJpD8VWghTTSAvU7rTOD+e/ACfRr1ZwAgAA[0m20:35:07,861 |-INFO in ch.qos.logback.classic.joran.action.LevelAction - com.rackspace.search level set to DEBUG
[8mha:AAABfx+LCAAAAAAAAACFkM1OwkAUha8o2rjUnYnJJEbdyLQgIMIKCiUmFRJRE8NqKLUWy0xpB0Ki8Xlc6Mv4Bq6IMb6DM/3BGBfeWcyXO+fcezIvX5ANAzi4mw5DRrHvTR2XhpjQ0LWYxwJcF6RL6jBuQ1wrGciYoESCc+JzODRjv5r41aVfXfqFsGbC2pBwwmHLHJEZUT1CHbXHA5c6tXkAO0kKi9GQeTbW4/v3Zpj7IvD+/4HFws9nhb3f9BYZWO1DduBEYbf7f5eL11v5OoEnWBcpKRnbkjNzfxqkDiwdOHG8vl0vPnYf2lEgkUzhsLFX1OWRZBiaKEmaJjnupVQsVwqNYqozjFQXkxHVVO5X0smals7Tmz+TJce9lPKt02Se7OjNVBdTqyQPh+yc28GYAylo1eNSVTs5qpTz6DF31jG6yKXIusMTFmKPOQNi3WPLI6H4XjxiAaGYWNwVP2/aM9urR4xy6KLbvUSebKHQ5ogz1Gw1rtqb39z/peZgAgAA[0m20:35:07,861 |-INFO in ch.qos.logback.classic.joran.action.LevelAction - ROOT level set to DEBUG
[8mha:AAABlB+LCAAAAAAAAACFkc1Kw0AQx8dqtXjUmyAsiHqxm1hbP081bUohtqAiSOlhm27TaNyNm60UFH0dD/oyvoGnIuI7uJuPinhw9pAfM/Of+TN5+YJ8JGBjOOpHnOEwGHk+izBhke/ygAtcVWRpanFJIYmZHOQcKMQNJySUsOkkeiPVG1O9MdWrxiMH5vpEEglLzhW5I0ZAmGecSeEz72gsYCV14XIW8YBiK/n+3gzjUBle/9+wWvj5XODvl2eTHMx2IN/zYrPLnb/LVXWgq7fwCPPKJSM3VHNuHI5EpsBagVPF69vF5GP1vhEbUs4KEhbWypZ+mmzbVKHJNDUnuYzKu/ul43LWZ9tZX0J2HCO9v5BNNs1snlX7maw5yWW0XT9I5+mMVcv6EqpX9JOQH0sqbiQ8lczDncqhube1v7uNHorNlt1GPkPuEN/yCAfc6xH3Wv0PQfEVF4Rh4kpfnb0ahpT1qTilg2qcQUVUlZK4Q3UbRNIq0mfso85p23GarUYXSY4c7nlUqFT7vLv4Ddx6MHV+AgAA[0m20:35:07,861 |-INFO in ch.qos.logback.core.joran.action.AppenderRefAction - Attaching appender named [ROLLING] to Logger[ROOT]
[8mha:AAABMR+LCAAAAAAAAACFjrFOwzAQhq+BQMQIGxITAjY7oIBAnSBtWAJLJSTUybQhBKV2cJwqEhLPw9C+DG/AVCHEO+CL4yLEwN3gT+f/v/tnX+CWEvYfqnEpOCnyKs14SRgvs5HIhSTnmkKka6ESMNVxwInBawRXrFBwEBs/bf106adLvxZ2Y1gdM8UUbMaPbMpoznhKB0pmPO3WErbbFCPBS5EnJDTv78tQFzrw3v+B9cHPV0+83w4WDqwMwb1Lm7Bbw7/H9e89/j7BC6zplJxNEmSnLippHQQdpHXM324WHzvPl00gncxTsL4bhNhIUeTrQvJ9ZDOzFJycHl0EVhdFVmcoaqrC+57d7Pt2X9j72YxsZpYO+2ftPpyEPasz1D/GVuDWKpETBZ2Nbxim58gAAgAA[0m
[8mha:AAABZR+LCAAAAAAAAACFjs9Kw0AQxsdqNXjUmyAERL2UJIb4rz1p2ngwemkRpKe1XWM03Y27GwkIPo8HfRnfwFMR8R3czWYr4sGZw/6Y/b6Z7+ULmpzB1k0x5pQ4eVYkKeEOIjwd0Ywy50hSqOicCgy65hrQiMGqBGcoF7Ada79b+92Z3535pbATw8IYCSRgJb5FD8jNEEncvmApSTolg7U6xYgSTjPshPr9fRnKXAbe/D+wPPj5bNH3y/60AfNDaF4lVdjV4d/j8vda/d7DEyzKlARNsOJGmRfMOBzlcGrH69vF9GP98aQKJJNZApY2glC1oijyZCnyPMV6ZijYO/CPA6OLIqPTFFVVqPuW2ex5Zl/Y/dmsWM8M7fQO631qEnaNTlNvV7WAZikwmwg4HWAuuM0K0rb9lh2hNCsY5m3ba9k9xijT2L9L8xyPKx6kE2zjDOVcDfzA8fZ9m+PR8jdEJK6NSgIAAA==[0mTests run: 2, Failures: 0, Errors: 0, Skipped: 0, Time elapsed: 24.072 sec
[8mha:AAABXh+LCAAAAAAAAACFkUFLwzAUx5/VafGoN0EQRL2lVaooA2F26y7VgxNBdopd7KZdUpNUK4Kfx4N+Gb+BpyHidzBpmol48OXQHy///3v/kpcvaAgOm8NiIBhFeVakIyoQpmKUsIxx1FIUajphkoCpGQecGNxKcIxzCVux8Xu135v6valfCZsxzA2wxBKW4mt8h70M09TrST6iabPksFKnSBgVLCMoNN/fm6HMVeCN/wOrhZ/PLnu/6E0cmO1D4zKtwi73/y5Xt1f69haeYF6lpHhMNDtlXnDrQNqBasfr2/nkY/WxWwVSyVwJC+tBqI+mKPJVafJ9zaZnKdjb3zkKrC6KrM5QVFWh97t2su/beWH7Z7Jm07O03Tmo5+lO2LY6Q51dfSQ0Skn4WMLhaUGp+pu1hI0Rx8mNyHFCkCCYJ0OUYknu8YN6Dq7fgpNWIYdd0zwjQi5+A48TGAA9AgAA[0mRunning com.rackspace.search.gateway.core.CoreAuthGatewayTest
[8mha:AAABYx+LCAAAAAAAAACFjsFKw0AQhsdqNXjUmyAERL2UZFuqaHvStBEkemkRpKe1XWM03Y27GwkIPo8HfRnfwFMR8R3czWYr4sGZw37M/v/M//IFdcFh5yafCEa9LM3jhAoPU5GMWcq4d6Qo0HTOJAFTCzWoReCUgjOcSdiNjN+v/P7c78/9StiNYGmCJZawFt3iB+ynmMb+QPKExt2Cw0aVYsyoYCnxAvP+vgxFpgJv/x9YHfx8dtj75WBWg8UR1K/iMuz66O9x9Xutf+/hCZZVSoqnRHOtyHJuHZ52eJXj9e1i9rH5eFIGUskcCStb7UC3pjBEqjQhpNnMLLX3D1rHbasLQ6szFJaV6/uO3YyQ3Rf0fjZrNjNLzf5htU9Pgp7VGerv6ZZQLyThUwmnQyKkcHlOO26r4YY4SXNORMdFDbfPOeMGB3dJlpFJycNkSlyS4kyUAw+hpivIePUbbhtpbkkCAAA=[0mTests run: 2, Failures: 0, Errors: 0, Skipped: 0, Time elapsed: 0.001 sec
[8mha:AAABXx+LCAAAAAAAAACFkUFLwzAUx5/VafGoN0EQRL2lVaYoXtRu3aV6cEOQnWIXu7ouqUmqFcHP40G/jN/A0xDxO5g0zUQ8+HLoj5f//71/ycsXNASHzWExEIyiPCuSlAqEqUhjljGOjhUFms6YJGBqxgEnArcSnOJcwlZk/F7t96Z+b+pXwsMI5gZYYglL0Q2+w16GaeJ1JU9pclhyWKlTxIwKlhEUmO/vzVDmKvDG/4HVws9nl71fdicOzPahcZVUYZf7f5er22t9ewtPMK9SUjwmmp0yL7h1IO1AteP17WLysfrYqQKpZK6EhfVmoI+mMPRVafJ9zaZnqbm3v3PStLowtDpDYVWF3u/ayb5v5wWtn8maTc/Sdvugnqc7QcvqDLV39ZHQKCXhYwlH5wWl6m/WYjZGHMcjkeOYIEEwj4cowZLc4wf1HFy/BSe9NB4R2THtHhFy8Rshky2yPwIAAA==[0mRunning com.rackspace.search.gateway.core.CoreTicketGatewayTest
[8mha:AAABYx+LCAAAAAAAAACFjsFKw0AQhsdoNXjUmyAERL2UJEostj1p2ggSvbQI0tParjGa7sbdjQQEn8eDvoxv4KmI+A7uZrMV8eDMYT9m/3/mf/mCBmewc1NMOCVunhVJSriLCE/HNKPMPZIUKjqnAoOuBQusGOxKcIZyAbux9nu135v7vblfCrsxLE2QQALW4lv0gLwMkcQbCJaSpFsy2KhTjCnhNMNuqN/fl6HMZeDt/wPLg5/PNn2/HMwsWBxB4yqpwq6P/h6Xv9fq9x6eYFmmJGiKFVtlXjDjcJXDrR2vbxezj83HkyqQTGYLWNkKQtWKosiXpcj3FeuZoaB1uH8cGF0UGZ2mqKpC3bfNZt83+8Lez2bFemZor9+u96lJ2DM6Tf0D1QIapcBsKuB0iLngDitIxwmaToTSrGCYdxy/6fQZo0zj4C7NczypeJhOsYMzlPNq4Lb8tsPxePUbDeiPfEkCAAA=[0mTests run: 4, Failures: 0, Errors: 0, Skipped: 0, Time elapsed: 0.609 sec
[8mha:AAABaR+LCAAAAAAAAACFkc1Kw0AUha/RanCpO0EQRN1NolRRuqpp4yb+YIsgXY3TMY1NZ+LMRAKCz+NCX8Y3cFVEfAdnkkxFXHhnkS93zrn3hLx8QUMK2B7lQ8kZytI8TphEmMmE8JQL1NYUGDrjikJVcw44Ebil4BRnCnaiyu/Vfm/m92Z+LWxFsDDECitYie7wA/ZSzGKvp0TC4lYhYK1OQTiTPKUoqJ6/N0OR6cBb/wfWCz+fXf5+3Zs6MD+Axk1chl0d/F2ub2/N7T08waJOyfCEGnaKLBfWgYwD1Y7Xt6vpx/rjSRlIJ3MVLG02A3MMhaGvy5DvG656lpoHh3vHTasLQ6urKCwrN/tdO9n37byg8zPZcNWztNs9queZTtCxuoq6++YoaBSKiomC88ucMf01G4RPkMBkLDNMKJIUCzJCNMVSJaR+I2lCmdL/RNB+QsZUXQhOqJRctIniok+lWv4GfNBEBE4CAAA=[0mRunning com.rackspace.search.elasticsearch.client.CoreTicketProcessorActorTest
[8mha:AAABZB+LCAAAAAAAAACFjs9Kw0AQxsdoNXjUmyAERL2UJGrV/jlp2ggSvbQI0tParjGa7sbdjQQEn8eDvoxv4KmI+A7uZrMV8eDMYX/Mft/M9/IFNc5g6yYfc0rcLM3jhHAXEZ6MaEqZeyQpUHROBQZdcxZYEdil4AxlArYj7fcqvzfzezO/FHYiWBgjgQSsRLfoAXkpIrHXFywhcadgsFalGFHCaYrdQL+/L0ORycCb/weWBz+fbfp+2Z9aMD+E2lVchl0d/j0uf6/V7z08waJMSdAEK7aKLGfG4SqHWzle3y6mH+uPJ2UgmcwWsLTRCFQrCkNfliLfV6xnhhoHzd3jhtGFodFpCsvK1X3bbPZ9sy/o/mxWrGeGdnqtap+aBF2j09TbVy2gVgjMJgJOB5gL7rCctJ29uhOiJM0Z5m3Hrzs9xijT2L9LsgyPSx4kE+zgFGW8HLj+YdPheLT8DfQectxJAgAA[0mTests run: 3, Failures: 0, Errors: 0, Skipped: 0, Time elapsed: 0.078 sec
[8mha:AAABZR+LCAAAAAAAAACFj7FOwzAQho9CIWKEDQkJCQGbE1BBoE40bVgCAwUk1Mm4Jg2kdrAdFITE8zDAy/AGTBVCvAN2HBchBs5DPv++/+7Pyxc0pYDNUTGUnKE8K5KUSYSZTAnPuECHmkJDJ1xRsDXTgEYMXtVwjHMFW7H1+7Xfn/r9qV83tmOYG2KFFSzFN/ge+xlmid9XImVJuxSwUqcgnEmeURTa7+/NUOY68Mb/gfXCz2ePv1/2Jw2YHUDzKqnCLg/+Ltev1+b1Dp5gXqdkeEwNN8q8EM6BjAPVjte3i8nH6uNRFUgn8xQsrLdCcwxFUaDLUBAYtpqj1t7+Tqfl+qLI9VmKqirMfs9NDgI3L+z+TDZsNUfbvYN6nlHCruuz1Ns1R0GzVFSMFZyfFozpv1kjfIwEJrcyx4QiSbEgI0QzLFVK6hvJUsoU6lmxX4lhpUWYKC4eOhSzMyrV4jdjihW8VAIAAA==[0mRunning com.rackspace.search.elasticsearch.client.ElasticSearchClientFactoryBeanTest
[8mha:AAABZR+LCAAAAAAAAACFjsFKw0AQhsdoNXjUmyAERL2UJK2taHvStBEkemkRpKe1XWM03Y27GwkIPo8HfRnfwFMR8R3czWYr4sGZw37M/v/M//IFNc5g5yafcErcLM3jhHAXEZ6MaUqZeyQpUHROBQZdCxZYEdil4AxlAnYj7fcqvzf3e3O/FHYjWJoggQSsRbfoAXkpIrE3ECwhcbdgsFGlGFPCaYrdQL+/L0ORycDb/weWBz+fbfp+OZhZsDiC2lVchl0f/T0uf6/V7z08wbJMSdAUK7aKLGfG4SqHWzle3y5mH5uPJ2UgmcwWsLLVClQrCkNfliLfV6xnhlr7B83jltGFodFpCsvK1X3bbPZ9sy/o/WxWrGeGGv3Dap+aBD2j09RvqxZQKwRmUwGnQ8wFd1hOOs5e3QlRkuYM847j150+Y5RpHNwlWYYnJQ+TKXZwijKuBm33oNF0OB6vfgNZ2PUrSQIAAA==[0mTests run: 3, Failures: 0, Errors: 0, Skipped: 0, Time elapsed: 5.812 sec
[8mha:AAABWh+LCAAAAAAAAACFkcFKxDAQhsfqavGoN0EQRL2lVVZR9uR2t16qB1cE2VPMxm61m9QklYLg83jQl/ENPC0ivoNJ06yIByeHfp38/8xf+vIFLSlge1yOJGeoyMs0YxJhJjPCcy7QsabI0BlXFGzNeeAl4NeCU1wo2EmsP2j8wcwfzPxa2ElgYYQVVrCS3OIHHOSYpcFAiYylnUrAWpOCcCZ5TlFkn783Q1XowFv/B9YLP599/n41mHowP4TWdVqHXR3+Xa5vb8ztPTzBok7J8IQa9qqiFM6BjAM1jte3y+nH+uNJHUgn8xUsbbYjcwzFcajLUBgatj1H7YPDvW7b6eLY6SzFdZVmv+8mh6GbF/V+Jhu2PUe7/aNmnulEPaez1N83R0GrUlRMFHTOS8b012wQPkECkztZYEKRpFiQMaI5liojzRvJM8qU/ieCXlCplr8BoYmQDDoCAAA=[0mRunning com.rackspace.search.elasticsearch.client.CoreTest
[8mha:AAABYB+LCAAAAAAAAACFjkFLwzAUx5/VafGoN0EoiHqRNpMp6k7arYJULxuC7BS3WKtd0iWpFAQ/jwf9Mn4DT0PE72DSNBPx4Mshv7z8/+/9X76gIThs3RYjwaifZ0WSUuFjKtIhyxj3jxWFmi6YJGBqzgEnBrcSnONcwnZs/EHtD2b+YOZXwnYMCyMssYSV+A4/4CDDNAl6kqc0aZcc1uoUQ0YFy4gfmvv3ZihzFXjz/8Bq4eezy96velMH5gfQuE6qsKuDv8vV743+ncATLKqUFI+JZqfMC24dvnb4teP17XL6sf54WgVSyVwJSxutUB9NUYRUaUJIs+lZau0f7J60rC6KrM5QVFWh97t2MkJ2Xtj5mazZ9Cw1u4f1PN0JO1ZnqLunj4RGKQkfSzjrEyGFxwt65KEdL8JpVnAiqkeXc8YN9u7TPCejivvpmHgkw7moGj5CTU+Q4fI31s4Pz0kCAAA=[0mTests run: 0, Failures: 0, Errors: 0, Skipped: 0, Time elapsed: 0.001 sec
[8mha:AAABXR+LCAAAAAAAAACFj8FKxDAQhsfqavGoN0EQRL2lVVZR9qTdrSDVgyuC7ClmY7faTWqSSkHweTzoy/gGnhYR38GkaVbEg5NDv/yZf+bvyxe0pIDNUTmUnKEiL9OMSYSZzAjPuUCHmiJDZ1xRsDXjgZeAXzec4kLBVmL9QeMPpv5g6teNnQTmhlhhBUvJLX7AQY5ZGvSVyFjaqQSsNCkIZ5LnFEX2+3szVIUOvPF/YL3w89nn71f9iQezA2hdp3XY5cHf5fr1xrzewxPM65QMj6lhrypK4RzIOFDjeH27nHysPh7XgXQyX8HCejsyx1Ach7oMhaFhqzlq7+3vHLVdXxy7PktxXaXZ77vJYejmRd2fyYat5mi7d9DMM0rUdX2WervmKGhVioqxgpPzkjH9N2uEj5HA5E4WmFAkKRZkhGiOpcpIcyN5RplCPSv2azGqtQsq1eI3bhR0LkkCAAA=[0mRunning com.rackspace.search.elasticsearch.client.ElasticSearchClientTest
[8mha:AAABZR+LCAAAAAAAAACFjsFKw0AQhsdqNXjUmyAERL2UJIZYqj1p2ngwemkRpKe1XWM03Y27GwkIPo8HfRnfwFMR8R3czWYr4sGZw37M/v/M//IFTc5g56aYcEqcPCuSlHAHEZ6OaUaZcyQpVHROBQZdCw1oxGBVgjOUC9iNtd+t/e7c7879UtiNYWmCBBKwFt+iB+RmiCTuQLCUJN2SwUadYkwJpxl2Qv3+vgxlLgNv/x9YHvx8tuj75WDWgMURNK+SKuz66O9x+Xutfu/hCZZlSoKmWHGjzAtmHI5yOLXj9e1i9rH5eFIFksksAStbQahaURR5shR5nmI9MxS0O/5xYHRRZHSaoqoKdd8ymz3P7At7P5sV65mhvf5BvU9Nwp7RaervqxbQLAVmUwGnQ8wFt1lBDu12y45QmhUM80Pba9l9xijTOLhL8xxPKh6mU2zjDOVcDfzA6fi+zfF49RvBrDRdSgIAAA==[0mTests run: 6, Failures: 0, Errors: 0, Skipped: 0, Time elapsed: 24.822 sec
[8mha:AAABMR+LCAAAAAAAAACFjrFOwzAQhq+BQMQIGxITAjY7oIBAnSBtWAJLJSTUybQhBKV2cJwqEhLPw9C+DG/AVCHEO+CL4yLEwN3gT+f/v/tnX+CWEvYfqnEpOCnyKs14SRgvs5HIhSTnmkKka6ESMNVxwInBawRXrFBwEBs/bf106adLvxZ2Y1gdM8UUbMaPbMpoznhKB0pmPO3WErbbFCPBS5EnJDTv78tQFzrw3v+B9cHPV0+83w4WDqwMwb1Lm7Bbw7/H9e89/j7BC6zplJxNEmSnLippHQQdpHXM324WHzvPl00gncxTsL4bhNhIUeTrQvJ9ZDOzFJycHl0EVhdFVmcoaqrC+57d7Pt2X9j72YxsZpYO+2ftPpyEPasz1D/GVuDWKpETBZ2Nbxim58gAAgAA[0m
[8mha:AAABOR+LCAAAAAAAAACFjsFKxDAQhsdqtexRb4IgiHpLq1RR96TdrZfqwQVB9hR3a610k5qkUhB8Hg/6Mr6Bp0XEdzDTNCviwZlDPib/P/O/fIErBWzdVmPJGSmLKsuZJJTJfMQLLsixpgjpnKsUTM054CTgNYIzWirYTozfb/3+zO/P/FrYTWBhTBVVsJzc0QfqF5Rl/kCJnGXdWsBqm2LEmeRFSiLz/r4MdakDb/4fWB/8fPb4+9Vg6sD8ENzrrAm7Mvx7XP/e4O89PMGiTsnoJEV26rIS1kHQQVrH69vl9GPt8bQJpJN5CpY2wggbKY4DXUhBgGxmlsL9g92T0Ori2OoMxU1VeN+zm4PA7ot6P5uRzczSTv+w3YeTqGd1hvp72ArcWqVioqBzkcqqUHL9qPMNuwXJUgkCAAA=[0mResults :
[8mha:AAABMR+LCAAAAAAAAACFjrFOwzAQhq+BQMQIGxITAjY7oIBAnSBtWAJLJSTUybQhBKV2cJwqEhLPw9C+DG/AVCHEO+CL4yLEwN3gT+f/v/tnX+CWEvYfqnEpOCnyKs14SRgvs5HIhSTnmkKka6ESMNVxwInBawRXrFBwEBs/bf106adLvxZ2Y1gdM8UUbMaPbMpoznhKB0pmPO3WErbbFCPBS5EnJDTv78tQFzrw3v+B9cHPV0+83w4WDqwMwb1Lm7Bbw7/H9e89/j7BC6zplJxNEmSnLippHQQdpHXM324WHzvPl00gncxTsL4bhNhIUeTrQvJ9ZDOzFJycHl0EVhdFVmcoaqrC+57d7Pt2X9j72YxsZpYO+2ftPpyEPasz1D/GVuDWKpETBZ2Nbxim58gAAgAA[0m
[8mha:AAABUx+LCAAAAAAAAACFjsFKxDAQhsfqavGoN0EoiHqRtpZVdPek3dZL9VIRZE9xN9ZqN6lJKgXB5/GgL+MbeFpEfAeTplkRD04O+TL5/5n/5Qs6nMHWTTXmlLhlUWU54S4iPB/RgjL3SFKo6IwKDLrmLLASsBvBKSoFbCfa77V+b+b3Zn4p7CewMEYCCVhJbtED8gpEMi8VLCdZv2aw1qYYUcJpgd1Q3783Q13KwJv/B5YLP59t+n6ZTi2YH0LnKmvCrg7/Lpe/1+r3Hp5gUaYkaIIVW3VZMeNwlcNtHa9vF9OP9ceTJpBMZgtY2uiG6iiKY1+WIt9XrHuGuvsHwXHX6OLY6DTFTVVqv20m+76ZFw5+JivWPUO70WE7T3XCgdFpivbUEdCpBWYTAcE55oI7rCI9J/B3nBjlRcUw7znyETFGmcb0Li9LPJa8/A3azA4QMQIAAA==[0mTests run: 20, Failures: 0, Errors: 0, Skipped: 0
[8mha:AAABMR+LCAAAAAAAAACFjrFOwzAQhq+BQMQIGxITAjY7oIBAnSBtWAJLJSTUybQhBKV2cJwqEhLPw9C+DG/AVCHEO+CL4yLEwN3gT+f/v/tnX+CWEvYfqnEpOCnyKs14SRgvs5HIhSTnmkKka6ESMNVxwInBawRXrFBwEBs/bf106adLvxZ2Y1gdM8UUbMaPbMpoznhKB0pmPO3WErbbFCPBS5EnJDTv78tQFzrw3v+B9cHPV0+83w4WDqwMwb1Lm7Bbw7/H9e89/j7BC6zplJxNEmSnLippHQQdpHXM324WHzvPl00gncxTsL4bhNhIUeTrQvJ9ZDOzFJycHl0EVhdFVmcoaqrC+57d7Pt2X9j72YxsZpYO+2ftPpyEPasz1D/GVuDWKpETBZ2Nbxim58gAAgAA[0m
[8mha:AAABPR+LCAAAAAAAAABb85aBtbiIQS2jNKU4P0+vIKc0PTOvWC8xrzgzOT8nv0jPEchyBrH88ktSGSCAkYmByYeBA6zAN7GghEHdB6JfH6pfH65fH64fqNDah4ElJbEksYRByCcrsSxRPycxL10/uKQoMy/duqKIQQrqiuT8vOL8nFQ9ZwiNajNDRQHQwaqEHQy08PUKjvyHkcHPmRiYoxlYk9LBjhWOxrQcKJsGki1kqGNgA7oyLzE3FcRmqigoLYLp0APp0IPqWHsp7PlL2Wp3sIOALuMoYWBXNnEGQRDLzc0ACEAsAwMQGyIGY5mYWRg5mcDUubnB1EFYbmBQCrKfA2aygQHMPGcXhMkgNkQMxjJ0tYSaBxJxdoGpg7BcTUGwhIG1oiS1KLeEISDa08/NP1aBWoALADftnitPAgAA[0m[INFO]                                                                         
[8mha:AAABPh+LCAAAAAAAAABb85aBtbiIQS2jNKU4P0+vIKc0PTOvWC8xrzgzOT8nv0jPEchyBrH88ktSGSCAkYmByYeBA6zAN7GghEHdB6JfH6pfH65fH64fqNDah4ElJbEksYRByCcrsSxRPycxL10/uKQoMy/duqKIQQrqiuT8vOL8nFQ9ZwiNajNDRQHQwaqEHQy08PUKjvyHkcHPmRiYoxlYk9LBjhWOxrQcKJsGki1kqGNgA7oyLzE3FcRmqigoLYLp0APp0IPqWHsp7PlL2Wp3sIOALuMoYWBXNnEGQRDLzc0ACEAsAwMQGyIGY5mYWRg5mcDUubnB1EFYbmBQCrKfA2aygQHMPGcXhMkgNkQMxjJ0tYSaBxJxdoGpg7BcTUGwhIG1oiS1KLeEISDa08/NP1ZBl0qACwBzBPd0TwIAAA==[0m[INFO] ------------------------------------------------------------------------
[8mha:AAABWR+LCAAAAAAAAACFj9FKwzAUho/VafFS7wRhIOqFmHYyRdnV1q0q1E2oCDJEsq7WSpfUNpGC4PN4oS/jG3g1RHwHk6ZRxAtPLvJx8v/n/Hn+hFqewcYNH+eUoDThUUxyhEkeBzShGWoLciT1KQtB1YwBhgdmKTjBKYNNT/mtym99+61vvxC2PJgbY4YZLHm3+B5bCSaR5bMsJlGryGClShFQktMkRI66f2+GIhWB1/8PLBZ+PJn07cKfGjA7hNooKsMuD/8uF6/X8vUOHmFepCR4Eko2ipRn2oGkA1WOl9fz6fvqw2EZSCQzGSysNR15JLmuLUqSbUtWPU3Nvf2dTlPrXFfrFLllcbnf1JNtW89zuj+TJauepkbvoJonO05X6xT1duVhUCtYmE0YbA2P++7gst7hcTIWv6oHPOCTUZjVbdRA9tWose3326f+0eBs8Qsg+NNtKgIAAA==[0m[INFO] Building cucumber 0.1.0_b1-SNAPSHOT
[8mha:AAABPh+LCAAAAAAAAABb85aBtbiIQS2jNKU4P0+vIKc0PTOvWC8xrzgzOT8nv0jPEchyBrH88ktSGSCAkYmByYeBA6zAN7GghEHdB6JfH6pfH65fH64fqNDah4ElJbEksYRByCcrsSxRPycxL10/uKQoMy/duqKIQQrqiuT8vOL8nFQ9ZwiNajNDRQHQwaqEHQy08PUKjvyHkcHPmRiYoxlYk9LBjhWOxrQcKJsGki1kqGNgA7oyLzE3FcRmqigoLYLp0APp0IPqWHsp7PlL2Wp3sIOALuMoYWBXNnEGQRDLzc0ACEAsAwMQGyIGY5mYWRg5mcDUubnB1EFYbmBQCrKfA2aygQHMPGcXhMkgNkQMxjJ0tYSaBxJxdoGpg7BcTUGwhIG1oiS1KLeEISDa08/NP1ZBl0qACwBzBPd0TwIAAA==[0m[INFO] ------------------------------------------------------------------------
[8mha:AAABOR+LCAAAAAAAAACFjsFKxDAQhsdqtXjUmyAIot7SKlWUPbndrQh1PSwIUjzE3Vor3aSmqRQEn8eDvoxv4GkR8R3MNM2KeHDmkI/J/8/8L19glwK2b6txyRkp8irNWEkoK7MRz7kgx4oCpAGXCeias8CKwGkEZ7SQsBNpv9v63ZnfnfmVsBPBwphKKmEluqMP1M0pS92hFBlLO7WAtTbFiLOS5wkJ9Pv7MtSFCrz1f2B18PPZ4e+Xw6kF8zHY12kTdjX+e1z93uDvPTzBokrJ6CRBtuqiEsZB0EFax+vbxfRj/fGkCaSSORKWNv0AGykMPVVInoesZ4b8g8O9rm90YWh0msKmKrzvmM2eZ/YFvZ/NyHpmaLd/1O7DSdAzOk39fWwJdi0TMZHgxKeD8PxqY/kbaqkK+wcCAAA=[0m[INFO] 
[8mha:AAAB6h+LCAAAAAAAAACFkc1u00AUhYdAIGIJOyokS6j8KIp/KoeaVJWIndhKaxJXBovU6mLsTF279jjYY8sBiedhAS/DngWrCiHegRk7LkIsuLOYT3fuuedI8/kX6OYZeHxRrPIU8+u4CEKc8xDnoZ/GacaPKWmM5ilBoKkbHdAxQa8eeAXXBDwxG72w1QvXeuFaTwcPTHBrBQkk4J4ZwRIKMcSBYJMsxMFBlYEH2xR+ivM0RrzW3H87g2pNA+/+PzA1/Pmpl35f2lcdcNMFXS+ow953/zWnr+fs9R34CG7TlBgmiHGnWhdZq+CZgt8qvnx1rn48/GDUgWiyHgF3HskaO4x0XaTFSBQZN72W5OfKniq3c7rezjWk11Uw/167WRTbfdrkz2bGTa8lafpiu491tEk719B0yA4B3YqgLCHg246rJBdwNKa1VPumNm5L9ZQhVIkXzk7sJJofv5EtsV8emVO5kILSilBlThzrfbWaGmWZnPbf7g9P0aUZL5zz8nXkK7p1FEAjDGfGMQyNobVR5HLjOxMJa2PJ3lCDSNN09URz9vYX0bL2PDzcccXEnc31xRk3GAy4IIElwoPmj0cSL48ChFEGCbJJ4eXcU68I45WRpWkZovwZ95LzC79IPJQx+d3fF4kd/9wCAAA=[0m[8mha:AAAAYB+LCAAAAAAAAABb85aBtbiIQSmjNKU4P0+vJLE4u1gvPjexLDVPzxdEGvvmZ+X75ZekLlOVfvTjc8FPJgaGiiIGKaiG5Py84vycVD1nCA1SyAABjCCFBQCV27OjYAAAAA==[0m[INFO] --- gmaven-plugin:1.4:generateStubs (buildGroovies) @ cucumber ---
[8mha:AAABVx+LCAAAAAAAAACFj81Kw0AUha/RanCpO0EIiLpLUqmidKVpI0qsi4IgxcW0ncZIOhPnRwKCz+NCX8Y3cFVEfAdnMpmKuPAOZD7unHPvycsXNDiDnVs55pT4RS7TjHAfEZ6NaE6Zf6wo0tSjAoOpBQecBNxKcIEKAbuJ8Qe1P5j7g7lfCdsJLI2RQALWkjv0gIIckTToC5aRtF0y2KhTjCjhNMd+ZO7fm6EsVODt/wOrhZ/PLn2/7s8cWBxAY5hWYdcHf5er14l+vYcnWFYpCZpizU5ZSGYdvnb4teP17Wr2sfl4WgVSyVwBK1utSB9NcRyq0hSGmk3PUuvgcO+kZXVxbHWG4qqk3u/ayWFo50Wdn8maTc9Ss3tUz9OdqGN1hrr7+gholAKzqYDm4KwXX954PepxKtkIc29CJRmrL/PO1S97XMihl2KCGRIZJavfY1hw9jACAAA=[0m[INFO] No sources found for Java stub generation
[8mha:AAABOR+LCAAAAAAAAACFjsFKxDAQhsdqtXjUmyAIot7SKlWUPbndrQh1PSwIUjzE3Vor3aSmqRQEn8eDvoxv4GkR8R3MNM2KeHDmkI/J/8/8L19glwK2b6txyRkp8irNWEkoK7MRz7kgx4oCpAGXCeias8CKwGkEZ7SQsBNpv9v63ZnfnfmVsBPBwphKKmEluqMP1M0pS92hFBlLO7WAtTbFiLOS5wkJ9Pv7MtSFCrz1f2B18PPZ4e+Xw6kF8zHY12kTdjX+e1z93uDvPTzBokrJ6CRBtuqiEsZB0EFax+vbxfRj/fGkCaSSORKWNv0AGykMPVVInoesZ4b8g8O9rm90YWh0msKmKrzvmM2eZ/YFvZ/NyHpmaLd/1O7DSdAzOk39fWwJdi0TMZHgxKeD8PxqY/kbaqkK+wcCAAA=[0m[INFO] 
[8mha:AAAB4x+LCAAAAAAAAACFUduK00AYHqvV4qXeuQgB8UTJoSVxY5cFm2kTuhvbLNVgN3gxTafZxBxqMgmpgs/jhb6Mb+CNi4jv4EzSdBEv/OdiPv75TjBffoN2loJHF/kqS2JhE+aeH2cCijPfTcIkFYYUQYamCcGgnmst0DJBpyK8RBsCHpu1Xtzpxb1e3Osp8cgEN1aIIALumAEqkBii2BPnJPVj76hMwb1dCzeJsyTEAqzvv5NBuaGFH/6/MA389bmTfF/ML1vgugPaS68qe9f5N5y+rtnre/AJ3KQtYxRhhlvlJk8bhcAUwk7x9Zt9+fP+R6MqRJt1CLj1QIbsMKTrEh2GJInhetcg+Zna1+SGp+sNr0Z6NTnL7zTOktT4wdGVM8P1rkG98fOdH9vAUcOr0Vhhh4B2SXAaEfDjwFGjCzQY0lloXRMOm9GWqoI0svQnZ/MomJ6+li2pW5yYYznveYUV4NIc2daHcjU2iiI67745VM7xOzOc2eviVeCqunXiIcP3J8Yp8g3F2qpysXXtUS+Gw958SwMCCHXtDNr9w1mwqDKPjw8cKXImU332luN5notQgWM+xVmSpy7O+PqzB31BGeyX3JMVXqM8JFe8p9wLzs3dPFrilPnc/gO1xV4m5QIAAA==[0m[8mha:AAAAYB+LCAAAAAAAAABb85aBtbiIQSmjNKU4P0+vJLE4u1gvPjexLDVPzxdEGvvmZ+X75ZekLlOVfvTjc8FPJgaGiiIGKaiG5Py84vycVD1nCA1SyAABjCCFBQCV27OjYAAAAA==[0m[INFO] --- maven-resources-plugin:2.5:resources (default-resources) @ cucumber ---
[8mha:AAABSR+LCAAAAAAAAACFkMFKxDAQhsdqtXjUm6AsiHprq1RR9qTdrZfqZUGQ4iHbxlrpJjVNpCj4PB70ZXwDT4uI72DSNCviwckhH5P/n/nJyxfYNYPtG5HVlLhVKfKC1C4idZHSkjL3WFKo6JxyDLrmLLBicFrBGao47MTa73V+b+b3Zn4p7MewkCGOOKzEt+geeSUiuTfirCB5v2Gw1qVIKalpid1Q3783Q1PJwFv/B5YLP58d+n45mlown4A9ztuwq8nf5fL1Wr3ewRMsypQETbBiq6kEMw5XOdzO8fp2Mf1YfzxtA8lkDoelzSBUR1EU+bIU+b5i3TMUHBzunQRGF0VGpylqS6j9jpns+2ZeOPiZrFj3DO0Oj7p5qhMOjE7TcF8dDnbDMZtw2EgyPBb5VQ83OBUc9+TPc9xwgcriAS9/A5XpSKMdAgAA[0m[debug] execute contextualize
[8mha:AAABYB+LCAAAAAAAAACFj0FLwzAUx5/VafGoN0EoiO5kW2XKdCftVhHqPMwJMjzENquVmtQklYrg5/GgX8Zv4GmI+B1M2mYiHnw55MfL///ePy9f0OAMNq7ziFNiZ2keJ4TbiPAkpCll9oEkT1GfCgxVzRhgBGCWghOUCWgGld+p/c7U70z9UtgJYC5CAglYCm7QPXJSRGJnIFhC4k7BYKVOEVLCaYptr7p/b4Yik4HX/w8sF34+m/T9YjAxYHYEjau4DLs8+rtcvo7V6x08wbxMSdAtVmwUWc60w1YOu3a8vp1PPlYfj8pAMpkpYGGt5amjyPddWYpcV3HV09TabW8ftrTO97WuIr+sXO039WTX1fO87s9kxVVP01Zvr56nOl5X6yrq7agjoFEIzG4F7I+O+/7ppTXk8ktWc3jmb7abFiYhjVRDUCuk2YM1TlKpx5HFMKc5CzG3F78Bz0LDdTkCAAA=[0m[INFO] Using 'UTF-8' encoding to copy filtered resources.
[8mha:AAABiB+LCAAAAAAAAACFkU9LwzAYxl+n0+FRb4JQEP9dmipTlJ20W0XY5mEgyPCQZnF265KapLMi+Hk86JfxG3gaIn4Hk3aZiAffHPrjzfs87xP68gVlKWDrNu1JztwkTvsRky5mMiI85sI90eQbanNFoai5EpSaUMkHWjhRsN0s9GiqRzM9mun1YK0JCz2ssIKV5gCPMYox66OOEhHr1zIBa9MUhDPJY+r6xff3ZsgSHXjz/8B64edzhb9fdSYlmO9COeznYVe7f5fr2xtzewdPsKhTMjyihktZkgqrcI3CnSpe3y4nH+uPZ3kgnayiYGmj6ptjKAg8XYY8z3DRs1Q9PNo/rdq5ILBzBQV5pWZ/xTp7nvXz6z/Ohouepb3G8dTPdPy6nSuocWCOgnKmqBgpGHfP28HFtSOHUeIwzhyaRVLp5zmCSp4KQuuRoERx8eCgMRYojkI0oGxo/vGAhxJ1KBbkdqeFpXbcRfdcDGWCCUUkJekopAJJQdAIRwxZS7n8Dc/lBOt1AgAA[0m[INFO] skip non existing resourceDirectory /var/lib/jenkins/jobs/Search(Master)/workspace/cucumber/src/main/resources
[8mha:AAABOR+LCAAAAAAAAACFjsFKxDAQhsdqtXjUmyAIot7SKlWUPbndrQh1PSwIUjzE3Vor3aSmqRQEn8eDvoxv4GkR8R3MNM2KeHDmkI/J/8/8L19glwK2b6txyRkp8irNWEkoK7MRz7kgx4oCpAGXCeias8CKwGkEZ7SQsBNpv9v63ZnfnfmVsBPBwphKKmEluqMP1M0pS92hFBlLO7WAtTbFiLOS5wkJ9Pv7MtSFCrz1f2B18PPZ4e+Xw6kF8zHY12kTdjX+e1z93uDvPTzBokrJ6CRBtuqiEsZB0EFax+vbxfRj/fGkCaSSORKWNv0AGykMPVVInoesZ4b8g8O9rm90YWh0msKmKrzvmM2eZ/YFvZ/NyHpmaLd/1O7DSdAzOk39fWwJdi0TMZHgxKeD8PxqY/kbaqkK+wcCAAA=[0m[INFO] 
[8mha:AAAB6x+LCAAAAAAAAACFkc1u00AUhYdAIGIJOyokS4g/Rf6rnDakqkQ8jqO0JkmVYpFGXUycqWtjj8N4bDkg8Tws4GV4A8SiQoh3YMaOixAL7iz8zZ177jmSP/8CzZSCJ5fZKk2Iso4yPyCpgkgaeEmUUKXPCQoaJwyDqm40QMMBrXLgFVoz8NSp9OpWr17r1Ws9HzxwwK0VYoiBe06IcqRGiPjqjNGA+AcFBQ+2KbyEpEmEFVh9/3YGxZoHfvz/wNzw56dW8m0+u2qAmwvQXPpl2PuLf83564V4fQc+gts8JUExFtwo1hmtFYpQKFvFl6/u1Y+HH4ZlIJ6sxcCdRwYUR5Bta7wEaZrgqleTsdfdNY16zrbruYrssjLh36o3a1q9D1p/NguuejXpgxfbfaIDrXquokFHHAaaBcM0ZuD7zqIbX6Jen9fcbDuwX5e57HaQyZbB6GQWh+Pj18ZUa+dHzsDIdD+fhrhwLHf6vlgNhnken7Xf7HfO8FsnmrgX+Wnode3pkY+GQTAaHqNg2Jluuka+8VxLJ7CvzzbcIITQNk+gu7s/Ceel5+HhzkKLF6OxPTmXZFmWYpRjIiPCaEbk6k/3dGWvx6/SM49ixDDMvCxeYnqKqI+ZFdDn0kvJ2zbFkru/ARG4+PLiAgAA[0m[8mha:AAAAYB+LCAAAAAAAAABb85aBtbiIQSmjNKU4P0+vJLE4u1gvPjexLDVPzxdEGvvmZ+X75ZekLlOVfvTjc8FPJgaGiiIGKaiG5Py84vycVD1nCA1SyAABjCCFBQCV27OjYAAAAA==[0m[INFO] --- maven-antrun-plugin:1.6:run (createCucumberTargetDir) @ cucumber ---
[8mha:AAAB5h+LCAAAAAAAAACFks9u00AQxpeUQMQRblRIlhD0EGS7xancVj04jh21NSbBom6wOGzizdqp/2W9Tkwq9Xl6gJeBJ+BUIcQ7sBvHRYgDs4f9aWa+mU/a/fwLNHMCXgaFn6eJmEUFDpNchEkeTtIoJaLGSOdkpxSBKu41QMMCrXXDG5hRsGNVemmjl+700p2eNR5Z4L4PKaTgsTWDCyhFMMGSQ0mY4KOSgKcbF5M0ydMIiXp1/70ZlBkz/OL/htnCnzet9PvIuW2ALQ80x3ht9on373JWnfLqHFyDB8xlAmPEuVFmBakVIleIG8WXr+e3P55d9deGmLMWBQ+fKzo/nExTZsFJljlXuZqUfXWvq9R9pln3VWSuo+D7W/VkWa7n6b0/kzlXuZp2jYPNPJ7Re3VfRUaHHwqaJUUkpuDbtqfGATzUWIzKtqVrdXTHagd26Tg8GTruzD57rwzk9uLUMpRiFy8GM1RavfPBqvSNIJy4HfcizqaLKNp39qZ29KkzXfVXsBj1u3geBuFlas4dVXp7pr62nYMPy8A2cKAth0scDF1N05el1r4YYb73+Hjbk2PP1d7ZJ3b/ozCAhD0FcytQmF/mQpgLPsoImkCK/FdCkSNWIBhRgf0CiqD/6DcAlB8o0gIAAA==[0m[8mha:AAAAYx+LCAAAAAAAAABb85aBtbiIQSWjNKU4P0+vJLE4u1gvPjexLDVPzxdEhicW5WXmpfvll6S2fNly5fzGzauYGBgqihikoFqS8/OK83NS9ZwhNEghAwQwghQWAACwxA+XYgAAAA==[0m[WARNING] Parameter tasks is deprecated, use target instead
[8mha:AAABRh+LCAAAAAAAAACFj8FKxDAQhsdqtXjUgyAIC6Le0ipVlD1ptxGhrocFQYqH2K11tZvUJpWC4PN40JfxDTwtIr6DSdOsiAcnh3xM/n/mz8sX2LyEzZtqyBlFRV5lI8oRoXyUsJyV6FBSoKjPRAq6ZiywInAawSkpBGxF2u+2fnfqd6d+KexGMDckgghYim7JA3FzQjN3IMoRzbp1CattioRRzvIUBfr+vRnqQgbe+D+wXPj57LD3i8HEgtkY7KusCbsc/10uX6/V6z08wbxMSck4VWzVRVUaB1IO1Dpe384nH2uPx00gmcwRsLDuB+oowtiTpcjzFOueIX9vf+fINzqMjU4TbqpS+x0z2fPMvKD3M1mx7hnaDg/aeaoT9IxOU7irjgC7Fmk5FrASn/Tx2WUnrNOkEvJbHUH4HV/8BgoQZ+AWAgAA[0m[INFO] Executing tasks
[8mha:AAABMR+LCAAAAAAAAACFjrFOwzAQhq+BQMQIGxITAjY7oIBAnSBtWAJLJSTUybQhBKV2cJwqEhLPw9C+DG/AVCHEO+CL4yLEwN3gT+f/v/tnX+CWEvYfqnEpOCnyKs14SRgvs5HIhSTnmkKka6ESMNVxwInBawRXrFBwEBs/bf106adLvxZ2Y1gdM8UUbMaPbMpoznhKB0pmPO3WErbbFCPBS5EnJDTv78tQFzrw3v+B9cHPV0+83w4WDqwMwb1Lm7Bbw7/H9e89/j7BC6zplJxNEmSnLippHQQdpHXM324WHzvPl00gncxTsL4bhNhIUeTrQvJ9ZDOzFJycHl0EVhdFVmcoaqrC+57d7Pt2X9j72YxsZpYO+2ftPpyEPasz1D/GVuDWKpETBZ2Nbxim58gAAgAA[0m
[8mha:AAABNR+LCAAAAAAAAACFjrFKxEAQhsdozmCpnWAlareJEkW9SvcuNtHmQJCr1rsYI8lu3GwkIPg8FvoyvoHVIeI7uJPNnoiFM8V+zP7/zP/yBW4lYfu2nlaCkzKv04xXhPEqm4hcSHKiiSJdCJWAqQUHnBi8VnDOSgU7sfH7nd+f+/25Xwv7MSxNmWIKVuM79sD8nPHUHymZ8bTfSFjvUkwEr0SeEGre35ehKXXgrf8D64Ofz554vxrNHFgcg3udtmHXxn+P698b/L2HJ+jplJwVCbLTlLW0DoIO0jle3y5nHxuPZ20gncxTsLwZUmykKAp0IQUBsplZCg8O905Dq4siqzMUtVXjfc9uDgK7jw5+NiObmaXd4VG3Dyd0YHWGhvvYCtxGJbJQ0CtYxo9XvgGxwCPkBQIAAA==[0mmain:
[8mha:AAABdh+LCAAAAAAAAACFkc1Kw0AUha/RanCpO0EIiH+bTJQqaleaNm5SNwVBiotJMqZpk0ycTGpA8Hlc6Mv4Bq6KiO/gTJKpiAvvLPLNnXPuPZCXL2jlDHZGRZDT1MziIozS3MRpHvk0psw8F2RLuqKcQF0LGmgu6JWgjzMOu27tR40fzf1o7hfCjgtLAeaYw5o7xlOMYpyGaMBZlIadksFGk8KnaU5jYtr19/dmKDMRePv/wGLh57NO328GMw0Wh9Dywirs+vDvcvF6J1/v4QmWRcoUJ0SyVmYFUw5TOszG8fp2PfvYfLysAolkOoeVrbYtjyTHsURJsizJdU9R+/jk8KKtdI6jdDU5VRVyv64mW5aaZ3d/Jkuue4oOeqfNPNmxu0pXU+9IHg6tkhOWcMCGqGEyCSJ2a9iMYE4CQ1zODDTFDMWRh8Ykncg/OqZejgYEM3+018e58O+jB8omeYZ9gvzCLxKPMMQxCwmf31e/ARMe+MxgAgAA[0m    [mkdir] Created dir: /var/lib/jenkins/jobs/Search(Master)/workspace/cucumber/target/cucumber
[8mha:AAABRR+LCAAAAAAAAACFjsFKxDAQhsdqtXhU8CAIC6Le2ipVlD1ptxWhrocFQYqH2MZa7Sa1SaUg+Dwe9GV8A0+LiO9g0jQr4sGZQz4m/z/zv3yBySrYvKlTRoldFnWWE2YjwvKEFrSyDwX5koaUY1A1Y4ARgdUKTlHJYStSfqfzO1O/M/ULYT+CuRRxxGEpukUPyCkQyZwRr3KS9ZsKVrsUCSWMFtj21fv7MjSlCLzxf2Bx8PPZou8Xo4kBszGYV1kbdjn+e1z8Xsvfe3iCeZGSoDGWbDRlXWmHLR1253h9O598rD0et4FEMovDwrrny5YUhq4oSa4rWc00eXv7O0ee1oWh1ikK26rlfUtvdl29zx/8bJasZpq2g4Nun5z4A61TFOzK5mA2HFdjDivxyTA8u+wFDU5qjtMeR+yOLX4D10RArBUCAAA=[0m[INFO] Executed tasks
[8mha:AAABOR+LCAAAAAAAAACFjsFKxDAQhsdqtXjUmyAIot7SKlWUPbndrQh1PSwIUjzE3Vor3aSmqRQEn8eDvoxv4GkR8R3MNM2KeHDmkI/J/8/8L19glwK2b6txyRkp8irNWEkoK7MRz7kgx4oCpAGXCeias8CKwGkEZ7SQsBNpv9v63ZnfnfmVsBPBwphKKmEluqMP1M0pS92hFBlLO7WAtTbFiLOS5wkJ9Pv7MtSFCrz1f2B18PPZ4e+Xw6kF8zHY12kTdjX+e1z93uDvPTzBokrJ6CRBtuqiEsZB0EFax+vbxfRj/fGkCaSSORKWNv0AGykMPVVInoesZ4b8g8O9rm90YWh0msKmKrzvmM2eZ/YFvZ/NyHpmaLd/1O7DSdAzOk39fWwJdi0TMZHgxKeD8PxqY/kbaqkK+wcCAAA=[0m[INFO] 
[8mha:AAAB5R+LCAAAAAAAAACFUduK00AYHqvV4qXeuQgBWQ+UHFpTN9tlwWbahO7Gtks12A1eTNNpNjEnk0lIFXweL/RlfAPxYhHxHcwkmRXxwn8u5uOf7wTz+Rdopwl4eJFt0igUYj9z3DAVUJi6duRHiTAqEaRoFhEM6rnWAi0DdCrCCxQT8Mio9WKjF6/04pW+JB4Z4MYGEUTAHcNDORJ9FDrikiRu6BwVCbjXtLCjMI18LMD6/jsZFHFZeP//hcvAn5860bfV8rIFrlugvXaqsnetf8PL1y19fQc+gptlyxAFmOJWEWcJUwhUITSKL1/Nyx/3P+hVobJZh4BbD2RID0WaJpVDkSRRXO8Ykp8pfVVmPE1jvBpp1WQ0v8OcJYn5wfEfZ4rrHUO9yWHjRzdwzHg1mgzoIaBdEJwEBHzfs5TgAg1H5azUrgFHbNS1MkAqWbvTs2XgzU5fyQupm58YEznrOfnCw4UxNhfvi81Ez/PgvPv6YHCO3xr+3NzmLz1b0RYnDtJdd6qfIlcfLHaKnO9sc9wL4ai33JUBHoSaegbN/sHcW1WZx8d7lhRY05k2f8PxPM8FKMchb0dB7Po44eu/HvaFp0J/2Gy5xxu8RZlPGO0J95yzMzsL1jihJrd/AzTo2lLiAgAA[0m[8mha:AAAAYB+LCAAAAAAAAABb85aBtbiIQSmjNKU4P0+vJLE4u1gvPjexLDVPzxdEGvvmZ+X75ZekLlOVfvTjc8FPJgaGiiIGKaiG5Py84vycVD1nCA1SyAABjCCFBQCV27OjYAAAAA==[0m[INFO] --- maven-compiler-plugin:2.3.2:compile (default-compile) @ cucumber ---
[8mha:AAABSR+LCAAAAAAAAACFjsFKxDAQhsdqtXjUm7BQEPXWVqmi7MntbkWo9bAgSPEQu7VWuklNUikIPo8HfRnfwNMi4juYNM2KeHDmkI/J/8/8L19gMgrbt/WEEexUZZ0XmDkIsyIlJaHOsaBAUkx4BqoWDDAisFrBGao47ETK73Z+d+53534h7EewNEEccViL7tADckuEc3fMaYHzfkNho0uREsxImTmBen9fhqYSgbf+DywOfj5b5P1yPDNgMQHzOm/Drid/j4vfG/l7D0+wLFJiNM0kG01VU+1wpMPpHK9vF7OP3uNJG0gkszisbPqBbElh6ImS5HmS1UyTf3C4N/C1Lgy1TlHYVi3vW3qz5+l9wfBns2Q107Q7Our2yUkw1DpFo33ZHMyGZ3TKoZecxuH5lR0Tm5GaphmzObFTMq2KMlv9BgeL8agcAgAA[0m[INFO] No sources to compile
[8mha:AAABOR+LCAAAAAAAAACFjsFKxDAQhsdqtXjUmyAIot7SKlWUPbndrQh1PSwIUjzE3Vor3aSmqRQEn8eDvoxv4GkR8R3MNM2KeHDmkI/J/8/8L19glwK2b6txyRkp8irNWEkoK7MRz7kgx4oCpAGXCeias8CKwGkEZ7SQsBNpv9v63ZnfnfmVsBPBwphKKmEluqMP1M0pS92hFBlLO7WAtTbFiLOS5wkJ9Pv7MtSFCrz1f2B18PPZ4e+Xw6kF8zHY12kTdjX+e1z93uDvPTzBokrJ6CRBtuqiEsZB0EFax+vbxfRj/fGkCaSSORKWNv0AGykMPVVInoesZ4b8g8O9rm90YWh0msKmKrzvmM2eZ/YFvZ/NyHpmaLd/1O7DSdAzOk39fWwJdi0TMZHgxKeD8PxqY/kbaqkK+wcCAAA=[0m[INFO] 
[8mha:AAAB5x+LCAAAAAAAAACFkc1u00AUhYdAIGIJOyokS6j8KIp/KoeaVJWIJ7GV1iSuAhap1cXYcV27tsfYY8sBiedhAS/DhjWrCiHegRk7LkIsuLOYT3fuuedI8/kX6OYZeHxRrHOc8GlU+EGS8yjJAxdHOOPHlCCjOSYeaOpGB3QM0KsHXqGUgCdGoxe2euFaL1zr6eCBAW6tEUEE3DNCVCIhQokvLEkWJP5BlYEH2xQuTnIceTxs7r+dQZXSwLv/D0wNf37q4e+r5VUH3LRB1/HrsPftf83p6zl7fQc+gts0ZYJij3GnSousVfBMwW8VX75aVz8eftDrQDRZj4A7j2TIDiNNE2kxEkXGTa8l+bmyp8rtnKa1cw1pdRXMv9duFsV2H5z82cy46bUkTV9s97EOnLRzDU2H7BDQrYiXxQR827GV+AKNxrRWat+A47ZURxkilTjB7GQZh/PjN7Ip9ssjYyoXkl+aoVcZE8t8X62nelnGp/23+8NT79KIFtZ5+Tp0Fc088pEeBDP9GAX60NwocrlxrYmUwLG03FCDEEJNPYHW3v4iXNWeh4c7thjbs7m2OOMGgwHnx6j0kkHzxyOJl0cujtMg8rinThFEaz3DuAy8/Bn3knMLt4gdL2PCu78B/E+E79YCAAA=[0m[8mha:AAAAYB+LCAAAAAAAAABb85aBtbiIQSmjNKU4P0+vJLE4u1gvPjexLDVPzxdEGvvmZ+X75ZekLlOVfvTjc8FPJgaGiiIGKaiG5Py84vycVD1nCA1SyAABjCCFBQCV27OjYAAAAA==[0m[INFO] --- gmaven-plugin:1.4:compile (buildGroovies) @ cucumber ---
[8mha:AAABTR+LCAAAAAAAAACFjs9Kw0AQxsdoNHjUmyAEinpLokRRetK0ESHWQ0GQ4mFN0xhJd+P+kYDg83jQl/ENPBUR38HdbLYiHpw57I/Z75v5Xr7AZhS2b8WYEexVpcgLzDyEWZGSklDvWFKkaEB4BroWLLAScBrBOao47CTa77d+f+73534p7CawNEYccVhL7tAD8kuEc3/IaYHzbk1ho02REsxImXmRfn9fhrqSgbf+DywPfj475P1qOLNgcQT2Td6EXR/9PS5/J+r3Hp5gWabEaJoptupKUOPwlMNrHa9vl7OPzcfTJpBM5nBY6YSRakVxHMhSFASK9cxQeHC4dxIaXRwbnaa4KaHuO2ZzEJh9Ue9ns2I9M7TbP2r3qUnUMzpN/X3VHOyaZ3TKoTM6G8QX1+6AuIwImmbMnRCBxy4nbkqmVVFmq995OJpqIgIAAA==[0m[INFO] No sources found to compile
[8mha:AAABOR+LCAAAAAAAAACFjsFKxDAQhsdqtXjUmyAIot7SKlWUPbndrQh1PSwIUjzE3Vor3aSmqRQEn8eDvoxv4GkR8R3MNM2KeHDmkI/J/8/8L19glwK2b6txyRkp8irNWEkoK7MRz7kgx4oCpAGXCeias8CKwGkEZ7SQsBNpv9v63ZnfnfmVsBPBwphKKmEluqMP1M0pS92hFBlLO7WAtTbFiLOS5wkJ9Pv7MtSFCrz1f2B18PPZ4e+Xw6kF8zHY12kTdjX+e1z93uDvPTzBokrJ6CRBtuqiEsZB0EFax+vbxfRj/fGkCaSSORKWNv0AGykMPVVInoesZ4b8g8O9rm90YWh0msKmKrzvmM2eZ/YFvZ/NyHpmaLd/1O7DSdAzOk39fWwJdi0TMZHgxKeD8PxqY/kbaqkK+wcCAAA=[0m[INFO] 
[8mha:AAAB7R+LCAAAAAAAAACFkc1u00AUhYdAaMQSdlRIlhB/iuKfyqEmVSXiSWylNYkrF4vUYjF2pq5dexzsseWAxPOwgJfhDbqqEOId8NhxEWLBncV8unPPPUear79AN0vB04t8lSWEX0e5H5CMRyQLvCRKUn5cEWQ0TygGTd3qgI4BevXAG7Sm4JnR6IWtXrjRCzf6avDAAHdWiCIK7hshKpAQIeILFk0D4h+UKXi4TeElJEsizMPm/tsZlOsq8JP/B64Mf37pJVdL67oDbjug6/p12AfOv+bV6zl7/QA+g7tVSoJizLhTrvO0VfBMwW8V377b1z8efdLrQFWyHgU7j2XIDiNNE6tiJIqMm15L8ktlT5XbOU1r5xrS6sqZf6/dLIrtPjj5s5lx02tJmr7a7mMdOGnnGpoO2aGgW1KcxhRc7TpKfIFG46qWat+A47ZUVxkilbrB7MSKw/nxW9kU+8WRMZVzyS/MEJfGxDY/lqupXhTxWf/d/vAMXxrRwj4vTkNP0cwjH+lBMNOPUaAPzY0iFxvPnkgEjiVrUxmEEGrqCbT39hfhsvY8PNx1xNiZzbXFe24wGHB+jApMBs0fjyReHvmY4BRRfIozatHczbjnbh5EKz1NkiLA2QvuNeflXh67OGUr7v0GgxW0zOACAAA=[0m[8mha:AAAAYB+LCAAAAAAAAABb85aBtbiIQSmjNKU4P0+vJLE4u1gvPjexLDVPzxdEGvvmZ+X75ZekLlOVfvTjc8FPJgaGiiIGKaiG5Py84vycVD1nCA1SyAABjCCFBQCV27OjYAAAAA==[0m[INFO] --- gmaven-plugin:1.4:generateTestStubs (buildGroovies) @ cucumber ---
[8mha:AAABSx+LCAAAAAAAAACFj0FLwzAUx5/VavGoN0EpiHprq8yh7KTdOpQ6DwNBhodsjXXSJV2SSkHw83jQL+M38DRE/A4mTTMRD74c8uPl/3/vn5cvsDmD3bsi4ZR4eVakY8I9RPh4RDPKvBNJoaIeFRh0LVhgxeBUgguUC9iLtd+v/f7c78/9UtiKYSlBAglYi+/RA/IzRFK/L9iYpK2SwUadYkQJpxn2Qn3/3gxlLgPv/B9YLvx8duj7dX9mweIA7GFahV0f/F0uX2/V6xSeYFmmJGiCFVtlXjDj8JTDqx2vb1ezj83HbhVIJnMErGw3QnUURVEgS1EQKNY9Q43m0cFpw+iiyOg0RVUVar9jJgeBmRe2fyYr1j1D+53jep7qhG2j09Q5VEeAXQrMJgK2Bme96PLG7WKCGRI4cZvuufypy0Ux5KvfGhodVB0CAAA=[0m[INFO] Generated 6 Java stubs
[8mha:AAABOR+LCAAAAAAAAACFjsFKxDAQhsdqtXjUmyAIot7SKlWUPbndrQh1PSwIUjzE3Vor3aSmqRQEn8eDvoxv4GkR8R3MNM2KeHDmkI/J/8/8L19glwK2b6txyRkp8irNWEkoK7MRz7kgx4oCpAGXCeias8CKwGkEZ7SQsBNpv9v63ZnfnfmVsBPBwphKKmEluqMP1M0pS92hFBlLO7WAtTbFiLOS5wkJ9Pv7MtSFCrz1f2B18PPZ4e+Xw6kF8zHY12kTdjX+e1z93uDvPTzBokrJ6CRBtuqiEsZB0EFax+vbxfRj/fGkCaSSORKWNv0AGykMPVVInoesZ4b8g8O9rm90YWh0msKmKrzvmM2eZ/YFvZ/NyHpmaLd/1O7DSdAzOk39fWwJdi0TMZHgxKeD8PxqY/kbaqkK+wcCAAA=[0m[INFO] 
[8mha:AAAB6x+LCAAAAAAAAACFkctu00AUhodAIGIJOyokS4ibIl8S2dSkqkQ8ia20JnEJWKRWFxNn4tr4Euyx5YDE87CAl+ENWFUIwTMwY8dFFQvOLPzpnPOf/5f85RdoZyl4dJ6vsiQWNmHu+XEmoDjz3SRMUmFICTKaJgSDuq61QMsEnWrhJdoQ8Nis9eJOL17qxUs9XTwwwY0VIoiAO2aACiSGKPbEOUn92DsoU3Bvl8JN4iwJsQDr71VnUG5o4If/D0wNf37uJN8X84sWuO6A9tKrwt51/jWn0zWbvgefwE2aMkYRZtwqN3naKASmEHaKr9/six/3PxpVIJqsQ8CtBzJkj5GuS7QYSRLjuteQ/Ezta3Kzp+vNXk16VTnz7zSXJam5B0d/LzOuew31xs9391gHjpq9msYKewS0S4LTiIDfe44anaPBkNZC65pw2JS2VBWkkaU/OZlHwfT4jWxJ3eLIHMt5zyusAJfmyLY+lKuxURTRafftvnKK35nhzF4XrwNX1a0jDxm+PzGOkW8o1laVi61rj3oxHPbmW2oQQKhrJ9Du78+CReV5eLjnSJEzmeqzM47neS5CBY75FGdJnro44+ufPegLyoDgjLxqBtyTFV6jPCT8lfZT7gXn5m4eLXHK7t3+A7u/wPXtAgAA[0m[8mha:AAAAYB+LCAAAAAAAAABb85aBtbiIQSmjNKU4P0+vJLE4u1gvPjexLDVPzxdEGvvmZ+X75ZekLlOVfvTjc8FPJgaGiiIGKaiG5Py84vycVD1nCA1SyAABjCCFBQCV27OjYAAAAA==[0m[INFO] --- maven-resources-plugin:2.5:testResources (default-testResources) @ cucumber ---
[8mha:AAABSR+LCAAAAAAAAACFkMFKxDAQhsdqtXjUm6AsiHprq1RR9qTdrZfqZUGQ4iHbxlrpJjVNpCj4PB70ZXwDT4uI72DSNCviwckhH5P/n/nJyxfYNYPtG5HVlLhVKfKC1C4idZHSkjL3WFKo6JxyDLrmLLBicFrBGao47MTa73V+b+b3Zn4p7MewkCGOOKzEt+geeSUiuTfirCB5v2Gw1qVIKalpid1Q3783Q1PJwFv/B5YLP58d+n45mlown4A9ztuwq8nf5fL1Wr3ewRMsypQETbBiq6kEMw5XOdzO8fp2Mf1YfzxtA8lkDoelzSBUR1EU+bIU+b5i3TMUHBzunQRGF0VGpylqS6j9jpns+2ZeOPiZrFj3DO0Oj7p5qhMOjE7TcF8dDnbDMZtw2EgyPBb5VQ83OBUc9+TPc9xwgcriAS9/A5XpSKMdAgAA[0m[debug] execute contextualize
[8mha:AAABYB+LCAAAAAAAAACFj0FLwzAUx5/VafGoN0EoiO5kW2XKdCftVhHqPMwJMjzENquVmtQklYrg5/GgX8Zv4GmI+B1M2mYiHnw55MfL///ePy9f0OAMNq7ziFNiZ2keJ4TbiPAkpCll9oEkT1GfCgxVzRhgBGCWghOUCWgGld+p/c7U70z9UtgJYC5CAglYCm7QPXJSRGJnIFhC4k7BYKVOEVLCaYptr7p/b4Yik4HX/w8sF34+m/T9YjAxYHYEjau4DLs8+rtcvo7V6x08wbxMSdAtVmwUWc60w1YOu3a8vp1PPlYfj8pAMpkpYGGt5amjyPddWYpcV3HV09TabW8ftrTO97WuIr+sXO039WTX1fO87s9kxVVP01Zvr56nOl5X6yrq7agjoFEIzG4F7I+O+/7ppTXk8ktWc3jmb7abFiYhjVRDUCuk2YM1TlKpx5HFMKc5CzG3F78Bz0LDdTkCAAA=[0m[INFO] Using 'UTF-8' encoding to copy filtered resources.
[8mha:AAABSB+LCAAAAAAAAACFj8FKxDAQhsdqtXjU24JQEPXWdqWKsie3uxGhrocFQYqH2K210k1qmkpF8Hk86Mv4Bp4WEd/BpGlWxIOTQz4m/z/z5+ULzJLB9k01KSlxirxKM1I6mJRZTHPKnCNBgaQR5QmoWjDACMFqBKe44LATKr/b+t253537hbAXwtIEc8xhLbzF99jNMUndMWcZSXs1g06bIqakpHniBOr+vRnqQgTe+j+wWPj5bNH3i/HMgMUIzKu0Cbse/V0uXq/l6x08wbJISfA0kWzURcW0w5EOp3W8vp3PPjYej5tAIpnFYWXTD+SRhJAnSpLnSVY9Tf7+wW7f1zqEtE4RaqqS+y092fP0vGDwM1my6mnqDg/bebITDLRO0XBPHg5mzRM25dCJTkbo7NIOaPEgPmV3bZaUtGJxsvoNeVTe/BkCAAA=[0m[INFO] Copying 1 resource
[8mha:AAABih+LCAAAAAAAAACFkc1Kw0AUha/RanCpO0EIiH8LM7FUUbrStBEhrYuCIMXFJJ2madNMnJnUiuDzuNCX8Q1cFRHfwZn8VMSFdxb5uHPPuWfIyxdUOIOdQdrjNDaTKA3CmJs45qFPI8rMM0m2ojYVBPJa0EBzQc8GWjgRsOvmelTo0VyP5no5WHdhqYcFFrDmDvEEowjHAeoIFsZBfcpgo0jh05jTiJh2/v29GaaJDLz9f2C58PNZp+83nZkGi12oeEEWdr37d7m87avbO3iCZZkyxmOiWJsmKSsVplKYheL17Xr2sfl4kQWSyXQBK1s1Wx1FjmPJUmRZivNeSbXjk+p5rZxznHIuJyerVO3XS2fLKv3sxo+z4rxX0mHztPBTHbtRzuXUPFJHQGUqCBsL4N3LtnN1a9g0eZCPMqoGI5ymzCfcENRAE8xQFHpoSOKR+q1D6nHUIZj5g70W5tJkH91TNuIJ9gnyUz8de4QhgVlABBKEiwM/wpwTjvoEi1S6r34DUMC5+3ICAAA=[0m[INFO] Copying 2 resources to /var/lib/jenkins/jobs/Search(Master)/workspace/cucumber/target/test-classes/features
[8mha:AAABOR+LCAAAAAAAAACFjsFKxDAQhsdqtXjUmyAIot7SKlWUPbndrQh1PSwIUjzE3Vor3aSmqRQEn8eDvoxv4GkR8R3MNM2KeHDmkI/J/8/8L19glwK2b6txyRkp8irNWEkoK7MRz7kgx4oCpAGXCeias8CKwGkEZ7SQsBNpv9v63ZnfnfmVsBPBwphKKmEluqMP1M0pS92hFBlLO7WAtTbFiLOS5wkJ9Pv7MtSFCrz1f2B18PPZ4e+Xw6kF8zHY12kTdjX+e1z93uDvPTzBokrJ6CRBtuqiEsZB0EFax+vbxfRj/fGkCaSSORKWNv0AGykMPVVInoesZ4b8g8O9rm90YWh0msKmKrzvmM2eZ/YFvZ/NyHpmaLd/1O7DSdAzOk39fWwJdi0TMZHgxKeD8PxqY/kbaqkK+wcCAAA=[0m[INFO] 
[8mha:AAAB6x+LCAAAAAAAAACFkctu00AUhodAIGIJOyokS4ibIl8SHGpSVSKexFZak7gKWKRWFxNn4tr4hj22HJB4HhbwMrwBqwpVvAMzdlxALDiz8Kdzzn/+X/KXn6CdpeDReb7O4khIgtz1okxAUeY5cRCnwogSZDSLCQZ1XWuBlgE61cIrlBDw2Kj14k4vXunFKz1dPDDAjTUiiIA7ho8KJAYocsUFSb3IPShTcG+XwomjLA6wAOvv386gTGjgh/8PTA0vP3fi78vFRQtct0F75VZh79r/mtPphk3fg0/gJk0ZoRAzbpVJnjYKgSmEneLrN+vix/2PehWIJusQcOuBDNljpGkSLUaSxLjuNSQ/V/qq3OxpWrNXk1ZVzvw7zWVJau7B8e/LjOteQ73Ji9091oHjZq+myYA9AtolwWlIwOWerYTnaDiitVS7Bhw1pa6UAVLJypueLEJ/dvxGNqVucWRM5LznFqaPS2NsmR/K9UQvivC0+3Z/cIrfGcHc2hSvfUfRzCMX6Z431Y+Rpw/MrSIXW8ca9yI46i221MCHUFNPoNXfn/vLyvPwcM+WQns60+ZnHM/zXIgKHPFOHCZegFO+/tfDvvBM6A8JzgisJ9yTNd6gPCD8H82n3EvOyZ08XOGUHbv9C0XCCKXqAgAA[0m[8mha:AAAAYB+LCAAAAAAAAABb85aBtbiIQSmjNKU4P0+vJLE4u1gvPjexLDVPzxdEGvvmZ+X75ZekLlOVfvTjc8FPJgaGiiIGKaiG5Py84vycVD1nCA1SyAABjCCFBQCV27OjYAAAAA==[0m[INFO] --- maven-compiler-plugin:2.3.2:testCompile (default-testCompile) @ cucumber ---
[8mha:AAABhx+LCAAAAAAAAACFkc1Kw0AUha/RanCpO0EIiH8LM1GqKF1p2oiQ1kVBkOJikk7TtGkmzkxqQPB5XOjL+Aauiojv4Ex+KuLCO4t83Lnn3DPk5QtqnMHOMO1zGptJlAZhzE0c89CnEWXmuSRbUYcKAkUtaKC5oOcDbZwI2HULPSr1aK5Hc70cbLiw1McCC1hzR3iKUYTjAHUFC+OgkTHYKFP4NOY0IqZdfH9vhiyRgbf/DywXfj7r9P22O9NgsQc1L8jDrvf+Lpe3A3V7D0+wLFPGeEIUa1mSskphKoVZKl7fbmYfm4+XeSCZTBewslW31VHkOJYsRZaluOhVVD85PbqoV3OOU80V5OSVqv165WxZlZ/d/HFWXPQqOmydlX6qYzeruYJax+oIqGWCsIkA2rvqONd3hk0nSRjJZxknBqcp84kxCCPCDUENNMUMRaGHRiQeq387oh5HXYKZP9xrYy6d9tEDZWOeYJ8gP/XTiUcYEpgFRCBBuDjwI8w54avfgvTmQW4CAAA=[0m[INFO] Compiling 6 source files to /var/lib/jenkins/jobs/Search(Master)/workspace/cucumber/target/test-classes
[8mha:AAABOR+LCAAAAAAAAACFjsFKxDAQhsdqtXjUmyAIot7SKlWUPbndrQh1PSwIUjzE3Vor3aSmqRQEn8eDvoxv4GkR8R3MNM2KeHDmkI/J/8/8L19glwK2b6txyRkp8irNWEkoK7MRz7kgx4oCpAGXCeias8CKwGkEZ7SQsBNpv9v63ZnfnfmVsBPBwphKKmEluqMP1M0pS92hFBlLO7WAtTbFiLOS5wkJ9Pv7MtSFCrz1f2B18PPZ4e+Xw6kF8zHY12kTdjX+e1z93uDvPTzBokrJ6CRBtuqiEsZB0EFax+vbxfRj/fGkCaSSORKWNv0AGykMPVVInoesZ4b8g8O9rm90YWh0msKmKrzvmM2eZ/YFvZ/NyHpmaLd/1O7DSdAzOk39fWwJdi0TMZHgxKeD8PxqY/kbaqkK+wcCAAA=[0m[INFO] 
[8mha:AAAB6R+LCAAAAAAAAACFkctu00AUhodAIGIJOyokS6hcFMWXyqEmVSXiSWylNYmrgEVqdTF2pu64vmGPLQcknocFvAxbVqwqhHgHPHZchFhwZjGfzpz//L80n3+BbpaCxxf5OosjPglyj0QZj6KMuHEQp/y4IshoHlMMmrrRAR0D9OqBVyih4InR6IWtXrjWC9f6avDAALfWiCIK7hk+KpAQoMgTljQlkXdQpuDBNoUbR1kcYB4299/OoEyqwLv/D1wZ/vzUi7+vllcdcNMGXcerw963/zWvXs/Z6zvwEdyuUkYoxIw7ZZKnrYJnCn6r+PLVuvrx8INeB6qS9Si480iG7DDSNLEqRqLIuOm1JD9X9lS5ndO0dq4hra6c+ffazaLY7oOTP5sZN72WpOmL7T7WgZN2rqHpkB0KuiXFaUjBtx1bCS/QaFzVSu0bcNyW6ihDpFKHzE6WoT8/fiObYr84MqZyLnmF6ePSmFjm+3I91YsiPO2/3R+e4ksjWFjnxWvfVTTzyEM6ITP9GBF9aG4Uudi41kSK4FhabioDH0JNPYHW3v7CX9Weh4c7thjas7m2OOMGgwHnhajA0aD545HEyyOKMwrjMCEB5p46OQnWehrHBcHZM+4l5+ZuHjo4ZeK7vwHDgW722gIAAA==[0m[8mha:AAAAYB+LCAAAAAAAAABb85aBtbiIQSmjNKU4P0+vJLE4u1gvPjexLDVPzxdEGvvmZ+X75ZekLlOVfvTjc8FPJgaGiiIGKaiG5Py84vycVD1nCA1SyAABjCCFBQCV27OjYAAAAA==[0m[INFO] --- gmaven-plugin:1.4:testCompile (buildGroovies) @ cucumber ---
[8mha:AAABTh+LCAAAAAAAAACFjsFKw0AQhsdoNXjUmyAERb0laami9KRpU4RYDwVBgoc1iTGS7sbdTYkIPo8HfRnfwFMR8R3czWYr4sGZw37M/v/M//IFLUZh97aMGcF2kZdphpmNMMsikhNqHwvyJI0IT0DVggFGAGYtOEMFh71A+Z3G78z9ztwvhL0AlmLEEYe14A5NkZMjnDpjTjOc9ioKG02KiGBG8sT21Pv7MlSFCLzzf2Bx8PPZJO+X45kBiyG0rtM67Hr497j4vZG/9/AEyyIlRpNEslEVJdUOWzrsxvH6djH72Hwc1oFEMpPDynbXky3J911RklxXsppp6h4cdk66Wuf7WqfIr6uU90292XX1Pq//s1mymmlqD46afXLi9bVO0WBfNodWxRM64bAVno788yvLI5Miy5PY6rStISVk+mBFOWIsYavf/b/aASECAAA=[0m[INFO] Compiled 21 Groovy classes
[8mha:AAABOR+LCAAAAAAAAACFjsFKxDAQhsdqtXjUmyAIot7SKlWUPbndrQh1PSwIUjzE3Vor3aSmqRQEn8eDvoxv4GkR8R3MNM2KeHDmkI/J/8/8L19glwK2b6txyRkp8irNWEkoK7MRz7kgx4oCpAGXCeias8CKwGkEZ7SQsBNpv9v63ZnfnfmVsBPBwphKKmEluqMP1M0pS92hFBlLO7WAtTbFiLOS5wkJ9Pv7MtSFCrz1f2B18PPZ4e+Xw6kF8zHY12kTdjX+e1z93uDvPTzBokrJ6CRBtuqiEsZB0EFax+vbxfRj/fGkCaSSORKWNv0AGykMPVVInoesZ4b8g8O9rm90YWh0msKmKrzvmM2eZ/YFvZ/NyHpmaLd/1O7DSdAzOk39fWwJdi0TMZHgxKeD8PxqY/kbaqkK+wcCAAA=[0m[INFO] 
[8mha:AAAB6B+LCAAAAAAAAACFkctu00AUhodAIGIJOyokS6hcFPkWOdSkqkQ8ia20JnEVsEitLibOxLXrS7DHlgMSz8MCXoY1G1YVQrwDM3ZchFhwZuFvzpz//L/kz79AO0vB44t8lSWxsAlzz48zAcWZ7yZhkgpDSpDRNCEY1HWjBVom6FQDr9CGgCdmrRd3evFaL17r6eChCW6tEEEE3DMDVCAxRLEnzknqx95hmYIHuxRuEmdJiAVYf/92BuWGBt7/f2Bq+PNTJ/m+mF+1wE0HtJdeFfa+8685fV2z13fgI7hNU8Yowoxb5SZPG4XAFMJO8eWrffXj4QejCkSTdQi480iB7DDSdYkWI0liXPcaUp6rPU1p5nS9matJrypn/p1msyQ1++Doz2bGda8hefxit4914KiZq2ncZ4eAdklwGhHwbc9Rows0GNJaaF0TDpvSlmofaWTpT07nUTA9eaNYUrc4NsdKLnuFFeDSHNnW+3I1NooiOuu+Peif4UsznNnr4nXgqrp17CHD9yfGCfKNvrVVlWLr2iM5hkN5vqUGAYS6dgrt3sEsWFSeR0d7jhQ5k6k+O+d4nuciVOCYz/IUr/0U8/W/HvQEWRoQnBHu6QqvUR4Snt2ecS85N3fzaIlTpr77G1/ZXNfbAgAA[0m[8mha:AAAAYB+LCAAAAAAAAABb85aBtbiIQSmjNKU4P0+vJLE4u1gvPjexLDVPzxdEGvvmZ+X75ZekLlOVfvTjc8FPJgaGiiIGKaiG5Py84vycVD1nCA1SyAABjCCFBQCV27OjYAAAAA==[0m[INFO] --- maven-surefire-plugin:2.10:test (default-test) @ cucumber ---
[8mha:AAABhB+LCAAAAAAAAACFkc9Kw0AQxsdqtXjUmyAUxH8Hs1GqqD1p2ojQ1kNAkOJhk27TtGk2zm5qRfB5POjL+Aaeiojv4G6TVMSDs4f9MTvfNx/syxcUBcJWL+kIHhlxmPhBJAwaicDjIUfjTJGlqcUlg7TmClBoQGk60KSxhO1GqieZnsz0ZKZXg9UGLHSopBJWGn06oiSkkU8ciUHkV8cIa1kKj0eCh8yw0vv3ZhjHKvDm/4HVws/nEn+/cSYFmG9D0fWnYVfbf5er165+vYMnWFQpIzpkmgvjOMFcYWiFkSle364nH+uPF9NAKllJwtJGxdJHk22bqjSZpua0l1Pl6PjgvJLP2XY+l5I9rUTvL+XOppn7WbUfZ81pL6f9+knmpztWLZ9LqX6oj4TiWDIcSsD2Zcu+ui07CbJugKyMLOYoyx3FnuT4cFomI4okDFzSZ9FAf22fu4I4jKLX22lSoYx2yT3HgYipx4iXeMnQZUgkRZ9JIjLnvdRZLH8D2/lCW3ECAAA=[0m[INFO] Surefire report directory: /var/lib/jenkins/jobs/Search(Master)/workspace/cucumber/target/surefire-reports
[8mha:AAABMR+LCAAAAAAAAACFjrFOwzAQhq+BQMQIGxITAjY7oIBAnSBtWAJLJSTUybQhBKV2cJwqEhLPw9C+DG/AVCHEO+CL4yLEwN3gT+f/v/tnX+CWEvYfqnEpOCnyKs14SRgvs5HIhSTnmkKka6ESMNVxwInBawRXrFBwEBs/bf106adLvxZ2Y1gdM8UUbMaPbMpoznhKB0pmPO3WErbbFCPBS5EnJDTv78tQFzrw3v+B9cHPV0+83w4WDqwMwb1Lm7Bbw7/H9e89/j7BC6zplJxNEmSnLippHQQdpHXM324WHzvPl00gncxTsL4bhNhIUeTrQvJ9ZDOzFJycHl0EVhdFVmcoaqrC+57d7Pt2X9j72YxsZpYO+2ftPpyEPasz1D/GVuDWKpETBZ2Nbxim58gAAgAA[0m
[8mha:AAABNR+LCAAAAAAAAACdjrFKxEAQhsdoNFhqJ1iJWrkbJcrJVZq72ESbA0GuWu9ijOR242ZzBASfx0JfxjewOkR8B3ey2ROxEJwp9mP2/2f+509wSwk7t9W4FJwUeZVmvCSMl9lI5EKSE00h0oVQCZhacMCJwWsE56xQsBsbP239dO6nc78WdmNYGjPFFKzFd2zKaM54SgdKZjzt1hI22hQjwUuRJyQ078/LUBc68PbfgfXBjydPvF0NZg4sDsG9Tpuw68Pfx/XvDf7ewyMs65ScTRJkpy4qaR0EHaR1vLxezt43H86aQDqZp2BlKwixkaLI14Xk+8hmZik46hycBlYXRVZnKGqqwvue3ez7dl/Y+96MbGaW9vvH7T6chD2rM9Q/xFbg1iqREwWdvf/V6hdjsPiwNwIAAA==[0m-------------------------------------------------------
[8mha:AAABOR+LCAAAAAAAAACFjsFKxDAQhsdqtehNb4JQEPWWVqmi7Em7rZfqpSLInuJurSvdpKapFASfx4O+jG/gaRHxHcw0zYp4cALJx+T/Z/6XL7ArAdu39ajijJRFnY9ZRSirxkNecEGOFYVI51xmoGvOAisBpxWc0VLCTqL9Xuf3Zn5v5lfCXgILIyqphNXkjj5Qr6As91IpxizvNQLWuxRDzipeZCTU7+/N0JQq8Nb/gdXCz2eHv1+lUwvmB2Bf523YtcHf5er3Bn/v4QkWVUpGJxmy1ZS1MA6CDtI5Xt8upx8bj6dtIJXMkbC0GYR4kOLYV4Xk+8i6Zyg4ONw7CYwujo1OU9xWjfsdM9n3zbyw/zMZWfcM7UZH3TzshH2j0xTt45FgNzITEwkr7oUbuam60+Vv763aYgoCAAA=[0m T E S T S
[8mha:AAABNR+LCAAAAAAAAACdjrFKxEAQhsdoNFhqJ1iJWrkbJcrJVZq72ESbA0GuWu9ijOR242ZzBASfx0JfxjewOkR8B3ey2ROxEJwp9mP2/2f+509wSwk7t9W4FJwUeZVmvCSMl9lI5EKSE00h0oVQCZhacMCJwWsE56xQsBsbP239dO6nc78WdmNYGjPFFKzFd2zKaM54SgdKZjzt1hI22hQjwUuRJyQ078/LUBc68PbfgfXBjydPvF0NZg4sDsG9Tpuw68Pfx/XvDf7ewyMs65ScTRJkpy4qaR0EHaR1vLxezt43H86aQDqZp2BlKwixkaLI14Xk+8hmZik46hycBlYXRVZnKGqqwvue3ez7dl/Y+96MbGaW9vvH7T6chD2rM9Q/xFbg1iqREwWdvf/V6hdjsPiwNwIAAA==[0m-------------------------------------------------------
[8mha:AAABMR+LCAAAAAAAAACFjrFOwzAQhq+BQMQIGxITAjY7oIBAnSBtWAJLJSTUybQhBKV2cJwqEhLPw9C+DG/AVCHEO+CL4yLEwN3gT+f/v/tnX+CWEvYfqnEpOCnyKs14SRgvs5HIhSTnmkKka6ESMNVxwInBawRXrFBwEBs/bf106adLvxZ2Y1gdM8UUbMaPbMpoznhKB0pmPO3WErbbFCPBS5EnJDTv78tQFzrw3v+B9cHPV0+83w4WDqwMwb1Lm7Bbw7/H9e89/j7BC6zplJxNEmSnLippHQQdpHXM324WHzvPl00gncxTsL4bhNhIUeTrQvJ9ZDOzFJycHl0EVhdFVmcoaqrC+57d7Pt2X9j72YxsZpYO+2ftPpyEPasz1D/GVuDWKpETBZ2Nbxim58gAAgAA[0m
[8mha:AAABOR+LCAAAAAAAAACFjsFKxDAQhsdqtexRb4IgiHpLq1RR96TdrZfqwQVB9hR3a610k5qkUhB8Hg/6Mr6Bp0XEdzDTNCviwZlDPib/P/O/fIErBWzdVmPJGSmLKsuZJJTJfMQLLsixpgjpnKsUTM054CTgNYIzWirYTozfb/3+zO/P/FrYTWBhTBVVsJzc0QfqF5Rl/kCJnGXdWsBqm2LEmeRFSiLz/r4MdakDb/4fWB/8fPb4+9Vg6sD8ENzrrAm7Mvx7XP/e4O89PMGiTsnoJEV26rIS1kHQQVrH69vl9GPt8bQJpJN5CpY2wggbKY4DXUhBgGxmlsL9g92T0Ori2OoMxU1VeN+zm4PA7ot6P5uRzczSTv+w3YeTqGd1hvp72ArcWqVioqBzkcqqUHL9qPMNuwXJUgkCAAA=[0mResults :
[8mha:AAABMR+LCAAAAAAAAACFjrFOwzAQhq+BQMQIGxITAjY7oIBAnSBtWAJLJSTUybQhBKV2cJwqEhLPw9C+DG/AVCHEO+CL4yLEwN3gT+f/v/tnX+CWEvYfqnEpOCnyKs14SRgvs5HIhSTnmkKka6ESMNVxwInBawRXrFBwEBs/bf106adLvxZ2Y1gdM8UUbMaPbMpoznhKB0pmPO3WErbbFCPBS5EnJDTv78tQFzrw3v+B9cHPV0+83w4WDqwMwb1Lm7Bbw7/H9e89/j7BC6zplJxNEmSnLippHQQdpHXM324WHzvPl00gncxTsL4bhNhIUeTrQvJ9ZDOzFJycHl0EVhdFVmcoaqrC+57d7Pt2X9j72YxsZpYO+2ftPpyEPasz1D/GVuDWKpETBZ2Nbxim58gAAgAA[0m
[8mha:AAABUR+LCAAAAAAAAACFjsFKxDAQhsfqavGoN0FYEPUiaVdWUfek3dZL9VIRZE9xN9ZqN+kmqRQEn8eDvoxv4GkR8R1MmmZFPDg55Mvk/2f+ly9oCQ5bt+VIMIqKvEwzKhCmIhuynHF0rCjQdM4kAVNzDjgxuLXgDBcStmPj9xq/N/N7M78S9mJYGGGJJazEd/gBezmmqZdIntG0V3FYa1IMGRUsJygw9+/NUBUq8Ob/gdXCz2eXvV8lUwfmB9C6Tuuwq4O/y9Xvjf6dwBMsqpQUj4lmpypKbh1IO1DjeH27nH6sP57WgVQyV8LSRjfQR1MU+ao0+b5m07PU3T/YPelaXRRZnaGorlLvd+1k37fzgv7PZM2mZ6kTHjbzdCfoW52hcE8fCa1KEj6W0LkgQoo2L+lR299pRzjLS05E/Qg5Z9xgcp8VBRkpXv4G/KmE3TACAAA=[0mTests run: 0, Failures: 0, Errors: 0, Skipped: 0
[8mha:AAABMR+LCAAAAAAAAACFjrFOwzAQhq+BQMQIGxITAjY7oIBAnSBtWAJLJSTUybQhBKV2cJwqEhLPw9C+DG/AVCHEO+CL4yLEwN3gT+f/v/tnX+CWEvYfqnEpOCnyKs14SRgvs5HIhSTnmkKka6ESMNVxwInBawRXrFBwEBs/bf106adLvxZ2Y1gdM8UUbMaPbMpoznhKB0pmPO3WErbbFCPBS5EnJDTv78tQFzrw3v+B9cHPV0+83w4WDqwMwb1Lm7Bbw7/H9e89/j7BC6zplJxNEmSnLippHQQdpHXM324WHzvPl00gncxTsL4bhNhIUeTrQvJ9ZDOzFJycHl0EVhdFVmcoaqrC+57d7Pt2X9j72YxsZpYO+2ftPpyEPasz1D/GVuDWKpETBZ2Nbxim58gAAgAA[0m
[8mha:AAABPh+LCAAAAAAAAABb85aBtbiIQS2jNKU4P0+vIKc0PTOvWC8xrzgzOT8nv0jPEchyBrH88ktSGSCAkYmByYeBA6zAN7GghEHdB6JfH6pfH65fH64fqNDah4ElJbEksYRByCcrsSxRPycxL10/uKQoMy/duqKIQQrqiuT8vOL8nFQ9ZwiNajNDRQHQwaqEHQy08PUKjvyHkcHPmRiYoxlYk9LBjhWOxrQcKJsGki1kqGNgA7oyLzE3FcRmqigoLYLp0APp0IPqWHsp7PlL2Wp3sIOALuMoYWBXNnEGQRDLzc0ACEAsAwMQGyIGY5mYWRg5mcDUubnB1EFYbmBQCrKfA2aygQHMPGcXhMkgNkQMxjJ0tYSaBxJxdoGpg7BcTUGwhIG1oiS1KLeEISDa08/NP1ZBl0qACwBzBPd0TwIAAA==[0m[INFO] ------------------------------------------------------------------------
[8mha:AAABRx+LCAAAAAAAAACFjsFKxDAQhsdqtXjUiwjCgqi3tkoVdU/a3YhQV7AgSPEQu7WutElNU6kIPo8HfRnfwNMi4juYNM2KeHDmkI/J/8/8L19glgzWb6phSYldZFU6IqWNSTmKaUaZfSDIlzSgPAFVUwYYAViN4AQXHDYC5XdavzPxOxO/EHYDmBlijjksBLf4HjsZJqkTcjYiabdmsNymiCkpaZbYvnp/X4a6EIHX/g8sDn4+W/T9IhwbMB2BeZU2YRejv8fF77X8vYMnmBUpCc4TyUZdVEw7bOmwW8fr2/n4Y+XxqAkkklkc5lY9X7YkhFxRklxXsppp8nZ2tw49rUNI6xShpip539KbXVfv83s/myWrmabN/l67T078ntYp6m/L5mDWPGE5h6XoeIBOLztnCY45ZZ2wynPMHvbnvwEz5azBFwIAAA==[0m[INFO] Reactor Summary:
[8mha:AAABOR+LCAAAAAAAAACFjsFKxDAQhsdqtXjUmyAIot7SKlWUPbndrQh1PSwIUjzE3Vor3aSmqRQEn8eDvoxv4GkR8R3MNM2KeHDmkI/J/8/8L19glwK2b6txyRkp8irNWEkoK7MRz7kgx4oCpAGXCeias8CKwGkEZ7SQsBNpv9v63ZnfnfmVsBPBwphKKmEluqMP1M0pS92hFBlLO7WAtTbFiLOS5wkJ9Pv7MtSFCrz1f2B18PPZ4e+Xw6kF8zHY12kTdjX+e1z93uDvPTzBokrJ6CRBtuqiEsZB0EFax+vbxfRj/fGkCaSSORKWNv0AGykMPVVInoesZ4b8g8O9rm90YWh0msKmKrzvmM2eZ/YFvZ/NyHpmaLd/1O7DSdAzOk39fWwJdi0TMZHgxKeD8PxqY/kbaqkK+wcCAAA=[0m[INFO] 
[8mha:AAABUx+LCAAAAAAAAACNjsFKw0AQhsdoNXjUmyAERL1tVmlF6Um3iQhpKwQFCT2sbUwraTYmGwkIPo8HfRnfwFMR8R3czWYr4kFnDvsx+/8z//MnNPIMdsbFKGcJSuMimiQ5okk+GbKYZehYEJHUYzwEVQsGGB6YlaBLUw67nvLbtd+e++25XwjbHiyNKKcc1rxbek/tmCaR7fNskkTtMoONOsWQJTmLQ0TU+/MylKkIvP13YHHw48lkb1f+zIDFABrXURV2Pfh9XPzeyN87eIRlkTKh01CyUaZFph1IOlDteHm9nL1vPpxWgUQyk8PKVpPIluS6WJQkjCWrmabmweH+SVPrXFfrFLlVFfK+qTdjrPeRzvdmyWqmac85qvfJCelonSKnJZtDo+RhNuXgBWc9tz+w/JBmw7F13u9a6J9l+ReEOL5vBRhh3MoHq1/nGD7sSwIAAA==[0m[INFO] Search POM ........................................ SUCCESS [0.005s]
[8mha:AAABVR+LCAAAAAAAAACVjs9Kw0AQxsdoNXjUmyAERL1tUq31T0+aNiLE9hAUJPSwtjGtpLsxu5GA4PN40JfxDTwVEd/B3Wy2Ih7EmcP+mP2+me/5E2osg61RPmSUoDTJ4zFhCBM2HtCEZuhYkCupS3kEquYMMHwwS8E5Tjls+8pvV3575rdnfiFs+bAwxBxzWPFv8T22E0xiO+DZmMStIoO1KsWAEkaTCLnq/XkZilQE3vw7sDj48WTSt6tgasB8CLXruAy7Gv4+Ln5v5O8dPMKiSEnwJJJsFGmeaQeSDlQ5Xl4vp+/rD6dlIJHM5LC00XBlS/I8R5Qkx5GsZpoazYOdk4bWeZ7WKfLKyuV9U292HL3PbX9vlqxmmuqdw2qfnLhtrVPU2ZPNoVbwKJtw6IVnXa/Xt1iEs8HIQv8oK7hw3U4QWGH9qN5Ezf1d1l/+Aldtu1FOAgAA[0m[INFO] search ............................................ SUCCESS [1:16.673s]
[8mha:AAABVB+LCAAAAAAAAACNjs9Kw0AQxsdoNXjUmyAERL1tklL/0ZNuExHSeggKEnrYpjFW0iRuNhIQfB4P+jK+gaci4ju4m81WxIPOHPbH7PfNfM+f0Coo7NyU4yJLUZ6U8SQtEEmLSZglGUXHnLCgQcYikLWggeaBXgv6JGew60m/2fjNud+c+7mw68HSmDDCYM27JffETEgamz6jkzTuVhQ2mhRhlhZZEiEs35+Xocp54O2/A/ODH0969nblzzRYDKA1iuuw68Hv4/z3WvzewSMs85QpmUaCtSovqXIg4UCN4+X1cva++XBaB+LJdAYrWx0sWpDrWrwEWZZgOVPU2T9sn3SUznWVTpJbVynu62qzZal9uPe9WbCcKbKdo2afmOCe0kly9kQzaFUsolMG/eBs4J4PjbAMy+koogb6dxn+BcaO7xuBbSO7fVAMV78AyiVg4EwCAAA=[0m[INFO] cucumber .......................................... SUCCESS [11.127s]
[8mha:AAABPh+LCAAAAAAAAABb85aBtbiIQS2jNKU4P0+vIKc0PTOvWC8xrzgzOT8nv0jPEchyBrH88ktSGSCAkYmByYeBA6zAN7GghEHdB6JfH6pfH65fH64fqNDah4ElJbEksYRByCcrsSxRPycxL10/uKQoMy/duqKIQQrqiuT8vOL8nFQ9ZwiNajNDRQHQwaqEHQy08PUKjvyHkcHPmRiYoxlYk9LBjhWOxrQcKJsGki1kqGNgA7oyLzE3FcRmqigoLYLp0APp0IPqWHsp7PlL2Wp3sIOALuMoYWBXNnEGQRDLzc0ACEAsAwMQGyIGY5mYWRg5mcDUubnB1EFYbmBQCrKfA2aygQHMPGcXhMkgNkQMxjJ0tYSaBxJxdoGpg7BcTUGwhIG1oiS1KLeEISDa08/NP1ZBl0qACwBzBPd0TwIAAA==[0m[INFO] ------------------------------------------------------------------------
[8mha:AAABRh+LCAAAAAAAAACFjsFKw0AQhsdoNHhUvAhCQdRbEiWK0pPdJFKI9RAqSPCwtjFG0t002UhA8Hk86Mv4Bp6KiO/gbjZbEQ/OHPZj9v9n/pcv0MsCdu+qcUmJmWdVkpLSxKRMRzSjhXnKCQkaUBaDrAUNtACMRnCOcwZ7gfRbrd+a+625nwu7ASyNMcMM1oJ7/ICtDJPEClmRkqRbF7DZphhRUtIsNpF8f1+GOueBd/4PzA9+Phv0/SqcabAYgX6TNGHXo7/H+e+t+J3CEyzzlARPYsFanVeFcpjCYbaO17fL2cfW41kTiCczGKxsO0i0IN+3eQmybcFypsg5Oj7oOUrn+0onyW+qEvcNtdm21T7k/mwWLGeK9r2Tdp+YIFfpJHmHohnoNYuLCYONqD/wL647vWE/cDvhECEvDFe/AYw5bAIUAgAA[0m[INFO] BUILD SUCCESS
[8mha:AAABPh+LCAAAAAAAAABb85aBtbiIQS2jNKU4P0+vIKc0PTOvWC8xrzgzOT8nv0jPEchyBrH88ktSGSCAkYmByYeBA6zAN7GghEHdB6JfH6pfH65fH64fqNDah4ElJbEksYRByCcrsSxRPycxL10/uKQoMy/duqKIQQrqiuT8vOL8nFQ9ZwiNajNDRQHQwaqEHQy08PUKjvyHkcHPmRiYoxlYk9LBjhWOxrQcKJsGki1kqGNgA7oyLzE3FcRmqigoLYLp0APp0IPqWHsp7PlL2Wp3sIOALuMoYWBXNnEGQRDLzc0ACEAsAwMQGyIGY5mYWRg5mcDUubnB1EFYbmBQCrKfA2aygQHMPGcXhMkgNkQMxjJ0tYSaBxJxdoGpg7BcTUGwhIG1oiS1KLeEISDa08/NP1ZBl0qACwBzBPd0TwIAAA==[0m[INFO] ------------------------------------------------------------------------
[8mha:AAABTB+LCAAAAAAAAACFjs9Kw0AQxsdoNHjUm1AoiHrbpCWV/jlp2ogQ66EiSPCwtjFGkt002UhA8Hk86Mv4Bp6KiO/gbjZbEQ/OHPbH7PfNfC9foOcZ7N8Vs5wSlMZFGJEcYZJHUxrTDB1xcgSNKQtA1ooGmgdGJTjDKYMDT/rN2m8u/ebSz4UDD9ZmmGEGW949fsBmjEloTlgWkXBQZrBTp5hSktM4QI58f1+GMuWB9/4PzA9+Phv0/Wqy0GDVB/0mrMJu+3+P899b8TuHJ1jnKQlOAsFamRaZciDhQLXj9e1y8dF4PKkC8WQGg41d2xEtyHUtXoIsS7CcKbIPu+1jW+lcV+kkuVUV4r6hNluW2ucMfzYLljNFrVGv3icmzlDpJI06ohnoJQuyhEHDPx2759fNC8pw3GRREvSbrX67izq9Vr75DdAUgUgcAgAA[0m[INFO] Total time: 1:28.591s
[8mha:AAABXB+LCAAAAAAAAACFjs1Kw0AUha/RanCpO0EYEHWXn7aW2q40bURI6qIqSHExtjGNpDMxmUhA8Hlc6Mv4Bq6KiO/gTCZTERfeWcw3d86597x8QS1LYW+aTzJKjCTOw4hkBiZZNKYxTY0jTo6gAWUByFrSQPNALwU+Thjse9JvVn5z4TcXfi7serAywQwz2PDu8AM2Y0xCc8jSiITdIoWtKsWYkozGgeHI+/dmKBIeePf/wHzh57NO36+Gcw2WR1C7Ccuwm6O/y/nvrfi9hydY5SkJngWCtSLJU+UwhMOoHK9vl/OP7ceTMhBPpjNY22k64ghyXYuXIMsSLHuKmq12/bipdK6rdJLcsnKxX1eTLUvNc3o/kwXLniK7f1jNEx2np3SS+gfiMKgVLEhnDOzR6cA9u0ZuRKJsGkwQZh3kU4J8nCK7jepWp9Hq2A10ce7wh91Y/wYCz+ILMAIAAA==[0m[INFO] Finished at: Mon Mar 18 20:36:13 UTC 2013
[8mha:AAABTB+LCAAAAAAAAACFjs9Kw0AQxsdoNHjUm1AoiHpLoq3/2pOmXRGSeigIUjysbYyRZDduNhIRfB4P+jK+gaci4ju4m81WxIMzh/0x+30z38sXmDmDzZtiklNiZ0kRxSS3McnjMU0os48EeZIGlIegas4AwwerEgQ447DlK79T+52Z35n5hbDrw8IEc8xhxb/F99hJMImcIWcxibolg7U6xZiSnCah7an392UoMxF44//A4uDns0XfL4ZTA+ZHYF5FVdjV0d/j4vda/t7BEyyKlASnoWSjzAqmHbZ02LXj9e18+tF4PKkCiWQWh6X1tidbEkKuKEmuK1nNNLX3DnaO21qHkNYpQlUV8r6lN7uu3uf1fjZLVjNN2/3Dep+ceD2tU9Tflc3BLHnIUg6N0ekAnV02UUxw0gzClLKHTrPlBs5+K1j+BooIeNAcAgAA[0m[INFO] Final Memory: 30M/73M
[8mha:AAABPh+LCAAAAAAAAABb85aBtbiIQS2jNKU4P0+vIKc0PTOvWC8xrzgzOT8nv0jPEchyBrH88ktSGSCAkYmByYeBA6zAN7GghEHdB6JfH6pfH65fH64fqNDah4ElJbEksYRByCcrsSxRPycxL10/uKQoMy/duqKIQQrqiuT8vOL8nFQ9ZwiNajNDRQHQwaqEHQy08PUKjvyHkcHPmRiYoxlYk9LBjhWOxrQcKJsGki1kqGNgA7oyLzE3FcRmqigoLYLp0APp0IPqWHsp7PlL2Wp3sIOALuMoYWBXNnEGQRDLzc0ACEAsAwMQGyIGY5mYWRg5mcDUubnB1EFYbmBQCrKfA2aygQHMPGcXhMkgNkQMxjJ0tYSaBxJxdoGpg7BcTUGwhIG1oiS1KLeEISDa08/NP1ZBl0qACwBzBPd0TwIAAA==[0m[INFO] ------------------------------------------------------------------------
[8mha:AAABQB+LCAAAAAAAAACFkcFKxDAQhsfqavGoN0EQRL2lVaqoe9Js46V6KQqyp7it3Uo3qU0qBcHn8aAv4xt4WkR8B5OmWREPTg75mPz/zA95+YKeqGB7XCeCM1QWdZYzgSgT+YgXvEInirCmCy5TMDXngBOB2wrOaSlhJzJ+r/N7M7838ythP4KFhEoqYSW6ow/UKyjLvFhWOcv6TQVrXYoRZ4IXKcLm/r0ZmlIF3vo/sFr4+ezy9+t46sD8EHo3WRt2dfh3uXq91a/38ASLKiWjk1Sz05R1ZR1IO1DneH27mn6sP561gVQyV8LSZoD10USIr0qT72s2PUvBweHeaWB1hFidIdJWrfe7drLv23l48DNZs+lZ2g2Punm6gwdWZyjc10dCr5FpNVHfQHKWi3GaHG/ElxiHcbz8DbJs4I8RAgAA[0mFinished: SUCCESS
