[INFO]                                                                         
[INFO] ------------------------------------------------------------------------
[INFO] Building search 0.1.0_b84-SNAPSHOT
[INFO] ------------------------------------------------------------------------
[INFO] 
[INFO] [8mha:AAAAYB+LCAAAAAAAAABb85aBtbiIQSmjNKU4P0+vJLE4u1gvPjexLDVPzxdEGvvmZ+X75ZekLlOVfvTjc8FPJgaGiiIGKaiG5Py84vycVD1nCA1SyAABjCCFBQCV27OjYAAAAA==[0m--- maven-clean-plugin:2.4.1:clean (default-clean) @ search ---
[INFO] 
[INFO] [8mha:AAAAYB+LCAAAAAAAAABb85aBtbiIQSmjNKU4P0+vJLE4u1gvPjexLDVPzxdEGvvmZ+X75ZekLlOVfvTjc8FPJgaGiiIGKaiG5Py84vycVD1nCA1SyAABjCCFBQCV27OjYAAAAA==[0m--- gmaven-plugin:1.0:execute (default) @ search ---
[INFO] 
[INFO] [8mha:AAAAYB+LCAAAAAAAAABb85aBtbiIQSmjNKU4P0+vJLE4u1gvPjexLDVPzxdEGvvmZ+X75ZekLlOVfvTjc8FPJgaGiiIGKaiG5Py84vycVD1nCA1SyAABjCCFBQCV27OjYAAAAA==[0m--- gmaven-plugin:1.4:generateStubs (buildGroovies) @ search ---
[INFO] Generated 41 Java stubs
[INFO] 
[INFO] [8mha:AAAAYB+LCAAAAAAAAABb85aBtbiIQSmjNKU4P0+vJLE4u1gvPjexLDVPzxdEGvvmZ+X75ZekLlOVfvTjc8FPJgaGiiIGKaiG5Py84vycVD1nCA1SyAABjCCFBQCV27OjYAAAAA==[0m--- maven-resources-plugin:2.6:copy-resources (copy-webapp) @ search ---
[INFO] Using 'UTF-8' encoding to copy filtered resources.
[INFO] Copying 3 resources
[INFO] 
[INFO] [8mha:AAAAYB+LCAAAAAAAAABb85aBtbiIQSmjNKU4P0+vJLE4u1gvPjexLDVPzxdEGvvmZ+X75ZekLlOVfvTjc8FPJgaGiiIGKaiG5Py84vycVD1nCA1SyAABjCCFBQCV27OjYAAAAA==[0m--- maven-resources-plugin:2.6:resources (default-resources) @ search ---
[INFO] Using 'UTF-8' encoding to copy filtered resources.
[INFO] Copying 7 resources
[INFO] Copying 1 resource to ../
[INFO] 
[INFO] [8mha:AAAAYB+LCAAAAAAAAABb85aBtbiIQSmjNKU4P0+vJLE4u1gvPjexLDVPzxdEGvvmZ+X75ZekLlOVfvTjc8FPJgaGiiIGKaiG5Py84vycVD1nCA1SyAABjCCFBQCV27OjYAAAAA==[0m--- maven-compiler-plugin:2.3.2:compile (default-compile) @ search ---
[INFO] Compiling 48 source files to /var/lib/jenkins/jobs/TSearchUnittest/workspace/service/target/classes
[INFO] 
[INFO] [8mha:AAAAYB+LCAAAAAAAAABb85aBtbiIQSmjNKU4P0+vJLE4u1gvPjexLDVPzxdEGvvmZ+X75ZekLlOVfvTjc8FPJgaGiiIGKaiG5Py84vycVD1nCA1SyAABjCCFBQCV27OjYAAAAA==[0m--- gmaven-plugin:1.4:compile (buildGroovies) @ search ---
[INFO] Compiled 79 Groovy classes
[INFO] 
[INFO] [8mha:AAAAYB+LCAAAAAAAAABb85aBtbiIQSmjNKU4P0+vJLE4u1gvPjexLDVPzxdEGvvmZ+X75ZekLlOVfvTjc8FPJgaGiiIGKaiG5Py84vycVD1nCA1SyAABjCCFBQCV27OjYAAAAA==[0m--- gmaven-plugin:1.4:execute (filterResources) @ search ---
[INFO] 
[INFO] [8mha:AAAAYB+LCAAAAAAAAABb85aBtbiIQSmjNKU4P0+vJLE4u1gvPjexLDVPzxdEGvvmZ+X75ZekLlOVfvTjc8FPJgaGiiIGKaiG5Py84vycVD1nCA1SyAABjCCFBQCV27OjYAAAAA==[0m--- gmaven-plugin:1.4:generateTestStubs (buildGroovies) @ search ---
[INFO] Generated 20 Java stubs
[INFO] 
[INFO] [8mha:AAAAYB+LCAAAAAAAAABb85aBtbiIQSmjNKU4P0+vJLE4u1gvPjexLDVPzxdEGvvmZ+X75ZekLlOVfvTjc8FPJgaGiiIGKaiG5Py84vycVD1nCA1SyAABjCCFBQCV27OjYAAAAA==[0m--- maven-resources-plugin:2.6:testResources (default-testResources) @ search ---
[INFO] Using 'UTF-8' encoding to copy filtered resources.
[INFO] Copying 5 resources
[INFO] 
[INFO] [8mha:AAAAYB+LCAAAAAAAAABb85aBtbiIQSmjNKU4P0+vJLE4u1gvPjexLDVPzxdEGvvmZ+X75ZekLlOVfvTjc8FPJgaGiiIGKaiG5Py84vycVD1nCA1SyAABjCCFBQCV27OjYAAAAA==[0m--- maven-compiler-plugin:2.3.2:testCompile (default-testCompile) @ search ---
[INFO] Compiling 20 source files to /var/lib/jenkins/jobs/TSearchUnittest/workspace/service/target/test-classes
[INFO] 
[INFO] [8mha:AAAAYB+LCAAAAAAAAABb85aBtbiIQSmjNKU4P0+vJLE4u1gvPjexLDVPzxdEGvvmZ+X75ZekLlOVfvTjc8FPJgaGiiIGKaiG5Py84vycVD1nCA1SyAABjCCFBQCV27OjYAAAAA==[0m--- gmaven-plugin:1.4:testCompile (buildGroovies) @ search ---
[INFO] Compiled 36 Groovy classes
[INFO] 
[INFO] [8mha:AAAAYB+LCAAAAAAAAABb85aBtbiIQSmjNKU4P0+vJLE4u1gvPjexLDVPzxdEGvvmZ+X75ZekLlOVfvTjc8FPJgaGiiIGKaiG5Py84vycVD1nCA1SyAABjCCFBQCV27OjYAAAAA==[0m--- maven-surefire-plugin:2.10:test (default-test) @ search ---
[INFO] Surefire report directory: /var/lib/jenkins/jobs/TSearchUnittest/workspace/service/target/surefire-reports

-------------------------------------------------------
 T E S T S
-------------------------------------------------------
Running com.rackspace.search.endpoint.AdminResourceTest
Tests run: 3, Failures: 0, Errors: 0, Skipped: 0, Time elapsed: 2.2 sec
Running com.rackspace.search.service.core.CoreTicketOnetimeSyncJobTest
Tests run: 1, Failures: 0, Errors: 0, Skipped: 0, Time elapsed: 0.222 sec
Running com.rackspace.search.service.core.CoreTicketOngoingSyncJobTest
Tests run: 1, Failures: 0, Errors: 0, Skipped: 0, Time elapsed: 0.163 sec
Running com.rackspace.search.service.core.CoreTicketProcessorTest
Tests run: 1, Failures: 0, Errors: 0, Skipped: 0, Time elapsed: 1.627 sec
Running com.rackspace.search.service.core.CoreTicketOnetimeSyncActorTest
Tests run: 3, Failures: 0, Errors: 0, Skipped: 0, Time elapsed: 0 sec
Running com.rackspace.search.service.core.CoreTicketOngoingSyncActorTest
Tests run: 3, Failures: 0, Errors: 0, Skipped: 0, Time elapsed: 0.001 sec
Running com.rackspace.search.service.JobServiceTest
22:07:34.454 [main] INFO  c.r.s.common.property.PropertyProvider - Loading properties file from file [/var/lib/jenkins/jobs/TSearchUnittest/workspace/service/target/properties/local/search.properties]
22:07:34.459 [main] INFO  c.r.s.common.property.PropertyProvider - Loading properties file from file [/var/lib/jenkins/jobs/TSearchUnittest/workspace/service/target/properties/local/search.secrets.properties]
22:07:34.459 [main] INFO  c.r.s.common.property.PropertyProvider - Loading properties file from file [/var/lib/jenkins/jobs/TSearchUnittest/workspace/service/target/properties/local/elasticsearch.properties]
22:07:34.610 [main] INFO  c.r.s.elasticsearch.ElasticSearchServer - Starting the Elastic Search server node:
22:07:34.768 [main] INFO  org.elasticsearch.node - [ticket.node] {0.20.6}[23207]: initializing ...
22:07:34.817 [main] INFO  org.elasticsearch.plugins - [ticket.node] loaded [action-updatebyquery], sites []
22:07:37.663 [main] INFO  org.elasticsearch.node - [ticket.node] {0.20.6}[23207]: initialized
22:07:37.663 [main] INFO  c.r.s.elasticsearch.ElasticSearchServer - Starting the Elastic Search server node with these settings:
22:07:37.697 [main] INFO  c.r.s.elasticsearch.ElasticSearchServer - Elasticsearch Settings :  [elastic.config.path:/var/lib/jenkins/jobs/TSearchUnittest/workspace/service/target/properties/local/elasticsearch, path.data:/var/lib/jenkins/jobs/TSearchUnittest/workspace/service/target/elasticsearch/data, cluster.name:ticket.cluster, http.connection.timeout.in.milliseconds:65000, index.analysis.analyzer.search_standard.type:standard, path.conf:/var/lib/jenkins/jobs/TSearchUnittest/workspace/service/target/properties/local/elasticsearch, ticket.ongoingsync.delay.seconds:2000, path.logs:/var/lib/jenkins/jobs/TSearchUnittest/workspace/service/target/elasticsearch/logs, http.enabled:true, ticket.document.idName:number, transport.tcp.compress:true, core.api.endpoint:https://ws.integration.core.rackspace.com/ctkapi, discovery.zen.ping.unicast.hosts:, account.api.username:hybrid_ui, ticket.index.name:ticket, admin.index.name:admin, indices.structure:/indices_structure.json, core.loopback.time.seconds:120, index.store.fs.memory.enabled:false, index.number_of_shards:5, admin.document.type:syncJob, discovery.zen.ping.multicast.ping.enabled:false, node.data:true, ticket.search.allowedRangeParams:createdAt,updatedAt,lastPublicResponseDate, ticket.core.date.timezone:CST, core.driver.class:org.postgresql.Driver, account.document.type:account, core.api.username:rcameron, core.db.url:jdbc:postgresql://dev.db.core.rackspace.com:5432/core_dev, account.document.versionParam:updatedAt, index.analysis.analyzer.search_standard.filter:[lowercase], ticket.core.dateformat:yyyy-MM-dd HH:mm:ss, node.master:true, name:ticket.node, index.number_of_replicas:0, account.api.events.path:/v1.0/accounts/events.atom, account.index.name:account, ticket.document.versionParam:updatedAt, ticket.document.type:ticket, admin.document.idName:name, core.db.username:usq_read, account.api.accounts.path:/v1.0/accounts, ticket.search.allowedTermParams:sourceSystem,number,createdAt,updatedAt,lastPublicResponseDate,status,queue,category,priority,assignee,hasWindowsServers,hasLinuxServers,severityName,account.team,account.id,account.rcn,account.status, account.api.endpoint:https://test.account.api.rackspace.com, ticket.elastic.dateformat:yyyy-MM-dd'T'HH:mm:ss.SSSZZ, action.auto_create_index:1, account.document.idName:id] 
22:07:37.709 [main] INFO  org.elasticsearch.node - [ticket.node] {0.20.6}[23207]: starting ...
22:07:37.881 [main] INFO  org.elasticsearch.transport - [ticket.node] bound_address {inet[/0:0:0:0:0:0:0:0:9300]}, publish_address {inet[/10.14.208.252:9300]}
22:07:40.923 [elasticsearch[ticket.node][clusterService#updateTask][T#1]] INFO  org.elasticsearch.cluster.service - [ticket.node] new_master [ticket.node][dLPvIJRPQp-4tt3zzaY2cw][inet[/10.14.208.252:9300]]{master=true}, reason: zen-disco-join (elected_as_master)
22:07:40.978 [main] INFO  org.elasticsearch.discovery - [ticket.node] ticket.cluster/dLPvIJRPQp-4tt3zzaY2cw
22:07:41.046 [main] INFO  org.elasticsearch.http - [ticket.node] bound_address {inet[/0:0:0:0:0:0:0:0:9200]}, publish_address {inet[/10.14.208.252:9200]}
22:07:41.047 [main] INFO  org.elasticsearch.node - [ticket.node] {0.20.6}[23207]: started
22:07:41.047 [main] INFO  c.r.s.elasticsearch.ElasticSearchServer - Elastic Search server is started.
22:07:41.148 [elasticsearch[ticket.node][clusterService#updateTask][T#1]] INFO  org.elasticsearch.gateway - [ticket.node] recovered [0] indices into cluster_state
22:07:41.170 [main] INFO  c.r.s.elasticsearch.ElasticSearchServer - ES cluster status is GREEN
22:07:42.253 [main] INFO  c.r.s.e.ElasticSearchClientFactoryBean - Starting ElasticSearch client
22:07:42.256 [main] INFO  c.r.s.e.ElasticSearchClientFactoryBean - About to read index setting file : /indices_structure.json
22:07:42.270 [main] INFO  c.r.s.e.ElasticSearchClientFactoryBean - Index does not exist. Creating the Index ticket 
22:07:42.303 [main] INFO  c.r.s.e.ElasticSearchClientFactoryBean - About to read index setting file : /var/lib/jenkins/jobs/TSearchUnittest/workspace/service/target/properties/local/elasticsearch/mappings/ticket/index.json
22:07:42.693 [elasticsearch[ticket.node][clusterService#updateTask][T#1]] INFO  org.elasticsearch.cluster.metadata - [ticket.node] [ticket] creating index, cause [api], shards [5]/[0], mappings [index, ticket]
22:07:43.205 [main] INFO  c.r.s.e.ElasticSearchClientFactoryBean - Successfully setup Index ticket 
22:07:43.208 [main] INFO  c.r.s.e.ElasticSearchClientFactoryBean - About to read index setting file : /var/lib/jenkins/jobs/TSearchUnittest/workspace/service/target/properties/local/elasticsearch/mappings/ticket/ticket.json
22:07:43.228 [main] INFO  c.r.s.e.ElasticSearchClientFactoryBean - Setting up Mapping for [ticket]/[ticket]: {"ticket":{"_source":{"enabled":true},"properties":{"queue":{"analyzer":"keyword_lowercase","type":"string"},"status":{"analyzer":"keyword_lowercase","type":"string"},"subCategory":{"analyzer":"keyword_lowercase","type":"string"},"subject":{"analyzer":"keyword_lowercase","type":"string"},"accountServiceLevel":{"analyzer":"keyword_lowercase","type":"string"},"assignee":{"analyzer":"keyword_lowercase","type":"string"},"severityName":{"analyzer":"keyword_lowercase","type":"string"},"number":{"analyzer":"keyword_lowercase","type":"string"},"difficulty":{"analyzer":"keyword_lowercase","type":"string"},"accountTeamTerritoryCode":{"analyzer":"keyword_lowercase","type":"string"},"hasWindowsServers":{"analyzer":"keyword_lowercase","type":"string"},"updatedAt":{"format":"date_time","type":"date"},"idle":{"format":"date_time","type":"date"},"lastPublicResponseDate":{"format":"date_time","type":"date"},"category":{"analyzer":"keyword_lowercase","type":"string"},"sourceSystem":{"analyzer":"keyword_lowercase","type":"string"},"createdAt":{"format":"date_time","type":"date"},"priority":{"analyzer":"keyword_lowercase","type":"string"},"hasLinuxServers":{"analyzer":"keyword_lowercase","type":"string"},"account":{"dynamic":"true","properties":{"id":{"analyzer":"keyword_lowercase","type":"string"},"rcn":{"analyzer":"keyword_lowercase","type":"string"},"status":{"analyzer":"keyword_lowercase","type":"string"},"name":{"analyzer":"keyword_lowercase","type":"string"},"number":{"type":"long"},"team":{"analyzer":"keyword_lowercase","type":"string"},"type":{"analyzer":"keyword_lowercase","type":"string"}},"type":"object"}}}}
22:07:43.283 [main] INFO  c.r.s.e.ElasticSearchClientFactoryBean - Index does not exist. Creating the Index admin 
22:07:43.286 [main] INFO  c.r.s.e.ElasticSearchClientFactoryBean - About to read index setting file : /var/lib/jenkins/jobs/TSearchUnittest/workspace/service/target/properties/local/elasticsearch/mappings/admin/index.json
22:07:43.420 [elasticsearch[ticket.node][clusterService#updateTask][T#1]] INFO  org.elasticsearch.cluster.metadata - [ticket.node] [admin] creating index, cause [api], shards [5]/[0], mappings [index, syncJob]
22:07:43.592 [main] INFO  c.r.s.e.ElasticSearchClientFactoryBean - Successfully setup Index admin 
22:07:43.592 [main] INFO  c.r.s.e.ElasticSearchClientFactoryBean - About to read index setting file : /var/lib/jenkins/jobs/TSearchUnittest/workspace/service/target/properties/local/elasticsearch/mappings/admin/syncJob.json
22:07:43.599 [main] INFO  c.r.s.e.ElasticSearchClientFactoryBean - Setting up Mapping for [admin]/[syncJob]: {"syncJob":{"_source":{"enabled":true},"properties":{"is_enabled":{"type":"string"},"last_event_at":{"format":"date_time","type":"date"},"last_updated_at":{"format":"date_time","type":"date"},"status":{"type":"string"},"processing_node":{"type":"string"},"description":{"type":"string"},"status_message":{"type":"string"},"name":{"type":"string"},"started_at":{"format":"date_time","type":"date"},"sync_status":{"type":"string"},"type":{"type":"string"}}}}
22:07:43.620 [main] INFO  c.r.s.e.ElasticSearchClientFactoryBean - Index does not exist. Creating the Index account 
22:07:43.621 [main] INFO  c.r.s.e.ElasticSearchClientFactoryBean - About to read index setting file : /var/lib/jenkins/jobs/TSearchUnittest/workspace/service/target/properties/local/elasticsearch/mappings/account/index.json
22:07:43.891 [elasticsearch[ticket.node][clusterService#updateTask][T#1]] INFO  org.elasticsearch.cluster.metadata - [ticket.node] [account] creating index, cause [api], shards [5]/[0], mappings [index, account]
22:07:44.092 [main] INFO  c.r.s.e.ElasticSearchClientFactoryBean - Successfully setup Index account 
22:07:44.092 [main] INFO  c.r.s.e.ElasticSearchClientFactoryBean - About to read index setting file : /var/lib/jenkins/jobs/TSearchUnittest/workspace/service/target/properties/local/elasticsearch/mappings/account/account.json
22:07:44.098 [main] INFO  c.r.s.e.ElasticSearchClientFactoryBean - Setting up Mapping for [account]/[account]: {"account":{"_source":{"enabled":true},"properties":{"updatedAt":{"format":"date_time","type":"date"},"id":{"analyzer":"keyword_lowercase","type":"string"},"rcn":{"analyzer":"keyword_lowercase","type":"string"},"status":{"analyzer":"keyword_lowercase","type":"string"},"name":{"analyzer":"keyword_lowercase","type":"string"},"number":{"type":"long"},"team":{"analyzer":"keyword_lowercase","type":"string"},"type":{"analyzer":"keyword_lowercase","type":"string"}}}}
22:07:50.685 [main] INFO  c.r.s.e.client.ElasticSearchClient - Started Query Request Builder with query params [:]
Tests run: 3, Failures: 0, Errors: 0, Skipped: 0, Time elapsed: 17.87 sec
Running com.rackspace.search.service.TicketSearchServiceTest
22:07:51.202 [main] INFO  c.r.search.logging.ElasticSearchLogger - Posting ticket 1-1 to ElasticSearch
22:07:51.205 [main] INFO  c.r.s.e.client.ElasticSearchClient -  Executing Bulk post to Elastic Search
22:07:51.226 [elasticsearch[ticket.node][clusterService#updateTask][T#1]] INFO  org.elasticsearch.cluster.metadata - [ticket.node] [ticket] update_mapping [ticket] (dynamic)
Tests run: 2, Failures: 0, Errors: 0, Skipped: 0, Time elapsed: 7.037 sec
Running com.rackspace.search.service.account.AccountOngoingSyncActorTest
Tests run: 3, Failures: 0, Errors: 0, Skipped: 0, Time elapsed: 0.011 sec
Running com.rackspace.search.service.account.AccountOngoingSyncJobTest
Tests run: 2, Failures: 0, Errors: 0, Skipped: 0, Time elapsed: 0.215 sec
Running com.rackspace.search.service.account.AccountOnetimeSyncJobTest
Tests run: 1, Failures: 0, Errors: 0, Skipped: 0, Time elapsed: 0.1 sec
Running com.rackspace.search.service.account.AccountOnetimeSyncActorTest
Tests run: 3, Failures: 0, Errors: 0, Skipped: 0, Time elapsed: 0.244 sec
Running com.rackspace.search.gateway.core.CoreAuthGatewayTest
Tests run: 2, Failures: 0, Errors: 0, Skipped: 0, Time elapsed: 0.001 sec
Running com.rackspace.search.gateway.core.CoreTicketGatewayTest
Tests run: 5, Failures: 0, Errors: 0, Skipped: 0, Time elapsed: 0.002 sec
Running com.rackspace.search.gateway.account.AccountGatewayTest
Tests run: 2, Failures: 0, Errors: 0, Skipped: 0, Time elapsed: 0 sec
Running com.rackspace.search.elasticsearch.client.ElasticSearchClientFactoryBeanTest
22:07:58.840 [main] INFO  c.r.s.e.ElasticSearchClientFactoryBean - About to read index setting file : /indices_structure.json
22:07:58.855 [main] INFO  c.r.s.e.ElasticSearchClientFactoryBean - About to read index setting file : /indices_structure.json
22:07:58.882 [main] INFO  c.r.s.e.ElasticSearchClientFactoryBean - About to read index setting file : /var/lib/jenkins/jobs/TSearchUnittest/workspace/service/target/properties/local/elasticsearch/mappings/ticket/index.json
22:07:58.884 [main] INFO  c.r.s.e.ElasticSearchClientFactoryBean - About to read index setting file : /var/lib/jenkins/jobs/TSearchUnittest/workspace/service/target/properties/local/elasticsearch/mappings/admin/index.json
22:07:58.886 [main] INFO  c.r.s.e.ElasticSearchClientFactoryBean - About to read index setting file : /var/lib/jenkins/jobs/TSearchUnittest/workspace/service/target/properties/local/elasticsearch/mappings/account/index.json
Tests run: 2, Failures: 0, Errors: 0, Skipped: 0, Time elapsed: 0.162 sec
Running com.rackspace.search.elasticsearch.client.ElasticSearchClientTest
22:07:58.964 [main] INFO  c.r.search.logging.ElasticSearchLogger - Posting ticketdoc 1-1 to ElasticSearch
22:07:58.965 [main] INFO  c.r.search.logging.ElasticSearchLogger - Posting ticketdoc 2-1 to ElasticSearch
22:07:58.965 [main] INFO  c.r.search.logging.ElasticSearchLogger - Posting ticketdoc 3-1 to ElasticSearch
22:07:58.965 [main] INFO  c.r.s.e.client.ElasticSearchClient -  Executing Bulk post to Elastic Search
22:07:59.041 [elasticsearch[ticket.node][clusterService#updateTask][T#1]] INFO  org.elasticsearch.cluster.metadata - [ticket.node] [ticketsearch] creating index, cause [auto(bulk api)], shards [5]/[0], mappings []
22:07:59.406 [elasticsearch[ticket.node][clusterService#updateTask][T#1]] INFO  org.elasticsearch.cluster.metadata - [ticket.node] [ticketsearch] update_mapping [ticketdoc] (dynamic)
22:08:02.506 [elasticsearch[ticket.node][clusterService#updateTask][T#1]] INFO  org.elasticsearch.cluster.metadata - [ticket.node] [ticketsearch] deleting index
22:08:02.570 [main] INFO  c.r.search.logging.ElasticSearchLogger - Posting ticketdoc 1-1 to ElasticSearch
22:08:02.571 [main] INFO  c.r.search.logging.ElasticSearchLogger - Posting ticketdoc 2-1 to ElasticSearch
22:08:02.572 [main] INFO  c.r.search.logging.ElasticSearchLogger - Posting ticketdoc 3-1 to ElasticSearch
22:08:02.572 [main] INFO  c.r.s.e.client.ElasticSearchClient -  Executing Bulk post to Elastic Search
22:08:02.613 [elasticsearch[ticket.node][clusterService#updateTask][T#1]] INFO  org.elasticsearch.cluster.metadata - [ticket.node] [ticketsearch] creating index, cause [auto(bulk api)], shards [5]/[0], mappings []
22:08:02.887 [elasticsearch[ticket.node][clusterService#updateTask][T#1]] INFO  org.elasticsearch.cluster.metadata - [ticket.node] [ticketsearch] update_mapping [ticketdoc] (dynamic)
22:08:05.931 [main] INFO  c.r.s.e.client.ElasticSearchClient - Started Query Request Builder with query params [:]
22:08:05.953 [elasticsearch[ticket.node][clusterService#updateTask][T#1]] INFO  org.elasticsearch.cluster.metadata - [ticket.node] [ticketsearch] deleting index
22:08:05.996 [main] INFO  c.r.search.logging.ElasticSearchLogger - Posting ticketdoc 1-1 to ElasticSearch
22:08:05.997 [main] INFO  c.r.search.logging.ElasticSearchLogger - Posting ticketdoc 2-1 to ElasticSearch
22:08:05.998 [main] INFO  c.r.search.logging.ElasticSearchLogger - Posting ticketdoc 3-1 to ElasticSearch
22:08:05.998 [main] INFO  c.r.s.e.client.ElasticSearchClient -  Executing Bulk post to Elastic Search
22:08:06.036 [elasticsearch[ticket.node][clusterService#updateTask][T#1]] INFO  org.elasticsearch.cluster.metadata - [ticket.node] [ticketsearch] creating index, cause [auto(bulk api)], shards [5]/[0], mappings []
22:08:06.466 [elasticsearch[ticket.node][clusterService#updateTask][T#1]] INFO  org.elasticsearch.cluster.metadata - [ticket.node] [ticketsearch] update_mapping [ticketdoc] (dynamic)
22:08:09.451 [main] INFO  c.r.s.e.client.ElasticSearchClient - Started Query Request Builder with query params [user:[testing1]]
22:08:09.484 [main] INFO  c.r.s.e.client.ElasticSearchClient - Started Query Request Builder with query params [user:[testing1,testing3]]
22:08:09.508 [main] INFO  c.r.s.e.client.ElasticSearchClient - Started Query Request Builder with query params [user!:[testing1,testing3]]
22:08:09.525 [elasticsearch[ticket.node][clusterService#updateTask][T#1]] INFO  org.elasticsearch.cluster.metadata - [ticket.node] [ticketsearch] deleting index
22:08:09.572 [main] INFO  c.r.search.logging.ElasticSearchLogger - Posting ticketdoc 1-1 to ElasticSearch
22:08:09.573 [main] INFO  c.r.search.logging.ElasticSearchLogger - Posting ticketdoc 2-1 to ElasticSearch
22:08:09.573 [main] INFO  c.r.search.logging.ElasticSearchLogger - Posting ticketdoc 3-1 to ElasticSearch
22:08:09.573 [main] INFO  c.r.s.e.client.ElasticSearchClient -  Executing Bulk post to Elastic Search
22:08:09.651 [elasticsearch[ticket.node][clusterService#updateTask][T#1]] INFO  org.elasticsearch.cluster.metadata - [ticket.node] [ticketsearch] creating index, cause [auto(bulk api)], shards [5]/[0], mappings []
22:08:09.982 [elasticsearch[ticket.node][clusterService#updateTask][T#1]] INFO  org.elasticsearch.cluster.metadata - [ticket.node] [ticketsearch] update_mapping [ticketdoc] (dynamic)
22:08:12.992 [main] INFO  c.r.s.e.client.ElasticSearchClient - Started Query Request Builder with query params [createdAt_range:[[2013-03-05T20:00:00.000Z,2013-03-06T20:00:00.000Z]]]
22:08:13.030 [main] INFO  c.r.s.e.client.ElasticSearchClient - Started Query Request Builder with query params [createdAt_range!:[[2013-03-05T20:00:00.000Z,2013-03-06T20:00:00.000Z]]]
22:08:13.044 [elasticsearch[ticket.node][clusterService#updateTask][T#1]] INFO  org.elasticsearch.cluster.metadata - [ticket.node] [ticketsearch] deleting index
22:08:13.100 [main] INFO  c.r.search.logging.ElasticSearchLogger - Posting ticketdoc 1-1 to ElasticSearch
22:08:13.100 [main] INFO  c.r.search.logging.ElasticSearchLogger - Posting ticketdoc 2-1 to ElasticSearch
22:08:13.102 [main] INFO  c.r.search.logging.ElasticSearchLogger - Posting ticketdoc 3-1 to ElasticSearch
22:08:13.102 [main] INFO  c.r.s.e.client.ElasticSearchClient -  Executing Bulk post to Elastic Search
22:08:13.134 [elasticsearch[ticket.node][clusterService#updateTask][T#1]] INFO  org.elasticsearch.cluster.metadata - [ticket.node] [ticketsearch] creating index, cause [auto(bulk api)], shards [5]/[0], mappings []
22:08:13.370 [elasticsearch[ticket.node][clusterService#updateTask][T#1]] INFO  org.elasticsearch.cluster.metadata - [ticket.node] [ticketsearch] update_mapping [ticketdoc] (dynamic)
22:08:16.400 [main] INFO  c.r.s.e.client.ElasticSearchClient - Started Query Request Builder with query params [sort:[number|desc]]
22:08:16.449 [main] INFO  c.r.s.e.client.ElasticSearchClient - Started Query Request Builder with query params [sort:[number|desc,priority]]
22:08:16.465 [main] INFO  c.r.s.e.client.ElasticSearchClient - Started Query Request Builder with query params [sort:[assignee|asc]]
22:08:16.476 [elasticsearch[ticket.node][clusterService#updateTask][T#1]] INFO  org.elasticsearch.cluster.metadata - [ticket.node] [ticketsearch] deleting index
22:08:16.518 [main] INFO  c.r.search.logging.ElasticSearchLogger - Posting ticketdoc 1-1 to ElasticSearch
22:08:16.519 [main] INFO  c.r.search.logging.ElasticSearchLogger - Posting ticketdoc 2-1 to ElasticSearch
22:08:16.519 [main] INFO  c.r.search.logging.ElasticSearchLogger - Posting ticketdoc 3-1 to ElasticSearch
22:08:16.519 [main] INFO  c.r.s.e.client.ElasticSearchClient -  Executing Bulk post to Elastic Search
22:08:16.551 [elasticsearch[ticket.node][clusterService#updateTask][T#1]] INFO  org.elasticsearch.cluster.metadata - [ticket.node] [ticketsearch] creating index, cause [auto(bulk api)], shards [5]/[0], mappings []
22:08:16.758 [elasticsearch[ticket.node][clusterService#updateTask][T#1]] INFO  org.elasticsearch.cluster.metadata - [ticket.node] [ticketsearch] update_mapping [ticketdoc] (dynamic)
22:08:19.748 [main] INFO  c.r.s.e.client.ElasticSearchClient - Started Query Request Builder with query params [sort:[priority]]
22:08:19.762 [elasticsearch[ticket.node][clusterService#updateTask][T#1]] INFO  org.elasticsearch.cluster.metadata - [ticket.node] [ticketsearch] deleting index
22:08:19.819 [main] INFO  c.r.search.logging.ElasticSearchLogger - Posting ticketdoc 1-1 to ElasticSearch
22:08:19.820 [main] INFO  c.r.search.logging.ElasticSearchLogger - Posting ticketdoc 2-1 to ElasticSearch
22:08:19.820 [main] INFO  c.r.search.logging.ElasticSearchLogger - Posting ticketdoc 3-1 to ElasticSearch
22:08:19.820 [main] INFO  c.r.s.e.client.ElasticSearchClient -  Executing Bulk post to Elastic Search
22:08:19.849 [elasticsearch[ticket.node][clusterService#updateTask][T#1]] INFO  org.elasticsearch.cluster.metadata - [ticket.node] [ticketsearch] creating index, cause [auto(bulk api)], shards [5]/[0], mappings []
22:08:20.048 [elasticsearch[ticket.node][clusterService#updateTask][T#1]] INFO  org.elasticsearch.cluster.metadata - [ticket.node] [ticketsearch] update_mapping [ticketdoc] (dynamic)
22:08:23.031 [elasticsearch[ticket.node][clusterService#updateTask][T#1]] INFO  org.elasticsearch.cluster.metadata - [ticket.node] [ticketsearch] deleting index
22:08:23.065 [main] INFO  c.r.search.logging.ElasticSearchLogger - Posting ticketdoc 1-1 to ElasticSearch
22:08:23.066 [main] INFO  c.r.search.logging.ElasticSearchLogger - Posting ticketdoc 2-1 to ElasticSearch
22:08:23.066 [main] INFO  c.r.search.logging.ElasticSearchLogger - Posting ticketdoc 3-1 to ElasticSearch
22:08:23.066 [main] INFO  c.r.s.e.client.ElasticSearchClient -  Executing Bulk post to Elastic Search
22:08:23.096 [elasticsearch[ticket.node][clusterService#updateTask][T#1]] INFO  org.elasticsearch.cluster.metadata - [ticket.node] [ticketsearch] creating index, cause [auto(bulk api)], shards [5]/[0], mappings []
22:08:23.265 [elasticsearch[ticket.node][clusterService#updateTask][T#1]] INFO  org.elasticsearch.cluster.metadata - [ticket.node] [ticketsearch] update_mapping [ticketdoc] (dynamic)
22:08:26.240 [main] INFO  c.r.s.e.client.ElasticSearchClient - Started Query Request Builder with query params [:]
22:08:26.256 [elasticsearch[ticket.node][clusterService#updateTask][T#1]] INFO  org.elasticsearch.cluster.metadata - [ticket.node] [ticketsearch] deleting index
22:08:26.295 [main] INFO  c.r.search.logging.ElasticSearchLogger - Posting ticketdoc 1-1 to ElasticSearch
22:08:26.295 [main] INFO  c.r.search.logging.ElasticSearchLogger - Posting ticketdoc 2-1 to ElasticSearch
22:08:26.296 [main] INFO  c.r.search.logging.ElasticSearchLogger - Posting ticketdoc 3-1 to ElasticSearch
22:08:26.296 [main] INFO  c.r.s.e.client.ElasticSearchClient -  Executing Bulk post to Elastic Search
22:08:26.323 [elasticsearch[ticket.node][clusterService#updateTask][T#1]] INFO  org.elasticsearch.cluster.metadata - [ticket.node] [ticketsearch] creating index, cause [auto(bulk api)], shards [5]/[0], mappings []
22:08:26.476 [elasticsearch[ticket.node][clusterService#updateTask][T#1]] INFO  org.elasticsearch.cluster.metadata - [ticket.node] [ticketsearch] update_mapping [ticketdoc] (dynamic)
22:08:29.472 [main] INFO  c.r.s.e.client.ElasticSearchClient - Started Query Request Builder with query params [limit:[20]]
22:08:29.483 [elasticsearch[ticket.node][clusterService#updateTask][T#1]] INFO  org.elasticsearch.cluster.metadata - [ticket.node] [ticketsearch] deleting index
Tests run: 9, Failures: 0, Errors: 0, Skipped: 0, Time elapsed: 30.49 sec
Running com.rackspace.search.elasticsearch.SyncJobTest
Tests run: 2, Failures: 0, Errors: 0, Skipped: 0, Time elapsed: 0.021 sec
22:08:29.551 [Thread-5] INFO  c.r.s.e.ElasticSearchClientFactoryBean - Closing ElasticSearch client
22:08:29.558 [Thread-5] INFO  com.rackspace.search.service.JobService - AccountOngoingSyncJob Updating the job as stopped
22:08:29.568 [Thread-5] INFO  org.elasticsearch.node - [ticket.node] {0.20.6}[23207]: stopping ...
22:08:29.640 [Thread-5] INFO  org.elasticsearch.node - [ticket.node] {0.20.6}[23207]: stopped
22:08:29.640 [Thread-5] INFO  org.elasticsearch.node - [ticket.node] {0.20.6}[23207]: closing ...
22:08:29.655 [Thread-5] INFO  org.elasticsearch.node - [ticket.node] {0.20.6}[23207]: closed

Results :

Tests run: 48, Failures: 0, Errors: 0, Skipped: 0

[JENKINS] Recording test results
[INFO] ------------------------------------------------------------------------
[INFO] Reactor Summary:
[INFO] 
[INFO] Search POM ........................................ SUCCESS [3.041s]
[INFO] search ............................................ SUCCESS [1:29.367s]
[INFO] cucumber .......................................... SUCCESS [4.907s]
[INFO] ------------------------------------------------------------------------
[INFO] BUILD SUCCESS
[INFO] ------------------------------------------------------------------------
[INFO] Total time: 1:38.310s
[INFO] Finished at: Wed Jun 05 22:08:36 UTC 2013
[INFO] Final Memory: 64M/1237M
[INFO] ------------------------------------------------------------------------
[JENKINS] Archiving /var/lib/jenkins/jobs/TSearchUnittest/workspace/cucumber/pom.xml to /var/lib/jenkins/jobs/TSearchUnittest/modules/com.rackspace.api$cucumber/builds/2013-06-05_22-06-52/archive/com.rackspace.api/cucumber/0.1.0_b84-SNAPSHOT/cucumber-0.1.0_b84-SNAPSHOT.pom
[JENKINS] Archiving /var/lib/jenkins/jobs/TSearchUnittest/workspace/pom.xml to /var/lib/jenkins/jobs/TSearchUnittest/modules/com.rackspace.api$search-pom/builds/2013-06-05_22-06-52/archive/com.rackspace.api/search-pom/0.1.0_b84-SNAPSHOT/search-pom-0.1.0_b84-SNAPSHOT.pom
[JENKINS] Archiving /var/lib/jenkins/jobs/TSearchUnittest/workspace/service/pom.xml to /var/lib/jenkins/jobs/TSearchUnittest/modules/com.rackspace.api$search/builds/2013-06-05_22-06-52/archive/com.rackspace.api/search/0.1.0_b84-SNAPSHOT/search-0.1.0_b84-SNAPSHOT.pom
Waiting for Jenkins to finish collecting data
