[8mha:AAACFR+LCAAAAAAAAACFj81u00AUhaeBQITEBnZUlSIhYBHJdhoncqhY2I7jxpn8UMeFJqtJbOyJ45/aE9cxEs/DAl6GN2BVIcQ74InjIsSCM4v5dOeee898+QWqcQReOlszDnwm3Gxt7McM8mO8CjZBxIg5yZTGAbFAoaMKqEBQ2zeMUEjAK1j42YOfvfOzd/688QyC+yYiiIAncI0SxG6Qb7M6ibBvn6UReHZIsQr8ONhYjFzcf28GaZgHfvH/wPnCn59rwfcr/bYC7i1AdWnvwz5d/Ls8f/1AX6/BJ/AgT+kjz6JcScNtVDoY6mAOjq/fLm9/nHxU94HyZDUCHj7nZXoo9ftcLkocR7molcR3hFOJL/v6/bKvoP5eW7q/Vk7muHKe3PszmXJRK6mpdA/zaEXulX0FKW16CKimxIo8cvRYJygilllf7urb2IrqxwvBc9BrMVeQNqAslpKWQhtJZIkHb2fqejw0+CknJJNZI5n0BP9yJbSmO6OZdia7ATQCLRslp7sGq2mGJDp4rkr2NXYclxvr62HvXfZ+2bowN1Ay9CtVcwWVhJmRTHW9JwlqmwyxLw3UwbwRp1BT2HmmJOezLq8NcQZTDnWk1PDW6sQYB+Z5DG0xkxR7nrImxE0Zdvl4tkq14egCtnJ/FmcDqLjujdjGXcOIb+hn3hwvOC9GHiIOYlzkuzhEBD/6DSa4qloMAwAA[0mStarted by user [8mha:AAAAox+LCAAAAAAAAABb85aBtbiIQTGjNKU4P08vOT+vOD8nVc83PyU1x6OyILUoJzMv2y+/JJUBAhiZGBgqihhk0NSjKDWzXb3RdlLBUSYGJk8GtpzUvPSSDB8G5tKinBIGIZ+sxLJE/ZzEvHT94JKizLx0a6BxUmjGOUNodHsLgAzBEgZx/dLi1CL94sTcxJKMRL3sxLzszILEkkwA5i9UUswAAAA=[0msamatha.kankipati
[8mha:AAABYh+LCAAAAAAAAACFkUFLwzAUx5/VafGoN0EYiHprqkxRdnLd6qV6qQqyU9bFrluX1CSdBcHP40G/jN/A0xDxO5i0zUQ8+HLoj5f//71/6MsXNASHvVE+FIw6WZrHCRUOpiKJWMq4c6bI03TJJIGqliywArBLwQXOJOwHlR/VfrTwo4VfCdsBrAyxxBI2gjGeYZRiGqNQ8oTG7YLDVp0iYlSwlDhe9f29GYpMBd79P7Ba+Plss/fbcG7Bch8ag7gMu9n/u1zd3unbe3iCVZWS4inRbBVZzo3D0Q6ndry+3cw/th/Py0AqmS1hbafl6aPJ911VmlxXc9Uz1Do+Oey0jM73ja4iv6xc77fNZNc187zuz2TNVc/QQe+0nqc7XtfoKuod6SOhUUjCpxL8Tp6kQ/WcZkKbD4xPRIYj0kQzzFGaDNCY0In+nWM2EOgqJJhHo2uaSEmERAv9+je0vZ/tRQIAAA==[0mBuilding in workspace /var/lib/jenkins/jobs/TSearchUnittest/workspace
[8mha:AAABfx+LCAAAAAAAAACFkbtOwzAUhg+FQsUIGxJSJQRMxIFeuHQB0oYlsBSQUCc3NUna1A62UyIh8TwM8DK8AVOFEO+AnUsrxMDxkE/H/3/Or/j1G8qCw44fDwSjRhTGXkCFgakIXBYybpwpsjRdMUkgq4USlByopIJLHEnYdTI/yv1o5kczvxK2HFgaYIklrDlDPMEoxNRDXckD6rUSDht5CpdRwUJiWNn392ZIIhV4+//AauHXS4V93HWnJVjsQbnvpWHXe3+Xq9t7ffsAz7CsUlI8JppLSRTzwmFoh5E73t5vp5+bTxdpIJWsImFlq27po8m2TVWaTFNz1iuo3jw6OK8XOtsudBnZacV6f6WYbJrFPKs9n6w56xW03znO5+mO1S50GXUa+kgoJ5LwsYSx5RN3xGJ58sj4SETYJVVURRPMURj00ZDQkX7NIesLdN0lmLv+DQ2kJEKiuWOvmj8GJ2Mm1c8xHObi0PIxpSQ8bR7WGvVao7H6A76oyR1sAgAA[0mCheckout:workspace / /var/lib/jenkins/jobs/TSearchUnittest/workspace - hudson.remoting.LocalChannel@67354355
[8mha:AAABRR+LCAAAAAAAAACFj8FKxDAQhsdqtXjUiwjCgqi3tEoVdU9ru/VSvSwKsqe4m60r3aQmqVQEn8eDvoxv4GkR8R1MmmZFPDg55GPy/zN/Xr7AFRy2b8qhYBQVeZmNqUCYivGA5YyjjqJI0zmTBEzNOeCk4NWCM1xI2EmN32/8/szvz/xK2E5hYYgllrCS3uJ77OeYZn5P8jHN2hWH9SbFgFHBcoIic//eDFWhAm/9H1gt/Hz22PtVb+rAfB/c66wOu9r/u1y9jvTrHTzBokpJ8YRodqqi5NaBtAM1jte3y+nHxuNpHUgl8yQsbYaRPpqSJFClKQg0m56l8OBw7yS0uiSxOkNJXaXe79nJQWDnRfHPZM2mZ2m3e9TM050otjpD3X19JLiVJHwiYe1CqL+0hORYkuzhuBWTES5zufwNzjSVeRcCAAA=[0mUsing strategy: Default
[8mha:AAABdB+LCAAAAAAAAACFkctKw0AUho/RanCpO0EIiLdNksYkpHZl08ZNdGFBka4mzcVImomTSQkIPo8LfRnfwFUR8R2cyaUiLjyzmI8z5//PD/PyBZ2cwMFd4ec4lbOkiOI0l1Gax1OcYCKfMbI5XWIaQF0rAgguiNXABcooHLq1Xmn0ylKvLPVssO/Cmo8oorDl3qM5UhKURsqYkjiN+iWBnSbFFKc5TgLZru/fm6HMWOD9/wOzhZ/PIn6/HS8EWJ1Ax4uqsNuTv8vZa8hfH+AJ1lnKFM0CzkKZFaRVyFwhN4rXt+vFx+7jeRWIJRMpbOzpNj+cHEdlxUlVOde9lnTT0gZ6O+c47VxNTlUF3y+2zqra+tnDH2fOda+l7qjX+PGOPWznahoZ/FDolDQgMwo3LsqpNCjihEpXwTzOY5yeLknSLN+0LM33QsPoTT1DtYKwq4Ynlmn4Xk/rmqZu+IFhSUeYxOwblBmzC8jx5jfWVVizVgIAAA==[0mLast Built Revision: Revision 28d6882dbf559cb508ef10f3865db9216645de58 (origin/master)
[8mha:AAABRx+LCAAAAAAAAACFj8FKxDAQhsdqtXjUmygURL2lVaooe1q7Wy/Vy4Iie4rdbq12k5qkWhB8Hg/6Mr6Bp0XEdzBpmhXx4OSQj8n/z/x5+QKbM9i+rkacElQWVZYTjjDheUILylBXUqjojIoUdM1ZYMXgNIJTXArYibXfa/3ezO/N/FLYiWFhhAUWsBLf4HvsFZhk3kCwnGSdmsFamyKhhNMiRaG+f2+GupSBt/4PLBd+Pjv0/XIwtWB+CPZV1oRdHf5dLl/H6vUOnmBRpiR4kiq26rJixoGUA7WO17fz6cfG40kTSCZzBCxtBqE6iqLIl6XI9xXrnqHg4HDvODC6KDI6TVFTldrvmMm+b+aFvZ/JinXP0G7/qJ2nOmHP6DT199URYNciZRMB6xd5KT/j0kq4D5Td8hInqTvOGRdo+RuPvx88GwIAAA==[0mWiping out workspace first.
[8mha:AAABSh+LCAAAAAAAAACFkMFKxDAQhsdqtXjUmyAsinpLq1RR9qTZ7V6qlwVB9hR3Y7fSJjVNpSL4PB70ZXwDT4uI72DSNCviwcmhH5P/n/nTly9wSwG702pScoaKrEpSViLCynTMMy7QqSKs6YJLCqYWHHBi8BrBOSkk7MXG77d+f+73534l7MawNCGSSFiLb8k98TPCEn8oRcqSbi1go00x5qzkGUXYfH9vhrpQgXf+D6wWfj57/P1qOHNgcQTuddKEXR/9Xa5ub/TtHTzBskrJSE41O3VRCetA2oFax+vb5exj83HQBFLJPAkr2yHWR1MUBao0BYFm07MUHh0fnIVWF0VWZyhqqtL7PTs5COw83PuZrNn0LO33T9p5uoN7Vmeof6iPBLeWVOQStnDGmXpNR05pR9Bc/ejOIJUKC16mkouH1W/FYWJZIQIAAA==[0mCloning the remote Git repository
[8mha:AAABXB+LCAAAAAAAAACFkUFLwzAUx5/VafGoN0EYiHpLq0yZ7jLtVi/Vy0CQnbIudtUuqUkqFcHP40G/jN/A0xDxO5g0zUQ8+ELJj/fe/71/6MsXNASHnUkxFoyiPCuSlAqEqUhjljGOThQFmi6YJGBiwQEnArdqOMe5hN3I6L1a78313lyvGjsRLI2xxBLWoht8j70M08QbSJ7SpFNy2KhdxIwKlhEUmPv3ZihzZXj7f8Nq4eezy96vBjMHFofQGCWV2fXh3+Wqeq2rd/AEy8olxVOi2SnzglsF0gpUK17fLmcfm49nlSHlzJWwstUK9NEUhr4KTb6v2eQstQ7b+6ct2xeGts9QWEWh97t2su/beUHvZ7Jmk7O01z+q5+lM0LN9hvoH+kholJLwqYR2kDGqXtPkJGcilYw/NJNUdtU3KUbqP0yPOY5vCc/wSHiCYB5PkCqufgNhjwRwNwIAAA==[0mCloning repository git@github.com:rackerlabs/search.git
[8mha:AAABPR+LCAAAAAAAAACFjsFKw0AQhsdoNXjwoDdBEEQ9dRMlitJTTRsv0UtBkJ7WNsZIuht3NyUg+Dwe9GV8A09FxHdwJ5utiAdnDvsx+/8z/8sXtKSAvbtyLDkjRV6mGZOEMpmNeM4F6WoKkS65SsDUggNODG4tuKCFgv3Y+L3G78393tyvhZ0YlsZUUQXr8T2dUi+nLPUGSmQs7VQCNpsUI84kzxMSmvf3ZagKHXj3/8D64Oezy9+vBzMHFofQuknrsBvDv8f17y3+PsATLOuUjE4SZKcqSmEdBB2kcby+Xc0+th7P60A6matgZScIsZGiyNeF5PvIZmYpOD45PAusLoqszlBUV4n3XbvZ9+2+sPezGdnMLB30T5t9OAl7Vmeof4StoFWpREwUrKWZ2m63p4mQGWer3w64/sgNAgAA[0mgit --version
[8mha:AAABQR+LCAAAAAAAAACFjs9Kw0AQxsdoNHhUT4JQEPW2SST+oydNGy/RS0GQntY2xki6GzebEhB8Hg/6Mr6BpyLiO7iTzVbEgzOH/TH7fTPfyxfYpYDdu2pcckaKvEozVhLKymzEcy7IqaIQ6ZLLBHQtWGDF4DSCC1pI2Iu132397tzvzv1K2I1haUwllbAW39MpdXPKUncgRcbSbi1gs00x4qzkeUJC/f6+DHWhAu/8H1gd/Hx2+Pv1YGbB4hDsm7QJuz78e1z93uLvAzzBskrJ6CRBtuqiEsZB0EFax+vb1exj6/G8CaSSORJWtoMQGymKPFVInoesZ4aCw+P9s8DoosjoNEVNVXjfMZs9z+wLez+bkfXMkN8/affhJOwZnab+AbYEu5aJmEjYSDPZmSaizDjr+OSIBMRf/QbG5e/DEwIAAA==[0mgit version 1.7.4.1
[8mha:AAABTh+LCAAAAAAAAACFkMFKxDAQhsfqavGoN0EoiOutrVJF2ZN2t16qlwVB9hS72bbSJjVJl4Lg83jQl/ENPC0ivoNJ06yIByeHfkz+f+ZPX76gxxn0s3rKKXGrok5zwl1EeJ7QgjL3XFKo6JoKDLpWLLBisFvBFaoEHMTa73V+b+n3ln4pHMSwNkUCCdiK79EceQUiqTcWLCfpoGGw06VIKOG0wG6ov783Q1PJwPv/B5YLP59t+n47XliwOoHeXdqG3Z78XS5vZ+r2AZ5gXaYkqMSKraaqmXG4yuF2jte3m8XH7uNlG0gmswVs7AWhOoqiyJelyPcV656h4OT06CIwuigyOk1RW7Xab5vJvm/mhcOfyYp1z9Dh6Kybpzrh0Og0jY7VEdBrBGalgH6ERZLJ5zh1xQXDqHSSTD4Sc2fGaOlQlsu/u/kN8/xwbyUCAAA=[0mFetching upstream changes from origin
[8mha:AAABQB+LCAAAAAAAAACFkMFKxDAQhsfqavGoN0EQRL2lVaooe3KzWy/Vy4Ige4rdWKvdpCapFgSfx4O+jG/gaRHxHUyaZkU8ODn0Y/L/M3/68gUdKWD7uhpLzlBZVFnOJCJM5ikvuEDHmrChM64o2JrzwEvAbwSnpFSwk1h/0PqDmT+Y+bWwm8DCmCiiYCW5IfckKAjLgqESOcu6tYC1NkXKmeQFRdh+f2+GutSBt/4PrBd+Pvv8/WI49WB+BJ3LrAm7Ovq7XN9emds7eIJFnZKRCTXs1WUlnAMZB2odr2/n04/1x5MmkE7mK1jajLA5huI41GUoDA3bnqPo4HCvFzldHDudpbipyuz33eQwdPNw/2eyYdtztDs4aueZDu47naXBvjkKOrWiYqJ/BS4oYfo5Gw9c3MqSpHT5G/K1b/oSAgAA[0mCleaning workspace
[8mha:AAABQh+LCAAAAAAAAACFj8FKxDAQhsdqtXjUgyAIgqi3tkoVZU9rd+ulenBBkD3F3VhXu0lNUi0IPo8HfRnfwNMi4juYaZoV8eDkkI/J/8/8efkCVwrYui6HkjO/yMtsxKRPmBwNeM6F39YUI51yRcHUjANOCl4tOCGFgu3U+IPGH0z9wdSvha0U5oZEEQVL6Q25J0FOWBb0lBixrFUJWG1SDDiTPKd+bO7fm6EqdODN/wPrhZ/PHn+/6E0cmO2De5nVYZf7f5fr1yt8vYMnmNcpGRlTZKcqSmEdPjr8xvH6dj75WHs8rgPpZJ6ChY0oxoOUJKEupDBENj1L0f7B7lFkdUlidYaSukrc79nJYWjnxZ2fycimZ2mne9jMw07csTpD3T08CtxKUTFWsHJGJVVK/2f9gYtbvJWgdPEbxHseXBYCAAA=[0mResetting working tree
[8mha:AAABeB+LCAAAAAAAAACFkctKw0AUho/VanCpO0EIiLdNMs2lVbrStHETXSgUpKvJrUaSmZhMSkDweVzoy/gGroqI7+BMLhVx4ZlFPs6c/z//kJcv6OYZHNwVfk6JksbFLCK5gkkeeTSmmXLGyRJ0RVkAda10oOOAVA1c4pTBoVPr1UavLvXqUs8Hhw6s+ZhhBlvOPZ5jNcZkpt6wLCKzYZnBTpPCoySncaBY9ff3ZihTHnj//8B84eezRN9vbxYdWJ1C151VYbenf5fz21DcPsATrPOUBCeB4E6ZFlmrUIRCaRSvb5PFx+7jRRWIJ5MYbOwZljiCbBvxEoSQ4LrXktE/0c6Nds6227ma7KoKsV9qnRFq/azRj7PgutdSb3za+ImONWrnahqb4jDolizIEgYTiyZJQDz+INktotiXaShfB/MojyiRfUMLQ1P3Pd3to4E7QHrP1TTdHJg97BohQgPD1DW/Lx/RLOJ/QU1wzn2PN78BZWe/tVUCAAA=[0mCommencing build of Revision d42ff53dc3b607b7031b2235751ab4f0074532d6 (origin/master)
[8mha:AAABcx+LCAAAAAAAAACFkMtKw0AUho/RanCpO0EIiLdNMs2lUbrStHETFSwI0tXk0jSaZmIyKQHB53GhL+MbuCoivoMzuSjiwjOLfJw5/3/+yfMndPIM9qaFn5NETuMijJJcxkkeeSQmmXzCyOJ0QWgAdS0JIDggVgPnOKWw79R6pdEr33rlW88G+w6s+JhiChvOLZ5jJcZJqIxoFiVhv8xgq0nhkSQncSBb9ff3ZihTFnj3/8Bs4ceTSN5uRgsBlsfQccMq7Ob473J2O+G39/AIqyxlgmcBZ6FMi6xVyFwhN4qX1+vF+/bDWRWIJRMprO3oFj+cbBux4oQQ57rXkt47Uk/1ds6227ma7KoKvl9snRFq/azBjzPnutdSd3jc+PGONWjnahoa/FDolDTIZhQurWng3bHnSKSg0lUwj/KIJJKvq5OJofme5vaQ6ZpI67qqqhmm0cWuPkHI1A1N9XvSAcki9vuVGc6Z4eH6F/7KkfpOAgAA[0mChecking out Revision d42ff53dc3b607b7031b2235751ab4f0074532d6 (origin/master)
[8mha:AAABQB+LCAAAAAAAAACFkMFKxDAQhsfqavGoN0EQRL2lVaooe3KzWy/Vy4Ige4rdWKvdpCapFgSfx4O+jG/gaRHxHUyaZkU8ODn0Y/L/M3/68gUdKWD7uhpLzlBZVFnOJCJM5ikvuEDHmrChM64o2JrzwEvAbwSnpFSwk1h/0PqDmT+Y+bWwm8DCmCiiYCW5IfckKAjLgqESOcu6tYC1NkXKmeQFRdh+f2+GutSBt/4PrBd+Pvv8/WI49WB+BJ3LrAm7Ovq7XN9emds7eIJFnZKRCTXs1WUlnAMZB2odr2/n04/1x5MmkE7mK1jajLA5huI41GUoDA3bnqPo4HCvFzldHDudpbipyuz33eQwdPNw/2eyYdtztDs4aueZDu47naXBvjkKOrWiYqJ/BS4oYfo5Gw9c3MqSpHT5G/K1b/oSAgAA[0mCleaning workspace
[8mha:AAABQh+LCAAAAAAAAACFj8FKxDAQhsdqtXjUgyAIgqi3tkoVZU9rd+ulenBBkD3F3VhXu0lNUi0IPo8HfRnfwNMi4juYaZoV8eDkkI/J/8/8efkCVwrYui6HkjO/yMtsxKRPmBwNeM6F39YUI51yRcHUjANOCl4tOCGFgu3U+IPGH0z9wdSvha0U5oZEEQVL6Q25J0FOWBb0lBixrFUJWG1SDDiTPKd+bO7fm6EqdODN/wPrhZ/PHn+/6E0cmO2De5nVYZf7f5fr1yt8vYMnmNcpGRlTZKcqSmEdPjr8xvH6dj75WHs8rgPpZJ6ChY0oxoOUJKEupDBENj1L0f7B7lFkdUlidYaSukrc79nJYWjnxZ2fycimZ2mne9jMw07csTpD3T08CtxKUTFWsHJGJVVK/2f9gYtbvJWgdPEbxHseXBYCAAA=[0mResetting working tree
[8mha:AAABPR+LCAAAAAAAAACFj8FKxDAQhsdqtQhe9CYIgqi3tEoVZU/a3Xrp6sKCIHuKu7WudJOapFIQfB4P+jK+gadFxHcw0zQr4sHJIR+T/5/58/IFrhSwc1uOJGekyMtszCShTI6HPOeCnGiKkM65SsHUnANOAl4t6NJCwW5i/H7j92d+f+bXwlYCCyOqqILV5I4+UD+nLPP7SoxZ1qoErDcphpxJnqckMvfvzVAVOvD2/4H1ws9nj79f9acOzA/Avc7qsGuDv8v16w2+3sMTLOqUjE5SZKcqSmEdBB2kcby+XU4/Nh7P6kA6madgaSuM8CDFcaALKQiQTc9SeHi0fxpaXRxbnaG4rhL3e3ZyENh5UftnMrLpWdrrHDfzsBO1rc5Q5wCPArdSqZgoWOlRIfVvNnsXXbn8DbkHMrQMAgAA[0mParsing POMs
[8mha:AAABVR+LCAAAAAAAAACFj8FKxDAQhsfqavGoN0EoiHqRtkoVZU/a3XrpelkQZE+xjW0lm9Q0lYrg83jQl/ENPC0ivoNJ06yIByeHfEz+f+bPyxf0Kg47eZ1WjLolqbOCVi6iVZEwwrh7KilUdMEEBl0LFlgx2K1ghEoBu7H2e53fm/u9uV8K+zEspUggAWvxLbpHHkE088aCFzTrNxw2uhQJoxUj2A31/XszNKUMvP1/YLnw89lm71fjmQWLE+hdZ23Y9cnf5fL1Rr3ewRMsy5QUTbFiqylrbhyucrid4/Xtcvax+XjeBpLJbAErW0GojqIo8mUp8n3FumcoODo+OAuMLoqMTlPUVq3222ay75t54eBnsmLdM7Q/POnmqU44MDpNw0N1BPQagflUgD9iaU1w5SS5/BpO9xyOE0SSmiAhP+mkuMQ0xTR5cDKOynz1G8zd5bIvAgAA[0mModules changed, recalculating dependency graph
[8mha:AAACEx+LCAAAAAAAAACdUl2L1DAUzY6ODj7qmyAU/Hpq0ul0htldfHC7UxGmizCgK4NIphO77bRJTdLZouDv8UHxv/gPfFpE/A8mTTMqgoLJQ09u7rnn3PR++A76goN7Z/VaMAqrok4zKiCmIktYwTh8qFCo0QmTBJi11wO9ORi0CTGuJLg/N3zU8dGOj3Z8lXg4B5fXWGIJrs9zvMWowDRFC8kzmh42HNzsXCSMClYQGJrv78qgqZThu/82rAS/vR+wL88XFz1waQn6q7Q1e2P5p7i6faVvX4N34IpySXFJNO41Vc0tA2oG7BgfPz+9+Hrr7aPWkHI2kODq7SDUW6Mo8tTSyPM0NjGLgsnUPwpsXhTZPIOidtVaf2Are56tFx7/rKyxiVk0nO139XQkPLZ5Bs3GekvQbyThpdz7tDxnfCMqnJAXzh0HCb5FkrFCoHy9GcIJ9F6OpmiVUaT7d9zTUgw9Pyg1anwvmGp0ehDj5omqt8jekAf+eBI7blI5aIs5KrIVygnd6Jmws1HiLaGuOaFnsyP38UnUJrYXIxenhEp3CH2YY36AaqHKsAQXCCufZ8Q1/BH0YIBWjElVmDS1cJMCC6H6KdbC9WGg2Q7jKcy3lEjYzYvRgK0GjNtDjDPq/FXG9JLo8K6bcxX51TwnJZNqMJS03zr//wfIqPo7Cakk4/YZnHHgBZNrPwC3ECa3rgMAAA==[0m[workspace] $ /srv/tools/jdk1.6.0_38/bin/java -Xms1024m -Xmx2048m -XX:MaxPermSize=256M -cp /var/lib/jenkins/plugins/maven-plugin/WEB-INF/lib/maven3-agent-1.2.jar:/usr/local/apache-maven-3.0.4/boot/plexus-classworlds-2.4.jar org.jvnet.hudson.maven3.agent.Maven3Main /usr/local/apache-maven-3.0.4 /var/cache/jenkins/war/WEB-INF/lib/remoting-2.22.jar /var/lib/jenkins/plugins/maven-plugin/WEB-INF/lib/maven3-interceptor-1.2.jar 54046
[8mha:AAABZR+LCAAAAAAAAACFjsFKw0AQhsdoNXjUmyAURL0lUapYaoWaJqWaRrFFKMXD2sa0Jd2NyUYCgvg4HvQdfAbfwFMR8R3czWYr4sGdw37M/P/M//wFhTiCrWEyiAnWwiDxRzjWEI5HfRKQSKsxMjm5hHog3pwCigNqJmihkMK2I/x67tdnfn3mZ8KKAwsDRBGFFWeM7pAeIOzrbRqNsF9JI1jLU/QJjkngaab4f1+GNGSBN/8PzA5+PqnkvdueKjDfg8K1n4Vd7f09zqY3fHoLD7DIUmI08TgraZhE0qFxh5Y7Xt4upx/r940sEEumUljaKJm8ONm2wR4nw+AsepJK+we7xyWps22pE2RnL+H3VbnZMOQ+s/6zmbPoSdqxyvk+3jHrUifI2uNFoZBSL5pQKB9Wq9XeieWeNt128cJqnXWabqNo1s5rZrPTvWLTo9dHXv0hwtgLijFFEfUGy9+ipMKpOAIAAA==[0m<===[JENKINS REMOTING CAPACITY]===>   channel started
[8mha:AAABfx+LCAAAAAAAAACFkc1Kw0AUha/RanCpO0EIiH+bSZQqaldt2riJXVhQpKtpMk0ryUycmZSA4PO40JfxDVwVEd/BmaZTERfOQPJx55x7D9yXL6gJDnujIhaMojwtkjEVCFMxjljKOGoq8jV1mSRQnSULrBDsmeAK5xL2w8rvzv3uwu8u/ErYCGElxhJL2Ajv8QS7KaaJ25N8TJNGyWFrniJiVLCUIL/6/54MZa4C7/4fWA38fLbZ+11vasFyH2qDZBZ2s/93uHod6tcHeIJVlZLijGi2yrzgxoG0A80dr28304/tx8tZIJXMlrC2U/f11RQEnjqaPE9zVTNUPz07btWNLgiMrqJgdgo93zadPc/089s/nTVXNUNHnfN5P13x20ZXUedEXwm1UhKeSaApS+r3F7fN667TZQ7Oc0JjwoUTsSKNnQFxhqygsfpyR0kTwp0DxhOEcxyNiNpTlqkVoQHBtJDjVOjNTQhXzQVqMbU6TH1TOUTr35yMoNltAgAA[0mlog4j:WARN No appenders could be found for logger (org.apache.commons.beanutils.converters.BooleanConverter).
[8mha:AAABWx+LCAAAAAAAAACFjsFKw0AQhsdqNXjUmyAERL0lUaJUe6pp4yUWsaBIT2u7pinb3bi7kVTB5/GgL+MbeCoivoO7SbYiHpw57Mfs/8/8L19QFxx2RtlQMOqkJIsTKhxERTJghHGnpSjQ1GUSQ1kLNahFYBWCM5RK2I1Kv1v53bnfnfuVsBnB0hBJJGEtGqN75BJEY7cneULjZs5ho0oxYFQwgp2gfH9fhjxVgbf/D6wOfj5b7P26N6vBYh/qN3ERdr3/97j6vdW/d/AEyyolRROsuZanGTcORzucyvH6djn72Hw8LQKpZJaElS0/0K0pDD1VmjxPczkz5B829k98owtDoyspLCrT9y2z2fPMvqD9s1lzOTO01zmq9ulJ0Da6kjoHuiXUc4n5REKDsNgfH1+1Lrr2OcFIYDuhiUwQSR6wLUfYLgS2mAqJJ3bKWYo5mTqr37TuDLo3AgAA[0mlog4j:WARN Please initialize the log4j system properly.
[8mha:AAABdx+LCAAAAAAAAACFkb9OwzAQxo9CIWKEDQkpEgKmxgEVBHSiacOSshSQUCc3ddOUxA62UyIh8TwM8DK8AVOFEO+AnT9FiIHz4J/u7rv7LL98QV1w2JukI8GolURpEFJhYSpCn0WMW+eKHE2XTBIoYqkGNQ+MvKGHEwn7XqFHpR4t9GihV40tD1ZGWGIJG94UzzCKMA1QX/KQBq2Mw1bpwmdUsIhYTnH/3gxZogzv/m9YLfx8Ntj7bX9eg+UB1IdBbnZz8He5qo519R6eYFW5pDgmmmtZkvJKYWmFVSpe327mH9uPF7kh5cyQsLbTdPTR5Lq2Ck22rbnIVdQ8PjlsN6s+1636CnLzSPV+o5ps29U8p/MzWXORq+ige1rO0xmnU/UV1D3SR0I9k4THEgbdjPipVO8xe3hG6JlpNtpmY2yiGeYoCodoSuid/tApGwp01SeY+5NrGkpJhEQPjN+JBPsEJSy2sjgy/Yhgauri+jfG7XjiWgIAAA==[0mExecuting Maven:  -B -f /var/lib/jenkins/jobs/TSearchUnittest/workspace/pom.xml clean test
[8mha:AAABwh+LCAAAAAAAAACFjs9u00AQxodAIOqxvVEhISHgEMl2i1O5VD04jh21dU2CRd1gcdgkztrB/2KvE5NKfRhOHNqX4Q04VVXFO3Q3zhYhDswc9qfZ+eb7rn5DPc/gjV+M8yQW0rDAQZwLKM6DURImmaBS0hhZCfGgqkc1qJnQWC2copTAW7PSi2u9+KAXH/R08cCEJ2NEEIFNc4rmSAxRjEWbZEGMD8oMnq9TjJI4T0JP0Kr3b2coUxr49f8DU8O7H43k18C+qcFjF+pDvAq75f5rTn8n7HcGl/CUpoxR5DGulWmRcYXAFMJacf3z7Ob2xUV3FYgmaxB49krWWDMyDIkWI0liXM04yXvKblvme4bB9yoyVlUw/wa/LEn8ntb5c5lxNeO0o++v77GJ1uF7Fekt1gTqJfGyiMD3bVeJfPRepTUom6am8moPlRZqk2Fw1LedqXXySe5JzfmxqcvFDp73pl5pds56y3Ks+8HIaTnnUTqZh+GevTuxwm+tybK7RMWg28azwA++JsbMVsQPJ8o7y97/vPAtHfvqor/Aft9RVW1Rqs3zAWa+h4fbrhS5jvrROrK6X15u3AO+uIUaoQIAAA==[0m[8mha:AAAAYx+LCAAAAAAAAABb85aBtbiIQSWjNKU4P0+vJLE4u1gvPjexLDVPzxdEhicW5WXmpfvll6S2fNly5fzGzauYGBgqihikoFqS8/OK83NS9ZwhNEghAwQwghQWAACwxA+XYgAAAA==[0m[WARNING] 
[8mha:AAAB8h+LCAAAAAAAAACFkc1u00AQx5dAIOIINyokSwg4RLLd4lRpqx4cx45KjUmwqBssDmt7/RFsr2OvPwgSz8MBXoY34EKFEO/AbhwXIQ7MHvanmfnP/Ff7+RfoFzl4EpZegVM+i8sgSgsepkXk4hjnvExJYWRggkAbN3qgp4PBtuEFzAh4qrd6YacXrvXCtZ42nujglgcJJOCevoIVFGKYBoJJ8igNTpocPNi5cHFa4BjxSnv/vRk0GTX8+P+G6cKfnwb429K86oGbNug7wdbsffvf5bTqs+oafAS3qcsUJohxr8nKvFPwTMHvFF++Xlz9ePhhtjVEnQ0IuPNIUthhpGkiDUaiyLjNdSQdjg8mUtenaV1fS9o2SrZ/0E0WxW6eMv0zmXGb62hfPdrNYxll2vW1pI7YIaDfEJQnBHzfs8dJCI9lGstmqCtyFxNnPIIT4kRnC9NaGeevpbk4rJ7rqlTuB9V8hRp9ejHfNJ4aRq41si6TzK/i+NA88I34/cjfzDawXM4mwToKo3dYW5tj4eX5+JlhHr2pQ0MNQrle1EG4sGRZqRt5eLkM2N7T0z1bTGxLfmWcGbO3nIkTxGU5dmKUFFyNcsSh1MVlSh+APK4OoxhxThnFHv0UjoS07PvIJVGFuAIRQrPF3d+nv8kg5QIAAA==[0m[8mha:AAAAYx+LCAAAAAAAAABb85aBtbiIQSWjNKU4P0+vJLE4u1gvPjexLDVPzxdEhicW5WXmpfvll6S2fNly5fzGzauYGBgqihikoFqS8/OK83NS9ZwhNEghAwQwghQWAACwxA+XYgAAAA==[0m[WARNING] Some problems were encountered while building the effective settings
[8mha:AAACAR+LCAAAAAAAAACFkk+Pk0AYxsdqtfGoNzcmJEZ7aAJspZuum02kFJp1EdslLluJhykMf7owUGZo2Zr4eTzol/EbeNoY49mrDJQ1xoPvHPjlnfd5nycZPv8EbZKBZ0HukgTzaZT7ISY8xCR0kijJeLkkhZGRUATqutUCLR10qoHXMKWgq9d6YacXbvTCjb4cPNLBHRdSSMEDfQnXUIgg9gWTZiH2j4oMPNqlcBJMkgjxSv392xkUaRn46f8Dl4Y/PnWSb3PzugVu26C98KuwD+1/zctbj92uwEdwt0yJYYwYt4o0zxoFzxT8TvHl6/n198cfJlWgMlmHgntPJIUdRpomlsVIFBnXvYakg2F/JDVzmtbM1aRVlTP/TrNZFJt9yvjPZsZ1r6F99XC3j3WUcTNXkzpgh4J2QVEWU/Brzx7GAXwhlzUveroiNzVaDAdwRBfhycy0lsbpW2kq9tavdFXK9/31dIkKfXw+3RauGoSONbAu4tRbR9GB2feM6GrgbSdbmM8nI38VBuFloq3MofDmdPjcMA/fbQJD9QN5M9v4wcySZWVTyL2Luc98j4/3bDG2LfnMODEm77luTtC0euMz5IeEZlddLiSci9IMOZAil4PY5QJIOJxwyPOQQ3nuJScESYyEJcKX7G/k475AEKXluxG+iKP7vwE66aOC9gIAAA==[0m[8mha:AAAAYx+LCAAAAAAAAABb85aBtbiIQSWjNKU4P0+vJLE4u1gvPjexLDVPzxdEhicW5WXmpfvll6S2fNly5fzGzauYGBgqihikoFqS8/OK83NS9ZwhNEghAwQwghQWAACwxA+XYgAAAA==[0m[WARNING] 'usePluginRegistry' is deprecated and has no effect. @ /home/jenkins/.m2/settings.xml
[8mha:AAABwh+LCAAAAAAAAACFjs9u00AQxodAIOqxvVEhISHgEMl2i1O5VD04jh21dU2CRd1gcdgkztrB/2KvE5NKfRhOHNqX4Q04VVXFO3Q3zhYhDswc9qfZ+eb7rn5DPc/gjV+M8yQW0rDAQZwLKM6DURImmaBS0hhZCfGgqkc1qJnQWC2copTAW7PSi2u9+KAXH/R08cCEJ2NEEIFNc4rmSAxRjEWbZEGMD8oMnq9TjJI4T0JP0Kr3b2coUxr49f8DU8O7H43k18C+qcFjF+pDvAq75f5rTn8n7HcGl/CUpoxR5DGulWmRcYXAFMJacf3z7Ob2xUV3FYgmaxB49krWWDMyDIkWI0liXM04yXvKblvme4bB9yoyVlUw/wa/LEn8ntb5c5lxNeO0o++v77GJ1uF7Fekt1gTqJfGyiMD3bVeJfPRepTUom6am8moPlRZqk2Fw1LedqXXySe5JzfmxqcvFDp73pl5pds56y3Ks+8HIaTnnUTqZh+GevTuxwm+tybK7RMWg28azwA++JsbMVsQPJ8o7y97/vPAtHfvqor/Aft9RVW1Rqs3zAWa+h4fbrhS5jvrROrK6X15u3AO+uIUaoQIAAA==[0m[8mha:AAAAYx+LCAAAAAAAAABb85aBtbiIQSWjNKU4P0+vJLE4u1gvPjexLDVPzxdEhicW5WXmpfvll6S2fNly5fzGzauYGBgqihikoFqS8/OK83NS9ZwhNEghAwQwghQWAACwxA+XYgAAAA==[0m[WARNING] 
[8mha:AAABSx+LCAAAAAAAAACFj8FKxDAQhsdqtXjUmyAURL2lVaooe9LuVoS6HgqCFA+x261duklNUykIPo8HfRnfwNMi4juYNM2KeHByyMfk/2f+vHyBWTHYuatHFSWoLOosJxXCpMoTWlCGTgT5koaUp6BqwQAjBKsVXOCSw26o/E7nd+Z+Z+4Xwl4ISyPMMYe1cIIfsFNgkjkRZznJeg2DjS5FQklFixT56v69GZpSBN7+P7BY+Pls0ffraGbAYgzmbdaGXY//LhevY/l6D0+wLFISPE0lG01ZM+1A0oE6x+vb1exj8/GsDSSSWRxWtjxfHklB4IqS5LqSVU+Td3i0f+ppXRBonaKgrVrut/Rk19Xz/P7PZMmqp2lvcNzNkx2/r3WKBgfycDAbnrIpBzs+HwaXN3aUYELEr+wxZXbJ6CRNeIUQWv0GRZF5QB8CAAA=[0m[INFO] Scanning for projects...
[8mha:AAABwh+LCAAAAAAAAACFjs9u00AQxodAIOqxvVEhISHgEMl2i1O5VD04jh21dU2CRd1gcdgkztrB/2KvE5NKfRhOHNqX4Q04VVXFO3Q3zhYhDswc9qfZ+eb7rn5DPc/gjV+M8yQW0rDAQZwLKM6DURImmaBS0hhZCfGgqkc1qJnQWC2copTAW7PSi2u9+KAXH/R08cCEJ2NEEIFNc4rmSAxRjEWbZEGMD8oMnq9TjJI4T0JP0Kr3b2coUxr49f8DU8O7H43k18C+qcFjF+pDvAq75f5rTn8n7HcGl/CUpoxR5DGulWmRcYXAFMJacf3z7Ob2xUV3FYgmaxB49krWWDMyDIkWI0liXM04yXvKblvme4bB9yoyVlUw/wa/LEn8ntb5c5lxNeO0o++v77GJ1uF7Fekt1gTqJfGyiMD3bVeJfPRepTUom6am8moPlRZqk2Fw1LedqXXySe5JzfmxqcvFDp73pl5pds56y3Ks+8HIaTnnUTqZh+GevTuxwm+tybK7RMWg28azwA++JsbMVsQPJ8o7y97/vPAtHfvqor/Aft9RVW1Rqs3zAWa+h4fbrhS5jvrROrK6X15u3AO+uIUaoQIAAA==[0m[8mha:AAAAYx+LCAAAAAAAAABb85aBtbiIQSWjNKU4P0+vJLE4u1gvPjexLDVPzxdEhicW5WXmpfvll6S2fNly5fzGzauYGBgqihikoFqS8/OK83NS9ZwhNEghAwQwghQWAACwxA+XYgAAAA==[0m[WARNING] 
[8mha:AAACHB+LCAAAAAAAAACFkc9u00AQxreBQMQRDkhUSJYQcIiwnTap0lQ9OE4cSo2bYGgaIoTW9vpPanud9To2QeJ5OMDL8AacKoR4B3bjuAhxYPawP83MN/Ot9ssvUE8JeOJnTopjMQkzL4hTEcZpYOMQE1FhpHIyMEWgjJ0aqOmgsWl4CRMKnuqlXtrqpWu9dK1njUc6uOlACim4qy/gCkohjD3JpCSIvaOCgAdbFzaOUxwiUS3vvzeDImGGH//fMFv483MDf5+ZVzVwYw7qlrcxe2/+73JWdXl1CT6BW8xlDCPEuVYkGakUIleIW8XXb+dXPx5+HG0MMWcNCm4/aqv8cNI0mQUnWeZc5ipqH3T3+u2qT9OqvpK0TWR8f6OaLMvVPHXwZzLnMldRa3i4nccz6qDqK2nY4YeCekERiejO/d15N/JhT2ExK5q6qlTRt7od2KdWcDIxpwvj9E17LDdXL/RhO2t5q/ECFfrgfLwunKEf2NPO9CJK3FUYHph7rhF+6Ljr0Rpms1HfWwZ+cIm1pdmVzk67+4Z5+Db3jaHnK/kk9/zJVFHUvFCaFzOP7z0+3p3L0XyqvDJOjNE7wcQREhKCrRBFqZAjggQU2ziL2QOQI+R+ECLByoLQYZ8iUJ+VXRfZNFghIcIOCgUXE8HGkUigfZkm0EYiTIJeiiCx/V4OSU8WW6L83ursPzMNZWw+P3t95zfE6b6tFgMAAA==[0m[8mha:AAAAYx+LCAAAAAAAAABb85aBtbiIQSWjNKU4P0+vJLE4u1gvPjexLDVPzxdEhicW5WXmpfvll6S2fNly5fzGzauYGBgqihikoFqS8/OK83NS9ZwhNEghAwQwghQWAACwxA+XYgAAAA==[0m[WARNING] Some problems were encountered while building the effective model for com.rackspace.api:search:war:0.1.0_b53-SNAPSHOT
[8mha:AAACCx+LCAAAAAAAAACFks9u00AQxreBQMSBA9yokCwhyCFgO2lSpa0q4Th2VGpMgkXTEPWwie31Bns38b+4QeJ5OMDL8AacKoR4B3btOAhxYPYwP83ON/NJu19+gWoUgmdeYkeUiEs/QZhEIiQRnlOfhqLCSOVk0tgBRexVQMUAtbzhNVzGoG4Uemmrl3Z6aadnjScGuG3DGMbggbGAKZR8SJBkxSEm6CQLwaOtizklEfUdUS3y35tBtmSGn/7fMFv483ONfp9YNxVwawqqM5SbfTj9dzm7dfntCnwCd5hLAgOHcyVbJmGpELlC3Cq+fru4+fH44yA3xJzVYnD3SVvlh5Ouyyw4yTLnolZS+7Db6rXLPl0v+wrS80j4/lo5WZbLeWr/z2TORa2kpna0nccrar/sK0jr8BODahY7YRDv3d+fdgMPHissJlnDUJUyerNuB/biGT4bWeOFef6uPZQb6StDaydNlA4XTmb0L4abzNY8PB93xpfB0k19/9BquaZ/3XE3gw1MJoMeWmEPf6D6yupKb867B6Z19H7tmRrylPVojbzRWFHUdaY0LieI7z093Z/KwXSsvDXPzMGVUJ8l2Ld3z1xkMXXCCFNSF1waCjRE7MfYjgeTSEQhpem1GMDUIccoTy8KkYAjIcBRxB5PFF4KPiaO0DzoPBfYt0kCIrSa934DHwbjEw0DAAA=[0m[8mha:AAAAYx+LCAAAAAAAAABb85aBtbiIQSWjNKU4P0+vJLE4u1gvPjexLDVPzxdEhicW5WXmpfvll6S2fNly5fzGzauYGBgqihikoFqS8/OK83NS9ZwhNEghAwQwghQWAACwxA+XYgAAAA==[0m[WARNING] 'build.plugins.plugin.version' for org.codehaus.groovy.maven:gmaven-plugin is missing. @ line 135, column 21
[8mha:AAABwh+LCAAAAAAAAACFjs9u00AQxodAIOqxvVEhISHgEMl2i1O5VD04jh21dU2CRd1gcdgkztrB/2KvE5NKfRhOHNqX4Q04VVXFO3Q3zhYhDswc9qfZ+eb7rn5DPc/gjV+M8yQW0rDAQZwLKM6DURImmaBS0hhZCfGgqkc1qJnQWC2copTAW7PSi2u9+KAXH/R08cCEJ2NEEIFNc4rmSAxRjEWbZEGMD8oMnq9TjJI4T0JP0Kr3b2coUxr49f8DU8O7H43k18C+qcFjF+pDvAq75f5rTn8n7HcGl/CUpoxR5DGulWmRcYXAFMJacf3z7Ob2xUV3FYgmaxB49krWWDMyDIkWI0liXM04yXvKblvme4bB9yoyVlUw/wa/LEn8ntb5c5lxNeO0o++v77GJ1uF7Fekt1gTqJfGyiMD3bVeJfPRepTUom6am8moPlRZqk2Fw1LedqXXySe5JzfmxqcvFDp73pl5pds56y3Ks+8HIaTnnUTqZh+GevTuxwm+tybK7RMWg28azwA++JsbMVsQPJ8o7y97/vPAtHfvqor/Aft9RVW1Rqs3zAWa+h4fbrhS5jvrROrK6X15u3AO+uIUaoQIAAA==[0m[8mha:AAAAYx+LCAAAAAAAAABb85aBtbiIQSWjNKU4P0+vJLE4u1gvPjexLDVPzxdEhicW5WXmpfvll6S2fNly5fzGzauYGBgqihikoFqS8/OK83NS9ZwhNEghAwQwghQWAACwxA+XYgAAAA==[0m[WARNING] 
[8mha:AAACBR+LCAAAAAAAAACFjtFu0zAUhr2OQcUl3DEhWULARaUkG+3UbdpFmjZVWQgtEetKxYXTOImLE6eJ06ZF4nm4gJfhDbiaEOIdsJtmCHHBsRR/OT7/+f8vv8BBloJnYe5lLFYSmgckzhQUZ2TGKEsVXZAhyWYcg7L2aqBmgfp24BVKOHhulXp1p1dv9eqtXgyeW+COhzji4IE1R0ukUhQHqsNTEgfnRQoe7VLMWJwxihWjvP92BkUiAj/9f2Bh+PNznX2fODc1sD8FB26wDftw+q+5ePXl6wJ8AndFyhhFWHKtSPK0UihSoewUX79d3fx4/LG/DSSS1Tm496RpyCPJNDVRkjRNctmrqHnSPu40qznTrOZKMreVS/96tVnTqn1G989myWWvoqPe6W6f7Bjdaq6kXkseDg4KjtOI7+0fTttRiM50UZOiYRl6VR233UId7pLByBnP7cu3zaHWWL60es38KFgO57iwulfDTeH1QjIbt8bXUeIvKT1xjn2brlv+pr9B+aTfCRYkJB+YuXDa6uvL9gvbOX23Cu1eEOqr0SoIR2NdN1aF3rieBNL34uJwqkXTsf7GHtj993DAIclgSIKQrmGKZyyKcOxhD3IGfVJAHuIMwyRlLsVRBl08Q7loiPZafFKMOI7lH8w4cgklfA2ZD9csT6GbE+op938Dr0MCWgIDAAA=[0m[8mha:AAAAYx+LCAAAAAAAAABb85aBtbiIQSWjNKU4P0+vJLE4u1gvPjexLDVPzxdEhicW5WXmpfvll6S2fNly5fzGzauYGBgqihikoFqS8/OK83NS9ZwhNEghAwQwghQWAACwxA+XYgAAAA==[0m[WARNING] It is highly recommended to fix these problems because they threaten the stability of your build.
[8mha:AAABwh+LCAAAAAAAAACFjs9u00AQxodAIOqxvVEhISHgEMl2i1O5VD04jh21dU2CRd1gcdgkztrB/2KvE5NKfRhOHNqX4Q04VVXFO3Q3zhYhDswc9qfZ+eb7rn5DPc/gjV+M8yQW0rDAQZwLKM6DURImmaBS0hhZCfGgqkc1qJnQWC2copTAW7PSi2u9+KAXH/R08cCEJ2NEEIFNc4rmSAxRjEWbZEGMD8oMnq9TjJI4T0JP0Kr3b2coUxr49f8DU8O7H43k18C+qcFjF+pDvAq75f5rTn8n7HcGl/CUpoxR5DGulWmRcYXAFMJacf3z7Ob2xUV3FYgmaxB49krWWDMyDIkWI0liXM04yXvKblvme4bB9yoyVlUw/wa/LEn8ntb5c5lxNeO0o++v77GJ1uF7Fekt1gTqJfGyiMD3bVeJfPRepTUom6am8moPlRZqk2Fw1LedqXXySe5JzfmxqcvFDp73pl5pds56y3Ks+8HIaTnnUTqZh+GevTuxwm+tybK7RMWg28azwA++JsbMVsQPJ8o7y97/vPAtHfvqor/Aft9RVW1Rqs3zAWa+h4fbrhS5jvrROrK6X15u3AO+uIUaoQIAAA==[0m[8mha:AAAAYx+LCAAAAAAAAABb85aBtbiIQSWjNKU4P0+vJLE4u1gvPjexLDVPzxdEhicW5WXmpfvll6S2fNly5fzGzauYGBgqihikoFqS8/OK83NS9ZwhNEghAwQwghQWAACwxA+XYgAAAA==[0m[WARNING] 
[8mha:AAACCB+LCAAAAAAAAACFkkFv0zAYhr3CoOIINyYkSwg4FCXZaKdu0w5p2lRjWWiJWFcqDm7rOC5JnDpOGorE7+EAf4Z/wGlCiP+A3TRDiAOfD3n0+Xu/95WcL7/AbsrB0yCbpyzWkjAjNE41FKd0xkLGNVOSpchlAoOydmqg5oD6ZuACJQI8c0q9vtXrN3r9Ri8HTxxwe44EEuC+s0A50kMUE90TnMbkpODg4TbFjMUpC7Fmld+/nUGRyMBP/h9YGv78XGffx951DdyagN0p2YR9MPnXXN766nYJPoE7MmWMIqy4ViQZrxSaUmhbxddvl9c/Hn3sbwLJZHUB7j5uWuoosm1DliLDUFz2Kmoetg86zWrOtqu5kuxNZcq/Xm02jGqf1f2zWXHZq2i/d7TdpzpWt5orqddSR4DdQmAeiZ3a3qQdBejYlDUuGo5lVtWZtluoI6b0bOiNFu75m+bAaOQvnV4z2yf5YIELp3s5WBfzXkBno9boKkr8PAwPvQPfDT+0/HV/jbJxv0OWNKDvmb302vqr8/YL1zt6uwrcHgnM1XBFguHINK1VYTauxkT5np7uTYxoMjJfu2du/x20GYcioCnkGMn3fg79TGQcwwuU4xjmmKdU/iQwoiQQMGYwZDHBHKZZkjAu4DSj4Vw+l2zMAhih0Gc8wnOYcLbAM5Fq934DBuQuzQEDAAA=[0m[8mha:AAAAYx+LCAAAAAAAAABb85aBtbiIQSWjNKU4P0+vJLE4u1gvPjexLDVPzxdEhicW5WXmpfvll6S2fNly5fzGzauYGBgqihikoFqS8/OK83NS9ZwhNEghAwQwghQWAACwxA+XYgAAAA==[0m[WARNING] For this reason, future Maven versions might no longer support building such malformed projects.
[8mha:AAABwh+LCAAAAAAAAACFjs9u00AQxodAIOqxvVEhISHgEMl2i1O5VD04jh21dU2CRd1gcdgkztrB/2KvE5NKfRhOHNqX4Q04VVXFO3Q3zhYhDswc9qfZ+eb7rn5DPc/gjV+M8yQW0rDAQZwLKM6DURImmaBS0hhZCfGgqkc1qJnQWC2copTAW7PSi2u9+KAXH/R08cCEJ2NEEIFNc4rmSAxRjEWbZEGMD8oMnq9TjJI4T0JP0Kr3b2coUxr49f8DU8O7H43k18C+qcFjF+pDvAq75f5rTn8n7HcGl/CUpoxR5DGulWmRcYXAFMJacf3z7Ob2xUV3FYgmaxB49krWWDMyDIkWI0liXM04yXvKblvme4bB9yoyVlUw/wa/LEn8ntb5c5lxNeO0o++v77GJ1uF7Fekt1gTqJfGyiMD3bVeJfPRepTUom6am8moPlRZqk2Fw1LedqXXySe5JzfmxqcvFDp73pl5pds56y3Ks+8HIaTnnUTqZh+GevTuxwm+tybK7RMWg28azwA++JsbMVsQPJ8o7y97/vPAtHfvqor/Aft9RVW1Rqs3zAWa+h4fbrhS5jvrROrK6X15u3AO+uIUaoQIAAA==[0m[8mha:AAAAYx+LCAAAAAAAAABb85aBtbiIQSWjNKU4P0+vJLE4u1gvPjexLDVPzxdEhicW5WXmpfvll6S2fNly5fzGzauYGBgqihikoFqS8/OK83NS9ZwhNEghAwQwghQWAACwxA+XYgAAAA==[0m[WARNING] 
[8mha:AAABPh+LCAAAAAAAAABb85aBtbiIQS2jNKU4P0+vIKc0PTOvWC8xrzgzOT8nv0jPEchyBrH88ktSGSCAkYmByYeBA6zAN7GghEHdB6JfH6pfH65fH64fqNDah4ElJbEksYRByCcrsSxRPycxL10/uKQoMy/duqKIQQrqiuT8vOL8nFQ9ZwiNajNDRQHQwaqEHQy08PUKjvyHkcHPmRiYoxlYk9LBjhWOxrQcKJsGki1kqGNgA7oyLzE3FcRmqigoLYLp0APp0IPqWHsp7PlL2Wp3sIOALuMoYWBXNnEGQRDLzc0ACEAsAwMQGyIGY5mYWRg5mcDUubnB1EFYbmBQCrKfA2aygQHMPGcXhMkgNkQMxjJ0tYSaBxJxdoGpg7BcTUGwhIG1oiS1KLeEISDa08/NP1ZBl0qACwBzBPd0TwIAAA==[0m[INFO] ------------------------------------------------------------------------
[8mha:AAABSh+LCAAAAAAAAACFjsFKxDAQhsdqtXjUmygURL21Vaqoe3K7WxHqLrggSPEQ21or3aSbplIQfB4P+jK+gadFxHcwaZoV8eDMIR+T/5/5X75ALyls31VxSbBV5FWa4dJCuMwikhNqnXDyBA0IS0DWnAZaAEYjOEcFg51A+u3Wb8/89szPhZ0AFmLEEIOV4B49IDtHOLVHjGY47dQU1toUEcElyRPLk+/vy1AXPPDW/4H5wc9ng7xfjaYazIeg36RN2NXw73H+eyt+J/AEizwlRuNEsFYXFVUOSzis1vH6djn92Hg8bQLxZAaDpU3XEy3I9x1eghxHsJwpcg8O97qu0vm+0knym6rEfUNtdhy1z+v9bBYsZ4p2+0ftPjHxekonqb8vmoFes4SOGayHZwN/eG1eJChihJrdKstjc0jjhB4vfwMwchkuGwIAAA==[0m[INFO] Reactor Build Order:
[8mha:AAABOR+LCAAAAAAAAACFjsFKxDAQhsdqtXjUmyAIot7SKlWUPbndrQh1PSwIUjzE3Vor3aSmqRQEn8eDvoxv4GkR8R3MNM2KeHDmkI/J/8/8L19glwK2b6txyRkp8irNWEkoK7MRz7kgx4oCpAGXCeias8CKwGkEZ7SQsBNpv9v63ZnfnfmVsBPBwphKKmEluqMP1M0pS92hFBlLO7WAtTbFiLOS5wkJ9Pv7MtSFCrz1f2B18PPZ4e+Xw6kF8zHY12kTdjX+e1z93uDvPTzBokrJ6CRBtuqiEsZB0EFax+vbxfRj/fGkCaSSORKWNv0AGykMPVVInoesZ4b8g8O9rm90YWh0msKmKrzvmM2eZ/YFvZ/NyHpmaLd/1O7DSdAzOk39fWwJdi0TMZHgxKeD8PxqY/kbaqkK+wcCAAA=[0m[INFO] 
[8mha:AAABQx+LCAAAAAAAAACFkcFKxDAQhsdqtXjUmyAsiHpLq1RR9qTdrQjdXaEgSPEQu7Vb6SY1TaUg+Dwe9GV8A0+LiO9g0jQr4sHJIR+T/5/5IS9fYJYMdibVuKQEFXmVZqREmJRZTHPK0IkgT9KQ8gRULRhgBGA1ggEuOOwGym+3fnvut+d+IewGsDTGHHNYC+7wA7ZzTFI75CwjabdmsNGmiCkpaZ4gT92/N0NdiMDb/wcWCz+fLfp+Fc4MWIzAvEmbsOvR3+Xi9Va+3sMTLIuUBE8TyUZdVEw7kHSg1vH6djn72Hw8awKJZBaHlS3Xk0eS7zuiJDmOZNXT5B4e7Z+6Wuf7WqfIb6qS+y092XH0PK/3M1my6mna6x+382TH62mdov6BPBzMmidsKr4hOh/6o+tOmGAWTzoXo8HqNzBcB+8RAgAA[0m[INFO] Search POM
[8mha:AAABPx+LCAAAAAAAAACFjsFKxDAQhsdqtXjwoDdBEES9tVWqKHvS7kaEuh4WBCkeYrd2K92km6RSEHweD/oyvoGnRcR3MGmaFfHgzCEfk/+f+V++wOYMdkbVkFPilkWV5YS7mPA8oQVl7omkUFGfihR0zVlgReA0ggtcCtiNtN9r/d7M7838UtiJYGGIBRawGt3jB+wVmGTeQLCcZJ2awXqbIqGE0yJ1Q/3+vgx1KQNv/x9YHvx8duj79WBqwXwM9m3WhF2L/x6Xv3fqdwJPsChTEjxOFVt1WTHjcJXDbR2vb1fTj43HsyaQTOYIWNoKQtWKEPJlKfJ9xXpmKDg82j8NjA4ho9OEmqrUfcds9n2zL+z+bFasZ4b2esftPjUJu0anqXegWoBdi5SNBazE5310ebPJU8yS0fI37JiB0g0CAAA=[0m[INFO] search
[8mha:AAABQB+LCAAAAAAAAACFjsFKxDAQhsdqtXgSvQmCIOqtrVJF2ZN2NyLU9bAgSPGQ7dZa6SbdNJGC4PN40JfxDTwtIr6DSdOsiAdnDvmY/P/M//IFdsVg506MKkrcshBZTioXkypPaEGZeyIpVNSnPAVdcxZYETiN4AKXHHYj7fdavzfzezO/FHYiWBhhjjmsRvf4AXsFJpk34CwnWadmsN6mSCipaJG6oX5/X4a6lIG3/w8sD34+O/T9ejC1YD4Ge5g1Ydfiv8fl7636ncATLMqUBI9TxVZdCmYcrnK4reP17Wr6sfF41gSSyRwOS1tBqFoRQr4sRb6vWM8MBYdH+6eB0SFkdJpQU0Ldd8xm3zf7wu7PZsV6Zmivd9zuU5Owa3SaegeqOdg1T9mYw0p83keXN5uJSMR4mLLlb7p0iC8PAgAA[0m[INFO] cucumber
[8mha:AAABPR+LCAAAAAAAAABb85aBtbiIQS2jNKU4P0+vIKc0PTOvWC8xrzgzOT8nv0jPEchyBrH88ktSGSCAkYmByYeBA6zAN7GghEHdB6JfH6pfH65fH64fqNDah4ElJbEksYRByCcrsSxRPycxL10/uKQoMy/duqKIQQrqiuT8vOL8nFQ9ZwiNajNDRQHQwaqEHQy08PUKjvyHkcHPmRiYoxlYk9LBjhWOxrQcKJsGki1kqGNgA7oyLzE3FcRmqigoLYLp0APp0IPqWHsp7PlL2Wp3sIOALuMoYWBXNnEGQRDLzc0ACEAsAwMQGyIGY5mYWRg5mcDUubnB1EFYbmBQCrKfA2aygQHMPGcXhMkgNkQMxjJ0tYSaBxJxdoGpg7BcTUGwhIG1oiS1KLeEISDa08/NP1aBWoALADftnitPAgAA[0m[INFO]                                                                         
[8mha:AAABPh+LCAAAAAAAAABb85aBtbiIQS2jNKU4P0+vIKc0PTOvWC8xrzgzOT8nv0jPEchyBrH88ktSGSCAkYmByYeBA6zAN7GghEHdB6JfH6pfH65fH64fqNDah4ElJbEksYRByCcrsSxRPycxL10/uKQoMy/duqKIQQrqiuT8vOL8nFQ9ZwiNajNDRQHQwaqEHQy08PUKjvyHkcHPmRiYoxlYk9LBjhWOxrQcKJsGki1kqGNgA7oyLzE3FcRmqigoLYLp0APp0IPqWHsp7PlL2Wp3sIOALuMoYWBXNnEGQRDLzc0ACEAsAwMQGyIGY5mYWRg5mcDUubnB1EFYbmBQCrKfA2aygQHMPGcXhMkgNkQMxjJ0tYSaBxJxdoGpg7BcTUGwhIG1oiS1KLeEISDa08/NP1ZBl0qACwBzBPd0TwIAAA==[0m[INFO] ------------------------------------------------------------------------
[8mha:AAABXB+LCAAAAAAAAACFj81Kw0AUha/RanCpO0EIiLpyErUVpas2bVRIfyAiSBGZtjGNpJk4mUhA8Hlc6Mv4Bq6KiO/gTCZTERfeWczHnXPuPfPyBZWUws4kG6ckRkmUBWGcIhyn4YhEhKIGJ1tQlzAfZC1ooLmgF4IOThjsutJvln5z7jfnfi6su7A0xgwzWHPv8AM2IxwHpsdoGAf1nMJGmWJE4pREPrLl/Xsz5AkPvP1/YL7w81kn71feTIPFAVSGQRF2ffB3OX+9Fa/38ATLPGWMp75gLU8yqhxIOFDpeH27nH1sPp4WgXgyncHKVtUWR5DjWLwEWZZg2VNUPTo+aFaVznGUTpJTVCb262qyZal5dutnsmDZU7TfPinniY7dUjpJ7Zo4DCo58+mUARqcd53etdHMwmjMf2V4PqajidHvdQwL7SPrZlg73PO6jb531rtY/Qb3JZq5LQIAAA==[0m[INFO] Building Search POM 0.1.0_b53-SNAPSHOT
[8mha:AAABPh+LCAAAAAAAAABb85aBtbiIQS2jNKU4P0+vIKc0PTOvWC8xrzgzOT8nv0jPEchyBrH88ktSGSCAkYmByYeBA6zAN7GghEHdB6JfH6pfH65fH64fqNDah4ElJbEksYRByCcrsSxRPycxL10/uKQoMy/duqKIQQrqiuT8vOL8nFQ9ZwiNajNDRQHQwaqEHQy08PUKjvyHkcHPmRiYoxlYk9LBjhWOxrQcKJsGki1kqGNgA7oyLzE3FcRmqigoLYLp0APp0IPqWHsp7PlL2Wp3sIOALuMoYWBXNnEGQRDLzc0ACEAsAwMQGyIGY5mYWRg5mcDUubnB1EFYbmBQCrKfA2aygQHMPGcXhMkgNkQMxjJ0tYSaBxJxdoGpg7BcTUGwhIG1oiS1KLeEISDa08/NP1ZBl0qACwBzBPd0TwIAAA==[0m[INFO] ------------------------------------------------------------------------
[8mha:AAABOR+LCAAAAAAAAACFjsFKxDAQhsdqtXjUmyAIot7SKlWUPbndrQh1PSwIUjzE3Vor3aSmqRQEn8eDvoxv4GkR8R3MNM2KeHDmkI/J/8/8L19glwK2b6txyRkp8irNWEkoK7MRz7kgx4oCpAGXCeias8CKwGkEZ7SQsBNpv9v63ZnfnfmVsBPBwphKKmEluqMP1M0pS92hFBlLO7WAtTbFiLOS5wkJ9Pv7MtSFCrz1f2B18PPZ4e+Xw6kF8zHY12kTdjX+e1z93uDvPTzBokrJ6CRBtuqiEsZB0EFax+vbxfRj/fGkCaSSORKWNv0AGykMPVVInoesZ4b8g8O9rm90YWh0msKmKrzvmM2eZ/YFvZ/NyHpmaLd/1O7DSdAzOk39fWwJdi0TMZHgxKeD8PxqY/kbaqkK+wcCAAA=[0m[INFO] 
[8mha:AAAB5R+LCAAAAAAAAACFUd2K00AYHavV4qXeuQgB8Y+Sv5K6scuCzbQJ3Y1tlmqwW/Zimk7TxPyZTEKq4PN4oS/jAwheLSK+gzNJsyJeeOZiDt+c850D8/kXaGcpeLTN11kcCUmQu16UCSjKPCcO4lQYUgYZm8YEgxrXWqBlgk4leIkSAh6btV/c+8Urv3jlp8IjE9xYI4IIuGP6qEBigCJXnJPUi9yjMgX39i2cOMriAAuwvv9OBmVCCz/8f2Ea+PNTJ/6+mF+2wPUlaK/cquzd5b/h9HXDXt+Bj+AmbRmhEDPeKpM8bRwCcwh7x5ev9uWP+x+MqhBt1iHg1gMFssOYrksUjEkS4/WsYcoztacpjU7XG13N9Ao5y+80myWp2QdHfzYzXs8aJo+f7/exCRw1upqN++wQ0C4JTkMCvi0nU312wR0s1XCLBkOKhdY14bCBtlL7SCMrb3I2D/3p6WvFkrrFiTlWctktLB+X5si23pfrsVEU4Xn3zWH/HL81g5m9KV75jqpbJy4yPG9inCLP6Fs7VSl2jj2SIziU5zsa4EOoa2fQ7h3O/EWVeXx8sJRCnue5EBU44p0Ao4ivP3rQExRBHlQj7skab1AekFrxlHvBZRilzpZP4pCj/tu/Ab5lDB3dAgAA[0m[INFO] [8mha:AAAAYB+LCAAAAAAAAABb85aBtbiIQSmjNKU4P0+vJLE4u1gvPjexLDVPzxdEGvvmZ+X75ZekLlOVfvTjc8FPJgaGiiIGKaiG5Py84vycVD1nCA1SyAABjCCFBQCV27OjYAAAAA==[0m--- maven-clean-plugin:2.4.1:clean (default-clean) @ search-pom ---
[8mha:AAABPR+LCAAAAAAAAABb85aBtbiIQS2jNKU4P0+vIKc0PTOvWC8xrzgzOT8nv0jPEchyBrH88ktSGSCAkYmByYeBA6zAN7GghEHdB6JfH6pfH65fH64fqNDah4ElJbEksYRByCcrsSxRPycxL10/uKQoMy/duqKIQQrqiuT8vOL8nFQ9ZwiNajNDRQHQwaqEHQy08PUKjvyHkcHPmRiYoxlYk9LBjhWOxrQcKJsGki1kqGNgA7oyLzE3FcRmqigoLYLp0APp0IPqWHsp7PlL2Wp3sIOALuMoYWBXNnEGQRDLzc0ACEAsAwMQGyIGY5mYWRg5mcDUubnB1EFYbmBQCrKfA2aygQHMPGcXhMkgNkQMxjJ0tYSaBxJxdoGpg7BcTUGwhIG1oiS1KLeEISDa08/NP1aBWoALADftnitPAgAA[0m[INFO]                                                                         
[8mha:AAABPh+LCAAAAAAAAABb85aBtbiIQS2jNKU4P0+vIKc0PTOvWC8xrzgzOT8nv0jPEchyBrH88ktSGSCAkYmByYeBA6zAN7GghEHdB6JfH6pfH65fH64fqNDah4ElJbEksYRByCcrsSxRPycxL10/uKQoMy/duqKIQQrqiuT8vOL8nFQ9ZwiNajNDRQHQwaqEHQy08PUKjvyHkcHPmRiYoxlYk9LBjhWOxrQcKJsGki1kqGNgA7oyLzE3FcRmqigoLYLp0APp0IPqWHsp7PlL2Wp3sIOALuMoYWBXNnEGQRDLzc0ACEAsAwMQGyIGY5mYWRg5mcDUubnB1EFYbmBQCrKfA2aygQHMPGcXhMkgNkQMxjJ0tYSaBxJxdoGpg7BcTUGwhIG1oiS1KLeEISDa08/NP1ZBl0qACwBzBPd0TwIAAA==[0m[INFO] ------------------------------------------------------------------------
[8mha:AAABWR+LCAAAAAAAAACFj9FKwzAUho/VafFS7wRhICoIpp1uouxq61YVaidUBBki2Va7SpfWNJWC4PN4oS/jG3g1RHwHk6aZiBeeXOTj5P/P+fPyBZWUwtY4G6UxQUmUBSFJESZpOIyjmKIWJ0uQGzMfZM1poDmgF4IznDDYdqTfKP3GzG/M/FzYdGBhhBlmsOLc4QdsRJgEhsdoSIJmTmGtTDGMSRpHPrLk/Xsz5AkPvPl/YL7w81mP36+8qQbzfagMgiLsav/vcv56K17v4QkWeUqCJ75gLU8yqhxIOFDpeH27nH6sPx4XgXgyncHSRt0SR5Btm7wEmaZg2VNUPzjca9eVzraVTpJdVCb262qyaap5VudnsmDZU1TrHpXzRMfqKJ2kbkMcBpWc+XTCYKd/6tq962o7C6MR/1U19TEdjqsmqiHzZtDY3/Xc1rl30rtY/gYmKOZIKQIAAA==[0m[INFO] Building search 0.1.0_b53-SNAPSHOT
[8mha:AAABPh+LCAAAAAAAAABb85aBtbiIQS2jNKU4P0+vIKc0PTOvWC8xrzgzOT8nv0jPEchyBrH88ktSGSCAkYmByYeBA6zAN7GghEHdB6JfH6pfH65fH64fqNDah4ElJbEksYRByCcrsSxRPycxL10/uKQoMy/duqKIQQrqiuT8vOL8nFQ9ZwiNajNDRQHQwaqEHQy08PUKjvyHkcHPmRiYoxlYk9LBjhWOxrQcKJsGki1kqGNgA7oyLzE3FcRmqigoLYLp0APp0IPqWHsp7PlL2Wp3sIOALuMoYWBXNnEGQRDLzc0ACEAsAwMQGyIGY5mYWRg5mcDUubnB1EFYbmBQCrKfA2aygQHMPGcXhMkgNkQMxjJ0tYSaBxJxdoGpg7BcTUGwhIG1oiS1KLeEISDa08/NP1ZBl0qACwBzBPd0TwIAAA==[0m[INFO] ------------------------------------------------------------------------
[8mha:AAABlx+LCAAAAAAAAACFUrFOwzAQPQqFihE2JCQkBEy106qg0k6QNiyFpRISYnITkwYS2zhOCULiH/gLBvgZ/oCpQoh/wI6bIsTAefDz3Xt3L7q8fEE1lbA7zoKUMyTiLIxYighLI5/HXKIjjVyDzriiYGOhApUB1ArCKREK9gZWj2d6PNfjuV4TuwNYCogiCtYG12RCcExYiIdKRizs5hI2Zi58zlIeU+Ta+/dkyIU2vPO/YT3w87nG3y+G0wosXkJ1FBZm1y//DtfVK1O9hUdY1i4ZSajBlVxkslQgo0Azxevb+fRj8+GkMKSd1RSsbLdccwzyPEeHQY5jsM2VqHXQbh63Sp7nlTyLvCIyM79Wdnacsp/b++lssM2VqNE/nPUzGbdX8izq75ujoJorKhMFTz1+x2JOAv1Fna2xUqKDcVAfZVEcNFBEgqbehRRIEv8mFcSn+pl02g3HwYzmWYr1phRlCoeSZyLFIhvFkY+5DHUloGOiKbrEJ/c4IRPKcFhcdbs1m6snVBHzV6A8iVe/AUiuWUyQAgAA[0mDownloading: http://d-build1.iad2.corp.rackspace.com:8100/nexus/content/groups/public/org/codehaus/groovy/maven/gmaven-plugin/maven-metadata.xml
[8mha:AAABrx+LCAAAAAAAAACFUk1vEzEQHQIpK470hoS0EuLrEHsTkiokp2aT5dDAJRJSlZOzazZLd23X9qaLKvXnVD20f4Z/wClCqP8Be50NQhwYH/w8897Mk8a399BWEl6ty0RxhkRephlTiDCVxTznEh0bFFr0iWsKLh60oDUHryZ8JELD67nT450e7/V4rzfE8RweJUQTDU/nX8mG4JywFC+0zFg6riQ827mIOVM8pyh099+ToRLG8Mv/GzYDf914/MfpYtuCh0tor9La7OHy3+Gm+sVWz+EKDoxLRgpqcasSpWwUyCrQTnH3/fP25/PLD7Uh48zT8PhFP7THoigKTFgUBBa7XIP6R8PepN/woqjhORTVUdr5XtM5CJp+4fRPZ4tdrkHd2ftdP5sJpw3PodnAHg3tSlNZaLie8guWc5LQZOSvtRYjjJPOqszypIsykvTMKqRAksRnSpCYmmcxGnaDADNalQqbRWnKNE4lL4XColzlWYy5TE0loWtiKKbEN99wQTaU4bS+Om5pLtcpqCb2U6CqyP03g+E7f+IT7XfRkX8ywYrGb5/8Bl6doRClAgAA[0mDownloaded: http://d-build1.iad2.corp.rackspace.com:8100/nexus/content/groups/public/org/codehaus/groovy/maven/gmaven-plugin/maven-metadata.xml (583 B at 1.6 KB/sec)
[8mha:AAABOR+LCAAAAAAAAACFjsFKxDAQhsdqtXjUmyAIot7SKlWUPbndrQh1PSwIUjzE3Vor3aSmqRQEn8eDvoxv4GkR8R3MNM2KeHDmkI/J/8/8L19glwK2b6txyRkp8irNWEkoK7MRz7kgx4oCpAGXCeias8CKwGkEZ7SQsBNpv9v63ZnfnfmVsBPBwphKKmEluqMP1M0pS92hFBlLO7WAtTbFiLOS5wkJ9Pv7MtSFCrz1f2B18PPZ4e+Xw6kF8zHY12kTdjX+e1z93uDvPTzBokrJ6CRBtuqiEsZB0EFax+vbxfRj/fGkCaSSORKWNv0AGykMPVVInoesZ4b8g8O9rm90YWh0msKmKrzvmM2eZ/YFvZ/NyHpmaLd/1O7DSdAzOk39fWwJdi0TMZHgxKeD8PxqY/kbaqkK+wcCAAA=[0m[INFO] 
[8mha:AAAB4h+LCAAAAAAAAACFUc2L00AcHavV4lFvLkJA/KLkq6Ru7LJgM21Cd2ObpRrshj1M02mamI+aTEKq4N/jQf8Zj948LSL+D84kzYp48M1hHr957/cezOdfoJ2l4NEmX2VJLGzD3PPjTEBx5rtJmKTCkDLI2DQhGNS41gItE3QqwUu0JeCxWfvFvV+88otXfio8MsGNFSKIgDtmgAokhij2xDlJ/dg7KlNwb9/CTeIsCbEA6/vvZFBuaeGH/y9MA39+6iTfF/PLFrjugPbSq8redf4Np69r9voOfAQ3acsYRZjxVrnN08YhMIewd3z5al/+uP/BqArRZh0Cbj1QIDuM6bpEwZgkMV7PGqY8U3ua0uh0vdHVTK+Qs/xOs1mSmn1w9Gcz4/WsYfL4+X4fm8BRo6vZuM8OAe2S4DQi4JszmeqzC+7AUaMNGgwpFlrXhMMG2lLtI40s/cnZPAqmp68VS+oWJ+ZYyWWvsAJcmiPbel+uxkZRROfdN4f9c/zWDGf2ungVuKpunXjI8P2JcYp8o2/tVKXYufZIjuFQnu9oQAChrp1Bu3c4CxZV5vHxgSNFPM9zESpwzLshRjFff/SgJyiCPKhG3JMVXqM8JLXiKfeCyzBK3Q1Hvbd/A79bfk3ZAgAA[0m[INFO] [8mha:AAAAYB+LCAAAAAAAAABb85aBtbiIQSmjNKU4P0+vJLE4u1gvPjexLDVPzxdEGvvmZ+X75ZekLlOVfvTjc8FPJgaGiiIGKaiG5Py84vycVD1nCA1SyAABjCCFBQCV27OjYAAAAA==[0m--- maven-clean-plugin:2.4.1:clean (default-clean) @ search ---
[8mha:AAABOR+LCAAAAAAAAACFjsFKxDAQhsdqtXjUmyAIot7SKlWUPbndrQh1PSwIUjzE3Vor3aSmqRQEn8eDvoxv4GkR8R3MNM2KeHDmkI/J/8/8L19glwK2b6txyRkp8irNWEkoK7MRz7kgx4oCpAGXCeias8CKwGkEZ7SQsBNpv9v63ZnfnfmVsBPBwphKKmEluqMP1M0pS92hFBlLO7WAtTbFiLOS5wkJ9Pv7MtSFCrz1f2B18PPZ4e+Xw6kF8zHY12kTdjX+e1z93uDvPTzBokrJ6CRBtuqiEsZB0EFax+vbxfRj/fGkCaSSORKWNv0AGykMPVVInoesZ4b8g8O9rm90YWh0msKmKrzvmM2eZ/YFvZ/NyHpmaLd/1O7DSdAzOk39fWwJdi0TMZHgxKeD8PxqY/kbaqkK+wcCAAA=[0m[INFO] 
[8mha:AAAB4h+LCAAAAAAAAACFkctu00AUhodAIGJJd1RIllC5KIovldO6qSoRT2IrrZu4ClikVhcTZ+LY9SXYY8sBiedhAc+CxBuwqhDiHZix4yLEgjOL+XTm/Of/pfn8CzTTBDxbZYs0jvh1kLlelPIoSj0nDuKE71OCjMYxwaCqOw3QMECrHDhHawKeG5Ve2OqFW71wq6eDxwa4t0AEEfDI8FGOhABFrjAliRe5x0UCHm9TOHGUxgHmYXX/7QyKNQ289//A1PDnp1b8fTa9aYC7NmjO3TLsjv2vOX1dstd34CO4T1NGKMSMG8U6S2oFzxT8VvHlm3Xz48kHvQxEk7UIePBUhuww0jSRFiNRZFz1apIPlH1Vruc0rZ6rSCsrY/6terMo1vvg4M9mxlWvJml4tN3HOnBQz1U07LJDQLMgOAkJ+GqPxtrkitu1lXCFen1aM7VtwH5d6lzpIpXMvdHFNPTHZ29kU2znp8ZQziQ3N31cGAPLfF8shnqeh5ftt4fdS3xtBBNrmb/2HUUzT12ke95IP0Oe3jU3ipxvHGsgRbAvTTfUwIdQUy+gtX848Wel58nJri2GnU6Hc0OU46hT/XFP4sUeLrCTEcy9WOAlygLyknvFpRglzoqjgoe/Abbdg63OAgAA[0m[INFO] [8mha:AAAAYB+LCAAAAAAAAABb85aBtbiIQSmjNKU4P0+vJLE4u1gvPjexLDVPzxdEGvvmZ+X75ZekLlOVfvTjc8FPJgaGiiIGKaiG5Py84vycVD1nCA1SyAABjCCFBQCV27OjYAAAAA==[0m--- gmaven-plugin:1.0:execute (default) @ search ---
[8mha:AAABOR+LCAAAAAAAAACFjsFKxDAQhsdqtXjUmyAIot7SKlWUPbndrQh1PSwIUjzE3Vor3aSmqRQEn8eDvoxv4GkR8R3MNM2KeHDmkI/J/8/8L19glwK2b6txyRkp8irNWEkoK7MRz7kgx4oCpAGXCeias8CKwGkEZ7SQsBNpv9v63ZnfnfmVsBPBwphKKmEluqMP1M0pS92hFBlLO7WAtTbFiLOS5wkJ9Pv7MtSFCrz1f2B18PPZ4e+Xw6kF8zHY12kTdjX+e1z93uDvPTzBokrJ6CRBtuqiEsZB0EFax+vbxfRj/fGkCaSSORKWNv0AGykMPVVInoesZ4b8g8O9rm90YWh0msKmKrzvmM2eZ/YFvZ/NyHpmaLd/1O7DSdAzOk39fWwJdi0TMZHgxKeD8PxqY/kbaqkK+wcCAAA=[0m[INFO] 
[8mha:AAAB6R+LCAAAAAAAAACFkU2L00AYx8dqtXjUm4sQEN8ozcuSurHLgs20Cd2NbZZosBv2MEln08S81GQSUgU/jwf9Ml49eVpE/A7OJM2KePCZw/x45vk//z/M51+gm2fg0bpY5WnCb6LCD5KcR0keeGmUZvyYEmQ0TwkGTV3rgI4BevXAS7Qh4LHR6IWdXrjSC1d6OnhogBsrRBABd4wQlUiIUOILFsmCxD+sMnBvl8JLkzyNMA+b+29nUG1o4If/D0wNf37qpd+X1mUHXHdA1/XrsHedf83p6wV7fQc+gps0ZYJizLhTbYqsVfBMwe8UX77alz/uf9DrQDRZj4BbD2TIDiNNE2kxEkXGTa8l+Zmyr8rtnKa1cw1pdRXMv9duFsV2H5z82cy46bUkTZ/v9rEOnLRzDU2H7BDQrQjOYgK+ObO5tjjn9hwlXqPRmNZS7Rtw3JbqKkOkEjeYnVpxOD95LZtivzw2pnIh+aUZ4sqY2Ob7ajXVyzI+6785GJ7ht0a0sC/KV6GnaOaxj/QgmOknKNCH5laRy61nT6QEjiVrSw1CCDX1FNr7B4twWXseHe05YjwYDDg/RiVOBs0fjyReHvk4wRki2CKFm3NP3CKIVnqWpmWA86fcCy7HKPPWHBXf/g0x8s5m2gIAAA==[0m[INFO] [8mha:AAAAYB+LCAAAAAAAAABb85aBtbiIQSmjNKU4P0+vJLE4u1gvPjexLDVPzxdEGvvmZ+X75ZekLlOVfvTjc8FPJgaGiiIGKaiG5Py84vycVD1nCA1SyAABjCCFBQCV27OjYAAAAA==[0m--- gmaven-plugin:1.4:generateStubs (buildGroovies) @ search ---
[8mha:AAABTB+LCAAAAAAAAACFj0FLwzAUx5/VafGoN0EsiHpr66ii7KTdOpQ6DwNBiodsi3XSJV2SSkHw83jQL+M38DRE/A4mTTMRD74c8uPl/3/vn5cvaHAGu3fFiFPi5lmRjgl3EeHjIc0oc08khYp6VGDQtWCBFYNdCS5QLmAv1n6v9ntzvzf3S2ErhqUREkjAWnyPHpCXIZJ6fcHGJG2VDDbqFENKOM2wG+r792Yocxl45//AcuHns03fr/szCxYTaAzSKux68ne5fL1Vr1N4gmWZkqAJVmyVecGMw1UOt3a8vl3NPjYfu1UgmcwWsLIdhOooiiJfliLfV6x7hoLDo+ZpYHRRZHSaoqoKtd82k33fzAvbP5MV656h/c5xPU91wrbRaeocqCOgUQrMJgK2krNedHnjdDHBDAk8cpqBcy6/6nBRDPjqN1LRmsAeAgAA[0m[INFO] Generated 24 Java stubs
[8mha:AAABOR+LCAAAAAAAAACFjsFKxDAQhsdqtXjUmyAIot7SKlWUPbndrQh1PSwIUjzE3Vor3aSmqRQEn8eDvoxv4GkR8R3MNM2KeHDmkI/J/8/8L19glwK2b6txyRkp8irNWEkoK7MRz7kgx4oCpAGXCeias8CKwGkEZ7SQsBNpv9v63ZnfnfmVsBPBwphKKmEluqMP1M0pS92hFBlLO7WAtTbFiLOS5wkJ9Pv7MtSFCrz1f2B18PPZ4e+Xw6kF8zHY12kTdjX+e1z93uDvPTzBokrJ6CRBtuqiEsZB0EFax+vbxfRj/fGkCaSSORKWNv0AGykMPVVInoesZ4b8g8O9rm90YWh0msKmKrzvmM2eZ/YFvZ/NyHpmaLd/1O7DSdAzOk39fWwJdi0TMZHgxKeD8PxqY/kbaqkK+wcCAAA=[0m[INFO] 
[8mha:AAAB6R+LCAAAAAAAAACFkctu00AUhodAIGIJOyokS4ibIl8SOa1JVYl4EltpTeIqYJFaLCbO1LHxDXtsHJB4HhbwMrwBYlEhxDswY8etEAvOLPzNmfOf/5f85TdoZyl4tMnXWRwJSZC7XpQJKMo8Jw7iVBhRgoxmMcGgrmst0DJApxp4gRICHhu1XtzpxUu9eKmng4cGuLFGBBFwx/BRgcQARa64IKkXuYdlCu7tUjhxlMUBFmD9/dsZlAkN/PD/ganhr8+d+PtycdEC123QXrlV2Lv2v+b09Zy9vgOfwE2aMkIhZtwqkzxtFAJTCDvF12/Wxc/7H/UqEE3WIeDWAxmyw0jTJFqMJIlx3WtI3lf6qtzMaVozV5NWVc78O81mSWr2wfHVZsZ1r6He5NluH+vAcTNX02TADgHtkuA0JOCHPZ1p8zfcnq2EGzQc0VqqXQOOmlJXygCpZOVNTxehPzt5JZtStzg2JnLecwvTx6UxtswP5XqiF0V41n19MDjDb41gbp0XL31H0cxjF+meN9VPkKcPzK0iF1vHGvciOOotttTAh1BTT6HVP5j7y8rz6GjPlkKe57kQFTjiU5zFeergjK9/9rAv7A+dONlevXBPqvt7vEJJ8pR7zmUYpc6Go0tu/wH73NyR4gIAAA==[0m[INFO] [8mha:AAAAYB+LCAAAAAAAAABb85aBtbiIQSmjNKU4P0+vJLE4u1gvPjexLDVPzxdEGvvmZ+X75ZekLlOVfvTjc8FPJgaGiiIGKaiG5Py84vycVD1nCA1SyAABjCCFBQCV27OjYAAAAA==[0m--- maven-resources-plugin:2.6:copy-resources (copy-webapp) @ search ---
[8mha:AAABYB+LCAAAAAAAAACFj0FLwzAUx5/VafGoN0EoiO5kW2XKdCftVhHqPMwJMjzENquVmtQklYrg5/GgX8Zv4GmI+B1M2mYiHnw55MfL///ePy9f0OAMNq7ziFNiZ2keJ4TbiPAkpCll9oEkT1GfCgxVzRhgBGCWghOUCWgGld+p/c7U70z9UtgJYC5CAglYCm7QPXJSRGJnIFhC4k7BYKVOEVLCaYptr7p/b4Yik4HX/w8sF34+m/T9YjAxYHYEjau4DLs8+rtcvo7V6x08wbxMSdAtVmwUWc60w1YOu3a8vp1PPlYfj8pAMpkpYGGt5amjyPddWYpcV3HV09TabW8ftrTO97WuIr+sXO039WTX1fO87s9kxVVP01Zvr56nOl5X6yrq7agjoFEIzG4F7I+O+/7ppTXk8ktWc3jmb7abFiYhjVRDUCuk2YM1TlKpx5HFMKc5CzG3F78Bz0LDdTkCAAA=[0m[INFO] Using 'UTF-8' encoding to copy filtered resources.
[8mha:AAABSR+LCAAAAAAAAACFj8FKxDAQhsdqtXjUmyIURL21Vasoe9LuVoS6HhYEKR5it9ZKN+kmqVQEn8eDvoxv4GkR8R1MmmZFPDg55GPy/zN/Xr7AZBQ2b6shI9gpiyrLMXMQZnlCCkKdI0GBpD7hKaiaMcCIwGoEZ6jksBUpv9v63anfnfqFsBPB3BBxxGEpukP3yC0QztwBpznOOjWFlTZFQjAjReoE6v69GepSBN74P7BY+PlskffLwcSA2RjM66wJuxz/XS5eb+TrGJ5gXqTEaJRKNuqyotrhSIfTOl7fLiYfa48nTSCRzOKwsO4H8kgKQ0+UJM+TrHqa/P2DnWNf68JQ6xSFTVVyv6Une56eF3R/JktWPU3bvcN2nuwEXa1T1NuTh4NZ85SOOKzGp/3w/MoOSPkgPmXv2jRlpKJJyha/AWKwgQgaAgAA[0m[INFO] Copying 3 resources
[8mha:AAABYR+LCAAAAAAAAACFj0FLwzAUx5/VafGoN0EoiO5kW2XKxNPsVhHqPMwJMjzENquVLqlJKhXBz+NBv4zfwNMQ8TuYtM1EPPhyyI+X//+9f16+oMEZbN3kEafEztI8Tgi3EeFJSFPK7I4kT1GfCgxVzRlgBGCWglOUCWgGld+p/c7M78z8UngYwEKEBBKwEtyie+SkiMTOQLCExIcFg7U6RUgJpym2ver+vRmKTAbe/D+wXPj5bNL3y8HUgPkRNK7jMuzq6O9y+TpWr3fwBIsyJUETrNgospxph60cdu14fbuYfqw/HpeBZDJTwNJGy1NHke+7shS5ruKqp6m13949ammd72tdRX5Zudpv6smuq+d53Z/Jiquepp3eQT1Pdbyu1lXU21NHQKMQmE0EdEYnff/syqqvIZc/s5rDc3+73bQwCWmkGoJaIc0erHGSShuOLIY5zVmIub38DXws/ypAAgAA[0m[INFO] [INFO] Using 'UTF-8' encoding to copy filtered resources.
[8mha:AAABSR+LCAAAAAAAAACFj81KxDAUha/VanGpO0UoiLprq9Q/ZqWdqQh1XAwIUlzETq2VTtJJUqkIPo8LfRnfwNUg4juYNM2IuPBmkY+bc+49efkCk1HYvK2GjGCnLKosx8xBmOUJKQh1jgQFkvqEp6BqxgAjAqsRnKGSw1ak/G7rd6d+d+oXwk4Ec0PEEYel6A7dI7dAOHMHnOY469QUVtoUCcGMFKkTqPv3ZqhLEXjj/8Bi4eezRd4vBxMDZmMwr7Mm7HL8d7l4vZGvY3iCeZESo1Eq2ajLimqHIx1O63h9u5h8rD2eNIFEMovDwrofyCMpDD1RkjxPsupp8vcOdo59rQtDrVMUNlXJ/Zae7Hl6XtD9mSxZ9TRt9w7bebITdLVOUW9XHg5mzVM64rAan/bD8ys7IOWD+JS9b9OUkYomKVv8Bh2LhwsaAgAA[0m[INFO] Copying 7 resources
[8mha:AAABMR+LCAAAAAAAAACFjrFOwzAQhq+BQMQIGxITAjY7oIBAnSBtWAJLJSTUybQhBKV2cJwqEhLPw9C+DG/AVCHEO+CL4yLEwN3gT+f/v/tnX+CWEvYfqnEpOCnyKs14SRgvs5HIhSTnmkKka6ESMNVxwInBawRXrFBwEBs/bf106adLvxZ2Y1gdM8UUbMaPbMpoznhKB0pmPO3WErbbFCPBS5EnJDTv78tQFzrw3v+B9cHPV0+83w4WDqwMwb1Lm7Bbw7/H9e89/j7BC6zplJxNEmSnLippHQQdpHXM324WHzvPl00gncxTsL4bhNhIUeTrQvJ9ZDOzFJycHl0EVhdFVmcoaqrC+57d7Pt2X9j72YxsZpYO+2ftPpyEPasz1D/GVuDWKpETBZ2Nbxim58gAAgAA[0m
[8mha:AAAB4x+LCAAAAAAAAACFUduK00AYHqvV4qXeuQgB8UTJoSXdjV0WbKZN6G5ss1SD3bAX03SaJuZQk0lIFXweL/RlfANBWER8B2eSpot44T8X8/HPd4L58hs00wQ8WWfLNI6ETZC5XpQKKEo9Jw7iRBhQBBmaxASDam40QMMArZLwCm0IeGpUenGnF/d6ca+nxGMD3Foiggi4Z/goR2KAIleckcSL3OMiAQ92LZw4SuMAC7C6/04GxYYWfvz/wjTw1+dW/H0+u2qAmzZoLtyy7H3733D6umKv78EncJu2jFCIGW4UmyypFQJTCDvF12/W1c+HH/WyEG3WIuDOIxmyw5CmSXQYkiSGq12N5EOlq8o1T9NqXoW0cjKW36qdJan2g8NrZ4arXY06oxc7P7aBw5pXoVGPHQKaBcFJSMAPezzRppfcga2Ea9Qf0JmrbQMO6lEXSg+pZOGNz2ehPzl7I5tSOz81RnLWcXPTx4UxtMwPxXKk53l40X571LvA74xgaq3y176jaOapi3TPG+tnyNN75laR861jDTsRHHRmWxrgQ6ip59DqHk39eZl5cnJgSyHP81yIchzxCU7jLHFwylef3e8Kh/39knu2xCuUBeSa95x7yaUYJc6aoy53/wAem74a4wIAAA==[0m[INFO] [8mha:AAAAYB+LCAAAAAAAAABb85aBtbiIQSmjNKU4P0+vJLE4u1gvPjexLDVPzxdEGvvmZ+X75ZekLlOVfvTjc8FPJgaGiiIGKaiG5Py84vycVD1nCA1SyAABjCCFBQCV27OjYAAAAA==[0m--- maven-resources-plugin:2.6:resources (default-resources) @ search ---
[8mha:AAABTR+LCAAAAAAAAACFj8FKxDAQhsdqtXjUmyBURL2lXami7Em7WxHqelgQpHiI3Vor3aSbplIRfB4P+jK+gadFxHcwaZoV8eDkkI/J/8/8efkCs2SwfVuNSkpQkVdpRkqESZnFNKcMHQnyJQ0oT0DVnAFGCFYjOMMFh51Q+Z3W78z8zswvhN0QFkaYYw4r4R2+x06OSeoMOctI2q0ZrLUpYkpKmifIV/fvzVAXIvDW/4HFws9ni75fDqcGzEdgXqdN2NXo73LxeiNfJ/AEiyIlweNEslEXFdMOJB2odby+XUw/1h9PmkAimcVhadPz5ZEUBK4oSa4rWfU0efsHu8ee1gWB1ikKmqrkfktPdl09z+/9TJasepo6/cN2nuz4Pa1T1N+Th4NZ84SNOWxEp4Pg/Mr2afEgPmV3bJaUtGJxYnNqI+QsfwO3RMy9IAIAAA==[0m[INFO] Copying 1 resource to ../
[8mha:AAABOR+LCAAAAAAAAACFjsFKxDAQhsdqtXjUmyAIot7SKlWUPbndrQh1PSwIUjzE3Vor3aSmqRQEn8eDvoxv4GkR8R3MNM2KeHDmkI/J/8/8L19glwK2b6txyRkp8irNWEkoK7MRz7kgx4oCpAGXCeias8CKwGkEZ7SQsBNpv9v63ZnfnfmVsBPBwphKKmEluqMP1M0pS92hFBlLO7WAtTbFiLOS5wkJ9Pv7MtSFCrz1f2B18PPZ4e+Xw6kF8zHY12kTdjX+e1z93uDvPTzBokrJ6CRBtuqiEsZB0EFax+vbxfRj/fGkCaSSORKWNv0AGykMPVVInoesZ4b8g8O9rm90YWh0msKmKrzvmM2eZ/YFvZ/NyHpmaLd/1O7DSdAzOk39fWwJdi0TMZHgxKeD8PxqY/kbaqkK+wcCAAA=[0m[INFO] 
[8mha:AAAB4h+LCAAAAAAAAACFUduK00AYHqvV4qXeuQgB8UTJoTV1Y5cFm2kTuhvbLNVgN3gxTdM0MSeTSUgVfB4v9GV8g71aRHwHZ5rMinjhPxfz8c93gvn6C7TzDDzaFus8iYU0LDw/zgUU576ThEkmjAiCFM0S7IJ6rrVAywCdPeEVSjF4bNR6sdGLV3rxSk+IRwa4sUYYYXDHCFCJxBDFnrjAmR97R1UG7jUtnCTOk9AVYH3/nQyqlBR++P/CJPDnl05ysVxctsB1G7RX3r7sXfvfcPK6oa8fwGdwk7SMUeRS3KrSImMKgSqERvHtu3X54/4nfV+INOtgcOuBDOmhSNMkMhRJEsX1jiH5udJXZcbTNMarkbafguZ3mLMkMT84/uNMcb1jqDd50fjRDRwzXo0mA3owaFfYzSIMLuzpTJu/4w5sJdqi4YjMUu0acMRGXSkDpOKVPz1bRMHs9I1sSt3yxJjIRc8rzcCtjLFlfqzWE70so/Pu28PBufveCOfWpnwdOIpmnnhI9/2pfop8fWDuFLncOda4F8NRb7EjAQGEmnoGrf7hPFjuM4+PD2wp4nmei1DpxryTRKkfuhlf//WwLzwT+sNmyz1ZuxtUhJjRnnIvudxFmbPliMXt3ybVCs7gAgAA[0m[INFO] [8mha:AAAAYB+LCAAAAAAAAABb85aBtbiIQSmjNKU4P0+vJLE4u1gvPjexLDVPzxdEGvvmZ+X75ZekLlOVfvTjc8FPJgaGiiIGKaiG5Py84vycVD1nCA1SyAABjCCFBQCV27OjYAAAAA==[0m--- maven-compiler-plugin:2.3.2:compile (default-compile) @ search ---
[8mha:AAABgx+LCAAAAAAAAACFkc1Kw0AUha/VanCpO0EIiLrLRK1/dKVpI0Ksi6ogxcU0naZp05k4M6kBwedxoS/jG7gqIr6DM/mpiAvvLObjzjn3npCXL6gKDluDpCcYteIoCUIqLExF6LOIcetEkaOpxSSBvOYqUPHAyAQXOJaw7eV+VPjRzI9mfiWse7DQwxJLWPGGeIJRhGmA2pKHNKinHNaKFD6jgkXEcvL792ZIYxV48//AauHns8Heb9vTCsx3oNoNsrCrnb/L1Wtfv97DEyyqlBSPieZKGie8dFjaYRWO17eb6cf641kWSCUzJCxt1Bx9NLmurUqTbWvOeyXVDo52T2ulznVLXU5uVoneb5STbbuc5zR+JmvOeyXtNI+LebrjNEpdTs19fSRUU0n4WMKoc95yL+9Mh43jMFKfZe4dmoIl3CdmP4yIMCUz0QRzFIVdNCR0pH/ukHUFumoTzP3BNQ2lJEKiB8ZHIsY+QYLwSahuiXlAJPIjLAQRy9/ygjStagIAAA==[0m[INFO] Compiling 37 source files to /var/lib/jenkins/jobs/TSearchUnittest/workspace/service/target/classes
[8mha:AAABOR+LCAAAAAAAAACFjsFKxDAQhsdqtXjUmyAIot7SKlWUPbndrQh1PSwIUjzE3Vor3aSmqRQEn8eDvoxv4GkR8R3MNM2KeHDmkI/J/8/8L19glwK2b6txyRkp8irNWEkoK7MRz7kgx4oCpAGXCeias8CKwGkEZ7SQsBNpv9v63ZnfnfmVsBPBwphKKmEluqMP1M0pS92hFBlLO7WAtTbFiLOS5wkJ9Pv7MtSFCrz1f2B18PPZ4e+Xw6kF8zHY12kTdjX+e1z93uDvPTzBokrJ6CRBtuqiEsZB0EFax+vbxfRj/fGkCaSSORKWNv0AGykMPVVInoesZ4b8g8O9rm90YWh0msKmKrzvmM2eZ/YFvZ/NyHpmaLd/1O7DSdAzOk39fWwJdi0TMZHgxKeD8PxqY/kbaqkK+wcCAAA=[0m[INFO] 
[8mha:AAAB5R+LCAAAAAAAAACFkd+K00AUxsdqtXipdy5CQPxHaf4sqRu7LNikTehubLNUg92yF9N0Np2YZGIyCamCz+OFvozgA3i1iPgOziTNinjhmYv5ceZ85/tgPv8C7SwFjzb5OiOxmIS5j+NMhHGGPRKSVBwyMjhNCUWgrmst0LJBpxp4CRMKHtu1XtrppSu9dKVng4c2uLGGFFJwxw5gAaUQxr40pymO/cMyBfd2KTwSZyREolHffzuDMmGBH/4/MDP8+alDvi/mly1wfQnaK78Ke3f5rzl7veCv78BHcJOljGGEOLfKJE8bhcgV4k7x5at7+eP+B6sKxJJ1KLj1QDX44WSaMitOssy57jWkPtP2dbWZM81mriazqpz7d5rNstzsM0Z/NnOuew0p4+e7fbxjjJq5msZ9fiholxSlEQXflpOpOTsX9pZatIGDIauF3rWNYVP6SutDna7w5HQeBdOT16ojd4tje6zmil84ASrtkeu8L9djqyiis+6bg/4ZemuHM/eieBV4mukc+9DCeGKdQGz1na2mFlvPHSmxMVTmW2YQGIapnxru/sEsWFSeR0d7Sznq9XqCH8ECxb36jweKqA48EiU4RMKTVY7DtZUSUmCUPRVeCBmCqbcRmOz2b0B37vrUAgAA[0m[INFO] [8mha:AAAAYB+LCAAAAAAAAABb85aBtbiIQSmjNKU4P0+vJLE4u1gvPjexLDVPzxdEGvvmZ+X75ZekLlOVfvTjc8FPJgaGiiIGKaiG5Py84vycVD1nCA1SyAABjCCFBQCV27OjYAAAAA==[0m--- gmaven-plugin:1.4:compile (buildGroovies) @ search ---
[8mha:AAABTh+LCAAAAAAAAACFjsFKw0AQhsdoNHjUmyAERb0lsURRetK0KUKsh4IgxcPaxBhJd9PdTYkIPo8HfRnfwFMR8R3czWYr4sGZw37M/v/M//IFJqOwe1fGjGCnyMs0w8xBmGUjkhPqnAgKJPUJT0DVggFGBFYtOEcFh71I+d3G78797twvhO0IlmLEEYe16B5NkZsjnLoDTjOctisKG02KEcGM5IkTqPf3ZagKEXjn/8Di4OezRd6vBjMDFodg3qR12PXh3+Pi91b+TuAJlkVKjMaJZKMqSqodjnQ4jeP17XL2sfnYqwOJZBaHlW0/kC0pDD1RkjxPsppp8g+PWqe+1oWh1ikK6yrlfUtv9jy9L+j8bJasZpr2u8fNPjkJOlqnqHsgm4NZ8YSOOWwNz/rhxbUdkHGR5Uls+y27RwmZPtijHDGWsNVv/Fg8XCECAAA=[0m[INFO] Compiled 42 Groovy classes
[8mha:AAABOR+LCAAAAAAAAACFjsFKxDAQhsdqtXjUmyAIot7SKlWUPbndrQh1PSwIUjzE3Vor3aSmqRQEn8eDvoxv4GkR8R3MNM2KeHDmkI/J/8/8L19glwK2b6txyRkp8irNWEkoK7MRz7kgx4oCpAGXCeias8CKwGkEZ7SQsBNpv9v63ZnfnfmVsBPBwphKKmEluqMP1M0pS92hFBlLO7WAtTbFiLOS5wkJ9Pv7MtSFCrz1f2B18PPZ4e+Xw6kF8zHY12kTdjX+e1z93uDvPTzBokrJ6CRBtuqiEsZB0EFax+vbxfRj/fGkCaSSORKWNv0AGykMPVVInoesZ4b8g8O9rm90YWh0msKmKrzvmM2eZ/YFvZ/NyHpmaLd/1O7DSdAzOk39fWwJdi0TMZHgxKeD8PxqY/kbaqkK+wcCAAA=[0m[INFO] 
[8mha:AAAB5x+LCAAAAAAAAACFkc1u00AUhYdAaMQSdlRIlqpSUBT/VA51U1UinsRWWpO4BCxSi8XEmTg2/kntseWAxPOwgJdhw5pVhRDvwIwdFyEW3Fn405177jkjf/4FmmkCHq+yRRpH/DrIXC9KeRSlnhMHccL3KUFG45hgUNWtBmgYoFUOvEBrAg6MSi9s9cKNXrjR08ETA9xZIIIIuG/4KEdCgCJXmJLEi9yTIgEPtymcOErjAPOw+v7tDIo1Dbz//8DU8OenVvx9Nr1ugNs2aM7dMuwD+19zertkt1fgI7hLU0YoxIwbxTpLagXPFPxW8eWrdf3j0Qe9DESTtQjY2ZMhO4w0TaTFSBQZV72a5GfKoSrXc5pWz1WklZUx/1a9WRTrfXDwZzPjqleTNDze7mMdOKjnKhp22SGgWRCchAR8s0djbfKW27WVcIV6fVoztW3Afl3qXOkilcy90cU09Mfnr2VTbOdnxlDOJDc3fVwYA8t8XyyGep6Hl+03R91L/M4IJtYyf+U7imaeuUj3vJF+jjy9a24UOd841kCKYF+abqiBD6GmXkDr8Gjiz0rP09NdWww7nQ7nhijHUaf6xz2Jl3u4wE5GMPdk6QX0CS9xGmeJg9On3HMuxShxVhwV3vsNLfAUdtYCAAA=[0m[INFO] [8mha:AAAAYB+LCAAAAAAAAABb85aBtbiIQSmjNKU4P0+vJLE4u1gvPjexLDVPzxdEGvvmZ+X75ZekLlOVfvTjc8FPJgaGiiIGKaiG5Py84vycVD1nCA1SyAABjCCFBQCV27OjYAAAAA==[0m--- gmaven-plugin:1.4:execute (filterResources) @ search ---
[8mha:AAABOR+LCAAAAAAAAACFjsFKxDAQhsdqtXjUmyAIot7SKlWUPbndrQh1PSwIUjzE3Vor3aSmqRQEn8eDvoxv4GkR8R3MNM2KeHDmkI/J/8/8L19glwK2b6txyRkp8irNWEkoK7MRz7kgx4oCpAGXCeias8CKwGkEZ7SQsBNpv9v63ZnfnfmVsBPBwphKKmEluqMP1M0pS92hFBlLO7WAtTbFiLOS5wkJ9Pv7MtSFCrz1f2B18PPZ4e+Xw6kF8zHY12kTdjX+e1z93uDvPTzBokrJ6CRBtuqiEsZB0EFax+vbxfRj/fGkCaSSORKWNv0AGykMPVVInoesZ4b8g8O9rm90YWh0msKmKrzvmM2eZ/YFvZ/NyHpmaLd/1O7DSdAzOk39fWwJdi0TMZHgxKeD8PxqY/kbaqkK+wcCAAA=[0m[INFO] 
[8mha:AAAB7B+LCAAAAAAAAACFkd+Ok0AUxsdqtfFS79yYkBj/pSl/NtTFbjax0EK6iy0bVmKXeDHQWQrCUGEgVBOfxwt9GV/AeLUxxndwBsoa44VnLuaXM+c735fM51+gm2fg0bpY5SnmN3ERhDjnIc5DP43TjB9T0hjNU4JAU9c6oGOCXj3wEm4IeGw2emGnF670wpWeDh6a4MYKEkjAHTOCJRRiiAPBJlmIg8MqA/d2KfwU52mMeK25/3YG1YYGfvj/wNTw56de+n1pX3bAdRd0vaAOe9f915y+XrDXd+AjuElTYpggxp1qU2StgmcKfqf48tW5/HH/g1EHosl6BNx6IGvsMNJ1kRYjUWTc9FqSnyn7qtzO6Xo715BeV8H8e+1mUWz3aZM/mxk3vZak6fPdPtbRJu1cQ9MhOwR0K4KyhIBv7myuL95we66SrOFoTGup9k1t3JbqKUOoEi+cndpJND95JVtivzw2p3IhBaUVocqcONb7ajU1yjI5778+GJ6jt2a8cC7Ks8hXdOs4gEYYzowTGBpDa6vI5dZ3JhLWxpK9pQaRpunqqebsHyyiZe15dLTnislgMOCCBJYID5o/Hkm8PAoQRhkk6AzlxCaFl3NPvCKMV0aWpmWI8qfcCy5HMPPXHF1w+zfWq68m3gIAAA==[0m[INFO] [8mha:AAAAYB+LCAAAAAAAAABb85aBtbiIQSmjNKU4P0+vJLE4u1gvPjexLDVPzxdEGvvmZ+X75ZekLlOVfvTjc8FPJgaGiiIGKaiG5Py84vycVD1nCA1SyAABjCCFBQCV27OjYAAAAA==[0m--- gmaven-plugin:1.4:generateTestStubs (buildGroovies) @ search ---
[8mha:AAABTh+LCAAAAAAAAACFj0FLwzAUx5/VavGoN0EoiPPWdjpF2Um7dSh1HgaCDA/ZGuukS2qSSkHw83jQL+M38DRE/A4mTTMRD74c8uPl/3/vn5cvsDmDxm2RcEq8PCvSCeEeInwyphll3rGkUFGfCgy6FiywYnAqwTnKBezE2u/Xfn/u9+d+KWzHsJQggQSsxXfoAfkZIqk/EGxC0nbJYKNOMaaE0wx7ob5/b4Yyl4G3/w8sF34+O/T9ajCzYHEI9iitwq4P/y6Xrzfq9R6eYFmmJGiKFVtlXjDj8JTDqx2vb5ezj83HXhVIJnMErGy1QnUURVEgS1EQKNY9Q62Dw92TltFFkdFpiqoq1H7HTA4CMy/s/ExWrHuGmt2jep7qhB2j09TdV0eAXQrMpgIaw9N+dHHt1lcPE8yQwInb3HPP5I9dLooRX/0G3moPAyUCAAA=[0m[INFO] [INFO] Generated 13 Java stubs
[8mha:AAABYB+LCAAAAAAAAACFj0FLwzAUx5/VafGoN0EoiO5kW2XKdCftVhHqPMwJMjzENquVmtQklYrg5/GgX8Zv4GmI+B1M2mYiHnw55MfL///ePy9f0OAMNq7ziFNiZ2keJ4TbiPAkpCll9oEkT1GfCgxVzRhgBGCWghOUCWgGld+p/c7U70z9UtgJYC5CAglYCm7QPXJSRGJnIFhC4k7BYKVOEVLCaYptr7p/b4Yik4HX/w8sF34+m/T9YjAxYHYEjau4DLs8+rtcvo7V6x08wbxMSdAtVmwUWc60w1YOu3a8vp1PPlYfj8pAMpkpYGGt5amjyPddWYpcV3HV09TabW8ftrTO97WuIr+sXO039WTX1fO87s9kxVVP01Zvr56nOl5X6yrq7agjoFEIzG4F7I+O+/7ppTXk8ktWc3jmb7abFiYhjVRDUCuk2YM1TlKpx5HFMKc5CzG3F78Bz0LDdTkCAAA=[0m[INFO] Using 'UTF-8' encoding to copy filtered resources.
[8mha:AAABSR+LCAAAAAAAAACFj8FKxDAQhsdqtXjUmyIURL21Vbqi7Em7WxHqelgQpHiI3Vor3aSbpFIRfB4P+jK+gadFxHcwaZoV8eDkkI/J/8/8efkCk1HYvq1GjGCnLKosx8xBmOUJKQh1jgQFkgaEp6BqzgAjAqsRnKGSw06k/G7rd2d+d+YXwm4ECyPEEYeV6A7dI7dAOHOHnOY469YU1toUCcGMFKkTqPv3ZqhLEXjr/8Bi4eezRd4vh1MD5mMwr7Mm7Gr8d7l4vZGvE3iCRZESo3Eq2ajLimqHIx1O63h9u5h+bDyeNIFEMovD0qYfyCMpDD1RkjxPsupp8vcP9o59rQtDrVMUNlXJ/Zae7Hl6XtD7mSxZ9TTt9g/bebIT9LROUb8jDwez5ikdc1iPTwfh+ZUdkPJBfMru2DRlpKJJypa/AYIVvOcaAgAA[0m[INFO] Copying 5 resources
[8mha:AAABMR+LCAAAAAAAAACFjrFOwzAQhq+BQMQIGxITAjY7oIBAnSBtWAJLJSTUybQhBKV2cJwqEhLPw9C+DG/AVCHEO+CL4yLEwN3gT+f/v/tnX+CWEvYfqnEpOCnyKs14SRgvs5HIhSTnmkKka6ESMNVxwInBawRXrFBwEBs/bf106adLvxZ2Y1gdM8UUbMaPbMpoznhKB0pmPO3WErbbFCPBS5EnJDTv78tQFzrw3v+B9cHPV0+83w4WDqwMwb1Lm7Bbw7/H9e89/j7BC6zplJxNEmSnLippHQQdpHXM324WHzvPl00gncxTsL4bhNhIUeTrQvJ9ZDOzFJycHl0EVhdFVmcoaqrC+57d7Pt2X9j72YxsZpYO+2ftPpyEPasz1D/GVuDWKpETBZ2Nbxim58gAAgAA[0m
[8mha:AAAB6h+LCAAAAAAAAACFkctu00AUhodAIGIJOyokS6hcFPmSyGlNqkrETmylNYlLwCK1WEyciWPXl2CPLQcknocFvAxvwKpCwDswY2eKKhacWfjTOec//y/5y2/QzFLweJ0vsyQWNmHu+XEmwDjz3SRMUmFASKM0STACdd1ogIYJWtXCS7jB4IlZ68WdXrzSi1d6snhkgltLiCEG98wAFlAMYeyJM5z6sXdUpuDBLoWbxFkSIkGrv9edQbkhgff/H5gY/vzcSr7PZ5cNcNMBzYVXhb3v/GtOpis6fQ8+gdskZQwjRLlRbvKUKQSqEHaKr9/syx8PPxpVIJKshcGdR7JGHyVdl0hRkiTKdY+RfKB0VZnt6Trbq0mvKqf+LXZZktg9bfj3MuW6x6gzer67RzvakO3VNOrRh0GzxCiNMPjljCf69B235yjRGvYHpOZq29QGrNSF0oMqXvjjs1kUTE7fyJbULk7MkZx3vMIKUGkObetDuRwZRRGdt98e9s7RhRlO7VXxOnAV3TrxoOH7Y+MU+kbP2ipysXXtYSfWBp3ZlhgEmqarZ5rdPZwG88rz+HjPkSKe57kIFijmU5QleeqijK9/dr8rHPQxyvArNuCeLtEK5iHmr7WfcS+4DMHUXXPk2t0/tPG+XusCAAA=[0m[INFO] [8mha:AAAAYB+LCAAAAAAAAABb85aBtbiIQSmjNKU4P0+vJLE4u1gvPjexLDVPzxdEGvvmZ+X75ZekLlOVfvTjc8FPJgaGiiIGKaiG5Py84vycVD1nCA1SyAABjCCFBQCV27OjYAAAAA==[0m--- maven-resources-plugin:2.6:testResources (default-testResources) @ search ---
[8mha:AAABOR+LCAAAAAAAAACFjsFKxDAQhsdqtXjUmyAIot7SKlWUPbndrQh1PSwIUjzE3Vor3aSmqRQEn8eDvoxv4GkR8R3MNM2KeHDmkI/J/8/8L19glwK2b6txyRkp8irNWEkoK7MRz7kgx4oCpAGXCeias8CKwGkEZ7SQsBNpv9v63ZnfnfmVsBPBwphKKmEluqMP1M0pS92hFBlLO7WAtTbFiLOS5wkJ9Pv7MtSFCrz1f2B18PPZ4e+Xw6kF8zHY12kTdjX+e1z93uDvPTzBokrJ6CRBtuqiEsZB0EFax+vbxfRj/fGkCaSSORKWNv0AGykMPVVInoesZ4b8g8O9rm90YWh0msKmKrzvmM2eZ/YFvZ/NyHpmaLd/1O7DSdAzOk39fWwJdi0TMZHgxKeD8PxqY/kbaqkK+wcCAAA=[0m[INFO] 
[8mha:AAAB6x+LCAAAAAAAAACFkctu00AUhodAIGIJOyokS6hcFPmS4FCTqhLxJLbSmiRVwCK1upg4E8eub9hjywGJ52EBL8MbsKoqxDswY8cFxIIzC3865/zn/yV/+QmaaQIeb7JVGoVC7GeOG6YCClPXjvwoEQaUIKNJRDCo6kYDNAzQKhdeo5iAJ0alF3d68VovXuvp4qEBbq0QQQTcMzyUI9FHoSPOSeKGzmGRgAe7FHYUppGPBVh9/3YGRUwD7/8/MDX88bkVfV/MLxvgpgWaS6cMe9/615xO12z6HnwCt2nKEAWYcaOIs6RWCEwh7BRfv5mXVw8/6mUgmqxFwJ1HMmSPkaZJtBhJEuOqV5P8Qumqcr2nafVeRVpZGfNv1Zclqb4Hh78vM656NXVGL3f3WAcO672KRj32CGgWBCcBAVfWeKJNz7k9Swk2qD+gtVDbBhzUpS6VHlLJ0h2fzgNvcvJWnknt/NgYyVnHyWceLoyhOftQrEZ6ngdn7XcHvTN8YfhTc52/8WxFmx07SHfdsX6CXL032ypyvrXNYSeEg858Sw08CDX1FJrdg6m3KD2PjvYsKeB5ngtQjkPejoLY9XHCV/+63xWeC90+wSmB1YR7usJrlPmE/6P5jHvFpRgl9oajp+7+An8RNufoAgAA[0m[INFO] [8mha:AAAAYB+LCAAAAAAAAABb85aBtbiIQSmjNKU4P0+vJLE4u1gvPjexLDVPzxdEGvvmZ+X75ZekLlOVfvTjc8FPJgaGiiIGKaiG5Py84vycVD1nCA1SyAABjCCFBQCV27OjYAAAAA==[0m--- maven-compiler-plugin:2.3.2:testCompile (default-testCompile) @ search ---
[8mha:AAABhh+LCAAAAAAAAACFkc9Kw0AQxsdqNXjUmyAERD2ZTbWK0pOmjQixHqqCFA/bdJumprtxd1MDgs/jQV/GN/BURHwHd/OnIh6cPeyPmflmvmVfvqAqOGwNk75g1IqjJAipsDAVoc8ixq1jRY6mNpME8pirQMUDI2s4x7GEbS/Xo0KPZno006vGhgcLfSyxhBVvhCcYRZgGqCN5SINGymGtcOEzKlhELCe/f2+GNFaGN/83rBZ+Phvs/aYzrcB8F6q9IDO72v27XFUHunoPT7CoXFI8JporaZzwUmFphVUoXt+upx/rj6eZIeXMkLC0UXf00eS6tgpNtq05z5VUPzjcPamXfa5b9uXkZpHo/UY52bbLeU7zZ7LmPFdSrXVUzNMZp1n25dTa10dCNZWEjyXE3bO2e3FrOmwch5F6llnbMwVLuE/MQRgRYUpmognmKAp7aETonf7cEesJdNkhmPvDKxpKSYRED4zfiRj7BAnCJ6G6JeYBkUhXd/wIC0HE8jffCzGjbwIAAA==[0m[INFO] Compiling 13 source files to /var/lib/jenkins/jobs/TSearchUnittest/workspace/service/target/test-classes
[8mha:AAABOR+LCAAAAAAAAACFjsFKxDAQhsdqtXjUmyAIot7SKlWUPbndrQh1PSwIUjzE3Vor3aSmqRQEn8eDvoxv4GkR8R3MNM2KeHDmkI/J/8/8L19glwK2b6txyRkp8irNWEkoK7MRz7kgx4oCpAGXCeias8CKwGkEZ7SQsBNpv9v63ZnfnfmVsBPBwphKKmEluqMP1M0pS92hFBlLO7WAtTbFiLOS5wkJ9Pv7MtSFCrz1f2B18PPZ4e+Xw6kF8zHY12kTdjX+e1z93uDvPTzBokrJ6CRBtuqiEsZB0EFax+vbxfRj/fGkCaSSORKWNv0AGykMPVVInoesZ4b8g8O9rm90YWh0msKmKrzvmM2eZ/YFvZ/NyHpmaLd/1O7DSdAzOk39fWwJdi0TMZHgxKeD8PxqY/kbaqkK+wcCAAA=[0m[INFO] 
[8mha:AAAB5x+LCAAAAAAAAACFkU2L00AYx8dqtXjUm4sQEN8ozcuSurHLgs20Cd2NbZZqsFv2ME1n04l5M5mEVMHP40G/jDePnhYRv4MzSbMiHnzmMD+eef7P/w/z+RdoZyl4tMnXWRyJSZB7JMpEFGXEjYM4FYeMIKdpTDGo61oLtCzQqQZeooSCx1atl3Z66UovXenZ4KEFbqwRRRTcsXxUIClAkSfNaUoi77BMwb1dCjeOsjjAIqzvv51BmbDAD/8fmBn+/NSJvy/mly1wfQnaK68Ke3f5rzl7veCv78BHcJOljFCIObfKJE8bhcgV4k7x5atz+eP+B7MKxJJ1KLj1QIX8cDIMmRUnWeZc9xpSn2n7utrMGUYzV5NRVc79O81mWW72wdGfzZzrXkPK+PluH+/AUTNX07jPDwXtkuI0pODbcjI1ZufC3lILN2gwZLXQuxYcNqWvtD7S6YpMTuehPz15rdpytzi2xmqueIXt49IaOfb7cj02iyI867456J/ht1Ywcy6KV76rGfaxh0xCJuYJImbf3mpqsXWdkRLBoTLfMgMfQkM/hc7+wcxfVJ5HR3tLOez1eoIXogJHvfqPB4qoDijOKIzDhARYeLLKSbA20zguCM6eCi+EDKPU3QhMevs3ZTG7ctgCAAA=[0m[INFO] [8mha:AAAAYB+LCAAAAAAAAABb85aBtbiIQSmjNKU4P0+vJLE4u1gvPjexLDVPzxdEGvvmZ+X75ZekLlOVfvTjc8FPJgaGiiIGKaiG5Py84vycVD1nCA1SyAABjCCFBQCV27OjYAAAAA==[0m--- gmaven-plugin:1.4:testCompile (buildGroovies) @ search ---
[8mha:AAABTh+LCAAAAAAAAACFjsFKw0AQhsdoNHjUmyAERb0lUaMoPWnaFCHWQ0GQ4GFtY4yku+nupkQEn8eDvoxv4KmI+A7uZrMV8eDMYT9m/3/mf/kCk1HYviuHjGCnyMs0w8xBmGUDkhPqnAgKJPUIT0DVnAFGBFYtOEcFh51I+d3G78787swvhK0IFoaIIw4r0T2aIDdHOHX7nGY4bVUU1poUA4IZyRMnUO/vy1AVIvDW/4HFwc9ni7xf9acGzMdg3qR12NX473Hxeyt/x/AEiyIlRqNEslEVJdUORzqcxvH6djn9WH/s1oFEMovD0qYfyJYUhp4oSZ4nWc00+YdHe6e+1oWh1ikK6yrlfUtv9jy9L2j/bJasZpp2O8fNPjkJ2lqnqHMgm4NZ8YSOOGzEZ73w4toOyKjI8mRo73t2lxIyebAHOWIsYcvfX8IuaSECAAA=[0m[INFO] Compiled 30 Groovy classes
[8mha:AAABOR+LCAAAAAAAAACFjsFKxDAQhsdqtXjUmyAIot7SKlWUPbndrQh1PSwIUjzE3Vor3aSmqRQEn8eDvoxv4GkR8R3MNM2KeHDmkI/J/8/8L19glwK2b6txyRkp8irNWEkoK7MRz7kgx4oCpAGXCeias8CKwGkEZ7SQsBNpv9v63ZnfnfmVsBPBwphKKmEluqMP1M0pS92hFBlLO7WAtTbFiLOS5wkJ9Pv7MtSFCrz1f2B18PPZ4e+Xw6kF8zHY12kTdjX+e1z93uDvPTzBokrJ6CRBtuqiEsZB0EFax+vbxfRj/fGkCaSSORKWNv0AGykMPVVInoesZ4b8g8O9rm90YWh0msKmKrzvmM2eZ/YFvZ/NyHpmaLd/1O7DSdAzOk39fWwJdi0TMZHgxKeD8PxqY/kbaqkK+wcCAAA=[0m[INFO] 
[8mha:AAAB5h+LCAAAAAAAAACFkU2L00AYx8dqtXjUm4sQEN8oeSupG7ss2Eyb0N3YZqkGu2EP03SaJualJpOQKvh5POiX8ejN0yLid3AmaVbEg88c8ptnnv/z/0M+/wLtLAWPNvkqS2JhG+aeH2cCijPfTcIkFYaUIKNpQjCo61oLtEzQqQZeoi0Bj81aL+714pVevNLTwSMT3Fghggi4YwaoQGKIYk+ck9SPvaMyBff2KdwkzpIQC7D+/u0Myi0N/PD/ganhz0+d5PtiftkC1x3QXnpV2LvOv+b0dc1e34GP4CZNGaMIM26V2zxtFAJTCHvFl6/25Y/7H4wqEE3WIeDWAwWyw0jXJVqMJIlx3WtIeab2NKWZ0/Vmria9qpz5d5rNktTsg6M/mxnXvYbk8fP9PtaBo2aupnGfHQLaJcFpRMA3ZzLVZxfcgaNGGzQY0lpoXRMOm9KWah9pZOlPzuZRMD19rVhStzgxx0oue4UV4NIc2db7cjU2iiI677457J/jt2Y4s9fFq8BVdevEQ4bvT4xT5Bt9a6cqxc61R3IMh/J8Rw0CCHXtDNq9w1mwqDyPjw8cKeJ5notQgWM+y1O89lPM1/960BNkaUBwRrgnK7xGeUh4dnvKveAyjFJ3w1Ht7d8mUkaL2QIAAA==[0m[INFO] [8mha:AAAAYB+LCAAAAAAAAABb85aBtbiIQSmjNKU4P0+vJLE4u1gvPjexLDVPzxdEGvvmZ+X75ZekLlOVfvTjc8FPJgaGiiIGKaiG5Py84vycVD1nCA1SyAABjCCFBQCV27OjYAAAAA==[0m--- maven-surefire-plugin:2.10:test (default-test) @ search ---
[8mha:AAABgh+LCAAAAAAAAACFkcFKw0AQhsdqtXjUmyAURD2ZjVJF7UnTRoRaD1VBiodtuk1T0904u6kRwefxoC/jG3gqIr6Du01SEQ/OHvZjdv5/ftiXLyhKhI1+3JWCW1EY+wGXFuUy8EQo0DrS5BhqCsUgrZkCFBpQmgyc0UjBZiPVk0xPpnoy1evBagPmulRRBUuNAR1RElLuk5bCgPvVBGElS+EJLkXILCe9f2+GJNKB1/8PrBd+PpfE+3VrXIDZNhQ7/iTscvvvcv3aM6938ATzOiWnQ2a4kEQx5grLKKxM8fp2Nf5YfTyZBNLJSgoW1iqOOYZc19ZlyLYNp72cKnv7O8eVfM5187mU3EnFZn8pd7bt3M+p/TgbTns5bdcPMj/TcWr5XEr1XXMUFBPFcKgA26dN9/ym3IqR9QJkZWSRQFXuavaUwIfDMhlRJGHQIQPGb83XDkRHkosWo+j1L3mgFJOK3Au8lRH1GJEMR4G+FUWfKSIz563UWS5+A6NMb1VxAgAA[0m[INFO] Surefire report directory: /var/lib/jenkins/jobs/TSearchUnittest/workspace/service/target/surefire-reports
[8mha:AAABMR+LCAAAAAAAAACFjrFOwzAQhq+BQMQIGxITAjY7oIBAnSBtWAJLJSTUybQhBKV2cJwqEhLPw9C+DG/AVCHEO+CL4yLEwN3gT+f/v/tnX+CWEvYfqnEpOCnyKs14SRgvs5HIhSTnmkKka6ESMNVxwInBawRXrFBwEBs/bf106adLvxZ2Y1gdM8UUbMaPbMpoznhKB0pmPO3WErbbFCPBS5EnJDTv78tQFzrw3v+B9cHPV0+83w4WDqwMwb1Lm7Bbw7/H9e89/j7BC6zplJxNEmSnLippHQQdpHXM324WHzvPl00gncxTsL4bhNhIUeTrQvJ9ZDOzFJycHl0EVhdFVmcoaqrC+57d7Pt2X9j72YxsZpYO+2ftPpyEPasz1D/GVuDWKpETBZ2Nbxim58gAAgAA[0m
[8mha:AAABNR+LCAAAAAAAAACdjrFKxEAQhsdoNFhqJ1iJWrkbJcrJVZq72ESbA0GuWu9ijOR242ZzBASfx0JfxjewOkR8B3ey2ROxEJwp9mP2/2f+509wSwk7t9W4FJwUeZVmvCSMl9lI5EKSE00h0oVQCZhacMCJwWsE56xQsBsbP239dO6nc78WdmNYGjPFFKzFd2zKaM54SgdKZjzt1hI22hQjwUuRJyQ078/LUBc68PbfgfXBjydPvF0NZg4sDsG9Tpuw68Pfx/XvDf7ewyMs65ScTRJkpy4qaR0EHaR1vLxezt43H86aQDqZp2BlKwixkaLI14Xk+8hmZik46hycBlYXRVZnKGqqwvue3ez7dl/Y+96MbGaW9vvH7T6chD2rM9Q/xFbg1iqREwWdvf/V6hdjsPiwNwIAAA==[0m-------------------------------------------------------
[8mha:AAABOR+LCAAAAAAAAACFjsFKxDAQhsdqtehNb4JQEPWWVqmi7Em7rZfqpSLInuJurSvdpKapFASfx4O+jG/gaRHxHcw0zYp4cALJx+T/Z/6XL7ArAdu39ajijJRFnY9ZRSirxkNecEGOFYVI51xmoGvOAisBpxWc0VLCTqL9Xuf3Zn5v5lfCXgILIyqphNXkjj5Qr6As91IpxizvNQLWuxRDzipeZCTU7+/N0JQq8Nb/gdXCz2eHv1+lUwvmB2Bf523YtcHf5er3Bn/v4QkWVUpGJxmy1ZS1MA6CDtI5Xt8upx8bj6dtIJXMkbC0GYR4kOLYV4Xk+8i6Zyg4ONw7CYwujo1OU9xWjfsdM9n3zbyw/zMZWfcM7UZH3TzshH2j0xTt45FgNzITEwkr7oUbuam60+Vv763aYgoCAAA=[0m T E S T S
[8mha:AAABNR+LCAAAAAAAAACdjrFKxEAQhsdoNFhqJ1iJWrkbJcrJVZq72ESbA0GuWu9ijOR242ZzBASfx0JfxjewOkR8B3ey2ROxEJwp9mP2/2f+509wSwk7t9W4FJwUeZVmvCSMl9lI5EKSE00h0oVQCZhacMCJwWsE56xQsBsbP239dO6nc78WdmNYGjPFFKzFd2zKaM54SgdKZjzt1hI22hQjwUuRJyQ078/LUBc68PbfgfXBjydPvF0NZg4sDsG9Tpuw68Pfx/XvDf7ewyMs65ScTRJkpy4qaR0EHaR1vLxezt43H86aQDqZp2BlKwixkaLI14Xk+8hmZik46hycBlYXRVZnKGqqwvue3ez7dl/Y+96MbGaW9vvH7T6chD2rM9Q/xFbg1iqREwWdvf/V6hdjsPiwNwIAAA==[0m-------------------------------------------------------
[8mha:AAABZh+LCAAAAAAAAACFkUFLwzAUx5/TafGoN0EQRL2lVaYonrRbB1IV3BBkpyyLXV2X1CQdFcHP40G/jN/A0xDxO5i0zUQ8+HLILy/v/94/5OUL6lLA9jAbSM5QmmRRzCTCTMaEJ1ygE02+oQuuKJQxV4NaCE5RcI5TBTthqXcrvTvTuzO9LjwOYWGAFVawEt7hCXYTzCK3o0TMouNcwFrlgnAmeUKRX+6/J0OeasNb/xvWAz+fHf5+05nWYL4H9X5UmF3t/R2ub2/N7T08waJ2yfCYGq7laSasAhkFqhSvb9fTj/XHdmFIO3MULG02fLMMBYGnw5DnGS5zlhoHh3unDVsXBLaupKCIzMx3bGfPs/385k9nw2XO0m7rqOpnMn7T1pXU2jdLQT1XVIwVtK8yxvRrNggfI4HJSKaYUCQpFmSoNzGJ9ZFwYf5C0G5MRlRdsohrTeeBkTPe71Kplr8Bomtmt0YCAAA=[0mRunning com.rackspace.search.service.core.CoreTicketOngoingSyncJobTest
[8mha:AAABZB+LCAAAAAAAAACFjsFKw0AQhsdoNXjUmyAERL2UJNVaanvStBEhemkRpKe1XWM03Y27GwkIPo8HfRnfwFMR8R3czWYr4sGZw37M/v/M//IFNc5g5yafcErcLM3jhHAXEZ6MaUqZeyQpUHROBQZdCxZYEdil4AxlAnYj7fcqvzf3e3O/FHYjWJoggQSsRbfoAXkpIrE3ECwhcbdgsFGlGFPCaYrdQL+/L0ORycDb/weWBz+fbfp+OZhZsDiC2lVchl0f/T0uf6/V7z08wbJMSdAUK7aKLGfG4SqHWzle3y5mH5uPJ2UgmcwWsLLVDFQrCkNfliLfV6xnhpqt9t5x0+jC0Og0hWXl6r5tNvu+2Rf0fjYr1jNDjf5htU9Ngp7RaeofqBZQKwRmUwGnQ8wFd1hOOs5+3QlRkuYM847j150+Y5RpHNwlWYYnJQ+TKXZwijKuBg233XI4Hq9+A5g6p0VIAgAA[0mTests run: 3, Failures: 0, Errors: 0, Skipped: 0, Time elapsed: 1.86 sec
[8mha:AAABZh+LCAAAAAAAAACFkc9LwzAUx5/VafGoN0EQRL2lVaYonrRbB1IV3BBkpyyLXV2b1CQdFcG/x4P+M/4HnoaI/4NJf0zEgy+HfPLyvu99Q16+oCEFbI+yoeQMpXEWRkwizGREeMwFOtHkGbrgikIZcxZYAdhFwTlOFewEpd6p9M5M78z0uvA4gIUhVljBSnCHJ9iJMQudrhIRC49zAWuVC8KZ5DFFXrn/ngx5qg1v/W9YD/x8tvn7TXdqwXwfGoOwMLva/ztc396a23t4gkXtkuGEGrbyNBO1AhkFqhSvb9fTj/XHTmFIO7MVLG02PbMM+b6rw5DrGi5zNTUPDvdOm3Wd79d1JflFZGa+XXd23bqf1/rpbLjM1bTbPqr6mYzXqutKau+bpaCRKyoSBZ2rjDH9mg3CEyQwGcsUE4okxYKM9CYmkT4SLsxfCNqLyJiqS6Yhod0HRs74oEelWv4GqwWk1EYCAAA=[0mRunning com.rackspace.search.service.core.CoreTicketOneTimeSyncJobTest
[8mha:AAABZB+LCAAAAAAAAACFjsFKw0AQhsdoNXjUmyAERL2UJLa1aHvStBEkemkRpKe1XWM03Y27GwkIPo8HfRnfwFMR8R3czWYr4sGZw37M/v/M//IFNc5g5yafcErcLM3jhHAXEZ6MaUqZeyQpUHROBQZdCxZYEdil4AxlAnYj7fcqvzf3e3O/FHYjWJoggQSsRbfoAXkpIrE3ECwhcbdgsFGlGFPCaYrdQL+/L0ORycDb/weWBz+fbfp+OZhZsDiC2lVchl0f/T0uf6/V7z08wbJMSdAUK7aKLGfG4SqHWzle3y5mH5uPJ2UgmcwWsLLVClQrCkNfliLfV6xnhlrtg8Zxy+jC0Og0hWXl6r5tNvu+2Rf0fjYr1jNDe/3Dap+aBD2j09TfVy2gVgjMpgJOh5gL7rCcdJxm3QlRkuYM847j150+Y5RpHNwlWYYnJQ+TKXZwijJeDtxmo+1wPF79BsBXzzpJAgAA[0mTests run: 3, Failures: 0, Errors: 0, Skipped: 0, Time elapsed: 0.326 sec
[8mha:AAABYR+LCAAAAAAAAACFkUFLwzAUx5/VafGoN0EQRL2lVaYoO7lu9VJF3BBkp5jFrq5LapKOguDn8aBfxm/gaYj4HUzaZiIefDnkl5f3f+8f8vIFDSlgd5QPJWcoS/M4YRJhJhPCUy7QqabA0AVXFKpYcMCJwC0LznGmYC+q9F6t9+Z6b67Xha0IloZYYQVr0T2eYi/FLPZ6SiQsbhUCNmoXhDPJU4qCav89GYpMG97537Ae+Pns8veb3syBxQE0buPS7Prg73B9e2duH+AJlrVLhifUsFNkubAKZBSoVry+Xc8+Nh/PSkPamatgZbsZmGUoDH0dhnzfcJWz1Dw6Pmg3bV0Y2rqKwjJyM9+1nX3f9gs6P50NVzlL+92Tup/JBB1bV1H30CwFjUJRMVHQvsoZ06/ZInyCBCZjmWFCkaRYkJHexDTRR8KF+QtB+wkZU3UpOKFSctGnUq1+AxwABTxBAgAA[0mRunning com.rackspace.search.service.core.CoreTicketProcessorTest
[8mha:AAABZB+LCAAAAAAAAACFjsFKw0AQhsdoNXjUmyAERL2UJC1VbHvStBEkemkRpKe1XWM03U13NxIQfB4P+jK+gaci4ju4m81WxIMzh/2Y/f+Z/+ULapzB3m0+4ZS4WZrHCeEuIjwZ05Qy91hSoOiCCgy6liywIrBLwTnKBOxH2u9Vfm/h9xZ+KexGsDJBAgnYiO7QA/JSRGJvIFhC4m7BYKtKMaaE0xS7gX5/X4Yik4F3/w8sD34+2/T9ajC3YHkEteu4DLs5+ntc/t6o3xk8wapMSdAUK7aKLGfG4SqHWzle3y7nH9uPp2UgmcwWsLbTClQrCkNfliLfV6xnhlqHR82TltGFodFpCsvK1X3bbPZ9sy/o/WxWrGeGGv12tU9Ngp7RaeofqBZQKwRmUwFnQ8wFd1hOOk6j7oQoSXOGecfx606fMco0Du6TLMOTkofJFDs4RRkvB67fbDscj9e/AU43cORJAgAA[0mTests run: 1, Failures: 0, Errors: 0, Skipped: 0, Time elapsed: 0.029 sec
[8mha:AAABZx+LCAAAAAAAAACFkUFLwzAUx5/TafGoN0EQRL2lVaYoO2m3DqEquCHITjGLXV2X1CQdFcHP40G/jN/A0xDxO5i0zUQ8+HLILy/v/94/5OUL6lLA9jAbSM5QmmRRzCTCTMaEJ1ygY02+oXOuKJQxV4NaCE5RcIZTBTthqXcrvTvTuzO9LmyGsDDACitYCe/wBLsJZpHbVSJmUTMXsFa5IJxJnlDkl/vvyZCn2vDW/4b1wM9nh79fd6c1mO9D/SYqzK72/w7Xt7fm9h6eYFG7ZHhMDdfyNBNWgYwCVYrXt6vpx/pjpzCknTkKljYbvlmGgsDTYcjzDJc5S42Dw72Thq0LAltXUlBEZuY7trPn2X5+66ez4TJnabd9VPUzGb9l60pq75uloJ4rKsYKTi8zxvRrNggfI4HJSKaYUCQpFmSoNzGJ9ZFwYf5C0F5MRlRdsA7Xmu4DI8dEcdGjUi1/A+rd0TNIAgAA[0mRunning com.rackspace.search.service.core.CoreTicketOnGoingSyncActorTest
[8mha:AAABZR+LCAAAAAAAAACFjsFKw0AQhsdoNXjUmyAERL2UJLVVanvStBEkemkRpKe1XWM03Y27GwkIPo8HfRnfwFMR8R3czWYr4sGZw37M/v/M//IFNc5g5yafcErcLM3jhHAXEZ6MaUqZeyQpUHROBQZdCxZYEdil4AxlAnYj7fcqvzf3e3O/FHYjWJoggQSsRbfoAXkpIrE3ECwhcbdgsFGlGFPCaYrdQL+/L0ORycDb/weWBz+fbfp+OZhZsDiC2lVchl0f/T0uf6/V7z08wbJMSdAUK7aKLGfG4SqHWzle3y5mH5uPJ2UgmcwWsLLVClQrCkNfliLfV6xnhloH7b3jltGFodFpCsvK1X3bbPZ9sy/o/WxWrGeGGv3Dap+aBD2j09TfVy2gVgjMpgJOh5gL7rCcdJxm3QlRkuYM847j150+Y5RpHNwlWYYnJQ+TKXZwijKuBg233Ww7HI9XvwFsShoUSQIAAA==[0mTests run: 3, Failures: 0, Errors: 0, Skipped: 0, Time elapsed: 1.838 sec
[8mha:AAABaB+LCAAAAAAAAACFkc9LwzAUx5/VafGoN0EQRL2lVaYoO81uFaEquCHITjGLXV2b1CQdFcG/x4P+M/4HnoaI/4NJf0zEgy+HfPLyvu99Q16+oCEFbI+yoeQMpXEWRkwizGREeMwFamvyDJ1zRaGMOQusAOyi4AynCnaCUu9Uememd2Z6XdgKYGGIFVawEtzhCXZizEKnp0TEwlYuYK1yQTiTPKbIK/ffkyFPteGt/w3rgZ/PNn+/7k0tmB9A4yYszK4O/g7Xt7fm9h6eYFG7ZDihhq08zUStQEaBKsXr29X0Y/3xpDCkndkKljabnlmGfN/VYch1DZe5mpoHh3vHzbrO9+u6kvwiMjPfrju7bt3P6/x0NlzmatrtHlX9TMbr1HUldffNUtDIFRWJgtPLjDH9mg3CEyQwGcsUE4okxYKM9CYmkT4SLsxfCNqPyJiqC0ZVlNDeAyNtorjoU6mWvwEah9szSAIAAA==[0mRunning com.rackspace.search.service.core.CoreTicketOnetimeSyncActorTest
[8mha:AAABXx+LCAAAAAAAAACFjrFOwzAQho9AIWKEDQkpEgKWKglQELQTpA1LYGmFhDqZ1oRAahvbQZGQeB4GeBnegKlCiHfAjuMixMDd4E/n/7/7X76gIThs3RRjQYnP8iLNiPAREdmI5pT7x4oiTedUYjA154CTgFsJzhCTsJ0Yf1D7g5k/mPmVsJPAwhhJJGEluUUPKMgRSYO+5BlJOyWHtTrFiBJBc+xH5v19GUqmAm/+H1gd/Hx26ftlf+rA/BAaV2kVdnX497j6vda/9/AEiyolQROs2SlZwa3D1w6/dry+XUw/1h9Pq0AqmSthaaMV6dYUx6EqTWGo2cwstQ4Od09aVhfHVmcorqrQ9127OQztvqj7s1mzmVna6R3V+/Qk6lqdod6+bgmNUmI+kRAPsJDC4wVpe3tNL0ZZXnAs2l7Y9HqcU26wf5cxhscVD7IJ9nCOmKgGnsCj5W/ULOC7RQIAAA==[0mTests run: 3, Failures: 0, Errors: 0, Skipped: 0, Time elapsed: 0 sec
[8mha:AAABVB+LCAAAAAAAAACFj8FKxDAQhsfqavGoN0EQRL2lVaooe9LuVpDqwRVB9pTtxm61m9QkXQqCz+NBX8Y38LSI+A4mTbMiHpwc8nXy/zN/X76gJThsj8qhYBQVeZlmVCBMRZawnHF0rCjUdMEkAVNzDjgxuLXgHBcSdmLj9xq/N/N7M78StmNYGGKJJazEd3iCvRzT1OtJntG0XXFYa1IkjAqWExSa+/dmqAoVeOv/wGrh57PL3m96Uwfm+9AapHXY1f7f5er1Vr8+wBMsqpQUj4lmpypKbh1IO1DjeH27nn6sP57WgVQyV8LSZhDqoymKfFWafF+z6VkKDg73TgKriyKrMxTVVer9rp3s+3Ze2PmZrNn0LO12j5p5uhN2rM5Qd18fCa1KEj6WEFyWlKq/2UjYGHGc3IsCJwQJgnkyUhefZOrzjA16Bq+IkMvfNIYwFzMCAAA=[0mRunning com.rackspace.search.service.JobServiceTest
[8mha:AAABux+LCAAAAAAAAACFksFuEzEQhqehgYhjuSEhWUKUE/YmhAiSE2yyFdKSVkpBQlEOzsbZONm1F9tJU1XieTiUB+HaN+gpQqjvUDu7mwhxwD7Mp5n5Z3559/oOqlrB8Ww50VLgLFnGXGhMheaRTKTC7y35jvrSMMjPQQUqIdS2DZ9oZuBlmOtJoSc7PdnpbWMnhMMJNdTAUTinK0oSKmIyMIqLuLNW8LRwEUmhZcKwn8e/N8M6s4Zf/N+wXfjnR03efh1sKvBgCNVxvDX7ZPjvcluduuo3+A4PrUtBU+a4ss6WqlRgp8CF4ufNl83vZ1cnW0PWWc3Ao+dN311HQeDZ48jzHOe5kpqtt40PzbIvCMq+nILtWbr9tXKy55Xz/O5+suM8V1K9966Y5zJ+t+zLqffGXQPVtWEqNfDLe9326u16AzfrLTRMKRcj9LEfnCIUYYW1/RJp6l5ZyYwpc4nPCrBxxSdMoVcolHRiHwQVPZxpNOUJQ1Ml05yGZEUVSfiYzJlYuN9jLseanA8YVdHss+DGMG3IhVQLndGIEc3UittoqIqZIfvJJJERTWzdCfE+P3p8DwI/o+bIAgAA[0m03:01:12.416 [main] INFO  c.r.s.common.property.PropertyProvider - Loading properties file from file [/var/lib/jenkins/jobs/TSearchUnittest/workspace/service/target/properties/local/search.properties]
[8mha:AAABvx+LCAAAAAAAAACFksFOGzEQhoeUtBFHeqtUyRKinGpv0rRq4QQLiyptASlQqYo4OBtncdi1l7GTpkLq83CAh2nfoCeEEO+And0lqnro+OBPM/PP/PLu9QM0DcKbs8nQaEWLbJJKZShXRiY600i3HYWeDrQVUMZSAxoxtOYNX3hhYSMu9azSsyc9e9K7xq0Ylofccgur8ZhPOcu4SlnPolTp1gzhVeUi0croTNCwvP/eDLPCGV7/v2G38P6qpf9869024FkfmoN0bvZl/9/lrjry1Qv4Cc+dS8Vz4bkxKyZYK6hX0Epx8/vr7d3ry/25IeesZeHFWjf0x1MUBS48BYHnMldT98PHzk637ouiuq+kaB4Tv79VTw6Cel64u5jsuczV1N77VM3zmXC37itp770/FpozKzC38Ct4txm0N9sd2u0EpJ9zqU7J54PokJCEIjXuS+S5f2XUhUD7gx5V4O6pHAokb0ms+dA9CKl6pDBkJDNBRqjzkvpsypFlcsDGQp3732OsB4Yd9wTH5OxESWuFsey7xnNT8EQwI3Aq3W05psKyxWSW6YRnru6F1IgEhTV0UT9deQRFM+H90AIAAA==[0m03:01:12.420 [main] INFO  c.r.s.common.property.PropertyProvider - Loading properties file from file [/var/lib/jenkins/jobs/TSearchUnittest/workspace/service/target/properties/local/search.secrets.properties]
[8mha:AAABvh+LCAAAAAAAAACFks1OGzEQx4dAIOqR3ipVsoSAU+1NmlZ8nMrCokpbQApUqiIOzsZZHLz21nZCEBLPw6F9F8Qb9ISqqu+AvR9EFYfah/lpZv4zf3n3x19oGg0bF5OhURLnYpJyaTCVhidKKI0/OQo9HSnLoDwLDWjE0CoavtDcwmZc6kmlJ8968qx3jbsxLA2ppRZW4zGdUiKoTEnPai7T3ZmGN5WLREmjBMNhGf/dDLPcGV7/v2G38M9dS/361ntswGIfmoO0MPu6/3K5q4589TvcwrJzKWnGPDdm+UTXCuwVuFL8fPj6+PvtzWFhyDlrWVhZ64b+eoqiwB1PQeC5zNXU/bjV2evWfVFU95UUFWfi97fqyUFQzwv355M9l7ma2gfb1TyfCffrvpIOPvhroTmzTGcW7oP3O0F7p93B3U6A+hnl8hx9PoqOEUqwxsZ9iSzzr6xVzrS9xicVuDjlQ6bROxQrOnQPgqoezgwaccHQSKuspD6ZUk0EH5Axk5f+9xirgSGnPUZ1cnEmubXMWHKl9KXJacKIYXrKXbRUp8yS+WQiVEIFYYIayxNT6PG8fP7qCRqP35HPAgAA[0m03:01:12.420 [main] INFO  c.r.s.common.property.PropertyProvider - Loading properties file from file [/var/lib/jenkins/jobs/TSearchUnittest/workspace/service/target/properties/local/elasticsearch.properties]
[8mha:AAABeR+LCAAAAAAAAACFkEFLwzAUx5/V6fCoN0EIiHoy7eYmbjtpt4ow56EgyPAQu9hV2nQm2SgIfh4P+mX8Bp6GiN/BpGkn4sGXQ395+f/f+9OXL6gIDnvj6UikDE/iaRgxgQkTUZDGKccnilxNg1RSMLVkgdWHai64IBMJ+33jtwu/vfDbC78SdvqwMiKSSNjo35MZsWPCQtuXPGJhJ+OwVaQIUibSmGLXfH9vhmyiAu/+H1gt/Hyupu/X/tyC5SFUbsM87Obw73L1eqdfH+AJVlVKRhKq2comU146sHbgwvH6djX/2H48ywOpZFUJazsNVx9Nnueo0uQ4mk2vpMbRcf20Ueo8r9QZ8vKa6v3VcrLjlPPc7s9kzaZXUq3XKubpjtstdYZ6TX0kVDJJeSIhcQ7bTq1dq+Nmq46GCYnYDTofeJcIBZhjgWlMhIwCQQkPxrhnbn5+8ymfUY4OkC8Jl+qXIDmmqJAgo0HCiFg6ou31b2xNGvpsAgAA[0m03:01:12.592 [main] INFO  c.r.s.elasticsearch.ElasticSearchServer - Starting the Elastic Search server node:
[8mha:AAABhB+LCAAAAAAAAACFkM1OwkAUha8oSlzqzsRkEqOunA6IILDSQo0J4oLExDQsRqhltMxAOzWNRJ/Hhb6Mb+CKGOM7ONMfDHHhnUW/uXPOvSd9/YZ84MPeMBwEguOxF7qMB5jygPWFJ3x8osjU1BHSgaSWcpBrQyEWXNCxhP124jdSvzH3G3O/EjbasDKgkkrYaN/RB2p4lLtGV/qMu43Ih600RV/wQHgONpPv4maIxirw7v+B1cKvl4L4uO7OcrBsQ/7GjcNu2n+Xq9db/TqBZ1hVKTkdOZpz0Tj0MwfWDpw63t6vZp/b07M4kEpWkLC2Uzb10WRZRJUmQjQnvYzKlePSaTnTWVamS8iKK9T7C9lkQrJ5ZvN3suakl1GxVUvn6Y7ZzHQJtY70kZCPpOOPJEzIYZ0U68USrpIKskeU8R4671iXCAnfxY5HA8n6gUP9/hBzMXDQAbJV596R8bWHpgsag+BiBZee7FK1Vqv16ohxJhn12KP6ZQhjvP4DuWWnxXACAAA=[0m03:01:12.706 [main] INFO  org.elasticsearch.node - [ticket.node] {elasticsearch/0.16.2}[27999]: initializing ...
[8mha:AAABbR+LCAAAAAAAAACFkM1Kw0AUha/VanCpO0EIiLpyktT61640bUSIdVEQJHQxJmMaTWdiMpGA4PO40JfxDVwVEd/BmSRTERfeWczHnXPuPczLFzSzFLbGeZAxipI4DyOaIUyzyGcxS9GxIFvSgHECVc01oOGCVgrOccJh2638Ru03Zn5j5hfCrgsLAeaYw4p7ix+wEWMaGkOeRjTsFims1Sl8RjMWE2RX9+/NUCQi8Ob/gcXCz2eNvV8Npw2Y96B5HZZhV72/y8XrjXy9hydYFCkpnhDJjSLJU+VA0oFqx+vb5fRj/fG0DCSSaRyWNtq2PJIcxxQlyTQlVz1F7f3D1klb6RxH6Spyysrlfk1NNk01z+79TJZc9RRZ/aN6nuzYPaWrqL8nD4dmwUk64TAwdzum1bFa6MA60L0JjuhIPxs4F7rO0hCRGGc88jOCU3+svlrf0T3RvCMcURaQkR4zHJBA90bL385paNhNAgAA[0m03:01:12.717 [main] INFO  org.elasticsearch.plugins - [ticket.node] loaded []
[8mha:AAABgB+LCAAAAAAAAACFjs1Kw0AUha/VanCpO0EIiLpykta29melaSNCrYuCIKGLMR3T0XQmJhMJFn0eF/oyvoGrIuI7OJM0leLCO4v55s45957XbyhGIeyN4mHEGQr82KMsQphF1OU+D9GxJEtRjwsCWS0VoNAFLRWc40DAfjfzGzO/Mfcbc78UtrqwMsQCC9jo3uIHbPiYeUZfhJR5rSSErVkKl7OI+wRZ2b24GZJABt79P7Bc+PWi8Y+r/rQAyw4Ur7007Kbzd7n8vVG/9/AMqzIlw2OiuJAEcZg7kHKgmePt/XL6uT05TQPJZJqAtZ2KpY4i2zZlKTJNxVkvp0qtXj6p5DrbznUZ2WnFar+WTzbNfJ7V/p2sOOvlVOo0ZvNUx2rnuow6VXUEFBNBwrEA3zxsmqVmqYrq9bLujDFlA/2sZ1/oOg89RHwcCepGBIfuCDE+JPqB7sjOHRHpc6BPFjSGiUo1VH5yykeNRmPQ1CmjgmKfPpLh+g+nc2VNawIAAA==[0m03:01:15.882 [main] INFO  org.elasticsearch.node - [ticket.node] {elasticsearch/0.16.2}[27999]: initialized
[8mha:AAABhh+LCAAAAAAAAACFkEFLwzAUx5/TafGoN0EIiHoy7dwmcztpt4pQ56EgyPAQu7hVurQm2RwIgt/Gg34Zv4GnIeJ3MGnaiXjw5dBfXv7/9/705QvKgsPOcNwXCcNpPB5ETGDCRBQmccLxkSJXUzeRFEwtlKDkg5UJzkgqYdc3fjv323O/PfcrYcuHpT6RRMKaf0smxI4JG9iB5BEbtKYcNvIUYcJEElPsmu/vzTBNVeDt/wOrhZ/PVvJ+GcxKsNiD8vUgC7ve+7tcvd7o1zt4hGWVkpER1VyapmNeOLB24Nzx+nYx+9h8OMkCqWSWhJWtmquPJs9zVGlyHM2mV1DtoLF/XCt0nlfoDHlZjfV+q5jsOMU8t/0zWbPpFVTpHObzdMdtFzpDnbo+EspTSflIwpNTbTqVZqWOG40q6o1IxK7Qadc7RyjEHAtMYyJkFApKeDjEHXMLsltA+YRytIcCSbhUvwTJIUW5BBkNEkbEkj5F95Ecao2gqi21QzRXvwGlqzKEgAIAAA==[0m03:01:15.883 [main] INFO  c.r.s.elasticsearch.ElasticSearchServer - Starting the Elastic Search server node with these settings:
[8mha:AAAEWR+LCAAAAAAAAAC1Vs1uJDUQbgJhI45wQ0JqCUEuHXuSTVDwnthJhgUlATEBiY2ilseu6XHSbXdsd5IJEk/BQ3CAl+ENOK0Q4h0o918mmV0Bu0uPNFNdtqu+qvqqPL/8Fa06G308q6QzmpR5lSntCNdOCZMbSz5DaRikI+Mhap43VqKVg2it3nDISx+tHzTnaXue9udpfx43PjqI3pLccx+9e3DGLznNuc7o2Fuls0fXNnq/RSGMdiYHMmx+73qOrksE/NE/A0aHf/68Zn7/fvxsJXrzJFqdZDXY906WnePqNKxeRD9GbyNKzQsI8sp1WdnuBAknSHvi19++e/bHBz98XgNCZGs+evDh9jB8gjQaDfAJ0mAQ5EbXSduf7G493u72jUbdvkYa1U8V/K91lgeDzt5w79ZykBtdJ23uf9raC5rhXrevkfZ3wsdHq9cebOHXfho8ZINNtrlDdnd345OCK30af3E0+iqOBbHEEci580o44FbMyH7zNq7fxmAvwcYb8f7inngM3mN+XMzi+EQYC0ROSGVzdiYngpXG+cyCu8gZpRIuw2K9yXJx7kouAF8LtrP9cIsGfYp7klgbCSQ3gufM2wqSWGkJ11hzns+dco1wAwi4xpA6z7XkVpKpyjFQdpKbK7CCOzhN4jakQLKpykjJ/YzRS25prib0DPR54O+ZmTh63AT6rVbeg/P0ytgGI3UYu8Jfz20GnpbWlGC9AkdrlPRO2pIYxXPwTaDIf5gaW3DP5vhsHB5uSBk/ecKKgjmXxAFP2MRfFdQdDDRYTGKRVw4TQgK9WYeq0f37pPp5Cax7Q5ttjUvuHIKRrI0h5Pf/Tmztm5fq1vkFFtrP+5QbnZnAxrkWROLhOUaDwKRjW9hEyKyFRASWJfHM+5KA5pMcZMu2OpzcZO71liRY7LKuq2ICNjXT1EKZK6QqG/RBSCOqArQnSh4FvM3m5WVsR6eM/ppbXrCqDEyTKfcLaQItS8yHZyFKDIdeOYKVxAmaPacNqfDneGrZUc2ARtkvtnHc5jOJuSyUXlyoFXXImJTg2VbCVxYYbVVpryJnON1b5Lkx5QSBEa8K6Au4uTVYzp6bIScd2+lWnA8Gpo4UUBg77ws75bmDDuFSfvFraa1hPfLoSzO5JX2FFa5Da5tkMV19u9e4b4wGNhwf98vtTOV5GE7yG7xaoK6cY8JCV7qFKgbupGU1QXYgSVyJdyOOR1x9gcVjnPCtQWcqKyB1c2z0Imnp81+9IE985ZKLCrAnBGoyTGhSWmWswo7DBlSZBqgrnXAhTIVZ66ja5MIqpCgOHNzLjMXZ298GZK9eW6Bqn1mc2wXYQIY2zG6AP3eSrh+vd7OUjMfjp0+xkMJjVxBeeZM2Qac1OdhmEkvlhEHHc3ID+Gci9EFR5T40oL9PlnoMzAxCeskx0JoI+peeJEGzYCe9Un6WtiP8lYzS+9dBfxG9Hh8vvJXuOT5952/0NxdwkwoAAA==[0m03:01:15.888 [main] INFO  c.r.s.elasticsearch.ElasticSearchServer - Elasticsearch Settings :  [core.db.url:jdbc:postgresql://dev.db.core.rackspace.com:5432/core_dev, node.local:true, index.analysis.analyzer.search_standard.filter:[lowercase], elastic.config.path:/var/lib/jenkins/jobs/TSearchUnittest/workspace/service/target/properties/local/elasticsearch, ticket.core.dateformat:yyyy-MM-dd HH:mm:ss, path.data:/var/lib/jenkins/jobs/TSearchUnittest/workspace/service/target/elasticsearch/data, cluster.name:ticket.cluster, index.analysis.analyzer.search_standard.type:standard, core.db.password:, path.conf:/var/lib/jenkins/jobs/TSearchUnittest/workspace/service/target/properties/local/elasticsearch, core.api.password:qwerty, ticket.ongoingsync.delay.seconds:2000, name:ticket.node, http.enabled:true, path.logs:/var/lib/jenkins/jobs/TSearchUnittest/workspace/service/target/elasticsearch/logs, index.number_of_replicas:0, ticket.document.idName:number, ticket.document.versionParam:updated_at, core.api.endpoint:https://ws.staging.core.rackspace.com/ctkapi, ticket.document.type:ticket, ticket.index.name:ticket, admin.index.name:admin, indices.structure:/indices_structure.json, core.loopback.time.seconds:120, index.number_of_shards:5, index.store.fs.memory.enabled:false, admin.document.idName:name, admin.document.type:syncJob, core.db.username:search_api, ticket.core.date.timezone:CST, ticket.search.allowedRangeParams:created_at,updated_at,last_public_response_date, ticket.search.allowedTermParams:source_system,number,created_at,updated_at,last_public_response_date,status,queue,category,priority,assignee.name,account.number, core.driver.class:org.postgresql.Driver, core.api.username:rcameron, ticket.elastic.dateformat:yyyy-MM-dd'T'HH:mm:ss.SSSZZ, action.auto_create_index:1, discovery.zen.ping.multicast.enabled:false, path.home:/var/lib/jenkins/jobs/TSearchUnittest/workspace/service, path.work:/var/lib/jenkins/jobs/TSearchUnittest/workspace/service/work, path.work_with_cluster:/var/lib/jenkins/jobs/TSearchUnittest/workspace/service/work/ticket.cluster, path.data_with_cluster:/var/lib/jenkins/jobs/TSearchUnittest/workspace/service/target/elasticsearch/data/ticket.cluster]
[8mha:AAABgB+LCAAAAAAAAACFkMFKw0AQhsdqtXjUmyAsiHpys61tbdqTpo0IsR4KgoQe1jam0WQ3brZSKPo8HvRlfANPRcR3cDdpKuLB2UO+nf3/mZ+8fEExEbA3Gg8TznAcjv2AJZiyJBjwkAt8rMjS1OXSg6yWClBwoJQKzmksYd/J/Mbcbyz8xsKvhC0HVoZUUgkbzi19oEZImW/0pAiY35oI2JqnGHCW8NDDVvb9vRkmsQq8+39gtfDzucTfr3qzAiy7ULz207Cb7t/l6vVGv97DE6yqlIxGnubCJB6L3IG1A88dr2+Xs4/t6WkaSCUrSVjbqVr6aLJtokoTIZqzXk7VeqNyUs11tp3rMrLTGuv9pXwyIfk8q/0zWXPWy6ncMefzdMdq57qMOjV9JBQn0hORhIgcNkm5Wa7hhkmQG9GA9dFZ175AiAsfeyFNZDBIPCoGI8z40EMHyFWdO0+m1z6a/tIYBJfruPLoVo5M0+w3USKpkOp3IYzx+jfCJbijbAIAAA==[0m03:01:15.890 [main] INFO  org.elasticsearch.node - [ticket.node] {elasticsearch/0.16.2}[27999]: starting ...
[8mha:AAABhx+LCAAAAAAAAACFkM9Kw0AQxsdqtXjUmyAsiHrRTapV1J40bUSoehAECUW2yZpG0924u5FC0efxoC/jG3gqIr6Du/mjiIKzh/yY+b6Zjzx9QFUKWOmngeQMJ3EaRkxiwmTk85gLvK/JMXTCFYW8JipQ6UAtExyTRMFqJ/dbhd/68ltffi1sdmAqIIoomOtckztixYSF1pkSEQubQwELRQqfM8ljip38+/MyDBMdePn/wPrg+2ONv16cjSsw6UG1F2Zh573fx/X0ykxv4QGmdUpGBtRwZZikonRg48CF4/nlfPy2ODrMAulkNQUzSw3HPEOua+syZNuG815Jje2djYNGqXPdUpeTm1Vq7tfKzbZd7nNa35sN572S6u3dYp/pOK1Sl1N7yzwF1aGiYqBgZG/u2fW9+hbetRvIG5CIddHRiXuKEBchpjGRKvIlJcLvYyX0T064UGgdebp9QxVmPKBd1OMpCy5JEAgqJRrF3CexV+/er6Ek7cWR7P8xm/0EOjkdkXoCAAA=[0m03:01:15.904 [main] INFO  org.elasticsearch.transport - [ticket.node] bound_address {local[1]}, publish_address {local[1]}
[8mha:AAABxh+LCAAAAAAAAACFktFqFDEUho+rq4uXeicIgVKr4GRmdCvtFi/stCPCWi9WBBmWEjNxNjabjEmmLhR9Hi/0ZXwDr4oU38FkMlNZvDC5mI9zzv+fHybffsPQaLi3aEqjJK5FU3FpMJGGUyWUxs8cZZ6OlGUQzpUBDKYwagdektrC1jTo404fX+rjS70b3JvCtZJYYuHW9AM5JbEgsopnVnNZ7a003OlSUCWNEgxn4bu+GVa1C7z5/8Bu4cXXkfr5dnY+gKsFDN9Vbdjbxb/LXfe9736EL3DdpZRkyTwPVnWjewX2Ctwpvv94c/7r7tnzNpBLNrJwY2Oc+espzxN3PCWJ51Drafxk59H+uJ/L834uUN6exu8f9c5J0vtlB3+dPYdaT+nhbufnK9lBPxfocNtfC8OVZXpp4SJ5PEnSSbqNd9MEFUwQYzk1jGi6KBydMIulKtmcisY4yYzpU07ZRlO738heE3MS1UqJKE0ju9CMlFE6Ry+O8lcIKV3hNT/ceWATTFCE1lYgyT4dL4kfWW8U6bwQihLhYH7W0lOrG/b5IXIr3SOYoLYYldxQFXHJLSfi2D0iyai9Hywf3PwDaw0kOuoCAAA=[0m03:01:15.910 [elasticsearch[ticket.node]clusterService#updateTask-pool-11-thread-1] INFO  org.elasticsearch.cluster.service - [ticket.node] new_master [ticket.node][1][local[1]]{local=true}, reason: local-disco-initial_connect(master)
[8mha:AAABdB+LCAAAAAAAAACFjkFLwzAUx5/TafGoN0EoiHoybXUT3U7arSLMeRgoUnaIbeyqXVKTdEwEP48H/TJ+A09DxO9gsrYT8eDLIb+8/P/v/V++oCo4bA2yUDCK0iSLYioQpiIOWMI4OlLkauoySSCvuQpUOmBMBWc4lbDdyf1W4bdmfmvmV8JmBxZCLLGElc4tHmErwTSyepLHNGqOOawVKQJGBUsIcvP792YYpyrw5v+B1cLPZ4O9X/UmFZj3oXodTcOu+n+Xq98b/XsPT7CoUlI8JJor4zTjpQNpByocr28Xk4/1x5NpIJXMkLC0UXP10eR5tipNtq0575VU2z/YPa6VOs8rdTl508r0fqOcbNvlPLf1M1lz3ivJaR8W83THbZW6nNp1fSRUx5LwoYRLe69hOw2njg6duukPcUz75mnXOzdNxiNEEixkHAiCeTBAYSwCNiL8wdwxfdW+IxJRFpK+WTyCJBNqruUsfwOKjiyjVgIAAA==[0m03:01:15.915 [main] INFO  org.elasticsearch.discovery - [ticket.node] ticket.cluster/1
[8mha:AAABmh+LCAAAAAAAAACFjsFK60AUho/VarlL704QBkTdeCeT3Cq2XWk0IvR6F4IgoVymzZhG05k4M5GC6IP4BC70ZXwDVyLiOzjTJF7Uhecs5uPM/5/z371CXUlYGeaREhxnaR4nXGHKVTIQqZB4y5Bv6UBoBkVN1aDWhcZE8IdmGla7hd8p/c6733n3G2GnCzMR1VTDfPeUXlAnpTx2DrVMeNwZS1goUwwEVyJl2C/ej5dhnJnAy98HNgdfbhvi8fjwqQbTIdT78STsz/DrcfN7Yn/P4RpmTUpOR8xybZzlsnJg68Cl4/7h6Ol58XJvEsgka2iYW2r6ti0FATFliRDLxayi5samt92sdEFQ6QoKJpXb+41qMyHVPn/n/2bLxawid7dV7rMTf6fSFbS7bltDfayZHGm4Ib/bxG27G5i0XBSOaMJ7aP8g+IuQkDFmKVU6GShG5WCIh1pn6BcKzeSMacxFxHqoL3Ie/aNRJJlS6DLhTIcOaX/slkdI72oNZXk/TdTws9wl2G1ij2xib90rxT/eAAuSESKZAgAA[0m03:01:16.091 [main] INFO  org.elasticsearch.http - [ticket.node] bound_address {inet[/0:0:0:0:0:0:0:0:9200]}, publish_address {inet[/10.14.208.252:9200]}
[8mha:AAABfB+LCAAAAAAAAACFjs1Kw0AUha/VanGpO0EIiLpyMq31J+1K00aEWhcFQUIXYzKm0XQmTiZSKPo8LvRlfANXRcR3cCZpKsWFdxbzzZ1z7j2v31BOBOwMUj/hDMVRGoQsQYQloccjLtCJIltTl0sKeS2UoNSBSia4ILGE3U7uN6d+c+Y3Z34lbHZgySeSSFjr3JFHYkaEBWZPipAFzZGAjWkKj7OERxTZ+T2/GUaxCrz9f2C18Oulwj+ue5MSLLpQvgmysOvu3+Xq91b/PsAzLKuUjAyp5tIoTkXhQNqBpo6396vJ5+b4LAukklUkrGzVbX00OQ5WpQljzXmvoPrhce20Xugcp9Dl5GSV6v2VYjLGxTy79TtZc94rqNq2pvN0x24VupzaB/pIKI8kFUMJA7zfwNVG9RBhq2a4QxKyvnHedS4Ng4sA0YgkMvQSSoQ3QIz71NgzXNW5pzJ79o3xnMbESM2qPbm1I8uy+g0jkURI6q/+ADThk09nAgAA[0m03:01:16.092 [main] INFO  org.elasticsearch.node - [ticket.node] {elasticsearch/0.16.2}[27999]: started
[8mha:AAABcx+LCAAAAAAAAACFjkFLwzAUx5/VafGoN0EIiHoy7eYcup20W0Wo81AQZHiIXdZVurQm6RgIfh4P+mX8Bp6GiN/Bpmkn4sGXQ3755/3f+798QU1w2BtnQ5EwnMZZGDGBCRNRkMQJx6c5OYr6iaSga8kAwwOzaLgkqYR9T/ut0m8t/NbCnzd2PFgZEkkkbHj3ZEqsmLDQ8iWPWNiZcdgqUwQJE0lMsaPv35thluaBd/8PnC/8fDaT9xt/bsDyAGp3YRF2c/B3ef47Ur8P8ASreUpGJlSxMUszXjmwcuDS8fp2Pf/YfjwvAuXJTAlrO01HHUWua+elyLYVa62iZuu4cdas+ly36tPkFpWp/WY12bareU73Z7JirVVU752U85TidKs+Tb0jdSTUZpLyiYSRfdi26+16C9snDTSYkIjdoou+e4VQgDkWmMZEyCgQlPBgjHv65Rcvn/Ip5egAlSrSMhJajwQSknBJh3j9G2Vl9GxlAgAA[0m03:01:16.092 [main] INFO  c.r.s.elasticsearch.ElasticSearchServer - Elastic Search server is started.
[8mha:AAABqh+LCAAAAAAAAACFkkFr2zAUx9/SZQs7rrdCQRC2nizLTRa65LQ5cRlk2SFjUEwoqq06blzJk+QsY7DPs8PyZfoNdgpj7DtMiu2M0EOfDvrx9P7/9wf7519oKgkv50WsBMd5ViQpV5hylUYiExK/MeRbmgjNoKxHDWiMobUdeE9zDSfjUu9Wenend3d6MzgYw+OYaqrh+fiGLqmbUZ64Uy1TngxWEo6qFJHgSmQM++W9vxlWuQn84uHAZuGfHy3x62K6acBBCM2rZBv2MLy/3Lxe29fP8B2emJSc3jLLjVVeyFqBrQJXivXdp83v42/n20AmWUvD03bXt8dSEBBTlgixXPZq6vbOTt9267kgqOdKCrZV2P2t2pmQ2s8f/ne2XPZq8kavKz/b8Yf1XEmjV/ZoaK40k7ca1qTTJ17f62GPdFDIMqp0GilGZTQPDS2YxlzEbBZlhTKSKZPLNGLtIjefkX2kauHkQmSO5zl6LhmNHW+G3k2CDwgJmeA9P5wYyRf6FTlozxpJFoklkyxGIZmhlMdmgzK3Fqhae6nMP8Oe/QMSnD/5rAIAAA==[0m03:01:16.103 [elasticsearch[ticket.node]clusterService#updateTask-pool-11-thread-1] INFO  org.elasticsearch.gateway - [ticket.node] recovered [0] indices into cluster_state
[8mha:AAABeR+LCAAAAAAAAACFkc1Kw0AUha/RanCpO0EYEHXlJK2xaLvSNClCrGBAkCIypjGNpEmcmZSA4PO40JfxDVwVEd/BmfxUxIV3Fvnmzjn3HsjLFzQYhZ1xNmJJjNMoC8KYYRKz0EuihOJjQaakQcJ9KGtBAcUBtRCckZTDrlP6tcqvzf3a3C+EXQeWRoQTDmvOPZkSLSJxoLmchnHQzSlsVCm8JGZJ5GOz/P7eDHkqAm//H1gs/HxWk/crd6bA4hAat0ERdn34d7l4vZOvD/AEyyJlTCa+ZCVPM1o7sHTgyvH6djn72HzsF4FEMpXDypZhyiPJtnVRknRdctmryWgftk6MWmfbta4ku6hM7lfrybpezzN7P5Mll72amtZRNU92zF6tK8k6kIdDI+c+nXC40fc7erPTbONWy0DDCQnja3Q6sM8R8jDFDPsRYTz0mE+oN8ZWeXOLm+vTqU/RHrJc5EUZExMRE/82YyhkqH9hWYPVbywGxLJeAgAA[0m03:01:16.224 [main] INFO  c.r.s.elasticsearch.ElasticSearchServer - ES cluster status is GREEN
[8mha:AAABdR+LCAAAAAAAAACFkMFKw0AQhsdqNXjUmyAERD25SbQttT3ZtBEh1kNAkOJhTdc0km7iZiMRwefxoC/jG3gqIr6Du0m2Ujw4e9iP2f+f+dnXb6inDPYm2TiNKUqiLAhpijBNQz+OYoZOBNmShjEnUNZSDWouaIXgHCcc9t3Sb1R+Y+435n4h7LqwMsYcc9hw7/ADNiJMA8PjLKRBN2ewVaXwY5rGEUF2eS9uhjwRgXf/DywWfr1o8ceVN6vB8gjqN0ERdnP0d7l4vZWv9/AMqyIlxVMiuZYnGVMOJB2ocry9X84+t59Oi0AimcZhbadhyyPJcUxRkkxTctlT1Gi1D3sNpXMcpSvJKSqT+zU12TTVPLv/O1ly2VNkDY6rebJj95WupEFTHg71nBM25YDNo45pdawWajctfTTFIb3Wz4bOha77iKEUETSIcMpD3yOY+RM7CgnlDvZ5zB57BFP9QPc4Zlz8iL6g1P1Cuv4DVQFd+WACAAA=[0m03:01:16.851 [main] INFO  c.r.s.e.ElasticSearchClientFactoryBean - Starting ElasticSearch client
[8mha:AAABkh+LCAAAAAAAAACFkcFKAzEQhsdqtXjUmyAERD2Z3dZatD21a1eEqoeCIEUkbmONbJOazMqK4PN40JfxDTyJiO9g0u1WxIOTw35M/n/mJ/v8BUWjYeM66Rsl6ShOBkIayqQRkYqVpk1LgaNjhRyymilAoQOlseCIjRA2O5nfm/i9qd+b+q2w0YG5PkOGsNS5YXfMi5kceF3UQg4aqYaVSYpISaNiToPs+3szpCMbeP3/wHbh51NJvZ113wsw24Pi5WAcdrn3d7m9vXK3t/AI8zalZEPuuJCOEp07qHPQiePl9fT9Y/XhYBzIJishLKxVA3cchaFvy5HvO856OVVru5VWNdeFYa7LKBxX4vaX8sm+n88L9n8mO856OZXbe5N5rhPs57qM2jvuIBRT5HqI8Ohv1/1yvVyju7UK6Q2ZkOfk8Dg8ISSimhrKaTtmBkXU5UxH10EsuMSQRaj0fYszSbZI81IlSFARzVmfCNnnKTEc0T4SuRIxJ3Xi2a6IuLkwqJMIE83pjf15i99/LJS/fQIAAA==[0m03:01:16.862 [main] INFO  c.r.s.e.ElasticSearchClientFactoryBean - About to read index setting file : /indices_structure.json
[8mha:AAABhx+LCAAAAAAAAACFkMFKAzEQhsdqtXjUmyAERD2Z3Wottj3ZbVcKtR4KghQPcRvb1W1Sk6msCD6PB30Z38BTEfEdTLq7FfHg5JCPyf/P/OTlC/Jawc5w0tdS0HE0GYRCUyZ0GMhIKnpsyLPUkcghqYUc5NpQmAlO2Rhht534ndTvzP3O3G+EtTYs9RkyhLX2DbtnTsTEwOmiCsWgFivYSFMEUmgZceol9+/NEI9N4O3/A5uFn88F+X7RneZgsQf5q8Es7Hrv73Lzem1f7+AJlk1KwUbcci4eT1TmoNZBU8fr2/n0Y/PxZBbIJCsgrGyVPHss+b5rypLrWk56GZXKR/v1Uqbz/UyXkD+rid1fyCa7bjbPa/xMtpz0Mio2K+k82/EamS6h5qE9CPkYuRohoHtQdYvVYplWii7pjVgoLkmr458RElBFNeW0GTGNYdDlTAVDLwq5QJ8FKNVDnTNB9khL9HlM+pJrIiQSHocaKfEUZ2j+ieCQpxIz5ZYjWf0Gh5HuwnMCAAA=[0m03:01:16.910 [main] INFO  c.r.s.e.ElasticSearchClientFactoryBean - Index does not exist. Creating the Index ticket 
[8mha:AAAB0R+LCAAAAAAAAACFkkGLEzEUx2O1bvGoN0EILOrJZKrj4nZPu7MdEep6qApSPKTTt7Np0yQmb7ojgp/Hg34Zv4B4WkT8DiYznRXxYHLIj5f//70/IZ9/kb535N5ZtfBGM6uqUmrPhPayMMo4dhgoi3RiEEi7rvRIb0IGjeC5sEjuT1o/3/r5pZ9f+oPwYEKuLQQKJDcnS7ERXAld8ik6qcuD2pHb2xSF0d4oYFl7/j2Z1DYEvvv/wGHgz08D8/3N9KJHrs5If142YW/N/h0ebk/j7TvykVwPKbVYQ+RebSvXOVh0sK3jy9fXFz/ufHjaBArJBkh2dtMs7kh5noQVKUkit7WO0r0nD4/STpfnna6lvFlVnD/oOidJ1y87/tM5clvraDje3/aLley407U0fhw3kn6N4NZIviWPRslwNNxj+2lKZ2sh9Vv67CR/QWnBHPMM2FgJj7KYgnDFWaYkaMxFgca9PwKh6QN6ODcVUjTUgVhQqRdQUw+I4ZHoqVRAR5RvhONKzvkS9Cp+j6WZe/6y7flKS0TwyM+NW3krCuAe3EaGE4UrAbl1xoJDCZ4rUwjFoc3kGz9fC2vDMM9DaRXkTQS2DL/jxm9Xt7hq3gIAAA==[0m03:01:16.944 [main] INFO  c.r.s.e.ElasticSearchClientFactoryBean - About to read index setting file : /var/lib/jenkins/jobs/TSearchUnittest/workspace/service/target/properties/local/elasticsearch/mappings/ticket/index.json
[8mha:AAABvx+LCAAAAAAAAACFUsFu1DAUfF26dMWx3JCQLFXApXGcZYtKe6JpUyFt28NWSCjKwSQmG5q1je1UkZD6PT3Az/TcS08VQvwD9iYuWnHg+eDx88y8UeLvv2GoFbycN4UWHMu6KSuuMeW6ykUtFH5nUezQqTAMulobwGAKoyXhhEoDr6adPuz14YM+fNBb4v4U1gtqqIHN6Rd6ScOa8jKcGVXxcr9V8KxPkQuuRc1w3O2rk6GVNvCL/we2A39dj8Tdx9n9AB6lMPxULsM+Tf8dbm8/u9uvcAWPbUpOF8zhQSsb5RXYKXCv+HHz4f7n82/Hy0A22cjAxtYkdsuhJCG2HCLE4a7n0eTN7vhg4nlJ4nkdSpbVuPkj70yI94sP/zo73PU8io7e9n6uEx96XoeOdtwyMGwNUwsDt+T1Hon2ol1MxmOUsppqU+WaUZXPU4sumMFcFCzL60ZbyYypyypnW420v5GdU30RSCHqIIoCM1eMFkGUofenyRlCQpV4xQ/3HnjBDHWvAAVoZYY/ZSi3VsZ+ZFTxgrXbKKeNZiilssq2kZ5TVWiU7mRhSux5QaW0XNvp2b3Lkz+EDKGB2wIAAA==[0m03:01:18.022 [elasticsearch[ticket.node]clusterService#updateTask-pool-11-thread-1] INFO  org.elasticsearch.cluster.metadata - [ticket.node] [ticket] creating index, cause [api], shards [5]/[0], mappings [index, ticket]
[8mha:AAABgB+LCAAAAAAAAACFjsFKw0AQhsdqNXjUmyAsiHpyk9ootT3ZtJFCrIeCIMXDmm7TaLqJuxtJEXweD/oyvoGnIuI7uNs0FfHgzGE/Zv9/5n/5grLgsDdKByJmOInSIGQCEyZCP45ijk8VOZq6saSQ11IJSh4YM8E5SSTse7nfnPvNhd9c+JWw4cHKgEgiYcO7JQ/EjAgLzJ7kIQsaGYeteQo/ZiKOKHby9/dlyBIVePf/wOrg57MRv1/1piVY7kP5JpiF3ez/Pa5+h/r3Hp5gVaVkZEw1l7Ik5YUDaweeO17fLqcf249ns0AqmSFhbcd2dGtyXUuVJsvSnM8Kso9rh0270LluocvJnVWq7xvFZssq9jmtn82a81lBlfbJfJ+eOK1Cl1P7SLeEciYpH0sYWNW6ValXatiunqD+mITsGnW67gVCPuZYYIrbEREy9HuUcH/kRCFl0iW+jPmkSQlDB6iX+j4VYphG0QQJKtMEddiAZki57qhE69+NkHG7YwIAAA==[0m03:01:18.439 [main] INFO  c.r.s.e.ElasticSearchClientFactoryBean - Successfully setup Index ticket 
[8mha:AAAB0B+LCAAAAAAAAACFUsFuEzEQNYHQiCPckJAsVcAJe1MWVNJTu80ipFAOASQUcXA2060Tx17s2XQREt/DAX6GL4BThRD/gL3OFiEOjA/zNH7vzZPlz79I31ly76xeOKNZpepSaseEdrIwylh26FEW0IlBILGu9EhvQgYt4bmokNyfRD3f6vmlnl/qPfFgQq4tBAokNydLsRFcCV3yKVqpy4PGktvbFIXRzihgWex/byZN5QPf/X9gv/Dnp4H5/mZ60SNXZ6Q/L9uwt2b/Lve3p+H2HflIrvuUWqwh4F5T1bZTsKBgW8WXr68vftz58LQN5JMNkOzsplk4AeV54iugJAk4zjqUPt7fO0o7Xp53vIjytuqwf9A5J0nnlx3/cQ44zjo0HD/Z+oVJdtzxIho/CgdJv0GwayTfkoejZDga7rM03aOztZD6LX12kr+gtGCWOQZsrIRDWUxB2OIsUxI05qJAY98fgdD0AT2cmxopGmpBLKjUC2ioA0T/SPRUKqAjyjfCciXnfAl6Fb7H0swdfxk9X2mJCA75ubErV4kCuAO7kb6jsCUgr6ypwKIEx5UphOIQM7lWz9eiqvwyx/1o5emxsaX/Hjd+A5/bYjffAgAA[0m03:01:18.442 [main] INFO  c.r.s.e.ElasticSearchClientFactoryBean - About to read index setting file : /var/lib/jenkins/jobs/TSearchUnittest/workspace/service/target/properties/local/elasticsearch/mappings/ticket/ticket.json
[8mha:AAACPh+LCAAAAAAAAAClU91u0zAYNR2Diku4Q0KKgoCb4aSjQyO7YlmDkMq4qISEqhG57rfOW2J7/mEtFTwPF/AyvAFXE0K8A3bSDBAXrOXzhY8+n3O+I8f59AOta4XuH9mxFhzLwk4Y15hwzagohMJPHUo92hcGUF1XWqjVR+2K8IJIgx70a3200EcX+uhC74g7fXR1TAwx6Gb/mLwlUUH4JBoYxfhkZ6rQ7UUKKrgWBeC03v+cjKbSBb7378Bu4PePbfH19eC8hdaGaH00qcLeGv493J0e+tNT9AFdcyk5KcHj1lRa1SiwV+CF4vOXV+ff7syfVYFcsrZB1+92U788yrLYlUdx7HHda1D38fbmbrfhZVnDq1FWlfXz241zHDd+6d4vZ4/rXoM6vScLP99J9xpejXpbfhm0PjWgSrP2Jn6UxJ2ks427W5vBsCSMHwTP97OXQUCxwhoD7hVEG0YHQBQ9SgsG3GSEGqFmu0B48DAYgDHuQgIrA3eB0sNDoYKhE52AOYgakATzsIZhMg9zLayi4CFwMipgHCZGWXi/EUolJCjDQPvTUwu2ohFOitk7UGESnsDsTKhxXogzUJRoCDdCM5OOFurq64TOxufOpR0VjOYKtHRvCXL3+iozl7AkLkjoG7lh5W8WFccZsHFxaS51+8TdySpBrfQu45yYy07T7heyepVZUjGhmFkpJ1WwZE5uy5H3X34WoVRYbvB/OGjNJhwA+195FYP6geZ6pg2Uyxu4uvET8mydwF0FAAA=[0m03:01:18.452 [main] INFO  c.r.s.e.ElasticSearchClientFactoryBean - Setting up Mapping for [ticket]/[ticket]: {"ticket":{"_source":{"enabled":true},"properties":{"queue":{"analyzer":"keyword_lowercase","type":"string"},"last_public_response_date":{"format":"date_time","type":"date"},"idle":{"format":"date_time","type":"date"},"category":{"analyzer":"keyword_lowercase","type":"string"},"updated_at":{"format":"date_time","type":"date"},"status":{"analyzer":"keyword_lowercase","type":"string"},"priority":{"analyzer":"keyword_lowercase","type":"string"},"created_at":{"format":"date_time","type":"date"},"number":{"analyzer":"keyword_lowercase","type":"string"},"account.number":{"analyzer":"keyword_lowercase","type":"string"},"assignee.name":{"analyzer":"keyword_lowercase","type":"string"},"source_system":{"analyzer":"keyword_lowercase","type":"string"}}}}
[8mha:AAABhx+LCAAAAAAAAACFkM1KAzEUha/V6uBSd4IQEHVlZkZbre3KTjtSqHVREKS4iDOxHZkmNUllRPB5XOjL+AauiojvYDI/FXHhzSIfN+fce8jLF5SlgJ3RNJSc4Uk8HUZMYsJkFPCYC3yiyTPU44pCVgslKHXBSgVnZKJgt5v57dxvz/323K+FjS4shUQRBWvdW3JP7Jiwod1XImLDRiJgI08RcCZ5TLGX3b83QzLRgbf/D6wXfj5b/P2yPyvB4gDK18M07Prg73L9emNe7+AJlnVKRsbUcCmZTEXhwMaBc8fr28XsY/PxNA2kk1kKVrYqnjmGfN/RZchxDGe9giqHtf1mpdD5fqHLyE9ravZbxWTHKeZ5rZ/JhrNeQW77OJ9nOl6r0GXUrpqjoJwoKsYKpHNQd9y6W8NV9wgNxiRiV6jT888RCrDAElPcjolUUdCnRAQjL44oUz4JFBcPTUoY2kMdFtIEhZxKxLhCNImkwsgTlCj9T0iNaC4h4ThiaPUbYMCj1nICAAA=[0m03:01:18.517 [main] INFO  c.r.s.e.ElasticSearchClientFactoryBean - Index does not exist. Creating the Index admin 
[8mha:AAAB0h+LCAAAAAAAAACFksGKFDEQhuPo6OBRb4IQEPVk0qOzsjt72u2dFmFcD6OCDB4y3bW9mU0nMakeWwSfx4O+jA8geFpEfAeT7ukV8WDlkI9K/VU/oT7/IkPvyL3TuvBGM6vqUmrPhPYyN8o4dhAojXRsEEgXlwZkMCejtuCZsEjuzzs93+r5hZ5f6EPh/pxcKQQKJDfma7ERXAld8gU6qcv9xpFbWxe50d4oYGl3/z2ZNDYYvvt/w2Hgz08j8/314nxALi/JcFW2Zm8u/x0eXk/i61vykVwNLrWoIPKgsbXrFSwq2Fbx5eur8x+3PzxpDQVnIyTX7kzSeCJlWRIiUpJE7nI9TR7vPjyc9HVZ1td1lLVRx/mjvnOS9P3Soz+dI3e5nsazvW2/mEmP+rqOZjvxIBk2CK5C8i15NE3G0/Eu2xnv0WUlpH5Dnx5nzynNmWOeAZsp4VHmCxAuP02VBI2ZyNG494cgNH1AD1amRoqGOhAFlbqAhnpADJ9ET6QCOqV8IxxXcsXXoM/ieqzNyvMXXc+XWiKCR/7OuDNvRQ7cg9vIcKNwJSC3zlhwKMFzZXKhOHSefKvnlbA2DAtLV1RS89YBW4fluP4bfbK6Vt0CAAA=[0m03:01:18.519 [main] INFO  c.r.s.e.ElasticSearchClientFactoryBean - About to read index setting file : /var/lib/jenkins/jobs/TSearchUnittest/workspace/service/target/properties/local/elasticsearch/mappings/admin/index.json
[8mha:AAABxx+LCAAAAAAAAACFUkFP1EAY/VhY2XjUm4nJJAS80GmrC1ngJIUSzYqHNSam6WGYjt1KOzPOTEkJib+Hg/4Zzlw4EWP8D85sW8zGg98c+ub73nvfS9vvv2GoFWzN60wLjmVZ5wXXmHBdUFEKhV9bFDl0KgyDtlYGMJjCaEF4R6SBF9NW73d6/0HvP+gt8WAKaxkxxMCT6RdyQfyS8NyfGVXw/KBR8KxLQQXXomQ4ap/Lm6GRNvDm/wPbhb+uR+Lu0+x+AKsJDM/yRdinyb/L7fSzm36Fb/DIpuSkYg4PGlmrXoGdAneKHzcf738+vzpZBLLJRgbWN8aROw7FcWDLoSBwuO31aLw7eXk47nlx3PNaFC+qdvtHvXMQ9H7R0V9nh9tej8Ljvc7PdaKjntei4x13DAwbw1Rl4DZ4tR+E++EET3ZDlLCSaFNQzYii88Sic2YwFxlLaVlrK5kxdVFQtlFL+xnZB6LPPSlE6YWhZ+aKkcwLU/TmNH6PkFA5XvLDnQeumCHuL0AeWtqBEpJVBU8RtU7GvmNU8Iw124iSWjM7lUW6jfScqEyjZCf1k8DeKyKl5dpOx9aXnL4VZ+njP/JpcvXbAgAA[0m03:01:18.861 [elasticsearch[ticket.node]clusterService#updateTask-pool-11-thread-1] INFO  org.elasticsearch.cluster.metadata - [ticket.node] [admin] creating index, cause [api], shards [5]/[0], mappings [index, syncJob]
[8mha:AAABgB+LCAAAAAAAAACFjs9Kw0AQxsdqtXjUmyAsiHpyk9oo2p5s2kgh1kNBkOJh3WzbSLqJuxtJEXweD/oyvoGnIuI7mM2finhw5rA/Zr9v5nv5gqoUsDeJPRlyHAXx2OcSEy59GgahwGcp2Zr6oWKQ11IFKi7UMsEFiRTsu7nfKPzGwm8s/Kmw5cKKRxRRsOHekQdiBISPjYESPh+3EgFbRQoachkGDNv5+/syJFEaePf/wOnBz+da+H49mFdgeQjV23EWdnP493j6O9K/9/AEq2lKTqZMcyWJYlE6sHbgwvH6djX/2H48zwKlyWoK1nYsW7cmxzHT0mSamvNZSdbxyWHbKnWOU+pycrKK9f1audk0y31252ez5nxWUr17WuzTE7tT6nLqHulWUE0UE1MF1Gw0zXqzforrVgMNp8TnN6jXdy4RolhgiRnuBkQqnw4YEXRiBz7jyiFUhWLWZoSjAzSIKWVSjuIgmCHJVByhHvdYgog39Tla/wbB2H8hYgIAAA==[0m03:01:19.143 [main] INFO  c.r.s.e.ElasticSearchClientFactoryBean - Successfully setup Index admin 
[8mha:AAAB1h+LCAAAAAAAAACFksFu1DAQhs3C0hVHuCEhWaooJ+wsXRDdntp0g0BLOSwgoRUHJ5mm3jp2sCdLKiSehwO8DE8Apwoh3gE72RQhDowP/jSef+aXNZ9/kaGzZOe0zp3RrFJ1IbVjQjuZGWUsO/AUBzo2CKSLKwMymJNRW/BcVEjuzTs93+j5pZ5f6n3h/pxcywUKJDfnK7EWXAld8AVaqYv9xpLbGxeZ0c4oYHF3/z2ZNJU3fPf/hv3An59G5vubxcWAXF2SYVq0Zm8t/x3uX0/C6zvykVz3LrUoIfCgqWrbK1hQsI3iy9fXFz/ufHjSGvLORki2tidxOIGSJPIRKIoCd7meJo8ePzic9HVJ0td1lLRRh/mjvnMU9f3ioz+dA3e5nsazvU2/kImP+rqOZg/DQTJsEGyJ5Fu0O43G0/EeG0926bIUUr+lT4+TF5RmzDLHgM2UcCizBQibncZKgsZEZGjs+SEITe/Tg9TUSNFQCyKnUufQUAeI/pPoiVRAp5SvheVKpnwF+iysx8qkjr/ser7SEhEc8vfGnrlKZMAd2LX0NwpbAPLKmgosSnBcmUwoDp0n1+p5KarKD/NLl5dSc3eus2cmZSu/Hjd+AwXav0HfAgAA[0m03:01:19.143 [main] INFO  c.r.s.e.ElasticSearchClientFactoryBean - About to read index setting file : /var/lib/jenkins/jobs/TSearchUnittest/workspace/service/target/properties/local/elasticsearch/mappings/admin/syncJob.json
[8mha:AAACGR+LCAAAAAAAAACVUs2O0zAYNIFCxRFuSEhWEHBZnBQKotkTm20QqCyHSkioWkVu4na9JLaxHdSqgufhAC/DG3BaIcQ74C8/RWiL0NqHjD/PzDex/eUX6hmN7p1UuZGCqKJacmEIFYZnspCaPHMoBnQkLUPNuOQhb4L6NeEVVRbdnzT6oNUHW32w1Tvi/gRdyamlFt2YnNIPNCioWAZTq7lY7q80utWmyKQwsmAkbr5/d0Yr5QLf/X9g1/Dn5778/nZ65qHLM9SbL+uwN2fnm7vdBey+R5/QVZdS0JIB9laq0p2CgIK0iq/f3pz9uL15XgdyyfoWXbszjGECSpLQDUBhCLipdWj45OnDg2HHS5KO16CkHhX073fOYdj5xYd/nAE3tQ4NxqPWDyrxYcdr0PgxTIt6K8t0aT0cPorCQTQYkcFwhGcl5eIYvzhKXmOcEU0MYWRcUGN5NmVUZydxwZmwCc2s1OsDRgV+gKfMWncguFLYHaACuJAaz2heOrdgZtYieynnxxHe+C32o42fGlnpjAFkgs4LlvuR1RX7uOcrLRXTljMDu9ykW8LGt2vlNL6pL8F3ZIiXVso9K5an1ALHtS8B+VBMLS+Zv9cJoQQy415hZXY6uvYZM8atUiFztpOTM5NpriyXYud+Y5+Wzocud1vAE/uXVl/sZ+ozcJf0jtm0lDlf8AvJm+W5JG5c/w3JcStIHwQAAA==[0m03:01:19.149 [main] INFO  c.r.s.e.ElasticSearchClientFactoryBean - Setting up Mapping for [admin]/[syncJob]: {"syncJob":{"_source":{"enabled":true},"properties":{"is_enabled":{"type":"string"},"last_updated_at":{"format":"date_time","type":"date"},"status":{"type":"string"},"processing_node":{"type":"string"},"description":{"type":"string"},"status_message":{"type":"string"},"name":{"type":"string"},"started_at":{"format":"date_time","type":"date"},"last_ticket_modified_at":{"format":"date_time","type":"date"},"type":{"type":"string"}}}}
[8mha:AAABbR+LCAAAAAAAAACFkc9Kw0AQxsdoNXjUmyAERD11k9Yq/XPStBEltocWQYqHbRpjNN2Nm41UBJ/Hg76Mb+CpiPgO7ibZinhw5rA/Zueb+dh9+YJSwmDnOh0nlKA4SoOQJAiTJPRoRBk6FGRL6lLuQx4LGmgu6FnDGY457Lq53iz05lxvzvWiseXC0hhzzGHNvcH32IwwCcw+ZyEJWlMGG4ULj5KERj6y8/P3ZpjGwvD2/4bFws9nnb5f9GcaLA6hNAoys+vDv8vF7ZW8vYMnWBYuCZ74krVpnDKlQFKBCsXr2/nsY/PxODMknOkcVrZqtkxJjmOJkGRZkvOaotpBvXpUU32Oo/pycrJI5X5dTbYsNc9u/0yWnNcUVTqNYp6s2G3Vl1NnXyaH0pT7bMLBsfaaVqVZaaB6vWoMB+HEZ+XqpXHSdXqG4SGGEpEeZfIvmD8IvVuf90hAxQv0H4h3SkdG2Vj9Bt5zJ0NFAgAA[0m03:01:19.882 [Timer-2] INFO  c.r.s.s.core.CoreTicketOngoingSyncJob - 
[8mha:AAABiB+LCAAAAAAAAACFjsFKw0AQhsdotXjUmyAsiHpyk9ZWtD3ZtBEhVjQgSPGwJmsaSTfp7kYjgs/jQV/GN/BURHwHs0lTEQ/OHvZj5v9n/pcvqAgOW8PEExHDcZj4AROYMBG4URhxfJiRqagfSQpFzWmg2VDNBScklrBtF3596tdnfn3mz4RtGxY8IomEFfuW3BE9JMzXHckD5rdTDmvTFG7ERBRSbBb/78uQxlngzf8DZwc/n6vR+6Uz0WB+AJVrPw+7Ovh7PJveqOkYnmAxS8nIiCrW0jjhpQMrB546Xt8uJh/rj0d5oCxZVcLSRsNUT5FlGVkpMgzFRa+kxt5+vdModZZV6gqy8krU/Wq52TDKfWb3Z7PioldSrXcw3ac6ZrfUFdRrqiehkkrKRxKEsdsyaq16EzeNGhqMSMCu0HHfOkXIxRwLTLEbBpRJ3AuJkIHrUMLdoZn30A5yJOGSeugsofwBndNxQoVEnSQIPcrRfSCHaJyPYsLJSKBB62r5G/SdiNByAgAA[0m03:01:25.501 [main] INFO  c.r.s.e.client.ElasticSearchClient - Started Query Request Builder with query params [:]
[8mha:AAABZh+LCAAAAAAAAACFjsFKw0AQhsdqNXjUmyAERL2UJLVRanvStPFg9NIiSE9ru8Zouht3NxIQfB4P+jK+gaci4ju4m81WxIMzh/2Y/f+Z/+UL6pzBzk0+4ZQ4WZrHCeEOIjwZ05Qy50hSoOicCgy6FmpQi8AqBWcoE7Abab9b+d253537pbAbwdIECSRgLbpFD8hNEYndgWAJibsFg40qxZgSTlPsBPr9fRmKTAbe/j+wPPj5bNH3y8GsBosjqF/FZdj10d/j8vda/d7DEyzLlARNseJakeXMOBzlcCrH69vF7GPz8aQMJJNZAla2/EC1ojD0ZCnyPMV6Zsg/aO8d+0YXhkanKSwrV/cts9nzzL6g97NZsZ4ZavYPq31qEvSMTlN/X7WAeiEwmwo4HWIuuM1y0rFbDTtESZozzDu217D7jFGmcXCXZBmelDxMptjGKcq4GjRbTttv2RyPV78BJKb0UEoCAAA=[0mTests run: 3, Failures: 0, Errors: 0, Skipped: 0, Time elapsed: 13.843 sec
[8mha:AAABWh+LCAAAAAAAAACFj8FKxDAQhsfqavGoN0EQRL2lVVZRxIN2t16qB7sIsqfYjd263aQm6VIQfB4P+jK+gadFxHcwaZoV8eDkkK+T/5/5+/IFLcFhe1gOBKOoyMs0owJhKrKE5YyjU0WBpksmCZiac8CJwK0FF7iQsBMZv9f4vZnfm/mV8DiChQGWWMJKdI8n2MsxTb1Y8oymxxWHtSZFwqhgOUGBuX9vhqpQgbf+D6wWfj677P0mnjow34fWbVqHXe3/Xa5e7/TrAzzBokpJ8Zhodqqi5NaBtAM1jte36+nH+uN5HUglcyUsbbYDfTSFoa9Kk+9rNj1L7YPDvbO21YWh1RkK6yr1ftdO9n07L+j8TNZsepZ2u0fNPN0JOlZnqLuvj4RWJQkfSzi5KilVf7ORsDHiOBmJAicECYJ5MlQXn2Tqs5clIyLjuhmbXo8IufwN9/e/zjwCAAA=[0mRunning com.rackspace.search.service.TicketSearchServiceTest
[8mha:AAABfh+LCAAAAAAAAACFkM1Kw0AQx8doNXjUmyAsiHpyk9bWj/akaSNCrIeCIMXDmq5pNN2N2Y0EBJ/Hg76Mb+CpiPgO7uajIh6cOeyPmfnP/NmXL6iJBLbG6UhwhuMoDUImMGEi9HnEE3ykyNHU55JCEXMGGB6Y+cAZiSVse4XeKvXWTG/N9Gqw48HCiEgiYcW7JQ/EiggLrIFMQhZ0sgTWShc+Z4JHFDvF+/syZLEyvPm/YXXw89nk75eDqQHzQ6hdB7nZ1eHf46p7o7v38ASLyiUjE6rZyOI0qRRYK3CpeH27mH6sP57khpQzU8LSRtPRqcl1bRWabFtzUauouXfQOG5Wc65bzRXk5pHq+2a12barfU73Z7PmolZRvXdY7tMVp1vNFdRr6ZRQyyRNJhK4vdu26+1GCx809tFwQkJ2hU777jlCPk6wwBT7UUiZxL2ICBn6A0oSf+zkNbSDehn1U6m+A8kxRap/R6VAkqOYC6nfUoYK3fI3BoGxyW4CAAA=[0m03:01:25.827 [main] INFO  c.r.s.e.client.ElasticSearchClient - Executing the tickets to post to Elastic Search
[8mha:AAABpR+LCAAAAAAAAACFkstKw0AUho/VanGpO0EIiLdFJkkv4mWl0YhQdVERpBQZkzGNppk4M5GK4PO40L3P4Ru4EhHfwZkm01JcOLPIlzPn/89PJi8/UOYMVrpZwGmC0jgLo4QjnPDIpzFlaFeSq+iECgL5mihBqQmVQcMxTgWsNnO9Veitod4a6mXjThOmAiywgLnmDb7HVoyT0GoJFiXhTp/BQpHCpwmnMUFu/hyfDP1UBl7+P7Ac+P1coR8Xrc8STLahfBUOws63/w6Xp9fq9A6eYFqmTHCPKC7104xpBVIKVChe388/vxYfDweBZLKKgJmluqu2Is+z5VJk24rzmqb6xmZ1r677PE/35eQNVqbmV7SzbWs/d3/krDivaXIOtgo/VXH3dV9OBw21BZT7grCegDe7tm0729UG2mzUjDaJMReRzwlmfrct6ZYIlNCAdPw441LSIuw+8slSlsprJGeY35oppbHpOKboMoID0+kYRyfeqWFQFqIxP1R4oB4RWP0FhmmMzdBvHSO3v+zhNJWfelRfCx7kxUT++uwvo1Qw67cCAAA=[0m03:01:25.853 [elasticsearch[ticket.node]clusterService#updateTask-pool-11-thread-1] INFO  org.elasticsearch.cluster.metadata - [ticket.node] [ticket] update_mapping [ticket] (dynamic)
[8mha:AAABZB+LCAAAAAAAAACFjsFKw0AQhsdoNXjUmyAERL2UJJZaa3vStBEkemkRpKe1XWM03Y27GwkIPo8HfRnfwFMR8R3czWYr4sGZw37M/v/M//IFNc5g5yafcErcLM3jhHAXEZ6MaUqZeyQpUHROBQZdCxZYEdil4AxlAnYj7fcqvzf3e3O/FHYjWJoggQSsRbfoAXkpIrE3ECwhcbdgsFGlGFPCaYrdQL+/L0ORycDb/weWBz+fbfp+OZhZsDiC2lVchl0f/T0uf6/V7z08wbJMSdAUK7aKLGfG4SqHWzle3y5mH5uPJ2UgmcwWsLLVDFQrCkNfliLfV6xnhpqtduO4aXRhaHSawrJydd82m33f7At6P5sV65mhvf5htU9Ngp7RaervqxZQKwRmUwGnQ8wFd1hOOk6j7oQoSXOGecfx606fMco0Du6SLMOTkofJFDs4RRlXgwPXb7ccjser38h+X6JJAgAA[0mTests run: 2, Failures: 0, Errors: 0, Skipped: 0, Time elapsed: 7.086 sec
[8mha:AAABXh+LCAAAAAAAAACFkUFLwzAUx5/VafGoN0EQRL2lVaooA2F26y7VgxNBdopd7KZdUpNUK4Kfx4N+Gb+BpyHidzBpmol48OXQHy///3v/kpcvaAgOm8NiIBhFeVakIyoQpmKUsIxx1FIUajphkoCpGQecGNxKcIxzCVux8Xu135v6valfCZsxzA2wxBKW4mt8h70M09TrST6iabPksFKnSBgVLCMoNN/fm6HMVeCN/wOrhZ/PLnu/6E0cmO1D4zKtwi73/y5Xt1f69haeYF6lpHhMNDtlXnDrQNqBasfr2/nkY/WxWwVSyVwJC+tBqI+mKPJVafJ9zaZnKdjb3zkKrC6KrM5QVFWh97t2su/beWH7Z7Jm07O03Tmo5+lO2LY6Q51dfSQ0Skn4WMLhaUGp+pu1hI0Rx8mNyHFCkCCYJ0OUYknu8YN6Dq7fgpNWIYdd0zwjQi5+A48TGAA9AgAA[0mRunning com.rackspace.search.gateway.core.CoreAuthGatewayTest
[8mha:AAABYx+LCAAAAAAAAACFjsFKw0AQhsdoNXjUmyAERL2UJJZWanvStBEhemkRpKe1XWM03U13NxIQfB4P+jK+gaci4ju4m81WxIMzh/2Y/f+Z/+ULapzB3m0+4ZS4WZrHCeEuIjwZ05Qy91hSoOiCCgy6liywIrBLwTnKBOxH2u9Vfm/h9xZ+KexGsDJBAgnYiO7QA/JSRGJvIFhC4m7BYKtKMaaE0xS7gX5/X4Yik4F3/w8sD34+2/T9ajC3YHkEteu4DLs5+ntc/t6o3xk8wapMSdAUK7aKLGfG4SqHWzle3y7nH9uPp2UgmcwWsLbTDFQrCkNfliLfV6xnhpqH7cZJ0+jC0Og0hWXl6r5tNvu+2Rf0fjYr1jNDB/2jap+aBD2j09RvqRZQKwRmUwFnQ8wFd1hOOk6j7oQoSXOGecfx606fMco0Du6TLMOTkofJFDs4RRkvB2675XA8Xv8GBbxTYkgCAAA=[0mTests run: 2, Failures: 0, Errors: 0, Skipped: 0, Time elapsed: 0.85 sec
[8mha:AAABXx+LCAAAAAAAAACFkUFLwzAUx5/VafGoN0EQRL2lVaYoXtRu3aV6cEOQnWIXu7ouqUmqFcHP40G/jN/A0xDxO5g0zUQ8+HLoj5f//71/ycsXNASHzWExEIyiPCuSlAqEqUhjljGOjhUFms6YJGBqxgEnArcSnOJcwlZk/F7t96Z+b+pXwsMI5gZYYglL0Q2+w16GaeJ1JU9pclhyWKlTxIwKlhEUmO/vzVDmKvDG/4HVws9nl71fdicOzPahcZVUYZf7f5er22t9ewtPMK9SUjwmmp0yL7h1IO1AteP17WLysfrYqQKpZK6EhfVmoI+mMPRVafJ9zaZnqbm3v3PStLowtDpDYVWF3u/ayb5v5wWtn8maTc/Sdvugnqc7QcvqDLV39ZHQKCXhYwlH5wWl6m/WYjZGHMcjkeOYIEEwj4cowZLc4wf1HFy/BSe9NB4R2THtHhFy8Rshky2yPwIAAA==[0mRunning com.rackspace.search.gateway.core.CoreTicketGatewayTest
[8mha:AAABYx+LCAAAAAAAAACFjsFKw0AQhsdqNXjUmyAERL2UZCu1aHvStBEkemkRpKe1XWM03Y27GwkIPo8HfRnfwFMR8R3czWYr4sGZw37M/v/M//IFdcFh5yafCEa9LM3jhAoPU5GMWcq4d6Qo0HTOJAFTCzWoReCUgjOcSdiNjN+v/P7c78/9StiNYGmCJZawFt3iB+ynmMb+QPKExt2Cw0aVYsyoYCnxAvP+vgxFpgJv/x9YHfx8dtj75WBWg8UR1K/iMuz66O9x9Xutf+/hCZZVSoqnRHOtyHJuHZ52eJXj9e1i9rH5eFIGUskcCStbrUC3pjBEqjQhpNnMLLXaB3vHLasLQ6szFJaV6/uO3YyQ3Rf0fjZrNjNLzf5htU9Pgp7VGerv65ZQLyThUwmnQyKkcHlOO2674YY4SXNORMdFDbfPOeMGB3dJlpFJycNkSlyS4kyUAw+hpivIePUbX7bV90kCAAA=[0mTests run: 6, Failures: 0, Errors: 0, Skipped: 0, Time elapsed: 0.001 sec
[8mha:AAABZR+LCAAAAAAAAACFj7FOwzAQho9CIWKEDQkJCQGbE1BBoE40bVgCAwUk1Mm4Jg2kdrAdFITE8zDAy/AGTBVCvAN2HBchBs5DPv++/+7Pyxc0pYDNUTGUnKE8K5KUSYSZTAnPuECHmkJDJ1xRsDXTgEYMXtVwjHMFW7H1+7Xfn/r9qV83tmOYG2KFFSzFN/ge+xlmid9XImVJuxSwUqcgnEmeURTa7+/NUOY68Mb/gfXCz2ePv1/2Jw2YHUDzKqnCLg/+Ltev1+b1Dp5gXqdkeEwNN8q8EM6BjAPVjte3i8nH6uNRFUgn8xQsrLdCcwxFUaDLUBAYtpqj1t7+Tqfl+qLI9VmKqirMfs9NDgI3L+z+TDZsNUfbvYN6nlHCruuz1Ns1R0GzVFSMFZyfFozpv1kjfIwEJrcyx4QiSbEgI0QzLFVK6hvJUsoU6lmxX4lhpUWYKC4eOhSzMyrV4jdjihW8VAIAAA==[0mRunning com.rackspace.search.elasticsearch.client.ElasticSearchClientFactoryBeanTest
[8mha:AAABkh+LCAAAAAAAAACFkcFKAzEQhsdqtXjUmyAERD2ZXdsqWk922xWh1kNBkCKSbmONbJOazMqK4PN40JfxDTyJiO9g0u1WxIOTw35M/n/mJ/v8BUWjYeM66Rsl6ShOBkIayqQRkYqVpoeWAkdthRyymilAoQWlseCEjRA2W5nfm/i9qd+b+q3woAVzfYYMYal1w+6YFzM58DqohRwcpBpWJikiJY2KOQ2y7+/NkI5s4PX/A9uFn08l9XbeeS/AbBeKvcE47HL373J7e+Vub+ER5m1KyYbccSEdJTp3UOegE8fL69n7x+rD0TiQTVZCWFirBu44CkPfliPfd5z1cqru7pXr1VwXhrkuo3Bcidtfyif7fj4vaPxMdpz1ctpu7k/muU7QyHUZNXfcQSimyPUQ4dGv1PztWqVCKztl0h0yIS/IcTs8JSSimhrKaTNmBkXU4UxH10EsuMSQRaj0fZ0zSbbIYU8lSFARzVmfCNnnKTEc0T4SuRIxJzXi2a6IuLk0qJMIE83pjf15i98hx3oBfQIAAA==[0m03:01:33.352 [main] INFO  c.r.s.e.ElasticSearchClientFactoryBean - About to read index setting file : /indices_structure.json
[8mha:AAABkh+LCAAAAAAAAACFkcFKAzEQhsdqtXjUmyAERD2ZXW0VbU/ttitCrYeCIEUkbmONbJOazMqK4PN40JfxDTyJiO9g0u1WxIOTw35M/n/mJ/v8BUWjYeM66Rsl6ShOBkIayqQRkYqVpnVLgaOOQg5ZzRSg0IbSWHDMRgib7czvTfze1O9N/VZYa8NcnyFDWGrfsDvmxUwOvC5qIQe1VMPKJEWkpFExp0H2/b0Z0pENvP5/YLvw86mk3s667wWY7UHxcjAOu9z7u9zeXrnbW3iEeZtSsiF3XEhHic4d1DnoxPHyevr+sfpwOA5kk5UQFtYqgTuOwtC35cj3HWe9nCp7+zuNSq4Lw1yXUTiuxO0v5ZN9P58XNH8mO856OW23DibzXCdo5rqMWrvuIBRT5HqI8OiXq/52tVym5b190hsyIc/JUSc8ISSimhrKaStmBkXU5UxH10EsuMSQRaj0fYMzSbZI/VIlSFARzVmfCNnnKTEc0T4SuRIxJ1Xi2a6IuLkwqJMIE83pjf15i99QyNHwfQIAAA==[0m03:01:33.368 [main] INFO  c.r.s.e.ElasticSearchClientFactoryBean - About to read index setting file : /indices_structure.json
[8mha:AAAB0h+LCAAAAAAAAACFks9uEzEQxk0gEHGEGxKSJUQ5YW9J+NP01G6zCCmUQwAJRRwmm2nqxLEXezZdhMTzcICX4QUQpwoh3gF7N1uEOGAf/NP4+2Y+Wf78i3W9Yzun5dxbIwpdLpTxAoxXudXWiYNAaaRjS8iadanDOmPWqwXPoSB2b9z45dYvL/zywh+E+2N2ZQ4ExG6Ml7ABqcEs5IScMov9yrFb2xS5Nd5qFGlz/j2ZVUUIfPf/gcPAn5969vubyXmHXZ6y7mxRh705/Xd4uD2Jt+/YR3Y1pDSwxsidqihd6xDRIbaOL19fn/+4/eFpHSgk6xG7dmeQxh0py5KwIiVJ5KbW0uDRkweHg1aXZa2uoaxeZZzfazsnSdsvPfrTOXJTa2l3tLftFyvpUatraPQwbmLditCtiX1L+sNkd9jvi/7jPT5dgzJv+bPj7AXnuXDCCxQjDZ5UPkFw+WmqFRrKICfr3h8iGH6fH8xsSZwsdwhzrswcK+6RKDwSP1Ea+ZDLDTip1Uwu0azi91jamZcvm56vjCJCT/LMupUvIEfp0W1UOAncAkkWzhboSKGX2uagJTaZfO2XayiKMMzLUFoFeR1BLMPvuP4b+KszE94CAAA=[0m03:01:33.379 [main] INFO  c.r.s.e.ElasticSearchClientFactoryBean - About to read index setting file : /var/lib/jenkins/jobs/TSearchUnittest/workspace/service/target/properties/local/elasticsearch/mappings/ticket/index.json
[8mha:AAAB0h+LCAAAAAAAAACFksGKFDEQhuPo6OBRb4IQEPVk0uuMyzp72u2dFmFcD6OCDB4y3bW9mU0nMakeWwSfx4O+jA8geFpEfAeT7ukV8WDlkI9K/VU/oT7/IkPvyL3TuvBGM6vqUmrPhPYyN8o4dhAojXRsEEgXlwZkMCejtuCZsEjuzzs93+r5hZ5f6EPh/pxcKQQKJDfma7ERXAld8gU6qcv9xpFbWxe50d4oYGl3/z2ZNDYYvvt/w2Hgz08j8/314nxALi/JcFW2Zm8u/x0eXk/i61vykVwNLrWoIPKgsbXrFSwq2Fbx5eur8x+3PzxpDQVnIyTX7kzSeCJlWRIiUpJE7nI9TXb3Hh5O+ros6+s6ytqo4/xR3zlJ+n7p0Z/OkbtcTzuzx9t+MZMe9XUdzR7Fg2TYILgKybdkPE12puMxG+/t0mUlpH5Dnx5nzynNmWOeAZsp4VHmCxAuP02VBI2ZyNG494cgNH1AD1amRoqGOhAFlbqAhnpADJ9ET6QCOqV8IxxXcsXXoM/ieqzNyvMXXc+XWiKCR/7OuDNvRQ7cg9vIcKNwJSC3zlhwKMFzZXKhOHSefKvnlbA2DAtLV1RS89YBW4fluP4b+NpPbd0CAAA=[0m03:01:33.386 [main] INFO  c.r.s.e.ElasticSearchClientFactoryBean - About to read index setting file : /var/lib/jenkins/jobs/TSearchUnittest/workspace/service/target/properties/local/elasticsearch/mappings/admin/index.json
[8mha:AAABkh+LCAAAAAAAAACFkcFKAzEQhsdqtXjUmyAERD2ZXW2VWk922xWh1kNBkCISt7GmbJOazMqK4PN40JfxDTyJiO9g0u1WxIOTw35M/n/mJ/v8BUWjYeMm6Rkl6ShO+kIayqQRkYqVpoeWAkdthRyymilAoQWlseCEjRA2W5nfm/i9qd+b+q3woAVzPYYMYak1YHfMi5nsex3UQvYPUg0rkxSRkkbFnAbZ9/dmSEc28Pr/ge3Cz6eSejvvvBdgtgvFq/447HL373J7e+1ub+ER5m1KyYbccSEdJTp3UOegE8fL69n7x+rD0TiQTVZCWFirBO44CkPfliPfd5z1cqrsVXfqlVwXhrkuo3Bcidtfyif7fj4vaPxMdpz1ctpu7k/muU7QyHUZNXfdQSimyPUQ4dEv1/ztWrlMy9V90h0yIS/IcTs8JSSimhrKaTNmBkXU4UxHN0EsuMSQRaj0fZ0zSbbI4ZVKkKAimrMeEbLHU2I4on0kci1iTmrEs10RcXNpUCcRJprTgf15i98hR1S6fQIAAA==[0m03:01:33.389 [main] INFO  c.r.s.e.ElasticSearchClientFactoryBean - About to read index setting file : /indices_structure.json
[8mha:AAAB0B+LCAAAAAAAAACFUsFuEzEQNYFAxBFuSEiWEO0Je0tCRdNTu81WSKEcAkgo4uBsplsnjr3Ys+kipH4Ph/IzfAGcKoT4B+x1tghxYHyYp/F7b54sX/4iXWfJ1lk1d0azUlWF1I4J7WRulLHswKM0oBODQGLd6JDOmPQawktRItkeRz3f6Pm1nl/rPXF/TG7NBQok98YLsRZcCV3wCVqpi/3akgebFLnRzihgaex/byZ16QM//n9gv/Dn5575/m5y1SE3p6Q7K5qw96f/Lve3p+H2A7kgt31KLVYQcKcuK9sqWFCwjeLL17dXPx5+Om4C+WQ9JHceDdJwAsqyxFdASRJwnLVosPv86eGg5WVZy4soa6oK+3utc5K0funRH+eA46xFO6O9jV+YpEctL6LRs3CQdGsEu0LyLekPk51hv8/6e7t0uhJSv6cvTrJXlObMMseAjZRwKPMJCJufpUqCxkzkaOzHQxCaPqEHM1MhRUMtiDmVeg41dYDoH4meSgV0SPlaWK7kjC9AL8P3WJiZ46+j5xstEcEhPzd26UqRA3dg19J3FLYA5KU1JViU4LgyuVAcYibX6PlKlKVf5rgfLT09Nrbw3+Pub0xpxPTfAgAA[0m03:01:33.396 [main] INFO  c.r.s.e.ElasticSearchClientFactoryBean - About to read index setting file : /var/lib/jenkins/jobs/TSearchUnittest/workspace/service/target/properties/local/elasticsearch/mappings/ticket/ticket.json
[8mha:AAAB1R+LCAAAAAAAAACFksGO0zAQhk2hUHGEGxKSJcRywk5pQdA97WYbBCrLoYCEKg5OMpt117GDPelmhcTzcICX4QngtEKId8BOmkWIA+ODP43nn/llzedfZOgs2Tmuc2c0q1RdSO2Y0E5mRhnL9jzFgQ4NAuni0oAMFmTUFrwQFZJ7i07Pt3p+oecXel+4uyBXcoECyY3FWmwEV0IXfIlW6mK3seTW1kVmtDMKWNzdf08mTeUN3/2/YT/w56eR+f52eT4gl1dkmBat2Zurf4f716Pw+p58JFe9Sy1KCDxoqtr2ChYUbKv48vXN+Y/bH562hryzEZJrd6ZxOIGSJPIRKIoCd7mepo8eP9if9nVJ0td1lLRRh/mjvnMU9f3igz+dA3e5nsbzJ9t+IRMf9HUdzR+Gg2TYINgSybdoMovGs8mETccTuiqF1O/os8PkJaUZs8wxYHMlHMpsCcJmx7GSoDERGRp7tg9C0/t0LzU1UjTUgsip1Dk01AGi/yR6JBXQGeUbYbmSKV+DPgnrsTap46+6nq+1RASH/NTYE1eJDLgDu5H+RmELQF5ZU4FFCY4rkwnFofPkWj0vRVX5YX7p8lJq7s509tykbO3X4/pv0L9QWN8CAAA=[0m03:01:33.413 [main] INFO  c.r.s.e.ElasticSearchClientFactoryBean - About to read index setting file : /var/lib/jenkins/jobs/TSearchUnittest/workspace/service/target/properties/local/elasticsearch/mappings/admin/syncJob.json
[8mha:AAABZB+LCAAAAAAAAACFjs9Kw0AQxsdoNXjUmyAERL2UJNX6p+1J00aQ6KVFkJ7Wdo3RdDfubiQg+Dwe9GV8A09FxHdwN5utiAdnDvtj9vtmvpcvqHEGWzf5mFPiZmkeJ4S7iPBkRFPK3CNJgaJzKjDomrPAisAuBWcoE7Adab9X+b2Z35v5pbATwcIYCSRgJbpFD8hLEYm9vmAJiTsFg7UqxYgSTlPsBvr9fRmKTAbe/D+wPPj5bNP3y/7Ugvkh1K7iMuzq8O9x+Xutfu/hCRZlSoImWLFVZDkzDlc53Mrx+nYx/Vh/PCkDyWS2gKWNZqBaURj6shT5vmI9M9TcP9w5bhpdGBqdprCsXN23zWbfN/uC7s9mxXpmqNFrVfvUJOganabenmoBtUJgNhFwOsBccIflpO3s1p0QJWnOMG87ft3pMUaZxv5dkmV4XPIgmWAHpyjj5cD1GwcOx6PlbxuZ9E5JAgAA[0mTests run: 3, Failures: 0, Errors: 0, Skipped: 0, Time elapsed: 0.017 sec
[8mha:AAABXR+LCAAAAAAAAACFj8FKxDAQhsfqavGoN0EQRL2lVVZR9qTdrSDVgyuC7ClmY7faTWqSSkHweTzoy/gGnhYR38GkaVbEg5NDv/yZf+bvyxe0pIDNUTmUnKEiL9OMSYSZzAjPuUCHmiJDZ1xRsDXjgZeAXzec4kLBVmL9QeMPpv5g6teNnQTmhlhhBUvJLX7AQY5ZGvSVyFjaqQSsNCkIZ5LnFEX2+3szVIUOvPF/YL3w89nn71f9iQezA2hdp3XY5cHf5fr1xrzewxPM65QMj6lhrypK4RzIOFDjeH27nHysPh7XgXQyX8HCejsyx1Ach7oMhaFhqzlq7+3vHLVdXxy7PktxXaXZ77vJYejmRd2fyYat5mi7d9DMM0rUdX2WervmKGhVioqxgpPzkjH9N2uEj5HA5E4WmFAkKRZkhGiOpcpIcyN5RplCPSv2azGqtQsq1eI3bhR0LkkCAAA=[0mRunning com.rackspace.search.elasticsearch.client.ElasticSearchClientTest
[8mha:AAABfR+LCAAAAAAAAACFkM9Kw0AQxsdotXjUmyAsiHpys9oqtT1pmohQ66EgSPGwpmsaTXdjdiMBwefxoC/jG3gqIr6Du/lTEQ/OHPbHzHwzH/vyBTWZwNY4HUnBcRylQcglplyGvohEgo80OYb6QjEoYs4Cqwf1fOCMxgq2e4XeLvX2TG/P9Hqw04OFEVVUwUrvlj5QO6I8sAcqCXnQyRJYK134gksRMewU7+/LkMXa8Ob/hvXBz+e6eL8cTC2YH0LtOsjNrg7/HtfdG9O9hydY1C45nTDDVhanSaXARoFLxevbxfRj/fEkN6Sd1RUsbTQdk4Y8j+gwRIjholZR86C1d9ys5jyvmivIyyM19+vVZkKqfU73Z7PholbRrntY7jMVp1vNFeTum1RQyxRLJgoEabTJbrvRwC1C0HBCQ36FTvveOUI+TrDEDPtRyLjCbkSlCv0Bo4k/dvIa2kFuxvxU6e9AasyQ7t8xJZESKBZSmbeUoUK3/A3AkslpbgIAAA==[0m03:01:33.800 [main] INFO  c.r.s.e.client.ElasticSearchClient - Executing the tickets to post to Elastic Search
[8mha:AAABxx+LCAAAAAAAAACFkk+L1DAYxuPouINHvQlCYPEfbNPUnRHdPa3drQjjehgRpPTwbhs7dTpJzJ+lIPh5POiX8RPoaRHxO5hMm5XBg8mhv7x5n+d9aPvlNxprhe4tbaUFJ7K1dcM1Aa6bUrRCkSNHqadTYRjq15URGs3RZNPwEqRB9+e9Ph708aU+vtS7xsM5ulaBAYNuzt/DOcQt8DpeGNXw+rBT6PaQohRci5aRtH9uT0addIHv/j+wG/jr80T8eLu4GKGrORqf1Zuwt/J/h7vbd/72A/qErruUHNbM86iTVgUF8QoyKL5+e3Px887H55tALtnEoJ3daeq3pyyjbnmi1HNfCzR9/OTRs2noy7LQ11O2WdbPnwRnSoNfevzX2XNfC5ScPB38fCU9Dn09ncz8NmjcGabWBn2n+wc0OdifEjpLcM5a0KYpNQNVLnNHK2YIFxUrytZqJ1kwdd6UbNdK9xnZa9CrSArRRkkSmaViUEVJgV+cZq8wFqomW35k8CBrZsD/BTjCWzPCqW8vcOkMjXvVuOEV6/ZwCVYznIM14sGZbVcYZPOw2MN6CarSOJ8VcU7deQ1SOpmrFDf+AAQ1vb3fAgAA[0m03:01:34.051 [elasticsearch[ticket.node]clusterService#updateTask-pool-11-thread-1] INFO  org.elasticsearch.cluster.metadata - [ticket.node] [ticketsearch] creating index, cause [auto(bulk api)], shards [5]/[0], mappings []
[8mha:AAABsB+LCAAAAAAAAACFUkFq20AU/XHj1nSZ7gIFgWmTLjSSYqW0ziqRrVBwnYVDoQgTJtJUVi1r1JlRcAn0PFkkh+gVeoOsTCm9Q2c0GgeTRf8s9PT/e+8/NLr9C23O4PWsSjgtUJlXaVZwhAuexTSnDB1LFCg0poKArq0WtEbQqQkfcSlgb6T1TqN31npnrZfEoxFsJ1hgATujr/gKOzkuUmciWFakR0sGu02KmBac5gQF+rm5GZalDPzq/4Hlwj83HXr/ebJqwZMI2pdpHfZF9Hi5nH5R02/wA57KlAVeEIVby7JiRoGUAjWKu1+fVr9fXp/WgWSyjoBnXT9QR6EwdGUp5LoK655B/tt3Bye+4YWh4WkU1lWp/R3j7LrGLxg8OCusewZ5w/eNn+oEA8PTaHiojoD2UhC2EPDT7fVdr9/zke+7VkRyzEUWc4JZPIskmhOBCpqQaZxXXEomhF1lMelWpbxGco753C4pzW3Ps8WMEZzY3tT6MA7PLIuyFG34ocYDLYjA6i+wbGtjh3nT9Kmll1wscFnKD26mCY2n1n7yXd5QFr95/g+wD+x6wAIAAA==[0m03:01:34.440 [elasticsearch[ticket.node]clusterService#updateTask-pool-11-thread-1] INFO  org.elasticsearch.cluster.metadata - [ticket.node] [ticketsearch] update_mapping [ticketdoc] (dynamic)
[8mha:AAABnB+LCAAAAAAAAACFkk9LwzAYxl+n0+FRb4JQEPXUtNX5/6TdKsLUw0SQsUNsY1ftkpqkUhD8PIL6ZfwGnkTE72CyNsrwYHLoL2+e530f2j5/QV1wWBnkkWAUZWkeJ1QgTEUSspRxtK/I13TCJIFyTdSg1oHGSHCMMwmrndLvVH7nx+/8+JVwrwNTEZZYwlznGt9hJ8U0drqSJzTeKzgsVClCRgVLCfLL5/hkKDIVePn/wGrg52ODvV1032sw2YP6ZTwKO9/7O1zdXunbW3iAaZWS4iHRXCuynBsH0g5UOV5ez98/Fu8PR4FUsoaEmaWmr7emIHDV0uS6msuaoebm9tpB0+iCwOhKCkYr1/MbprPrmn5+67ez5rJmyGvvVP10xW8ZXUntDb0l1AtJ+FDCk7u+63q761toy9uweiTFQiahIJiHg56iGyIRZRHph2kulKVL+F0SkqU8U5+RnGFxY2eMpbbn2XLACY5sr28dnQSnlsV4jMb6oaoHGhKJ9V9g2dbYDHMq5X0rIimR6lVbCY1IMfsNkDqn5KoCAAA=[0m03:01:37.715 [elasticsearch[ticket.node]clusterService#updateTask-pool-11-thread-1] INFO  org.elasticsearch.cluster.metadata - [ticket.node] [ticketsearch] deleting index
[8mha:AAABfh+LCAAAAAAAAACFkM9Kw0AQxsdqtXjUmyAsiHpyk9rUP+1J00aEWg8FQYqHNV3TaLobsxsJCD6PB30Z38BTEfEd3E2yFfHgzGF/zMw387EvX1AVCWyN05HgDMdRGoRMYMJE6POIJ/hIkaupzyWFIuYqUOlBLR84I7GE7V6ht0q9NdNbM70abPdgYUQkkbDSuyUPxIoIC6yBTEIWtLME1koXPmeCRxS7xfv7MmSxMrz5v2F18PO5xt8vB9MKzA+heh3kZleHf4+r7o3u3sMTLCqXjEyo5koWp4lRYK3ApeL17WL6sf54khtSzmoSljYcV6cmz7NVaLJtzUXNkLN3sHvsmDnPM3MFeXmk+n7NbLZts8/t/GzWXNQM1buH5T5dcTtmrqBuU6eEaiZpMpHA7UbLrrca+3i/6aDhhITsCp32vXOEfJxggSn2o5AyibsRETL0B5Qk/tjNa2gHdTPqp1J9B5JjilT/jkqBJEcxF1K/pQwVuuVvj6khj24CAAA=[0m03:01:37.754 [main] INFO  c.r.s.e.client.ElasticSearchClient - Executing the tickets to post to Elastic Search
[8mha:AAAByR+LCAAAAAAAAACFks1u1DAUhd2hAyOWZYeEZKniT2qchE6BaVeQNqjStCwGIaEoi9vEZMJkbOOfKhISz8MCXoYngFWFUN+h9iRuNWKBvcjn63vOPUry/RINlUSP5qZUnBHRmKpmigBTdcEbLskrS4mjU64p6tbGAA2maLRqOAGh0eNppw97fXitD6/1tvFgijZL0KDR1vQTnEPYAKvCmZY1qw5aie73KQrOFG8oSbrn+mTUChv44f8D24F/v4347w+ziwG6laHhWbUKey/7d7i9/ehuP6Ov6LZNyWBJHQ9aYaRXEKcgveLHz/cXfx58ebMKZJONNLqzPU7cdpSmkV2OoshxV/M0fv7y2eux70tT39dRulrGzR955yjyfsnhjbPjruYpPpr0fq6SHPq+jo723NZo2Goqlxr9inb3o3h/9wWZTCY4ow0oXReKgizmmaUF1YTxkuZFY5SVzKg8rwu6bYT9jPQdqEUgOG+COA70XFIogzjHx6fpW4y5rMiaH+k9yJJqcH8BDvDaDH/q2nNcWENtXzWuWUnbHVyAURRnYDR/cmaaBQZRP813sJqDLBXO9vIwi+x5CUJYma3kd68AeggxJt8CAAA=[0m03:01:37.999 [elasticsearch[ticket.node]clusterService#updateTask-pool-11-thread-1] INFO  org.elasticsearch.cluster.metadata - [ticket.node] [ticketsearch] creating index, cause [auto(bulk api)], shards [5]/[0], mappings []
[8mha:AAABrR+LCAAAAAAAAACFUsFK60AUvVar5S11JwgB8elbZJK0VaqufKl5CFUXFUFKkTEZ02iaiTOTUhH8Hhf6Ef7C+wNX8nj4D850Mkpx4Z1FTu4959xDJo9vUOUMfg6KiNMM5WkRJxlHOONJSFPK0J5EvkJHVBDQNVOBSgdqE8IhzgWsd7TeKfXOh9750EvibgfmIiywgMXOFR5hJ8VZ7HQFS7J4d8xguUwR0ozTlCBfP6c3wziXgde+DywX/n+o0Zez7msFZntQvYgnYZd6X5fL6aWa3sA9zMuUGR4ShSvjvGBGgZQClYqnv6ev/1bu/kwCyWQ1AQurTV8dhYLAlaWQ6yqsewY1t1r1303DCwLD0yiYVKH214yz6xo/v/3prLDuGeTtb5d+quO3DU+j/U11BFTHgrChgGe3seN6O40WqtcbVo+kmIsk5ASzcNCT6JoIlNGI9MO04FLSJWyUhGS1yOU1khPMr+2c0tT2PFsMGMGR7fWtg6Pg2LIoi9GUHyo90JAIrP4Cy7amdpg3Te9besn5EOe5/OBmGtGwb21Et/KGkvDXj3ebhdYHwAIAAA==[0m03:01:38.223 [elasticsearch[ticket.node]clusterService#updateTask-pool-11-thread-1] INFO  org.elasticsearch.cluster.metadata - [ticket.node] [ticketsearch] update_mapping [ticketdoc] (dynamic)
[8mha:AAABiB+LCAAAAAAAAACFjsFKw0AQhsdqNXjUmyAsiHpyk9Qo2p5s2ohQK1oQpPSwJmsaSTbp7kYrgs/jQV/GN/BURHwHs0lTEQ/OHvZj5v9n/pcvqAoOW8PUEzHDSZj6AROYMBG4cRhzfJSRragbSwpFzVWg0gEtF5ySRMJ2p/DrU78+8+szfyZsdGDBI5JIWOnckjuih4T5ek/ygPmNMYe1aQo3ZiIOKbaL//dlGCdZ4M3/A2cHP5+1+P2qN6nAfB+q134edrX/93g2vVHTETzBYpaSkYgqroyTlJcOrBx46nh9u5x8rD8e54GyZJqEpQ3LVk+R4xhZKTIMxUWvJGv/oNa0Sp3jlLqCnLxSdV8rNxtGuc9u/WxWXPRKMtuH032qY7dKXUHtPfUkVMeS8kiCMHbrhlm3TFwzD1E/IgEboJOuc4aQizkWmGI3DCiTuB0SIQO3Rwl3h3beQzuoJwmX1EPnKeUP6IKOUiokaqZB6FGO7gM5RKN8lBBOIoH69cHyNzBV5r5yAgAA[0m03:01:41.219 [main] INFO  c.r.s.e.client.ElasticSearchClient - Started Query Request Builder with query params [:]
[8mha:AAABnB+LCAAAAAAAAACFkkFLwzAYhj+n0+FRb4JQEPXUtNUpOk9aVxGmHiaCjB1iG7tql9QklYLg7xHUP+M/8DRE/A8ma6MMDyaHPvnyvt/30vblC+qCw9ogjwSjKEvzOKECYSqSkKWMo31FvqZTJgmUa6oGtQ40xoITnElY75R+p/I7P37nx6+Eex2YibDEEhY6N/geOymmsdOVPKHxXsFhqUoRMipYSpBfPicnQ5GpwKv/B1YDP58a7P2yO6rBdA/qV/E47GLv73B1e61v7+ARZlVKiodEc63Icm4cSDtQ5Xh9uxh9LD8cjQOpZA0JcytNX29NQeCqpcl1NZc1Q83tnY2DptEFgdGVFIxXruc3TGfXNf38w9/OmsuaIa+9W/XTFf/Q6Epqb+ktoV5IwocSnt3Nluu1mh7a2NyxeiTFQiahIJiHg56iWyIRZRHph2kulKVL+H0SkpU8U5+RnGNxa2eMpbbn2XLACY5sr28dnwZnlsV4jCb6oaoHGhKJ9V9g2dbEDHMq5X0rIimR6lVbCY1IMf8NscXyF6oCAAA=[0m03:01:41.238 [elasticsearch[ticket.node]clusterService#updateTask-pool-11-thread-1] INFO  org.elasticsearch.cluster.metadata - [ticket.node] [ticketsearch] deleting index
[8mha:AAABfh+LCAAAAAAAAACFkM1Kw0AQx8dotXjUmyAsiHpyk3741Z40bUSo9VAQpHhY0zWNprtxdyMBwefxoC/jG3gqIr6Du/moiAdnDvtjZv4zf/blCypSwNY4GUnOcBwlQcgkJkyGPo+4wEeaXEN9rijkMWeB1YNqNnBGYgXbvVxvF3p7prdnej3Y7sHCiCiiYKV3Sx6IHREW2AMlQha0UwFrhQufM8kjit38/X0Z0lgb3vzfsD74+Vzl75eDqQXzQ6hcB5nZ1eHf47p7Y7r38ASL2iUjE2rYSuNElApsFLhQvL5dTD/WH08yQ9pZVcHSRtM1acjzHB2GHMdwXiupuXdQP26Wc55XzuXkZZGY+9Vys+OU+9zOz2bDea2kWvew2Gcqbqecy6m7a1JBJVVUTBRwp9Fyaq1mDdf3G2g4ISG7Qqd97xwhHwssMcV+FFKmcDciUoX+gBLhj92shnZQN6V+ovR3IDWmSPfvqJJIcRRzqcxbyFCuW/4GLgWghW4CAAA=[0m03:01:41.273 [main] INFO  c.r.s.e.client.ElasticSearchClient - Executing the tickets to post to Elastic Search
[8mha:AAABxx+LCAAAAAAAAACFkk2L1DAYx+PouINHvQlCYPENtmmqM77snrS7FWFcDyOClB6ebWOnTifJ5mUpCH4eD/pl/AR6WkT8DibTZmXwYHLoL0+e///50/bLbzTWCt1Z2koLTmRr64ZrAlw3pWiFIs8cpZ6OhWGoX5dGaDRHk03DK5AG3Z33+njQxxf6+ELvGg/m6EoFBgy6Pv8AZxC3wOt4YVTD64NOoZtDilJwLVpG0v65PRl10gW+/f/AbuCvzxPx493ifIQu52h8Um/C3sj/He5u3/vbU/QJXXUpOayZ51EnrQoK4hVkUHz99vb8562PLzaBXLKJQTu709RvT1lG3fJEqee+Fmj66MmD59PQl2Whr6dss6yfPwnOlAa/9PCvs+e+Fig5ejr4+Up6GPp6Opr5bdC4M0ytDfpOH+7TZH+akBl9jHPWgjZNqRmocpk7WjFDuKhYUbZWO8mCqbOmZLtWus/I3oBeRVKINkqSyCwVgypKCvzyOHuNsVA12fIjgwdZMwP+L8AR3poRTn17gUtnaNyrxg2vWLeHS7Ca4RysEfdObLvCIJv7xR7WS1CVxvmsiHPqzmuQ0slcpbj2B5oXpdbfAgAA[0m03:01:41.507 [elasticsearch[ticket.node]clusterService#updateTask-pool-11-thread-1] INFO  org.elasticsearch.cluster.metadata - [ticket.node] [ticketsearch] creating index, cause [auto(bulk api)], shards [5]/[0], mappings []
[8mha:AAABqR+LCAAAAAAAAACFUstKxDAUvY6ODi51JwgF8bVo2ur4Xmm1Ioy6GBFkGCS2sVPtNDVJZUTwe1zoR/gL/oErEfEfTCaNMrjwZtHTe88599D06QuqnMFcp4g4zVCeFnGScYQznoQ0pQxtS+QrdEQFAV1DFag0oNYnHOJcwHxD651S7/zonR+9JG41YCTCAguYaFzhW+ykOIudpmBJFm/1GEyVKUKacZoS5Ovn4Gbo5TLw7P+B5cLPxxp9O2u+V2C4BdWLuB92svV3uZxequkNPMCoTJnhLlG40ssLZhRIKVCpeH49ff+Yvt/vB5LJagLGZuq+OgoFgStLIddVWPcMqq+uL+3UDS8IDE+joF+F2l8zzq5r/PzdX2eFdc8gb2+j9FMdf9fwNNpbUUdAtScI6wp4cZc3XW+z7qG1dc9qkRRzkYScYBZ2WhJdE4EyGpF2mBZcSpqE3SYhmSlyeY3kBPNrO6c0tT3PFh1GcGR7bevgKDi2LMpiNOCHSg/UJQKrv8CyrYEd5k3T25Zect7FeS4/uJlGNGxbC9GdvKEkXBz/BpTsSdrAAgAA[0m03:01:41.781 [elasticsearch[ticket.node]clusterService#updateTask-pool-11-thread-1] INFO  org.elasticsearch.cluster.metadata - [ticket.node] [ticketsearch] update_mapping [ticketdoc] (dynamic)
[8mha:AAABlB+LCAAAAAAAAACFkM9Kw0AQxsdqtXjUmyAsiHpyk2r80/Zk00aEWNGCIKGHNV3bSLpJdzdaEQTfxoO+jG/gqYj4Du4mTUU8OHvIj5nvm/nIyxcUBYeNftIVEcNxmPQCJjBhIvCjMOL4UJGtqRVJClnNFKDgQikVnJBYwqab+Y2J35j6jalfCWsuzHWJJBKW3BtyS4yQsJ7RljxgvdqIw8okhR8xEYUU29n392UYxSrw+v+B1cHP51L0ftkeF2DWg+JVLw277P09rqbXejqER5hXKRkZUM2FUZzw3IG1A08cr28X44/Vh6M0kEpWkrCwZtn6aXIcU5Um09Sc9XKy9g6261auc5xcl5GTVqLvl/LNppnvsxs/mzVnvZzKzcpkn+7YjVyXUXNXPwnFkaR8IOHJ3Kma5apl4f1KBXkDErAOOm45pwj5mGOBKfbDgDKJmyERMvDblHC/b6c9tIXaknBJu+gsofwendNhQoVE9SQIu5Sju0D20TAdxYSTgUBeIiivelKp1D8sdzqL3z7fcKyAAgAA[0m03:01:44.799 [main] INFO  c.r.s.e.client.ElasticSearchClient - Started Query Request Builder with query params [user:[testing1]]
[8mha:AAABmB+LCAAAAAAAAACFkM9Kw0AQxsdqNXjUmyAsiHrRTapRtD3ZtBGhVrQgSOhhTdc2km7S3Y1WBB/AJ/GgL+MbeCoivoO7+aOIB2cP+THzfTMfef6EsuCwNkh6ImI4DpN+wAQmTAR+FEYcHyhyNLUjSSGrqRKUWmCkgmMSS1hvZX4z95vffvPbr4S1Fsz0iCQSFlrX5IaYIWF9syN5wPq1MYelPIUfMRGFFDvZ9/dlGMcq8Or/gdXBjycjervoTEow7UH5sp+GXfT+HlfTKz0dwQPMqpSMDKnm0jhOeOHA2oFzx8vr+eR9+f4wDaSSGRLmVmxHP02ua6nSZFmas15B9u7eVt0udK5b6DJy00r0faPYbFnFPqfxs1lz1iuo0tzP9+mO0yh0GTV39JNQHkvKhxIere2qVanaNt6zt5A3JAHroqO2e4KQjzkWmGI/DCiTuBkSIQO/Qwn3B07aQ5uoIwmXtIdOE8rv0BkdJVRIVE+CsEc5ug3kAI3SUUw4GQrkJYLyqieVSv3DykYO293u/BebawkLiQIAAA==[0m03:01:44.842 [main] INFO  c.r.s.e.client.ElasticSearchClient - Started Query Request Builder with query params [user:[testing1,testing3]]
[8mha:AAABmh+LCAAAAAAAAACFkM9Kw0AQxsdqtXjUmyCsiHrRTapRaz1p2ohQK1oQJPSwpmsbSTfp7kYrgi/gi3jQl/ENPBUR38Hd/KmIB2cP+THzfTMfefmCouCw2os7ImQ4CuKuzwQmTPheGIQcHyiyNTVDSSGtiQIUGlBKBCckkrDWSP1G5jfGfmPsV8L9Bkx1iCQS5ho35JYYAWFdoyW5z7r7Qw4LWQovZCIMKLbT7+/LMIxU4JX/A6uDn8+l8P2yNSrApAvFq24Sdt79e1xNr/V0AI8wrVIy0qeaC8Mo5rkDawfOHK9vF6OPxYejJJBKVpIws2zZ+mlyHFOVJtPUnPZysnYqm4dWrnOcXJeSk1Ss75fyzaaZ77NrP5s1p72cyvW9bJ/u2LVcl1J9Wz8JxaGkvC/hydyqmuWqZeHK9i5y+8RnbXTcdE4R8jDHAlPsBT5lEtcDIqTvtSjhXs9OemgDtSThknbQWUz5PTqng5gKiQ5jP+hQju582UODZBQRTvoCubGgfKnqSiVTP7G8nsFWuz37DfuG/zeKAgAA[0m03:01:44.857 [main] INFO  c.r.s.e.client.ElasticSearchClient - Started Query Request Builder with query params [user!:[testing1,testing3]]
[8mha:AAABmx+LCAAAAAAAAACFks1KxDAUha+jo4NL3QlCQdRV01br/0qrFWHUxYggwyxiGzvVTlKTVAqCzyOoL+MbuBIR38Fk2iiDC5NFv9ycc++h7fMXNAWHpX4RC0ZRnhVJSgXCVKQRyxhHu4oCTSdMEqjWWAMabWgNBcc4l7DcrvxO7Xd+/M6PXwl32jARY4klzLSv8R12MkwTpyN5SpOdksNcnSJiVLCMoKB6jk6GMleBF/8PrAZ+PrbY20XnvQHjXWheJsOws92/w9Xtlb69hQeYVCkpHhDNjTIvuHEg7UC14+X1/P1j/v5wGEgla0mYWvADvTWFoauWJtfVXNUM+eubK3u+0YWh0VUUDleh57dMZ9c1/YL9386aq5oh72Cr7qcrwb7RVXSwpreEZikJH0h4cle3XW/b99Hmhmd1SYaFTCNBMI/6XUU3RCLKYtKLskIoS4fwuzQiC0WuPiM5w+LGzhnLbM+zZZ8THNtezzo6CU8ti/EEjfRDdQ80IBLrv8CyrZEZ5lTJe1ZMMiLVq7ZSGpNy+huwKMcBqgIAAA==[0m03:01:44.871 [elasticsearch[ticket.node]clusterService#updateTask-pool-11-thread-1] INFO  org.elasticsearch.cluster.metadata - [ticket.node] [ticketsearch] deleting index
[8mha:AAABfR+LCAAAAAAAAACFkM9Kw0AQxsdqtXjUmyAsiHpys9Uotj1p2ogQ66EgSPGwpmsaTXdjdiMBwefxoC/jG3gqIr6Du/lTEQ/OHPbHzHwzH/vyBXWZwNY4HUnBcRylQcglplyGvohEgo80OYb6QjEoYq4GNQ8a+cAZjRVse4XeKvXWTG/N9Hqw48HCiCqqYMW7pQ/UiigPrIFKQh50sgTWShe+4FJEDDvF+/syZLE2vPm/YX3w87kh3i8H0xrMD6F+HeRmV4d/j+vujenewxMsapecTpjhWhanSaXARoFLxevbxfRj/fEkN6SdNRQsbdiOSUOuS3QYIsRwUavIPjjcPbarOdet5gpy80jN/Ua1mZBqn9P92Wy4qFXU7LXKfabidKu5gnr7JhXUM8WSiQJB9tqk2bZt3CIEDSc05FfotO+eI+TjBEvMsB+FjCvci6hUoT9gNPHHTl5DO6iXMT9V+juQGjOk+3dMSaQEioVU5i1lqNAtfwPW3I+MbgIAAA==[0m03:01:44.900 [main] INFO  c.r.s.e.client.ElasticSearchClient - Executing the tickets to post to Elastic Search
[8mha:AAAByB+LCAAAAAAAAACFkk9r1EAYxsfV1cWj3gRhoKgVmklid0v/nDRtRNjWw4ogIYe3yZhNNzszzp8SKPTzeNAv4yeopyLid+jMJlNZPDhzyG/eeZ/nfUjy7Q8aKomez02pOCOiMVXNFAGm6oI3XJLXlhJHJ1xT1K07AzSYotGq4RiERi+mnT7s9eGtPrzV28aDKbpXggaNHk3P4BzCBlgVzrSsWXXQSvSkT1FwpnhDSdI91yejVtjAz/4f2A78/XXEf36aXQ/Q3QwNT6tV2MfZv8Pt7Wd3+wVdovs2JYMldTxohZFeQZyC9IrvPz5e/3p68XYVyCYbafRgY5y47ShNI7scRZHjruZpvLP76s3Y96Wp7+soXS3j5o+8cxR5v+Twr7PjruYpPtrr/VwlOfR9HR1N3NZo2GoqlxpdRdv7Ubw/npB4ew9ntAGl60JRkMU8s7SgmjBe0rxojLKSGZXndUE3jLCfkX4AtQgE500Qx4GeSwplEOf43Un6HmMuK7LmR3oPsqQa3F+AA7w2w5+69hwX1lDbV41rVtJ2CxdgFMUZGM03T02zwCDql/kWVnOQpcLZJA+zyJ6XIISV2Ur+8Aazo6Zc3wIAAA==[0m03:01:45.139 [elasticsearch[ticket.node]clusterService#updateTask-pool-11-thread-1] INFO  org.elasticsearch.cluster.metadata - [ticket.node] [ticketsearch] creating index, cause [auto(bulk api)], shards [5]/[0], mappings []
[8mha:AAABqh+LCAAAAAAAAACFUstKw0AUvVarxaXuBCEgvhaZJLaKj5VGI0LVRUWQUmRMxjSaZuLMRCqC3+NCP8Jf8A9ciYj/4EwnoxQX3lnk5N5zzj1k8vQFVc5goVtEnGYoT4s4yTjCGU9CmlKGtiXyFTqigoCukQpUmlAbEA5xLmCxqfVOqXd+9M6PXhK3mjAWYYEFTDWv8C12UpzFTkuwJIu3+gxmyhQhzThNCfL1c3gz9HMZeP7/wHLh52ONvp213isw2obqRTwIO93+u1xOL9X0Bh5gXKbMcI8oXOnnBTMKpBSoVDy/nr5/zN7vDwLJZDUBE3MNXx2FgsCVpZDrKqx7BjXW1ld2GoYXBIanUTCoQu2vGWfXNX7+7q+zwrpnkLe3Ufqpjr9reBrtraojoNoXhPUEvLj1TdfbbKyiet212iTFXCQhJ5iF3bZE10SgjEakE6YFl5IWYbdJSOaKXF4jOcH82s4pTW3Ps0WXERzZXsc6OAqOLYuyGA35odID9YjA6i+wbGtoh3nT9I6ll5z3cJ7LD26mEQ071lJ0J28oCZcnvwGEEI3KwAIAAA==[0m03:01:45.330 [elasticsearch[ticket.node]clusterService#updateTask-pool-11-thread-1] INFO  org.elasticsearch.cluster.metadata - [ticket.node] [ticketsearch] update_mapping [ticketdoc] (dynamic)
[8mha:AAABnB+LCAAAAAAAAACFkM9Kw0AQxsdqtXjUmyAsiHrRTfpHqe3JxkaEqmhBkFBkTdd2Jd2kuxutCJ59FA/6Mr6BJxHxHdxNmop4cPaQHzPfN/OR5y/ISwFr/bgrQ46jIO4xLjHhkvlhEAq8q8kxdBQqCmlN5SDXgkIiOCSRgvVW6rfGfmvityZ+Lay3YKZLFFGw0LomN8QKCO9ZbSUY79VHApbGKfyQyzCg2Em/vy/DKNKBV/8PrA9+PhXCt/P2ew6mPchf9pKwi97f43p6ZaZDeIBZnZKTATWcG0WxyBzYOPDY8fJ69v6xfL+fBNLJCgrmViqOeYZc19ZlyLYNp72MKtvVUqOS6Vw306XkJhWb+4Vss21n+5y9n82G015GxebOeJ/pOHuZLqXmlnkK8iNFxUDBo12u2cVapYrLpTLyBoTxDjo4co8R8rHAElPsB4xyhZsBkYr5bUqE33eSHtpEbUWEol10ElNxh07pMKZSoUbMgi4V6JapPhomo4gIMpDIiwQLBVN3F0L/SlrzvOJGqdPpzH8Dt80qyocCAAA=[0m03:01:48.323 [main] INFO  c.r.s.e.client.ElasticSearchClient - Started Query Request Builder with query params [priority_range:[[1,2]]]
[8mha:AAABnR+LCAAAAAAAAACFkMFKw0AQhsdqtXjUmyCsiHrRTVqr1PZkYyNCVbQgSCiypmu7km7S3Y1WBO++iQd9Gd/Ak4j4Du4mTUU8OHvIx8z/z/zk+QvyUsBqL+7IkOMoiLuMS0y4ZH4YhALvanIMHYWKQloTOcg1oZAIDkmkYK2Z+q2R3xr7rbFfC2tNmOoQRRTMNa/JDbECwrtWSwnGu7WhgIVRCj/kMgwodtLv78swjHTglf8D64OfT4Xw7bz1noNJD/KX3STsvPf3uJ5emekAHmBap+SkTw3nhlEsMgc2DjxyvLyevX8s3u8ngXSygoKZ5bJjniHXtXUZsm3DaS+j8nalVC9nOtfNdCm5ScXmfiHbbNvZPmfvZ7PhtJdRsbEz2mc6zl6mS6mxZZ6C/FBR0VfwaG9W7WK1XMGbWzby+oTxNjo4co8R8rHAElPsB4xyhRsBkYr5LUqE33OSHtpALUWEoh10ElNxh07pIKZSoXrMgg4V6JapHhoko4gI0pfIiwQLBVN3F0L/SrpU9bzieqndbs9+A8MzAsyIAgAA[0m03:01:48.350 [main] INFO  c.r.s.e.client.ElasticSearchClient - Started Query Request Builder with query params [priority_range!:[[1,2]]]
[8mha:AAABnB+LCAAAAAAAAACFkkFLwzAYhj+n0+FRb4JQEPXUtNUpOk9aVxGmHiaCjB1iG7tql9QklYLg7xHUP+M/8DRE/A8ma6MMDyaHPvnyvt/30vblC+qCw9ogjwSjKEvzOKECYSqSkKWMo31FvqZTJgmUa6oGtQ40xoITnElY75R+p/I7P37nx6+Eex2YibDEEhY6N/geOymmsdOVPKHxXsFhqUoRMipYSpBfPicnQ5GpwKv/B1YDP58a7P2yO6rBdA/qV/E47GLv73B1e61v7+ARZlVKiodEc63Icm4cSDtQ5Xh9uxh9LD8cjQOpZA0JcytNX29NQeCqpcl1NZc1Q83tnY2DptEFgdGVFIxXruc3TGfXNf38w9/OmsuaIa+9W/XTFf/Q6Epqb+ktoV5IwocSnt3Nluu1mjtoc9u1eiTFQiahIJiHg56iWyIRZRHph2kulKVL+H0SkpU8U5+RnGNxa2eMpbbn2XLACY5sr28dnwZnlsV4jCb6oaoHGhKJ9V9g2dbEDHMq5X0rIimR6lVbCY1IMf8NpvkAFKoCAAA=[0m03:01:48.360 [elasticsearch[ticket.node]clusterService#updateTask-pool-11-thread-1] INFO  org.elasticsearch.cluster.metadata - [ticket.node] [ticketsearch] deleting index
[8mha:AAABfh+LCAAAAAAAAACFkM1Kw0AQx8dotXjUmyAsiHpyk9oo/Thp2ogQ66EgSPGwpmsaTXdjdiMBwefxoC/jG3gqIr6Du/moiAdnDvtjZv4zf/blC2oigZ1JOhac4ThKg5AJTJgIfR7xBB8pcjQNuKRQxIIBhgf1fOCMxBJ2vUJvlnpzrjfnejXY9WBpTCSRsObdkgdiRoQF5lAmIQu6WQIbpQufM8Ejip3i/X0ZslgZ3v7fsDr4+Vzn75fDmQGLI6hdB7nZ9dHf46p7o7v38ATLyiUjU6rZyOI0qRRYK3CpeH27mH1sPp7khpSzuoSVLdvRqcl1LRWaLEtzUavIPmztH9vVnOtWcwW5eaT6fr3abFnVPqf3s1lzUauo0W+X+3TF6VVzBfUPdEqoZZImUwncanasRsdu4Wa7iUZTErIrdDpwzxHycYIFptiPQsok7kdEyNAfUpL4EyevoT3Uz6ifSvUdSE4oUv07KgWSHMVcSP2WMlToVr8BmJwkZ24CAAA=[0m03:01:48.393 [main] INFO  c.r.s.e.client.ElasticSearchClient - Executing the tickets to post to Elastic Search
[8mha:AAAByB+LCAAAAAAAAACFkk9r1EAYxsfV1aXHehOEgeKfQjNJdFfW9qRpI8K2PawIEnJ4m4zZuNmZcf6UgODn8aBfxk+gpyKl38GZTaZl8eDMIb95532e9yHJ9ys0VBI9XphScUZEY6qaKQJM1QVvuCSvLCWOTrimqFu3BmgwQ6N1wzEIjZ7MOn3Y68NrfXitt40HM3SnBA0abc8+wTmEDbAqnGtZs+qglehBn6LgTPGGkqR7bk5GrbCBH/0/sB14+W3Ef3+YXwzQ7QwNz6p12PvZv8Pt7Ud3+xl9RXdtSgYr6njQCiO9gjgF6RU/fr6/+PPwy5t1IJtspNG9nXHitqM0jexyFEWOu5qn8Yvps9dj35emvq+jdL2Mmz/yzlHk/ZLDG2fHXc1TfPSy93OV5ND3dXQ0cVujYaupXGn0K3q+H8X74ymZTKY4ow0oXReKgiwWmaUl1YTxkuZFY5SVzKk8rwu6Y4T9jPQdqGUgOG+COA70QlIogzjHb0/SU4y5rMiGH+k9yIpqcH8BDvDGDH/q2nNcWENtXzWuWUnbPVyAURRnYDR/emaaJQZR7+Z7WC1AlgpnkzzMIntegRBWZiv51l9g1H3V3wIAAA==[0m03:01:48.558 [elasticsearch[ticket.node]clusterService#updateTask-pool-11-thread-1] INFO  org.elasticsearch.cluster.metadata - [ticket.node] [ticketsearch] creating index, cause [auto(bulk api)], shards [5]/[0], mappings []
[8mha:AAABqR+LCAAAAAAAAACFUstKxDAUvY6ODi51JwgF8bVo2ur4Xmm1Ioy6GBFkGCS2sVPtNDVJZUTwe1zoR/gL/oErEfEfTCaNMrjwZtHTe88599D06QuqnMFcp4g4zVCeFnGScYQznoQ0pQxtS+QrdEQFAV1DFag0oNYnHOJcwHxD651S7/zonR+9JG41YCTCAguYaFzhW+ykOIudpmBJFm/1GEyVKUKacZoS5Ovn4Gbo5TLw7P+B5cLPxxp9O2u+V2C4BdWLuB92svV3uZxequkNPMCoTJnhLlG40ssLZhRIKVCpeH49ff+Yvt/vB5LJagLGZuq+OgoFgStLIddVWPcMqq+uL+3UDS8IDE+joF+F2l8zzq5r/PzdX2eFdc8gb2+j9FMdf9fwNNpbUUdAtScI6wp4cZc3XW+zvo7W1latFkkxF0nICWZhpyXRNREooxFph2nBpaRJ2G0Skpkil9dITjC/tnNKU9vzbNFhBEe217YOjoJjy6IsRgN+qPRAXSKw+gss2xrYYd40vW3pJeddnOfyg5tpRMO2tRDdyRtKwsXxb3q8Ea7AAgAA[0m03:01:48.776 [elasticsearch[ticket.node]clusterService#updateTask-pool-11-thread-1] INFO  org.elasticsearch.cluster.metadata - [ticket.node] [ticketsearch] update_mapping [ticketdoc] (dynamic)
[8mha:AAABlx+LCAAAAAAAAACFjsFKw0AQhsdqtXjUmyAsiHpyk9pWa3uyaSNCrWhBkNDDNlnbSLJJdzdaUTz5MB70ZXwDT0XEdzCbNBXx4OxhP2b+f+Z/+YK84LA1jBwRMBx60cBlAhMmXDvwAo4PYzIUdQJJIa25HOTaUEgEJySUsN1O/drUr8382swfC+ttWHCIJBJW2tfkhmgeYQOtK7nLBvUxh7VpCjtgIvAoNtL/92UYh3Hgzf8Dxwc/nwvB+2V3koN5C/L9QRJ21fp7PJ5eqekIHmExTsmITxXnxmHEMwdWDjx1vL5dTD7W74+SQHGygoSljbKhniLT1ONSpOuK015G5b3qbqOc6Uwz06VkJhWp+4Vss65n+4zmz2bFaS+jYutguk91jGamS6lVUU9Cfiwp9yU86aWaXqxVini/WkKWT1zWQ8cd8xQhG3MsMMW251ImccsjQrp2lxJuD42kh3ZQVxIuqYPOIsrv0DkdRVRI1Ihcz6Ec3bpyiEbJKCSc+AJZIuCyZrHI71P+4FBh93rL3+0YoCuDAgAA[0m03:01:51.783 [main] INFO  c.r.s.e.client.ElasticSearchClient - Started Query Request Builder with query params [sort:[number|desc]]
[8mha:AAABox+LCAAAAAAAAACFjsFK5EAQhsvR2R086m1BaFhcL9rJuKO440njRIRR0QFBwhzapJ3pJenOdFd2R5R9g30PD/oyvoEnEfEdTCcTRTxYfeiPqv+v+m+eoW40/BhmkVGSpnE2ENJQJo0IVaw03crJs3SgkENZUzWodaFRCPZZirDULf3OxO+8+p1Xfy7c7MJMxJAhzHV/sz/MiZkcOD3UQg42xxq+TVKEShoVc+qV//vLME7zwIufB84PPl031P1p76EG0wHUzwZF2Png4/F8em6nI/gHX/KUkiXccm2cZrpyUOugE8ft3cnD48LlbhEoT9ZA+Pq95dlnyffdvCy5ruWyV1FrfWN1u1XpfL/SleQXldn7jWqz61b7vJ23zZbLXkXNzq/JPtvxdipdSZ01+xDqY+Q6Qfjv/my7zfZak26sr5IgYUL2yd6Bf0hISDU1lNMwFlwi7cTMoAh7nOlw6BU9skJ6yDTyiBxlXF+QYz7KuEGynYk44pr8FTgko2KUMs0SQwKjNLYDmSVnXF9F3ITLqRZKC7zo92dfAK8+OPyMAgAA[0m03:01:51.862 [main] INFO  c.r.s.e.client.ElasticSearchClient - Started Query Request Builder with query params [sort:[number|desc,priority]]
[8mha:AAABmx+LCAAAAAAAAACFkMFKw0AQhsdqtXjUmyAsiHpyk2qrtT3ZtBGhVrQgSOhhTdd0Jd2kuxutKD6AT+JBX8Y38FREfAezSVMRD84e8jHz/zM/efmCvBSw0Y96MuA49COPcYkJl8wN/EDgg5gsTe1AUUhrJge5FhQSwTEJFWy2Ur8x8RtTvzH1x8JaC+Z6RBEFS61rckMMn3DP6CjBuFcbCViZpHADLgOfYiv9/r4MozAOvP5/4Pjg53MheL/ojHMw60D+0kvCLjt/j8fTKz0dwiPMxyk5GVDNuVEYicyBtQNPHK9v5+OP1fvDJFCcrKBgYa1k6afJts24NJmm5rSXUWm3sl0vZTrbznQp2UlF+n4h22ya2T6r8bNZc9rLqNjcn+zTHauR6VJqlvVTkB8pKgYKnsydqlmslou4sldGzoAw3kVHbfsEIRcLLDHFrs8oV7jpE6mY26FEuH0r6aEt1FFEKNpDpxEVd+iMDiMqFapHzO9RgW6Z6qNhMgqJIAOJHBkIVXWIlMzjlGL9mx+IdLvdxW9CNAE3iQIAAA==[0m03:01:51.875 [main] INFO  c.r.s.e.client.ElasticSearchClient - Started Query Request Builder with query params [sort:[assignee.name|asc]]
[8mha:AAABnB+LCAAAAAAAAACFkkFLwzAYhj+n0+FRb4JQEPXUtNUpU0/arSJMPUwEGTvENnbVLqlJKgXB3yOof8Z/4ElE/A8ma6MMDyaHPvnyvt/30vb5C+qCw9owjwSjKEvzOKECYSqSkKWMo31FvqYTJgmUa6oGtS40xoJjnElY75Z+p/I7P37nx6+Ee12YibDEEha61/gOOymmsdOTPKHxXsFhqUoRMipYSpBfPicnQ5GpwKv/B1YDPx8b7O2i916D6T7UL+Nx2MX+3+Hq9krf3sIDzKqUFI+I5lqR5dw4kHagyvHyev7+sXx/OA6kkjUkzK00fb01BYGrlibX1VzWDDW3WxsHTaMLAqMrKRivXM9vmM6ua/r57d/OmsuaIa+zU/XTFb9tdCV1tvSWUC8k4SMJT+7mruvtbnmo1WpZfZJiIZNQEMzDYV/RDZGIsogMwjQXytIj/C4JyUqeqc9IzrC4sTPGUtvzbDnkBEe2N7COToJTy2I8RhP9UNUDjYjE+i+wbGtihjmV8oEVkZRI9aqthEakmP8GSwZKKKoCAAA=[0m03:01:51.888 [elasticsearch[ticket.node]clusterService#updateTask-pool-11-thread-1] INFO  org.elasticsearch.cluster.metadata - [ticket.node] [ticketsearch] deleting index
[8mha:AAABfR+LCAAAAAAAAACFkM9Kw0AQxsdoNXjUmyAsiHpyk2or2p40TUSI9VAQpHhY0zWNprsxu5GA4PN40JfxDTwVEd/B3fypiAdnDvtjZr6Zj335goZIYWucjQRnOImzMGICEyaigMc8xUeKHE19LimUMWeA4YNZDJyRRMK2X+qtSm/N9NZMrwa7PiyMiCQSVvxb8kCsmLDQGsg0YmE3T2GtchFwJnhMsVO+vy9DnijDm/8bVgc/n03+fjmYGjA/hMZ1WJhdHf49rro3unsPT7CoXDIyoZqNPMnSWoG1AleK17eL6cf640lhSDkzJSxttBydmjzPVqHJtjWXtZpa+we7x616zvPquZK8IjJ936w323a9z+n9bNZc1mpquofVPl1xevVcSW5bp4RGLmk6kcDtvY7d7LSb+LDZRsMJidgVOu175wgFOMUCUxzEEWUSuzERMgoGlKTB2ClqaAe5OQ0yqb4DyTFFqn9HpUCSo4QLqd9Khkrd8jcdlSeabgIAAA==[0m03:01:51.915 [main] INFO  c.r.s.e.client.ElasticSearchClient - Executing the tickets to post to Elastic Search
[8mha:AAABxx+LCAAAAAAAAACFkk2L1DAYx+Po6OBRb4IQWHyDbZquM77snrS7FWFcDyOClB6ebWOnO50k5mUpCH4eD/pl/AR6WkT8DibTZmXwYHLoL0+e///50/bLbzTWCt1d2koLTmRr64ZrAlw3pWiFIs8cpZ6OhWGoX5dGaDRHk03DK5AG3Zv3+njQxxf6+ELvGg/m6EoFBgy6MT+FM4hb4HW8MKrh9UGn0K0hRSm4Fi0jaf/cnow66QLf+X9gN/DX54n48W5xPkKXczQ+qTdhb+b/Dne37/3tB/QJXXUpOayZ51EnrQoK4hVkUHz99vb85+2PLzaBXLKJQdd2pqnfnrKMuuWJUs99LdD00ZO959PQl2Whr6dss6yfPwnOlAa/9PCvs+e+Fig5ejr4+Up6GPp6Opr5bdC4M0ytDfpOH+7TZH+2R+jjKc5ZC9o0pWagymXuaMUM4aJiRdla7SQLps6aku1Y6T4jewN6FUkh2ihJIrNUDKooKfDL4+w1xkLVZMuPDB5kzQz4vwBHeGtGOPXtBS6doXGvGje8Yt0uLsFqhnOwRtw/se0Kg2weFLtYL0FVGuezIs6pO69BSidzleL6H+qQLnbfAgAA[0m03:01:52.074 [elasticsearch[ticket.node]clusterService#updateTask-pool-11-thread-1] INFO  org.elasticsearch.cluster.metadata - [ticket.node] [ticketsearch] creating index, cause [auto(bulk api)], shards [5]/[0], mappings []
[8mha:AAABqh+LCAAAAAAAAACFUstKw0AUvVarxaXuBCEgvhaZJLWKj5VGI0LVRUWQUmRMxjSaZuLMRCqC3+NCP8Jf8A9ciYj/4EwnoxQX3lnk5N5zzj1k8vQFVc5goVtEnGYoT4s4yTjCGU9CmlKGtiXyFTqigoCukQpUmlAbEA5xLmCxqfVOqXd+9M6PXhK3mjAWYYEFTDWv8C12UpzFTkuwJIu3+gxmyhQhzThNCfL1c3gz9HMZeP7/wHLh52ONvp213isw2obqRTwIO93+u1xOL9X0Bh5gXKbMcI8oXOnnBTMKpBSoVDy/nr5/zN7vDwLJZDUBE3MNXx2FgsCVpZDrKqx7BjXW1us7DcMLAsPTKBhUofbXjLPrGj9/99dZYd0zyNvbKP1Ux981PI32VtURUO0LwnoCXtyVTdfbXK2jet212iTFXCQhJ5iF3bZE10SgjEakE6YFl5IWYbdJSOaKXF4jOcH82s4pTW3Ps0WXERzZXsc6OAqOLYuyGA35odID9YjA6i+wbGtoh3nT9I6ll5z3cJ7LD26mEQ071lJ0J28oCZcnvwHLyovZwAIAAA==[0m03:01:52.220 [elasticsearch[ticket.node]clusterService#updateTask-pool-11-thread-1] INFO  org.elasticsearch.cluster.metadata - [ticket.node] [ticketsearch] update_mapping [ticketdoc] (dynamic)
[8mha:AAABmR+LCAAAAAAAAACFjs9KHEEQxsuNGxePegsEGkQ9pWdcd0Oye9JxRwIbRQeEMOyhM9OZ7TDbPdtdoyuC4NvkoC/jG+QkIfgOTs8fJXhI9aF/VH1f1Xf7CG2jYWuax0ZJmqV5IqShTBoRqVRpuleQZ+lIIYeqllrQGkOnFHxlGcL2uPI7td959jvP/kI4HMNyzJAhrI1/snPmpEwmToBayGS40PCuThEpaVTKqVf9/16GRVYE3vx/4OLg318d9ftb8NCCNyG0vydl2PXw9fFi+sNO53ANb4uUks245dYiy3XjoNZBa8fd/dnDn/dXh2WgIlkHYWWj59lnyffdoiy5ruWq11Dv46fufq/R+X6jq8gvK7f3O81m1232eQcvmy1XvYZ2Rp/rfbbjHTS6ikZ9+xDaC+R6hnDj7g7cnUG/T7tdl4QzJuSEfDnyjwmJqKaGchqlgkuko5QZFFHAmY6mXtkjH0iATCOPyUnO9SU55fOcGyT7uUhjrsmFwCmZl6OMaTYzJDRK4yDMtFBa4OVksvoEDcFRvIACAAA=[0m03:01:55.220 [main] INFO  c.r.s.e.client.ElasticSearchClient - Started Query Request Builder with query params [sort:[priority]]
[8mha:AAABnR+LCAAAAAAAAACFkk9LwzAYxl+n0+FRb4JQEPXUtNVN/HPSbhVh6mEiyNghtrGrdklNUikIfh5B/TJ+A08i4ncwWRtleDA59Jc3z/O+D22fv6AuOKwN80gwirI0jxMqEKYiCVnKONpX5Gs6YZJAuaZqUOtCYyw4xpmE9W7pdyq/8+N3fvxKuNeFmQhLLGGhe43vsJNiGjs9yRMa7xUclqoUIaOCpQT55XNyMhSZCrz6f2A18POxwd4ueu81mO5D/TIeh13s/x2ubq/07S08wKxKSfGIaK4VWc6NA2kHqhwvr+fvH8v3h+NAKllDwtxK09dbUxC4amlyXc1lzVBza3vjoGl0QWB0JQXjlev5DdPZdU0/v/3bWXNZM+R1dqp+uuK3ja6kTktvCfVCEj6S8ORu7rrebquFNjabVp+kWMgkFATzcNhXdEMkoiwigzDNhbL0CL9LQrKSZ+ozkjMsbuyMsdT2PFsOOcGR7Q2so5Pg1LIYj9FEP1T1QCMisf4LLNuamGFOpXxgRSQlUr1qK6ERKea/Aef9aCyqAgAA[0m03:01:55.234 [elasticsearch[ticket.node]clusterService#updateTask-pool-11-thread-1] INFO  org.elasticsearch.cluster.metadata - [ticket.node] [ticketsearch] deleting index
[8mha:AAABfR+LCAAAAAAAAACFkM9Kw0AQxsdqNXjUmyAsiHpyk9a2aHvSNBEh1kNBkOJhTdc0mu7G7EYCgs/jQV/GN/BURHwHd/OnIh6cOeyPmflmPvblC+oigZ1JOhac4ThKg5AJTJgIfR7xBB8psjUNuKRQxEINah4Y+cAZiSXseoXeLPXmXG/O9Wqw58HSmEgiYc27JQ/EjAgLzKFMQhb0sgQ2Shc+Z4JHFNvF+/syZLEyvP2/YXXw89ng75fDWQ0WR1C/DnKz66O/x1X3Rnfv4QmWlUtGplRzLYvTpFJgrcCl4vXtYvax+XiSG1LODAkrWy1bpybXtVRosizNRa2iVuegedyq5ly3mivIzSPV941qs2VV++z+z2bNRa2ihnNY7tMVu1/NFeS0dUqoZ5ImUwnc2u9ajW67jZsdC42mJGRX6HTgniPk4wQLTLEfhZRJ7EREyNAfUpL4EzuvoT3kZNRPpfoOJCcUqf4dlQJJjmIupH5LGSp0q98HHYd5bgIAAA==[0m03:01:55.260 [main] INFO  c.r.s.e.client.ElasticSearchClient - Executing the tickets to post to Elastic Search
[8mha:AAAByB+LCAAAAAAAAACFkk9r1EAYxsfVtUuPehOEgaJWaCaJ3RVtTzVtpLDWw4ogIYe3yZiNm50Z508JFPp5POiX8RPUU5HS7+DMJlNZPDhzyG/eeZ/nfUjy/QYNlURP56ZUnBHRmKpmigBTdcEbLsmBpcTRCdcUdevOAA2maLRqeAdCo2fTTh/2+vBWH97qbeP+FN0rQYNGD6Zf4AzCBlgVzrSsWbXfSvSoT1FwpnhDSdI91yejVtjAT/4f2A68/jbivz7NrgboboaGp9Uq7MPs3+H29rO7/You0H2bksGSOh60wkivIE5BesWPnx+vfj8+f7sKZJONNNrYGiduO0rTyC5HUeS4q3kav3z14s3Y96Wp7+soXS3j5o+8cxR5v+Twr7PjruYpPnrd+7lKcuj7OjqauK3RsNVULjW6jHb3onhvMiHjeBdntAGl60JRkMU8s7SgmjBe0rxojLKSGZVndUG3jLCfkX4AtQgE500Qx4GeSwplEOf4+CR9jzGXFVnzI70HWVIN7i/AAV6b4U9de44La6jtq8Y1K2m7gwswiuIMjObbp6ZZYBD183wHqznIUuFskodZZM9LEMLKbCXf/APVT9sg3wIAAA==[0m03:01:55.413 [elasticsearch[ticket.node]clusterService#updateTask-pool-11-thread-1] INFO  org.elasticsearch.cluster.metadata - [ticket.node] [ticketsearch] creating index, cause [auto(bulk api)], shards [5]/[0], mappings []
[8mha:AAABrR+LCAAAAAAAAACFUs1K60AY/axWi0vdXRAC4t8ik+Ta+rvStBGh6qIiXEq5jMncNJpm4sxEKoLP40IfwlfwDVyJiO/gTCejlLvwm0VOvu+c8x0yefiAKmew3C8iTjOUp0WcZBzhjCchTSlDexL5Ch1TQUDXRAUqbaiNCEc4F7DS1nqn1DtfeudLL4m7bZiKsMAC5toX+Bo7Kc5ipyNYksW7Qwa/yhQhzThNCfL1c3wzDHMZeOnnwHLh+32NvvzpvFZgsgvV83gUdr77/3I5/aemV3AH0zJlhgdE4cowL5hRIKVApeLx+ez1beH2YBRIJqsJmFms++ooFASuLIVcV2HdM6i+sfV7v254QWB4GgWjKtT+mnF2XePnN7+dFdY9g7zWdumnOn7T8DRqNdQRUB0KwgYCntz1HdfbaTRQo75pdUmKuUhCTjAL+12JLolAGY1IL0wLLiUdwq6TkCwWubxGcor5pZ1TmtqeZ4s+IziyvZ51eBycWBZlMRrzQ6UHGhCB1V9g2dbYDvOm6T1LL/k7wHkuP7iZRjTsWavRjbyhJFyb/QSdME+6wAIAAA==[0m03:01:55.547 [elasticsearch[ticket.node]clusterService#updateTask-pool-11-thread-1] INFO  org.elasticsearch.cluster.metadata - [ticket.node] [ticketsearch] update_mapping [ticketdoc] (dynamic)
[8mha:AAABnR+LCAAAAAAAAACFkk9LwzAYxl+n0+FRb4JQEPXUtNVN/HPSbhVh6mEiyNghtrGrdklNUikIfh5B/TJ+A08i4ncwWRtleDA59Jc3z/O+D22fv6AuOKwN80gwirI0jxMqEKYiCVnKONpX5Gs6YZJAuaZqUOtCYyw4xpmE9W7pdyq/8+N3fvxKuNeFmQhLLGGhe43vsJNiGjs9yRMa7xUclqoUIaOCpQT55XNyMhSZCrz6f2A18POxwd4ueu81mO5D/TIeh13s/x2ubq/07S08wKxKSfGIaK4VWc6NA2kHqhwvr+fvH8v3h+NAKllDwtxK09dbUxC4amlyXc1lzVBza3vjoGl0QWB0JQXjlev5DdPZdU0/v/3bWXNZM+R1dqp+uuK3ja6kTktvCfVCEj6S8ORu7rrebmsbtVqbVp+kWMgkFATzcNhXdEMkoiwigzDNhbL0CL9LQrKSZ+ozkjMsbuyMsdT2PFsOOcGR7Q2so5Pg1LIYj9FEP1T1QCMisf4LLNuamGFOpXxgRSQlUr1qK6ERKea/AfTucc+qAgAA[0m03:01:58.553 [elasticsearch[ticket.node]clusterService#updateTask-pool-11-thread-1] INFO  org.elasticsearch.cluster.metadata - [ticket.node] [ticketsearch] deleting index
[8mha:AAABfR+LCAAAAAAAAACFkM9Kw0AQxsdoNXjUmyAsiHpyE7WV2p40TUSI9VAQpHhY0zWNprsxu5GA4PN40JfxDTwVEd/B3fypiAdnDvtjZr6Zj335goZIYWucjQRnOImzMGICEyaigMc8xUeKHE19LimUMWeA4YNZDJyRRMK2X+qtSm/N9NZMrwa7PiyMiCQSVvxb8kCsmLDQGsg0YmE3T2GtchFwJnhMsVO+vy9DnijDm/8bVgc/n03+fjmYGjA/hMZ1WJhdHf49rro3unsPT7CoXDIyoZqNPMnSWoG1AleK17eL6cf640lhSDkzJSxtNB2dmjzPVqHJtjWXtZqaB+2942Y953n1XEleEZm+b9abbbve5/R+NmsuazXtuofVPl1xevVcSW5Lp4RGLmk6kcDt/Y6922m1catto+GEROwKnfa9c4QCnGKBKQ7iiDKJ3ZgIGQUDStJg7BQ1tIPcnAaZVN+B5Jgi1b+jUiDJUcKF1G8lQ6Vu+Rsp3mipbgIAAA==[0m03:01:58.580 [main] INFO  c.r.s.e.client.ElasticSearchClient - Executing the tickets to post to Elastic Search
[8mha:AAAByR+LCAAAAAAAAACFks1u1DAUhc3A0BFL2CEhWar4kxonaWegtCuaNghpKItBSCjK4jYxmXQytuufKlKlPk8X8DI8AawqhHgH7ElcNGKBvcjn63vOPUry5TcaKomezE2pOCOiMVXNFAGm6oI3XJLXlhJHx1xT1K1bAzSYotGq4R0IjZ5OO33Y68MbfXijt437U3SnBA0a3Z+ewjmEDbAqnGlZs2q/lehhn6LgTPGGkqR7rk9GrbCBH/8/sB3462rEf3yaXQ/Q7QwNT6pV2AfZv8Pt7Wd3e4Yu0V2bksGSOh60wkivIE5BesXXbx+vfz66eLMKZJONNNrYHCduO0rTyC5HUeS4q3kav9jdPhj7vjT1fR2lq2Xc/JF3jiLvlxz+dXbc1TzFR696P1dJDn1fR0cTtzUatprKpUbfo529KN6b7JKXO9s4ow0oXReKgizmmaUF1YTxkuZFY5SVzKg8rwu6aYT9jPQDqEUgOG+COA70XFIogzjHb4/T9xhzWZE1P9J7kCXV4P4CHOC1Gf7Utee4sIbavmpcs5K2W7gAoyjOwGj+7MQ0Cwyifp5vYTUHWSqcTfIwi+x5CUJYma3k9/4AlIGySN8CAAA=[0m03:01:58.732 [elasticsearch[ticket.node]clusterService#updateTask-pool-11-thread-1] INFO  org.elasticsearch.cluster.metadata - [ticket.node] [ticketsearch] creating index, cause [auto(bulk api)], shards [5]/[0], mappings []
[8mha:AAABqR+LCAAAAAAAAACFUstKw0AUvVarxaXuBCEgvhaZJFql6kqjEaHqoiJIKTImYxpNM3FmIhXB73GhH+Ev+AeuRMR/cKaTUYoL7yxycu855x4yefqCKmew0C0iTjOUp0WcZBzhjCchTSlD2xL5Ch1RQUDXSAUqTagNCIc4F7DY1Hqn1Ds/eudHL4lbTRiLsMACpppX+BY7Kc5ipyVYksVbfQYzZYqQZpymBPn6ObwZ+rkMPP9/YLnw87FG385a7xUYbUP1Ih6EnW7/XS6nl2p6Aw8wLlNmuEcUrvTzghkFUgpUKp5fT98/Zu/3B4FkspqAibm6r45CQeDKUsh1FdY9g+rrjZWduuEFgeFpFAyqUPtrxtl1jZ+/++ussO4Z5O1tlH6q4+8ankZ7a+oIqPYFYT0BL+7qputtrjVQo+FabZJiLpKQE8zCbluiayJQRiPSCdOCS0mLsNskJHNFLq+RnGB+beeUprbn2aLLCI5sr2MdHAXHlkVZjIb8UOmBekRg9RdYtjW0w7xpesfSS857OM/lBzfTiIYdaym6kzeUhMuT37OOsZjAAgAA[0m03:01:58.880 [elasticsearch[ticket.node]clusterService#updateTask-pool-11-thread-1] INFO  org.elasticsearch.cluster.metadata - [ticket.node] [ticketsearch] update_mapping [ticketdoc] (dynamic)
[8mha:AAABiB+LCAAAAAAAAACFjsFKw0AQhsdqNXjUmyAsiHpyE2uV2p5s2ogQKxoQpPSwpmsaSTbp7kYjgs/jQV/GN/BURHwHs0lTEQ/OHvZj5v9n/pcvqAoOW6NkKCKG4yDxfCYwYcJ3oyDi+CgjU1EvkhSKmqtAxQYtF5ySWMK2Xfj1qV+f+fWZPxO2bFgYEkkkrNi35I7oAWGe7kjuM6+VclibpnAjJqKAYrP4f1+GNM4Cb/4fODv4+axF71fOpALzfahee3nY1f7f49n0Rk3H8ASLWUpGQqq4ksYJLx1YOfDU8fp2OflYfzzOA2XJNAlLG3VTPUWWZWSlyDAUF72S6geNWrte6iyr1BVk5ZWo+1q52TDKfWbnZ7PiolfSbvdwuk91zE6pK6i7r56EaiopDyUIY69p1JrGLm406qgfEp8N0EnPOkPIxRwLTLEb+JRJ3A2IkL7rUMLdkZn30A5yJOGSDtF5QvkDuqDjhAqJ2okfDClH974coXE+igknoUD95mD5GwSGZ2lyAgAA[0m03:02:01.884 [main] INFO  c.r.s.e.client.ElasticSearchClient - Started Query Request Builder with query params [:]
[8mha:AAABnB+LCAAAAAAAAACFkkFLwzAYhj+n0+FRb4JQEPXUtNUpOk/aWRGmHiaCjB1iG7tql9QkHQXB3yOof8Z/4ElE/A8ma6MMDyaHPvnyvt/30vb5C+qCw9ogjwSjKEvzOKECYSqSkKWMo31FvqZTJgmUa6oGtQ40xoITnElY75R+p/I7P37nx6+Eex2YibDEEhY6N3iEnRTT2OlKntB4r+CwVKUIGRUsJcgvn5OTochU4NX/A6uBn48N9nbZfa/BdA/qV/E47GLv73B1e61v7+ABZlVKiodEc63Icm4cSDtQ5Xh5vXj/WL4/GgdSyRoS5laavt6agsBVS5Prai5rhprbOxsHTaMLAqMrKRivXM9vmM6ua/r57d/OmsuaIe9wt+qnK37b6Eo63NJbQr2QhA8lPLmbLXej5XpoZ3fL6pEUC5mEgmAeDnqKbolElEWkH6a5UJYu4aMkJCt5pj4jOcfi1s4YS23Ps+WAExzZXt86Pg3OLIvxGE30Q1UPNCQS67/Asq2JGeZUyvtWRFIi1au2EhqRYv4bzjOX3qoCAAA=[0m03:02:01.895 [elasticsearch[ticket.node]clusterService#updateTask-pool-11-thread-1] INFO  org.elasticsearch.cluster.metadata - [ticket.node] [ticketsearch] deleting index
[8mha:AAABfR+LCAAAAAAAAACFkM9Kw0AQxsdotXjUmyAsiHpys9Yqtj1pmohQ66EgSPGwpmsaTXdjdiMBwefxoC/jG3gqIr6Du/lTEQ/OHPbHzHwzH/vyBTWZwNY4HUnBcRylQcglplyGvohEgo80OYb6QjEoYs4Cqwf1fOCMxgq2e4XeLvX2TG/P9Hqw04OFEVVUwUrvlj5QO6I8sAcqCXnQyRJYK134gksRMewU7+/LkMXa8Ob/hvXBz+e6eL8cTC2YH0LtOsjNrg7/HtfdG9O9hydY1C45nTDDVhanSaXARoFLxevbxfRj/fEkN6Sd1RUsbTQdk4Y8j+gwRIjholZR8+Cwcdys5jyvmivIyyM19+vVZkKqfU73Z7PholbRrtsq95mK063mCnL3TSqoZYolEwWC7LVJo012catB0HBCQ36FTvveOUI+TrDEDPtRyLjCbkSlCv0Bo4k/dvIa2kFuxvxU6e9AasyQ7t8xJZESKBZSmbeUoUK3/A1oazhybgIAAA==[0m03:02:01.920 [main] INFO  c.r.s.e.client.ElasticSearchClient - Executing the tickets to post to Elastic Search
[8mha:AAABxh+LCAAAAAAAAACFUt1q1EAYHbeuXbzUO0EYKPUHmslsuy3aXmnaiLDWixVBQi6+JmM23ezMdH5KQPB5eqEv4xPoVRHxHZzZZCqLF34TyJlvzjnfIZkvv9FQK/RobkstOJGNrWquCXBdF6IRirxwKPHoVBiGuro1QIMpGq0Ib0Aa9Hja6eNeH9/o4xu9Ix5N0e0SDBh0b3oOlxA3wKt4ZlTNq6NWoQd9ikJwLRpGku69Phm10gXe/n9gN/DX1Uj8+DC7HqCNDA3PqlXY+9m/w93pR396gT6jOy4lhyXzeNBKq4KCeAXpFV+/vb/++fDTq1Ugl2xk0ObWJPHLozSlrjyi1OOuF9Dk4Nnuy0ngpWngdShdlfXzR8GZ0uCXHP919rjrBTQ+ed77+U5yHHgdOtn3y6Bha5haGvSd7h3SXfcQerCHM9aANnWhGahinjm0YIZwUbK8aKx2khlTl3XBtqx0v5G9A72IpBBNNB5HZq4YlNE4x69P07cYC1WRNT/Se5AlM+BvAY7w2oyw6+g5LpyhcZ8a17xk7Q4uwGqGM7BGPDmzzQKDrJ/mO1jPQZUaZ/t5nFG3X4KUTuY6+d0/bfTXmN8CAAA=[0m03:02:02.063 [elasticsearch[ticket.node]clusterService#updateTask-pool-11-thread-1] INFO  org.elasticsearch.cluster.metadata - [ticket.node] [ticketsearch] creating index, cause [auto(bulk api)], shards [5]/[0], mappings []
[8mha:AAABqB+LCAAAAAAAAACFUt1KwzAY/ZxOh5d6JwgF8e+iaatTnF5ptSJMvZgIMobENnbVrqlJKhPB5/FCH8JX8A28EhHfwWRplOGFXwo9zXfO+Q5Nnr6gyhksdIuI0wzlaREnGUc440lIU8rQtkS+QkdUENA1UoFKE2oDwiHOBSw2td4p9c6P3vnRS+JWE8YiLLCAqeYVvsVOirPYaQmWZPFWn8FMmSKkGacpQb5+D0+Gfi4Dz/8fWA78fKzRt7PWewVG21C9iAdhp9t/h8vuperewAOMy5QZ7hGFK/28YEaBlAKViufX0/eP2fv9QSCZrCZgYq7uq6VQELiyFHJdhfWeQfX1jZWduuEFgeFpFAyqUPNrxtl1jZ+/++ussN4zyNtrlH5qx981PI321tQSUO0LwnoCXtzVTXdFPshrNKw2STEXScgJZmG3LdE1ESijEemEacGlpEXYbRKSuSKXx0hOML+2c0pT2/Ns0WUER7bXsQ6OgmPLoixGQ36o9EA9IrC6BZZtDc0wX5resfSQ8x7Oc/nDTTeiYcdaiu7kCSXh8uQ32uyjxMACAAA=[0m03:02:02.199 [elasticsearch[ticket.node]clusterService#updateTask-pool-11-thread-1] INFO  org.elasticsearch.cluster.metadata - [ticket.node] [ticketsearch] update_mapping [ticketdoc] (dynamic)
[8mha:AAABkB+LCAAAAAAAAACFjsFKw0AQhsdqtXjUmyAsiHpys9a2aD1p2ohQK1oQJPSwpmu7kmzS3Y1WFJ/Hg76Mb+CpiPgOZpOmIh6cPezHzP/P/C9fUFQSNgZxT4UCR37c50JhKhT3Qj+U+CAh21A71AyymilAoQWlVHBCIw2brcxvTfzW1G9N/YlwvwVzPaqphqXWDb2llk9F3+poyUV/fyRhZZLCC4UKfYbt7P99GUZREnj9/8DJwc/nUvh+2RkXYNaF4lU/Dbvs/j2eTK/NdAhPMJ+kFDRghgujKJa5AxsHnjhe3y7GH6sPR2mgJFlJw8JaxTbPkOOQpAwRYjjr5VSp7ZYPK7nOcXJdRk5asblfyjcTku+zGz+bDWe9nLabe5N9pmM3cl1Gzap5GoojzWSg4ZHs1Em5Tqp4e6+G3IBy0UXHbecUIQ9LrDDDns+Z0LjpU6W512FUegM77aEt1NFUatZDZzGT9+icDWOmNDqMud9jEt1xPUDDdBRRSQOFXJ8HXNfdMul2F78Bshdw4XsCAAA=[0m03:02:05.196 [main] INFO  c.r.s.e.client.ElasticSearchClient - Started Query Request Builder with query params [limit:[20]]
[8mha:AAABnx+LCAAAAAAAAACFksFK7DAUho+jo4NL704QCqKummbG8erVlXasCKMuRoTLMIvYxk61k/Qm6VAQfB5BfRnfwJWI+A4m08bL4MJk0S8n/3/OT9vHD6hLAevDPJKcoSzN44RJRJhMQp5ygfY1+YZOuaJQrpka1LrQmAhOSKZgo1v6vcrvffm9L78W7nVhLiKKKFjqXpMx8VLCYq+nRMLivULAcpUi5EzylCK/fE5PhiLTgdd+DqwHvt83+Mvf3msNZvtQv4wnYX/1vw/Xt1fm9h/cwbxOyciIGq4VWS6sAxkHqhxPzxevbyu3R5NAOllDwcJq2zfbUBBgvQxhbLisWWr/3mkdtK0uCKyupGCycjO/YTtjbPv5nf+dDZc1S83DP1U/U/E7VlfS4ZbZCuqFomKk4AFv7uLWLt5CLbzt9GlKpEpCSYkIh31NN1QhxiM6CNNcakuPinES0tU805+RnhN542acp26z6aqhoCRymwPn+DQ4cxwuYjTVD1U90IgqYv4Cx3WmZthTKR84EU2p0q/aSVhEi8VPIvYZEaoCAAA=[0m03:02:05.207 [elasticsearch[ticket.node]clusterService#updateTask-pool-11-thread-1] INFO  org.elasticsearch.cluster.metadata - [ticket.node] [ticketsearch] deleting index
[8mha:AAABZB+LCAAAAAAAAACFjsFKw0AQhsdoNXjUmyAERL2UJNUotj1p2ggSvVQE6Wlt1xhNd+PuRgKCz+NBX8Y38FREfAd3s9mKeHDmsB+z/z/zv3xBgzPYuinGnBI3z4okJdxFhKcjmlHmHkoKFZ1RgUHXnAVWDHYlOEW5gO1Y+73a78383swvhd0YFsZIIAEr8S16QF6GSOINBEtJ0i0ZrNUpRpRwmmE31O/vy1DmMvDm/4Hlwc9nm75fDqYWzA+hcZVUYVeHf4/L32v1ew9PsChTEjTBiq0yL5hxuMrh1o7Xt4vpx/rjcRVIJrMFLG0EoWpFUeTLUuT7ivXMULB/sHMUGF0UGZ2mqKpC3bfNZt83+8Lez2bFemao1W/X+9Qk7Bmdpv6eagGNUmA2EXByjrngDitIx2k3nQilWcEw7zh+0+kzRpnGwV2a53hc8Xk6wQ7OUM7VYLflBm2H49HyN+1L155JAgAA[0mTests run: 9, Failures: 0, Errors: 0, Skipped: 0, Time elapsed: 31.49 sec
[8mha:AAABeB+LCAAAAAAAAACFkM1Kw0AUha/RanCpO0EIiLrqJPYPbVc2bUSIdVERpLgYkzGNpDNxMpGK4PO40JfxDVwVEd/BmfxUigvvLObjzjn3Hub1GyoJh71x6ieMojhKg5AmCNMk9FjEODqWZCsaMEEgryUNNBf0THCGYwH7bu43C78595tzvxR2XFjxscACNtw7/IDNCNPAHAoe0qAz5bBVpPAYTVhEkJ3fi5thGsvAu/8Hlgu/XnT2cTWcabA8gspNkIXdHP1dLl9v1es9PMOqTEnxhCjWpnHKSwdSDlQ43t4vZ5/bTydZIJlMF7C207DVUeQ4lixFlqU475XUaB3Wuo1S5zilLicnq1Tt18vJllXOs3u/kxXnvZIO+kfFPNWxe6Uup35THQGVqSB8IsC36m2r1raaqFZvGaOLMSfYrzavjdOBc24YHuIoQQT1I5yI0BsSzL2xHYWECgd7gvHHLsHUqBp2xBL5KcaC0PAy5foPAh2YwmMCAAA=[0m03:02:05.236 [Thread-5] INFO  c.r.s.e.ElasticSearchClientFactoryBean - Closing ElasticSearch client
[8mha:AAABhB+LCAAAAAAAAACFkMFOwkAQhkcUbTzqzcRkE6Oe2K4VUOCkhRoTxAPGxDQcVlhLtXTLdjEkRJ/Hg76Mb+CJGOM7uNtSDPHg7KHfzv7/zJ++fkM+FrDXH/ViHuIoGHl+GGMaxn6XB1zgE0W2phaXDNJaykGuCUYiuKCRhP1m6jdnfnPuN+d+Jaw1YaVHJZWw0bynj9QMaOiZbSn80KuNBWzNUnR5GPOAYTv9Lm6GcaQC7/4fWC38ejH4x017moNlF/K3XhJ20/27XL3e6dchPMOqShnSAdOcG0cjkTmwduCZ4+39evq5PTlLAqlkhoS1naKtjybHIao0EaI57WVULB9bp8VM5ziZLiUnqZHeb2STCcnm2fXfyZrTXkYHjcpsnu7Y9UyXUqOkj4T8WDIxkDAkh1ViVUkJW0WC3Ku+YLRXKHXQecu5RIgLD7OAxtLvxoyKbh+HvMdQAbmq88Bkcu2gyYLGJPigjK0n1zqqVCqdKooljyL1yxDGeP0H5osGoHACAAA=[0m03:02:05.240 [Thread-5] INFO  org.elasticsearch.node - [ticket.node] {elasticsearch/0.16.2}[27999]: stopping ...
[8mha:AAABgB+LCAAAAAAAAACFjsFOwkAQhkcUJR71ZmLSxKgntksFtHDSQo1JxQPGxDQcVroWtHTrdjFNiD6PB30Z38ATMcZ3cLelGOLB2cN+O/v/M//rNxRjDnuDsRezEEXB2B+GMSJhPOyzgHF0LMlS1GGCQlZLBSg4UEoF5yQSsO9kfn3m1+d+fe6XwqYDKx4RRMCGc0ceiR6Q0Ne7gg9Dv5lw2Jql6LMwZgFFVnYvboYkkoF3/w8sF369lNjHdXdagGUXijd+GnbT/btc/t6q3wd4hlWZMiQjqriQRGOeO5ByoJnj7f1q+rk9OU0DyWQlAWs7VUsdRbaNZSnCWHHWy6laPzJOqrnOtnNdRnZaY7W/lE/GOJ9ntX4nK856OVXa5mye6litXJdRu6aOgGIiKB8JCPBBAxsNXENGva65lwNOiVeu9bSzjn2haYz7iAYkFsN+TAnvD1DIPKqVNVd27qlInz1tsqDRMarUkfHkGoemafYaWixYFFFv/QdMK4vCawIAAA==[0m03:02:05.266 [Thread-5] INFO  org.elasticsearch.node - [ticket.node] {elasticsearch/0.16.2}[27999]: stopped
[8mha:AAABgx+LCAAAAAAAAACFkMFOwkAQhkcUJR71ZmKyiVFPbJcKaOGkhRoTxAPGxDQc1rIWtHTrdjEkRJ/Hg76Mb+CJGOM7uNtSDPHg7KHfzv7/zJ++fkM+FrDXH/ViHuIoGPmDMMY0jAceD7jAx4psTW0uGaS1lINcCwqJ4JxGEvZbqd+Y+Y2535j7lbDegpUelVTCRuuOPlIjoKFvdKQYhH59LGBrlsLjYcwDhu30u7gZxpEKvPt/YLXw66XAP6470xwsu5C/8ZOwm+7f5er1Vr8+wDOsqpQhHTLNuXE0EpkDaweeOd7er6af25PTJJBKVpCwtlO29dHkOESVJkI0p72MytUj86Sc6Rwn06XkJDXS+wvZZEKyeXbjd7LmtJdRqWnN5umO3ch0KTUr+kjIjyUTQwkROagRs0Yq2KxWkXvZF4z2ipUuOms7Fwhx4WMW0FgOvJhR4fVxyHsMFZGrOvdMJtcumixoDIJLVWw+ueahZVndGvICHqs/hjDG6z9Qe14FbwIAAA==[0m03:02:05.266 [Thread-5] INFO  org.elasticsearch.node - [ticket.node] {elasticsearch/0.16.2}[27999]: closing ...
[8mha:AAABgB+LCAAAAAAAAACFjs1Kw0AUha/VanCpO0EIiLrqZBr7l3alaSNCrYuKIKGLMRnTapqpk6kUij6PC30Z38BVEfEdnEmaSnHhncV8c+ece8/rN+RjDgf9sR+zCI3CcTCIYkSieOCxkHF0LMlW1GGCQlorOci1QUsE52Qk4LCd+o2531j4jYVfChttWPOJIAK22nfkkRghiQKjK/ggChoTDjvzFB6LYhZSZKf38maYjGTg/f8Dy4VfLxr7uO7OcrDqQv4mSMJuu3+Xy99b9fsAz7AuU0ZkSBXnJqMxzxxIOdDc8fZ+NfvcnZ4mgWQyTcDGXslWR5HjYFmKMFac9jIqVWrmSSnTOU6mS8lJaqz2a9lkjLN5dvN3suK0l1GxZc3nqY7dzHQptcrqCMhPBOVDAff4qI7NOi4js1rT3cs+p8QvlHv6Wce50HXGA0RDEouBF1PCvT6KmE/1gu7Kzj0VybOnT5c0BkbFCjKfXLNqWVavrnshi6m/+QMjj3vKagIAAA==[0m03:02:05.278 [Thread-5] INFO  org.elasticsearch.node - [ticket.node] {elasticsearch/0.16.2}[27999]: closed
[8mha:AAABMR+LCAAAAAAAAACFjrFOwzAQhq+BQMQIGxITAjY7oIBAnSBtWAJLJSTUybQhBKV2cJwqEhLPw9C+DG/AVCHEO+CL4yLEwN3gT+f/v/tnX+CWEvYfqnEpOCnyKs14SRgvs5HIhSTnmkKka6ESMNVxwInBawRXrFBwEBs/bf106adLvxZ2Y1gdM8UUbMaPbMpoznhKB0pmPO3WErbbFCPBS5EnJDTv78tQFzrw3v+B9cHPV0+83w4WDqwMwb1Lm7Bbw7/H9e89/j7BC6zplJxNEmSnLippHQQdpHXM324WHzvPl00gncxTsL4bhNhIUeTrQvJ9ZDOzFJycHl0EVhdFVmcoaqrC+57d7Pt2X9j72YxsZpYO+2ftPpyEPasz1D/GVuDWKpETBZ2Nbxim58gAAgAA[0m
[8mha:AAABOR+LCAAAAAAAAACFjsFKxDAQhsdqtexRb4IgiHpLq1RR96TdrZfqwQVB9hR3a610k5qkUhB8Hg/6Mr6Bp0XEdzDTNCviwZlDPib/P/O/fIErBWzdVmPJGSmLKsuZJJTJfMQLLsixpgjpnKsUTM054CTgNYIzWirYTozfb/3+zO/P/FrYTWBhTBVVsJzc0QfqF5Rl/kCJnGXdWsBqm2LEmeRFSiLz/r4MdakDb/4fWB/8fPb4+9Vg6sD8ENzrrAm7Mvx7XP/e4O89PMGiTsnoJEV26rIS1kHQQVrH69vl9GPt8bQJpJN5CpY2wggbKY4DXUhBgGxmlsL9g92T0Ori2OoMxU1VeN+zm4PA7ot6P5uRzczSTv+w3YeTqGd1hvp72ArcWqVioqBzkcqqUHL9qPMNuwXJUgkCAAA=[0mResults :
[8mha:AAABMR+LCAAAAAAAAACFjrFOwzAQhq+BQMQIGxITAjY7oIBAnSBtWAJLJSTUybQhBKV2cJwqEhLPw9C+DG/AVCHEO+CL4yLEwN3gT+f/v/tnX+CWEvYfqnEpOCnyKs14SRgvs5HIhSTnmkKka6ESMNVxwInBawRXrFBwEBs/bf106adLvxZ2Y1gdM8UUbMaPbMpoznhKB0pmPO3WErbbFCPBS5EnJDTv78tQFzrw3v+B9cHPV0+83w4WDqwMwb1Lm7Bbw7/H9e89/j7BC6zplJxNEmSnLippHQQdpHXM324WHzvPl00gncxTsL4bhNhIUeTrQvJ9ZDOzFJycHl0EVhdFVmcoaqrC+57d7Pt2X9j72YxsZpYO+2ftPpyEPasz1D/GVuDWKpETBZ2Nbxim58gAAgAA[0m
[8mha:AAABVR+LCAAAAAAAAACFjsFKw0AQhsdoNXjUmyAERL2UJNYqtT1pmniJXiqC9LS2a4ymu+nuRgKCz+NBX8Y38FREfAd3s9mKeHDmsB+z/z/zv3xBgzPYuS3GnBI3z4okJdxFhKcjmlHmHksKFJ1TgUHXggVWDHYlOEO5gN1Y+73a78393twvhb0YlsZIIAFr8R16QF6GSOINBEtJ0isZbNQpRpRwmmE30O/vy1DmMvD2/4Hlwc9nm75fDWYWLA6hcZ1UYdeHf4/L3xv1O4UnWJYpCZpgxVaZF8w4XOVwa8fr2+XsY/PxtAokk9kCVrbagWpFUeTLUuT7ivXMUPuw0zppG10UGZ2mqKpC3bfNZt83+4L+z2bFemZoLzyq96lJ0Dc6TeGBagGNUmA2EdC6wFxwhxWk6+x3mk6E0qxgmHcdv+mEjFGmcXCf5jkeS179BuU95ukxAgAA[0mTests run: 38, Failures: 0, Errors: 0, Skipped: 0
[8mha:AAABMR+LCAAAAAAAAACFjrFOwzAQhq+BQMQIGxITAjY7oIBAnSBtWAJLJSTUybQhBKV2cJwqEhLPw9C+DG/AVCHEO+CL4yLEwN3gT+f/v/tnX+CWEvYfqnEpOCnyKs14SRgvs5HIhSTnmkKka6ESMNVxwInBawRXrFBwEBs/bf106adLvxZ2Y1gdM8UUbMaPbMpoznhKB0pmPO3WErbbFCPBS5EnJDTv78tQFzrw3v+B9cHPV0+83w4WDqwMwb1Lm7Bbw7/H9e89/j7BC6zplJxNEmSnLippHQQdpHXM324WHzvPl00gncxTsL4bhNhIUeTrQvJ9ZDOzFJycHl0EVhdFVmcoaqrC+57d7Pt2X9j72YxsZpYO+2ftPpyEPasz1D/GVuDWKpETBZ2Nbxim58gAAgAA[0m
[8mha:AAABTR+LCAAAAAAAAACFj8FKxDAQhsdqtXjUmyCsiHprq6yi7GntbkWte7AgyOIhtrGudJOapFIQfB4P+jK+gadFxHcwaZoV8eDkkI/J/8/8efkCmzPYvC1TTolb5GU2ItxFhI8SmlPmdiUFigZUYNA1Y4EVgVMLzlAhYCvSfq/xe1O/N/VLYSeCuRQJJGApukMPyMsRybxYsBHJOhWDlSZFQgmnOXYDff/eDFUhA2/8H1gu/Hx26PtlPLFgdgj2dVaHXR7+XS5fb9TrPTzBvExJ0BgrtqqiZMbhKofbOF7fLiYfq49HdSCZzBGwsN4O1FEUhr4sRb6vWPcMtff2dw7bRheGRqcprKtU+x0z2ffNvKD3M1mx7hna7h8081Qn6Bmdpv6uOgLsSmA2FrA2POkPTo8H8VXrHCeUpfJnLYG5aDHMy1zwxW9i5kciIAIAAA==[0m[JENKINS] Recording test results
[8mha:AAABPR+LCAAAAAAAAABb85aBtbiIQS2jNKU4P0+vIKc0PTOvWC8xrzgzOT8nv0jPEchyBrH88ktSGSCAkYmByYeBA6zAN7GghEHdB6JfH6pfH65fH64fqNDah4ElJbEksYRByCcrsSxRPycxL10/uKQoMy/duqKIQQrqiuT8vOL8nFQ9ZwiNajNDRQHQwaqEHQy08PUKjvyHkcHPmRiYoxlYk9LBjhWOxrQcKJsGki1kqGNgA7oyLzE3FcRmqigoLYLp0APp0IPqWHsp7PlL2Wp3sIOALuMoYWBXNnEGQRDLzc0ACEAsAwMQGyIGY5mYWRg5mcDUubnB1EFYbmBQCrKfA2aygQHMPGcXhMkgNkQMxjJ0tYSaBxJxdoGpg7BcTUGwhIG1oiS1KLeEISDa08/NP1aBWoALADftnitPAgAA[0m[INFO]                                                                         
[8mha:AAABPh+LCAAAAAAAAABb85aBtbiIQS2jNKU4P0+vIKc0PTOvWC8xrzgzOT8nv0jPEchyBrH88ktSGSCAkYmByYeBA6zAN7GghEHdB6JfH6pfH65fH64fqNDah4ElJbEksYRByCcrsSxRPycxL10/uKQoMy/duqKIQQrqiuT8vOL8nFQ9ZwiNajNDRQHQwaqEHQy08PUKjvyHkcHPmRiYoxlYk9LBjhWOxrQcKJsGki1kqGNgA7oyLzE3FcRmqigoLYLp0APp0IPqWHsp7PlL2Wp3sIOALuMoYWBXNnEGQRDLzc0ACEAsAwMQGyIGY5mYWRg5mcDUubnB1EFYbmBQCrKfA2aygQHMPGcXhMkgNkQMxjJ0tYSaBxJxdoGpg7BcTUGwhIG1oiS1KLeEISDa08/NP1ZBl0qACwBzBPd0TwIAAA==[0m[INFO] ------------------------------------------------------------------------
[8mha:AAABWx+LCAAAAAAAAACFj8FKw0AQhsdoNXjUmyAURL3oZqutKD21aaNCbIWIIEVkm8aYkiZxs5GA4PN40JfxDTwVEd/B3Wy2Ih6cPezH7P/P/PvyBZWUwtZdNkrjCCVh5gdRikiUBm4cxhS1OJmCejHzQNacBpoNeiE4IwmDbVv6jdJvzPzGzM+FTRsWRoQRBiv2mDwQIySRbziMBpHfzCmslSncOErj0EOmvH9vhjzhgTf/D8wXfj7r8fuVM9VgfgCVoV+EXR38Xc5fb8XrPTzBIk8ZkYknWMuTjCoHEg5UOl7fLqcf64/HRSCeTGewtFE3xRFkWZiXIIwFy56i+sHhXruudJaldJKsojKxX1eTMVbzzM7PZMGyp6jWPSrniY7ZUTpJ3YY4DCo58+iEwc7gtGf1r6vtLAhH/FdVN3OzydCjVYxqCN8MG/u7Tq917pz0L5a/AWOx7L8rAgAA[0m[INFO] Building cucumber 0.1.0_b53-SNAPSHOT
[8mha:AAABPh+LCAAAAAAAAABb85aBtbiIQS2jNKU4P0+vIKc0PTOvWC8xrzgzOT8nv0jPEchyBrH88ktSGSCAkYmByYeBA6zAN7GghEHdB6JfH6pfH65fH64fqNDah4ElJbEksYRByCcrsSxRPycxL10/uKQoMy/duqKIQQrqiuT8vOL8nFQ9ZwiNajNDRQHQwaqEHQy08PUKjvyHkcHPmRiYoxlYk9LBjhWOxrQcKJsGki1kqGNgA7oyLzE3FcRmqigoLYLp0APp0IPqWHsp7PlL2Wp3sIOALuMoYWBXNnEGQRDLzc0ACEAsAwMQGyIGY5mYWRg5mcDUubnB1EFYbmBQCrKfA2aygQHMPGcXhMkgNkQMxjJ0tYSaBxJxdoGpg7BcTUGwhIG1oiS1KLeEISDa08/NP1ZBl0qACwBzBPd0TwIAAA==[0m[INFO] ------------------------------------------------------------------------
[8mha:AAABOR+LCAAAAAAAAACFjsFKxDAQhsdqtXjUmyAIot7SKlWUPbndrQh1PSwIUjzE3Vor3aSmqRQEn8eDvoxv4GkR8R3MNM2KeHDmkI/J/8/8L19glwK2b6txyRkp8irNWEkoK7MRz7kgx4oCpAGXCeias8CKwGkEZ7SQsBNpv9v63ZnfnfmVsBPBwphKKmEluqMP1M0pS92hFBlLO7WAtTbFiLOS5wkJ9Pv7MtSFCrz1f2B18PPZ4e+Xw6kF8zHY12kTdjX+e1z93uDvPTzBokrJ6CRBtuqiEsZB0EFax+vbxfRj/fGkCaSSORKWNv0AGykMPVVInoesZ4b8g8O9rm90YWh0msKmKrzvmM2eZ/YFvZ/NyHpmaLd/1O7DSdAzOk39fWwJdi0TMZHgxKeD8PxqY/kbaqkK+wcCAAA=[0m[INFO] 
[8mha:AAAB5B+LCAAAAAAAAACFUU+L00AcHavV4lFvLkJA1j+U/CupG7ss2KRN6G5ss1SD3bCHaTrNJptMajIJqYKfx4N+Gc9ePC0ifgdnkmZFPPjmMI/fvPd7D+bzL9DOUvD4Il9lCRY2Ue4HOBMgzgIviZJUGFKmMzZNCAI1brRAywKdSvAKbgh4YtV+cecXr/3itZ8KDy1wawUJJOCeFcICihHEvjgnaYD9wzIFD3YtvARnSYQEvb7/Tgblhhbe/39hGvjzUyf5vphftcBNF7SXflX2vvtvOH1ds9d34CO4TVtiGCPGW+UmTxuHwBzCzvHlq3P14+EHsypEm3UIuPNI0dlhzDAkCsYkifF61jDludrTlEZnGI2uZkaFnOV3ms2S1OzTR382M17PGiaPX+z2sYk+anQ1G/fZIaBdEpTGBHxzJ1Njds7tuWp8AQdDioXWtfRhA22p9qFGlsHkdB6H05M3ii11i2NrrOSyX9ghKq2RY78vV2OzKOKz7tuD/hm6tKKZsy5eh55q2Mc+NINgYp7AwOzbW1Uptp4zkrE+lOdbGhDquqGd6k7vYBYuqsyjoz1Xinme52JYIMx7EYKYrz960BMUQR5UI+7pCq1hHpFa8Yx7yXm5l8dLlHLUffc3rQdc6NsCAAA=[0m[INFO] [8mha:AAAAYB+LCAAAAAAAAABb85aBtbiIQSmjNKU4P0+vJLE4u1gvPjexLDVPzxdEGvvmZ+X75ZekLlOVfvTjc8FPJgaGiiIGKaiG5Py84vycVD1nCA1SyAABjCCFBQCV27OjYAAAAA==[0m--- maven-clean-plugin:2.4.1:clean (default-clean) @ cucumber ---
[8mha:AAABOR+LCAAAAAAAAACFjsFKxDAQhsdqtXjUmyAIot7SKlWUPbndrQh1PSwIUjzE3Vor3aSmqRQEn8eDvoxv4GkR8R3MNM2KeHDmkI/J/8/8L19glwK2b6txyRkp8irNWEkoK7MRz7kgx4oCpAGXCeias8CKwGkEZ7SQsBNpv9v63ZnfnfmVsBPBwphKKmEluqMP1M0pS92hFBlLO7WAtTbFiLOS5wkJ9Pv7MtSFCrz1f2B18PPZ4e+Xw6kF8zHY12kTdjX+e1z93uDvPTzBokrJ6CRBtuqiEsZB0EFax+vbxfRj/fGkCaSSORKWNv0AGykMPVVInoesZ4b8g8O9rm90YWh0msKmKrzvmM2eZ/YFvZ/NyHpmaLd/1O7DSdAzOk39fWwJdi0TMZHgxKeD8PxqY/kbaqkK+wcCAAA=[0m[INFO] 
[8mha:AAAB6x+LCAAAAAAAAACFkc1u00AUhYdAIGIJOyokS6j8KIp/KoeaVJWIndhKaxJXBovU6mLsTF279jjYY8sBiedhAS/DngWrCiHegRk7LkIsuLOYT3fuuedI8/kX6OYZeHxRrPIU8+u4CEKc8xDnoZ/GacaPKWmM5ilBoKkbHdAxQa8eeAXXBDwxG72w1QvXeuFaTwcPTHBrBQkk4J4ZwRIKMcSBYJMsxMFBlYEH2xR+ivM0RrzW3H87g2pNA+/+PzA1/Pmpl35f2lcdcNMFXS+ow953/zWnr+fs9R34CG7TlBgmiHGnWhdZq+CZgt8qvnx1rn48/GDUgWiyHgF3HskaO4x0XaTFSBQZN72W5OfKniq3c7rezjWk11Uw/167WRTbfdrkz2bGTa8lafpiu491tEk719B0yA4B3YqgLCHgmzub64szbsdVkgs4GtNaqn1TG7elesoQqsQLZyd2Es2P38iW2C+PzKlcSEFpRagyJ471vlpNjbJMTvtv94en6NKMF855+TryFd06CqARhjPjGIbG0NoocrnxnYmEtbFkb6hBpGm6eqI5e/uLaFl7Hh7uuGIyGAy4IIElwoPmj0cSL48ChFEGCbJJ4eXcU68I45WRpWkZovwZ95LzC79IPJRxVH73N5eak6fcAgAA[0m[INFO] [8mha:AAAAYB+LCAAAAAAAAABb85aBtbiIQSmjNKU4P0+vJLE4u1gvPjexLDVPzxdEGvvmZ+X75ZekLlOVfvTjc8FPJgaGiiIGKaiG5Py84vycVD1nCA1SyAABjCCFBQCV27OjYAAAAA==[0m--- gmaven-plugin:1.4:generateStubs (buildGroovies) @ cucumber ---
[8mha:AAABVx+LCAAAAAAAAACFj81Kw0AUha/RanCpO0EIiLpLUqmidKVpI0qsi4IgxcW0ncZIOhPnRwKCz+NCX8Y3cFVEfAdnMpmKuPAOZD7unHPvycsXNDiDnVs55pT4RS7TjHAfEZ6NaE6Zf6wo0tSjAoOpBQecBNxKcIEKAbuJ8Qe1P5j7g7lfCdsJLI2RQALWkjv0gIIckTToC5aRtF0y2KhTjCjhNMd+ZO7fm6EsVODt/wOrhZ/PLn2/7s8cWBxAY5hWYdcHf5er14l+vYcnWFYpCZpizU5ZSGYdvnb4teP17Wr2sfl4WgVSyVwBK1utSB9NcRyq0hSGmk3PUuvgcO+kZXVxbHWG4qqk3u/ayWFo50Wdn8maTc9Ss3tUz9OdqGN1hrr7+gholAKzqYDm4KwXX954PepxKtkIc29CJRmrL/PO1S97XMihl2KCGRIZJavfY1hw9jACAAA=[0m[INFO] No sources found for Java stub generation
[8mha:AAABOR+LCAAAAAAAAACFjsFKxDAQhsdqtXjUmyAIot7SKlWUPbndrQh1PSwIUjzE3Vor3aSmqRQEn8eDvoxv4GkR8R3MNM2KeHDmkI/J/8/8L19glwK2b6txyRkp8irNWEkoK7MRz7kgx4oCpAGXCeias8CKwGkEZ7SQsBNpv9v63ZnfnfmVsBPBwphKKmEluqMP1M0pS92hFBlLO7WAtTbFiLOS5wkJ9Pv7MtSFCrz1f2B18PPZ4e+Xw6kF8zHY12kTdjX+e1z93uDvPTzBokrJ6CRBtuqiEsZB0EFax+vbxfRj/fGkCaSSORKWNv0AGykMPVVInoesZ4b8g8O9rm90YWh0msKmKrzvmM2eZ/YFvZ/NyHpmaLd/1O7DSdAzOk39fWwJdi0TMZHgxKeD8PxqY/kbaqkK+wcCAAA=[0m[INFO] 
[8mha:AAAB5B+LCAAAAAAAAACFUduK00AYHqvV4qXeuQgB8UTJoSVxY5cFm2kTuhvbLNVgN3gxTafZxBxqMgmpgs/jhb6Mb+CNi4jv4EzSdBEv/OdiPv75TjBffoN2loJHF/kqS2JhE+aeH2cCijPfTcIkFYYUQYamCcGgnmst0DJBpyK8RBsCHpu1Xtzpxb1e3Osp8cgEN1aIIALumAEqkBii2BPnJPVj76hMwb1dCzeJsyTEAqzvv5NBuaGFH/6/MA389bmTfF/ML1vgugPaS68qe9f5N5y+rtnre/AJ3KQtYxRhhlvlJk8bhcAUwk7x9Zt9+fP+R6MqRJt1CLj1QIbsMKTrEh2GJInhetcg+Zna1+SGp+sNr0Z6NTnL7zTOktT4wdGVM8P1rkG98fOdH9vAUcOr0Vhhh4B2SXAaEfDDmUz12VvuwFGjCzQY0lloXRMOm9GWqoI0svQnZ/MomJ6+li2pW5yYYznveYUV4NIc2daHcjU2iiI67745VM7xOzOc2eviVeCqunXiIcP3J8Yp8g3F2qpysXXtUS+Gw958SwMCCHXtDNr9w1mwqDKPjw8cKeJ5notQgWM+xVmSpy7O+PqzB31BGeyX3JMVXqM8JFe8p9wLzs3dPFrilKM+t/8AB+jLiuUCAAA=[0m[INFO] [8mha:AAAAYB+LCAAAAAAAAABb85aBtbiIQSmjNKU4P0+vJLE4u1gvPjexLDVPzxdEGvvmZ+X75ZekLlOVfvTjc8FPJgaGiiIGKaiG5Py84vycVD1nCA1SyAABjCCFBQCV27OjYAAAAA==[0m--- maven-resources-plugin:2.5:resources (default-resources) @ cucumber ---
[8mha:AAABSR+LCAAAAAAAAACFkMFKxDAQhsdqtXjUm6AsiHprq1RR9qTdrZfqZUGQ4iHbxlrpJjVNpCj4PB70ZXwDT4uI72DSNCviwckhH5P/n/nJyxfYNYPtG5HVlLhVKfKC1C4idZHSkjL3WFKo6JxyDLrmLLBicFrBGao47MTa73V+b+b3Zn4p7MewkCGOOKzEt+geeSUiuTfirCB5v2Gw1qVIKalpid1Q3783Q1PJwFv/B5YLP58d+n45mlown4A9ztuwq8nf5fL1Wr3ewRMsypQETbBiq6kEMw5XOdzO8fp2Mf1YfzxtA8lkDoelzSBUR1EU+bIU+b5i3TMUHBzunQRGF0VGpylqS6j9jpns+2ZeOPiZrFj3DO0Oj7p5qhMOjE7TcF8dDnbDMZtw2EgyPBb5VQ83OBUc9+TPc9xwgcriAS9/A5XpSKMdAgAA[0m[debug] execute contextualize
[8mha:AAABYB+LCAAAAAAAAACFj0FLwzAUx5/VafGoN0EoiO5kW2XKdCftVhHqPMwJMjzENquVmtQklYrg5/GgX8Zv4GmI+B1M2mYiHnw55MfL///ePy9f0OAMNq7ziFNiZ2keJ4TbiPAkpCll9oEkT1GfCgxVzRhgBGCWghOUCWgGld+p/c7U70z9UtgJYC5CAglYCm7QPXJSRGJnIFhC4k7BYKVOEVLCaYptr7p/b4Yik4HX/w8sF34+m/T9YjAxYHYEjau4DLs8+rtcvo7V6x08wbxMSdAtVmwUWc60w1YOu3a8vp1PPlYfj8pAMpkpYGGt5amjyPddWYpcV3HV09TabW8ftrTO97WuIr+sXO039WTX1fO87s9kxVVP01Zvr56nOl5X6yrq7agjoFEIzG4F7I+O+/7ppTXk8ktWc3jmb7abFiYhjVRDUCuk2YM1TlKpx5HFMKc5CzG3F78Bz0LDdTkCAAA=[0m[INFO] Using 'UTF-8' encoding to copy filtered resources.
[8mha:AAABiB+LCAAAAAAAAACFkcFKAzEQhsdqtXjUmyAsiHrbrFJF8aTbrgi1HqqCFA9pGtu022RNsu2K4PN40JfxDTwVEd/BpNtUxIOTw35M5v/nD/vyBUUlYaubtpXgfhKnHcaVj7liRMRC+seGQkt1oSnkNVeAQg1Kk4FznGjYruV6NNWjmR7N9GbwqAYLbayxhpVaDw8xijHvoIaWjHeOMglr0xREcCVi6of59/dmyBITePP/wGbh53NJvN80xgWYb0Kx1ZmEXW3+XW5u7+ztPTzBoknJ8YBaLmRJKp3Ctwp/qnh9ux5/rD+eTgKZZCUNSxvl0B5LURSYshQElvOeo/L+we5J2c1FkZvLKZpUaveXnHMQOL+w8uNsOe852qkeTv1sJ6y4uZyqe/ZoKGaayoGGUfOsHl3ceqrPEo8L7tGMKW2e50mqRCoJrTBJiRbywUNDLFHMWqhHed/+455oKXTZoFiS7hVnWlOl0UjIvkowoYikJB20qERKEjTAjCPnqZa/AZqbTXx2AgAA[0m[INFO] skip non existing resourceDirectory /var/lib/jenkins/jobs/TSearchUnittest/workspace/cucumber/src/main/resources
[8mha:AAABOR+LCAAAAAAAAACFjsFKxDAQhsdqtXjUmyAIot7SKlWUPbndrQh1PSwIUjzE3Vor3aSmqRQEn8eDvoxv4GkR8R3MNM2KeHDmkI/J/8/8L19glwK2b6txyRkp8irNWEkoK7MRz7kgx4oCpAGXCeias8CKwGkEZ7SQsBNpv9v63ZnfnfmVsBPBwphKKmEluqMP1M0pS92hFBlLO7WAtTbFiLOS5wkJ9Pv7MtSFCrz1f2B18PPZ4e+Xw6kF8zHY12kTdjX+e1z93uDvPTzBokrJ6CRBtuqiEsZB0EFax+vbxfRj/fGkCaSSORKWNv0AGykMPVVInoesZ4b8g8O9rm90YWh0msKmKrzvmM2eZ/YFvZ/NyHpmaLd/1O7DSdAzOk39fWwJdi0TMZHgxKeD8PxqY/kbaqkK+wcCAAA=[0m[INFO] 
[8mha:AAAB5R+LCAAAAAAAAACFUduK00AYHqvV4qXeuQgBWQ+UHFpTN9tlwWbahO7Gtks12A1eTNNpNjEnk0lIFXweL/RlfAPxYhHxHZzJYUW88J+L+fjnO8F8/gXaaQIeXmSbNAqF2M8cN0wFFKauHflRIowoggzNIoJBNddaoGWATkl4gWICHhmVXqz14pVevNJT4pEBbmwQQQTcMTyUI9FHoSMuSeKGzlGRgHt1CzsK08jHAqzuv5NBEdPC+/8vTAN/fupE31bLyxa4boH22inL3rX+DaevW/b6DnwEN2nLEAWY4VYRZ0mjEJhCqBVfvpqXP+5/0MtCtFmHgFsPZMgOQ5om0WFIkhiudg2Snyl9VW54mtbwKqSVk7H8TuMsSY0fHP9xZrjaNag3Oaz92AaOG16FJgN2CGgXBCcBAd+t6Uybv+H2LCW4QMMRnZXaNeCoGXWtDJBK1u70bBl4s9NX8kLq5ifGRM56Tr7wcGGMzcX7YjPR8zw4774+GJzjt4Y/N7f5S89WtMWJg3TXneqnyNUHi50i5zvbHPdCOOotdzTAg1BTz6DZP5h7qzLz+HjPkgKe57kA5Tjk7SiIXR8nfPXXw77wVOgP6y33eIO3KPNJQ3vCPefszM6CNU44anL7N76vAwTiAgAA[0m[INFO] [8mha:AAAAYB+LCAAAAAAAAABb85aBtbiIQSmjNKU4P0+vJLE4u1gvPjexLDVPzxdEGvvmZ+X75ZekLlOVfvTjc8FPJgaGiiIGKaiG5Py84vycVD1nCA1SyAABjCCFBQCV27OjYAAAAA==[0m--- maven-compiler-plugin:2.3.2:compile (default-compile) @ cucumber ---
[8mha:AAABSR+LCAAAAAAAAACFjsFKxDAQhsdqtXjUm7BQEPXWVqmi7MntbkWo9bAgSPEQu7VWuklNUikIPo8HfRnfwNMi4juYNM2KeHDmkI/J/8/8L19gMgrbt/WEEexUZZ0XmDkIsyIlJaHOsaBAUkx4BqoWDDAisFrBGao47ETK73Z+d+53534h7EewNEEccViL7tADckuEc3fMaYHzfkNho0uREsxImTmBen9fhqYSgbf+DywOfj5b5P1yPDNgMQHzOm/Drid/j4vfG/l7D0+wLFJiNM0kG01VU+1wpMPpHK9vF7OP3uNJG0gkszisbPqBbElh6ImS5HmS1UyTf3C4N/C1Lgy1TlHYVi3vW3qz5+l9wfBns2Q107Q7Our2yUkw1DpFo33ZHMyGZ3TKoZecxuH5lR0Tm5GaphmzObFTMq2KMlv9BgeL8agcAgAA[0m[INFO] No sources to compile
[8mha:AAABOR+LCAAAAAAAAACFjsFKxDAQhsdqtXjUmyAIot7SKlWUPbndrQh1PSwIUjzE3Vor3aSmqRQEn8eDvoxv4GkR8R3MNM2KeHDmkI/J/8/8L19glwK2b6txyRkp8irNWEkoK7MRz7kgx4oCpAGXCeias8CKwGkEZ7SQsBNpv9v63ZnfnfmVsBPBwphKKmEluqMP1M0pS92hFBlLO7WAtTbFiLOS5wkJ9Pv7MtSFCrz1f2B18PPZ4e+Xw6kF8zHY12kTdjX+e1z93uDvPTzBokrJ6CRBtuqiEsZB0EFax+vbxfRj/fGkCaSSORKWNv0AGykMPVVInoesZ4b8g8O9rm90YWh0msKmKrzvmM2eZ/YFvZ/NyHpmaLd/1O7DSdAzOk39fWwJdi0TMZHgxKeD8PxqY/kbaqkK+wcCAAA=[0m[INFO] 
[8mha:AAAB5h+LCAAAAAAAAACFkctu00AUhodAIGIJOyokS6hcFMWXyqEmVSXiSWylNYmrgEVqdTF2pu64vuGbHJB4HhbwMmxYs6oQ4h2YseMixIIzi/l05vzn/6X5/At0sxQ8vijWWRzxSVB4JMp4FGXEjYM45ceUIKN5nGPQ1I0O6BigVw+8QkkOnhiNXtjqhWu9cK2ngwcGuLVGOcrBPcNHJRICFHnCMk9J5B1UKXiwTeHGURYHmIfN/bczqBIaePf/ganhz0+9+PtqedUBN23Qdbw67H37X3P6es5e34GP4DZNGaEQM+5USZG2Cp4p+K3iy1fr6sfDD3odiCbr5eDOIxmyw0jTRFqMRJFx02tJfq7sqXI7p2ntXENaXQXz77WbRbHdByd/NjNuei1J0xfbfawDJ+1cQ9MhOznoVjlOwxx8s2dzbXHG7dhKeIFGY1ortW/AcVuqowyRmjtkdrIM/fnxG9kU++WRMZULyStNH1fGxDLfV+upXpbhaf/t/vAUXxrBwjovX/uuoplHHtIJmenHiOhDc6PI5ca1JlIEx9JyQw18CDX1BFp7+wt/VXseHu7YYjgYDDgvRCWOBs0fjyReHrlxmJAAc0+dggRrPY3jkuDsGfeScwu3CB2cclR49zetW5vs1gIAAA==[0m[INFO] [8mha:AAAAYB+LCAAAAAAAAABb85aBtbiIQSmjNKU4P0+vJLE4u1gvPjexLDVPzxdEGvvmZ+X75ZekLlOVfvTjc8FPJgaGiiIGKaiG5Py84vycVD1nCA1SyAABjCCFBQCV27OjYAAAAA==[0m--- gmaven-plugin:1.4:compile (buildGroovies) @ cucumber ---
[8mha:AAABTR+LCAAAAAAAAACFjs9Kw0AQxsdoNHjUmyAEinpLokRRetK0ESHWQ0GQ4mFN0xhJd+P+kYDg83jQl/ENPBUR38HdbLYiHpw57I/Z75v5Xr7AZhS2b8WYEexVpcgLzDyEWZGSklDvWFKkaEB4BroWLLAScBrBOao47CTa77d+f+73534p7CawNEYccVhL7tAD8kuEc3/IaYHzbk1ho02REsxImXmRfn9fhrqSgbf+DywPfj475P1qOLNgcQT2Td6EXR/9PS5/J+r3Hp5gWabEaJoptupKUOPwlMNrHa9vl7OPzcfTJpBM5nBY6YSRakVxHMhSFASK9cxQeHC4dxIaXRwbnaa4KaHuO2ZzEJh9Ue9ns2I9M7TbP2r3qUnUMzpN/X3VHOyaZ3TKoTM6G8QX1+6AuIwImmbMnRCBxy4nbkqmVVFmq995OJpqIgIAAA==[0m[INFO] No sources found to compile
[8mha:AAABOR+LCAAAAAAAAACFjsFKxDAQhsdqtXjUmyAIot7SKlWUPbndrQh1PSwIUjzE3Vor3aSmqRQEn8eDvoxv4GkR8R3MNM2KeHDmkI/J/8/8L19glwK2b6txyRkp8irNWEkoK7MRz7kgx4oCpAGXCeias8CKwGkEZ7SQsBNpv9v63ZnfnfmVsBPBwphKKmEluqMP1M0pS92hFBlLO7WAtTbFiLOS5wkJ9Pv7MtSFCrz1f2B18PPZ4e+Xw6kF8zHY12kTdjX+e1z93uDvPTzBokrJ6CRBtuqiEsZB0EFax+vbxfRj/fGkCaSSORKWNv0AGykMPVVInoesZ4b8g8O9rm90YWh0msKmKrzvmM2eZ/YFvZ/NyHpmaLd/1O7DSdAzOk39fWwJdi0TMZHgxKeD8PxqY/kbaqkK+wcCAAA=[0m[INFO] 
[8mha:AAAB7R+LCAAAAAAAAACFkctu00AUhodAaMQSdlRIlhA3RfGlcqhJVYl4EltpTeLKxSK1WIydqWvXl2CPLQcknocFvAxv0FWFEO/AjB0XIRacWcynM+c//y/N11+gm2fg6UWxytOEX0eFHyQ5j5I88NIozfgxJchonhIMmrrVAR0D9OqBN2hNwDOj0QtbvXCjF270dPDAAHdWiCAC7hshKpEQocQXLJIFiX9QZeDhNoWXJnkaYR4299/OoFrTwE/+H5ga/vzSS6+W1nUH3HZA1/XrsA+cf83p6zl7/QA+g7s0ZYJizLhTrYusVfBMwW8V377b1z8efdLrQDRZj4CdxzJkh5GmibQYiSLjpteS/FLZU+V2TtPauYa0ugrm32s3i2K7D07+bGbc9FqSpq+2+1gHTtq5hqZDdgjoVgRnMQFXzmyuLd5zu44SX6DRmNZS7Rtw3JbqKkOkEjeYnVhxOD9+K5tivzwypnIh+aUZ4sqY2ObHajXVyzI+67/bH57hSyNa2OflaegpmnnkIz0IZvoxCvShuVHkcuPZEymBY8naUIMQQk09gfbe/iJc1p6Hh7uOGA8GA86PUYmTQfPHI4mXRz5OcIYIPsU5sUjh5txztwiilZ6laRng/AX3mvMKr4hdnHF0xb3fktI9/+ACAAA=[0m[INFO] [8mha:AAAAYB+LCAAAAAAAAABb85aBtbiIQSmjNKU4P0+vJLE4u1gvPjexLDVPzxdEGvvmZ+X75ZekLlOVfvTjc8FPJgaGiiIGKaiG5Py84vycVD1nCA1SyAABjCCFBQCV27OjYAAAAA==[0m--- gmaven-plugin:1.4:generateTestStubs (buildGroovies) @ cucumber ---
[8mha:AAABSx+LCAAAAAAAAACFj0FLwzAUx5/VavGoN0EpiHprq0xx7KTdOpQ6DwNBhodsjXXSJV2SSkHw83jQL+M38DRE/A4mTTMRD74c8uPl/3/vn5cvsDmD3bsi4ZR4eVakY8I9RPh4RDPKvBNJoaIeFRh0LVhgxeBUgguUC9iLtd+v/f7c78/9UtiKYSlBAglYi+/RA/IzRFK/L9iYpK2SwUadYkQJpxn2Qn3/3gxlLgPv/B9YLvx8duj7dX9mweIA7GFahV0f/F0uX2/V6xSeYFmmJGiCFVtlXjDj8JTDqx2vb1ezj83HbhVIJnMErGw3QnUURVEgS1EQKNY9Q42j44PThtFFkdFpiqoq1H7HTA4CMy9s/0xWrHuG9jvNep7qhG2j09Q5VEeAXQrMJgK2Bme96PLG7WKCGRI4cZvuufypy0Ux5KvfL89tcx0CAAA=[0m[INFO] Generated 9 Java stubs
[8mha:AAABOR+LCAAAAAAAAACFjsFKxDAQhsdqtXjUmyAIot7SKlWUPbndrQh1PSwIUjzE3Vor3aSmqRQEn8eDvoxv4GkR8R3MNM2KeHDmkI/J/8/8L19glwK2b6txyRkp8irNWEkoK7MRz7kgx4oCpAGXCeias8CKwGkEZ7SQsBNpv9v63ZnfnfmVsBPBwphKKmEluqMP1M0pS92hFBlLO7WAtTbFiLOS5wkJ9Pv7MtSFCrz1f2B18PPZ4e+Xw6kF8zHY12kTdjX+e1z93uDvPTzBokrJ6CRBtuqiEsZB0EFax+vbxfRj/fGkCaSSORKWNv0AGykMPVVInoesZ4b8g8O9rm90YWh0msKmKrzvmM2eZ/YFvZ/NyHpmaLd/1O7DSdAzOk39fWwJdi0TMZHgxKeD8PxqY/kbaqkK+wcCAAA=[0m[INFO] 
[8mha:AAAB7B+LCAAAAAAAAACFkctu00AUhodAIGIJOyokS4ibIl8S2dSkqkQ8ia20JnEJWKRWFxNn4tr4Euyx5YDE87CAl+ENWFUIwTMwY8dFFQvOLPzpnPOf/5f85RdoZyl4dJ6vsiQWNmHu+XEmoDjz3SRMUmFICTKaJgSDuq61QMsEnWrhJdoQ8Nis9eJOL17qxUs9XTwwwY0VIoiAO2aACiSGKPbEOUn92DsoU3Bvl8JN4iwJsQDr71VnUG5o4If/D0wNf37uJN8X84sWuO6A9tKrwt51/jWn0zWbvgefwE2aMkYRZtwqN3naKASmEHaKr9/six/3PxpVIJqsQ8CtBzJkj5GuS7QYSRLjuteQ/Ezta3Kzp+vNXk16VTnz7zSXJam5B0d/LzOuew31xs9391gHjpq9msYKewS0S4LTiIDfzmSqz864PUeNztFgSGuhdU04bEpbqgrSyNKfnMyjYHr8RrakbnFkjuW85xVWgEtzZFsfytXYKIrotPt2XznF78xwZq+L14Gr6taRhwzfnxjHyDcUa6vKxda1R70YDnvzLTUIINS1E2j392fBovI8PNxzpIjneS5CBY75FGdJnro44+ufPegLyoDgjLxqBtyTFV6jPCT8lfZT7gXn5m4eLXHK0Xu3/wBawwU37QIAAA==[0m[INFO] [8mha:AAAAYB+LCAAAAAAAAABb85aBtbiIQSmjNKU4P0+vJLE4u1gvPjexLDVPzxdEGvvmZ+X75ZekLlOVfvTjc8FPJgaGiiIGKaiG5Py84vycVD1nCA1SyAABjCCFBQCV27OjYAAAAA==[0m--- maven-resources-plugin:2.5:testResources (default-testResources) @ cucumber ---
[8mha:AAABSR+LCAAAAAAAAACFkMFKxDAQhsdqtXjUm6AsiHprq1RR9qTdrZfqZUGQ4iHbxlrpJjVNpCj4PB70ZXwDT4uI72DSNCviwckhH5P/n/nJyxfYNYPtG5HVlLhVKfKC1C4idZHSkjL3WFKo6JxyDLrmLLBicFrBGao47MTa73V+b+b3Zn4p7MewkCGOOKzEt+geeSUiuTfirCB5v2Gw1qVIKalpid1Q3783Q1PJwFv/B5YLP58d+n45mlown4A9ztuwq8nf5fL1Wr3ewRMsypQETbBiq6kEMw5XOdzO8fp2Mf1YfzxtA8lkDoelzSBUR1EU+bIU+b5i3TMUHBzunQRGF0VGpylqS6j9jpns+2ZeOPiZrFj3DO0Oj7p5qhMOjE7TcF8dDnbDMZtw2EgyPBb5VQ83OBUc9+TPc9xwgcriAS9/A5XpSKMdAgAA[0m[debug] execute contextualize
[8mha:AAABYB+LCAAAAAAAAACFj0FLwzAUx5/VafGoN0EoiO5kW2XKdCftVhHqPMwJMjzENquVmtQklYrg5/GgX8Zv4GmI+B1M2mYiHnw55MfL///ePy9f0OAMNq7ziFNiZ2keJ4TbiPAkpCll9oEkT1GfCgxVzRhgBGCWghOUCWgGld+p/c7U70z9UtgJYC5CAglYCm7QPXJSRGJnIFhC4k7BYKVOEVLCaYptr7p/b4Yik4HX/w8sF34+m/T9YjAxYHYEjau4DLs8+rtcvo7V6x08wbxMSdAtVmwUWc60w1YOu3a8vp1PPlYfj8pAMpkpYGGt5amjyPddWYpcV3HV09TabW8ftrTO97WuIr+sXO039WTX1fO87s9kxVVP01Zvr56nOl5X6yrq7agjoFEIzG4F7I+O+/7ppTXk8ktWc3jmb7abFiYhjVRDUCuk2YM1TlKpx5HFMKc5CzG3F78Bz0LDdTkCAAA=[0m[INFO] Using 'UTF-8' encoding to copy filtered resources.
[8mha:AAABSR+LCAAAAAAAAACFj8FKxDAQhsdqtXjUmyIURL21Vasoe9LuVoS6HhYEKR5it9ZKN+kmqVQEn8eDvoxv4GkR8R1MmmZFPDg55GPy/zN/Xr7AZBQ2b6shI9gpiyrLMXMQZnlCCkKdI0GBpD7hKaiaMcCIwGoEZ6jksBUpv9v63anfnfqFsBPB3BBxxGEpukP3yC0QztwBpznOOjWFlTZFQjAjReoE6v69GepSBN74P7BY+PlskffLwcSA2RjM66wJuxz/XS5eb+TrGJ5gXqTEaJRKNuqyotrhSIfTOl7fLiYfa48nTSCRzOKwsO4H8kgKQ0+UJM+TrHqa/P2DnWNf68JQ6xSFTVVyv6Une56eF3R/JktWPU3bvcN2nuwEXa1T1NuTh4NZ85SOOKzGp/3w/MoOSPkgPmXv2jRlpKJJyha/AWKwgQgaAgAA[0m[INFO] Copying 3 resources
[8mha:AAABiR+LCAAAAAAAAACFkcFKw0AQhsdqtXjUmyAERD2ZjVpF6UnTRoRYD1VBiodtuk1T0924O6kVwefxoC/jG3gqIr6Du01TEQ/OHvZjZv6Zf9mXLygqCRvdtK0Et5M4DSOubMpVFIhYSPtIk2uoLpBBFjMFKPhQGjec0QRh08/0ZKInUz2Z6nVjxYe5NkWKsOT36ICSmPKQNFBGPKwMJaxMXASCKxEz283u35thmGjD6/8b1gs/n0vi/boxKsBsE4qtcGx2ufl3ua52TPUOnmBeu+S0zwwXhkkqc4VtFPZE8fp2NfpYfTwZG9LOSggLa2XXHEOe5+gw5DiGs1xO5f2DneNy3ud5eV9G3jhSs7+UT3acfJ5b/ZlsOMvltF07nMwzGbea92VU2zMHoThEJvsI2Dyte+c3liuSB/0oa9eSTIlUBkxZKCwyoJLEUYv0GL8139oTLUUuGozKoHvJI0SmkNwLeasSGjASpEHabzFJkMqQITHlrSCmSjFFOoxiqscvfgM/0EEZcwIAAA==[0m[INFO] Copying 3 resources to /var/lib/jenkins/jobs/TSearchUnittest/workspace/cucumber/target/test-classes/features
[8mha:AAABOR+LCAAAAAAAAACFjsFKxDAQhsdqtXjUmyAIot7SKlWUPbndrQh1PSwIUjzE3Vor3aSmqRQEn8eDvoxv4GkR8R3MNM2KeHDmkI/J/8/8L19glwK2b6txyRkp8irNWEkoK7MRz7kgx4oCpAGXCeias8CKwGkEZ7SQsBNpv9v63ZnfnfmVsBPBwphKKmEluqMP1M0pS92hFBlLO7WAtTbFiLOS5wkJ9Pv7MtSFCrz1f2B18PPZ4e+Xw6kF8zHY12kTdjX+e1z93uDvPTzBokrJ6CRBtuqiEsZB0EFax+vbxfRj/fGkCaSSORKWNv0AGykMPVVInoesZ4b8g8O9rm90YWh0msKmKrzvmM2eZ/YFvZ/NyHpmaLd/1O7DSdAzOk39fWwJdi0TMZHgxKeD8PxqY/kbaqkK+wcCAAA=[0m[INFO] 
[8mha:AAAB7B+LCAAAAAAAAACFkctu00AUhodAIGIJOyokS4ibIl8SHGpSVSKexFZak7gKWKRWFxNn4tr4hj22HJB4HhbwMrwBqwpVvAMzdlxALDiz8Kdzzn/+X/KXn6CdpeDReb7O4khIgtz1okxAUeY5cRCnwogSZDSLCQZ1XWuBlgE61cIrlBDw2Kj14k4vXunFKz1dPDDAjTUiiIA7ho8KJAYocsUFSb3IPShTcG+XwomjLA6wAOvv386gTGjgh/8PTA0vP3fi78vFRQtct0F75VZh79r/mtPphk3fg0/gJk0ZoRAzbpVJnjYKgSmEneLrN+vix/2PehWIJusQcOuBDNljpGkSLUaSxLjuNSQ/V/qq3OxpWrNXk1ZVzvw7zWVJau7B8e/LjOteQ73Ji9091oHjZq+myYA9AtolwWlIwKU9nWnzM27PVsJzNBzRWqpdA46aUlfKAKlk5U1PFqE/O34jm1K3ODImct5zC9PHpTG2zA/leqIXRXjafbs/OMXvjGBubYrXvqNo5pGLdM+b6sfI0wfmVpGLrWONexEc9RZbauBDqKkn0Orvz/1l5Xl4uGdLIc/zXIgKHPFOHCZegFO+/tfDvvBM6A8JzgisJ9yTNd6gPCD8H82n3EvOyZ08XOGUo8du/wIsZz1k6gIAAA==[0m[INFO] [8mha:AAAAYB+LCAAAAAAAAABb85aBtbiIQSmjNKU4P0+vJLE4u1gvPjexLDVPzxdEGvvmZ+X75ZekLlOVfvTjc8FPJgaGiiIGKaiG5Py84vycVD1nCA1SyAABjCCFBQCV27OjYAAAAA==[0m--- maven-compiler-plugin:2.3.2:testCompile (default-testCompile) @ cucumber ---
[8mha:AAABhx+LCAAAAAAAAACFkUFLwzAUx5/TafGoN0EoiHqyqTLFsZN2qwh1HqaCDA9Zl3XdsqQm6SwIfh4P+mX8Bp6GiN/BZF0n4sGXQ3689/7v/UNevqAsBez0067kzEloGsVMOpjJOOSUC+dEk2eoyRWBPBZKUArAmjZc4ETBbpDr0UyP5no01+vGWgBLXaywgrVggMcYUcwi1FIiZlEtE7AxcxFyJjkljpffvzdDlmjD2/8b1gs/ny3+ftualGCxDeVONDW73v67XFd7pnoPT7CsXTI8IoZLWZKKQuEYhTNTvL7dTD42H8+mhrQzS8HKVsUzx5DvuzoMua7hPFdQ5ej44LRS9Pl+0ZeTP43U7LeKya5bzPPqP5MN57mC9hvV2TyT8epFX06NQ3MUlDNFxEhB0j5v+pd3tsdHSUz1s+yqLXkqQmL3YkqkrbiNxlggGnfQgLCh+dsB70h01SJYhP1rFitFpEIPXAxlgkOCwjRMRx0ikMIiIgqZ8l5IsZRErn4DokGU4m8CAAA=[0m[INFO] Compiling 9 source files to /var/lib/jenkins/jobs/TSearchUnittest/workspace/cucumber/target/test-classes
[8mha:AAABOR+LCAAAAAAAAACFjsFKxDAQhsdqtXjUmyAIot7SKlWUPbndrQh1PSwIUjzE3Vor3aSmqRQEn8eDvoxv4GkR8R3MNM2KeHDmkI/J/8/8L19glwK2b6txyRkp8irNWEkoK7MRz7kgx4oCpAGXCeias8CKwGkEZ7SQsBNpv9v63ZnfnfmVsBPBwphKKmEluqMP1M0pS92hFBlLO7WAtTbFiLOS5wkJ9Pv7MtSFCrz1f2B18PPZ4e+Xw6kF8zHY12kTdjX+e1z93uDvPTzBokrJ6CRBtuqiEsZB0EFax+vbxfRj/fGkCaSSORKWNv0AGykMPVVInoesZ4b8g8O9rm90YWh0msKmKrzvmM2eZ/YFvZ/NyHpmaLd/1O7DSdAzOk39fWwJdi0TMZHgxKeD8PxqY/kbaqkK+wcCAAA=[0m[INFO] 
[8mha:AAAB6R+LCAAAAAAAAACFkctu00AUhodAIGIJOyokS6hcFMWXyqEmVSXiSWylNYmrgEVqdTF2pq5d37DHlgMSz8MCXoYtK1YVQrwDM3ZchFhwZjGfzpz//L80n3+Bbp6BxxfFOk9iPg0Lz49zHsW57yZhkvFjSpDRPCEYNHWjAzoG6NUDr1BKwBOj0QtbvXCtF671dPDAALfWiCAC7hkBKpEQotgTliTzY++gysCDbQo3ifMkxDxs7r+dQZXSwLv/D0wNf37qJd9Xy6sOuGmDruPVYe/b/5rT13P2+g58BLdpyhhFmHGnSousVfBMwW8VX75aVz8eftDrQDRZj4A7j2TIDiNNE2kxEkXGTa8l+bmyp8rtnKa1cw1pdRXMv9duFsV2H5z82cy46bUkTV9s97EOnLRzDU2H7BDQrQjOIgK+2bO5tjjjdmwlukCjMa2V2jfguC3VUYZIJY4/O1lGwfz4jWyK/fLImMqF5JVmgCtjYpnvq/VUL8votP92f3iKL41wYZ2XrwNX0cwjD+m+P9OPka8PzY0ilxvXmkgxHEvLDTUIINTUE2jt7S+CVe15eLhji9FgMOC8CJU4HjR/PJJ4eURwTmASpX6IuadO4YdrPUuS0sf5M+4l5xZuETk446j47m+MvaPK2gIAAA==[0m[INFO] [8mha:AAAAYB+LCAAAAAAAAABb85aBtbiIQSmjNKU4P0+vJLE4u1gvPjexLDVPzxdEGvvmZ+X75ZekLlOVfvTjc8FPJgaGiiIGKaiG5Py84vycVD1nCA1SyAABjCCFBQCV27OjYAAAAA==[0m--- gmaven-plugin:1.4:testCompile (buildGroovies) @ cucumber ---
[8mha:AAABTx+LCAAAAAAAAACFjsFKw0AQhsdoNHjUmyAERb0lUaNYetK0KUKsh4IgwcPaxhhJd+PupkQEn8eDvoxv4KmI+A7uZrMV8eDMYT9m/3/mf/kCk1HYvi1HjGCnyMs0w8xBmGVDkhPqHAsKJPUJT0DVnAFGBFYtOEMFh51I+d3G78787swvhO0IFkaIIw4r0R2aIDdHOHUHnGY4bVcU1poUQ4IZyRMnUO/vy1AVIvDW/4HFwc9ni7xfDqYGzMdgXqd12NX473HxeyN/7+EJFkVKjMaJZKMqSqodjnQ4jeP17WL6sf7YqwOJZBaHpU0/kC0pDD1RkjxPsppp8g+P9k58rQtDrVMU1lXK+5be7Hl6X9D52SxZzTTtdlvNPjkJOlqnqHsgm4NZ8YSOOWzEp/3w/MoOyLjI8mRk77fsHiVk8mAPc8RYwpa/AYJGmAghAgAA[0m[INFO] Compiled 39 Groovy classes
[8mha:AAABhh+LCAAAAAAAAACFkUFLwzAUx5/VafGoN0EoiHqyqTJF3Um7VYQ6D1NBhoesy7puXVKTdE4FP48H/TJ+A09DxO9gsrYT8eDLIT9e3v///pCXLygJDhvdtC0YtZM4DSMqbExFFLCYcftIkaupziSBrGYMMHwwJwNnOJGw6Wd6lOvRVI+mejVY8WGujSWWsOT38BCjGNMQNSSPaFgZcVjJUwSMChYT283u35thlKjA6/8HVgs/n032ft0YGzDbhFIrnIRdbv5drl47+vUWnmBepaR4QDQboyTlhcLWCjtXvL5djT9WH08mgVQyU8LCWtnVR5PnOao0OY7mrFdQeW9/57hczHleMZeRN6lU7zcLZ8cp/Nzqj7PmrFfQdu0g99Mdt1rMZVTb1UdCaSQJH0h4aJ7WvfMbK78aKSediBOLk4RxabUVB5Lx+0MLDTFHcdRCPUL7+od7rCXQRYNgHnQvaSQlERLdMd4XCQ4ICtIgHbQIRxLzkEgkcuutzFosfgODE+wgeQIAAA==[0m[INFO] [INFO] Surefire report directory: /var/lib/jenkins/jobs/TSearchUnittest/workspace/cucumber/target/surefire-reports
[8mha:AAABMR+LCAAAAAAAAACFjrFOwzAQhq+BQMQIGxITAjY7oIBAnSBtWAJLJSTUybQhBKV2cJwqEhLPw9C+DG/AVCHEO+CL4yLEwN3gT+f/v/tnX+CWEvYfqnEpOCnyKs14SRgvs5HIhSTnmkKka6ESMNVxwInBawRXrFBwEBs/bf106adLvxZ2Y1gdM8UUbMaPbMpoznhKB0pmPO3WErbbFCPBS5EnJDTv78tQFzrw3v+B9cHPV0+83w4WDqwMwb1Lm7Bbw7/H9e89/j7BC6zplJxNEmSnLippHQQdpHXM324WHzvPl00gncxTsL4bhNhIUeTrQvJ9ZDOzFJycHl0EVhdFVmcoaqrC+57d7Pt2X9j72YxsZpYO+2ftPpyEPasz1D/GVuDWKpETBZ2Nbxim58gAAgAA[0m
[8mha:AAAB6R+LCAAAAAAAAACFkctu00AUhodAIGIJOyokS6hcFPkWOdSkqkQ8ia20JnEVsEitLibOxLXrS7DHlgMSz8MCXoY1G1YVQrwDM3ZchFhwZuFvzpz//L/kz79AO0vB44t8lSWxsAlzz48zAcWZ7yZhkgpDSpDRNCEY1HWjBVom6FQDr9CGgCdmrRd3evFaL17r6eChCW6tEEEE3DMDVCAxRLEnzknqx95hmYIHuxRuEmdJiAVYf/92BuWGBt7/f2Bq+PNTJ/m+mF+1wE0HtJdeFfa+8685fV2z13fgI7hNU8Yowoxb5SZPG4XAFMJO8eWrffXj4QejCkSTdQi480iB7DDSdYkWI0liXPcaUp6rPU1p5nS9matJrypn/p1msyQ1++Doz2bGda8hefxit4914KiZq2ncZ4eAdklwGhHwzZlM9dk5t+eo0QUaDGkttK4Jh01pS7WPNLL0J6fzKJievFEsqVscm2Mll73CCnBpjmzrfbkaG0URnXXfHvTP8KUZzux18TpwVd069pDh+xPjBPlG39qqSrF17ZEcw6E831KDAEJdO4V272AWLCrPo6M9R4p4nuciVOCYz/IUr/0U8/W/HvQEWRoQnBHu6QqvUR4Snt2ecS85N3fzaIlTjqrv/gZiSAMx2wIAAA==[0m[INFO] [8mha:AAAAYB+LCAAAAAAAAABb85aBtbiIQSmjNKU4P0+vJLE4u1gvPjexLDVPzxdEGvvmZ+X75ZekLlOVfvTjc8FPJgaGiiIGKaiG5Py84vycVD1nCA1SyAABjCCFBQCV27OjYAAAAA==[0m--- maven-surefire-plugin:2.10:test (default-test) @ cucumber ---
[8mha:AAABMR+LCAAAAAAAAACFjrFOwzAQhq+BQMQIGxITAjY7oIBAnSBtWAJLJSTUybQhBKV2cJwqEhLPw9C+DG/AVCHEO+CL4yLEwN3gT+f/v/tnX+CWEvYfqnEpOCnyKs14SRgvs5HIhSTnmkKka6ESMNVxwInBawRXrFBwEBs/bf106adLvxZ2Y1gdM8UUbMaPbMpoznhKB0pmPO3WErbbFCPBS5EnJDTv78tQFzrw3v+B9cHPV0+83w4WDqwMwb1Lm7Bbw7/H9e89/j7BC6zplJxNEmSnLippHQQdpHXM324WHzvPl00gncxTsL4bhNhIUeTrQvJ9ZDOzFJycHl0EVhdFVmcoaqrC+57d7Pt2X9j72YxsZpYO+2ftPpyEPasz1D/GVuDWKpETBZ2Nbxim58gAAgAA[0m
[8mha:AAABNR+LCAAAAAAAAACdjrFKxEAQhsdoNFhqJ1iJWrkbJcrJVZq72ESbA0GuWu9ijOR242ZzBASfx0JfxjewOkR8B3ey2ROxEJwp9mP2/2f+509wSwk7t9W4FJwUeZVmvCSMl9lI5EKSE00h0oVQCZhacMCJwWsE56xQsBsbP239dO6nc78WdmNYGjPFFKzFd2zKaM54SgdKZjzt1hI22hQjwUuRJyQ078/LUBc68PbfgfXBjydPvF0NZg4sDsG9Tpuw68Pfx/XvDf7ewyMs65ScTRJkpy4qaR0EHaR1vLxezt43H86aQDqZp2BlKwixkaLI14Xk+8hmZik46hycBlYXRVZnKGqqwvue3ez7dl/Y+96MbGaW9vvH7T6chD2rM9Q/xFbg1iqREwWdvf/V6hdjsPiwNwIAAA==[0m-------------------------------------------------------
[8mha:AAABOR+LCAAAAAAAAACFjsFKxDAQhsdqtehNb4JQEPWWVqmi7Em7rZfqpSLInuJurSvdpKapFASfx4O+jG/gaRHxHcw0zYp4cALJx+T/Z/6XL7ArAdu39ajijJRFnY9ZRSirxkNecEGOFYVI51xmoGvOAisBpxWc0VLCTqL9Xuf3Zn5v5lfCXgILIyqphNXkjj5Qr6As91IpxizvNQLWuxRDzipeZCTU7+/N0JQq8Nb/gdXCz2eHv1+lUwvmB2Bf523YtcHf5er3Bn/v4QkWVUpGJxmy1ZS1MA6CDtI5Xt8upx8bj6dtIJXMkbC0GYR4kOLYV4Xk+8i6Zyg4ONw7CYwujo1OU9xWjfsdM9n3zbyw/zMZWfcM7UZH3TzshH2j0xTt45FgNzITEwkr7oUbuam60+Vv763aYgoCAAA=[0m T E S T S
[8mha:AAABNR+LCAAAAAAAAACdjrFKxEAQhsdoNFhqJ1iJWrkbJcrJVZq72ESbA0GuWu9ijOR242ZzBASfx0JfxjewOkR8B3ey2ROxEJwp9mP2/2f+509wSwk7t9W4FJwUeZVmvCSMl9lI5EKSE00h0oVQCZhacMCJwWsE56xQsBsbP239dO6nc78WdmNYGjPFFKzFd2zKaM54SgdKZjzt1hI22hQjwUuRJyQ078/LUBc68PbfgfXBjydPvF0NZg4sDsG9Tpuw68Pfx/XvDf7ewyMs65ScTRJkpy4qaR0EHaR1vLxezt43H86aQDqZp2BlKwixkaLI14Xk+8hmZik46hycBlYXRVZnKGqqwvue3ez7dl/Y+96MbGaW9vvH7T6chD2rM9Q/xFbg1iqREwWdvf/V6hdjsPiwNwIAAA==[0m-------------------------------------------------------
[8mha:AAABMR+LCAAAAAAAAACFjrFOwzAQhq+BQMQIGxITAjY7oIBAnSBtWAJLJSTUybQhBKV2cJwqEhLPw9C+DG/AVCHEO+CL4yLEwN3gT+f/v/tnX+CWEvYfqnEpOCnyKs14SRgvs5HIhSTnmkKka6ESMNVxwInBawRXrFBwEBs/bf106adLvxZ2Y1gdM8UUbMaPbMpoznhKB0pmPO3WErbbFCPBS5EnJDTv78tQFzrw3v+B9cHPV0+83w4WDqwMwb1Lm7Bbw7/H9e89/j7BC6zplJxNEmSnLippHQQdpHXM324WHzvPl00gncxTsL4bhNhIUeTrQvJ9ZDOzFJycHl0EVhdFVmcoaqrC+57d7Pt2X9j72YxsZpYO+2ftPpyEPasz1D/GVuDWKpETBZ2Nbxim58gAAgAA[0m
[8mha:AAABOR+LCAAAAAAAAACFjsFKxDAQhsdqtexRb4IgiHpLq1RR96TdrZfqwQVB9hR3a610k5qkUhB8Hg/6Mr6Bp0XEdzDTNCviwZlDPib/P/O/fIErBWzdVmPJGSmLKsuZJJTJfMQLLsixpgjpnKsUTM054CTgNYIzWirYTozfb/3+zO/P/FrYTWBhTBVVsJzc0QfqF5Rl/kCJnGXdWsBqm2LEmeRFSiLz/r4MdakDb/4fWB/8fPb4+9Vg6sD8ENzrrAm7Mvx7XP/e4O89PMGiTsnoJEV26rIS1kHQQVrH69vl9GPt8bQJpJN5CpY2wggbKY4DXUhBgGxmlsL9g92T0Ori2OoMxU1VeN+zm4PA7ot6P5uRzczSTv+w3YeTqGd1hvp72ArcWqVioqBzkcqqUHL9qPMNuwXJUgkCAAA=[0mResults :
[8mha:AAABMR+LCAAAAAAAAACFjrFOwzAQhq+BQMQIGxITAjY7oIBAnSBtWAJLJSTUybQhBKV2cJwqEhLPw9C+DG/AVCHEO+CL4yLEwN3gT+f/v/tnX+CWEvYfqnEpOCnyKs14SRgvs5HIhSTnmkKka6ESMNVxwInBawRXrFBwEBs/bf106adLvxZ2Y1gdM8UUbMaPbMpoznhKB0pmPO3WErbbFCPBS5EnJDTv78tQFzrw3v+B9cHPV0+83w4WDqwMwb1Lm7Bbw7/H9e89/j7BC6zplJxNEmSnLippHQQdpHXM324WHzvPl00gncxTsL4bhNhIUeTrQvJ9ZDOzFJycHl0EVhdFVmcoaqrC+57d7Pt2X9j72YxsZpYO+2ftPpyEPasz1D/GVuDWKpETBZ2Nbxim58gAAgAA[0m
[8mha:AAABUR+LCAAAAAAAAACFjsFKxDAQhsfqavGoN0FYEPUiaVdWUfek3dZL9VIRZE9xN9ZqN+kmqRQEn8eDvoxv4GkR8R1MmmZFPDg55Mvk/2f+ly9oCQ5bt+VIMIqKvEwzKhCmIhuynHF0rCjQdM4kAVNzDjgxuLXgDBcStmPj9xq/N/N7M78S9mJYGGGJJazEd/gBezmmqZdIntG0V3FYa1IMGRUsJygw9+/NUBUq8Ob/gdXCz2eXvV8lUwfmB9C6Tuuwq4O/y9Xvjf6dwBMsqpQUj4lmpypKbh1IO1DjeH27nH6sP57WgVQyV8LSRjfQR1MU+ao0+b5m07PU3T/YPelaXRRZnaGorlLvd+1k37fzgv7PZM2mZ6kTHjbzdCfoW52hcE8fCa1KEj6W0LkgQoo2L+lR299pRzjLS05E/Qg5Z9xgcp8VBRkpXv4G/KmE3TACAAA=[0mTests run: 0, Failures: 0, Errors: 0, Skipped: 0
[8mha:AAABMR+LCAAAAAAAAACFjrFOwzAQhq+BQMQIGxITAjY7oIBAnSBtWAJLJSTUybQhBKV2cJwqEhLPw9C+DG/AVCHEO+CL4yLEwN3gT+f/v/tnX+CWEvYfqnEpOCnyKs14SRgvs5HIhSTnmkKka6ESMNVxwInBawRXrFBwEBs/bf106adLvxZ2Y1gdM8UUbMaPbMpoznhKB0pmPO3WErbbFCPBS5EnJDTv78tQFzrw3v+B9cHPV0+83w4WDqwMwb1Lm7Bbw7/H9e89/j7BC6zplJxNEmSnLippHQQdpHXM324WHzvPl00gncxTsL4bhNhIUeTrQvJ9ZDOzFJycHl0EVhdFVmcoaqrC+57d7Pt2X9j72YxsZpYO+2ftPpyEPasz1D/GVuDWKpETBZ2Nbxim58gAAgAA[0m
[8mha:AAABTR+LCAAAAAAAAACFj8FKxDAQhsdqtXjUmyCsiHprq6yi7GntbkWte7AgyOIhtrGudJOapFIQfB4P+jK+gadFxHcwaZoV8eDkkI/J/8/8efkCmzPYvC1TTolb5GU2ItxFhI8SmlPmdiUFigZUYNA1Y4EVgVMLzlAhYCvSfq/xe1O/N/VLYSeCuRQJJGApukMPyMsRybxYsBHJOhWDlSZFQgmnOXYDff/eDFUhA2/8H1gu/Hx26PtlPLFgdgj2dVaHXR7+XS5fb9TrPTzBvExJ0BgrtqqiZMbhKofbOF7fLiYfq49HdSCZzBGwsN4O1FEUhr4sRb6vWPcMtff2dw7bRheGRqcprKtU+x0z2ffNvKD3M1mx7hna7h8081Qn6Bmdpv6uOgLsSmA2FrA2POkPTo8H8VXrHCeUpfJnLYG5aDHMy1zwxW9i5kciIAIAAA==[0m[JENKINS] Recording test results
[8mha:AAABPh+LCAAAAAAAAABb85aBtbiIQS2jNKU4P0+vIKc0PTOvWC8xrzgzOT8nv0jPEchyBrH88ktSGSCAkYmByYeBA6zAN7GghEHdB6JfH6pfH65fH64fqNDah4ElJbEksYRByCcrsSxRPycxL10/uKQoMy/duqKIQQrqiuT8vOL8nFQ9ZwiNajNDRQHQwaqEHQy08PUKjvyHkcHPmRiYoxlYk9LBjhWOxrQcKJsGki1kqGNgA7oyLzE3FcRmqigoLYLp0APp0IPqWHsp7PlL2Wp3sIOALuMoYWBXNnEGQRDLzc0ACEAsAwMQGyIGY5mYWRg5mcDUubnB1EFYbmBQCrKfA2aygQHMPGcXhMkgNkQMxjJ0tYSaBxJxdoGpg7BcTUGwhIG1oiS1KLeEISDa08/NP1ZBl0qACwBzBPd0TwIAAA==[0m[INFO] ------------------------------------------------------------------------
[8mha:AAABRx+LCAAAAAAAAACFjsFKxDAQhsdqtXjUiwjCgqi3tkoVdU/a3YhQV7AgSPEQu7WutElNU6kIPo8HfRnfwNMi4juYNM2KeHDmkI/J/8/8L19glgzWb6phSYldZFU6IqWNSTmKaUaZfSDIlzSgPAFVUwYYAViN4AQXHDYC5XdavzPxOxO/EHYDmBlijjksBLf4HjsZJqkTcjYiabdmsNymiCkpaZbYvnp/X4a6EIHX/g8sDn4+W/T9IhwbMB2BeZU2YRejv8fF77X8vYMnmBUpCc4TyUZdVEw7bOmwW8fr2/n4Y+XxqAkkklkc5lY9X7YkhFxRklxXsppp8nZ2tw49rUNI6xShpip539KbXVfv83s/myWrmabN/l67T078ntYp6m/L5mDWPGE5h6XoeIBOLztnCY45ZZ2wynPMHvbnvwEz5azBFwIAAA==[0m[INFO] Reactor Summary:
[8mha:AAABOR+LCAAAAAAAAACFjsFKxDAQhsdqtXjUmyAIot7SKlWUPbndrQh1PSwIUjzE3Vor3aSmqRQEn8eDvoxv4GkR8R3MNM2KeHDmkI/J/8/8L19glwK2b6txyRkp8irNWEkoK7MRz7kgx4oCpAGXCeias8CKwGkEZ7SQsBNpv9v63ZnfnfmVsBPBwphKKmEluqMP1M0pS92hFBlLO7WAtTbFiLOS5wkJ9Pv7MtSFCrz1f2B18PPZ4e+Xw6kF8zHY12kTdjX+e1z93uDvPTzBokrJ6CRBtuqiEsZB0EFax+vbxfRj/fGkCaSSORKWNv0AGykMPVVInoesZ4b8g8O9rm90YWh0msKmKrzvmM2eZ/YFvZ/NyHpmaLd/1O7DSdAzOk39fWwJdi0TMZHgxKeD8PxqY/kbaqkK+wcCAAA=[0m[INFO] 
[8mha:AAABVB+LCAAAAAAAAACNjsFKw0AQhsdoNXjUmyAERL1tYq1S6UnTRoS0FYKChB7WNqaVdDduNhIQfB4P+jK+gaci4ju4m81WxIPOHPZj9v9n/udPqGUMdsb5KKMEpUkeT0iGMMkmQ5pQho4FuZJ6lEegasEAwwezFHRxymHXV3678ttzvz33C2HLh6UR5pjDmn+L77GdYBLbAWcTErcKBhtViiElGU0i5Kr352UoUhF4++/A4uDHk0nfroKZAYsh1K7jMux6+Pu4+L2Rv3fwCMsiJcHTSLJRpDnTDiQdqHK8vF7O3jcfTstAIpnJYWWr4cqW5HmOKEmOI1nNNDUOm/WThtZ5ntYp8srK5X1Tb3Ycvc9tf2+WrGaa9jpH1T45cdtap6hzIJtDreARm3Lww7Oe1x9YQYTZcGyd97sW+mdZwYXrdoLACuuouV/PBqtfnt8/mEsCAAA=[0m[INFO] Search POM ........................................ SUCCESS [2.832s]
[8mha:AAABVR+LCAAAAAAAAACVjs9Kw0AQxsdoNXjUmyAERL1t0hL/1J40TUSI7SEoSOhhbWNaSZO4u5GA4PN40JfxDTwVEd/B3Wy2Ih7EmcP+mP2+me/5ExqUwM64GNEsRXlSxJOUIpzSyTBLMoKOOTmCehmLQNaCBpoPeiU4xzmDXV/6zdpvzv3m3M+FHR+WRphhBmv+Lb7HZoLT2AwYmaRxpySwUacYZinNkgg58v15GcqcB97+OzA/+PGkZ29XwUyDxRAa13EVdj38fZz/3ojfO3iEZZ4yxdNIsFbmBVEOJByodry8Xs7eNx9Oq0A8mc5gZct2RAvyPIuXIMsSLGeK7P3D1omtdJ6ndJK8qgpxX1ebLUvtc7rfmwXLmaKm2673iYnTVTpJ7p5oBo2SRWTKoB+e9bz+wKARJsOxgf5RRnDhOG4QGGHzqNVEB3abDla/AJoRsoFOAgAA[0m[INFO] search ............................................ SUCCESS [1:21.749s]
[8mha:AAABUh+LCAAAAAAAAACNjsFKw0AQhsdoNXjUmyAERL1tosRS6Um3jQixHoKChB62aYyVdDduNhIQfB4P+jK+gaci4ju4m2Qr4kFnDvsx+/8z//MntHIOOzfFOGcUZWmRTGiOCM0nEUsZR0eSsKIBEzHUtWCA4YNZCc5IJmDXr/1247fnfnvul8KuD0tjIoiANf+W3BM7JTSxA8EnNOmWHDaaFBGjOUtjhOv352UoMxl4++/A8uDHk8neroKZAYshtEZJFXY9/H1c/l6r3zt4hGWZkpJprNgos4JrB1IO1DheXi9n75sPJ1UgmcwUsLLlYtWKPM+RpchxFNczTW67s3/sap3naV1NXlWFum/qzY6j9+He92bF9UzTXv+w2acmuKd1NfUPVAtolSLmUwF+eDrwzodWVETFdBRzC/27rOAC434QWKGL3E47H65+AcMlmwtLAgAA[0m[INFO] cucumber .......................................... SUCCESS [4.486s]
[8mha:AAABPh+LCAAAAAAAAABb85aBtbiIQS2jNKU4P0+vIKc0PTOvWC8xrzgzOT8nv0jPEchyBrH88ktSGSCAkYmByYeBA6zAN7GghEHdB6JfH6pfH65fH64fqNDah4ElJbEksYRByCcrsSxRPycxL10/uKQoMy/duqKIQQrqiuT8vOL8nFQ9ZwiNajNDRQHQwaqEHQy08PUKjvyHkcHPmRiYoxlYk9LBjhWOxrQcKJsGki1kqGNgA7oyLzE3FcRmqigoLYLp0APp0IPqWHsp7PlL2Wp3sIOALuMoYWBXNnEGQRDLzc0ACEAsAwMQGyIGY5mYWRg5mcDUubnB1EFYbmBQCrKfA2aygQHMPGcXhMkgNkQMxjJ0tYSaBxJxdoGpg7BcTUGwhIG1oiS1KLeEISDa08/NP1ZBl0qACwBzBPd0TwIAAA==[0m[INFO] ------------------------------------------------------------------------
[8mha:AAABRh+LCAAAAAAAAACFjsFKw0AQhsdoNHhUvAhCQdRbEiWK0pPdJFKI9RAqSPCwtjFG0t002UhA8Hk86Mv4Bp6KiO/gbjZbEQ/OHPZj9v9n/pcv0MsCdu+qcUmJmWdVkpLSxKRMRzSjhXnKCQkaUBaDrAUNtACMRnCOcwZ7gfRbrd+a+625nwu7ASyNMcMM1oJ7/ICtDJPEClmRkqRbF7DZphhRUtIsNpF8f1+GOueBd/4PzA9+Phv0/SqcabAYgX6TNGHXo7/H+e+t+J3CEyzzlARPYsFanVeFcpjCYbaO17fL2cfW41kTiCczGKxsO0i0IN+3eQmybcFypsg5Oj7oOUrn+0onyW+qEvcNtdm21T7k/mwWLGeK9r2Tdp+YIFfpJHmHohnoNYuLCYONqD/wL647vWE/cDvhECEvDFe/AYw5bAIUAgAA[0m[INFO] BUILD SUCCESS
[8mha:AAABPh+LCAAAAAAAAABb85aBtbiIQS2jNKU4P0+vIKc0PTOvWC8xrzgzOT8nv0jPEchyBrH88ktSGSCAkYmByYeBA6zAN7GghEHdB6JfH6pfH65fH64fqNDah4ElJbEksYRByCcrsSxRPycxL10/uKQoMy/duqKIQQrqiuT8vOL8nFQ9ZwiNajNDRQHQwaqEHQy08PUKjvyHkcHPmRiYoxlYk9LBjhWOxrQcKJsGki1kqGNgA7oyLzE3FcRmqigoLYLp0APp0IPqWHsp7PlL2Wp3sIOALuMoYWBXNnEGQRDLzc0ACEAsAwMQGyIGY5mYWRg5mcDUubnB1EFYbmBQCrKfA2aygQHMPGcXhMkgNkQMxjJ0tYSaBxJxdoGpg7BcTUGwhIG1oiS1KLeEISDa08/NP1ZBl0qACwBzBPd0TwIAAA==[0m[INFO] ------------------------------------------------------------------------
[8mha:AAABTR+LCAAAAAAAAACFjs9Kw0AQxsdoNHjUm1AIiHrbpLX+SXvStBEh1kNFkOJhbWOMJLtpspGA4PN40JfxDTwVEd/B3Wy2Ih6cOeyP2e+b+V6+QM8z2L4rJjklKI2LMCI5wiSPxjSmGTri5AoaUBaArAUNNB+MSnCGUwY7vvRbtd+a+625nwu7PixNMMMM1vx7/ICtGJPQGrIsImG3zGCjTjGmJKdxgFz5/r4MZcoDb/0fmB/8fDbo+9VwpsHiCPSbsAq7Pvp7nP/eit8pPMEyT0lwEgjWyrTIlAMJB6odr2+Xs4/G40kViCczGKxstl3RgjzP5iXItgXLmaL2/mHruK10nqd0kryqCnHfUJttW+1zez+bBcuZombfqfeJidtTOkn9PdEM9JIFWcKgMTodeOfX5gVlODZZlAQds9lpOehg18lXvwHY/Zj1HAIAAA==[0m[INFO] Total time: 1:29.739s
[8mha:AAABWx+LCAAAAAAAAACFjsFKw0AQhsdoNXjUmyAsiHpLNm0VbU81bUSI9VAVpHhY25hG0k3cbCQg+Dwe9GV8A09FxHdwN5utiAdnDvsx+/8z/8sX1DIGO5N8nCXUSuM8jGhmEZpFoyROmNUR5ErqJzwAVQsGGD6YpeCUpBx2feW3K78999tzvxC2fVgaE044rPl35IHYMaGhPeAsomG7YLBRpRglNEviwHLV+/syFKkIvP1/YHHw89lM3q8GMwMWh1C7Ccuw68O/x8Xvrfy9hydYFikpmQaSjSLNmXZY0mFVjte3y9nH5uNxGUgkMzmsbDVd2ZI8D4uShLFkNdPU3D+oHzW1zvO0TpFXVi7vm3ozxnqf2/3ZLFnNNDm9w2qfnLhdrVPU25PNoVbwgE05OMOTvnd2jbyIRtkkGCPCW+h8kqNOypDjINxo4XpLwMW5i+rYaax+A8i/LbwwAgAA[0m[INFO] Finished at: Thu Apr 11 03:02:11 UTC 2013
[8mha:AAABTR+LCAAAAAAAAACFjsFKw0AQhsdoNXjUm6AERL0lqbSltSdNuyIk9VAQpHhY2xgj6W662UhE8Hk86Mv4Bp6KiO/gbjZbEQ/OHPZj9v9n/pcvqGUM9m/zSUaJnSZ5FJPMxiSLxzShzD4W5EkaUB6CqiUDDB/MUhDglMOBr/xO5XcWfmfhF8KuDysTzDGHDf8O32MnwSRyhpzFJOoWDLaqFGNKMpqEtqfe35ehSEXgvf8Di4OfzyZ9vxzODVgeQe06KsNujv4eF7838ncGT7AqUhI8DSUbRZoz7bClw64cr28X84/tx9MykEhmcljbbXiyJSHkipLkupLVTFOj1T48aWgdQlqnCJWVy/um3uy6ep/X+9ksWc001fudap+ceD2tU9RvyuZQK3jIphx2RmcDdH5loZjgxArCKWUPR1azFTiddj1Y/wZNLNUTHQIAAA==[0m[INFO] Final Memory: 56M/981M
[8mha:AAABPh+LCAAAAAAAAABb85aBtbiIQS2jNKU4P0+vIKc0PTOvWC8xrzgzOT8nv0jPEchyBrH88ktSGSCAkYmByYeBA6zAN7GghEHdB6JfH6pfH65fH64fqNDah4ElJbEksYRByCcrsSxRPycxL10/uKQoMy/duqKIQQrqiuT8vOL8nFQ9ZwiNajNDRQHQwaqEHQy08PUKjvyHkcHPmRiYoxlYk9LBjhWOxrQcKJsGki1kqGNgA7oyLzE3FcRmqigoLYLp0APp0IPqWHsp7PlL2Wp3sIOALuMoYWBXNnEGQRDLzc0ACEAsAwMQGyIGY5mYWRg5mcDUubnB1EFYbmBQCrKfA2aygQHMPGcXhMkgNkQMxjJ0tYSaBxJxdoGpg7BcTUGwhIG1oiS1KLeEISDa08/NP1ZBl0qACwBzBPd0TwIAAA==[0m[INFO] ------------------------------------------------------------------------
[8mha:AAABxh+LCAAAAAAAAACNkdFO2zAUhk2hrNolu5s0qRIMrmI7tAwQV11ogFEKUhgSqibkpKZNSezMdkokJJ6HC3iZvcGuEEK8A3bSFKFebPZFPp1z/v/8Vu5fQFUKsDpM+5IzmETpIGQSEibDgEdcwJYmx1CXKwqKM1cBlQ6o5QNHJFFgrVPo0USPpno01evBnQ5Y6BNFFFjqjMiYoIiwAfKUCNlgJxPg8yRFwJnkEYVO8X2/GWSJDvz134H1wue7Gv977j1WwHwPVP1BHvZTb3a57l6a7m9wCxZ1SkZiariSJakoFdAo4ETx8Ofs8enLzV4eSCerKfBhuemYa8h1sT6GMDZc1Epqftta/94s51y3nCvIzU9q9tdKZ4xLP2f3zdlwUSvJbm9P/EzF2S3nCmpvmKtANVNUxGpuqfej3T086Hq/6i0RDMOxflkdjYlAUeijEWVX5meOuC/RqUeJHvnJQqWoVOiaiyuZkICiIA3S2KcCJTyGWRzVFf9Pj5j304hKFGihIEHhB0kSrkw9/TSM+hKtY7th4aZl2xdYA7Yam4jkiems+i0RhjbEF/5Gw/K6rRNv//h02rNme1A/4OMrqUXk8xEDAAA=[0m[JENKINS] Archiving /var/lib/jenkins/jobs/TSearchUnittest/workspace/cucumber/pom.xml to /var/lib/jenkins/jobs/TSearchUnittest/modules/com.rackspace.api$cucumber/builds/2013-04-11_03-00-37/archive/com.rackspace.api/cucumber/0.1.0_b53-SNAPSHOT/cucumber-0.1.0_b53-SNAPSHOT.pom
[8mha:AAABxR+LCAAAAAAAAACNkc1O4zAUhU2HQjUbpGE3ElIlYFjFdmiZH7EqoeGvlJECSKhCyEk9JSWxg+10Io3E87BgXoY3YIUQ4h2wkwYYdTHYi3y695x7j5WbJ1CVAnw5T/uSM5hE6SBkEhImw4BHXMCWJsdQlysKijNVAZUOqOWCfZIosNIp/GjsRy9+9OLXwvUOmO4TRRT41BmSEUERYQPkKRGywXomwOdxioAzySMKneL772aQJTrw8v8D64WP1zV+d+LdV8CHHqj6gzzsfG9yue7+Mt1LcAVmdEpGYmq4kiWpKB3QOODY8ff2+P5h4c9WHkgnqykwu9h0zDXkulgfQxgbLmolNb9+X91oljrXLXUFuflJzf5aORnjcp6z+TrZcFEryW7/GM8zFWez1BXUXjNXgWqmqIjV1Fxvt93d2+l6p/WWCM7DkX5ZHY2IQFHooyFlF+ZnDrkv0aFHiZYcsVApKhX6zcWFTEhAUcJjmMVRXfF3WmPeTyMqUaCNggTFGEiScEnmQktPRH4aRn2JVrHdsHDTsu0zrAFbjW+I5FHppB+98WNoQ3zmrzUsr9v66W0fHL7pWpNdqMsfnwF0VkfHDgMAAA==[0m[JENKINS] Archiving /var/lib/jenkins/jobs/TSearchUnittest/workspace/pom.xml to /var/lib/jenkins/jobs/TSearchUnittest/modules/com.rackspace.api$search-pom/builds/2013-04-11_03-00-37/archive/com.rackspace.api/search-pom/0.1.0_b53-SNAPSHOT/search-pom-0.1.0_b53-SNAPSHOT.pom
[8mha:AAABxx+LCAAAAAAAAACNkctOGzEUhk1KSlR27a5SpUiUshrbQ0IvYpUOGW4hrTRQqYoq5Jm4wWHGHmxPOlIlnqeL9mV4A1YIId4Bey5UKAuwF/50zv+f84/m7y1oKgnenWRjJThM42zCuIKEKxaJWEjYM+RZGgpNQXkWGqAxAK1CcEBSDdYGpR9VfnTvR/d+I9wcgMUx0USDl4MpmREUEz5BgZaMTzZzCV5XKSLBlYgp9Mr34WaQpybw6uOBzcKbPy1x+T24aoBnI9AMJ0XYV6P55ab703bPwDl4blJyklDLjTzNZO2A1gErx7+Lb1fXb35vF4FMspYGSytdz15Lvo/NsYSx5bJWU/f9x/XP3Vrn+7WuJL84md3fqidjXM/ztv5PtlzWanL7n6p5tuJt1bqS+hv2atDMNZWJXlge7fWH+7vD4Ee7J6MTNjNf1kYzIlHMQjSl/NT+zKkIFToMKDGSI860pkqjX0KeqpREFCkqZ8y8qUhgnsRtLZ44IhHjLKYKRcYoSVSOgyRlb1UhRGHG4rFC69jtOLjruO4xNoCdzgdEirh03osqL4YuxMfhRscJhr2vwc6Xw6rjzHegif7iDgpjWX0KAwAA[0m[JENKINS] Archiving /var/lib/jenkins/jobs/TSearchUnittest/workspace/service/pom.xml to /var/lib/jenkins/jobs/TSearchUnittest/modules/com.rackspace.api$search/builds/2013-04-11_03-00-37/archive/com.rackspace.api/search/0.1.0_b53-SNAPSHOT/search-0.1.0_b53-SNAPSHOT.pom
[8mha:AAABUx+LCAAAAAAAAACFkUFLwzAUx5/VafGoN0EoiHpLq0xRdnLdKkj1MlBkp9h1XbVLappKQfDzeNAv4zfwNET8DuY1zUQ8mBz64+X/f++f9OULWoWAnUk5KjgjeVYmKSsIZUUa8YwLcqLIR7rgMga9FiywQrBrwTnNJeyG2u82fnfud+d+JeyEsDSikkpYC2/pA3UzyhJ3IEXKkk4lYKNJEXFW8Cwmvv7+ngxVrgJv/x9YDfx8tvn79WBmweIQWjdJHXZ9+He4Oh3j6T08wbJKyeg0RraqvBTGQdBBGsfr2+XsY/PxtA6kktkSVrbaPm6kIPDUQvI8ZF0z1D482u+2jS4IjE5TUK8S59ums+eZfn7vpzOyrhna6x83/bDi94xOU/8At4RWJWMxlUCuaCrVbZwxF85ZzO7UUzqSO+OUpcXEUQ+axVEtwN+2+g0wYBqzLQIAAA==[0mWaiting for Jenkins to finish collecting data
[8mha:AAABPR+LCAAAAAAAAACFjsFKxDAQhsdqtXgSvQmCIOotrVJF2dPa3XqpXhYE2VNsa7fSTWKSSkHweTzoy/gGnhYR38GkaVbEgzOHfEz+f+Z/+QJXcNib1JmgBLGqLkoiECaiTGlFOeorijRdUpmDqQUHnAS8VnCBmYT9xPj9zu/P/f7cr4S9BJYyLLGE9eQOP2C/wqTwR5KXpOg1HDa7FCklglY5isz7+zI0TAXe/T+wOvj57NH369HMgcUxuDdFG3Zj/Pe4+r3Vv/fwBMsqJcHTXLPTsJpbB9IO1Dle365mH1uP520glcyTsLITRro1xXGgSlMQaDYzS+HxyeFZaHVxbHWG4rZqfd+zm4PA7osGP5s1m5mlg+Fpt09PooHVGRoe6ZbgNjLnUwlr6QQTklfbQlLG8mz1Gz4JNyQPAgAA[0mchannel stopped
[8mha:AAACKh+LCAAAAAAAAACFj8tu00AUhqeBQMQSdlRIliouUqTYTZ3IadVFfG0c54btQpPVJHFsp87YscfGMRLPwwJehjdgVSHEO+CJ4yLEgn8W8+nM+c/558svUI1C8MqJl5GPGoEX2y6KGhBF7sL3/LDRzUkgNPSxBQodVUBFA7V9wwAGGLzWCj998NP3fvrenzdeaODhEmKIwVNtDRNIexDZtI5DF9kXaQieH1IsfBT5ntUQivvvzSAN8sAv/x84X/jzc83/fqPfVcCDGajO7X3YZ7N/l+evK/K6BZ/AozwlghuLcCUN4rB0NIijcXB8/XZ99+PFR2UfKE9Ww+DxCSuQQ0iWmVyEGIZwUSuJbXNNni37ZLnsK0jeKyb7a+VkhinnCeKfyYSLWkmnUucwj1QEsewrSGqRg0E1xVa4wUdvjNC1bYt8iIIUsj5Q89j1lpS/oo5n3MaB591cW76uCd1S/JxrQR7P3d7EUNbDvsmOGS4ZGfVkJHLoesGdjXfmadoe7Xqa6avZIGnu6rSqmnzXcacKb29dx7llhvq6L77L3s/P3i49jTf1G0W95RQcZGYy1nWR55QW7ruI7ym9aT1KNVWip5mUXBkdVu27mZYysM2n5matjMyhv7yKNLu7SyX7ZkrDjFPHzQk7NCQ/ngxwp8+1VG1Aa5mEVNFkA9VdTQRdidkeMyF/urw8njEbQ7dguHDkGC2w6yPoGVaEI+qk3XzyG1Nq83snAwAA[0mTriggering a new build of [8mha:AAAAqB+LCAAAAAAAAABb85aBtbiIQTGjNKU4P08vOT+vOD8nVc83PyU1x6OyILUoJzMv2y+/JJUBAhiZGBgqihhk0NSjKDWzXb3RdlLBUSYGJk8GtpzUvPSSDB8G5tKinBIGIZ+sxLJE/ZzEvHT94JKizLx0a6BxUmjGOUNodHsLgAyxEgYZ/az8JP2Q4NTEouQMt9K85JLM/LzEnJDU4pJifQCSGu4I0QAAAA==[0mTSearchFunctionalTests #62
[8mha:AAABQB+LCAAAAAAAAACFkcFKxDAQhsfqavGoN0EQRL2lVaqoe9Js46V6KQqyp7it3Uo3qU0qBcHn8aAv4xt4WkR8B5OmWREPTg75mPz/zA95+YKeqGB7XCeCM1QWdZYzgSgT+YgXvEInirCmCy5TMDXngBOB2wrOaSlhJzJ+r/N7M7838ythP4KFhEoqYSW6ow/UKyjLvFhWOcv6TQVrXYoRZ4IXKcLm/r0ZmlIF3vo/sFr4+ezy9+t46sD8EHo3WRt2dfh3uXq91a/38ASLKiWjk1Sz05R1ZR1IO1DneH27mn6sP561gVQyV8LSZoD10USIr0qT72s2PUvBweHeaWB1hFidIdJWrfe7drLv23l48DNZs+lZ2g2Punm6gwdWZyjc10dCr5FpNVHfQHKWi3GaHG/ElxiHcbz8DbJs4I8RAgAA[0mFinished: SUCCESS
