[INFO]                                                                         
[INFO] ------------------------------------------------------------------------
[INFO] Building search 0.1.0_b82-SNAPSHOT
[INFO] ------------------------------------------------------------------------
Downloading: http://d-build1.iad2.corp.rackspace.com:8100/nexus/content/groups/public/org/codehaus/groovy/maven/gmaven-plugin/maven-metadata.xml
Downloaded: http://d-build1.iad2.corp.rackspace.com:8100/nexus/content/groups/public/org/codehaus/groovy/maven/gmaven-plugin/maven-metadata.xml (583 B at 0.5 KB/sec)
[INFO] 
[INFO] [8mha:AAAAYB+LCAAAAAAAAABb85aBtbiIQSmjNKU4P0+vJLE4u1gvPjexLDVPzxdEGvvmZ+X75ZekLlOVfvTjc8FPJgaGiiIGKaiG5Py84vycVD1nCA1SyAABjCCFBQCV27OjYAAAAA==[0m--- maven-clean-plugin:2.4.1:clean (default-clean) @ search ---
[INFO] 
[INFO] [8mha:AAAAYB+LCAAAAAAAAABb85aBtbiIQSmjNKU4P0+vJLE4u1gvPjexLDVPzxdEGvvmZ+X75ZekLlOVfvTjc8FPJgaGiiIGKaiG5Py84vycVD1nCA1SyAABjCCFBQCV27OjYAAAAA==[0m--- gmaven-plugin:1.0:execute (default) @ search ---
[INFO] 
[INFO] [8mha:AAAAYB+LCAAAAAAAAABb85aBtbiIQSmjNKU4P0+vJLE4u1gvPjexLDVPzxdEGvvmZ+X75ZekLlOVfvTjc8FPJgaGiiIGKaiG5Py84vycVD1nCA1SyAABjCCFBQCV27OjYAAAAA==[0m--- gmaven-plugin:1.4:generateStubs (buildGroovies) @ search ---
[INFO] Generated 41 Java stubs
[INFO] 
[INFO] [8mha:AAAAYB+LCAAAAAAAAABb85aBtbiIQSmjNKU4P0+vJLE4u1gvPjexLDVPzxdEGvvmZ+X75ZekLlOVfvTjc8FPJgaGiiIGKaiG5Py84vycVD1nCA1SyAABjCCFBQCV27OjYAAAAA==[0m--- maven-resources-plugin:2.6:copy-resources (copy-webapp) @ search ---
[INFO] Using 'UTF-8' encoding to copy filtered resources.
[INFO] Copying 3 resources
[INFO] 
[INFO] [8mha:AAAAYB+LCAAAAAAAAABb85aBtbiIQSmjNKU4P0+vJLE4u1gvPjexLDVPzxdEGvvmZ+X75ZekLlOVfvTjc8FPJgaGiiIGKaiG5Py84vycVD1nCA1SyAABjCCFBQCV27OjYAAAAA==[0m--- maven-resources-plugin:2.6:resources (default-resources) @ search ---
[INFO] Using 'UTF-8' encoding to copy filtered resources.
[INFO] Copying 7 resources
[INFO] Copying 1 resource to ../
[INFO] 
[INFO] [8mha:AAAAYB+LCAAAAAAAAABb85aBtbiIQSmjNKU4P0+vJLE4u1gvPjexLDVPzxdEGvvmZ+X75ZekLlOVfvTjc8FPJgaGiiIGKaiG5Py84vycVD1nCA1SyAABjCCFBQCV27OjYAAAAA==[0m--- maven-compiler-plugin:2.3.2:compile (default-compile) @ search ---
[INFO] Compiling 48 source files to /var/lib/jenkins/jobs/TSearchUnittest/workspace/service/target/classes
[INFO] 
[INFO] [8mha:AAAAYB+LCAAAAAAAAABb85aBtbiIQSmjNKU4P0+vJLE4u1gvPjexLDVPzxdEGvvmZ+X75ZekLlOVfvTjc8FPJgaGiiIGKaiG5Py84vycVD1nCA1SyAABjCCFBQCV27OjYAAAAA==[0m--- gmaven-plugin:1.4:compile (buildGroovies) @ search ---
[INFO] 
[INFO] [8mha:AAAAYB+LCAAAAAAAAABb85aBtbiIQSmjNKU4P0+vJLE4u1gvPjexLDVPzxdEGvvmZ+X75ZekLlOVfvTjc8FPJgaGiiIGKaiG5Py84vycVD1nCA1SyAABjCCFBQCV27OjYAAAAA==[0m--- gmaven-plugin:1.4:execute (filterResources) @ search ---
[INFO] Compiled 79 Groovy classes
[INFO] 
[INFO] [8mha:AAAAYB+LCAAAAAAAAABb85aBtbiIQSmjNKU4P0+vJLE4u1gvPjexLDVPzxdEGvvmZ+X75ZekLlOVfvTjc8FPJgaGiiIGKaiG5Py84vycVD1nCA1SyAABjCCFBQCV27OjYAAAAA==[0m--- gmaven-plugin:1.4:generateTestStubs (buildGroovies) @ search ---
[INFO] Generated 20 Java stubs
[INFO] [INFO] Using 'UTF-8' encoding to copy filtered resources.
[INFO] Copying 5 resources

[INFO] [8mha:AAAAYB+LCAAAAAAAAABb85aBtbiIQSmjNKU4P0+vJLE4u1gvPjexLDVPzxdEGvvmZ+X75ZekLlOVfvTjc8FPJgaGiiIGKaiG5Py84vycVD1nCA1SyAABjCCFBQCV27OjYAAAAA==[0m--- maven-resources-plugin:2.6:testResources (default-testResources) @ search ---
[INFO] 
[INFO] [8mha:AAAAYB+LCAAAAAAAAABb85aBtbiIQSmjNKU4P0+vJLE4u1gvPjexLDVPzxdEGvvmZ+X75ZekLlOVfvTjc8FPJgaGiiIGKaiG5Py84vycVD1nCA1SyAABjCCFBQCV27OjYAAAAA==[0m--- maven-compiler-plugin:2.3.2:testCompile (default-testCompile) @ search ---
[INFO] Compiling 20 source files to /var/lib/jenkins/jobs/TSearchUnittest/workspace/service/target/test-classes
[INFO] 
[INFO] [8mha:AAAAYB+LCAAAAAAAAABb85aBtbiIQSmjNKU4P0+vJLE4u1gvPjexLDVPzxdEGvvmZ+X75ZekLlOVfvTjc8FPJgaGiiIGKaiG5Py84vycVD1nCA1SyAABjCCFBQCV27OjYAAAAA==[0m--- gmaven-plugin:1.4:testCompile (buildGroovies) @ search ---
[INFO] Compiled 36 Groovy classes
[INFO] 
[INFO] [8mha:AAAAYB+LCAAAAAAAAABb85aBtbiIQSmjNKU4P0+vJLE4u1gvPjexLDVPzxdEGvvmZ+X75ZekLlOVfvTjc8FPJgaGiiIGKaiG5Py84vycVD1nCA1SyAABjCCFBQCV27OjYAAAAA==[0m--- maven-surefire-plugin:2.10:test (default-test) @ search ---
[INFO] Surefire report directory: /var/lib/jenkins/jobs/TSearchUnittest/workspace/service/target/surefire-reports

-------------------------------------------------------
 T E S T S
-------------------------------------------------------
Running com.rackspace.search.endpoint.AdminResourceTest
Tests run: 3, Failures: 0, Errors: 0, Skipped: 0, Time elapsed: 2.144 sec
Running com.rackspace.search.service.core.CoreTicketOnetimeSyncJobTest
Tests run: 1, Failures: 0, Errors: 0, Skipped: 0, Time elapsed: 0.246 sec
Running com.rackspace.search.service.core.CoreTicketOngoingSyncJobTest
Tests run: 1, Failures: 0, Errors: 0, Skipped: 0, Time elapsed: 0.216 sec
Running com.rackspace.search.service.core.CoreTicketProcessorTest
Tests run: 1, Failures: 0, Errors: 0, Skipped: 0, Time elapsed: 0.32 sec
Running com.rackspace.search.service.core.CoreTicketOnetimeSyncActorTest
Tests run: 3, Failures: 0, Errors: 0, Skipped: 0, Time elapsed: 0.656 sec
Running com.rackspace.search.service.core.CoreTicketOngoingSyncActorTest
Tests run: 3, Failures: 0, Errors: 0, Skipped: 0, Time elapsed: 0.001 sec
Running com.rackspace.search.service.JobServiceTest
12:17:34.816 [main] INFO  c.r.s.common.property.PropertyProvider - Loading properties file from file [/var/lib/jenkins/jobs/TSearchUnittest/workspace/service/target/properties/local/search.properties]
12:17:34.821 [main] INFO  c.r.s.common.property.PropertyProvider - Loading properties file from file [/var/lib/jenkins/jobs/TSearchUnittest/workspace/service/target/properties/local/search.secrets.properties]
12:17:34.821 [main] INFO  c.r.s.common.property.PropertyProvider - Loading properties file from file [/var/lib/jenkins/jobs/TSearchUnittest/workspace/service/target/properties/local/elasticsearch.properties]
12:17:35.024 [main] INFO  c.r.s.elasticsearch.ElasticSearchServer - Starting the Elastic Search server node:
12:17:35.212 [main] INFO  org.elasticsearch.node - [ticket.node] {0.20.6}[25228]: initializing ...
12:17:35.227 [main] INFO  org.elasticsearch.plugins - [ticket.node] loaded [action-updatebyquery], sites []
12:17:37.949 [main] INFO  org.elasticsearch.node - [ticket.node] {0.20.6}[25228]: initialized
12:17:37.951 [main] INFO  c.r.s.elasticsearch.ElasticSearchServer - Starting the Elastic Search server node with these settings:
12:17:37.984 [main] INFO  c.r.s.elasticsearch.ElasticSearchServer - Elasticsearch Settings :  [elastic.config.path:/var/lib/jenkins/jobs/TSearchUnittest/workspace/service/target/properties/local/elasticsearch, path.data:/var/lib/jenkins/jobs/TSearchUnittest/workspace/service/target/elasticsearch/data, cluster.name:ticket.cluster, http.connection.timeout.in.milliseconds:65000, index.analysis.analyzer.search_standard.type:standard, path.conf:/var/lib/jenkins/jobs/TSearchUnittest/workspace/service/target/properties/local/elasticsearch, ticket.ongoingsync.delay.seconds:2000, path.logs:/var/lib/jenkins/jobs/TSearchUnittest/workspace/service/target/elasticsearch/logs, http.enabled:true, ticket.document.idName:number, transport.tcp.compress:true, core.api.endpoint:https://ws.integration.core.rackspace.com/ctkapi, discovery.zen.ping.unicast.hosts:, account.api.username:hybrid_ui, ticket.index.name:ticket, admin.index.name:admin, indices.structure:/indices_structure.json, core.loopback.time.seconds:120, index.store.fs.memory.enabled:false, index.number_of_shards:5, admin.document.type:syncJob, discovery.zen.ping.multicast.ping.enabled:false, node.data:true, ticket.search.allowedRangeParams:createdAt,updatedAt,lastPublicResponseDate, ticket.core.date.timezone:CST, core.driver.class:org.postgresql.Driver, account.document.type:account, core.api.username:rcameron, core.db.url:jdbc:postgresql://dev.db.core.rackspace.com:5432/core_dev, account.document.versionParam:updatedAt, index.analysis.analyzer.search_standard.filter:[lowercase], ticket.core.dateformat:yyyy-MM-dd HH:mm:ss, node.master:true, name:ticket.node, index.number_of_replicas:0, account.api.events.path:/v1.0/accounts/events.atom, account.index.name:account, ticket.document.versionParam:updatedAt, ticket.document.type:ticket, admin.document.idName:name, core.db.username:usq_read, account.api.accounts.path:/v1.0/accounts, ticket.search.allowedTermParams:sourceSystem,number,createdAt,updatedAt,lastPublicResponseDate,status,queue,category,priority,assignee,hasWindowsServers,hasLinuxServers,severityName,account.team,account.id,account.rcn,account.status, account.api.endpoint:https://test.account.api.rackspace.com, ticket.elastic.dateformat:yyyy-MM-dd'T'HH:mm:ss.SSSZZ, action.auto_create_index:1, account.document.idName:id] 
12:17:37.988 [main] INFO  org.elasticsearch.node - [ticket.node] {0.20.6}[25228]: starting ...
12:17:38.122 [main] INFO  org.elasticsearch.transport - [ticket.node] bound_address {inet[/0:0:0:0:0:0:0:0:9300]}, publish_address {inet[/10.14.208.252:9300]}
12:17:41.167 [elasticsearch[ticket.node][clusterService#updateTask][T#1]] INFO  org.elasticsearch.cluster.service - [ticket.node] new_master [ticket.node][QsorAFg4Qcyb-raUlOCWrw][inet[/10.14.208.252:9300]]{master=true}, reason: zen-disco-join (elected_as_master)
12:17:41.218 [main] INFO  org.elasticsearch.discovery - [ticket.node] ticket.cluster/QsorAFg4Qcyb-raUlOCWrw
12:17:41.261 [main] INFO  org.elasticsearch.http - [ticket.node] bound_address {inet[/0:0:0:0:0:0:0:0:9200]}, publish_address {inet[/10.14.208.252:9200]}
12:17:41.261 [main] INFO  org.elasticsearch.node - [ticket.node] {0.20.6}[25228]: started
12:17:41.262 [main] INFO  c.r.s.elasticsearch.ElasticSearchServer - Elastic Search server is started.
12:17:41.419 [main] INFO  c.r.s.elasticsearch.ElasticSearchServer - ES cluster status is GREEN
12:17:42.231 [elasticsearch[ticket.node][clusterService#updateTask][T#1]] INFO  org.elasticsearch.gateway - [ticket.node] recovered [0] indices into cluster_state
12:17:42.588 [main] INFO  c.r.s.e.ElasticSearchClientFactoryBean - Starting ElasticSearch client
12:17:42.592 [main] INFO  c.r.s.e.ElasticSearchClientFactoryBean - About to read index setting file : /indices_structure.json
12:17:42.607 [main] INFO  c.r.s.e.ElasticSearchClientFactoryBean - Index does not exist. Creating the Index ticket 
12:17:42.636 [main] INFO  c.r.s.e.ElasticSearchClientFactoryBean - About to read index setting file : /var/lib/jenkins/jobs/TSearchUnittest/workspace/service/target/properties/local/elasticsearch/mappings/ticket/index.json
12:17:43.074 [elasticsearch[ticket.node][clusterService#updateTask][T#1]] INFO  org.elasticsearch.cluster.metadata - [ticket.node] [ticket] creating index, cause [api], shards [5]/[0], mappings [index, ticket]
12:17:43.586 [main] INFO  c.r.s.e.ElasticSearchClientFactoryBean - Successfully setup Index ticket 
12:17:43.589 [main] INFO  c.r.s.e.ElasticSearchClientFactoryBean - About to read index setting file : /var/lib/jenkins/jobs/TSearchUnittest/workspace/service/target/properties/local/elasticsearch/mappings/ticket/ticket.json
12:17:43.614 [main] INFO  c.r.s.e.ElasticSearchClientFactoryBean - Setting up Mapping for [ticket]/[ticket]: {"ticket":{"_source":{"enabled":true},"properties":{"queue":{"analyzer":"keyword_lowercase","type":"string"},"status":{"analyzer":"keyword_lowercase","type":"string"},"subCategory":{"analyzer":"keyword_lowercase","type":"string"},"subject":{"analyzer":"keyword_lowercase","type":"string"},"assignee":{"analyzer":"keyword_lowercase","type":"string"},"severityName":{"analyzer":"keyword_lowercase","type":"string"},"number":{"analyzer":"keyword_lowercase","type":"string"},"difficulty":{"analyzer":"keyword_lowercase","type":"string"},"hasWindowsServers":{"analyzer":"keyword_lowercase","type":"string"},"updatedAt":{"format":"date_time","type":"date"},"idle":{"format":"date_time","type":"date"},"lastPublicResponseDate":{"format":"date_time","type":"date"},"category":{"analyzer":"keyword_lowercase","type":"string"},"sourceSystem":{"analyzer":"keyword_lowercase","type":"string"},"createdAt":{"format":"date_time","type":"date"},"priority":{"analyzer":"keyword_lowercase","type":"string"},"hasLinuxServers":{"analyzer":"keyword_lowercase","type":"string"},"account":{"dynamic":"true","properties":{"id":{"analyzer":"keyword_lowercase","type":"string"},"rcn":{"analyzer":"keyword_lowercase","type":"string"},"status":{"analyzer":"keyword_lowercase","type":"string"},"name":{"analyzer":"keyword_lowercase","type":"string"},"number":{"type":"long"},"team":{"analyzer":"keyword_lowercase","type":"string"},"type":{"analyzer":"keyword_lowercase","type":"string"}},"type":"object"}}}}
12:17:43.703 [main] INFO  c.r.s.e.ElasticSearchClientFactoryBean - Index does not exist. Creating the Index admin 
12:17:43.703 [main] INFO  c.r.s.e.ElasticSearchClientFactoryBean - About to read index setting file : /var/lib/jenkins/jobs/TSearchUnittest/workspace/service/target/properties/local/elasticsearch/mappings/admin/index.json
12:17:43.781 [elasticsearch[ticket.node][clusterService#updateTask][T#1]] INFO  org.elasticsearch.cluster.metadata - [ticket.node] [admin] creating index, cause [api], shards [5]/[0], mappings [index, syncJob]
12:17:44.087 [main] INFO  c.r.s.e.ElasticSearchClientFactoryBean - Successfully setup Index admin 
12:17:44.087 [main] INFO  c.r.s.e.ElasticSearchClientFactoryBean - About to read index setting file : /var/lib/jenkins/jobs/TSearchUnittest/workspace/service/target/properties/local/elasticsearch/mappings/admin/syncJob.json
12:17:44.093 [main] INFO  c.r.s.e.ElasticSearchClientFactoryBean - Setting up Mapping for [admin]/[syncJob]: {"syncJob":{"_source":{"enabled":true},"properties":{"is_enabled":{"type":"string"},"last_event_at":{"format":"date_time","type":"date"},"last_updated_at":{"format":"date_time","type":"date"},"status":{"type":"string"},"processing_node":{"type":"string"},"description":{"type":"string"},"status_message":{"type":"string"},"name":{"type":"string"},"started_at":{"format":"date_time","type":"date"},"sync_status":{"type":"string"},"type":{"type":"string"}}}}
12:17:44.162 [main] INFO  c.r.s.e.ElasticSearchClientFactoryBean - Index does not exist. Creating the Index account 
12:17:44.163 [main] INFO  c.r.s.e.ElasticSearchClientFactoryBean - About to read index setting file : /var/lib/jenkins/jobs/TSearchUnittest/workspace/service/target/properties/local/elasticsearch/mappings/account/index.json
12:17:44.304 [elasticsearch[ticket.node][clusterService#updateTask][T#1]] INFO  org.elasticsearch.cluster.metadata - [ticket.node] [account] creating index, cause [api], shards [5]/[0], mappings [index, account]
12:17:44.478 [main] INFO  c.r.s.e.ElasticSearchClientFactoryBean - Successfully setup Index account 
12:17:44.478 [main] INFO  c.r.s.e.ElasticSearchClientFactoryBean - About to read index setting file : /var/lib/jenkins/jobs/TSearchUnittest/workspace/service/target/properties/local/elasticsearch/mappings/account/account.json
12:17:44.483 [main] INFO  c.r.s.e.ElasticSearchClientFactoryBean - Setting up Mapping for [account]/[account]: {"account":{"_source":{"enabled":true},"properties":{"updatedAt":{"format":"date_time","type":"date"},"id":{"analyzer":"keyword_lowercase","type":"string"},"rcn":{"analyzer":"keyword_lowercase","type":"string"},"status":{"analyzer":"keyword_lowercase","type":"string"},"name":{"analyzer":"keyword_lowercase","type":"string"},"number":{"type":"long"},"team":{"analyzer":"keyword_lowercase","type":"string"},"type":{"analyzer":"keyword_lowercase","type":"string"}}}}
12:17:50.874 [main] INFO  c.r.s.e.client.ElasticSearchClient - Started Query Request Builder with query params [:]
Tests run: 3, Failures: 0, Errors: 0, Skipped: 0, Time elapsed: 18.392 sec
Running com.rackspace.search.service.TicketSearchServiceTest
12:17:51.429 [main] INFO  c.r.search.logging.ElasticSearchLogger - Posting ticket 1-1 to ElasticSearch
12:17:51.432 [main] INFO  c.r.s.e.client.ElasticSearchClient -  Executing Bulk post to Elastic Search
12:17:51.494 [elasticsearch[ticket.node][clusterService#updateTask][T#1]] INFO  org.elasticsearch.cluster.metadata - [ticket.node] [ticket] update_mapping [ticket] (dynamic)
Tests run: 2, Failures: 0, Errors: 0, Skipped: 0, Time elapsed: 7.187 sec
Running com.rackspace.search.service.account.AccountOngoingSyncActorTest
Tests run: 3, Failures: 0, Errors: 0, Skipped: 0, Time elapsed: 0.018 sec
Running com.rackspace.search.service.account.AccountOngoingSyncJobTest
Tests run: 2, Failures: 0, Errors: 0, Skipped: 0, Time elapsed: 0.418 sec
Running com.rackspace.search.service.account.AccountOnetimeSyncJobTest
Tests run: 1, Failures: 0, Errors: 0, Skipped: 0, Time elapsed: 0.001 sec
Running com.rackspace.search.service.account.AccountOnetimeSyncActorTest
Tests run: 3, Failures: 0, Errors: 0, Skipped: 0, Time elapsed: 0 sec
Running com.rackspace.search.gateway.core.CoreAuthGatewayTest
Tests run: 2, Failures: 0, Errors: 0, Skipped: 0, Time elapsed: 0.09 sec
Running com.rackspace.search.gateway.core.CoreTicketGatewayTest
Tests run: 5, Failures: 0, Errors: 0, Skipped: 0, Time elapsed: 0.154 sec
Running com.rackspace.search.gateway.account.AccountGatewayTest
Tests run: 2, Failures: 0, Errors: 0, Skipped: 0, Time elapsed: 0.058 sec
Running com.rackspace.search.elasticsearch.client.ElasticSearchClientFactoryBeanTest
12:17:59.360 [main] INFO  c.r.s.e.ElasticSearchClientFactoryBean - About to read index setting file : /indices_structure.json
12:17:59.379 [main] INFO  c.r.s.e.ElasticSearchClientFactoryBean - About to read index setting file : /indices_structure.json
12:17:59.391 [main] INFO  c.r.s.e.ElasticSearchClientFactoryBean - About to read index setting file : /var/lib/jenkins/jobs/TSearchUnittest/workspace/service/target/properties/local/elasticsearch/mappings/ticket/index.json
12:17:59.394 [main] INFO  c.r.s.e.ElasticSearchClientFactoryBean - About to read index setting file : /var/lib/jenkins/jobs/TSearchUnittest/workspace/service/target/properties/local/elasticsearch/mappings/admin/index.json
12:17:59.396 [main] INFO  c.r.s.e.ElasticSearchClientFactoryBean - About to read index setting file : /var/lib/jenkins/jobs/TSearchUnittest/workspace/service/target/properties/local/elasticsearch/mappings/account/index.json
Tests run: 2, Failures: 0, Errors: 0, Skipped: 0, Time elapsed: 0.111 sec
Running com.rackspace.search.elasticsearch.client.ElasticSearchClientTest
12:17:59.485 [main] INFO  c.r.search.logging.ElasticSearchLogger - Posting ticketdoc 1-1 to ElasticSearch
12:17:59.486 [main] INFO  c.r.search.logging.ElasticSearchLogger - Posting ticketdoc 2-1 to ElasticSearch
12:17:59.487 [main] INFO  c.r.search.logging.ElasticSearchLogger - Posting ticketdoc 3-1 to ElasticSearch
12:17:59.487 [main] INFO  c.r.s.e.client.ElasticSearchClient -  Executing Bulk post to Elastic Search
12:17:59.645 [elasticsearch[ticket.node][clusterService#updateTask][T#1]] INFO  org.elasticsearch.cluster.metadata - [ticket.node] [ticketsearch] creating index, cause [auto(bulk api)], shards [5]/[0], mappings []
12:17:59.972 [elasticsearch[ticket.node][clusterService#updateTask][T#1]] INFO  org.elasticsearch.cluster.metadata - [ticket.node] [ticketsearch] update_mapping [ticketdoc] (dynamic)
12:18:03.099 [elasticsearch[ticket.node][clusterService#updateTask][T#1]] INFO  org.elasticsearch.cluster.metadata - [ticket.node] [ticketsearch] deleting index
12:18:03.169 [main] INFO  c.r.search.logging.ElasticSearchLogger - Posting ticketdoc 1-1 to ElasticSearch
12:18:03.170 [main] INFO  c.r.search.logging.ElasticSearchLogger - Posting ticketdoc 2-1 to ElasticSearch
12:18:03.171 [main] INFO  c.r.search.logging.ElasticSearchLogger - Posting ticketdoc 3-1 to ElasticSearch
12:18:03.171 [main] INFO  c.r.s.e.client.ElasticSearchClient -  Executing Bulk post to Elastic Search
12:18:03.214 [elasticsearch[ticket.node][clusterService#updateTask][T#1]] INFO  org.elasticsearch.cluster.metadata - [ticket.node] [ticketsearch] creating index, cause [auto(bulk api)], shards [5]/[0], mappings []
12:18:03.523 [elasticsearch[ticket.node][clusterService#updateTask][T#1]] INFO  org.elasticsearch.cluster.metadata - [ticket.node] [ticketsearch] update_mapping [ticketdoc] (dynamic)
12:18:06.547 [main] INFO  c.r.s.e.client.ElasticSearchClient - Started Query Request Builder with query params [:]
12:18:06.567 [elasticsearch[ticket.node][clusterService#updateTask][T#1]] INFO  org.elasticsearch.cluster.metadata - [ticket.node] [ticketsearch] deleting index
12:18:06.631 [main] INFO  c.r.search.logging.ElasticSearchLogger - Posting ticketdoc 1-1 to ElasticSearch
12:18:06.631 [main] INFO  c.r.search.logging.ElasticSearchLogger - Posting ticketdoc 2-1 to ElasticSearch
12:18:06.632 [main] INFO  c.r.search.logging.ElasticSearchLogger - Posting ticketdoc 3-1 to ElasticSearch
12:18:06.632 [main] INFO  c.r.s.e.client.ElasticSearchClient -  Executing Bulk post to Elastic Search
12:18:06.669 [elasticsearch[ticket.node][clusterService#updateTask][T#1]] INFO  org.elasticsearch.cluster.metadata - [ticket.node] [ticketsearch] creating index, cause [auto(bulk api)], shards [5]/[0], mappings []
12:18:07.032 [elasticsearch[ticket.node][clusterService#updateTask][T#1]] INFO  org.elasticsearch.cluster.metadata - [ticket.node] [ticketsearch] update_mapping [ticketdoc] (dynamic)
12:18:10.099 [main] INFO  c.r.s.e.client.ElasticSearchClient - Started Query Request Builder with query params [user:[testing1]]
12:18:10.131 [main] INFO  c.r.s.e.client.ElasticSearchClient - Started Query Request Builder with query params [user:[testing1,testing3]]
12:18:10.239 [main] INFO  c.r.s.e.client.ElasticSearchClient - Started Query Request Builder with query params [user!:[testing1,testing3]]
12:18:10.254 [elasticsearch[ticket.node][clusterService#updateTask][T#1]] INFO  org.elasticsearch.cluster.metadata - [ticket.node] [ticketsearch] deleting index
12:18:10.472 [main] INFO  c.r.search.logging.ElasticSearchLogger - Posting ticketdoc 1-1 to ElasticSearch
12:18:10.473 [main] INFO  c.r.search.logging.ElasticSearchLogger - Posting ticketdoc 2-1 to ElasticSearch
12:18:10.473 [main] INFO  c.r.search.logging.ElasticSearchLogger - Posting ticketdoc 3-1 to ElasticSearch
12:18:10.473 [main] INFO  c.r.s.e.client.ElasticSearchClient -  Executing Bulk post to Elastic Search
12:18:10.508 [elasticsearch[ticket.node][clusterService#updateTask][T#1]] INFO  org.elasticsearch.cluster.metadata - [ticket.node] [ticketsearch] creating index, cause [auto(bulk api)], shards [5]/[0], mappings []
12:18:10.718 [elasticsearch[ticket.node][clusterService#updateTask][T#1]] INFO  org.elasticsearch.cluster.metadata - [ticket.node] [ticketsearch] update_mapping [ticketdoc] (dynamic)
12:18:13.731 [main] INFO  c.r.s.e.client.ElasticSearchClient - Started Query Request Builder with query params [createdAt_range:[[2013-03-05T20:00:00.000Z,2013-03-06T20:00:00.000Z]]]
12:18:13.766 [main] INFO  c.r.s.e.client.ElasticSearchClient - Started Query Request Builder with query params [createdAt_range!:[[2013-03-05T20:00:00.000Z,2013-03-06T20:00:00.000Z]]]
12:18:13.779 [elasticsearch[ticket.node][clusterService#updateTask][T#1]] INFO  org.elasticsearch.cluster.metadata - [ticket.node] [ticketsearch] deleting index
12:18:13.817 [main] INFO  c.r.search.logging.ElasticSearchLogger - Posting ticketdoc 1-1 to ElasticSearch
12:18:13.817 [main] INFO  c.r.search.logging.ElasticSearchLogger - Posting ticketdoc 2-1 to ElasticSearch
12:18:13.819 [main] INFO  c.r.search.logging.ElasticSearchLogger - Posting ticketdoc 3-1 to ElasticSearch
12:18:13.819 [main] INFO  c.r.s.e.client.ElasticSearchClient -  Executing Bulk post to Elastic Search
12:18:13.850 [elasticsearch[ticket.node][clusterService#updateTask][T#1]] INFO  org.elasticsearch.cluster.metadata - [ticket.node] [ticketsearch] creating index, cause [auto(bulk api)], shards [5]/[0], mappings []
12:18:14.049 [elasticsearch[ticket.node][clusterService#updateTask][T#1]] INFO  org.elasticsearch.cluster.metadata - [ticket.node] [ticketsearch] update_mapping [ticketdoc] (dynamic)
12:18:17.047 [main] INFO  c.r.s.e.client.ElasticSearchClient - Started Query Request Builder with query params [sort:[number|desc]]
12:18:17.099 [main] INFO  c.r.s.e.client.ElasticSearchClient - Started Query Request Builder with query params [sort:[number|desc,priority]]
12:18:17.112 [main] INFO  c.r.s.e.client.ElasticSearchClient - Started Query Request Builder with query params [sort:[assignee|asc]]
12:18:17.125 [elasticsearch[ticket.node][clusterService#updateTask][T#1]] INFO  org.elasticsearch.cluster.metadata - [ticket.node] [ticketsearch] deleting index
12:18:17.188 [main] INFO  c.r.search.logging.ElasticSearchLogger - Posting ticketdoc 1-1 to ElasticSearch
12:18:17.189 [main] INFO  c.r.search.logging.ElasticSearchLogger - Posting ticketdoc 2-1 to ElasticSearch
12:18:17.189 [main] INFO  c.r.search.logging.ElasticSearchLogger - Posting ticketdoc 3-1 to ElasticSearch
12:18:17.189 [main] INFO  c.r.s.e.client.ElasticSearchClient -  Executing Bulk post to Elastic Search
12:18:17.221 [elasticsearch[ticket.node][clusterService#updateTask][T#1]] INFO  org.elasticsearch.cluster.metadata - [ticket.node] [ticketsearch] creating index, cause [auto(bulk api)], shards [5]/[0], mappings []
12:18:17.379 [elasticsearch[ticket.node][clusterService#updateTask][T#1]] INFO  org.elasticsearch.cluster.metadata - [ticket.node] [ticketsearch] update_mapping [ticketdoc] (dynamic)
12:18:20.404 [main] INFO  c.r.s.e.client.ElasticSearchClient - Started Query Request Builder with query params [sort:[priority]]
12:18:20.429 [elasticsearch[ticket.node][clusterService#updateTask][T#1]] INFO  org.elasticsearch.cluster.metadata - [ticket.node] [ticketsearch] deleting index
12:18:20.465 [main] INFO  c.r.search.logging.ElasticSearchLogger - Posting ticketdoc 1-1 to ElasticSearch
12:18:20.465 [main] INFO  c.r.search.logging.ElasticSearchLogger - Posting ticketdoc 2-1 to ElasticSearch
12:18:20.466 [main] INFO  c.r.search.logging.ElasticSearchLogger - Posting ticketdoc 3-1 to ElasticSearch
12:18:20.466 [main] INFO  c.r.s.e.client.ElasticSearchClient -  Executing Bulk post to Elastic Search
12:18:20.495 [elasticsearch[ticket.node][clusterService#updateTask][T#1]] INFO  org.elasticsearch.cluster.metadata - [ticket.node] [ticketsearch] creating index, cause [auto(bulk api)], shards [5]/[0], mappings []
12:18:20.663 [elasticsearch[ticket.node][clusterService#updateTask][T#1]] INFO  org.elasticsearch.cluster.metadata - [ticket.node] [ticketsearch] update_mapping [ticketdoc] (dynamic)
12:18:23.683 [elasticsearch[ticket.node][clusterService#updateTask][T#1]] INFO  org.elasticsearch.cluster.metadata - [ticket.node] [ticketsearch] deleting index
12:18:23.740 [main] INFO  c.r.search.logging.ElasticSearchLogger - Posting ticketdoc 1-1 to ElasticSearch
12:18:23.741 [main] INFO  c.r.search.logging.ElasticSearchLogger - Posting ticketdoc 2-1 to ElasticSearch
12:18:23.742 [main] INFO  c.r.search.logging.ElasticSearchLogger - Posting ticketdoc 3-1 to ElasticSearch
12:18:23.742 [main] INFO  c.r.s.e.client.ElasticSearchClient -  Executing Bulk post to Elastic Search
12:18:23.770 [elasticsearch[ticket.node][clusterService#updateTask][T#1]] INFO  org.elasticsearch.cluster.metadata - [ticket.node] [ticketsearch] creating index, cause [auto(bulk api)], shards [5]/[0], mappings []
12:18:24.002 [elasticsearch[ticket.node][clusterService#updateTask][T#1]] INFO  org.elasticsearch.cluster.metadata - [ticket.node] [ticketsearch] update_mapping [ticketdoc] (dynamic)
12:18:26.964 [main] INFO  c.r.s.e.client.ElasticSearchClient - Started Query Request Builder with query params [:]
12:18:26.974 [elasticsearch[ticket.node][clusterService#updateTask][T#1]] INFO  org.elasticsearch.cluster.metadata - [ticket.node] [ticketsearch] deleting index
12:18:27.006 [main] INFO  c.r.search.logging.ElasticSearchLogger - Posting ticketdoc 1-1 to ElasticSearch
12:18:27.007 [main] INFO  c.r.search.logging.ElasticSearchLogger - Posting ticketdoc 2-1 to ElasticSearch
12:18:27.007 [main] INFO  c.r.search.logging.ElasticSearchLogger - Posting ticketdoc 3-1 to ElasticSearch
12:18:27.007 [main] INFO  c.r.s.e.client.ElasticSearchClient -  Executing Bulk post to Elastic Search
12:18:27.037 [elasticsearch[ticket.node][clusterService#updateTask][T#1]] INFO  org.elasticsearch.cluster.metadata - [ticket.node] [ticketsearch] creating index, cause [auto(bulk api)], shards [5]/[0], mappings []
12:18:27.215 [elasticsearch[ticket.node][clusterService#updateTask][T#1]] INFO  org.elasticsearch.cluster.metadata - [ticket.node] [ticketsearch] update_mapping [ticketdoc] (dynamic)
12:18:30.220 [main] INFO  c.r.s.e.client.ElasticSearchClient - Started Query Request Builder with query params [limit:[20]]
12:18:30.231 [elasticsearch[ticket.node][clusterService#updateTask][T#1]] INFO  org.elasticsearch.cluster.metadata - [ticket.node] [ticketsearch] deleting index
Tests run: 9, Failures: 0, Errors: 0, Skipped: 0, Time elapsed: 30.861 sec
Running com.rackspace.search.elasticsearch.SyncJobTest
Tests run: 2, Failures: 0, Errors: 0, Skipped: 0, Time elapsed: 0.021 sec
12:18:30.290 [Thread-5] INFO  c.r.s.e.ElasticSearchClientFactoryBean - Closing ElasticSearch client
12:18:30.297 [Thread-5] INFO  com.rackspace.search.service.JobService - AccountOngoingSyncJob Updating the job as stopped
12:18:30.305 [Thread-5] INFO  org.elasticsearch.node - [ticket.node] {0.20.6}[25228]: stopping ...
12:18:30.367 [Thread-5] INFO  org.elasticsearch.node - [ticket.node] {0.20.6}[25228]: stopped
12:18:30.367 [Thread-5] INFO  org.elasticsearch.node - [ticket.node] {0.20.6}[25228]: closing ...
12:18:30.380 [Thread-5] INFO  org.elasticsearch.node - [ticket.node] {0.20.6}[25228]: closed

Results :

Tests run: 48, Failures: 0, Errors: 0, Skipped: 0

[JENKINS] Recording test results
[INFO] ------------------------------------------------------------------------
[INFO] Reactor Summary:
[INFO] 
[INFO] Search POM ........................................ SUCCESS [2.467s]
[INFO] search ............................................ SUCCESS [1:28.538s]
[INFO] cucumber .......................................... SUCCESS [4.625s]
[INFO] ------------------------------------------------------------------------
[INFO] BUILD SUCCESS
[INFO] ------------------------------------------------------------------------
[INFO] Total time: 1:36.462s
[INFO] Finished at: Wed Jun 05 12:18:36 UTC 2013
[INFO] Final Memory: 59M/981M
[INFO] ------------------------------------------------------------------------
[JENKINS] Archiving /var/lib/jenkins/jobs/TSearchUnittest/workspace/cucumber/pom.xml to /var/lib/jenkins/jobs/TSearchUnittest/modules/com.rackspace.api$cucumber/builds/2013-06-05_12-16-55/archive/com.rackspace.api/cucumber/0.1.0_b82-SNAPSHOT/cucumber-0.1.0_b82-SNAPSHOT.pom
[JENKINS] Archiving /var/lib/jenkins/jobs/TSearchUnittest/workspace/pom.xml to /var/lib/jenkins/jobs/TSearchUnittest/modules/com.rackspace.api$search-pom/builds/2013-06-05_12-16-55/archive/com.rackspace.api/search-pom/0.1.0_b82-SNAPSHOT/search-pom-0.1.0_b82-SNAPSHOT.pom
[JENKINS] Archiving /var/lib/jenkins/jobs/TSearchUnittest/workspace/service/pom.xml to /var/lib/jenkins/jobs/TSearchUnittest/modules/com.rackspace.api$search/builds/2013-06-05_12-16-55/archive/com.rackspace.api/search/0.1.0_b82-SNAPSHOT/search-0.1.0_b82-SNAPSHOT.pom
Waiting for Jenkins to finish collecting data
