[8mha:AAACFR+LCAAAAAAAAACFj81u00AUhaeBQITEBnZUlSIhYBHJdhoncqhY2I7jxpn8UMeFJqtJbOyJ45/aE9cxEs/DAl6GN2BVIcQ74InjIsSCM4v5dOeee898+QWqcQReOlszDnwm3Gxt7McM8mO8CjZBxIg5yZTGAbFAoaMKqEBQ2zeMUEjAK1j42YOfvfOzd/688QyC+yYiiIAncI0SxG6Qb7M6ibBvn6UReHZIsQr8ONhYjFzcf28GaZgHfvH/wPnCn59rwfcr/bYC7i1AdWnvwz5d/Ls8f/1AX6/BJ/AgT+kjz6JcScNtVDoY6mAOjq/fLm9/nHxU94HyZDUCHj7nZXoo9ftcLkocR7molcR3hFOJL/v6/bKvoP5eW7q/Vk7muHKe3PszmXJRK6mpdA/zaEXulX0FKW16CKimxIo8cvRYJygilllf7urb2IrqxwvBc9BrMVeQNqAslpKWQhtJZIkHb2fqejw0+CknJJNZI5n0BP9yJbSmO6OZdia7ATQCLRslp7sGq2mGJDp4rkr2NXYclxvr62HvXfZ+2bowN1Ay9CtVcwWVhJmRTHW9JwlqmwyxLw3UwbwRp1BT2HmmJOezLq8NcQZTDnWk1PDW6sQYB+Z5DG0xkxR7nrImxE0Zdvl4tkq14egCtnJ/FmcDqLjujdjGXcOIb+hn3hwvOC9GHiIOYlzkuzhEBD/6DSa4qloMAwAA[0mStarted by user [8mha:AAAAox+LCAAAAAAAAABb85aBtbiIQTGjNKU4P08vOT+vOD8nVc83PyU1x6OyILUoJzMv2y+/JJUBAhiZGBgqihhk0NSjKDWzXb3RdlLBUSYGJk8GtpzUvPSSDB8G5tKinBIGIZ+sxLJE/ZzEvHT94JKizLx0a6BxUmjGOUNodHsLgAzBEgZx/dLi1CL94sTcxJKMRL3sxLzszILEkkwA5i9UUswAAAA=[0msamatha.kankipati
[8mha:AAABYh+LCAAAAAAAAACFkUFLwzAUx5/VafGoN0EYiHprqkxRdnLd6qV6qQqyU9bFrluX1CSdBcHP40G/jN/A0xDxO5i0zUQ8+HLoj5f//71/6MsXNASHvVE+FIw6WZrHCRUOpiKJWMq4c6bI03TJJIGqliywArBLwQXOJOwHlR/VfrTwo4VfCdsBrAyxxBI2gjGeYZRiGqNQ8oTG7YLDVp0iYlSwlDhe9f29GYpMBd79P7Ba+Plss/fbcG7Bch8ag7gMu9n/u1zd3unbe3iCVZWS4inRbBVZzo3D0Q6ndry+3cw/th/Py0AqmS1hbafl6aPJ911VmlxXc9Uz1Do+Oey0jM73ja4iv6xc77fNZNc187zuz2TNVc/QQe+0nqc7XtfoKuod6SOhUUjCpxL8Tp6kQ/WcZkKbD4xPRIYj0kQzzFGaDNCY0In+nWM2EOgqJJhHo2uaSEmERAv9+je0vZ/tRQIAAA==[0mBuilding in workspace /var/lib/jenkins/jobs/TSearchUnittest/workspace
[8mha:AAABfx+LCAAAAAAAAACFkb1OwzAUhS+BQsQIGxJSJQRMxKG0qNAFSBuWwFJAQp3c1E3SpnZwnBIJiedhgJfhDZgqhHgH7Py0QgxcD/l0fc69R/HrN1RiDnt+MogZNaIw8QIaG5jGgctCxo1zSZaiayYI5LWkgeaAngmucCRg38n9qPCjuR/N/VLYcmBlgAUWsOGM8BSjEFMPdQUPqNdKOWwVKVxGYxYSw8q/vzdDGsnAu/8Hlgu/XnT2cd+dabDcg0rfy8Ju9v4ul7dDdfsAz7AqU1I8IYq1NEp46TCUwygcb+93s8/tp8sskEymC1jbqVvqKLJtU5Yi01Sc90qqHzdrF/VSZ9ulLic7q0Tt18vJplnOs9qLyYrzXkmHnZNinupY7VKXU6ehjoBKKgifCJhYPnHHLBGnj4yP4wi7pIqqaIo5CoM+GhE6Vq85Yv0Y3XQJ5q5/SwMhSCzQwnFQLR6DkwkT8ucYDnNxaPmYUhKeNczm8Mhs1NZ/APhWSElsAgAA[0mCheckout:workspace / /var/lib/jenkins/jobs/TSearchUnittest/workspace - hudson.remoting.LocalChannel@508f3052
[8mha:AAABRR+LCAAAAAAAAACFj8FKxDAQhsdqtXjUiwjCgqi3tEoVdU9ru/VSvSwKsqe4m60r3aQmqVQEn8eDvoxv4GkR8R1MmmZFPDg55GPy/zN/Xr7AFRy2b8qhYBQVeZmNqUCYivGA5YyjjqJI0zmTBEzNOeCk4NWCM1xI2EmN32/8/szvz/xK2E5hYYgllrCS3uJ77OeYZn5P8jHN2hWH9SbFgFHBcoIic//eDFWhAm/9H1gt/Hz22PtVb+rAfB/c66wOu9r/u1y9jvTrHTzBokpJ8YRodqqi5NaBtAM1jte3y+nHxuNpHUgl8yQsbYaRPpqSJFClKQg0m56l8OBw7yS0uiSxOkNJXaXe79nJQWDnRfHPZM2mZ2m3e9TM050otjpD3X19JLiVJHwiYe1CqL+0hORYkuzhuBWTES5zufwNzjSVeRcCAAA=[0mUsing strategy: Default
[8mha:AAABcx+LCAAAAAAAAACFkctKw0AUho/RanCpO0EIiLdNMikxF7uyaeMmurCgSFeTdhojaSYmk1IQfB4X+jK+gasi4js4k0tFXHhmMR9nzv+fH+blC1p5Bgd3xTiniZrGRRgluYqTPBrRmGbqGSdX0CVlBKpakUDyQS4HLnDK4NCv9Fqt15Z6banngx0f1saYYQZb/j2eYS3GSagNWBYlYWeewU6dYkSTnMZEdav792aYpzzw/v+B+cLPZ5m+3w4WEqwOoRWEZdjt4d/l/HUiXh/gCdZ5ygRPiWBpnhZZo1CFQq0Vr2/Xi4/dx/MyEE8mM9jYM1xxBHke4iUIIcFVryHDtNtdo5nzvGauIq+sQuyXG2eEGj+39+MsuOo1pPed2k903F4zV1H/RBwGrTkj2ZTBjY9zpnSLKGbKFZlFeUST0yUpgWlbE6zbtkXMADmOYeA2alvEQuiEBCbSbdPEjj5WjmgW8W/QptyOZMeb33lLedtWAgAA[0mLast Built Revision: Revision b687fa1887e6b09944a2027e7005eb601866a91d (origin/master)
[8mha:AAABRx+LCAAAAAAAAACFj8FKxDAQhsdqtXjUmygURL2lVaooe1q7Wy/Vy4Iie4rdbq12k5qkWhB8Hg/6Mr6Bp0XEdzBpmhXx4OSQj8n/z/x5+QKbM9i+rkacElQWVZYTjjDheUILylBXUqjojIoUdM1ZYMXgNIJTXArYibXfa/3ezO/N/FLYiWFhhAUWsBLf4HvsFZhk3kCwnGSdmsFamyKhhNMiRaG+f2+GupSBt/4PLBd+Pjv0/XIwtWB+CPZV1oRdHf5dLl/H6vUOnmBRpiR4kiq26rJixoGUA7WO17fz6cfG40kTSCZzBCxtBqE6iqLIl6XI9xXrnqHg4HDvODC6KDI6TVFTldrvmMm+b+aFvZ/JinXP0G7/qJ2nOmHP6DT199URYNciZRMB6xd5KT/j0kq4D5Td8hInqTvOGRdo+RuPvx88GwIAAA==[0mWiping out workspace first.
[8mha:AAABSh+LCAAAAAAAAACFkMFKxDAQhsdqtXjUmyAsinpLq1RR9qTZ7V6qlwVB9hR3Y7fSJjVNpSL4PB70ZXwDT4uI72DSNCviwcmhH5P/n/nTly9wSwG702pScoaKrEpSViLCynTMMy7QqSKs6YJLCqYWHHBi8BrBOSkk7MXG77d+f+73534l7MawNCGSSFiLb8k98TPCEn8oRcqSbi1go00x5qzkGUXYfH9vhrpQgXf+D6wWfj57/P1qOHNgcQTuddKEXR/9Xa5ub/TtHTzBskrJSE41O3VRCetA2oFax+vb5exj83HQBFLJPAkr2yHWR1MUBao0BYFm07MUHh0fnIVWF0VWZyhqqtL7PTs5COw83PuZrNn0LO33T9p5uoN7Vmeof6iPBLeWVOQStnDGmXpNR05pR9Bc/ejOIJUKC16mkouH1W/FYWJZIQIAAA==[0mCloning the remote Git repository
[8mha:AAABXB+LCAAAAAAAAACFkUFLwzAUx5/VafGoN0EYiHpLq0yZ7jLtVi/Vy0CQnbIudtUuqUkqFcHP40G/jN/A0xDxO5g0zUQ8+ELJj/fe/71/6MsXNASHnUkxFoyiPCuSlAqEqUhjljGOThQFmi6YJGBiwQEnArdqOMe5hN3I6L1a78313lyvGjsRLI2xxBLWoht8j70M08QbSJ7SpFNy2KhdxIwKlhEUmPv3ZihzZXj7f8Nq4eezy96vBjMHFofQGCWV2fXh3+Wqeq2rd/AEy8olxVOi2SnzglsF0gpUK17fLmcfm49nlSHlzJWwstUK9NEUhr4KTb6v2eQstQ7b+6ct2xeGts9QWEWh97t2su/beUHvZ7Jmk7O01z+q5+lM0LN9hvoH+kholJLwqYR2kDGqXtPkJGcilYw/NJNUdtU3KUbqP0yPOY5vCc/wSHiCYB5PkCqufgNhjwRwNwIAAA==[0mCloning repository git@github.com:rackerlabs/search.git
[8mha:AAABPR+LCAAAAAAAAACFjsFKw0AQhsdoNXjwoDdBEEQ9dRMlitJTTRsv0UtBkJ7WNsZIuht3NyUg+Dwe9GV8A09FxHdwJ5utiAdnDvsx+/8z/8sXtKSAvbtyLDkjRV6mGZOEMpmNeM4F6WoKkS65SsDUggNODG4tuKCFgv3Y+L3G78393tyvhZ0YlsZUUQXr8T2dUi+nLPUGSmQs7VQCNpsUI84kzxMSmvf3ZagKHXj3/8D64Oezy9+vBzMHFofQuknrsBvDv8f17y3+PsATLOuUjE4SZKcqSmEdBB2kcby+Xc0+th7P60A6matgZScIsZGiyNeF5PvIZmYpOD45PAusLoqszlBUV4n3XbvZ9+2+sPezGdnMLB30T5t9OAl7Vmeof4StoFWpREwUrKWZ2m63p4mQGWer3w64/sgNAgAA[0mgit --version
[8mha:AAABQR+LCAAAAAAAAACFjs9Kw0AQxsdoNHhUT4JQEPW2SST+oydNGy/RS0GQntY2xki6GzebEhB8Hg/6Mr6BpyLiO7iTzVbEgzOH/TH7fTPfyxfYpYDdu2pcckaKvEozVhLKymzEcy7IqaIQ6ZLLBHQtWGDF4DSCC1pI2Iu132397tzvzv1K2I1haUwllbAW39MpdXPKUncgRcbSbi1gs00x4qzkeUJC/f6+DHWhAu/8H1gd/Hx2+Pv1YGbB4hDsm7QJuz78e1z93uLvAzzBskrJ6CRBtuqiEsZB0EFax+vb1exj6/G8CaSSORJWtoMQGymKPFVInoesZ4aCw+P9s8DoosjoNEVNVXjfMZs9z+wLez+bkfXMkN8/affhJOwZnab+AbYEu5aJmEjYSDPZmSaizDjr+OSIBMRf/QbG5e/DEwIAAA==[0mgit version 1.7.4.1
[8mha:AAABTh+LCAAAAAAAAACFkMFKxDAQhsfqavGoN0EoiOutrVJF2ZN2t16qlwVB9hS72bbSJjVJl4Lg83jQl/ENPC0ivoNJ06yIByeHfkz+f+ZPX76gxxn0s3rKKXGrok5zwl1EeJ7QgjL3XFKo6JoKDLpWLLBisFvBFaoEHMTa73V+b+n3ln4pHMSwNkUCCdiK79EceQUiqTcWLCfpoGGw06VIKOG0wG6ov783Q1PJwPv/B5YLP59t+n47XliwOoHeXdqG3Z78XS5vZ+r2AZ5gXaYkqMSKraaqmXG4yuF2jte3m8XH7uNlG0gmswVs7AWhOoqiyJelyPcV656h4OT06CIwuigyOk1RW7Xab5vJvm/mhcOfyYp1z9Dh6Kybpzrh0Og0jY7VEdBrBGalgH6ERZLJ5zh1xQXDqHSSTD4Sc2fGaOlQlsu/u/kN8/xwbyUCAAA=[0mFetching upstream changes from origin
[8mha:AAABQB+LCAAAAAAAAACFkMFKxDAQhsfqavGoN0EQRL2lVaooe3KzWy/Vy4Ige4rdWKvdpCapFgSfx4O+jG/gaRHxHUyaZkU8ODn0Y/L/M3/68gUdKWD7uhpLzlBZVFnOJCJM5ikvuEDHmrChM64o2JrzwEvAbwSnpFSwk1h/0PqDmT+Y+bWwm8DCmCiiYCW5IfckKAjLgqESOcu6tYC1NkXKmeQFRdh+f2+GutSBt/4PrBd+Pvv8/WI49WB+BJ3LrAm7Ovq7XN9emds7eIJFnZKRCTXs1WUlnAMZB2odr2/n04/1x5MmkE7mK1jajLA5huI41GUoDA3bnqPo4HCvFzldHDudpbipyuz33eQwdPNw/2eyYdtztDs4aueZDu47naXBvjkKOrWiYqJ/BS4oYfo5Gw9c3MqSpHT5G/K1b/oSAgAA[0mCleaning workspace
[8mha:AAABQh+LCAAAAAAAAACFj8FKxDAQhsdqtXjUgyAIgqi3tkoVZU9rd+ulenBBkD3F3VhXu0lNUi0IPo8HfRnfwNMi4juYaZoV8eDkkI/J/8/8efkCVwrYui6HkjO/yMtsxKRPmBwNeM6F39YUI51yRcHUjANOCl4tOCGFgu3U+IPGH0z9wdSvha0U5oZEEQVL6Q25J0FOWBb0lBixrFUJWG1SDDiTPKd+bO7fm6EqdODN/wPrhZ/PHn+/6E0cmO2De5nVYZf7f5fr1yt8vYMnmNcpGRlTZKcqSmEdPjr8xvH6dj75WHs8rgPpZJ6ChY0oxoOUJKEupDBENj1L0f7B7lFkdUlidYaSukrc79nJYWjnxZ2fycimZ2mne9jMw07csTpD3T08CtxKUTFWsHJGJVVK/2f9gYtbvJWgdPEbxHseXBYCAAA=[0mResetting working tree
[8mha:AAABdx+LCAAAAAAAAACFkctKw0AUho/RanCpO0EIiLdNksY0behK08ZNdGGhIF1NLo2RZCYmkxIQfB4X+jK+gasi4js4k0tFXHhmkY8z5//PP+TlCzp5Bkd3hZ8TLKdxEUY4lxHOI4/EJJPPGVmcrgkNoK41AQQHxGrgCqUUjp1arzR6ZaVXVno2OHRgw0cUUdhx7tECKTHCoTKhWYTDYZnBXpPCIzgncSBb9ff3ZihTFvjw/8Bs4eezSN5vJ0sB1mfQccMq7O7s73J2O+e3D/AEmywlRknAWSjTImsVMlfIjeL1bbr82H+8rAKxZCKFrQPd4oeTbausOKkq57rXkm4MtAu9nbPtdq4mu6qC7xdbZ1Vt/azRjzPnutdSd2w2frxjjdq5msY9fih0ShpkCYWpRZIkwB57kOQWUexLZC7dBIsojwiWDM/t+65mDkzNM/rIQz0UBKbquSZCxllXGzBwjb4unZAsYn9BSVDOfE+3vwFGK0q/VQIAAA==[0mCommencing build of Revision 6cb7db29892c67aca5aee90cb9aa63128b9ab674 (origin/master)
[8mha:AAABcR+LCAAAAAAAAACFkM1Og0AUha9olbjUnYkJifFvAxQpLelKaXGDmmhiYroaKFKUziAMDYmJz+NCX8Y3cNUY4zs4A0yNceGdBV/u3HPuGV6+oJVnsDcpxjnBapoUUYxzFeE8DkhCMvWYkcPpnNAQ6lqSQPJArgbOUEph36v1WqPXFnptoWeDfQ9WxogiChveHZohLUE40q5oFuOoX2aw1aQICM5JEqpO/f29GcqUBd79PzBb+Pksk/ebq7kEyyNo+VEVdnP0dzm7veW3D/AEqywlRtOQs1SmRSYUKleojeL17Xr+sf14WgViyWQKazumww8n19VZcdJ1znVPkGn1jBNTzLmumKvJrarg+2XhrOvCzxn8OHOue4LaQ7vx4x1nIOZqGnb4odAqaZhNKVw4kzC4Z89RSEGVy3AW5zHBihX43bFv2D3bCKwuClAHhaGtB76NkHXUNnoMfKtrKgcki9nv16YoZ4aH69/dhmTwTgIAAA==[0mChecking out Revision 6cb7db29892c67aca5aee90cb9aa63128b9ab674 (origin/master)
[8mha:AAABQB+LCAAAAAAAAACFkMFKxDAQhsfqavGoN0EQRL2lVaooe3KzWy/Vy4Ige4rdWKvdpCapFgSfx4O+jG/gaRHxHUyaZkU8ODn0Y/L/M3/68gUdKWD7uhpLzlBZVFnOJCJM5ikvuEDHmrChM64o2JrzwEvAbwSnpFSwk1h/0PqDmT+Y+bWwm8DCmCiiYCW5IfckKAjLgqESOcu6tYC1NkXKmeQFRdh+f2+GutSBt/4PrBd+Pvv8/WI49WB+BJ3LrAm7Ovq7XN9emds7eIJFnZKRCTXs1WUlnAMZB2odr2/n04/1x5MmkE7mK1jajLA5huI41GUoDA3bnqPo4HCvFzldHDudpbipyuz33eQwdPNw/2eyYdtztDs4aueZDu47naXBvjkKOrWiYqJ/BS4oYfo5Gw9c3MqSpHT5G/K1b/oSAgAA[0mCleaning workspace
[8mha:AAABQh+LCAAAAAAAAACFj8FKxDAQhsdqtXjUgyAIgqi3tkoVZU9rd+ulenBBkD3F3VhXu0lNUi0IPo8HfRnfwNMi4juYaZoV8eDkkI/J/8/8efkCVwrYui6HkjO/yMtsxKRPmBwNeM6F39YUI51yRcHUjANOCl4tOCGFgu3U+IPGH0z9wdSvha0U5oZEEQVL6Q25J0FOWBb0lBixrFUJWG1SDDiTPKd+bO7fm6EqdODN/wPrhZ/PHn+/6E0cmO2De5nVYZf7f5fr1yt8vYMnmNcpGRlTZKcqSmEdPjr8xvH6dj75WHs8rgPpZJ6ChY0oxoOUJKEupDBENj1L0f7B7lFkdUlidYaSukrc79nJYWjnxZ2fycimZ2mne9jMw07csTpD3T08CtxKUTFWsHJGJVVK/2f9gYtbvJWgdPEbxHseXBYCAAA=[0mResetting working tree
[8mha:AAABPR+LCAAAAAAAAACFj8FKxDAQhsdqtQhe9CYIgqi3tEoVZU/a3Xrp6sKCIHuKu7WudJOapFIQfB4P+jK+gadFxHcw0zQr4sHJIR+T/5/58/IFrhSwc1uOJGekyMtszCShTI6HPOeCnGiKkM65SsHUnANOAl4t6NJCwW5i/H7j92d+f+bXwlYCCyOqqILV5I4+UD+nLPP7SoxZ1qoErDcphpxJnqckMvfvzVAVOvD2/4H1ws9nj79f9acOzA/Avc7qsGuDv8v16w2+3sMTLOqUjE5SZKcqSmEdBB2kcby+XU4/Nh7P6kA6madgaSuM8CDFcaALKQiQTc9SeHi0fxpaXRxbnaG4rhL3e3ZyENh5UftnMrLpWdrrHDfzsBO1rc5Q5wCPArdSqZgoWOlRIfVvNnsXXbn8DbkHMrQMAgAA[0mParsing POMs
[8mha:AAABVR+LCAAAAAAAAACFj8FKxDAQhsfqavGoN0EoiHqRtkoVZU/a3XrpelkQZE+xjW0lm9Q0lYrg83jQl/ENPC0ivoNJ06yIByeHfEz+f+bPyxf0Kg47eZ1WjLolqbOCVi6iVZEwwrh7KilUdMEEBl0LFlgx2K1ghEoBu7H2e53fm/u9uV8K+zEspUggAWvxLbpHHkE088aCFzTrNxw2uhQJoxUj2A31/XszNKUMvP1/YLnw89lm71fjmQWLE+hdZ23Y9cnf5fL1Rr3ewRMsy5QUTbFiqylrbhyucrid4/Xtcvax+XjeBpLJbAErW0GojqIo8mUp8n3FumcoODo+OAuMLoqMTlPUVq3222ay75t54eBnsmLdM7Q/POnmqU44MDpNw0N1BPQagflUgD9iaU1w5SS5/BpO9xyOE0SSmiAhP+mkuMQ0xTR5cDKOynz1G8zd5bIvAgAA[0mModules changed, recalculating dependency graph
[8mha:AAACEh+LCAAAAAAAAACdUl2L1DAUzY6ODj7qmyAU/Hpqkul0htldfHC7UxGmizCgK4NIphO77bRJTdLZouDv8UHxv/gPfFpE/A8mTTsqgoLJQ09u7rnn3PR++A76UoB7Z9VacgbLvEpSJiFhMo15zgV8qFFg0AlXFNi11wO9ORg0CREpFbg/t3zU8tGOj3Z8nXg4B5fXRBEFrs8zsiUoJyxBCyVSlhzWAtxsXcScSZ5TGNjv78qgLrXhu/82rAW/vR/wL88XFz1waQn6q6Qxe2P5p7i+fWVuX4N34Ip2yUhBDe7VZSU6BjQM2DI+fn568fXW20eNIe1soMDV235gtkFhiPUyCGODbaxD/mTqHfldXhh2eRaFzaqM/qCrjHFXLzj+WdlgG+vQcLbf1jOR4LjLs2g2NluBfq2oKNTep+U5FxtZkpi+cO44SIotUpznEmXrzRBOIH45mqJVypDp33FPCznEnl8YVHvYnxp0ehCR+omut0jf0AfeeBI5blw6aEsEytMVyijbmJnoZqMgW8pce0LPZkfu45OwSWwuRi5JKFPuEHowI+IAVVKX4THJEdE+z6hr+SOIoY9WnCtdmNaVdOOcSKn7ydfS9aBv2A4XCcy2jCrYzovVgI0GjJpDRFLm/FXG9hKb8K6bcx351bygBVd6MLS01zj//wdImf47MS0VF90zOGPs4dG1H2Ui0ZKuAwAA[0m[workspace] $ /srv/tools/jdk1.6.0_38/bin/java -Xms1024m -Xmx2048m -XX:MaxPermSize=256M -cp /var/lib/jenkins/plugins/maven-plugin/WEB-INF/lib/maven3-agent-1.2.jar:/usr/local/apache-maven-3.0.4/boot/plexus-classworlds-2.4.jar org.jvnet.hudson.maven3.agent.Maven3Main /usr/local/apache-maven-3.0.4 /var/cache/jenkins/war/WEB-INF/lib/remoting-2.22.jar /var/lib/jenkins/plugins/maven-plugin/WEB-INF/lib/maven3-interceptor-1.2.jar 50203
[8mha:AAABZR+LCAAAAAAAAACFjsFKw0AQhsdoNXjUmyAURL0lUapYaoWaJqWaRrFFKMXD2sa0Jd2NyUYCgvg4HvQdfAbfwFMR8R3czWYr4sGdw37M/P/M//wFhTiCrWEyiAnWwiDxRzjWEI5HfRKQSKsxMjm5hHog3pwCigNqJmihkMK2I/x67tdnfn3mZ8KKAwsDRBGFFWeM7pAeIOzrbRqNsF9JI1jLU/QJjkngaab4f1+GNGSBN/8PzA5+PqnkvdueKjDfg8K1n4Vd7f09zqY3fHoLD7DIUmI08TgraZhE0qFxh5Y7Xt4upx/r940sEEumUljaKJm8ONm2wR4nw+AsepJK+we7xyWps22pE2RnL+H3VbnZMOQ+s/6zmbPoSdqxyvk+3jHrUifI2uNFoZBSL5pQKB9Wq9XeieWeNt128cJqnXWabqNo1s5rZrPTvWLTo9dHXv0hwtgLijFFEfUGy9+ipMKpOAIAAA==[0m<===[JENKINS REMOTING CAPACITY]===>   channel started
[8mha:AAABfx+LCAAAAAAAAACFkc1Kw0AUha/RanCpO0EIiH+bSZQqaldt2riJXVhQpKtpMk0ryUycmZSA4PO40JfxDVwVEd/BmaZTERfOQPJx55x7D9yXL6gJDnujIhaMojwtkjEVCFMxjljKOGoq8jV1mSRQnSULrBDsmeAK5xL2w8rvzv3uwu8u/ErYCGElxhJL2Ajv8QS7KaaJ25N8TJNGyWFrniJiVLCUIL/6/54MZa4C7/4fWA38fLbZ+11vasFyH2qDZBZ2s/93uHod6tcHeIJVlZLijGi2yrzgxoG0A80dr28304/tx8tZIJXMlrC2U/f11RQEnjqaPE9zVTNUPz07btWNLgiMrqJgdgo93zadPc/089s/nTVXNUNHnfN5P13x20ZXUedEXwm1UhKeSaApS+r3F7fN667TZQ7Oc0JjwoUTsSKNnQFxhqygsfpyR0kTwp0DxhOEcxyNiNpTlqkVoQHBtJDjVOjNTQhXzQVqMbU6TH1TOUTr35yMoNltAgAA[0mlog4j:WARN No appenders could be found for logger (org.apache.commons.beanutils.converters.BooleanConverter).
[8mha:AAABWx+LCAAAAAAAAACFjsFKw0AQhsdqNXjUmyAERL0lUaJUe6pp4yUWsaBIT2u7pinb3bi7kVTB5/GgL+MbeCoivoO7SbYiHpw57Mfs/8/8L19QFxx2RtlQMOqkJIsTKhxERTJghHGnpSjQ1GUSQ1kLNahFYBWCM5RK2I1Kv1v53bnfnfuVsBnB0hBJJGEtGqN75BJEY7cneULjZs5ho0oxYFQwgp2gfH9fhjxVgbf/D6wOfj5b7P26N6vBYh/qN3ERdr3/97j6vdW/d/AEyyolRROsuZanGTcORzucyvH6djn72Hw8LQKpZJaElS0/0K0pDD1VmjxPczkz5B829k98owtDoyspLCrT9y2z2fPMvqD9s1lzOTO01zmq9ulJ0Da6kjoHuiXUc4n5REKDsNgfH1+1Lrr2OcFIYDuhiUwQSR6wLUfYLgS2mAqJJ3bKWYo5mTqr37TuDLo3AgAA[0mlog4j:WARN Please initialize the log4j system properly.
[8mha:AAABdx+LCAAAAAAAAACFkb9OwzAQxo9CIWKEDQkpEgKmxgEVBHSiacOSshSQUCc3ddOUxA62UyIh8TwM8DK8AVOFEO+AnT9FiIHz4J/u7rv7LL98QV1w2JukI8GolURpEFJhYSpCn0WMW+eKHE2XTBIoYqkGNQ+MvKGHEwn7XqFHpR4t9GihV40tD1ZGWGIJG94UzzCKMA1QX/KQBq2Mw1bpwmdUsIhYTnH/3gxZogzv/m9YLfx8Ntj7bX9eg+UB1IdBbnZz8He5qo519R6eYFW5pDgmmmtZkvJKYWmFVSpe327mH9uPF7kh5cyQsLbTdPTR5Lq2Ck22rbnIVdQ8PjlsN6s+1636CnLzSPV+o5ps29U8p/MzWXORq+ige1rO0xmnU/UV1D3SR0I9k4THEgbdjPipVO8xe3hG6JlpNtpmY2yiGeYoCodoSuid/tApGwp01SeY+5NrGkpJhEQPjN+JBPsEJSy2sjgy/Yhgauri+jfG7XjiWgIAAA==[0mExecuting Maven:  -B -f /var/lib/jenkins/jobs/TSearchUnittest/workspace/pom.xml clean test
[8mha:AAABwh+LCAAAAAAAAACFjs9u00AQxodAIOqxvVEhISHgEMl2i1O5VD04jh21dU2CRd1gcdgkztrB/2KvE5NKfRhOHNqX4Q04VVXFO3Q3zhYhDswc9qfZ+eb7rn5DPc/gjV+M8yQW0rDAQZwLKM6DURImmaBS0hhZCfGgqkc1qJnQWC2copTAW7PSi2u9+KAXH/R08cCEJ2NEEIFNc4rmSAxRjEWbZEGMD8oMnq9TjJI4T0JP0Kr3b2coUxr49f8DU8O7H43k18C+qcFjF+pDvAq75f5rTn8n7HcGl/CUpoxR5DGulWmRcYXAFMJacf3z7Ob2xUV3FYgmaxB49krWWDMyDIkWI0liXM04yXvKblvme4bB9yoyVlUw/wa/LEn8ntb5c5lxNeO0o++v77GJ1uF7Fekt1gTqJfGyiMD3bVeJfPRepTUom6am8moPlRZqk2Fw1LedqXXySe5JzfmxqcvFDp73pl5pds56y3Ks+8HIaTnnUTqZh+GevTuxwm+tybK7RMWg28azwA++JsbMVsQPJ8o7y97/vPAtHfvqor/Aft9RVW1Rqs3zAWa+h4fbrhS5jvrROrK6X15u3AO+uIUaoQIAAA==[0m[8mha:AAAAYx+LCAAAAAAAAABb85aBtbiIQSWjNKU4P0+vJLE4u1gvPjexLDVPzxdEhicW5WXmpfvll6S2fNly5fzGzauYGBgqihikoFqS8/OK83NS9ZwhNEghAwQwghQWAACwxA+XYgAAAA==[0m[WARNING] 
[8mha:AAAB8h+LCAAAAAAAAACFkc1u00AQx5dAIOIINyokSwg4RLLd4lRpqx4cx45KjUmwqBssDmt7/RFsr2OvPwgSz8MBXoY34EKFEO/AbhwXIQ7MHvanmfnP/Ff7+RfoFzl4EpZegVM+i8sgSgsepkXk4hjnvExJYWRggkAbN3qgp4PBtuEFzAh4qrd6YacXrvXCtZ42nujglgcJJOCevoIVFGKYBoJJ8igNTpocPNi5cHFa4BjxSnv/vRk0GTX8+P+G6cKfnwb429K86oGbNug7wdbsffvf5bTqs+oafAS3qcsUJohxr8nKvFPwTMHvFF++Xlz9ePhhtjVEnQ0IuPNIUthhpGkiDUaiyLjNdSQdjg8mUtenaV1fS9o2SrZ/0E0WxW6eMv0zmXGb62hfPdrNYxll2vW1pI7YIaDfEJQnBHzfs8dJCI9lGstmqCtyFxNnPIIT4kRnC9NaGeevpbk4rJ7rqlTuB9V8hRp9ejHfNJ4aRq41si6TzK/i+NA88I34/cjfzDawXM4mwToKo3dYW5tj4eX5+JlhHr2pQ0MNQrle1EG4sGRZqRt5eLkM2N7T0z1bTGxLfmWcGbO3nIkTxGU5dmKUFFyNcsSh1MVlSh+APK4OoxhxThnFHv0UjoS07PvIJVGFuAIRQrPF3d+nv8kg5QIAAA==[0m[8mha:AAAAYx+LCAAAAAAAAABb85aBtbiIQSWjNKU4P0+vJLE4u1gvPjexLDVPzxdEhicW5WXmpfvll6S2fNly5fzGzauYGBgqihikoFqS8/OK83NS9ZwhNEghAwQwghQWAACwxA+XYgAAAA==[0m[WARNING] Some problems were encountered while building the effective settings
[8mha:AAACAR+LCAAAAAAAAACFkk+Pk0AYxsdqtfGoNzcmJEZ7aAJspZuum02kFJp1EdslLluJhykMf7owUGZo2Zr4eTzol/EbeNoY49mrDJQ1xoPvHPjlnfd5nycZPv8EbZKBZ0HukgTzaZT7ISY8xCR0kijJeLkkhZGRUATqutUCLR10qoHXMKWgq9d6YacXbvTCjb4cPNLBHRdSSMEDfQnXUIgg9gWTZiH2j4oMPNqlcBJMkgjxSv392xkUaRn46f8Dl4Y/PnWSb3PzugVu26C98KuwD+1/zctbj92uwEdwt0yJYYwYt4o0zxoFzxT8TvHl6/n198cfJlWgMlmHgntPJIUdRpomlsVIFBnXvYakg2F/JDVzmtbM1aRVlTP/TrNZFJt9yvjPZsZ1r6F99XC3j3WUcTNXkzpgh4J2QVEWU/Brzx7GAXwhlzUveroiNzVaDAdwRBfhycy0lsbpW2kq9tavdFXK9/31dIkKfXw+3RauGoSONbAu4tRbR9GB2feM6GrgbSdbmM8nI38VBuFloq3MofDmdPjcMA/fbQJD9QN5M9v4wcySZWVTyL2Luc98j4/3bDG2LfnMODEm77luTtC0euMz5IeEZlddLiSci9IMOZAil4PY5QJIOJxwyPOQQ3nuJScESYyEJcKX7G/k475AEKXluxG+iKP7vwE66aOC9gIAAA==[0m[8mha:AAAAYx+LCAAAAAAAAABb85aBtbiIQSWjNKU4P0+vJLE4u1gvPjexLDVPzxdEhicW5WXmpfvll6S2fNly5fzGzauYGBgqihikoFqS8/OK83NS9ZwhNEghAwQwghQWAACwxA+XYgAAAA==[0m[WARNING] 'usePluginRegistry' is deprecated and has no effect. @ /home/jenkins/.m2/settings.xml
[8mha:AAABwh+LCAAAAAAAAACFjs9u00AQxodAIOqxvVEhISHgEMl2i1O5VD04jh21dU2CRd1gcdgkztrB/2KvE5NKfRhOHNqX4Q04VVXFO3Q3zhYhDswc9qfZ+eb7rn5DPc/gjV+M8yQW0rDAQZwLKM6DURImmaBS0hhZCfGgqkc1qJnQWC2copTAW7PSi2u9+KAXH/R08cCEJ2NEEIFNc4rmSAxRjEWbZEGMD8oMnq9TjJI4T0JP0Kr3b2coUxr49f8DU8O7H43k18C+qcFjF+pDvAq75f5rTn8n7HcGl/CUpoxR5DGulWmRcYXAFMJacf3z7Ob2xUV3FYgmaxB49krWWDMyDIkWI0liXM04yXvKblvme4bB9yoyVlUw/wa/LEn8ntb5c5lxNeO0o++v77GJ1uF7Fekt1gTqJfGyiMD3bVeJfPRepTUom6am8moPlRZqk2Fw1LedqXXySe5JzfmxqcvFDp73pl5pds56y3Ks+8HIaTnnUTqZh+GevTuxwm+tybK7RMWg28azwA++JsbMVsQPJ8o7y97/vPAtHfvqor/Aft9RVW1Rqs3zAWa+h4fbrhS5jvrROrK6X15u3AO+uIUaoQIAAA==[0m[8mha:AAAAYx+LCAAAAAAAAABb85aBtbiIQSWjNKU4P0+vJLE4u1gvPjexLDVPzxdEhicW5WXmpfvll6S2fNly5fzGzauYGBgqihikoFqS8/OK83NS9ZwhNEghAwQwghQWAACwxA+XYgAAAA==[0m[WARNING] 
[8mha:AAABSx+LCAAAAAAAAACFj8FKxDAQhsdqtXjUmyAURL2lVaooe9LuVoS6HgqCFA+x261duklNUykIPo8HfRnfwNMi4juYNM2KeHByyMfk/2f+vHyBWTHYuatHFSWoLOosJxXCpMoTWlCGTgT5koaUp6BqwQAjBKsVXOCSw26o/E7nd+Z+Z+4Xwl4ISyPMMYe1cIIfsFNgkjkRZznJeg2DjS5FQklFixT56v69GZpSBN7+P7BY+Pls0ffraGbAYgzmbdaGXY//LhevY/l6D0+wLFISPE0lG01ZM+1A0oE6x+vb1exj8/GsDSSSWRxWtjxfHklB4IqS5LqSVU+Td3i0f+ppXRBonaKgrVrut/Rk19Xz/P7PZMmqp2lvcNzNkx2/r3WKBgfycDAbnrIpBzs+HwaXN3aUYELEr+wxZXbJ6CRNeIUQWv0GRZF5QB8CAAA=[0m[INFO] Scanning for projects...
[8mha:AAABPh+LCAAAAAAAAABb85aBtbiIQS2jNKU4P0+vIKc0PTOvWC8xrzgzOT8nv0jPEchyBrH88ktSGSCAkYmByYeBA6zAN7GghEHdB6JfH6pfH65fH64fqNDah4ElJbEksYRByCcrsSxRPycxL10/uKQoMy/duqKIQQrqiuT8vOL8nFQ9ZwiNajNDRQHQwaqEHQy08PUKjvyHkcHPmRiYoxlYk9LBjhWOxrQcKJsGki1kqGNgA7oyLzE3FcRmqigoLYLp0APp0IPqWHsp7PlL2Wp3sIOALuMoYWBXNnEGQRDLzc0ACEAsAwMQGyIGY5mYWRg5mcDUubnB1EFYbmBQCrKfA2aygQHMPGcXhMkgNkQMxjJ0tYSaBxJxdoGpg7BcTUGwhIG1oiS1KLeEISDa08/NP1ZBl0qACwBzBPd0TwIAAA==[0m[INFO] ------------------------------------------------------------------------
[8mha:AAABSh+LCAAAAAAAAACFjsFKxDAQhsdqtXjUmygURL21Vaqoe3K7WxHqLrggSPEQ21or3aSbplIQfB4P+jK+gadFxHcwaZoV8eDMIR+T/5/5X75ALyls31VxSbBV5FWa4dJCuMwikhNqnXDyBA0IS0DWnAZaAEYjOEcFg51A+u3Wb8/89szPhZ0AFmLEEIOV4B49IDtHOLVHjGY47dQU1toUEcElyRPLk+/vy1AXPPDW/4H5wc9ng7xfjaYazIeg36RN2NXw73H+eyt+J/AEizwlRuNEsFYXFVUOSzis1vH6djn92Hg8bQLxZAaDpU3XEy3I9x1eghxHsJwpcg8O97qu0vm+0knym6rEfUNtdhy1z+v9bBYsZ4p2+0ftPjHxekonqb8vmoFes4SOGayHZwN/eG1eJChihJrdKstjc0jjhB4vfwMwchkuGwIAAA==[0m[INFO] Reactor Build Order:
[8mha:AAABOR+LCAAAAAAAAACFjsFKxDAQhsdqtXjUmyAIot7SKlWUPbndrQh1PSwIUjzE3Vor3aSmqRQEn8eDvoxv4GkR8R3MNM2KeHDmkI/J/8/8L19glwK2b6txyRkp8irNWEkoK7MRz7kgx4oCpAGXCeias8CKwGkEZ7SQsBNpv9v63ZnfnfmVsBPBwphKKmEluqMP1M0pS92hFBlLO7WAtTbFiLOS5wkJ9Pv7MtSFCrz1f2B18PPZ4e+Xw6kF8zHY12kTdjX+e1z93uDvPTzBokrJ6CRBtuqiEsZB0EFax+vbxfRj/fGkCaSSORKWNv0AGykMPVVInoesZ4b8g8O9rm90YWh0msKmKrzvmM2eZ/YFvZ/NyHpmaLd/1O7DSdAzOk39fWwJdi0TMZHgxKeD8PxqY/kbaqkK+wcCAAA=[0m[INFO] 
[8mha:AAABQx+LCAAAAAAAAACFkcFKxDAQhsdqtXjUmyAsiHpLq1RR9qTdrQjdXaEgSPEQu7Vb6SY1TaUg+Dwe9GV8A0+LiO9g0jQr4sHJIR+T/5/5IS9fYJYMdibVuKQEFXmVZqREmJRZTHPK0IkgT9KQ8gRULRhgBGA1ggEuOOwGym+3fnvut+d+IewGsDTGHHNYC+7wA7ZzTFI75CwjabdmsNGmiCkpaZ4gT92/N0NdiMDb/wcWCz+fLfp+Fc4MWIzAvEmbsOvR3+Xi9Va+3sMTLIuUBE8TyUZdVEw7kHSg1vH6djn72Hw8awKJZBaHlS3Xk0eS7zuiJDmOZNXT5B4e7Z+6Wuf7WqfIb6qS+y092XH0PK/3M1my6mna6x+382TH62mdov6BPBzMmidsKr4hOh/6o+tOmGAWTzoXo8HqNzBcB+8RAgAA[0m[INFO] Search POM
[8mha:AAABzB+LCAAAAAAAAACFjs9u00AQxodAIOIINyqkSqhwiGS7xancVj04jh2lNW6CRd1g9bBJnLVT/4u9TkyQ+jwcqPouvAGnCiHegd04W4Q4MHPYn2bnm+/7+gvqeQav/WKSJ7GQhgUO4lxAcR6MkzDJBJWSxshKiAdVPahBzYTGeuEdSgm8MSu9uNGL93rxXk8Xj0x4NEEEEXhmztACiSGKsWiTLIjxUZnBi02KcRLnSegJWvX+7QxlSgPv/D8wNfz5pZF8H9p3NXjoQn2E12Gfu/+a098p+53DNTymKWMUeYxrZVpkXCEwhbBR3Hw7v/vx8nN3HYgmaxB48krWWDMyDIkWI0liXM04yfvKXlvme4bB9yoy1lUw/wa/LEn8ntb5c5lxNeO0qx9s7rGJ1uF7Fekt1gTqJfGyiMCt27OMs8vt3EPZ2N9ylchHhyqtYdk0NZVXe6S0UJuMgt7AdmbW6Qe5LzUXJ6YuF7t40Z95pdk576/Kie4HY6flXETpdBGG+/be1Ao/taar7goVw24bzwM/uEqMua2IZ6fKW8s++Lj0LR376nKwxP7AUVVtWarNiyFmvsfHW64UuY763upZ3cvtp78BghJ8ua4CAAA=[0m[INFO] search[8mha:AAAAYx+LCAAAAAAAAABb85aBtbiIQSWjNKU4P0+vJLE4u1gvPjexLDVPzxdEhicW5WXmpfvll6S2fNly5fzGzauYGBgqihikoFqS8/OK83NS9ZwhNEghAwQwghQWAACwxA+XYgAAAA==[0m[WARNING] 
[8mha:AAACHB+LCAAAAAAAAACFkc9u00AQxreBQMQRDkhUSJYQcIiwnZJUaaoeHCcOpcZNMDQNUYXW9vpPanud9To2QeJ5OMDL8AacKoR4B3bjuAhxYPawP83MN/Ot9ssvUE8JeOJnTopjMQkzL4hTEcZpYOMQE1FhpHIyMEWgjJ0aqOmgsWl4BRMKnuqlXtrqpWu9dK1njYc6uOlACim4qy/gCkohjD3JpCSIvcOCgAdbFzaOUxwiUS3vvzeDImGGH//fMFv483MDf5+ZVzVwYw7qlrcxe2/+73JWdXl1CT6BW8xlDCPEuVYkGakUIleIW8XXb2dXPx5+HG0MMWcNCm4/aqv8cNI0mQUnWeZc5ipq73f3+u2qT9OqvpK0TWR8f6OaLMvVPHXwZzLnMldRa3iwnccz6qDqK2nY4YeCekERiejO/d15N/JhT2ExK5q6qlTRt7od2KdWcDwxpwvj5G17LDdXL/VhO2t5q/ECFfrgbLwunKEf2NPO9DxK3FUY7pt7rhF+6Ljr0Rpms1HfWwZ+cIm1pdmVTk+6zw3z4F3uG0PPV/JJ7vmTqaKoeaE0z2ce33t0tDuXo/lUeW0cG6MLwcQREhKCrRBFqZAjggQU2ziL2QOQI+R+ECLByoLQYZ8iUJ+VXRfZNFghIcIOCgUXE8HGkUigfZkm0EYiTIJeiiCx/V4OSU8WW6L83urIz0xDGZsvTt/c+Q3Fj1w0FgMAAA==[0m[8mha:AAAAYx+LCAAAAAAAAABb85aBtbiIQSWjNKU4P0+vJLE4u1gvPjexLDVPzxdEhicW5WXmpfvll6S2fNly5fzGzauYGBgqihikoFqS8/OK83NS9ZwhNEghAwQwghQWAACwxA+XYgAAAA==[0m[WARNING] Some problems were encountered while building the effective model for com.rackspace.api:search:war:0.1.0_b50-SNAPSHOT
[8mha:AAACCx+LCAAAAAAAAACFks9u00AQxreBQMSBA9yokCwhyCFgO2lSpa0q4Th2VGpMgkXTEPWwie31Bns38b+4QeJ5OMDL8AacKoR4B3btOAhxYPYwP83ON/NJu19+gWoUgmdeYkeUiEs/QZhEIiQRnlOfhqLCSOVk0tgBRexVQMUAtbzhNVzGoG4Uemmrl3Z6aadnjScGuG3DGMbggbGAKZR8SJBkxSEm6CQLwaOtizklEfUdUS3y35tBtmSGn/7fMFv483ONfp9YNxVwawqqM5SbfTj9dzm7dfntCnwCd5hLAgOHcyVbJmGpELlC3Cq+fru4+fH44yA3xJzVYnD3SVvlh5Ouyyw4yTLnolZS+7Db6rXLPl0v+wrS80j4/lo5WZbLeWr/z2TORa2kpna0nccrar/sK0jr8BODahY7YRDv3d+fdgMPHissJlnDUJUyerNuB/biGT4bWeOFef6uPZQb6StDaydNlA4XTmb0L4abzNY8PB93xpfB0k19/9BquaZ/3XE3gw1MJoMeWmEPf6D6yupKb867B6Z19H7tmRrylPVojbzRWFHUdaY0LieI7z093Z/KwXSsvDXPzMGVUJ8l2Ld3z1xkMXXCCFNSF1waCjRE7MfYjgeTSEQhpem1GMDUIccoTy8KkYAjIcBRxB5PFF4KPiaO0DzoPBfYt0kCIrSa934DHwbjEw0DAAA=[0m[8mha:AAAAYx+LCAAAAAAAAABb85aBtbiIQSWjNKU4P0+vJLE4u1gvPjexLDVPzxdEhicW5WXmpfvll6S2fNly5fzGzauYGBgqihikoFqS8/OK83NS9ZwhNEghAwQwghQWAACwxA+XYgAAAA==[0m[WARNING] 'build.plugins.plugin.version' for org.codehaus.groovy.maven:gmaven-plugin is missing. @ line 135, column 21
[8mha:AAABwh+LCAAAAAAAAACFjs9u00AQxodAIOqxvVEhISHgEMl2i1O5VD04jh21dU2CRd1gcdgkztrB/2KvE5NKfRhOHNqX4Q04VVXFO3Q3zhYhDswc9qfZ+eb7rn5DPc/gjV+M8yQW0rDAQZwLKM6DURImmaBS0hhZCfGgqkc1qJnQWC2copTAW7PSi2u9+KAXH/R08cCEJ2NEEIFNc4rmSAxRjEWbZEGMD8oMnq9TjJI4T0JP0Kr3b2coUxr49f8DU8O7H43k18C+qcFjF+pDvAq75f5rTn8n7HcGl/CUpoxR5DGulWmRcYXAFMJacf3z7Ob2xUV3FYgmaxB49krWWDMyDIkWI0liXM04yXvKblvme4bB9yoyVlUw/wa/LEn8ntb5c5lxNeO0o++v77GJ1uF7Fekt1gTqJfGyiMD3bVeJfPRepTUom6am8moPlRZqk2Fw1LedqXXySe5JzfmxqcvFDp73pl5pds56y3Ks+8HIaTnnUTqZh+GevTuxwm+tybK7RMWg28azwA++JsbMVsQPJ8o7y97/vPAtHfvqor/Aft9RVW1Rqs3zAWa+h4fbrhS5jvrROrK6X15u3AO+uIUaoQIAAA==[0m[8mha:AAAAYx+LCAAAAAAAAABb85aBtbiIQSWjNKU4P0+vJLE4u1gvPjexLDVPzxdEhicW5WXmpfvll6S2fNly5fzGzauYGBgqihikoFqS8/OK83NS9ZwhNEghAwQwghQWAACwxA+XYgAAAA==[0m[WARNING] 
[8mha:AAACBR+LCAAAAAAAAACFjtFu0zAUhr2OQcUl3DEhWULARaUkG+3UbdpFmjZVWQgtEetKxYXTOImLE6eJ06ZF4nm4gJfhDbiaEOIdsJtmCHHBsRR/OT7/+f8vv8BBloJnYe5lLFYSmgckzhQUZ2TGKEsVXZAhyWYcg7L2aqBmgfp24BVKOHhulXp1p1dv9eqtXgyeW+COhzji4IE1R0ukUhQHqsNTEgfnRQoe7VLMWJwxihWjvP92BkUiAj/9f2Bh+PNznX2fODc1sD8FB26wDftw+q+5ePXl6wJ8AndFyhhFWHKtSPK0UihSoewUX79d3fx4/LG/DSSS1Tm496RpyCPJNDVRkjRNctmrqHnSPu40qznTrOZKMreVS/96tVnTqn1G989myWWvoqPe6W6f7Bjdaq6kXkseDg4KjtOI7+0fTttRiM50UZOiYRl6VR233UId7pLByBnP7cu3zaHWWL60es38KFgO57iwulfDTeH1QjIbt8bXUeIvKT1xjn2brlv+pr9B+aTfCRYkJB+YuXDa6uvL9gvbOX23Cu1eEOqr0SoIR2NdN1aF3rieBNL34uJwqkXTsf7GHtj993DAIclgSIKQrmGKZyyKcOxhD3IGfVJAHuIMwyRlLsVRBl08Q7loiPZafFKMOI7lH8w4cgklfA2ZD9csT6GbE+op938Dr0MCWgIDAAA=[0m[8mha:AAAAYx+LCAAAAAAAAABb85aBtbiIQSWjNKU4P0+vJLE4u1gvPjexLDVPzxdEhicW5WXmpfvll6S2fNly5fzGzauYGBgqihikoFqS8/OK83NS9ZwhNEghAwQwghQWAACwxA+XYgAAAA==[0m[WARNING] It is highly recommended to fix these problems because they threaten the stability of your build.
[8mha:AAABwh+LCAAAAAAAAACFjs9u00AQxodAIOqxvVEhISHgEMl2i1O5VD04jh21dU2CRd1gcdgkztrB/2KvE5NKfRhOHNqX4Q04VVXFO3Q3zhYhDswc9qfZ+eb7rn5DPc/gjV+M8yQW0rDAQZwLKM6DURImmaBS0hhZCfGgqkc1qJnQWC2copTAW7PSi2u9+KAXH/R08cCEJ2NEEIFNc4rmSAxRjEWbZEGMD8oMnq9TjJI4T0JP0Kr3b2coUxr49f8DU8O7H43k18C+qcFjF+pDvAq75f5rTn8n7HcGl/CUpoxR5DGulWmRcYXAFMJacf3z7Ob2xUV3FYgmaxB49krWWDMyDIkWI0liXM04yXvKblvme4bB9yoyVlUw/wa/LEn8ntb5c5lxNeO0o++v77GJ1uF7Fekt1gTqJfGyiMD3bVeJfPRepTUom6am8moPlRZqk2Fw1LedqXXySe5JzfmxqcvFDp73pl5pds56y3Ks+8HIaTnnUTqZh+GevTuxwm+tybK7RMWg28azwA++JsbMVsQPJ8o7y97/vPAtHfvqor/Aft9RVW1Rqs3zAWa+h4fbrhS5jvrROrK6X15u3AO+uIUaoQIAAA==[0m[8mha:AAAAYx+LCAAAAAAAAABb85aBtbiIQSWjNKU4P0+vJLE4u1gvPjexLDVPzxdEhicW5WXmpfvll6S2fNly5fzGzauYGBgqihikoFqS8/OK83NS9ZwhNEghAwQwghQWAACwxA+XYgAAAA==[0m[WARNING] 
[8mha:AAACCB+LCAAAAAAAAACFkkFv0zAYhr3CoOIINyYkSwg4FCXZaKdu0w5p2lRjWWiJWFcqDm7rOC5JnDpOGorE7+EAf4Z/wGlCiP+A3TRDiAOfD3n0+Xu/95WcL7/AbsrB0yCbpyzWkjAjNE41FKd0xkLGNVOSpchlAoOydmqg5oD6ZuACJQI8c0q9vtXrN3r9Ri8HTxxwe44EEuC+s0A50kMUE90TnMbkpODg4TbFjMUpC7Fmld+/nUGRyMBP/h9YGv78XGffx951DdyagN0p2YR9MPnXXN766nYJPoE7MmWMIqy4ViQZrxSaUmhbxddvl9c/Hn3sbwLJZHUB7j5uWuoosm1DliLDUFz2Kmoetg86zWrOtqu5kuxNZcq/Xm02jGqf1f2zWXHZq2i/d7TdpzpWt5orqddSR4DdQmAeiZ3a3qQdBejYlDUuGo5lVtWZtluoI6b0bOiNFu75m+bAaOQvnV4z2yf5YIELp3s5WBfzXkBno9boKkr8PAwPvQPfDT+0/HV/jbJxv0OWNKDvmb302vqr8/YL1zt6uwrcHgnM1XBFguHINK1VYTauxkT5np7uTYxoMjJfu2du/x20GYcioCnkGMn3fg79TGQcwwuU4xjmmKdU/iQwoiQQMGYwZDHBHKZZkjAu4DSj4Vw+l2zMAhih0Gc8wnOYcLbAM5Fq934DBuQuzQEDAAA=[0m[8mha:AAAAYx+LCAAAAAAAAABb85aBtbiIQSWjNKU4P0+vJLE4u1gvPjexLDVPzxdEhicW5WXmpfvll6S2fNly5fzGzauYGBgqihikoFqS8/OK83NS9ZwhNEghAwQwghQWAACwxA+XYgAAAA==[0m[WARNING] For this reason, future Maven versions might no longer support building such malformed projects.
[8mha:AAABwh+LCAAAAAAAAACFjs9u00AQxodAIOqxvVEhISHgEMl2i1O5VD04jh21dU2CRd1gcdgkztrB/2KvE5NKfRhOHNqX4Q04VVXFO3Q3zhYhDswc9qfZ+eb7rn5DPc/gjV+M8yQW0rDAQZwLKM6DURImmaBS0hhZCfGgqkc1qJnQWC2copTAW7PSi2u9+KAXH/R08cCEJ2NEEIFNc4rmSAxRjEWbZEGMD8oMnq9TjJI4T0JP0Kr3b2coUxr49f8DU8O7H43k18C+qcFjF+pDvAq75f5rTn8n7HcGl/CUpoxR5DGulWmRcYXAFMJacf3z7Ob2xUV3FYgmaxB49krWWDMyDIkWI0liXM04yXvKblvme4bB9yoyVlUw/wa/LEn8ntb5c5lxNeO0o++v77GJ1uF7Fekt1gTqJfGyiMD3bVeJfPRepTUom6am8moPlRZqk2Fw1LedqXXySe5JzfmxqcvFDp73pl5pds56y3Ks+8HIaTnnUTqZh+GevTuxwm+tybK7RMWg28azwA++JsbMVsQPJ8o7y97/vPAtHfvqor/Aft9RVW1Rqs3zAWa+h4fbrhS5jvrROrK6X15u3AO+uIUaoQIAAA==[0m[8mha:AAAAYx+LCAAAAAAAAABb85aBtbiIQSWjNKU4P0+vJLE4u1gvPjexLDVPzxdEhicW5WXmpfvll6S2fNly5fzGzauYGBgqihikoFqS8/OK83NS9ZwhNEghAwQwghQWAACwxA+XYgAAAA==[0m[WARNING] 
[8mha:AAABMR+LCAAAAAAAAACFjrFOwzAQhq+BQMQIGxITAjY7oIBAnSBtWAJLJSTUybQhBKV2cJwqEhLPw9C+DG/AVCHEO+CL4yLEwN3gT+f/v/tnX+CWEvYfqnEpOCnyKs14SRgvs5HIhSTnmkKka6ESMNVxwInBawRXrFBwEBs/bf106adLvxZ2Y1gdM8UUbMaPbMpoznhKB0pmPO3WErbbFCPBS5EnJDTv78tQFzrw3v+B9cHPV0+83w4WDqwMwb1Lm7Bbw7/H9e89/j7BC6zplJxNEmSnLippHQQdpHXM324WHzvPl00gncxTsL4bhNhIUeTrQvJ9ZDOzFJycHl0EVhdFVmcoaqrC+57d7Pt2X9j72YxsZpYO+2ftPpyEPasz1D/GVuDWKpETBZ2Nbxim58gAAgAA[0m
[8mha:AAABQB+LCAAAAAAAAACFjsFKxDAQhsdqtXgSvQmCIOqtrVJF2ZN2NyLU9bAgSPGQ7dZa6SbdNJGC4PN40JfxDTwtIr6DSdOsiAdnDvmY/P/M//IFdsVg506MKkrcshBZTioXkypPaEGZeyIpVNSnPAVdcxZYETiN4AKXHHYj7fdavzfzezO/FHYiWBhhjjmsRvf4AXsFJpk34CwnWadmsN6mSCipaJG6oX5/X4a6lIG3/w8sD34+O/T9ejC1YD4Ge5g1Ydfiv8fl7636ncATLMqUBI9TxVZdCmYcrnK4reP17Wr6sfF41gSSyRwOS1tBqFoRQr4sRb6vWM8MBYdH+6eB0SFkdJpQU0Ldd8xm3zf7wu7PZsV6Zmivd9zuU5Owa3SaegeqOdg1T9mYw0p83keXN5uJSMR4mLLlb7p0iC8PAgAA[0m[INFO] cucumber
[8mha:AAABPR+LCAAAAAAAAABb85aBtbiIQS2jNKU4P0+vIKc0PTOvWC8xrzgzOT8nv0jPEchyBrH88ktSGSCAkYmByYeBA6zAN7GghEHdB6JfH6pfH65fH64fqNDah4ElJbEksYRByCcrsSxRPycxL10/uKQoMy/duqKIQQrqiuT8vOL8nFQ9ZwiNajNDRQHQwaqEHQy08PUKjvyHkcHPmRiYoxlYk9LBjhWOxrQcKJsGki1kqGNgA7oyLzE3FcRmqigoLYLp0APp0IPqWHsp7PlL2Wp3sIOALuMoYWBXNnEGQRDLzc0ACEAsAwMQGyIGY5mYWRg5mcDUubnB1EFYbmBQCrKfA2aygQHMPGcXhMkgNkQMxjJ0tYSaBxJxdoGpg7BcTUGwhIG1oiS1KLeEISDa08/NP1aBWoALADftnitPAgAA[0m[INFO]                                                                         
[8mha:AAABPh+LCAAAAAAAAABb85aBtbiIQS2jNKU4P0+vIKc0PTOvWC8xrzgzOT8nv0jPEchyBrH88ktSGSCAkYmByYeBA6zAN7GghEHdB6JfH6pfH65fH64fqNDah4ElJbEksYRByCcrsSxRPycxL10/uKQoMy/duqKIQQrqiuT8vOL8nFQ9ZwiNajNDRQHQwaqEHQy08PUKjvyHkcHPmRiYoxlYk9LBjhWOxrQcKJsGki1kqGNgA7oyLzE3FcRmqigoLYLp0APp0IPqWHsp7PlL2Wp3sIOALuMoYWBXNnEGQRDLzc0ACEAsAwMQGyIGY5mYWRg5mcDUubnB1EFYbmBQCrKfA2aygQHMPGcXhMkgNkQMxjJ0tYSaBxJxdoGpg7BcTUGwhIG1oiS1KLeEISDa08/NP1ZBl0qACwBzBPd0TwIAAA==[0m[INFO] ------------------------------------------------------------------------
[8mha:AAABWx+LCAAAAAAAAACFj81Kw0AUha/RanCpO0EIiLpyMpVWlK7atFEh/YGIIEVk2sY0kk7iZCIBwedxoS/jG7gqIr6DM0mmIi68s5iPO+fce+blCyoJg71pOkkiiuIw9QOaIEKTYByFEUNNQZakXsQ9KGpJA80BPRd0Scxh3yn8Zuk3F35z4RfChgMrE8IJhw3njjwQMyTUN13OAuo3MgZbZYpxRJMo9JBV3L83QxaLwLv/BxYLP5/16P3KnWuwPITKyM/Dbg7/Lhevt/L1Hp5gVaSkZOZJ1rI4ZcqBpAOVjte3y/nH9uNpHkgk0zms7dQseSTZNhYlCWPJRU9R7ej4sFVTOttWuoLsvFK5X1eTMVbzrPbPZMlFT1G1c1LOkx2rrXQFderycKhk3GMzDmh43rP710YrDcKJ+JXheoSNp8ag3zUwqiJ8M6rjA7fXHLhn/Yv1b/ZDeCAtAgAA[0m[INFO] Building Search POM 0.1.0_b50-SNAPSHOT
[8mha:AAABPh+LCAAAAAAAAABb85aBtbiIQS2jNKU4P0+vIKc0PTOvWC8xrzgzOT8nv0jPEchyBrH88ktSGSCAkYmByYeBA6zAN7GghEHdB6JfH6pfH65fH64fqNDah4ElJbEksYRByCcrsSxRPycxL10/uKQoMy/duqKIQQrqiuT8vOL8nFQ9ZwiNajNDRQHQwaqEHQy08PUKjvyHkcHPmRiYoxlYk9LBjhWOxrQcKJsGki1kqGNgA7oyLzE3FcRmqigoLYLp0APp0IPqWHsp7PlL2Wp3sIOALuMoYWBXNnEGQRDLzc0ACEAsAwMQGyIGY5mYWRg5mcDUubnB1EFYbmBQCrKfA2aygQHMPGcXhMkgNkQMxjJ0tYSaBxJxdoGpg7BcTUGwhIG1oiS1KLeEISDa08/NP1ZBl0qACwBzBPd0TwIAAA==[0m[INFO] ------------------------------------------------------------------------
[8mha:AAABOR+LCAAAAAAAAACFjsFKxDAQhsdqtXjUmyAIot7SKlWUPbndrQh1PSwIUjzE3Vor3aSmqRQEn8eDvoxv4GkR8R3MNM2KeHDmkI/J/8/8L19glwK2b6txyRkp8irNWEkoK7MRz7kgx4oCpAGXCeias8CKwGkEZ7SQsBNpv9v63ZnfnfmVsBPBwphKKmEluqMP1M0pS92hFBlLO7WAtTbFiLOS5wkJ9Pv7MtSFCrz1f2B18PPZ4e+Xw6kF8zHY12kTdjX+e1z93uDvPTzBokrJ6CRBtuqiEsZB0EFax+vbxfRj/fGkCaSSORKWNv0AGykMPVVInoesZ4b8g8O9rm90YWh0msKmKrzvmM2eZ/YFvZ/NyHpmaLd/1O7DSdAzOk39fWwJdi0TMZHgxKeD8PxqY/kbaqkK+wcCAAA=[0m[INFO] 
[8mha:AAAB5R+LCAAAAAAAAACFUd2K00AYHavV4qXeuQgB8Y+Sv5K6scuCzbQJ3Y1tlmqwW/Zimk7TxPyZTEKq4PN4oS/jAwheLSK+gzNJsyJeeOZiDt+c850D8/kXaGcpeLTN11kcCUmQu16UCSjKPCcO4lQYUgYZm8YEgxrXWqBlgk4leIkSAh6btV/c+8Urv3jlp8IjE9xYI4IIuGP6qEBigCJXnJPUi9yjMgX39i2cOMriAAuwvv9OBmVCCz/8f2Ea+PNTJ/6+mF+2wPUlaK/cquzd5b/h9HXDXt+Bj+AmbRmhEDPeKpM8bRwCcwh7x5ev9uWP+x+MqhBt1iHg1gMFssOYrksUjEkS4/WsYcoztacpjU7XG13N9Ao5y+80myWp2QdHfzYzXs8aJo+f7/exCRw1upqN++wQ0C4JTkMCvi0nU312wR0s1XCLBkOKhdY14bCBtlL7SCMrb3I2D/3p6WvFkrrFiTlWctktLB+X5si23pfrsVEU4Xn3zWH/HL81g5m9KV75jqpbJy4yPG9inCLP6Fs7VSl2jj2SIziU5zsa4EOoa2fQ7h3O/EWVeXx8sJRCnue5EBU44p0Ao4ivP3rQExRBHlQj7skab1AekFrxlHvBZRilzpZP4pCj/tu/Ab5lDB3dAgAA[0m[INFO] [8mha:AAAAYB+LCAAAAAAAAABb85aBtbiIQSmjNKU4P0+vJLE4u1gvPjexLDVPzxdEGvvmZ+X75ZekLlOVfvTjc8FPJgaGiiIGKaiG5Py84vycVD1nCA1SyAABjCCFBQCV27OjYAAAAA==[0m--- maven-clean-plugin:2.4.1:clean (default-clean) @ search-pom ---
[8mha:AAABPR+LCAAAAAAAAABb85aBtbiIQS2jNKU4P0+vIKc0PTOvWC8xrzgzOT8nv0jPEchyBrH88ktSGSCAkYmByYeBA6zAN7GghEHdB6JfH6pfH65fH64fqNDah4ElJbEksYRByCcrsSxRPycxL10/uKQoMy/duqKIQQrqiuT8vOL8nFQ9ZwiNajNDRQHQwaqEHQy08PUKjvyHkcHPmRiYoxlYk9LBjhWOxrQcKJsGki1kqGNgA7oyLzE3FcRmqigoLYLp0APp0IPqWHsp7PlL2Wp3sIOALuMoYWBXNnEGQRDLzc0ACEAsAwMQGyIGY5mYWRg5mcDUubnB1EFYbmBQCrKfA2aygQHMPGcXhMkgNkQMxjJ0tYSaBxJxdoGpg7BcTUGwhIG1oiS1KLeEISDa08/NP1aBWoALADftnitPAgAA[0m[INFO]                                                                         
[8mha:AAABPh+LCAAAAAAAAABb85aBtbiIQS2jNKU4P0+vIKc0PTOvWC8xrzgzOT8nv0jPEchyBrH88ktSGSCAkYmByYeBA6zAN7GghEHdB6JfH6pfH65fH64fqNDah4ElJbEksYRByCcrsSxRPycxL10/uKQoMy/duqKIQQrqiuT8vOL8nFQ9ZwiNajNDRQHQwaqEHQy08PUKjvyHkcHPmRiYoxlYk9LBjhWOxrQcKJsGki1kqGNgA7oyLzE3FcRmqigoLYLp0APp0IPqWHsp7PlL2Wp3sIOALuMoYWBXNnEGQRDLzc0ACEAsAwMQGyIGY5mYWRg5mcDUubnB1EFYbmBQCrKfA2aygQHMPGcXhMkgNkQMxjJ0tYSaBxJxdoGpg7BcTUGwhIG1oiS1KLeEISDa08/NP1ZBl0qACwBzBPd0TwIAAA==[0m[INFO] ------------------------------------------------------------------------
[8mha:AAABWB+LCAAAAAAAAACFj9FKwzAUho/VafFS7wRhICoIpplsouxq61YV6iZUBBki2VZrpWtqmkpB8Hm80JfxDbwaIr6DSdNMxAtPLvJx8v/n/Hn5gkrKYOs2G6c0RkmUBWGcIhKn4YhGlKGWIFtSj3IfVM0ZYLhgFoJTknDYdpXfKv3WzG/N/ELYdGFhTDjhsOLekQdiRSQOLI+zMA6aOYO1MsWIximNfGSr+/dmyBMRePP/wGLh57NJ3y+9qQHzA6gMgyLs6uDvcvF6I1/v4QkWRcqYTHzJRp5kTDuQdKDS8fp2Mf1YfzwqAolkJoeljbotjyTHwaIkYSxZ9TTV9w/22nWtcxytU+QUlcn9pp6MsZ5nd34mS1Y9TbXuYTlPduyO1inqNuThUMm5zyYcdgYnPad/VW1nYTQWv6qmPmGj2ypGNYSvhw286/VaZ95x/3z5GydOBNEpAgAA[0m[INFO] Building search 0.1.0_b50-SNAPSHOT
[8mha:AAABPh+LCAAAAAAAAABb85aBtbiIQS2jNKU4P0+vIKc0PTOvWC8xrzgzOT8nv0jPEchyBrH88ktSGSCAkYmByYeBA6zAN7GghEHdB6JfH6pfH65fH64fqNDah4ElJbEksYRByCcrsSxRPycxL10/uKQoMy/duqKIQQrqiuT8vOL8nFQ9ZwiNajNDRQHQwaqEHQy08PUKjvyHkcHPmRiYoxlYk9LBjhWOxrQcKJsGki1kqGNgA7oyLzE3FcRmqigoLYLp0APp0IPqWHsp7PlL2Wp3sIOALuMoYWBXNnEGQRDLzc0ACEAsAwMQGyIGY5mYWRg5mcDUubnB1EFYbmBQCrKfA2aygQHMPGcXhMkgNkQMxjJ0tYSaBxJxdoGpg7BcTUGwhIG1oiS1KLeEISDa08/NP1ZBl0qACwBzBPd0TwIAAA==[0m[INFO] ------------------------------------------------------------------------
[8mha:AAABlx+LCAAAAAAAAACFUrFOwzAQPQqFihE2JCQkBEy106qg0k6QNiyFpRISYnITkwYS2zhOCULiH/gLBvgZ/oCpQoh/wI6bIsTAefDz3Xt3L7q8fEE1lbA7zoKUMyTiLIxYighLI5/HXKIjjVyDzriiYGOhApUB1ArCKREK9gZWj2d6PNfjuV4TuwNYCogiCtYG12RCcExYiIdKRizs5hI2Zi58zlIeU+Ta+/dkyIU2vPO/YT3w87nG3y+G0wosXkJ1FBZm1y//DtfVK1O9hUdY1i4ZSajBlVxkslQgo0Azxevb+fRj8+GkMKSd1RSsbLdccwzyPEeHQY5jsM2VqHXQbh63Sp7nlTyLvCIyM79Wdnacsp/b++lssM2VqNE/nPUzGbdX8izq75ujoJorKhMFTz1+x2JOAv1Fna2xUqKDcVAfZVEcNFBEgqbehRRIEv8mFcSn+pl02g3HwYzmWYr1phRlCoeSZyLFIhvFkY+5DHUloGOiKbrEJ/c4IRPKcFhcdbs1m6snVBHzV6A8iVe/AUiuWUyQAgAA[0mDownloading: http://d-build1.iad2.corp.rackspace.com:8100/nexus/content/groups/public/org/codehaus/groovy/maven/gmaven-plugin/maven-metadata.xml
[8mha:AAABrR+LCAAAAAAAAACFUsFOGzEQHQKhEUd6q1RppapAD7E3kKAQTmTDcmjaCxJSxcnZNZuFXdvY3nQREp+DOMDP8AecEEL8A/Y6S4U4dHzw88x7M08a375AU0lYmxax4gyJrEhSphBhKo14xiXaMyiw6DfXFFwsNKAxhlZF+EWEhvWx0+O5Hr/p8ZveEHfHsBQTTTSsjk/JjOCMsAQfapmyZLeU8GXuIuJM8YyiwN3vJ0MpjOHv/zdsBj7ftPjDn8PHBiweQ3OSVGY/H38cbqontnoOV7BsXDKSU4sbpShkrUBWgeaKu/ujx6evlweVIeOspeHTt25gj0Vh6JuwyPctdrkadbf7m8NuzQvDmudQWEVh57fqzr5f9wtG/zpb7HI16uzvzPvZTDCqeQ7t9+zR0Cw1lbmG6xH/yzJOYhoPvKnWYoBx3J4UaRZ3UEriTbMKKZAk0ZkSJKLmmQ/6Hd/HjJaFwmZRmjKNE8kLobAoJlkaYS4TU4nplBiKKfHZBc7JjDKcVFfbLc3l2jnVxH4KVOaZt9Hrb3lDj2ivg3rezyFWNPqx8gpdJpb7pQIAAA==[0mDownloaded: http://d-build1.iad2.corp.rackspace.com:8100/nexus/content/groups/public/org/codehaus/groovy/maven/gmaven-plugin/maven-metadata.xml (583 B at 1.5 KB/sec)
[8mha:AAABOR+LCAAAAAAAAACFjsFKxDAQhsdqtXjUmyAIot7SKlWUPbndrQh1PSwIUjzE3Vor3aSmqRQEn8eDvoxv4GkR8R3MNM2KeHDmkI/J/8/8L19glwK2b6txyRkp8irNWEkoK7MRz7kgx4oCpAGXCeias8CKwGkEZ7SQsBNpv9v63ZnfnfmVsBPBwphKKmEluqMP1M0pS92hFBlLO7WAtTbFiLOS5wkJ9Pv7MtSFCrz1f2B18PPZ4e+Xw6kF8zHY12kTdjX+e1z93uDvPTzBokrJ6CRBtuqiEsZB0EFax+vbxfRj/fGkCaSSORKWNv0AGykMPVVInoesZ4b8g8O9rm90YWh0msKmKrzvmM2eZ/YFvZ/NyHpmaLd/1O7DSdAzOk39fWwJdi0TMZHgxKeD8PxqY/kbaqkK+wcCAAA=[0m[INFO] 
[8mha:AAAB4h+LCAAAAAAAAACFUc2L00AcHavV4lFvLkJA/KLkq6Ru7LJgM21Cd2ObpRrshj1M02mamI+aTEKq4N/jQf8Zj948LSL+D84kzYp48M1hHr957/cezOdfoJ2l4NEmX2VJLGzD3PPjTEBx5rtJmKTCkDLI2DQhGNS41gItE3QqwUu0JeCxWfvFvV+88otXfio8MsGNFSKIgDtmgAokhij2xDlJ/dg7KlNwb9/CTeIsCbEA6/vvZFBuaeGH/y9MA39+6iTfF/PLFrjugPbSq8redf4Np69r9voOfAQ3acsYRZjxVrnN08YhMIewd3z5al/+uP/BqArRZh0Cbj1QIDuM6bpEwZgkMV7PGqY8U3ua0uh0vdHVTK+Qs/xOs1mSmn1w9Gcz4/WsYfL4+X4fm8BRo6vZuM8OAe2S4DQi4JszmeqzC+7AUaMNGgwpFlrXhMMG2lLtI40s/cnZPAqmp68VS+oWJ+ZYyWWvsAJcmiPbel+uxkZRROfdN4f9c/zWDGf2ungVuKpunXjI8P2JcYp8o2/tVKXYufZIjuFQnu9oQAChrp1Bu3c4CxZV5vHxgSNFPM9zESpwzLshRjFff/SgJyiCPKhG3JMVXqM8JLXiKfeCyzBK3Q1Hvbd/A79bfk3ZAgAA[0m[INFO] [8mha:AAAAYB+LCAAAAAAAAABb85aBtbiIQSmjNKU4P0+vJLE4u1gvPjexLDVPzxdEGvvmZ+X75ZekLlOVfvTjc8FPJgaGiiIGKaiG5Py84vycVD1nCA1SyAABjCCFBQCV27OjYAAAAA==[0m--- maven-clean-plugin:2.4.1:clean (default-clean) @ search ---
[8mha:AAABOR+LCAAAAAAAAACFjsFKxDAQhsdqtXjUmyAIot7SKlWUPbndrQh1PSwIUjzE3Vor3aSmqRQEn8eDvoxv4GkR8R3MNM2KeHDmkI/J/8/8L19glwK2b6txyRkp8irNWEkoK7MRz7kgx4oCpAGXCeias8CKwGkEZ7SQsBNpv9v63ZnfnfmVsBPBwphKKmEluqMP1M0pS92hFBlLO7WAtTbFiLOS5wkJ9Pv7MtSFCrz1f2B18PPZ4e+Xw6kF8zHY12kTdjX+e1z93uDvPTzBokrJ6CRBtuqiEsZB0EFax+vbxfRj/fGkCaSSORKWNv0AGykMPVVInoesZ4b8g8O9rm90YWh0msKmKrzvmM2eZ/YFvZ/NyHpmaLd/1O7DSdAzOk39fWwJdi0TMZHgxKeD8PxqY/kbaqkK+wcCAAA=[0m[INFO] 
[8mha:AAAB4h+LCAAAAAAAAACFkctu00AUhodAIGJJd1RIllC5KIovldO6qSoRT2IrrZu4ClikVhcTZ+LY9SXYY8sBiedhAc+CxBuwqhDiHZix4yLEgjOL+XTm/Of/pfn8CzTTBDxbZYs0jvh1kLlelPIoSj0nDuKE71OCjMYxwaCqOw3QMECrHDhHawKeG5Ve2OqFW71wq6eDxwa4t0AEEfDI8FGOhABFrjAliRe5x0UCHm9TOHGUxgHmYXX/7QyKNQ289//A1PDnp1b8fTa9aYC7NmjO3TLsjv2vOX1dstd34CO4T1NGKMSMG8U6S2oFzxT8VvHlm3Xz48kHvQxEk7UIePBUhuww0jSRFiNRZFz1apIPlH1Vruc0rZ6rSCsrY/6terMo1vvg4M9mxlWvJml4tN3HOnBQz1U07LJDQLMgOAkJ+GqPxtrkitu1lXCFen1aM7VtwH5d6lzpIpXMvdHFNPTHZ29kU2znp8ZQziQ3N31cGAPLfF8shnqeh5ftt4fdS3xtBBNrmb/2HUUzT12ke95IP0Oe3jU3ipxvHGsgRbAvTTfUwIdQUy+gtX848Wel58nJri2GnU6Hc0OU46hT/XFP4sUeLrCTEcy9WOAlygLyknvFpRglzoqjgoe/Abbdg63OAgAA[0m[INFO] [8mha:AAAAYB+LCAAAAAAAAABb85aBtbiIQSmjNKU4P0+vJLE4u1gvPjexLDVPzxdEGvvmZ+X75ZekLlOVfvTjc8FPJgaGiiIGKaiG5Py84vycVD1nCA1SyAABjCCFBQCV27OjYAAAAA==[0m--- gmaven-plugin:1.0:execute (default) @ search ---
[8mha:AAABOR+LCAAAAAAAAACFjsFKxDAQhsdqtXjUmyAIot7SKlWUPbndrQh1PSwIUjzE3Vor3aSmqRQEn8eDvoxv4GkR8R3MNM2KeHDmkI/J/8/8L19glwK2b6txyRkp8irNWEkoK7MRz7kgx4oCpAGXCeias8CKwGkEZ7SQsBNpv9v63ZnfnfmVsBPBwphKKmEluqMP1M0pS92hFBlLO7WAtTbFiLOS5wkJ9Pv7MtSFCrz1f2B18PPZ4e+Xw6kF8zHY12kTdjX+e1z93uDvPTzBokrJ6CRBtuqiEsZB0EFax+vbxfRj/fGkCaSSORKWNv0AGykMPVVInoesZ4b8g8O9rm90YWh0msKmKrzvmM2eZ/YFvZ/NyHpmaLd/1O7DSdAzOk39fWwJdi0TMZHgxKeD8PxqY/kbaqkK+wcCAAA=[0m[INFO] 
[8mha:AAAB6R+LCAAAAAAAAACFkU2L00AYx8dqtXjUm4sQEN8ozcuSurHLgs20Cd2NbZZosBv2MEln08S81GQSUgU/jwf9Ml49eVpE/A7OJM2KePCZw/x45vk//z/M51+gm2fg0bpY5WnCb6LCD5KcR0keeGmUZvyYEmQ0TwkGTV3rgI4BevXAS7Qh4LHR6IWdXrjSC1d6OnhogBsrRBABd4wQlUiIUOILFsmCxD+sMnBvl8JLkzyNMA+b+29nUG1o4If/D0wNf37qpd+X1mUHXHdA1/XrsHedf83p6wV7fQc+gps0ZYJizLhTbYqsVfBMwe8UX77alz/uf9DrQDRZj4BbD2TIDiNNE2kxEkXGTa8l+Zmyr8rtnKa1cw1pdRXMv9duFsV2H5z82cy46bUkTZ/v9rEOnLRzDU2H7BDQrQjOYgK+ObO5tjjn9hwlXqPRmNZS7Rtw3JbqKkOkEjeYnVpxOD95LZtivzw2pnIh+aUZ4sqY2Ob7ajXVyzI+6785GJ7ht0a0sC/KV6GnaOaxj/QgmOknKNCH5laRy61nT6QEjiVrSw1CCDX1FNr7B4twWXseHe05YjwYDDg/RiVOBs0fjyReHvk4wRki2CKFm3NP3CKIVnqWpmWA86fcCy7HKPPWHBXf/g0x8s5m2gIAAA==[0m[INFO] [8mha:AAAAYB+LCAAAAAAAAABb85aBtbiIQSmjNKU4P0+vJLE4u1gvPjexLDVPzxdEGvvmZ+X75ZekLlOVfvTjc8FPJgaGiiIGKaiG5Py84vycVD1nCA1SyAABjCCFBQCV27OjYAAAAA==[0m--- gmaven-plugin:1.4:generateStubs (buildGroovies) @ search ---
[8mha:AAABTB+LCAAAAAAAAACFj0FLwzAUx5/VafGoN0EsiHpr66yi7KTdOpQ6DwNBhodsjXXSJTVJpSD4eTzol/EbeBoifgeTppmIB18O+fHy/7/3z8sXNDiD7dsi4ZS4eVakY8JdRPh4RDPK3GNJoaIeFRh0zVlgxWBXgnOUC9iJtd+r/d7M7838UtiKYSFBAglYie/QA/IyRFKvL9iYpK2SwVqdYkQJpxl2Q33/3gxlLgNv/R9YLvx8tun7VX9qwfwAGsO0Crs6+Ltcvt6o13t4gkWZkqAJVmyVecGMw1UOt3a8vl1OP9Yfu1UgmcwWsLQZhOooiiJfliLfV6x7hoKDw+ZJYHRRZHSaoqoKtd82k33fzAvbP5MV656h3c5RPU91wrbRaersqyOgUQrMJgI2Bqe96OLa6WKCGRI4cZp7zpn8qsNFMeTL3wrX6b0eAgAA[0m[INFO] Generated 23 Java stubs
[8mha:AAABOR+LCAAAAAAAAACFjsFKxDAQhsdqtXjUmyAIot7SKlWUPbndrQh1PSwIUjzE3Vor3aSmqRQEn8eDvoxv4GkR8R3MNM2KeHDmkI/J/8/8L19glwK2b6txyRkp8irNWEkoK7MRz7kgx4oCpAGXCeias8CKwGkEZ7SQsBNpv9v63ZnfnfmVsBPBwphKKmEluqMP1M0pS92hFBlLO7WAtTbFiLOS5wkJ9Pv7MtSFCrz1f2B18PPZ4e+Xw6kF8zHY12kTdjX+e1z93uDvPTzBokrJ6CRBtuqiEsZB0EFax+vbxfRj/fGkCaSSORKWNv0AGykMPVVInoesZ4b8g8O9rm90YWh0msKmKrzvmM2eZ/YFvZ/NyHpmaLd/1O7DSdAzOk39fWwJdi0TMZHgxKeD8PxqY/kbaqkK+wcCAAA=[0m[INFO] 
[8mha:AAAB6R+LCAAAAAAAAACFkctu00AUhodAIGIJOyokS4ibIl8SOa1JVYl4EltpTeIqYJFaLCbO1LHxDXtsHJB4HhbwMrwBYlEhxDswY8etEAvOLPzNmfOf/5f85TdoZyl4tMnXWRwJSZC7XpQJKMo8Jw7iVBhRgoxmMcGgrmst0DJApxp4gRICHhu1XtzpxUu9eKmng4cGuLFGBBFwx/BRgcQARa64IKkXuYdlCu7tUjhxlMUBFmD9/dsZlAkN/PD/ganhr8+d+PtycdEC123QXrlV2Lv2v+b09Zy9vgOfwE2aMkIhZtwqkzxtFAJTCDvF12/Wxc/7H/UqEE3WIeDWAxmyw0jTJFqMJIlx3WtI3lf6qtzMaVozV5NWVc78O81mSWr2wfHVZsZ1r6He5NluH+vAcTNX02TADgHtkuA0JOCHPZ1p8zfcnq2EGzQc0VqqXQOOmlJXygCpZOVNTxehPzt5JZtStzg2JnLecwvTx6UxtswP5XqiF0V41n19MDjDb41gbp0XL31H0cxjF+meN9VPkKcPzK0iF1vHGvciOOotttTAh1BTT6HVP5j7y8rz6GjPlkKe57kQFTjiU5zFeergjK9/9rAv7A+dONlevXBPqvt7vEJJ8pR7zmUYpc6Go0tu/wH73NyR4gIAAA==[0m[INFO] [8mha:AAAAYB+LCAAAAAAAAABb85aBtbiIQSmjNKU4P0+vJLE4u1gvPjexLDVPzxdEGvvmZ+X75ZekLlOVfvTjc8FPJgaGiiIGKaiG5Py84vycVD1nCA1SyAABjCCFBQCV27OjYAAAAA==[0m--- maven-resources-plugin:2.6:copy-resources (copy-webapp) @ search ---
[8mha:AAABYB+LCAAAAAAAAACFj0FLwzAUx5/VafGoN0EoiO5kW2XKdCftVhHqPMwJMjzENquVmtQklYrg5/GgX8Zv4GmI+B1M2mYiHnw55MfL///ePy9f0OAMNq7ziFNiZ2keJ4TbiPAkpCll9oEkT1GfCgxVzRhgBGCWghOUCWgGld+p/c7U70z9UtgJYC5CAglYCm7QPXJSRGJnIFhC4k7BYKVOEVLCaYptr7p/b4Yik4HX/w8sF34+m/T9YjAxYHYEjau4DLs8+rtcvo7V6x08wbxMSdAtVmwUWc60w1YOu3a8vp1PPlYfj8pAMpkpYGGt5amjyPddWYpcV3HV09TabW8ftrTO97WuIr+sXO039WTX1fO87s9kxVVP01Zvr56nOl5X6yrq7agjoFEIzG4F7I+O+/7ppTXk8ktWc3jmb7abFiYhjVRDUCuk2YM1TlKpx5HFMKc5CzG3F78Bz0LDdTkCAAA=[0m[INFO] Using 'UTF-8' encoding to copy filtered resources.
[8mha:AAABSR+LCAAAAAAAAACFj8FKxDAQhsdqtXjUmyIURL21Vasoe9LuVoS6HhYEKR5it9ZKN+kmqVQEn8eDvoxv4GkR8R1MmmZFPDg55GPy/zN/Xr7AZBQ2b6shI9gpiyrLMXMQZnlCCkKdI0GBpD7hKaiaMcCIwGoEZ6jksBUpv9v63anfnfqFsBPB3BBxxGEpukP3yC0QztwBpznOOjWFlTZFQjAjReoE6v69GepSBN74P7BY+PlskffLwcSA2RjM66wJuxz/XS5eb+TrGJ5gXqTEaJRKNuqyotrhSIfTOl7fLiYfa48nTSCRzOKwsO4H8kgKQ0+UJM+TrHqa/P2DnWNf68JQ6xSFTVVyv6Une56eF3R/JktWPU3bvcN2nuwEXa1T1NuTh4NZ85SOOKzGp/3w/MoOSPkgPmXv2jRlpKJJyha/AWKwgQgaAgAA[0m[INFO] Copying 3 resources
[8mha:AAABOR+LCAAAAAAAAACFjsFKxDAQhsdqtXjUmyAIot7SKlWUPbndrQh1PSwIUjzE3Vor3aSmqRQEn8eDvoxv4GkR8R3MNM2KeHDmkI/J/8/8L19glwK2b6txyRkp8irNWEkoK7MRz7kgx4oCpAGXCeias8CKwGkEZ7SQsBNpv9v63ZnfnfmVsBPBwphKKmEluqMP1M0pS92hFBlLO7WAtTbFiLOS5wkJ9Pv7MtSFCrz1f2B18PPZ4e+Xw6kF8zHY12kTdjX+e1z93uDvPTzBokrJ6CRBtuqiEsZB0EFax+vbxfRj/fGkCaSSORKWNv0AGykMPVVInoesZ4b8g8O9rm90YWh0msKmKrzvmM2eZ/YFvZ/NyHpmaLd/1O7DSdAzOk39fWwJdi0TMZHgxKeD8PxqY/kbaqkK+wcCAAA=[0m[INFO] 
[8mha:AAAB4x+LCAAAAAAAAACFUduK00AYHqvV4qXeuQgB8UTJoSXdjV0WbKZN6G5ss1SD3bAX03SaJuZQk0lIFXweL/RlfANBWER8B2eSpot44T8X8/HPd4L58hs00wQ8WWfLNI6ETZC5XpQKKEo9Jw7iRBhQBBmaxASDam40QMMArZLwCm0IeGpUenGnF/d6ca+nxGMD3Foiggi4Z/goR2KAIleckcSL3OMiAQ92LZw4SuMAC7C6/04GxYYWfvz/wjTw1+dW/H0+u2qAmzZoLtyy7H3733D6umKv78EncJu2jFCIGW4UmyypFQJTCDvF12/W1c+HH/WyEG3WIuDOIxmyw5CmSXQYkiSGq12N5EOlq8o1T9NqXoW0cjKW36qdJan2g8NrZ4arXY06oxc7P7aBw5pXoVGPHQKaBcFJSMAPezzRppfcga2Ea9Qf0JmrbQMO6lEXSg+pZOGNz2ehPzl7I5tSOz81RnLWcXPTx4UxtMwPxXKk53l40X571LvA74xgaq3y176jaOapi3TPG+tnyNN75laR861jDTsRHHRmWxrgQ6ip59DqHk39eZl5cnJgSyHP81yIchzxCU7jLHFwylef3e8Kh/39knu2xCuUBeSa95x7yaUYJc6aoy53/wAem74a4wIAAA==[0m[INFO] [8mha:AAAAYB+LCAAAAAAAAABb85aBtbiIQSmjNKU4P0+vJLE4u1gvPjexLDVPzxdEGvvmZ+X75ZekLlOVfvTjc8FPJgaGiiIGKaiG5Py84vycVD1nCA1SyAABjCCFBQCV27OjYAAAAA==[0m--- maven-resources-plugin:2.6:resources (default-resources) @ search ---
[8mha:AAABYB+LCAAAAAAAAACFj0FLwzAUx5/VafGoN0EoiO5kW2XKdCftVhHqPMwJMjzENquVmtQklYrg5/GgX8Zv4GmI+B1M2mYiHnw55MfL///ePy9f0OAMNq7ziFNiZ2keJ4TbiPAkpCll9oEkT1GfCgxVzRhgBGCWghOUCWgGld+p/c7U70z9UtgJYC5CAglYCm7QPXJSRGJnIFhC4k7BYKVOEVLCaYptr7p/b4Yik4HX/w8sF34+m/T9YjAxYHYEjau4DLs8+rtcvo7V6x08wbxMSdAtVmwUWc60w1YOu3a8vp1PPlYfj8pAMpkpYGGt5amjyPddWYpcV3HV09TabW8ftrTO97WuIr+sXO039WTX1fO87s9kxVVP01Zvr56nOl5X6yrq7agjoFEIzG4F7I+O+/7ppTXk8ktWc3jmb7abFiYhjVRDUCuk2YM1TlKpx5HFMKc5CzG3F78Bz0LDdTkCAAA=[0m[INFO] Using 'UTF-8' encoding to copy filtered resources.
[8mha:AAABSR+LCAAAAAAAAACFj81KxDAUha/VanGpO0UoiLprq9Q/ZqWdqQh1XAwIUlzETq2VTtJJUqkIPo8LfRnfwNUg4juYNM2IuPBmkY+bc+49efkCk1HYvK2GjGCnLKosx8xBmOUJKQh1jgQFkvqEp6BqxgAjAqsRnKGSw1ak/G7rd6d+d+oXwk4Ec0PEEYel6A7dI7dAOHMHnOY469QUVtoUCcGMFKkTqPv3ZqhLEXjj/8Bi4eezRd4vBxMDZmMwr7Mm7HL8d7l4vZGvY3iCeZESo1Eq2ajLimqHIx1O63h9u5h8rD2eNIFEMovDwrofyCMpDD1RkjxPsupp8vcOdo59rQtDrVMUNlXJ/Zae7Hl6XtD9mSxZ9TRt9w7bebITdLVOUW9XHg5mzVM64rAan/bD8ys7IOWD+JS9b9OUkYomKVv8Bh2LhwsaAgAA[0m[INFO] Copying 7 resources
[8mha:AAABTR+LCAAAAAAAAACFj8FKxDAQhsdqtXjUmyBURL2lXami7Em7WxHqelgQpHiI3Vor3aSbplIRfB4P+jK+gadFxHcwaZoV8eDkkI/J/8/8efkCs2SwfVuNSkpQkVdpRkqESZnFNKcMHQnyJQ0oT0DVnAFGCFYjOMMFh51Q+Z3W78z8zswvhN0QFkaYYw4r4R2+x06OSeoMOctI2q0ZrLUpYkpKmifIV/fvzVAXIvDW/4HFws9ni75fDqcGzEdgXqdN2NXo73LxeiNfJ/AEiyIlweNEslEXFdMOJB2odby+XUw/1h9PmkAimcVhadPz5ZEUBK4oSa4rWfU0efsHu8ee1gWB1ikKmqrkfktPdl09z+/9TJasepo6/cN2nuz4Pa1T1N+Th4NZ84SNOWxEp4Pg/Mr2afEgPmV3bJaUtGJxYnNqI+QsfwO3RMy9IAIAAA==[0m[INFO] Copying 1 resource to ../
[8mha:AAABOR+LCAAAAAAAAACFjsFKxDAQhsdqtXjUmyAIot7SKlWUPbndrQh1PSwIUjzE3Vor3aSmqRQEn8eDvoxv4GkR8R3MNM2KeHDmkI/J/8/8L19glwK2b6txyRkp8irNWEkoK7MRz7kgx4oCpAGXCeias8CKwGkEZ7SQsBNpv9v63ZnfnfmVsBPBwphKKmEluqMP1M0pS92hFBlLO7WAtTbFiLOS5wkJ9Pv7MtSFCrz1f2B18PPZ4e+Xw6kF8zHY12kTdjX+e1z93uDvPTzBokrJ6CRBtuqiEsZB0EFax+vbxfRj/fGkCaSSORKWNv0AGykMPVVInoesZ4b8g8O9rm90YWh0msKmKrzvmM2eZ/YFvZ/NyHpmaLd/1O7DSdAzOk39fWwJdi0TMZHgxKeD8PxqY/kbaqkK+wcCAAA=[0m[INFO] 
[8mha:AAAB4h+LCAAAAAAAAACFUduK00AYHqvV4qXeuQgB8UTJoTV1Y5cFm2kTuhvbLNVgN3gxTdM0MSeTSUgVfB4v9GV8g71aRHwHZ5rMinjhPxfz8c93gvn6C7TzDDzaFus8iYU0LDw/zgUU576ThEkmjAiCFM0S7IJ6rrVAywCdPeEVSjF4bNR6sdGLV3rxSk+IRwa4sUYYYXDHCFCJxBDFnrjAmR97R1UG7jUtnCTOk9AVYH3/nQyqlBR++P/CJPDnl05ysVxctsB1G7RX3r7sXfvfcPK6oa8fwGdwk7SMUeRS3KrSImMKgSqERvHtu3X54/4nfV+INOtgcOuBDOmhSNMkMhRJEsX1jiH5udJXZcbTNMarkbafguZ3mLMkMT84/uNMcb1jqDd50fjRDRwzXo0mA3owaFfYzSIMLuzpTJu/4w5sJdqi4YjMUu0acMRGXSkDpOKVPz1bRMHs9I1sSt3yxJjIRc8rzcCtjLFlfqzWE70so/Pu28PBufveCOfWpnwdOIpmnnhI9/2pfop8fWDuFLncOda4F8NRb7EjAQGEmnoGrf7hPFjuM4+PD2wp4nmei1DpxryTRKkfuhlf//WwLzwT+sNmyz1ZuxtUhJjRnnIvudxFmbPliMXt3ybVCs7gAgAA[0m[INFO] [8mha:AAAAYB+LCAAAAAAAAABb85aBtbiIQSmjNKU4P0+vJLE4u1gvPjexLDVPzxdEGvvmZ+X75ZekLlOVfvTjc8FPJgaGiiIGKaiG5Py84vycVD1nCA1SyAABjCCFBQCV27OjYAAAAA==[0m--- maven-compiler-plugin:2.3.2:compile (default-compile) @ search ---
[8mha:AAABgx+LCAAAAAAAAACFkc1Kw0AUha/VanCpO0EIiLrLRG1F6UrTRoRYF1VBiotpOk3TpjNxZlIDgs/jQl/GN3BVRHwHZ/JTERfeWczHnXPuPSEvX1AVHHaGSV8wasVREoRUWJiK0GcR49aJIkdTm0kCeS1UoOKBkQkucCxh18v9qPCjuR/N/UrY8GCpjyWWsOaN8BSjCNMAdSQPadBIOWwUKXxGBYuI5eT3782Qxirw9v+B1cLPZ4O933ZmFVjsQrUXZGHXu3+Xq9eBfr2HJ1hWKSmeEM2VNE546bC0wyocr283s4/Nx7MskEpmSFjZqjn6aHJdW5Um29ac90qqHR7tn9ZKneuWupzcrBK93ygn23Y5z2n+TNac90raax0X83THaZa6nFp1fSRUU0n4RMK4e952L+9Mh03iMFKfZR7UTcES7hNzEEZEmJKZaIo5isIeGhE61j93xHoCXXUI5v7wmoZSEiHRA+NjEWOfIEH4NFS3xDwgEvkRFoKI1W/iWUxlagIAAA==[0m[INFO] Compiling 35 source files to /var/lib/jenkins/jobs/TSearchUnittest/workspace/service/target/classes
[8mha:AAABOR+LCAAAAAAAAACFjsFKxDAQhsdqtXjUmyAIot7SKlWUPbndrQh1PSwIUjzE3Vor3aSmqRQEn8eDvoxv4GkR8R3MNM2KeHDmkI/J/8/8L19glwK2b6txyRkp8irNWEkoK7MRz7kgx4oCpAGXCeias8CKwGkEZ7SQsBNpv9v63ZnfnfmVsBPBwphKKmEluqMP1M0pS92hFBlLO7WAtTbFiLOS5wkJ9Pv7MtSFCrz1f2B18PPZ4e+Xw6kF8zHY12kTdjX+e1z93uDvPTzBokrJ6CRBtuqiEsZB0EFax+vbxfRj/fGkCaSSORKWNv0AGykMPVVInoesZ4b8g8O9rm90YWh0msKmKrzvmM2eZ/YFvZ/NyHpmaLd/1O7DSdAzOk39fWwJdi0TMZHgxKeD8PxqY/kbaqkK+wcCAAA=[0m[INFO] 
[8mha:AAAB5R+LCAAAAAAAAACFkd+K00AUxsdqtXipdy5CQPxHaf4sqRu7LNikTehubLNUg92yF9N0Np2YZGIyCamCz+OFvozgA3i1iPgOziTNinjhmYv5ceZ85/tgPv8C7SwFjzb5OiOxmIS5j+NMhHGGPRKSVBwyMjhNCUWgrmst0LJBpxp4CRMKHtu1XtrppSu9dKVng4c2uLGGFFJwxw5gAaUQxr40pymO/cMyBfd2KTwSZyREolHffzuDMmGBH/4/MDP8+alDvi/mly1wfQnaK78Ke3f5rzl7veCv78BHcJOljGGEOLfKJE8bhcgV4k7x5at7+eP+B6sKxJJ1KLj1QDX44WSaMitOssy57jWkPtP2dbWZM81mriazqpz7d5rNstzsM0Z/NnOuew0p4+e7fbxjjJq5msZ9fiholxSlEQXflpOpOTsX9pZatIGDIauF3rWNYVP6SutDna7w5HQeBdOT16ojd4tje6zmil84ASrtkeu8L9djqyiis+6bg/4ZemuHM/eieBV4mukc+9DCeGKdQGz1na2mFlvPHSmxMVTmW2YQGIapnxru/sEsWFSeR0d7Sznq9XqCH8ECxb36jweKqA48EiU4RMKTVY7DtZUSUmCUPRVeCBmCqbcRmOz2b0B37vrUAgAA[0m[INFO] [8mha:AAAAYB+LCAAAAAAAAABb85aBtbiIQSmjNKU4P0+vJLE4u1gvPjexLDVPzxdEGvvmZ+X75ZekLlOVfvTjc8FPJgaGiiIGKaiG5Py84vycVD1nCA1SyAABjCCFBQCV27OjYAAAAA==[0m--- gmaven-plugin:1.4:compile (buildGroovies) @ search ---
[8mha:AAABOR+LCAAAAAAAAACFjsFKxDAQhsdqtXjUmyAIot7SKlWUPbndrQh1PSwIUjzE3Vor3aSmqRQEn8eDvoxv4GkR8R3MNM2KeHDmkI/J/8/8L19glwK2b6txyRkp8irNWEkoK7MRz7kgx4oCpAGXCeias8CKwGkEZ7SQsBNpv9v63ZnfnfmVsBPBwphKKmEluqMP1M0pS92hFBlLO7WAtTbFiLOS5wkJ9Pv7MtSFCrz1f2B18PPZ4e+Xw6kF8zHY12kTdjX+e1z93uDvPTzBokrJ6CRBtuqiEsZB0EFax+vbxfRj/fGkCaSSORKWNv0AGykMPVVInoesZ4b8g8O9rm90YWh0msKmKrzvmM2eZ/YFvZ/NyHpmaLd/1O7DSdAzOk39fWwJdi0TMZHgxKeD8PxqY/kbaqkK+wcCAAA=[0m[INFO] 
[8mha:AAAB5x+LCAAAAAAAAACFkc1u00AUhYdAaMQSdlRIlqpSUBT/VA51U1UinsRWWpO4BCxSi8XEmTg2/kntseWAxPOwgJdhw5pVhRDvwIwdFyEW3Fn405177jkjf/4FmmkCHq+yRRpH/DrIXC9KeRSlnhMHccL3KUFG45hgUNWtBmgYoFUOvEBrAg6MSi9s9cKNXrjR08ETA9xZIIIIuG/4KEdCgCJXmJLEi9yTIgEPtymcOErjAPOw+v7tDIo1Dbz//8DU8OenVvx9Nr1ugNs2aM7dMuwD+19zertkt1fgI7hLU0YoxIwbxTpLagXPFPxW8eWrdf3j0Qe9DESTtQjY2ZMhO4w0TaTFSBQZV72a5GfKoSrXc5pWz1WklZUx/1a9WRTrfXDwZzPjqleTNDze7mMdOKjnKhp22SGgWRCchAR8s0djbfKW27WVcIV6fVoztW3Afl3qXOkilcy90cU09Mfnr2VTbOdnxlDOJDc3fVwYA8t8XyyGep6Hl+03R91L/M4IJtYyf+U7imaeuUj3vJF+jjy9a24UOd841kCKYF+abqiBD6GmXkDr8Gjiz0rP09NdWww7nQ7nhijHUaf6xz2Jl3u4wE5GMPdk6QX0CS9xGmeJg9On3HMuxShxVhwV3vsNLfAUdtYCAAA=[0m[INFO] [8mha:AAAAYB+LCAAAAAAAAABb85aBtbiIQSmjNKU4P0+vJLE4u1gvPjexLDVPzxdEGvvmZ+X75ZekLlOVfvTjc8FPJgaGiiIGKaiG5Py84vycVD1nCA1SyAABjCCFBQCV27OjYAAAAA==[0m--- gmaven-plugin:1.4:execute (filterResources) @ search ---
[8mha:AAABTh+LCAAAAAAAAACFjsFKw0AQhsdoNHjUmyAERb0lqURRetK0KUKsh4IgxcPaxBhJd9PdTYkIPo8HfRnfwFMR8R3czWYr4sGZw37M/v/M//IFJqOwe1fGjGCnyMs0w8xBmGUjkhPqnAgKJPUJT0DVggFGBFYtOEcFh71I+d3G78797twvhO0IlmLEEYe16B5NkZsjnLoDTjOctisKG02KEcGM5IkTqPf3ZagKEXjn/8Di4OezRd6vBjMDFodg3qR12PXh3+Pi91b+TuAJlkVKjMaJZKMqSqodjnQ4jeP17XL2sfnYqwOJZBaHlW0/kC0pDD1RkjxPsppp8g+P9k99rQtDrVMU1lXK+5be7Hl6X9D52SxZzTS1usfNPjkJOlqnqHsgm4NZ8YSOOWwNz/rhxbUdkHGR5Uls+y27RwmZPtijHDGWsNVveAOmDyECAAA=[0m[INFO] Compiled 41 Groovy classes
[8mha:AAABOR+LCAAAAAAAAACFjsFKxDAQhsdqtXjUmyAIot7SKlWUPbndrQh1PSwIUjzE3Vor3aSmqRQEn8eDvoxv4GkR8R3MNM2KeHDmkI/J/8/8L19glwK2b6txyRkp8irNWEkoK7MRz7kgx4oCpAGXCeias8CKwGkEZ7SQsBNpv9v63ZnfnfmVsBPBwphKKmEluqMP1M0pS92hFBlLO7WAtTbFiLOS5wkJ9Pv7MtSFCrz1f2B18PPZ4e+Xw6kF8zHY12kTdjX+e1z93uDvPTzBokrJ6CRBtuqiEsZB0EFax+vbxfRj/fGkCaSSORKWNv0AGykMPVVInoesZ4b8g8O9rm90YWh0msKmKrzvmM2eZ/YFvZ/NyHpmaLd/1O7DSdAzOk39fWwJdi0TMZHgxKeD8PxqY/kbaqkK+wcCAAA=[0m[INFO] 
[8mha:AAAB7B+LCAAAAAAAAACFkd+Ok0AUxsdqtfFS79yYkBj/pSl/NtTFbjax0EK6iy0bVmKXeDHQWQrCUGEgVBOfxwt9GV/AeLUxxndwBsoa44VnLuaXM+c735fM51+gm2fg0bpY5SnmN3ERhDjnIc5DP43TjB9T0hjNU4JAU9c6oGOCXj3wEm4IeGw2emGnF670wpWeDh6a4MYKEkjAHTOCJRRiiAPBJlmIg8MqA/d2KfwU52mMeK25/3YG1YYGfvj/wNTw56de+n1pX3bAdRd0vaAOe9f915y+XrDXd+AjuElTYpggxp1qU2StgmcKfqf48tW5/HH/g1EHosl6BNx6IGvsMNJ1kRYjUWTc9FqSnyn7qtzO6Xo715BeV8H8e+1mUWz3aZM/mxk3vZak6fPdPtbRJu1cQ9MhOwR0K4KyhIBv7myuL95we66SrOFoTGup9k1t3JbqKUOoEi+cndpJND95JVtivzw2p3IhBaUVocqcONb7ajU1yjI5778+GJ6jt2a8cC7Ks8hXdOs4gEYYzowTGBpDa6vI5dZ3JhLWxpK9pQaRpunqqebsHyyiZe15dLTnislgMOCCBJYID5o/Hkm8PAoQRhkk6AzlxCaFl3NPvCKMV0aWpmWI8qfcCy5HMPPXHF1w+zfWq68m3gIAAA==[0m[INFO] [8mha:AAAAYB+LCAAAAAAAAABb85aBtbiIQSmjNKU4P0+vJLE4u1gvPjexLDVPzxdEGvvmZ+X75ZekLlOVfvTjc8FPJgaGiiIGKaiG5Py84vycVD1nCA1SyAABjCCFBQCV27OjYAAAAA==[0m--- gmaven-plugin:1.4:generateTestStubs (buildGroovies) @ search ---
[8mha:AAABTB+LCAAAAAAAAACFj0FLwzAUx5/VafGoN0EsiHprO62i7KTdOpQ6DwNBhodsjXXSJTVJpSD4eTzol/EbeBoifgeTppmIB18O+fHy/7/3z8sXNDiD7dsi4ZS4eVakY8JdRPh4RDPK3GNJoaIeFRh0zVlgxWBXgnOUC9iJtd+r/d7M7838UtiKYSFBAglYie/QA/IyRFKvL9iYpK2SwVqdYkQJpxl2Q33/3gxlLgNv/R9YLvx8tun7VX9qwfwAGsO0Crs6+Ltcvt6o13t4gkWZkqAJVmyVecGMw1UOt3a8vl1OP9Yfu1UgmcwWsLQZhOooiiJfliLfV6x7hoKDw92TwOiiyOg0RVUVar9tJvu+mRe2fyYr1j1Dzc5RPU91wrbRaersqyOgUQrMJgI2Bqe96OLa6WKCGRI4cZp7zpn8qsNFMeTL39HyiMEeAgAA[0m[INFO] Generated 13 Java stubs
[8mha:AAABYR+LCAAAAAAAAACFj0FLwzAUx5/VafGoN0EoiO5kW2XKxNPsVhHqPMwJMjzENquVLqlJKhXBz+NBv4zfwNMQ8TuYtM1EPPhyyI+X//+9f16+oMEZbN3kEafEztI8Tgi3EeFJSFPK7I4kT1GfCgxVzRlgBGCWglOUCWgGld+p/c7M78z8UngYwEKEBBKwEtyie+SkiMTOQLCExIcFg7U6RUgJpym2ver+vRmKTAbe/D+wXPj5bNL3y8HUgPkRNK7jMuzq6O9y+TpWr3fwBIsyJUETrNgospxph60cdu14fbuYfqw/HpeBZDJTwNJGy1NHke+7shS5ruKqp6m13949ammd72tdRX5Zudpv6smuq+d53Z/Jiquepp3eQT1Pdbyu1lXU21NHQKMQmE0EdEYnff/syqqvIZc/s5rDc3+73bQwCWmkGoJaIc0erHGSShuOLIY5zVmIub38DXws/ypAAgAA[0m[INFO] [INFO] Using 'UTF-8' encoding to copy filtered resources.
[8mha:AAABSR+LCAAAAAAAAACFj8FKxDAQhsdqtXjUmyIURL21Vbqi7Em7WxHqelgQpHiI3Vor3aSbpFIRfB4P+jK+gadFxHcwaZoV8eDkkI/J/8/8efkCk1HYvq1GjGCnLKosx8xBmOUJKQh1jgQFkgaEp6BqzgAjAqsRnKGSw06k/G7rd2d+d+YXwm4ECyPEEYeV6A7dI7dAOHOHnOY469YU1toUCcGMFKkTqPv3ZqhLEXjr/8Bi4eezRd4vh1MD5mMwr7Mm7Gr8d7l4vZGvE3iCRZESo3Eq2ajLimqHIx1O63h9u5h+bDyeNIFEMovD0qYfyCMpDD1RkjxPsupp8vcP9o59rQtDrVMUNlXJ/Zae7Hl6XtD7mSxZ9TTt9g/bebIT9LROUb8jDwez5ikdc1iPTwfh+ZUdkPJBfMru2DRlpKJJypa/AYIVvOcaAgAA[0m[INFO] Copying 5 resources
[8mha:AAABMR+LCAAAAAAAAACFjrFOwzAQhq+BQMQIGxITAjY7oIBAnSBtWAJLJSTUybQhBKV2cJwqEhLPw9C+DG/AVCHEO+CL4yLEwN3gT+f/v/tnX+CWEvYfqnEpOCnyKs14SRgvs5HIhSTnmkKka6ESMNVxwInBawRXrFBwEBs/bf106adLvxZ2Y1gdM8UUbMaPbMpoznhKB0pmPO3WErbbFCPBS5EnJDTv78tQFzrw3v+B9cHPV0+83w4WDqwMwb1Lm7Bbw7/H9e89/j7BC6zplJxNEmSnLippHQQdpHXM324WHzvPl00gncxTsL4bhNhIUeTrQvJ9ZDOzFJycHl0EVhdFVmcoaqrC+57d7Pt2X9j72YxsZpYO+2ftPpyEPasz1D/GVuDWKpETBZ2Nbxim58gAAgAA[0m
[8mha:AAAB6h+LCAAAAAAAAACFkctu00AUhodAIGIJOyokS6hcFPmSyGlNqkrETmylNYlLwCK1WEyciWPXl2CPLQcknocFvAxvwKpCwDswY2eKKhacWfjTOec//y/5y2/QzFLweJ0vsyQWNmHu+XEmwDjz3SRMUmFASKM0STACdd1ogIYJWtXCS7jB4IlZ68WdXrzSi1d6snhkgltLiCEG98wAFlAMYeyJM5z6sXdUpuDBLoWbxFkSIkGrv9edQbkhgff/H5gY/vzcSr7PZ5cNcNMBzYVXhb3v/GtOpis6fQ8+gdskZQwjRLlRbvKUKQSqEHaKr9/syx8PPxpVIJKshcGdR7JGHyVdl0hRkiTKdY+RfKB0VZnt6Trbq0mvKqf+LXZZktg9bfj3MuW6x6gzer67RzvakO3VNOrRh0GzxCiNMPjljCf69B235yjRGvYHpOZq29QGrNSF0oMqXvjjs1kUTE7fyJbULk7MkZx3vMIKUGkObetDuRwZRRGdt98e9s7RhRlO7VXxOnAV3TrxoOH7Y+MU+kbP2ipysXXtYSfWBp3ZlhgEmqarZ5rdPZwG88rz+HjPkSKe57kIFijmU5QleeqijK9/dr8rHPQxyvArNuCeLtEK5iHmr7WfcS+4DMHUXXPk2t0/tPG+XusCAAA=[0m[INFO] [8mha:AAAAYB+LCAAAAAAAAABb85aBtbiIQSmjNKU4P0+vJLE4u1gvPjexLDVPzxdEGvvmZ+X75ZekLlOVfvTjc8FPJgaGiiIGKaiG5Py84vycVD1nCA1SyAABjCCFBQCV27OjYAAAAA==[0m--- maven-resources-plugin:2.6:testResources (default-testResources) @ search ---
[8mha:AAABOR+LCAAAAAAAAACFjsFKxDAQhsdqtXjUmyAIot7SKlWUPbndrQh1PSwIUjzE3Vor3aSmqRQEn8eDvoxv4GkR8R3MNM2KeHDmkI/J/8/8L19glwK2b6txyRkp8irNWEkoK7MRz7kgx4oCpAGXCeias8CKwGkEZ7SQsBNpv9v63ZnfnfmVsBPBwphKKmEluqMP1M0pS92hFBlLO7WAtTbFiLOS5wkJ9Pv7MtSFCrz1f2B18PPZ4e+Xw6kF8zHY12kTdjX+e1z93uDvPTzBokrJ6CRBtuqiEsZB0EFax+vbxfRj/fGkCaSSORKWNv0AGykMPVVInoesZ4b8g8O9rm90YWh0msKmKrzvmM2eZ/YFvZ/NyHpmaLd/1O7DSdAzOk39fWwJdi0TMZHgxKeD8PxqY/kbaqkK+wcCAAA=[0m[INFO] 
[8mha:AAAB6x+LCAAAAAAAAACFkctu00AUhodAIGIJOyokS6hcFPmS4FCTqhLxJLbSmiRVwCK1upg4E8eub9hjywGJ52EBL8MbsKoqxDswY8cFxIIzC3865/zn/yV/+QmaaQIeb7JVGoVC7GeOG6YCClPXjvwoEQaUIKNJRDCo6kYDNAzQKhdeo5iAJ0alF3d68VovXuvp4qEBbq0QQQTcMzyUI9FHoSPOSeKGzmGRgAe7FHYUppGPBVh9/3YGRUwD7/8/MDX88bkVfV/MLxvgpgWaS6cMe9/615xO12z6HnwCt2nKEAWYcaOIs6RWCEwh7BRfv5mXVw8/6mUgmqxFwJ1HMmSPkaZJtBhJEuOqV5P8Qumqcr2nafVeRVpZGfNv1Zclqb4Hh78vM656NXVGL3f3WAcO672KRj32CGgWBCcBAVfWeKJNz7k9Swk2qD+gtVDbBhzUpS6VHlLJ0h2fzgNvcvJWnknt/NgYyVnHyWceLoyhOftQrEZ6ngdn7XcHvTN8YfhTc52/8WxFmx07SHfdsX6CXL032ypyvrXNYSeEg858Sw08CDX1FJrdg6m3KD2PjvYsKeB5ngtQjkPejoLY9XHCV/+63xWeC90+wSmB1YR7usJrlPmE/6P5jHvFpRgl9oajp+7+An8RNufoAgAA[0m[INFO] [8mha:AAAAYB+LCAAAAAAAAABb85aBtbiIQSmjNKU4P0+vJLE4u1gvPjexLDVPzxdEGvvmZ+X75ZekLlOVfvTjc8FPJgaGiiIGKaiG5Py84vycVD1nCA1SyAABjCCFBQCV27OjYAAAAA==[0m--- maven-compiler-plugin:2.3.2:testCompile (default-testCompile) @ search ---
[8mha:AAABhh+LCAAAAAAAAACFkc9Kw0AQxsdqNXjUmyAERD2ZTbWK0pOmjQixHqqCFA/bdJumprtxd1MDgs/jQV/GN/BURHwHd/OnIh6cPeyPmflmvmVfvqAqOGwNk75g1IqjJAipsDAVoc8ixq1jRY6mNpME8pirQMUDI2s4x7GEbS/Xo0KPZno006vGhgcLfSyxhBVvhCcYRZgGqCN5SINGymGtcOEzKlhELCe/f2+GNFaGN/83rBZ+Phvs/aYzrcB8F6q9IDO72v27XFUHunoPT7CoXFI8JporaZzwUmFphVUoXt+upx/rj6eZIeXMkLC0UXf00eS6tgpNtq05z5VUPzjcPamXfa5b9uXkZpHo/UY52bbLeU7zZ7LmPFdSrXVUzNMZp1n25dTa10dCNZWEjyXE3bO2e3FrOmwch5F6llnbMwVLuE/MQRgRYUpmognmKAp7aETonf7cEesJdNkhmPvDKxpKSYRED4zfiRj7BAnCJ6G6JeYBkUhXd/wIC0HE8jffCzGjbwIAAA==[0m[INFO] Compiling 13 source files to /var/lib/jenkins/jobs/TSearchUnittest/workspace/service/target/test-classes
[8mha:AAABOR+LCAAAAAAAAACFjsFKxDAQhsdqtXjUmyAIot7SKlWUPbndrQh1PSwIUjzE3Vor3aSmqRQEn8eDvoxv4GkR8R3MNM2KeHDmkI/J/8/8L19glwK2b6txyRkp8irNWEkoK7MRz7kgx4oCpAGXCeias8CKwGkEZ7SQsBNpv9v63ZnfnfmVsBPBwphKKmEluqMP1M0pS92hFBlLO7WAtTbFiLOS5wkJ9Pv7MtSFCrz1f2B18PPZ4e+Xw6kF8zHY12kTdjX+e1z93uDvPTzBokrJ6CRBtuqiEsZB0EFax+vbxfRj/fGkCaSSORKWNv0AGykMPVVInoesZ4b8g8O9rm90YWh0msKmKrzvmM2eZ/YFvZ/NyHpmaLd/1O7DSdAzOk39fWwJdi0TMZHgxKeD8PxqY/kbaqkK+wcCAAA=[0m[INFO] 
[8mha:AAAB5x+LCAAAAAAAAACFkU2L00AYx8dqtXjUm4sQEN8ozcuSurHLgs20Cd2NbZZqsFv2ME1n04l5M5mEVMHP40G/jDePnhYRv4MzSbMiHnzmMD+eef7P/w/z+RdoZyl4tMnXWRyJSZB7JMpEFGXEjYM4FYeMIKdpTDGo61oLtCzQqQZeooSCx1atl3Z66UovXenZ4KEFbqwRRRTcsXxUIClAkSfNaUoi77BMwb1dCjeOsjjAIqzvv51BmbDAD/8fmBn+/NSJvy/mly1wfQnaK68Ke3f5rzl7veCv78BHcJOljFCIObfKJE8bhcgV4k7x5atz+eP+B7MKxJJ1KLj1QIX8cDIMmRUnWeZc9xpSn2n7utrMGUYzV5NRVc79O81mWW72wdGfzZzrXkPK+PluH+/AUTNX07jPDwXtkuI0pODbcjI1ZufC3lILN2gwZLXQuxYcNqWvtD7S6YpMTuehPz15rdpytzi2xmqueIXt49IaOfb7cj02iyI867456J/ht1Ywcy6KV76rGfaxh0xCJuYJImbf3mpqsXWdkRLBoTLfMgMfQkM/hc7+wcxfVJ5HR3tLOez1eoIXogJHvfqPB4qoDijOKIzDhARYeLLKSbA20zguCM6eCi+EDKPU3QhMevs3ZTG7ctgCAAA=[0m[INFO] [8mha:AAAAYB+LCAAAAAAAAABb85aBtbiIQSmjNKU4P0+vJLE4u1gvPjexLDVPzxdEGvvmZ+X75ZekLlOVfvTjc8FPJgaGiiIGKaiG5Py84vycVD1nCA1SyAABjCCFBQCV27OjYAAAAA==[0m--- gmaven-plugin:1.4:testCompile (buildGroovies) @ search ---
[8mha:AAABTh+LCAAAAAAAAACFjsFKw0AQhsdoNHjUmyAERb0lUaMoPWnaFCHWQ0GQ4GFtY4yku+nupkQEn8eDvoxv4KmI+A7uZrMV8eDMYT9m/3/mf/kCk1HYviuHjGCnyMs0w8xBmGUDkhPqnAgKJPUIT0DVnAFGBFYtOEcFh51I+d3G78787swvhK0IFoaIIw4r0T2aIDdHOHX7nGY4bVUU1poUA4IZyRMnUO/vy1AVIvDW/4HFwc9ni7xf9acGzMdg3qR12NX473Hxeyt/x/AEiyIlRqNEslEVJdUORzqcxvH6djn9WH/s1oFEMovD0qYfyJYUhp4oSZ4nWc00+YdHe6e+1oWh1ikK6yrlfUtv9jy9L2j/bJasZpp2O8fNPjkJ2lqnqHMgm4NZ8YSOOGzEZ73w4toOyKjI8mRo73t2lxIyebAHOWIsYcvfX8IuaSECAAA=[0m[INFO] Compiled 30 Groovy classes
[8mha:AAABOR+LCAAAAAAAAACFjsFKxDAQhsdqtXjUmyAIot7SKlWUPbndrQh1PSwIUjzE3Vor3aSmqRQEn8eDvoxv4GkR8R3MNM2KeHDmkI/J/8/8L19glwK2b6txyRkp8irNWEkoK7MRz7kgx4oCpAGXCeias8CKwGkEZ7SQsBNpv9v63ZnfnfmVsBPBwphKKmEluqMP1M0pS92hFBlLO7WAtTbFiLOS5wkJ9Pv7MtSFCrz1f2B18PPZ4e+Xw6kF8zHY12kTdjX+e1z93uDvPTzBokrJ6CRBtuqiEsZB0EFax+vbxfRj/fGkCaSSORKWNv0AGykMPVVInoesZ4b8g8O9rm90YWh0msKmKrzvmM2eZ/YFvZ/NyHpmaLd/1O7DSdAzOk39fWwJdi0TMZHgxKeD8PxqY/kbaqkK+wcCAAA=[0m[INFO] 
[8mha:AAAB5h+LCAAAAAAAAACFkU2L00AYx8dqtXjUm4sQEN8oeSupG7ss2Eyb0N3YZqkGu2EP03SaJualJpOQKvh5POiX8ejN0yLid3AmaVbEg88c8ptnnv/z/0M+/wLtLAWPNvkqS2JhG+aeH2cCijPfTcIkFYaUIKNpQjCo61oLtEzQqQZeoi0Bj81aL+714pVevNLTwSMT3Fghggi4YwaoQGKIYk+ck9SPvaMyBff2KdwkzpIQC7D+/u0Myi0N/PD/ganhz0+d5PtiftkC1x3QXnpV2LvOv+b0dc1e34GP4CZNGaMIM26V2zxtFAJTCHvFl6/25Y/7H4wqEE3WIeDWAwWyw0jXJVqMJIlx3WtIeab2NKWZ0/Vmria9qpz5d5rNktTsg6M/mxnXvYbk8fP9PtaBo2aupnGfHQLaJcFpRMA3ZzLVZxfcgaNGGzQY0lpoXRMOm9KWah9pZOlPzuZRMD19rVhStzgxx0oue4UV4NIc2db7cjU2iiI677457J/jt2Y4s9fFq8BVdevEQ4bvT4xT5Bt9a6cqxc61R3IMh/J8Rw0CCHXtDNq9w1mwqDyPjw8cKeJ5notQgWM+y1O89lPM1/960BNkaUBwRrgnK7xGeUh4dnvKveAyjFJ3w1Ht7d8mUkaL2QIAAA==[0m[INFO] [8mha:AAAAYB+LCAAAAAAAAABb85aBtbiIQSmjNKU4P0+vJLE4u1gvPjexLDVPzxdEGvvmZ+X75ZekLlOVfvTjc8FPJgaGiiIGKaiG5Py84vycVD1nCA1SyAABjCCFBQCV27OjYAAAAA==[0m--- maven-surefire-plugin:2.10:test (default-test) @ search ---
[8mha:AAABgh+LCAAAAAAAAACFkcFKw0AQhsdqtXjUmyAURD2ZjVJF7UnTRoRaD1VBiodtuk1T0904u6kRwefxoC/jG3gqIr6Du01SEQ/OHvZjdv5/ftiXLyhKhI1+3JWCW1EY+wGXFuUy8EQo0DrS5BhqCsUgrZkCFBpQmgyc0UjBZiPVk0xPpnoy1evBagPmulRRBUuNAR1RElLuk5bCgPvVBGElS+EJLkXILCe9f2+GJNKB1/8PrBd+PpfE+3VrXIDZNhQ7/iTscvvvcv3aM6938ATzOiWnQ2a4kEQx5grLKKxM8fp2Nf5YfTyZBNLJSgoW1iqOOYZc19ZlyLYNp72cKnv7O8eVfM5187mU3EnFZn8pd7bt3M+p/TgbTns5bdcPMj/TcWr5XEr1XXMUFBPFcKgA26dN9/ym3IqR9QJkZWSRQFXuavaUwIfDMhlRJGHQIQPGb83XDkRHkosWo+j1L3mgFJOK3Au8lRH1GJEMR4G+FUWfKSIz563UWS5+A6NMb1VxAgAA[0m[INFO] Surefire report directory: /var/lib/jenkins/jobs/TSearchUnittest/workspace/service/target/surefire-reports
[8mha:AAABMR+LCAAAAAAAAACFjrFOwzAQhq+BQMQIGxITAjY7oIBAnSBtWAJLJSTUybQhBKV2cJwqEhLPw9C+DG/AVCHEO+CL4yLEwN3gT+f/v/tnX+CWEvYfqnEpOCnyKs14SRgvs5HIhSTnmkKka6ESMNVxwInBawRXrFBwEBs/bf106adLvxZ2Y1gdM8UUbMaPbMpoznhKB0pmPO3WErbbFCPBS5EnJDTv78tQFzrw3v+B9cHPV0+83w4WDqwMwb1Lm7Bbw7/H9e89/j7BC6zplJxNEmSnLippHQQdpHXM324WHzvPl00gncxTsL4bhNhIUeTrQvJ9ZDOzFJycHl0EVhdFVmcoaqrC+57d7Pt2X9j72YxsZpYO+2ftPpyEPasz1D/GVuDWKpETBZ2Nbxim58gAAgAA[0m
[8mha:AAABNR+LCAAAAAAAAACdjrFKxEAQhsdoNFhqJ1iJWrkbJcrJVZq72ESbA0GuWu9ijOR242ZzBASfx0JfxjewOkR8B3ey2ROxEJwp9mP2/2f+509wSwk7t9W4FJwUeZVmvCSMl9lI5EKSE00h0oVQCZhacMCJwWsE56xQsBsbP239dO6nc78WdmNYGjPFFKzFd2zKaM54SgdKZjzt1hI22hQjwUuRJyQ078/LUBc68PbfgfXBjydPvF0NZg4sDsG9Tpuw68Pfx/XvDf7ewyMs65ScTRJkpy4qaR0EHaR1vLxezt43H86aQDqZp2BlKwixkaLI14Xk+8hmZik46hycBlYXRVZnKGqqwvue3ez7dl/Y+96MbGaW9vvH7T6chD2rM9Q/xFbg1iqREwWdvf/V6hdjsPiwNwIAAA==[0m-------------------------------------------------------
[8mha:AAABOR+LCAAAAAAAAACFjsFKxDAQhsdqtehNb4JQEPWWVqmi7Em7rZfqpSLInuJurSvdpKapFASfx4O+jG/gaRHxHcw0zYp4cALJx+T/Z/6XL7ArAdu39ajijJRFnY9ZRSirxkNecEGOFYVI51xmoGvOAisBpxWc0VLCTqL9Xuf3Zn5v5lfCXgILIyqphNXkjj5Qr6As91IpxizvNQLWuxRDzipeZCTU7+/N0JQq8Nb/gdXCz2eHv1+lUwvmB2Bf523YtcHf5er3Bn/v4QkWVUpGJxmy1ZS1MA6CDtI5Xt8upx8bj6dtIJXMkbC0GYR4kOLYV4Xk+8i6Zyg4ONw7CYwujo1OU9xWjfsdM9n3zbyw/zMZWfcM7UZH3TzshH2j0xTt45FgNzITEwkr7oUbuam60+Vv763aYgoCAAA=[0m T E S T S
[8mha:AAABNR+LCAAAAAAAAACdjrFKxEAQhsdoNFhqJ1iJWrkbJcrJVZq72ESbA0GuWu9ijOR242ZzBASfx0JfxjewOkR8B3ey2ROxEJwp9mP2/2f+509wSwk7t9W4FJwUeZVmvCSMl9lI5EKSE00h0oVQCZhacMCJwWsE56xQsBsbP239dO6nc78WdmNYGjPFFKzFd2zKaM54SgdKZjzt1hI22hQjwUuRJyQ078/LUBc68PbfgfXBjydPvF0NZg4sDsG9Tpuw68Pfx/XvDf7ewyMs65ScTRJkpy4qaR0EHaR1vLxezt43H86aQDqZp2BlKwixkaLI14Xk+8hmZik46hycBlYXRVZnKGqqwvue3ez7dl/Y+96MbGaW9vvH7T6chD2rM9Q/xFbg1iqREwWdvf/V6hdjsPiwNwIAAA==[0m-------------------------------------------------------
[8mha:AAABZh+LCAAAAAAAAACFkUFLwzAUx5/TafGoN0EQRL2lVaYonrRbB1IV3BBkpyyLXV2X1CQdFcHP40G/jN/A0xDxO5i0zUQ8+HLILy/v/94/5OUL6lLA9jAbSM5QmmRRzCTCTMaEJ1ygE02+oQuuKJQxV4NaCE5RcI5TBTthqXcrvTvTuzO9LjwOYWGAFVawEt7hCXYTzCK3o0TMouNcwFrlgnAmeUKRX+6/J0OeasNb/xvWAz+fHf5+05nWYL4H9X5UmF3t/R2ub2/N7T08waJ2yfCYGq7laSasAhkFqhSvb9fTj/XHdmFIO3MULG02fLMMBYGnw5DnGS5zlhoHh3unDVsXBLaupKCIzMx3bGfPs/385k9nw2XO0m7rqOpnMn7T1pXU2jdLQT1XVIwVtK8yxvRrNggfI4HJSKaYUCQpFmSoNzGJ9ZFwYf5C0G5MRlRdsohrTeeBkTPe71Kplr8Bomtmt0YCAAA=[0mRunning com.rackspace.search.service.core.CoreTicketOngoingSyncJobTest
[8mha:AAABZB+LCAAAAAAAAACFjsFKw0AQhsdoNXjUmyAERL2UJNUqtj1p2ogQvbQI0tParjGa7qa7GwkIPo8HfRnfwFMR8R3czWYr4sGZw37M/v/M//IFNc5g5zYfc0rcLM3jhHAXEZ6MaEqZeywpUHRBBQZdCxZYEdil4BxlAnYj7fcqvzf3e3O/FHYiWBojgQSsRXfoAXkpIrHXFywhcadgsFGlGFHCaYrdQL+/L0ORycDb/weWBz+fbfp+1Z9ZsDiE2nVchl0f/j0uf2/U7xSeYFmmJGiCFVtFljPjcJXDrRyvb5ezj83H0zKQTGYLWNlqBqoVhaEvS5HvK9YzQ83Do72TptGFodFpCsvK1X3bbPZ9sy/o/mxWrGeGGr1WtU9Ngq7RaeodqBZQKwRmEwFnA8wFd1hO2s5+3QlRkuYM87bj150eY5Rp7N8nWYbHJQ+SCXZwijKuBg231XI4Hq1+A/mDhhJIAgAA[0mTests run: 3, Failures: 0, Errors: 0, Skipped: 0, Time elapsed: 1.99 sec
[8mha:AAABZh+LCAAAAAAAAACFkc9LwzAUx5/VafGoN0EQRL2lVaYonrRbB1IV3BBkpyyLXV2b1CQdFcG/x4P+M/4HnoaI/4NJf0zEgy+HfPLyvu99Q16+oCEFbI+yoeQMpXEWRkwizGREeMwFOtHkGbrgikIZcxZYAdhFwTlOFewEpd6p9M5M78z0uvA4gIUhVljBSnCHJ9iJMQudrhIRC49zAWuVC8KZ5DFFXrn/ngx5qg1v/W9YD/x8tvn7TXdqwXwfGoOwMLva/ztc396a23t4gkXtkuGEGrbyNBO1AhkFqhSvb9fTj/XHTmFIO7MVLG02PbMM+b6rw5DrGi5zNTUPDvdOm3Wd79d1JflFZGa+XXd23bqf1/rpbLjM1bTbPqr6mYzXqutKau+bpaCRKyoSBZ2rjDH9mg3CEyQwGcsUE4okxYKM9CYmkT4SLsxfCNqLyJiqS6Yhod0HRs74oEelWv4GqwWk1EYCAAA=[0mRunning com.rackspace.search.service.core.CoreTicketOneTimeSyncJobTest
[8mha:AAABYx+LCAAAAAAAAACFjsFKw0AQhsdoNXjUmyAERL2UJNoo2p40bQSJXloE6Wlt1xhNd+PuRgKCz+NBX8Y38FREfAd3s9mKeHDmsB+z/z/zv3xBgzPYuinGnBI3z4okJdxFhKcjmlHmHkkKFZ1TgUHXnAVWDHYlOEO5gO1Y+73a78383swvhZ0YFsZIIAEr8S16QF6GSOL1BUtJ0ikZrNUpRpRwmmE31O/vy1DmMvDm/4Hlwc9nm75f9qcWzA+hcZVUYVeHf4/L32v1ew9PsChTEjTBiq0yL5hxuMrh1o7Xt4vpx/rjSRVIJrMFLG0EoWpFUeTLUuT7ivXMULB/sHscGF0UGZ2mqKpC3bfNZt83+8Luz2bFemZop3dY71OTsGt0mnp7qgU0SoHZRMDpAHPBHVaQttNqOhFKs4Jh3nb8ptNjjDKN/bs0z/G44kE6wQ7OUM6rgdsKWg7Ho+VvSfPSCUkCAAA=[0mTests run: 3, Failures: 0, Errors: 0, Skipped: 0, Time elapsed: 0.343 sec
[8mha:AAABYR+LCAAAAAAAAACFkUFLwzAUx5/VafGoN0EQRL2lVaYoO7lu9VJF3BBkp5jFrq5LapKOguDn8aBfxm/gaYj4HUzaZiIefDnkl5f3f+8f8vIFDSlgd5QPJWcoS/M4YRJhJhPCUy7QqabA0AVXFKpYcMCJwC0LznGmYC+q9F6t9+Z6b67Xha0IloZYYQVr0T2eYi/FLPZ6SiQsbhUCNmoXhDPJU4qCav89GYpMG97537Ae+Pns8veb3syBxQE0buPS7Prg73B9e2duH+AJlrVLhifUsFNkubAKZBSoVry+Xc8+Nh/PSkPamatgZbsZmGUoDH0dhnzfcJWz1Dw6Pmg3bV0Y2rqKwjJyM9+1nX3f9gs6P50NVzlL+92Tup/JBB1bV1H30CwFjUJRMVHQvsoZ06/ZInyCBCZjmWFCkaRYkJHexDTRR8KF+QtB+wkZU3UpOKFSctGnUq1+AxwABTxBAgAA[0mRunning com.rackspace.search.service.core.CoreTicketProcessorTest
[8mha:AAABYx+LCAAAAAAAAACFjsFKw0AQhsdoNXjUmyAERL2UJJUqtj1pmggSvbQI0tParjGa7sbdjQQEn8eDvoxv4KmI+A7uZrMV8eDMYT9m/3/mf/mCBmewc1NMOCVunhVJSriLCE/HNKPMPZIUKDqnAoOuBQusGOxKcIZyAbux9nu135v7vblfCnsxLE2QQALW4lv0gLwMkcQbCJaSpFcy2KhTjCnhNMNuoN/fl6HMZeDt/wPLg5/PNn2/HMwsWBxB4yqpwq6P/h6Xv9fq9x6eYFmmJGiKFVtlXjDjcJXDrR2vbxezj83HkyqQTGYLWNlqB6oVRZEvS5HvK9YzQ+2Dw73jttFFkdFpiqoq1H3bbPZ9sy/o/2xWrGeGWmGn3qcmQd/oNIX7qgU0SoHZVMDpEHPBHVaQrtNqOhFKs4Jh3nX8phMyRpnGwV2a53hS8TCdYgdnKOfVwG35HYfj8eo3+SZFv0kCAAA=[0mTests run: 1, Failures: 0, Errors: 0, Skipped: 0, Time elapsed: 0.109 sec
[8mha:AAABZx+LCAAAAAAAAACFkUFLwzAUx5/TafGoN0EQRL2lVaYoO2m3DqEquCHITjGLXV2X1CQdFcHP40G/jN/A0xDxO5i0zUQ8+HLILy/v/94/5OUL6lLA9jAbSM5QmmRRzCTCTMaEJ1ygY02+oXOuKJQxV4NaCE5RcIZTBTthqXcrvTvTuzO9LmyGsDDACitYCe/wBLsJZpHbVSJmUTMXsFa5IJxJnlDkl/vvyZCn2vDW/4b1wM9nh79fd6c1mO9D/SYqzK72/w7Xt7fm9h6eYFG7ZHhMDdfyNBNWgYwCVYrXt6vpx/pjpzCknTkKljYbvlmGgsDTYcjzDJc5S42Dw72Thq0LAltXUlBEZuY7trPn2X5+66ez4TJnabd9VPUzGb9l60pq75uloJ4rKsYKTi8zxvRrNggfI4HJSKaYUCQpFmSoNzGJ9ZFwYf5C0F5MRlRdsA7Xmu4DI8dEcdGjUi1/A+rd0TNIAgAA[0mRunning com.rackspace.search.service.core.CoreTicketOnGoingSyncActorTest
[8mha:AAABYx+LCAAAAAAAAACFjsFKw0AQhsdoNXjUmyAERL2UJGpatD1p2ggSvVQE6Wlt1xhNd+PuRgKCz+NBX8Y38FREfAd3s9mKeHDmsB+z/z/zv3xBgzPYuinGnBI3z4okJdxFhKcjmlHmHkoKFZ1RgUHXnAVWDHYlOEW5gO1Y+73a78383swvhd0YFsZIIAEr8S16QF6GSOINBEtJ0i0ZrNUpRpRwmmE31O/vy1DmMvDm/4Hlwc9nm75fDqYWzA+hcZVUYVeHf4/L32v1ew9PsChTEjTBiq0yL5hxuMrh1o7Xt4vpx/rjcRVIJrMFLG0EoWpFUeTLUuT7ivXMUNDe3z0KjC6KjE5TVFWh7ttms++bfWHvZ7NiPTO00z+o96lJ2DM6Tf2WagGNUmA2EXByjrngDitIx9lrOhFKs4Jh3nH8ptNnjDKNg7s0z/G44vN0gh2coZxXA7fVDhyOR8vfX9snRUkCAAA=[0mTests run: 3, Failures: 0, Errors: 0, Skipped: 0, Time elapsed: 0.564 sec
[8mha:AAABaB+LCAAAAAAAAACFkc9LwzAUx5/VafGoN0EQRL2lVaYoO81uFaEquCHITjGLXV2b1CQdFcG/x4P+M/4HnoaI/4NJf0zEgy+HfPLyvu99Q16+oCEFbI+yoeQMpXEWRkwizGREeMwFamvyDJ1zRaGMOQusAOyi4AynCnaCUu9Uememd2Z6XdgKYGGIFVawEtzhCXZizEKnp0TEwlYuYK1yQTiTPKbIK/ffkyFPteGt/w3rgZ/PNn+/7k0tmB9A4yYszK4O/g7Xt7fm9h6eYFG7ZDihhq08zUStQEaBKsXr29X0Y/3xpDCkndkKljabnlmGfN/VYch1DZe5mpoHh3vHzbrO9+u6kvwiMjPfrju7bt3P6/x0NlzmatrtHlX9TMbr1HUldffNUtDIFRWJgtPLjDH9mg3CEyQwGcsUE4okxYKM9CYmkT4SLsxfCNqPyJiqC0ZVlNDeAyNtorjoU6mWvwEah9szSAIAAA==[0mRunning com.rackspace.search.service.core.CoreTicketOnetimeSyncActorTest
[8mha:AAABZB+LCAAAAAAAAACFjsFKw0AQhsdoNXjUmyAERL2UJNpWtD1p2ggSvbQI0tParjGa7qa7GwkIPo8HfRnfwFMR8R3czWYr4sGZw37M/v/M//IFNc5g5zYfc0rcLM3jhHAXEZ6MaEqZeywpUHRBBQZdCxZYEdil4BxlAnYj7fcqvzf3e3O/FHYiWBojgQSsRXfoAXkpIrHXFywhcadgsFGlGFHCaYrdQL+/L0ORycDb/weWBz+fbfp+1Z9ZsDiE2nVchl0f/j0uf2/U7xSeYFmmJGiCFVtFljPjcJXDrRyvb5ezj83H0zKQTGYLWNlqBqoVhaEvS5HvK9YzQ82Dw/2TptGFodFpCsvK1X3bbPZ9sy/o/mxWrGeG9npH1T41CbpGp6nXUi2gVgjMJgLOBpgL7rCctJ1G3QlRkuYM87bj150eY5Rp7N8nWYbHJQ+SCXZwijJeDly/1XA4Hq1+Ax7/KiFJAgAA[0mTests run: 3, Failures: 0, Errors: 0, Skipped: 0, Time elapsed: 0.053 sec
[8mha:AAABVB+LCAAAAAAAAACFj8FKxDAQhsfqavGoN0EQRL2lVaooe9LuVpDqwRVB9pTtxm61m9QkXQqCz+NBX8Y38LSI+A4mTbMiHpwc8nXy/zN/X76gJThsj8qhYBQVeZlmVCBMRZawnHF0rCjUdMEkAVNzDjgxuLXgHBcSdmLj9xq/N/N7M78StmNYGGKJJazEd3iCvRzT1OtJntG0XXFYa1IkjAqWExSa+/dmqAoVeOv/wGrh57PL3m96Uwfm+9AapHXY1f7f5er1Vr8+wBMsqpQUj4lmpypKbh1IO1DjeH27nn6sP57WgVQyV8LSZhDqoymKfFWafF+z6VkKDg73TgKriyKrMxTVVer9rp3s+3Ze2PmZrNn0LO12j5p5uhN2rM5Qd18fCa1KEj6WEFyWlKq/2UjYGHGc3IsCJwQJgnkyUhefZOrzjA16Bq+IkMvfNIYwFzMCAAA=[0mRunning com.rackspace.search.service.JobServiceTest
[8mha:AAABux+LCAAAAAAAAACFks9OGzEQxofQQNRjuSEhWULAqfYGEsSfEywsqrRNKwWQUMTB2TiLk117sZ2QqlKfpwf6IL32DXqKEOIdsLO7RIgD9mF+mplv5pN375+gqhVs3ox6WgqcJaOYC42p0DySiVT4yJLvqCUNg/wsVKASQm3W8JVmBrbCXE8KPXnRkxe9bTwM4UOPGmrgUzigY0oSKmLSNoqL+HCiYLVwEUmhZcKwn8fXm2GSWcMb7xu2Cx9/1+T/q/a0AosdqHbjmdmVztvlttp31Vv4BUvWpaApc1yZZCNVKrBT4ELx59/l9GHt59nMkHVWM7C83vDddRQEnj2OPM9xniupsbu3fdwo+4Kg7MspmJ2R218rJ3teOc8/mU92nOdKqp/uF/Ncxj8p+3I6bbproDoxTKUG/tZ3D7b3Dpo7uFn3UCelXFyjL63gG0IRVljbL5Gm7pWVzJgyP/D3Amwc8x5T6DMKJe3ZB0FFD2ca9XnCUF/JNKcOGVNFEt4lAyaG7vcYyK4m521GVXRzIbgxTBtyJ9VQZzRiRDM15jYaqmJmyHwySWREE1t3QjzPX398BogP9IzIAgAA[0m16:28:53.510 [main] INFO  c.r.s.common.property.PropertyProvider - Loading properties file from file [/var/lib/jenkins/jobs/TSearchUnittest/workspace/service/target/properties/local/search.properties]
[8mha:AAABwR+LCAAAAAAAAACFks1uEzEQx6eB0IgjvVWqZKkCTtibkpR+nOi2i5C2H1LaSijqwdk4W6e79nbshCAknocDPAy8AacKVbwDdna3UdVDxwf/NDP/mb+8++MfNA3Cq8vJ0GhFi2ySSmUoV0YmOtNI3zsKPR1pK6CMpQY0YmjNGw55YeF1XOpZpWd3enand427MTwdcsstvIjHfMpZxlXKehalSndnCKuVi0QrozNBw/K+vxlmhTP88nHDbuHt95b+86l304AnfWgO0rnZlf7D5a468tVr+AbPnEvFc+G5MSsmWCuoV9BK8fP3+c3fta8f5oacs5aF5fVO6I+nKApceAoCz2Wups7m1sZep+6LorqvpGgeE7+/VU8OgnpeuL+Y7LnM1dQ+2K7m+Uy4X/eVdND1x0JzZgXmFn61N3c2tna6b2m3/Y70cy7VBfl4FB0TklCkxn2JPPevjLoQaL/QkwrcPZVDgeQNiTUfugchVY8UhoxkJsgIdV5Sn005skwO2FioK/97jPXAsNOe4JhcnilprTCWfdZ4ZQqeCGYETqW7LcdUWLaYzDKd8MzVvZAakaCwhi7qF8//AxDy73DQAgAA[0m16:28:53.517 [main] INFO  c.r.s.common.property.PropertyProvider - Loading properties file from file [/var/lib/jenkins/jobs/TSearchUnittest/workspace/service/target/properties/local/search.secrets.properties]
[8mha:AAABvx+LCAAAAAAAAACFks9OGzEQxoe0KVGP7a1SJUsIesLe0ASlcIKFrSptASmAVEUcnI2zOHjtxXZCEBLPw6F9F9Q36AlVFe+AvX+Iqh5qH+anmflmPnn3+yM0jYa18+nIKIlzMU25NJhKwxMllMY7jkJPB8oyKM9SAxoxtIqGrzS38CEu9aTSk2c9eda7xu0YXo6opRbexBM6o0RQmZK+1Vym23MN7yoXiZJGCYbDMv69Gea5M7z6f8Nu4Z+7lvr1rf/QgBcDaA7Twuzbwb/LXXXsq5dwC6+cS0kz5rkxz6e6VmCvwJXix8/Th9/vbz4XhpyzloXllU7or6coCtzxFASey1xNnc3exm6n7ouiuq+kqDhTv79VTw6Cel64t5jsuczV1N7/VM3zmXCv7itpv+uvhebcMp1ZuG9vbm30trofcbfdQ4OMcnmGvhxEhwglWGPjvkSW+VfWKmfaXuOjClyc8RHTaB3Fio7cg6CqhzODxlwwNNYqK2lAZlQTwYdkwuSF/z0mamjIcZ9RnZyfSG4tM5ZcKX1hcpowYpiecRct1SmzZDGZCJVQQZigxvLEFHq8KJ+9fgJ7xqjGzwIAAA==[0m16:28:53.518 [main] INFO  c.r.s.common.property.PropertyProvider - Loading properties file from file [/var/lib/jenkins/jobs/TSearchUnittest/workspace/service/target/properties/local/elasticsearch.properties]
[8mha:AAABeh+LCAAAAAAAAACFkEFLwzAUx5/TafGoN0EIiHoy7eY253bSbhVhzkNBkOEhdnGrdGlNslEQ/Dwe9Mv4DTwNEb+DSdNOxIMvh/7y8v+/96cvX1AWHPbG06GIGU6i6ShkAhMmwiCOYo5PFLma+rGkYGqpBKUeWJnggiQS9nvGb+d+e+G3F34lbPdgZUgkkbDRuyczYkeEjWxf8pCN2imHrTxFEDMRRxS75vt7M6SJCrz7f2C18PPZit+v/XkJlgdQvh1lYTcHf5er1zv9+gBPsKpSMjKhmktpMuWFA2sHzh2vb1fzj+3HsyyQSmZJWNupufpo8jxHlSbH0Wx6BdUazepprdB5XqEz5GU11futYrLjFPPczs9kzaZXUKV7nM/THbdT6Ax16/pIKKeS8omESaXRqjZb9UPcaByhwYSE7Aad971LhALMscA0IkKGgaCEB2PcNTc/u/mUzyhHB8iXhEv1S5AcU5RLkNEgYUQsHtLW+jfrbvdabAIAAA==[0m16:28:53.667 [main] INFO  c.r.s.elasticsearch.ElasticSearchServer - Starting the Elastic Search server node:
[8mha:AAABhB+LCAAAAAAAAACFkM1Kw0AUha/RanGpO0EYEHXl5Mem9melaSNCrYuCIKGLMY3paDrTJlMpFn0eF/oyvoGrIuI7OJM0FXHhnUW+uXPOvYe8fEEhiWGvP+4lnOFhNA4pSzBhCfV5xGN8LMlR1OYigKyWNNBaUEwF52QoYL+V+fW5X1/49YVfCustWOkRQQRstG7JPdEjwkK9I2LKwvokhq15Cp+zhEcBdrLv780wGcrAu/8Hlgs/n4v8/aoz02DZg8J1mIbd9P4ul6836nUET7AqUzIyCBRrk+E4zh1YOfDc8fp2OfvYnp6mgWSyooC1nZKjjiLXNWQpMgzFWS+nUrlinZRynevmuozctMZqfzGfbBj5PKfxM1lx1svJbFbn81THaeS6jJq2OgIKExHEAwEjs1yzKjX7EFdtC3kDQlkXnbXdC4R4HOIgIomgfhKQ2O9jxnsBOkCe7NwFIr120fSXRjewWcbWo2ce2YbdrSHKqKAkog/ylyGM8fo3kgF+pHACAAA=[0m16:28:53.952 [main] INFO  org.elasticsearch.node - [ticket.node] {elasticsearch/0.16.2}[17505]: initializing ...
[8mha:AAABbh+LCAAAAAAAAACFkM1Kw0AUha/RanCpO0EIiLpyktb+d6VpI0KtC0GQ0MWYjGk0nYmTqRQEn8eFvoxv4KqI+A7OJJ2KuPDOYj7unHPvYV6+oJRx2BtNwoxRlCaTKKYZwjSLA5Ywjo4kuYoGTBAoaskAow9mLjjDqYD9fuG353574bcXfins9GElxAIL2Ojf4gdsJ5hG9oXgMY06Uw5b8xQBoxlLCHKL+/dmmKYy8O7/geXCz2eTvV9dzAxY9qF0HeVhN/2/y+XrjXq9hydYlSkpHhPFxjSdcO1AyoHmjte3y9nH9uNJHkgmMwWs7VRddRR5niNLkeMoLnqaqvVm5biqdZ6ndQV5eU3UflNPdhw9z+3+TFZc9DSVe635PNVxu1pXUK+mjoDSVBA+FjAo19uVZrt2iFqNhuWPcUyH1unAO7csxiNEEpyJOMgI5sFIf7V1YPmyeUcEoiwkQythOCSh5Q/XvwF/GCrBTQIAAA==[0m16:28:53.977 [main] INFO  org.elasticsearch.plugins - [ticket.node] loaded []
[8mha:AAABfx+LCAAAAAAAAACFjs1KAzEUha/VanGpO0EYEHVlJq39s13ptCNCrYuCIEMXsY3T6DQZZzJSLPo8LvRlfANXRcR3MJmfSnHhzSJfbs6597x+Qz4MYG8UDUPBke9FLuMhIjxkA+GJAB0rsjR1haSQ1FIOch0oxIJz4kvY7yR+M/Wbc7859ythswMrQyKJhI3OLXkgpke4a/ZkwLjbnASwlaYYCB4KjyIruRc3w8RXgXf/D6wWfr0UxMdVb5aDZQfy124cdtP5u1z93ujfe3iGVZWSkzHVnJv4UZA5kHag1PH2fjn73J6exoFUsoKEtZ2ypY8m28aqNGGsOellVK7WSyflTGfbmS4hO65I7y9kkzHO5lmt38mak15GxfZROk93rFamS6hd0UdCfiJpMJbgFauNUr1RqSF8iA1nTBjvG2dd+8IwROAi6pFQskFISTAYIS6G1DgwHNW5ozJ+9o3pgsbEqFhFpSenWKvgSr9hMM4kIx57pMP1H6pEYHZrAgAA[0m16:28:57.030 [main] INFO  org.elasticsearch.node - [ticket.node] {elasticsearch/0.16.2}[17505]: initialized
[8mha:AAABhh+LCAAAAAAAAACFkEFLwzAUx5/T6fCoN0EIiHoy7eY253bSbhVhzkNBkOEhdrGrdGlNsjkQBL+NB/0yfgNPQ8TvYNK0E/Hgy6G/vPz/7/3pyxcUBYed4XggYoaTaByETGDCROjHUczxkSJHUy+WFEwtFKDQhVIqOCOJhN2u8VuZ35r7rblfCVtdWBoQSSSsdW/JhFgRYYHlSR6yoDXlsJGl8GMm4ohix3x/b4ZpogJv/x9YLfx8LsXvl96sAIt9KF4Hadj1/t/l6vVGv97BIyyrlIyMqObCNBnz3IG1A2eO17eL2cfmw0kaSCUrSVjZqjr6aHJdW5Um29ZsejlV643KcTXXuW6uM+SmNdb7S/lk287nOe2fyZpNL6dy5zCbpztOO9cZ6tT0kVCcSspHEp7K9Wal0awdYHu/jPojErIrdNpzzxHyMccC04gIGfqCEu4PccfcvPTmUT6hHO0hTxIu1S9BckhRJkFGg4QRsXhA0X0oh1ojqGpL7RDN1W/OVv4UgAIAAA==[0m16:28:57.031 [main] INFO  c.r.s.elasticsearch.ElasticSearchServer - Starting the Elastic Search server node with these settings:
[8mha:AAAEOh+LCAAAAAAAAAC1Vl9vIzUQXwqFikd4Q0JaCUFftnbaa4/ie4K04Q61BZGCxFXVyrEnG7e79tb2tk2R+Dw8wJfhG/B0QojvwHj/NW3uBNwdGymZnRnP/Oav88tf0aqz0SezSjqjSZlXmdKOcO2UMLmx5HOkhoE6Mh6i5nljJVo5iNZqhUNe+mj9oDlP2/O0P0/786j46CB6S3LPffTewRm/5DTnOqNjb5XOHl3b6IMWhTDamRzIsPm96zm6LhHwx/8MGB3++fOa+f2H8bOV6M2TaHWS1WDfP1l2jtJpkF5EP0VvI0rNCwj0ynVZ2e4ECSdIe+LX375/9seHP35ZA0Jkaz5656PtYfgEajQa4BOowSDQDa+jth/ubn2x3emNRp1eQ43qpwr+1zrLg0Fnb7h3aznQDa+jNvc/a+0FznCv02uo/Z3w8dHqtQdb+LUnmw/Z1i7b+ZQMHuzGJwVX+jR+cjT6Oo4FscQRyLnzSjjgVszIfvM2rt/GYC/Bxhvx/qJOPAbvMT8uZnF8IowFIieksjk7kxPBSuN8ZsFd5IxSCZdBWCtZLs5dyQXga8F2th9s0cBPUSeJtZFAciN4zrytIImVlnCNNef53CnXEDeAgGsMqfNcS24lmaocA2UnubkCK7iD0yRuQwpNNlUZKbmfMXrJLc3VhJ6BPg/9e2Ymjh43gX6nlffgPL0ytsFIHcau8Ndzm4GnpTUlWK/A0RolvZO2JEbyHHwTKPY/TI0tuGdzfDYODzekjB8/ZkXBnEvigCco8VcFdQcDDRaTWOSVw4SQ0N6sQ9Xw/n1S/bwE1r2hzbbGJXcOwUjWxhDy+38ntvbNS3Xr/AIL7ed9yo3OTOjGuRZE4uE5RoPApGNbOETYWQuJCF2WxDPvSwKaT3KQbbfV4eQmc6+3JMFil3VdFROwqZmmFspcYauyQR+ENKIqQHui5FHA2ygvRA9alhimZwE8oqRXjmCBcDFmz5kuKvw5nlo2Xxe2YfbCFt5tmpKYy0LpRUHNqCPBWINnWwlfWWC0ZaU9i5zh0u6Cdj5gmzpSQGHsvM/6lOcOljPjZthvju10CJbSgl9LsqZZsfxfmcltr1ZYmBp65S4w41wuzyjxqoAbo4ENx8e9uF2EPA8bRX6L9wF8wy0vHBNoxoNMuU+qUnZkKHhaVhMsKfpxJV5ouNNQ+gKLx7iWW4POVFZA6uY4nUXS1vy/esEu8JVLLirARhbIyTDRSWmVsQrHBKdGZRqgrmPChTAV5uxOf0mrcM3jlkBdZiwuzH6Fk71attCIfV5x2RZgQ6nbMLut+9z1t3683i1AMh6Pnz5NYqmcMGh8Tm4Ab/nQyUWV+zAZ/n6jcOEV/hXglTdpk6C07h222c7uzCCkl5zd1kTgv/T4B86CnfRK+Vna7t1XMkrv7/D+9ng9Pl54ldxzfPru3wWhRWxICgAA[0m16:28:57.038 [main] INFO  c.r.s.elasticsearch.ElasticSearchServer - Elasticsearch Settings :  [core.db.url:jdbc:postgresql://dev.db.core.rackspace.com:5432/core_dev, node.local:true, index.analysis.analyzer.search_standard.filter:[lowercase], elastic.config.path:/var/lib/jenkins/jobs/TSearchUnittest/workspace/service/target/properties/local/elasticsearch, ticket.core.dateformat:yyyy-MM-dd HH:mm:ss, path.data:/var/lib/jenkins/jobs/TSearchUnittest/workspace/service/target/elasticsearch/data, cluster.name:ticket.cluster, index.analysis.analyzer.search_standard.type:standard, core.db.password:, path.conf:/var/lib/jenkins/jobs/TSearchUnittest/workspace/service/target/properties/local/elasticsearch, core.api.password:qwerty, ticket.ongoingsync.delay.seconds:2000, name:ticket.node, http.enabled:true, path.logs:/var/lib/jenkins/jobs/TSearchUnittest/workspace/service/target/elasticsearch/logs, index.number_of_replicas:0, ticket.document.idName:number, core.api.endpoint:https://ws.staging.core.rackspace.com/ctkapi, ticket.document.type:ticket, ticket.index.name:ticket, admin.index.name:admin, indices.structure:/indices_structure.json, index.store.fs.memory.enabled:false, index.number_of_shards:5, admin.document.idName:name, admin.document.type:syncJob, core.db.username:usq_read, ticket.core.date.timezone:CST, ticket.search.allowedRangeParams:created_at,updated_at,last_public_response_date, ticket.search.allowedTermParams:source_system,number,created_at,updated_at,last_public_response_date,status,queue,category,priority,assignee.name,account.number, core.driver.class:org.postgresql.Driver, core.api.username:rcameron, ticket.elastic.dateformat:yyyy-MM-dd'T'HH:mm:ss.SSSZZ, discovery.zen.ping.multicast.enabled:false, action.auto_create_index:1, path.home:/var/lib/jenkins/jobs/TSearchUnittest/workspace/service, path.work:/var/lib/jenkins/jobs/TSearchUnittest/workspace/service/work, path.work_with_cluster:/var/lib/jenkins/jobs/TSearchUnittest/workspace/service/work/ticket.cluster, path.data_with_cluster:/var/lib/jenkins/jobs/TSearchUnittest/workspace/service/target/elasticsearch/data/ticket.cluster]
[8mha:AAABgB+LCAAAAAAAAACFkM1Kw0AUha/VanCpO0EYEHXlJA3pj+1K00aEWBcFQUIXYxvTaDpTJ1MJFH0eF/oyvoGrIuI7OJOfSnHhnUW+uXPOvYe8fkM55nAwmg5jRvEkmgYhjTGhcThgEeP4RJKtqMuED1mtlKDkgpYKLshEwKGb+fXcry/8+sIvhS0X1oZEEAFb7h15JHpEaKD3BA9p0Eo47OQpBozGLPKxnX2XN0MykYH3/w8sF369aOzjujcvwaoH5ZsgDbvt/V0uX2/V6wM8w7pMScnYV1xKJlNeOLBy4Nzx9n41/9ydnaWBZDJNwMaeZaujyHEMWYoMQ3HWK8iqNcxTq9A5TqHLyElrqvZrxWTDKObZ7d/JirNeQZXOcT5Pdex2ocuoU1VHQDkRPh8LGFdqTbPRrNaxYZnIG5OQ9tF517lEiPEA+xGJRTiIfcIHI0zZ0EdHyJOde1+k1z6aLWl0A1dq2HzyKvWqUe03USwIF/J3IYzx5g8HUv+PbAIAAA==[0m16:28:57.042 [main] INFO  org.elasticsearch.node - [ticket.node] {elasticsearch/0.16.2}[17505]: starting ...
[8mha:AAABiB+LCAAAAAAAAACFkMFKw0AQhsdqtXjUmyAsiHrRTVraWtuTRiNCrQdBkFBkm6xpNN2NuxspFH0eD/oyvoGnIuI7uNs0iig4e8jHzP/P/OTpA4pSwEY/DSRnOInTMGISEyYjn8dc4D1NjqEOVxSymilAoQ2lieCEJAo225nfmvqtL7/15dfCVhvmAqKIgqX2NbkjVkxYaJ0pEbGwNRSwMk3hcyZ5TLGTfX9ehmGiA6//H1gffH8s8deLs3EBZj0o9sJJ2GXv93E9vTLTW3iAeZ2SkQE1XBgmqcgd2Djw1PH8cj5+Wx0dTQLpZCUFC2tVxzxDrmvrMmTbhrNeTtV6o7JfzXWum+sycieVmvulfLNt5/ucg+/NhrNeTuXD3ek+03EOcl1GhzXzFBSHioqBglG53qw0mrUdbNfqyBuQiHXRccc9RYiLENOYSBX5khLh97ES+icnXCi0jTzdvqEKMx7QLurxlAWXJAgElRKNYu6T2Ct377dQkvbiSPb/mC1+Ag7O8nZ6AgAA[0m16:28:57.056 [main] INFO  org.elasticsearch.transport - [ticket.node] bound_address {local[1]}, publish_address {local[1]}
[8mha:AAAByR+LCAAAAAAAAACFktFqFDEUhuPq2qWX9k4QAqXVgpOZqdu1bulFnXaksNaLLYUyLCVm4mzabDJNMnWh6PN4oS/jG3hVpPgOTSYzlcULk4v5OOf8//lh8v0P6GoF1qdVrqVAJa8KJjTCQjMiuVRoz1Li6EgaCvx50AGdEejVA+9xacDzkdeHjT6814f3eju4MwKPcmywAU9G5/gKhxyLIhwbxUSxM1fgaZOCSKElpyjx38XNYF7awGv/D2wX3n7ryV+n45sOeJiB7seiDruS/bvcdj+57iX4Ch7blALPqOPOvKxUq0BOgRrFj58nN7+fXb+rA9lkPQOWVvuJu47SNLLHURQ59rWW+oPtzbf9di5N2zlPaX0qt7/XOkdR65fs/3V27GstxQdvGj9XSfbbOU8HW+4a0J0bqmYG3MaD4eb2cOs1igavYEY51oYRTbEi08zSBTVIyJxOCK+0lYypumKErlal/Y30GOuLoJSSB3EcmKmiOA/iCTw8Sj9AKFWBFvxQ44G0N4EBXFgBBf18NsNuZLGRxZOMS4K5hcl1TbtGVfTLS2hX2kcwhHUxyJkmMmCCGYb5mX1EghLzwltuLN8BphP1q+oCAAA=[0m16:28:57.063 [elasticsearch[ticket.node]clusterService#updateTask-pool-11-thread-1] INFO  org.elasticsearch.cluster.service - [ticket.node] new_master [ticket.node][1][local[1]]{local=true}, reason: local-disco-initial_connect(master)
[8mha:AAABdR+LCAAAAAAAAACFjs1Kw0AUha/VanGpO0EIiLpykpa29melaSNCrIuCIqWLMR3TaDoTZyYlIvg8LvRlfANXRcR3cKZJKuLCO4v55s45956XLygKDnvjeCQYRVEY+wEVCFMReCxkHB0psjX1mCSQ1lIBCi6U5oIzHEnYd1O/mfnNhd9c+JWw7cLKCEssYcO9xVNshpj6Zl/ygPrthMNWlsJjVLCQIDu9f2+GJFKBd/8PrBZ+PpfY+1V/VoDlARSv/XnYzcHf5er3Rv/ewxOsqpQUT4jmQhLFPHcg7UCZ4/XtYvax/XgyD6SSlSSs7VRtfTQ5jqVKk2VpTns5VeuNynE11zlOrkvJmVes95fyyZaVz7M7P5M1p72cyt1mNk937E6uS6lb00dCMZGETyRcluutSqNVO0RWvWkMJjigQ+O055wbBuM+IiEWMvAEwdwbo1EgPDYl/ME4MAaqfUckomxEhkb28MJYqLlmef0bCTFT7lYCAAA=[0m16:28:57.069 [main] INFO  org.elasticsearch.discovery - [ticket.node] ticket.cluster/1
[8mha:AAABmh+LCAAAAAAAAACFjsFK60AUho/VeotL3QnCgNzrRieT0GqtK41GhKoLQZBQZNqMaTSdiTMTKcj1QXyCu7i+jG/gSkTuO9yZJlHUhecs5uPM/5/z//0HdSXh1zCPlOA4S/M44QpTrpKBSIXE24Z8S0dCMyhqqga1LjQmgkOaaVjpFn6n9DtvfufNb4RbXZiJqKYa5ruX9IY6KeWxc6JlwuOtsYTFMsVAcCVShv3i/XgZxpkJ/PP7wObg65+GeDo7ea7BdAj1fjwJuxB+PW5+L+zvNdzBrEnJ6YhZro2zXFYObB24dDw8nj6/LN3uTwKZZA0NP5abvm1LQUBMWSLEcjGrqLne9naalS4IKl1BwaRye79RbSak2ufvvm+2XMwqcvc2y3124u9WuoL2WrY11MeayZGGe3e947U7rQ3suS4KRzThPXRwFBwjJGSMWUqVTgaKUTkY4qHWGVpDoZlcMY25iFgP9UXOo3MaRZIphW4TznTokM7H3vQI6f1eRVneTxM1/Cx3CXab2CNt7LW8Ujz3H8LdDgSZAgAA[0m16:28:57.211 [main] INFO  org.elasticsearch.http - [ticket.node] bound_address {inet[/0:0:0:0:0:0:0:0:9200]}, publish_address {inet[/10.14.208.252:9200]}
[8mha:AAABfB+LCAAAAAAAAACFjstKw0AUho/VanCpO0EIiLpycqE325WmjQixLgqChC7Gdkyj6UydTCVQ9Hlc6Mv4Bq6KiO/gTC6V4sIzi/nmzP+f879+QznmcDCaDmNG0SSaBiGNEaZxOGAR4+hEkqOoywSBrFZKUPJASwUXeCLg0Mv8Ru43Fn5j4ZfClgdrQyywgC3vDj9iI8I0MHqChzRoJRx28hQDRmMWEeRk9/JmSCYy8P7/geXCrxeNfVz35iVY9aF8E6Rht/2/y+Xvrfp9gGdYlykpHhPFpWQy5YUDKQfKHW/vV/PP3dlZGkgm0wRs7FUcdRS5rilLkWkqznoFVWoN+7RS6Fy30GXkpjVV+7VismkW85z272TFWa8gq3Ocz1Mdp13oMupU1RFQTgThYwEjq9a0G81qHdmWrftjHNK+ft51L3Wd8QCRCMciHMQE88EIUTYk+pHuy849Eemzr8+WNIaJrBqyn3yrXjWr/aYeC8wFGW7+AEYWeB5nAgAA[0m16:28:57.212 [main] INFO  org.elasticsearch.node - [ticket.node] {elasticsearch/0.16.2}[17505]: started
[8mha:AAABdB+LCAAAAAAAAACFjsFKw0AQhsdoNXjUmyAsiHpyk9a2anvStBEh1kNAkOJhTbdpJE3i7qYEBJ/Hg76Mb+CpiPgOZrNJRTw4e9hv/51/5n/5ghpnsDdJRzyOcBKmfhBxTCIeeHEYM3yakyVpEAsKqpY00BzQi4ZLkgjYd5TfKP3Gwm8s/Hlj14GVERFEwIZzT2bECEnkG65gQeR3MwZbZQovjngcUmyp+/dmyJI88O7/gfOFn896/H7jzjVYHkLtzi/Cbg7/Ls9/x/L3AZ5gNU8ZkSmVrGVJyioHlg5cOl7frucf24/nRaA8mS5gbadpySPJts28JJmmZKVV1GwfN86aVZ9tV32K7KJSuV+vJptmNc/q/UyWrLSK6v2Tcp5UrF7Vp6jfkkdALROUTQWM6+1O47jTOsKN+iEaTkkQ3aKLgX2FkIcZ5piGhIvA45Qwb4L76uUWL5eyGWXoAJUqUjLiSg844oIwQUd4/RuGc1f2ZQIAAA==[0m16:28:57.213 [main] INFO  c.r.s.elasticsearch.ElasticSearchServer - Elastic Search server is started.
[8mha:AAABih+LCAAAAAAAAACFkUFLwzAYhj+n0+FRb4IQEPVk2pVtzu2kXSvCnGBBkeEhdtlW6ZqZpLMi+Hs86J/xH3gaIv4Hk3adiAe/HPoked/ve0lfvqAoOOwM455gER6H8SCIBCaRCHwWMo4PFdmaOkxSyGqhAIU2lFLBKRlL2G1nfmPmN+Z+Y+5XwmYblnpEEglr7VsyIUZIooHhSR5Eg2bCYWOWwmeRYCHFdvb9PRmSsQq8/X9gNfDzucTer7xpARa7ULwZpGHXu3+Hq9u+vr2DJ1hWKSMyopoLyTjmuQNrB545Xt8uph+bj8dpIJWsJGFlq2Lrpcl1TVWaTFNzdpZTpVa3jiq5znVzXUZuWrGeX8o7m2bez279dNacneVUdg5m/fSJ3cp1GTlVvSQUE0n5SMJ9udaw6o3qPrZqFuqOSBBdo5OOe4aQjzkWmIZEyMAXlHB/iJ1s56U7j/IJ5WgPOR7yw1iojkiofxsLFAh07rQwuiSBVG+F+oxrFac+U5YHvPoNgHqWxnYCAAA=[0m16:28:57.262 [main] INFO  c.r.s.elasticsearch.ElasticSearchServer - ES cluster status is RED. Waiting for ES recovery.
[8mha:AAABeh+LCAAAAAAAAACFkc1Kw0AUha/RanCpO0EYEHXlJC390XalaVKEWMGAIEVkTGMaSZM4MykBwedxoS/jG7gqIr6DM/mpiAvvLPLNnXPuPZCXL6gxCnuTdMziCCdh6gcRwyRigRuHMcXHggxJw5h7UNSSAooNai44IwmHfbvwa6VfW/i1hV8IezasjAknHDbsezIjWkgiX3M4DSK/l1HYKlO4ccTi0MNG8f29GbJEBN79P7BY+Pmsxu9XzlyB5RHUbv087Obo73LxeidfH+AJVkXKiEw9yUqWpLRyYOnApeP17XL+sf04yAOJZCqHtZ2mIY8ky9JFSdJ1yUWvomb7sHHSrHSWVekKsvJK5X61mqzr1Tyj/zNZctGrqG4elfNkx+hXuoLMljwcahn36JTDTb3dbRx2Wx3c6NTRaEqC6BqdDq1zhFxMMcNeSBgPXOYR6k6wWdyc/OZ4dOZRdIBMB7lhysRExMS/TRkKGBpcmOZw/RtR4ah/XgIAAA==[0m16:28:57.271 [main] INFO  c.r.s.elasticsearch.ElasticSearchServer - ES cluster status is GREEN
[8mha:AAABqx+LCAAAAAAAAACFkkFr2zAUx9/SZTU9brfBQBDanizbIcmy5LQ6dRmk2SFjMEwoqq05XlzJk+Q0pdDP00P7ZfoNdgpj7DtMiu2MsMOeDvrx9P7/9wf74Tc0pYCjeRFLznCeFUnKJCZMphHPuMDvNfmGJlxRKOtZAxpjsDYD5yRXcDwu9U6ld7Z6Z6vXg8MxPI+JIgpejr+RJXEywhJnqkTKkuFKwOsqRcSZ5BnFfnnvboZVrgMf/j+wXvjr3uI/vkzXDdgLoXmZbMK+Cv9drl+/mtfvcAcvdEpGrqjhxiovRK3ARoErxePT5/XPN7dnm0A6maVgv9XxzTEUBK4uQ65ruOzV1On12yedei4I6rmSgk0VZr9VO7tu7eeP/jobLns1eafvKj/T8Uf1XEmnXXMUNFeKiisFj15v0O4Pum9xp99DIc2IVGkkKRHRPNS0oAozHtNZlBVSS6ZULNOItopcf0b6iciFnXOe2Z5nq7mgJLa9GfowCT4ixEWCd/xwoiXX5AbZaMcaCRrxJRU0RqE7QymL9Qapb8VRtfZC6n+GHvwB4WhAgawCAAA=[0m16:28:57.486 [elasticsearch[ticket.node]clusterService#updateTask-pool-11-thread-1] INFO  org.elasticsearch.gateway - [ticket.node] recovered [0] indices into cluster_state
[8mha:AAABdR+LCAAAAAAAAACFkMFKw0AQhsdoNXjUmyAsiHpyk5a21vZk00aEWA8BQYqHNY0xkm7iZiMRwefxoC/jG3gqIr6Du0m2Ujw4e9iP2f+f+dnXb6ilDPZus0kaU5xEWRDSFBOahl4cxQwfC7IkjWLuQ1lLGmgO6IXgjCQc9p3Sb1R+Y+435n4h7DmwMiGccNhw7sgDMSJCA8PlLKRBL2ewVaXwYprGkY+t8l7cDHkiAu/+H1gs/HrR449Ld6bB8hhq10ERdnP8d7l4vZGv9/AMqyIlJVNfspYnGVMOLB24cry9X8w+t59OikAimc5hbadpySPJtk1RkkxTctlT1Gx3Gv2m0tm20pVkF5XJ/bqabJpqnjX4nSy57CmqD4+qebJjDZSupGFLHg61nPtsyoHU291Gp9s6xB2zjsZTEtIrdDqyzxHyMMMp9vEwIikPPdcnzLu1otCn3CYej9lj3ycUHSCXE8bFj6AFJfIK6foPWE1VwGACAAA=[0m16:28:57.801 [main] INFO  c.r.s.e.ElasticSearchClientFactoryBean - Starting ElasticSearch client
[8mha:AAABkx+LCAAAAAAAAACFkcFKAzEQhsdqtXjUmyAERD2ZXUurtT21a1eEqoeCIEUkbmONbJOazMqK4PN40JfxDTyJiO9g0u1WxIOTw35M/n/mJ/v8BUWjYeM66Rsl6ShOBkIayqQRkYqVpk1LgaNjhRyymilAoQOlseCIjRA2O5nfm/i9qd+b+q2w0YG5PkOGsNS5YXfMi5kceF3UQg4aqYaVSYpISaNiToPs+3szpCMbeP3/wHbh51NJvZ113wsw24Pi5WAcdrn3d7m9vXK3t/AI8zalZEPuuJCOEp07qHPQiePl9fT9Y/XhYBzIJishLKxVAncchaFvy5HvO856OVV2auVWJdeFYa7LKBxX4vaX8sm+n88L9n8mO856OW239ybzXCfYz3UZtavuIBRT5HqI8Li9Uy/X6tVdWvOrpDdkQp6Tw+PwhJCIamoop+2YGRRRlzMdXQex4BJDFqHS9y3OJNkizUuVIEFFNGd9ImSfp8RwRPtI5ErEnNSJZ7si4ubCoE4iTDSnN/bnLX4DIpmpBn0CAAA=[0m16:28:57.805 [main] INFO  c.r.s.e.ElasticSearchClientFactoryBean - About to read index setting file : /indices_structure.json
[8mha:AAABhx+LCAAAAAAAAACFkMFKAzEQhsdqtXjUmyAERD2ZXcuqtZ5025XCWg8FQYqHuI3t6japyVRWBJ/Hg76Mb+CpiPgOJt1dRTw4OeRj8v8zP3n+hLJWsDEY97QUdJSM+7HQlAkdRzKRih4a8i21JXLIaqYEpRAqU8EJGyFshpnfyf3Ot9/59hvhQQhzPYYMYSm8ZnfMSZjoOx1UsegfpApW8hSRFFomnPrZ/XszpCMTeP3/wGbhx1NFvp13JiWY7UL5sj8Nu9z9u9y8XtnXW3iEeZNSsCG3XEpHY1U4qHXQ3PHyejZ5X304ngYyySoIC2ueb4+lIHBNWXJdy1mvIG+3Vj3yCl0QFLqMgmmN7f5KMdl1i3l+42ey5axX0HZzP59nO36j0GXU3LEHoZwiV0ME3N6tV2v1nT1aq3qkO2SxuCCtdnBKSEQV1ZTTZsI0xlGHMxUN/CTmAgMWoVT3R5wJskVaosdT0pNcEyGR8DTWSImvOEPzTwQHPJeYKTccyeIXfgUt63MCAAA=[0m16:28:57.824 [main] INFO  c.r.s.e.ElasticSearchClientFactoryBean - Index does not exist. Creating the Index ticket 
[8mha:AAAB0h+LCAAAAAAAAACFksFuEzEQhk0gNOIINyQkS4hywt6WpIT01G6zCCmUQwAJRRyczXTrxLEXezYsQuJ5OMDL8AKIU4UQ74C9zhYhDtgHfxr//8wvy59/ka6zZPe8WjijWamqQmrHhHYyN8pYduQpDXRqEEhcVzqkMyG9RvBMlEjuT6Kfb/380s8v/V54OCHXFgIFkpuTpdgIroQu+BSt1MVhbcntbYrcaGcUsDSef08mdekD3/t/YD/w56ee+f56etEhV2ekOy+asLdm/w73t2fh9i35SK77lFqsIXCnLivbOlhwsK3jy9dXFz/ufHjSBPLJekh27vbTsANlWeJXoCQJHGst9Q+G+8f9VpdlrS5S1qwqzO+1nZOk7Zee/OkcONZa2hs/3vYLlfSk1UUaD8JG0q0R7BrJt72D0f5wNHjEhoOHdLYWUr+hT0+z55TmzDLHgI2VcCjzKQibn6dKgsZM5Gjs+2MQmj6gR3NTIUVDLYgFlXoBNXWA6B+JnkkFdET5Rliu5JwvQa/C91iaueMvYs+XWiKCQ/7O2JUrRQ7cgd1If6KwBSAvrSnBogTHlcmF4hAzucbP16Is/TDHfWnl5U0EtvS/48ZvvR4XqN4CAAA=[0m16:28:57.853 [main] INFO  c.r.s.e.ElasticSearchClientFactoryBean - About to read index setting file : /var/lib/jenkins/jobs/TSearchUnittest/workspace/service/target/properties/local/elasticsearch/mappings/ticket/index.json
[8mha:AAABvx+LCAAAAAAAAACFUsFu1DAUfCwsXXGEGxKSpapwaZyk2q227QnSBiEt5bAICUU5PBKTDc3aru1UkZD4Hg7wM5y5cKoQ4h+wN3HRigPPB4+fZ+aNEn/5DWOt4PGqLbXgVDZtVXNNkeu6EI1Q9KlFiUPnwjDo69YIRguYbAgvURp4suj14aAPb/Thjd4STxZwp0SDBu4vPuAVhg3yKlwaVfPqpFPwcEhRCK5Fw2jS79uToZM28N7/A9uBvz5PxI+3y+sR3M5g/K7ahH2Q/Tvc3r53t5fwCe7alBzXzOFRJ1vlFdQp6KD4+u3N9c9HH59vAtlkEwM7u9PELYfSNLLlUBQ53Pc8mh7OD55NPS9NPa9H6aZaN3/inaPI+yWnf50d7nsexWdHg5/rJKee16OzmVsGxp1ham3ge3x4fDA/nh3ReB6RjDWoTV1ohqpYZRZdMEO5KFleNK22kiVTV3XBdltpfyN7jfoikEI0QRwHZqUYlkGckxfn6StChKrolh8dPOiaGXSvgARka4Y/5aSwVsZ+ZFLzknX7pMBWM5KhrPN9oleoSk2yWR5mkT2vUUrLtZ2BPbjc+wOE27T/2wIAAA==[0m16:28:59.180 [elasticsearch[ticket.node]clusterService#updateTask-pool-11-thread-1] INFO  org.elasticsearch.cluster.metadata - [ticket.node] [ticket] creating index, cause [api], shards [5]/[0], mappings [index, ticket]
[8mha:AAABgR+LCAAAAAAAAACFjsFKw0AQhsdqNXjUmyAsiHpyk5a21vZk00YKtR4CghQPa7pto+km7m4kRfB5POjL+Aaeiojv4G6TVMSDM4f9mP3/mf/lC4qCw8EkHoqQ4SiIxz4TmDDhe2EQcnyqyNbUDyWFtFYKUOiBsRCck0jCYS/1m5nfXPrNpV8Jmz1YGxJJJGz1bskDMQPCxqYruc/GzYTDTpbCC5kIA4rt9P19GZJIBd7/P7A6+PlshO9X7rwAqwMo3owXYbcHf4+r35H+vYcnWFcpGZlSzYUkinnuwNqBM8fr2+X8Y/fxbBFIJTMkbOxVbN2aHMdSpcmyNKeznCq1erlVyXWOk+tSchYV6/tGvtmy8n12+2ez5nSWU6lzku3TE7ud61LqVHVLKCaS8qmEYanWKNcb1RNcqxyjwZT47Bp1+84FQh7mWGCKOwER0vdcSrg3sQOfMukQT4Z81qKEoSPkxp5HhRjFQTBDgso4Ql02pAlSrjsq0eY3pTn7s2MCAAA=[0m16:28:59.647 [main] INFO  c.r.s.e.ElasticSearchClientFactoryBean - Successfully setup Index ticket 
[8mha:AAAB0B+LCAAAAAAAAACFUsFuEzEQNYFAxBFuSEiWKsoJe1ulUZOe2m0WIYVyCCChiIOzmW6dOPZiz4atkPgeDvAzfAGcKoT4B+x1tghxYHyYp/F7b54sf/5Fus6S3Ytq4YxmpaoKqR0T2sncKGPZsUdpQGcGgcS60SGdCek1hOeiRPJ4EvV8q+fXen6t98SjCbm1ECiQ3JssxUZwJXTBp2ilLo5qSx5sU+RGO6OApbH/vZnUpQ/86P+B/cKfn3rm+5vpVYfcnJHuvGjC3p/9u9zfnofbd+Qjue1TarGGgDt1WdlWwYKCbRVfvr6++vHww9MmkE/WQ3Jnp5+GE1CWJb4CSpKA46xF/cHh/km/5WVZy4soa6oK+3utc5K0funpH+eA46xFe+Ph1i9M0tOWF9H4IBwk3RrBrpF82xuM9g9HB0M26A/pbC2kfkufnWUvKM2ZZY4BGyvhUOZTEDa/SJUEjZnI0djLExCaPqHHc1MhRUMtiAWVegE1dYDoH4meSwV0RPlGWK7knC9Br8L3WJq54y+j5ystEcEhf2/sypUiB+7AbqTvKGwByEtrSrAowXFlcqE4xEyu0fO1KEu/zHE/Wnl6bGzpv8fd3xMnf2DfAgAA[0m16:28:59.649 [main] INFO  c.r.s.e.ElasticSearchClientFactoryBean - About to read index setting file : /var/lib/jenkins/jobs/TSearchUnittest/workspace/service/target/properties/local/elasticsearch/mappings/ticket/ticket.json
[8mha:AAACPh+LCAAAAAAAAAClU91u0zAYNR2Diku4Q0KKgoCb4XRTV23ZFcsahFTGRSUkVI3Idb51Zont+Ye1VPA8XMDL8AZcTQjxDthJM0BcsJbPFz76fM75jhzn0w+0rhV6eGJzLTiWhZ0wrjHhmlFRCIWfOJR4dCgMoLqutVBrgNoV4TmRBj0a1PpooY8u9dGl3hH3Buh6Tgwx6PbgDXlLooLwSTQ0ivHJ3lShu4sUVHAtCsBJvf85GU2lC/zg34HdwO8f2+Lrq+FFC62N0Pp4UoW9M/p7uDs99qdn6AO64VJyUoLHram0qlFgr8ALxecvLy++3Zs/rQK5ZG2Dbt7vJn55lKYdVx51Oh7XvQZ1eztb+92Gl6YNr0ZpVdbPbzfOnU7jlxz8cva47jVos7+78POd5KDh1ai/7ZdB61MDqjRrrzd78dZOvL2Le71uMCoJ40fBs8P0RRBQrLDGgPsF0YbRIRBFT5KCATcpoUao2T4QHjwOhmCMu5DAysBdoPTwWKhg5ESnYI6iBsTBPKxhGM/DTAurKHgInIwLyMPYKAvvN0KphARlGGh/embBVjTCSTF7ByqMw1OYnQuVZ4U4B0WJhnAjNDPpaKGuvk7obHzuTNpxwWimQEv3liBzr68ycwlL4oKEvpEZVv5mUXGcAcuLK3Op2yfuTlYJaqV3yTNirjpNu1/I6lVmScWEYmalnFTBkjm5Lcfef/lZhFJhucH/4aA1m3AA7H/lVQzqB5rpmTZQLm/g6tZPw44xLF0FAAA=[0m16:28:59.664 [main] INFO  c.r.s.e.ElasticSearchClientFactoryBean - Setting up Mapping for [ticket]/[ticket]: {"ticket":{"_source":{"enabled":true},"properties":{"queue":{"analyzer":"keyword_lowercase","type":"string"},"last_public_response_date":{"format":"date_time","type":"date"},"idle":{"format":"date_time","type":"date"},"category":{"analyzer":"keyword_lowercase","type":"string"},"updated_at":{"format":"date_time","type":"date"},"status":{"analyzer":"keyword_lowercase","type":"string"},"priority":{"analyzer":"keyword_lowercase","type":"string"},"created_at":{"format":"date_time","type":"date"},"number":{"analyzer":"keyword_lowercase","type":"string"},"account.number":{"analyzer":"keyword_lowercase","type":"string"},"assignee.name":{"analyzer":"keyword_lowercase","type":"string"},"source_system":{"analyzer":"keyword_lowercase","type":"string"}}}}
[8mha:AAABiB+LCAAAAAAAAACFkM1KAzEUha/VanGpO0EIiLoyM61tte3KTjtSqHVREKS4iDNxOjJNapLKiODzuNCX8Q1cFRHfwWR+KuLCm0U+bs6595CXLyhKAXvjmS85w9NoFoRMYsJk6PGIC3yiyTE04IpCWksFKPShlAjOyFTBfj/1W5nfWvithV8LW31Y8YkiCjb6t+SeWBFhgTVUImRBKxawlaXwOJM8othJ79+bIZ7qwLv/B9YLP59L/P1yOC/A8giK10ESdnP0d7l+vTGvd/AEqzolIxNquBBPZyJ3YOPAmeP17WL+sf14mgTSyUoK1naqjjmGXNfWZci2Dae9nKr140q7mutcN9el5CY1M/tL+WTbzuc5nZ/JhtNeTuVuI5tnOk4n16XUrZmjoBgrKiYKZLnerBw3aw18dGij0YSE7Ar1Bu45Qh4WWGKKuxGRKvSGlAhv7EQhZcolnuLioU0JQweox3waI59TiRhXiMahVBg5ghKl/wmpMc0kxJ+EDK1/A9oEVpZyAgAA[0m16:28:59.730 [main] INFO  c.r.s.e.ElasticSearchClientFactoryBean - Index does not exist. Creating the Index admin 
[8mha:AAAB1B+LCAAAAAAAAACFksFuEzEQhk0gEHGEGxKSpQp6wt6UtLTpqd1mEVJaDgEkFHFwdqdbp157sWfDoko8Dwd4GR4AiVOFUN8BezdbhDgwPvjTeP6ZX9Z8uSJ9Z8njsypzRrNSVbnUjgntZGqUsezAUxzoxCCQNm70SG9KBk3BsSiRbE5bPV/r+bWeX+t94f6U3MoECiT3pkuxElwJnfMZWqnz/dqSB2sXqdHOKGBxe/89mdSlN/zo/4b9wF+fB+bH29llj9yck/4ib8zen/873L+ehtf35BO57V1qUUDgXl1WtlOwoGBrxddvby5/Prx43hjyzgZI7myM4nACJUnkI1AUBW5zHY12drcOR11dknR1LSVNVGH+oOscRV2/+OhP58BtrqPhZG/dL2Tio66upcl2OEj6NYItkHwf7oy3dsfbe+zZ0yGdF0Lqd/TFSfKS0pRZ5hiwiRIOZToDYdOzWEnQmIgUjf14CELTJ/RgYSqkaKgFkVGpM6ipA0T/SfRUKqBjylfCciUXfAn6PKzH0iwcf9X2fK0lIjjkH4w9d6VIgTuwK+lvFDYH5KU1JViU4LgyqVAcWk+u0fNClKUf5pcuK6TmjQO29Mtx9zdhMYts3QIAAA==[0m16:28:59.731 [main] INFO  c.r.s.e.ElasticSearchClientFactoryBean - About to read index setting file : /var/lib/jenkins/jobs/TSearchUnittest/workspace/service/target/properties/local/elasticsearch/mappings/admin/index.json
[8mha:AAAByB+LCAAAAAAAAACFUk1v1DAUfN12YcWx3JCQLFWll8ZJqu2qHyeaNhVoaQ9bIaEoB9cx2dDENrZTparE7+EAf6ZnLpwqhPgP2Juk1YoDz4eM35uZN0ry7Q8MtYJX8zrTgmNZ1nnBNSZcF1SUQuHXFkUOnQnDoK2VAQymMFoQ3hFpYGva6v1O7z/o/Qe9JR5OYS0jhhhYn34i18QvCc/9mVEFzw8bBS+6FFRwLUqGo/a5vBkaaQNv/j+wXfj760j8/DC7H8BqAsPLfBH2efLvcjv96Kaf4Qs8sSk5qZjDg0bWqldgp8Cd4vvd+/tfL29PF4FsspGBpxvjyB2H4jiw5VAQONz2ejSe7O0cjXteHPe8FsWLqt3+Ue8cBL1fdPzo7HDb61F4st/5uU503PNadLLrjoFhY5iqDPwIJwc7+wdBgMPJHkpYSbQpqGZE0Xli0RUzmIuMpbSstZXMmLouKNuopf2M7ILoK08KUXph6Jm5YiTzwhS9OYvPERIqx0t+uPPAFTPE/QXIQ0s7UEKyquApotbJ2HeMCp6xZhtRUmtmp7JIt5GeE5VplOymfhLYe0WktFzb6dj6htO34jJ99hesiQ0Q2wIAAA==[0m16:29:00.168 [elasticsearch[ticket.node]clusterService#updateTask-pool-11-thread-1] INFO  org.elasticsearch.cluster.metadata - [ticket.node] [admin] creating index, cause [api], shards [5]/[0], mappings [index, syncJob]
[8mha:AAABgB+LCAAAAAAAAACFjs9Kw0AQxsdoNXjUmyAsiHpyk/6xaHuyaSOFWA8FQYqHdbttI8km7m4kRfB5POjL+AaeiojvYLZpKuLBmcP+mP2+me/lC0pSwMEkGcqI4zhIxj6XmHDp0yiIBD7LyNHUixSDvFYMMDww54ILEis49HK/tfBbS7+19GfCpgdrQ6KIgi3vjjwQKyB8bPWV8Pm4mQrYWaSgEZdRwLCTv78vQxpngff/D5wd/Hw2o/fr/syA1QGUbsfzsNuDv8ez35H+vYcnWM9SchIyzUYaJ6JwYO3AC8fr29XsY/fxfB4oS2Yq2NirObo1ua6dlSbb1pzPCqrVTyqtWqFz3UKXkzuvRN83i822Xexz2j+bNeezgsqd08U+PXHahS6nzrFuBaVUMREqoOV6o3LasG1cq1bRICQ+v0HdnnuJEMUCS8xwJyBS+bTPiKATJ/AZVy6hKhLTFiMcHaF+QimTcpQEwRRJppIYdfmQpYgMQ5+jzW82ww7RYgIAAA==[0m16:29:00.433 [main] INFO  c.r.s.e.ElasticSearchClientFactoryBean - Successfully setup Index admin 
[8mha:AAAB1h+LCAAAAAAAAACFksFu1DAQhs3C0hVHuCEhWaooJ+y0XSq6PbXpBoGWclhAQisOTjJNvXXsYE+WVEg8Dwd4GZ4AThVCvAN2silCHBgf/Gk8/8wvaz7/IkNnydZZnTujWaXqQmrHhHYyM8pYdugpDnRiEEgX1wZkMCOjtuC5qJA8mHV6vtbzKz2/0vvCgxm5kQsUSG7PlmIluBK64HO0UhcHjSV31y4yo51RwOLu/nsyaSpv+P7/DfuBPz+NzPc388sBub4gw7Rozd5Z/Dvcv56G13fkI7npXWpRQuBBU9W2V7CgYGvFl6+vL3/c+/CkNeSdjZBsbI7jcAIlSeQjUBQF7nI9jfce7xyN+7ok6es6Stqow/xR3zmK+n7x8Z/OgbtcT9vT/XW/kImP+7qOpo/CQTJsEGyJ5Nv23mRnfxJFbLy7SxelkPotfXqSvKA0Y5Y5BmyqhEOZzUHY7CxWEjQmIkNjL45AaPqQHqamRoqGWhA5lTqHhjpA9J9ET6UCOqF8JSxXMuVL0OdhPZYmdfxl1/OVlojgkL839txVIgPuwK6kv1HYApBX1lRgUYLjymRCceg8uVbPS1FVfphfuryUmrsLnT0zKVv69bj1G7bpvDTfAgAA[0m16:29:00.433 [main] INFO  c.r.s.e.ElasticSearchClientFactoryBean - About to read index setting file : /var/lib/jenkins/jobs/TSearchUnittest/workspace/service/target/properties/local/elasticsearch/mappings/admin/syncJob.json
[8mha:AAACGR+LCAAAAAAAAACVUtFu0zAUNYVCxSO8ISFZQcDLcLKpTKx7YlmDQGU8VEJC1RS5yW1nSGxjO6hVBd/DA/wMf8DThBD/gG/SFKEVodkPOb4+59wT219+ka415MFZlVslmS6quZCWcWlFpgpl2FOPYkQnygFpxpUO6YxIrya85NqRh6NGH6714UYfbvSeeDgi13LuuCO3Rm/5Bx4WXM7DsTNCzg8XhtxZp8iUtKoAFjffvzuThfaB7/8/sG/483NPfX8zPu+QqxPSnc7rsLcnF5v73RnuviefyHWfUvISEHcWujKtgqGCrRVfv70+/3F39awO5JP1HLlxrx/jRJQkkR+IoghxU2tRf//J3lG/5SVJy2tQUo8K+/da5yhq/eLjP86Im1qLdocHaz+sxMctr0HDxzgd6S4cmNJ16O7+YO9gEEWs34/opORCntLnJ8krSjNmmGXAhgW3TmRj4CY7iwsB0iU8c8osj4BL+oiOwTl/ILTS1B+gRjhThk54Xnq3cGKXMnuhpqcDugrWOBisgtSqymSAECSfFpAHA2cq+LgTaKM0GCfA4q6w6YawCtxSe01g60sIPBnjpZX2zwrylDvk+PYlogCLqRMlBDutEEsos/4VVnaro2+fgbV+lUqVw1ZODjYzQjuh5Nb9xj4tvQ+fb7fAJ/Yvrbncz9Rn4C/pHbi0VLmYiUvJm+WFJH7c/A3jH6o9HwQAAA==[0m16:29:00.440 [main] INFO  c.r.s.e.ElasticSearchClientFactoryBean - Setting up Mapping for [admin]/[syncJob]: {"syncJob":{"_source":{"enabled":true},"properties":{"is_enabled":{"type":"string"},"last_updated_at":{"format":"date_time","type":"date"},"status":{"type":"string"},"processing_node":{"type":"string"},"description":{"type":"string"},"status_message":{"type":"string"},"name":{"type":"string"},"started_at":{"format":"date_time","type":"date"},"last_ticket_modified_at":{"format":"date_time","type":"date"},"type":{"type":"string"}}}}
[8mha:AAABZh+LCAAAAAAAAACFjsFKw0AQhsdoNXjUmyAERL2UJLWtaHvStPFg9NIiSE9ru8Zouht3NxIQfB4P+jK+gaci4ju4m81WxIMzh/2Y/f+Z/+ULapzBzk0+4ZS4WZrHCeEuIjwZ05Qy90hSoOicCgy6FiywIrBLwRnKBOxG2u9Vfm/u9+Z+KexGsDRBAglYi27RA/JSRGJvIFhC4m7BYKNKMaaE0xS7gX5/X4Yik4G3/w8sD34+2/T9cjCzYHEEtau4DLs++ntc/l6r33t4gmWZkqApVmwVWc6Mw1UOt3K8vl3MPjYfT8pAMpktYGWrFahWFIa+LEW+r1jPDLX2D/aOW0YXhkanKSwrV/dts9n3zb6g97NZsZ4ZavQPq31qEvSMTlO/rVpArRCYTQWcDjEX3GE56TjNuhOiJM0Z5h3Hrzt9xijTOLhLsgxPSh4mU+zgFGVcDRptt9FsOxyPV78B2xBbUUoCAAA=[0mTests run: 3, Failures: 0, Errors: 0, Skipped: 0, Time elapsed: 15.135 sec
[8mha:AAABWh+LCAAAAAAAAACFj8FKxDAQhsfqavGoN0EQRL2lVVZRxIN2t16qB7sIsqfYjd263aQm6VIQfB4P+jK+gadFxHcwaZoV8eDkkK+T/5/5+/IFLcFhe1gOBKOoyMs0owJhKrKE5YyjU0WBpksmCZiac8CJwK0FF7iQsBMZv9f4vZnfm/mV8DiChQGWWMJKdI8n2MsxTb1Y8oymxxWHtSZFwqhgOUGBuX9vhqpQgbf+D6wWfj677P0mnjow34fWbVqHXe3/Xa5e7/TrAzzBokpJ8Zhodqqi5NaBtAM1jte36+nH+uN5HUglcyUsbbYDfTSFoa9Kk+9rNj1L7YPDvbO21YWh1RkK6yr1ftdO9n07L+j8TNZsepZ2u0fNPN0JOlZnqLuvj4RWJQkfSzi5KilVf7ORsDHiOBmJAicECYJ5MlQXn2Tqs5clIyLjuhmbXo8IufwN9/e/zjwCAAA=[0mRunning com.rackspace.search.service.TicketSearchServiceTest
[8mha:AAABpR+LCAAAAAAAAACFks1Kw0AUha/VanGpO0EIiH+LTJJS/9qVRiNCrYuKIKXImIxpNM3EmYlUBJ/Hhe59Dt/AlYj4Ds40GUtx4cwiX+7cc+4hk+dvKHMGK70s4DRBaZyFUcIRTnjk05gytCvJVdSigkC+JkpQakJl2HCMUwGrzVxvFXrrV2/96mVjowlTARZYwFzzGt9hK8ZJaLUFi5KwMWCwUKTwacJpTJCbP8cnwyCVgZf/DywHfj1V6Pt5+6MEkx0oX4bDsPOdv8Pl6ZU6vYVHmJYpE9wnikuDNGNagZQCFYqXt7OPz8WHw2EgmawiYGap5qqtyPNsuRTZtuK8pqm2uV3dq+k+z9N9OXnDlan5Fe1s29rP3R85K85rmpyDncJPVdx93ZfTwYbaAsoDQVhfwKuzWa/u1O0tZFe3jQ6JMReRzwlmfq8j6YYIlNCAdP0441LSJuwu8slSlsprJKeY35gppbHpOKboMYID0+kaRy3vxDAoC9GYHyo8UJ8IrP4CwzTGZui3rpHbX/RxmspPPaqvBffyYiJ/ffYH6PrVxbcCAAA=[0m16:29:07.028 [elasticsearch[ticket.node]clusterService#updateTask-pool-11-thread-1] INFO  org.elasticsearch.cluster.metadata - [ticket.node] [ticket] update_mapping [ticket] (dynamic)
[8mha:AAABZB+LCAAAAAAAAACFjsFKw0AQhsdoNXjUmyAERL2UJJZatT1p2ggSvbQI0tParjGa7qa7GwkIPo8HfRnfwFMR8R3czWYr4sGZw37M/v/M//IFNc5g5zYfc0rcLM3jhHAXEZ6MaEqZeywpUHRBBQZdCxZYEdil4BxlAnYj7fcqvzf3e3O/FHYiWBojgQSsRXfoAXkpIrHXFywhcadgsFGlGFHCaYrdQL+/L0ORycDb/weWBz+fbfp+1Z9ZsDiE2nVchl0f/j0uf2/U7xSeYFmmJGiCFVtFljPjcJXDrRyvb5ezj83H0zKQTGYLWNlqBqoVhaEvS5HvK9YzQ83WYeOkaXRhaHSawrJydd82m33f7Au6P5sV65mhvd5RtU9Ngq7RaertqxZQKwRmEwFnA8wFd1hO2k6j7oQoSXOGedvx606PMco09u+TLMPjkgfJBDs4RRlXgwPXbzUcjker34NH8WlJAgAA[0mTests run: 2, Failures: 0, Errors: 0, Skipped: 0, Time elapsed: 7.062 sec
[8mha:AAABXh+LCAAAAAAAAACFkUFLwzAUx5/VafGoN0EQRL2lVaooA2F26y7VgxNBdopd7KZdUpNUK4Kfx4N+Gb+BpyHidzBpmol48OXQHy///3v/kpcvaAgOm8NiIBhFeVakIyoQpmKUsIxx1FIUajphkoCpGQecGNxKcIxzCVux8Xu135v6valfCZsxzA2wxBKW4mt8h70M09TrST6iabPksFKnSBgVLCMoNN/fm6HMVeCN/wOrhZ/PLnu/6E0cmO1D4zKtwi73/y5Xt1f69haeYF6lpHhMNDtlXnDrQNqBasfr2/nkY/WxWwVSyVwJC+tBqI+mKPJVafJ9zaZnKdjb3zkKrC6KrM5QVFWh97t2su/beWH7Z7Jm07O03Tmo5+lO2LY6Q51dfSQ0Skn4WMLhaUGp+pu1hI0Rx8mNyHFCkCCYJ0OUYknu8YN6Dq7fgpNWIYdd0zwjQi5+A48TGAA9AgAA[0mRunning com.rackspace.search.gateway.core.CoreAuthGatewayTest
[8mha:AAABYx+LCAAAAAAAAACFjsFKw0AQhsdoNXjUmyAERL2UJJYotj1p2ggSvbQI0tParjGa7sbdjQQEn8eDvoxv4KmI+A7uZrMV8eDMYT9m/3/mf/mCBmewc1NMOCVunhVJSriLCE/HNKPMPZIUKjqnAoOuBQusGOxKcIZyAbux9nu135v7vblfCrsxLE2QQALW4lv0gLwMkcQbCJaSpFsy2KhTjCnhNMNuqN/fl6HMZeDt/wPLg5/PNn2/HMwsWBxB4yqpwq6P/h6Xv9fq9x6eYFmmJGiKFVtlXjDjcJXDrR2vbxezj83HkyqQTGYLWNkKQtWKosiXpcj3FeuZoeDgsHUcGF0UGZ2mqKpC3bfNZt83+8Lez2bFemZor9+u96lJ2DM6Tf191QIapcBsKuB0iLngDitIx2k1nQilWcEw7zh+0+kzRpnGwV2a53hS8TCdYgdnKOfVwPXbgcPxePUbDs88q0kCAAA=[0mTests run: 2, Failures: 0, Errors: 0, Skipped: 0, Time elapsed: 0.094 sec
[8mha:AAABXx+LCAAAAAAAAACFkUFLwzAUx5/VafGoN0EQRL2lVaYoXtRu3aV6cEOQnWIXu7ouqUmqFcHP40G/jN/A0xDxO5g0zUQ8+HLoj5f//71/ycsXNASHzWExEIyiPCuSlAqEqUhjljGOjhUFms6YJGBqxgEnArcSnOJcwlZk/F7t96Z+b+pXwsMI5gZYYglL0Q2+w16GaeJ1JU9pclhyWKlTxIwKlhEUmO/vzVDmKvDG/4HVws9nl71fdicOzPahcZVUYZf7f5er22t9ewtPMK9SUjwmmp0yL7h1IO1AteP17WLysfrYqQKpZK6EhfVmoI+mMPRVafJ9zaZnqbm3v3PStLowtDpDYVWF3u/ayb5v5wWtn8maTc/Sdvugnqc7QcvqDLV39ZHQKCXhYwlH5wWl6m/WYjZGHMcjkeOYIEEwj4cowZLc4wf1HFy/BSe9NB4R2THtHhFy8Rshky2yPwIAAA==[0mRunning com.rackspace.search.gateway.core.CoreTicketGatewayTest
[8mha:AAABYx+LCAAAAAAAAACFjsFKw0AQhsdoNXjUmyAERL2UJGot2p40TUSIXloE6Wlt1xhNd+PuRgKCz+NBX8Y38FREfAd3s9mKeHDmsB+z/z/zv3xBgzPYuinGnBI3z4okJdxFhKcjmlHmHkkKFJ1TgUHXnAVWDHYlOEO5gO1Y+73a78383swvhd0YFsZIIAEr8S16QF6GSOL1BUtJ0i0ZrNUpRpRwmmE30O/vy1DmMvDm/4Hlwc9nm75f9qcWzA+hcZVUYVeHf4/L32v1ew9PsChTEjTBiq0yL5hxuMrh1o7Xt4vpx/rjSRVIJrMFLG20AtWKosiXpcj3FeuZoVb7YPe4ZXRRZHSaoqoKdd82m33f7At6P5sV65mhnfCw3qcmQc/oNIX7qgU0SoHZRMDpAHPBHVaQjtNuOhFKs4Jh3nH8phMyRpnG/l2a53hc8SCdYAdnKOfVwN1rOxyPlr8BUhE8U0gCAAA=[0mTests run: 6, Failures: 0, Errors: 0, Skipped: 0, Time elapsed: 0.36 sec
[8mha:AAABZR+LCAAAAAAAAACFj7FOwzAQho9CIWKEDQkJCQGbE1BBoE40bVgCAwUk1Mm4Jg2kdrAdFITE8zDAy/AGTBVCvAN2HBchBs5DPv++/+7Pyxc0pYDNUTGUnKE8K5KUSYSZTAnPuECHmkJDJ1xRsDXTgEYMXtVwjHMFW7H1+7Xfn/r9qV83tmOYG2KFFSzFN/ge+xlmid9XImVJuxSwUqcgnEmeURTa7+/NUOY68Mb/gfXCz2ePv1/2Jw2YHUDzKqnCLg/+Ltev1+b1Dp5gXqdkeEwNN8q8EM6BjAPVjte3i8nH6uNRFUgn8xQsrLdCcwxFUaDLUBAYtpqj1t7+Tqfl+qLI9VmKqirMfs9NDgI3L+z+TDZsNUfbvYN6nlHCruuz1Ns1R0GzVFSMFZyfFozpv1kjfIwEJrcyx4QiSbEgI0QzLFVK6hvJUsoU6lmxX4lhpUWYKC4eOhSzMyrV4jdjihW8VAIAAA==[0mRunning com.rackspace.search.elasticsearch.client.ElasticSearchClientFactoryBeanTest
[8mha:AAABkx+LCAAAAAAAAACFkcFKAzEQhsdqtXjUmyAERD2Z3dZatD21a1eEqoeCIEUkbmONbJOazMqK4PN40JfxDTyJiO9g0u1WxIOTw35M/n/mJ/v8BUWjYeM66Rsl6ShOBkIayqQRkYqVpk1LgaNjhRyymilAoQOlseCIjRA2O5nfm/i9qd+b+q2w0YG5PkOGsNS5YXfMi5kceF3UQg4aqYaVSYpISaNiToPs+3szpCMbeP3/wHbh51NJvZ113wsw24Pi5WAcdrn3d7m9vXK3t/AI8zalZEPuuJCOEp07qHPQiePl9fT9Y/XhYBzIJishLKxVA3cchaFvy5HvO856OVVru5VWNdeFYa7LKBxX4vaX8sm+n88L9n8mO856OZXbe5N5rhPs57qM2jvuIBRT5HqI8Fiu1St79XKV7mzXSG/IhDwnh8fhCSER1dRQTtsxMyiiLmc6ug5iwSWGLEKl71ucSbJFmpcqQYKKaM76RMg+T4nhiPaRyJWIOakTz3ZFxM2FQZ1EmGhOb+zPW/wGSkGUzH0CAAA=[0m16:29:14.536 [main] INFO  c.r.s.e.ElasticSearchClientFactoryBean - About to read index setting file : /indices_structure.json
[8mha:AAABkh+LCAAAAAAAAACFkcFKAzEQhsdqtXjUmyAERD2Z3Uot2p7abVeEqoeCIEUkbmONbJOazMqK0OfxoC/jG3gqIr6DSberiAcnh/2Y/P/MT/b5E4pGw9ZN0jdK0lGcDIQ0lEkjIhUrTRuWAkcnCjlkNVeAQgdKU8ExGyFsdzK/N/N7337v22+F9Q4s9BkyhJXOLbtnXszkwOuiFnJQTzWszVJEShoVcxpk39+bIR3ZwJv/B7YLP55K6u28OynAfA+KV4Np2NXe3+X29trd3sEYFm1KyYbccSEdJTp3UOegM8fL69nkff3xcBrIJishLG1UAncchaFvy5HvO856OVWq+7vNSq4Lw1yXUTitxO0v5ZN9P58XtH4mO856OZXbB7N5rhO0cl1G7T13EIopcj1EGJertd2DWrlC96o+6Q2ZkBfk6CQ8JSSimhrKaTtmBkXU5UxHN0EsuMSQRaj0Q5MzSXZI40olSFARzVmfCNnnKTEc0T4SuRYxJzXi2a6IuLk0qJMIE83prf15y1/F32yafQIAAA==[0m16:29:14.560 [main] INFO  c.r.s.e.ElasticSearchClientFactoryBean - About to read index setting file : /indices_structure.json
[8mha:AAAB0h+LCAAAAAAAAACFkkGLEzEUx2O1WjzqTRACi3oymS6zy273tDvbEaGuh6ogxUM6fTubNk1i8qaOCH4eD/pl/ALiaRHxO5jMdFbEg8khP17+//f+hHz+RfrekYcX1cIbzayqSqk9E9rLwijj2HGgLNKZQSDtutYjvQkZNIJnwiJ5NGn9fOvnV35+5Q/Cowm5sRAokNyZLMVGcCV0yafopC6PakfubVMURnujgGXt+fdkUtsQ+MH/A4eBPz8NzPfX08seuT4j/XnZhL07+3d4uD2Pt2/JR3IzpNRiDZF7ta1c52DRwbaOL19fXf64/+FJEygkGyC5tZNmcUfK8ySsSEkSua11lO4f7J6knS7PO11LebOqOH/QdU6Srl92+qdz5LbW0XB8uO0XK9lpp2tpvBc3kn6N4NZIvg33R7uHo2HK9g5SOlsLqd/Qp2f5c0oL5phnwMZKeJTFFIQrLjIlQWMuCjTu/QkITR/T47mpkKKhDsSCSr2AmnpADI9Ez6UCOqJ8IxxXcs6XoFfxeyzN3PMXbc+XWiKCR/7OuJW3ogDuwW1kOFG4EpBbZyw4lOC5MoVQHNpMvvHztbA2DPM8lFZB3kRgy/A7bv8G9b6kuN4CAAA=[0m16:29:14.584 [main] INFO  c.r.s.e.ElasticSearchClientFactoryBean - About to read index setting file : /var/lib/jenkins/jobs/TSearchUnittest/workspace/service/target/properties/local/elasticsearch/mappings/ticket/index.json
[8mha:AAAB0x+LCAAAAAAAAACFksFuEzEQhk1KIOIINyQkSxXtCXtThYimp3abRUihHAJIKOLg7E63Tr32Ys+GrSr1eTjAy/AASJwqhHgH7N1sEeLA+OBP4/lnflnz+RfpO0t2zqrMGc1KVeVSOya0k6lRxrJDT3GgE4NA2rjVI70ZGTQFL0WJZHfW6vlGz2/0/EbvCw9m5HYmUCC5P1uJteBK6JzP0UqdH9SWPNy4SI12RgGL2/vvyaQuveHH/zfsB/78NDDf382ve2RrQfrLvDH7YPHvcP96Gl4/kCtyx7vUooDAvbqsbKdgQcE2ii9f317/eHT5vDHknQ2Q3N0exeEESpLIR6AoCtzmOhqNn+0djbq6JOnqWkqaqML8Qdc5irp+8fGfzoHbXEfD6f6mX8jEx11dS9On4SDp1wi2QPJtOJ7s7U+GIzaOhnRRCKnf0xcnyStKU2aZY8CmSjiU6RyETc9iJUFjIlI09uIIhKZP6OHSVEjRUAsio1JnUFMHiP6T6KlUQCeUr4XlSi75CvR5WI+VWTr+uu35RktEcMg/GnvuSpECd2DX0t8obA7IS2tKsCjBcWVSoTi0nlyj54UoSz/ML11WSM0bB2zll+PebwMIMqTdAgAA[0m16:29:14.601 [main] INFO  c.r.s.e.ElasticSearchClientFactoryBean - About to read index setting file : /var/lib/jenkins/jobs/TSearchUnittest/workspace/service/target/properties/local/elasticsearch/mappings/admin/index.json
[8mha:AAABkh+LCAAAAAAAAACFkcFKAzEQhsdqtXjUmyAERD2Z3cpatD3VtStC1UNBkCISt7FGtsmazMqK4PN40JfxDTyJiO9g0u0q4sHJYT8m/z/zk336hKrRsHaVDYySNE2yoZCGMmlErBKladtS6OhIIYeipipQ6UJtLDhkKcJ6t/B7E7/37fe+/VbY6sLMgCFDWOhes1vmJUwOvR5qIYetXMPSJEWspFEJp2Hx/b0Z8tQGXv0/sF348VhTr6e9twpM96F6MRyHXez/XW5vL93tDTzArE0p2Yg7ruRppksHdQ46cTy/nLy9L9/vjwPZZDWEuZUgdMdRFPm2HPm+46JXUtDY3twNSl0UlbqConFlbn+tnOz75bxw72ey46JXUr2zM5nnOuFeqSuos+UOQjVHrkcID/VGc3OnWQ9oww9If8SEPCMHR9ExITHV1FBOOwkzKOIeZzq+ChPBJUYsRqXvdjmTZIO0L1SGBBXRnA2IkAOeE8MR7SORS5Fw0iSe7YqYm3ODOosx05xe2583/wXFJhNgfQIAAA==[0m16:29:14.604 [main] INFO  c.r.s.e.ElasticSearchClientFactoryBean - About to read index setting file : /indices_structure.json
[8mha:AAAB0B+LCAAAAAAAAACFUsFuEzEQNSmBiCPckJAsIeCEvanSiKandptFSKEcAkgo4uBsplsnjr3Ys2EREt/DofwMXwCnCqH+Q+11tghxYHyYp/F7b54sn1+SrrPk8Vm1cEazUlWF1I4J7WRulLHs0KM0oBODQGLd6JDOhPQawktRInkyiXq+1fNrPb/We+LBhNxcCBRI7k6WYiO4ErrgU7RSFwe1Jfe3KXKjnVHA0tj/3kzq0gd+9P/AfuHvrz3z8930okN2ZqQ7L5qw92b/Lve3p+H2A/lCbvmUWqwh4E5dVrZVsKBgW8W3728vfj34/LwJ5JP1kNx+OEjDCSjLEl8BJUnAcdaiwfDZ7tGg5WVZy4soa6oK+3utc5K0funxH+eA46xF/fH+1i9M0uOWF9F4Lxwk3RrBrpH86A9Hu/uj/oAN+3t0thZSv6cvTrJXlObMMseAjZVwKPMpCJufpUqCxkzkaOynIxCaPqWHc1MhRUMtiAWVegE1dYDoH4meSgV0RPlGWK7knC9Br8L3WJq546+j5xstEcEh/2jsypUiB+7AbqTvKGwByEtrSrAowXFlcqE4xEyu0fO1KEu/zHE/Wnl6bGzpv8edK7S4RVjfAgAA[0m16:29:14.615 [main] INFO  c.r.s.e.ElasticSearchClientFactoryBean - About to read index setting file : /var/lib/jenkins/jobs/TSearchUnittest/workspace/service/target/properties/local/elasticsearch/mappings/ticket/ticket.json
[8mha:AAAB1h+LCAAAAAAAAACFksFuEzEQhk0gEHGEGxKSJUQ5YW9CiGh6ardZBArlEEBCEQfv7jR16rUXezbdConn4QAvwxPAqUKId8DezRYhDowP/jSef+aXNZ9/kb6zZOekyp3RrFTVSmrHhHYyM8pYtu8pDnRkEEgbV3qkNyeDpuCFKJE8mLd6vtXzSz2/1PvCvTm5lgsUSG7N12IjuBJ6xRdopV7t1Zbc2brIjHZGAYvb++/JpC694fv/N+wH/vw0MN/fLi565OqS9NNVY/b28t/h/vU4vL4nH8l171KLAgL36rKynYIFBdsqvnx9c/Hj7oenjSHvbIDkxr1xHE6gJIl8BIqiwG2uo/Hkyehg3NUlSVfXUtJEFeYPus5R1PWLD/90DtzmOhrOdrf9QiY+7Opamj0OB0m/RrAFkm/DyXS0Ox2O2eTRiC4LIfU7+uwoeUlpxixzDNhMCYcyW4Cw2UmsJGhMRIbGnh+A0PQh3U9NhRQNtSByKnUONXWA6D+JHksFdEr5RliuZMrXoE/DeqxN6virtudrLRHBIT8z9tSVIgPuwG6kv1HYFSAvrSnBogTHlcmE4tB6co2eF6Is/TC/dHkhNXfnOntuUrb263HzN94pSiTfAgAA[0m16:29:14.632 [main] INFO  c.r.s.e.ElasticSearchClientFactoryBean - About to read index setting file : /var/lib/jenkins/jobs/TSearchUnittest/workspace/service/target/properties/local/elasticsearch/mappings/admin/syncJob.json
[8mha:AAABYx+LCAAAAAAAAACFjsFKw0AQhsdoNXjUmyAERL2UJNoo2p40bQSJXloE6Wlt1xhNd+PuRgKCz+NBX8Y38FREfAd3s9mKeHDmsB+z/z/zv3xBgzPYuinGnBI3z4okJdxFhKcjmlHmHkkKFZ1TgUHXnAVWDHYlOEO5gO1Y+73a78383swvhZ0YFsZIIAEr8S16QF6GSOL1BUtJ0ikZrNUpRpRwmmE31O/vy1DmMvDm/4Hlwc9nm75f9qcWzA+hcZVUYVeHf4/L32v1ew9PsChTEjTBiq0yL5hxuMrh1o7Xt4vpx/rjSRVIJrMFLG0EoWpFUeTLUuT7ivXMULB/sHscGF0UGZ2mqKpC3bfNZt83+8Luz2bFemZop3dY71OTsGt0mnp7qgU0SoHZRMDpAHPBHVaQttNqOhFKs4Jh3nb8ptNjjDKN/bs0z/G44kE6wQ7OUM6rgRsELYfj0fI3UPoXA0kCAAA=[0mTests run: 3, Failures: 0, Errors: 0, Skipped: 0, Time elapsed: 0.443 sec
[8mha:AAABXR+LCAAAAAAAAACFj8FKxDAQhsfqavGoN0EQRL2lVVZR9qTdrSDVgyuC7ClmY7faTWqSSkHweTzoy/gGnhYR38GkaVbEg5NDv/yZf+bvyxe0pIDNUTmUnKEiL9OMSYSZzAjPuUCHmiJDZ1xRsDXjgZeAXzec4kLBVmL9QeMPpv5g6teNnQTmhlhhBUvJLX7AQY5ZGvSVyFjaqQSsNCkIZ5LnFEX2+3szVIUOvPF/YL3w89nn71f9iQezA2hdp3XY5cHf5fr1xrzewxPM65QMj6lhrypK4RzIOFDjeH27nHysPh7XgXQyX8HCejsyx1Ach7oMhaFhqzlq7+3vHLVdXxy7PktxXaXZ77vJYejmRd2fyYat5mi7d9DMM0rUdX2WervmKGhVioqxgpPzkjH9N2uEj5HA5E4WmFAkKRZkhGiOpcpIcyN5RplCPSv2azGqtQsq1eI3bhR0LkkCAAA=[0mRunning com.rackspace.search.elasticsearch.client.ElasticSearchClientTest
[8mha:AAAByR+LCAAAAAAAAACFkk9r1EAYxsfV1cWj3gRhoNgqNJOk7Nb+OdW0EWGthxVBQg5vkzGbbnZmnD8lIPTzeNAv4ydoT0XE7+DMJlNZPDhzyG/eeZ/nfUjy7TcaKok256ZUnBHRmKpmigBTdcEbLsmRpcTRKdcUdevOAA2maLRqeAtCo61ppw97fXirD2/1tvFwiu6VoEGjR9NzuICwAVaFMy1rVh22Ej3pUxScKd5QknTP9cmoFTbws/8HtgN/fR3x64+zmwG6m6HhWbUK+zj7d7i9/eRuP6NLdN+mZLCkjgetMNIriFOQXvH9x4ebn0+/vF4FsslGGj3YGCduO0rTyC5HUeS4q3ka7+7tvBr7vjT1fR2lq2Xc/JF3jiLvlxz/dXbc1TzFJ/u9n6skx76vo5OJ2xoNW03lUqOrePdgZ/8gnpDxyz2c0QaUrgtFQRbzzNKCasJ4SfOiMcpKZlRe1AXdMMJ+Rvoe1CIQnDdBHAd6LimUQZzjN6fpO4y5rMiaH+k9yJJqcH8BDvDaDH/q2nNcWENtXzWuWUnbbVyAURRnYDR/fmaaBQZRv8i3sZqDLBXOJnmYRfa8BCGszFbyh38AM5W6jd8CAAA=[0m16:29:15.478 [elasticsearch[ticket.node]clusterService#updateTask-pool-11-thread-1] INFO  org.elasticsearch.cluster.metadata - [ticket.node] [ticketsearch] creating index, cause [auto(bulk api)], shards [5]/[0], mappings []
[8mha:AAABqh+LCAAAAAAAAACFUstKw0AUvVarxaXuBCEgvhaZJKUWHyuNRoSqi4ogpciYjGk0zcSZiVQEv8eFfoS/4B+4EhH/wZlORikuvLPIyb3nnHvI5OkLqpzBUq+IOM1QnhZxknGEM56ENKUMbUvkK3REBQFdYxWotKA2JBziXMByS+udUu/86J0fvSRutWAiwgILmGld4VvspDiLnbZgSRZvDRjMlSlCmnGaEuTr5+hmGOQy8OL/geXCz8cafTtrv1dgvAPVi3gYdrbzd7mcXqrpDTzApEyZ4T5RuDLIC2YUSClQqXh+PX3/mL/fHwaSyWoCphYavjoKBYErSyHXVVj3DGo01+s7DcMLAsPTKBhWofbXjLPrGj9/99dZYd0zyNvbKP1Ux981PI321tQRUB0IwvoCXrzmZn1j01tD68261SEp5iIJOcEs7HUkuiYCZTQi3TAtuJS0CbtNQrJQ5PIayQnm13ZOaWp7ni16jODI9rrWwVFwbFmUxWjED5UeqE8EVn+BZVsjO8ybpnctveS8j/NcfnAzjWjYtVaiO3lDSbg6/Q1x+gBEwAIAAA==[0m16:29:15.862 [elasticsearch[ticket.node]clusterService#updateTask-pool-11-thread-1] INFO  org.elasticsearch.cluster.metadata - [ticket.node] [ticketsearch] update_mapping [ticketdoc] (dynamic)
[8mha:AAABnB+LCAAAAAAAAACFkkFLwzAYhj+n0+FRb4JQEPXUtB1TNj1ptSLMeZgIMnaIbeyqXVKTVAqCv0dQ/4z/wJOI+B9M1kYZHkwOffLlfb/vpe3zF9QFh41RHglGUZbmcUIFwlQkIUsZR3uKfE09JgmUa6YGtS40JoITnEnY7JZ+p/I7P37nx6+Eu12Yi7DEEpa61/gOOymmsdOXPKHxbsFhpUoRMipYSpBfPqcnQ5GpwOv/B1YDPx8b7O2i/16D2QHUL+NJ2OXB3+Hq9krf3sIDzKuUFI+J5lqR5dw4kHagyvHyev7+sXp/NAmkkjUkLKy1fL01BYGrlibX1VzWDLW22839ltEFgdGVFExWruc3TGfXNf38g9/OmsuaIe+wU/XTFf/A6Eo63NJbQr2QhI8lPHnbO83OjtdGnfaWNSApFjIJBcE8HA0U3RCJKIvIMExzoSx9wu+SkKzlmfqM5AyLGztjLLU9z5YjTnBke0PruBecWhbjMZrqh6oeaEwk1n+BZVtTM8yplA+tiKREqldtJTQixeI3VrF3waoCAAA=[0m16:29:18.985 [elasticsearch[ticket.node]clusterService#updateTask-pool-11-thread-1] INFO  org.elasticsearch.cluster.metadata - [ticket.node] [ticketsearch] deleting index
[8mha:AAAByR+LCAAAAAAAAACFkk9r1EAYxsfV1cWj3gRhoFgVmklSt9VtT5o2RVjrYUWQkMPbZMymm52Zzp8SEPw8PdQv4yfQU5Hid3Bmk6ksHpw55DfvvM/zPiS5/I2GSqLNuSkVZ0Q0pqqZIsBUXfCGS/LaUuLomGuKunVrgAZTNFo1vAOh0dNppw97fXijD2/0tnF/iu6UoEGjB9NTOIewAVaFMy1rVu23Ej3qUxScKd5QknTP9cmoFTbwk/8HtgOvL0b856fZ1QDdztDwpFqFfZj9O9zefna3Z+grumtTMlhSx4NWGOkVxClIr/j2/ePVr8dfjlaBbLKRRvc2xonbjtI0sstRFDnuap7Gu6+234x9X5r6vo7S1TJu/sg7R5H3Sw7+Ojvuap7iw0nv5yrJge/r6HDHbY2GraZyqdGPeHdve7IXT8iLyUuc0QaUrgtFQRbzzNKCasJ4SfOiMcpKZlSe1wXdMMJ+RvoB1CIQnDdBHAd6LimUQZzjt8fpe4y5rMiaH+k9yJJqcH8BDvDaDH/q2nNcWENtXzWuWUnbLVyAURRnYDR/dmKaBQZRP8+3sJqDLBXOdvIwi+x5CUJYma3k9/8AzRJTGN8CAAA=[0m16:29:19.397 [elasticsearch[ticket.node]clusterService#updateTask-pool-11-thread-1] INFO  org.elasticsearch.cluster.metadata - [ticket.node] [ticketsearch] creating index, cause [auto(bulk api)], shards [5]/[0], mappings []
[8mha:AAABqh+LCAAAAAAAAACFUstKw0AUvVarxaXuBCEgvhaZJFKL1ZVGI0LVRUWQUmRMxjSaZuLMRCqC3+NCP8Jf8A9ciYj/4EwnoxQX3lnk5N5zzj1k8vQFVc5gqVdEnGYoT4s4yTjCGU9CmlKGtiXyFTqigoCusQpUWlAbEg5xLmC5pfVOqXd+9M6PXhK3WjARYYEFzLSu8C12UpzFTluwJIu3BgzmyhQhzThNCfL1c3QzDHIZePH/wHLh52ONvp213ysw3oHqRTwMO9v5u1xOL9X0Bh5gUqbMcJ8oXBnkBTMKpBSoVDy/nr5/zN/vDwPJZDUBUwt1Xx2FgsCVpZDrKqx7BtUbG2s7dcMLAsPTKBhWofbXjLPrGj9/99dZYd0zyNtrln6q4+8ankZ76+oIqA4EYX0BL15jc6256TVRw9uwOiTFXCQhJ5iFvY5E10SgjEakG6YFl5I2YbdJSBaKXF4jOcH82s4pTW3Ps0WPERzZXtc6OAqOLYuyGI34odID9YnA6i+wbGtkh3nT9K6ll5z3cZ7LD26mEQ271kp0J28oCVenvwEP+8YMwAIAAA==[0m16:29:19.618 [elasticsearch[ticket.node]clusterService#updateTask-pool-11-thread-1] INFO  org.elasticsearch.cluster.metadata - [ticket.node] [ticketsearch] update_mapping [ticketdoc] (dynamic)
[8mha:AAABox+LCAAAAAAAAACFkk9P2zAYxl86OiqO7IY0KRICTnH+0FUDTiMlaFIphyKkKerBJCbNSO3MdqpISHweJNiX4RvshKZp32F2EhdVO2Af8vPr53nfR0me/kJXcNiblYlgFBV5mWZUIExFFrOccfRFUaBpzCSBZq11oDOCXi04x4WE/VHjd1q/s/Q7S78SHo9gPcESS9gafccL7OSYps5E8oymxxWH7TZFzKhgOUFB81ydDFWhAu++HVgN/PPQY7++TV468C6C7nVah/0Q/T9c3d7o2x9wD+9VSornRHOnKkpuHEg7UOv4+Xz18vvj3VkdSCXrSdjY6Qd6awpDVy1Nrqu5qRnqDz77J32jC0OjayisV6nn90xn1zX9guFrZ81NzZB3etj205VgaHQNnX7SW0K3koTPJTx6gyP/8Mj30eDAtyKSYyGzWBDM41mk6JZIRFlCpnFeCmWZEL7IYrJTFuozkkssbu2Csdz2PFvOOMGJ7U2tr+PwwrIYT9FKP9T2QHMisf4LLNtamWFOjXxqJSQnUr1qK6MJqTb/AbczAAKqAgAA[0m16:29:22.632 [elasticsearch[ticket.node]clusterService#updateTask-pool-11-thread-1] INFO  org.elasticsearch.cluster.metadata - [ticket.node] [ticketsearch] deleting index
[8mha:AAABxx+LCAAAAAAAAACFksuK1EAUhsvW1sal7gShYHBUmFQu9DRzWTmZiQjtuGgRJGRxJinTsdNVZV2GgODzuNCX8Ql0NYj4DlZ1UiONC6sW+erU+f/zk+TLbzRWEu0uTaU4I6I1dcMUAaaakrdckmeWUkfnXFPUrxsjNJqjyabhJQiNHs97fTjow2t9eK23jcdzdKsCDRrdm7+HSwhbYHW40LJh9XEn0YMhRcmZ4i0laf/cnow6YQM/+n9gO/DX5wn/8XZxNUI3czS+qDdh7+f/Dre379ztB/QJ3bYpGayp41EnjPQK4hRkUHz99ubq58OPzzeBbLKJRnd2pqnbjrIssstRFDnua56ms4PkZOr7ssz39ZRtlnHzJ945irxfevrX2XFf8xSfHQ5+rpKe+r6ezvbd1mjcaSrXGn2PZ0fJ4VGSkINZgnPagtJNqSjIcplbWlFNGK9oUbZGWcmCysumpDtG2M9IX4NaBYLzNojjQC8lhSqIC/ziPHuFMZc12fIjgwdZUw3uL8AB3prhT317gUtrqO2rxg2raLeHSzCK4hyM5k8uTLvCIJqnxR5WS5CVwvl+EeaRPa9BCCuzleLuHyLbxzjfAgAA[0m16:29:22.862 [elasticsearch[ticket.node]clusterService#updateTask-pool-11-thread-1] INFO  org.elasticsearch.cluster.metadata - [ticket.node] [ticketsearch] creating index, cause [auto(bulk api)], shards [5]/[0], mappings []
[8mha:AAABsR+LCAAAAAAAAACFUkFq20AU/XXq1nSZ7gIBgWmTLjSSbDfEzqqVrVBwnYVLoQgTJtJEVixrlJlRcAnkPF00h+gVeoOsTCm9Q2c0GheTRf8s9PT/e+8/NPr+B5qcwet5GXOaoyIrkzTnCOc8jWhGGXonka/QhAoCup40oDGGVkX4iAsBB2Otd2q9s9E7G70knozhaYwFFrA7vsI32MlwnjhTwdI8OVkx2KtTRDTnNCPI18/tzbAqZOBX/w8sF/7+1qIPX6brBuyE0LxIqrAvw8fL5fRSTa/hDp7JlDleEoUbq6JkRoGUAtWK+5+f17/2b0+rQDJZS8Dzds9XR6EgcGUp5LoK655BvaPjzvue4QWB4WkUVFWq/S3j7LrGzx/+c1ZY9wzyRv3aT3X8oeFpNHqrjoDmShC2FPDDOxp0+oNOF3ndvhWSDHORRpxgFs1DiRZEoJzGZBZlJZeSKWE3aUTaZSGvkXzCfGEXlGa259lizgiObW9mfZgEZ5ZFWYK2/FDtgZZEYPUXWLa1tcO8afrM0kvOl7go5Ac305hGM+sw/ipvKI3evPgLuOxuycACAAA=[0m16:29:23.139 [elasticsearch[ticket.node]clusterService#updateTask-pool-11-thread-1] INFO  org.elasticsearch.cluster.metadata - [ticket.node] [ticketsearch] update_mapping [ticketdoc] (dynamic)
[8mha:AAABnB+LCAAAAAAAAACFkkFLwzAYhj+n0+FRb4JQEPXUtJ1z6DxptSJMPUwEGTvENnbVLqlJKgXB3yOof8Z/4ElE/A8ma6MMDyaHPvnyvt/30vb5C+qCw9owjwSjKEvzOKECYSqSkKWMo11FvqYTJgmUa6oGtS40xoJjnElY75Z+p/I7P37nx6+EO12YibDEEha61/gOOymmsdOTPKHxTsFhqUoRMipYSpBfPicnQ5GpwKv/B1YDPx8b7O2i916D6T7UL+Nx2MX+3+Hq9krf3sIDzKqUFI+I5lqR5dw4kHagyvHyev7+sXx/OA6kkjUkzK20fL01BYGrlibX1VzWDLXaW829ltEFgdGVFIxXruc3TGfXNf38/d/OmsuaIe9gu+qnK/6+0ZV0sKm3hHohCR9JePLaneZ2p9lGzdaG1ScpFjIJBcE8HPYV3RCJKIvIIExzoSw9wu+SkKzkmfqM5AyLGztjLLU9z5ZDTnBkewPr6CQ4tSzGYzTRD1U90IhIrP8Cy7YmZphTKR9YEUmJVK/aSmhEivlvgm5KWKoCAAA=[0m16:29:26.243 [elasticsearch[ticket.node]clusterService#updateTask-pool-11-thread-1] INFO  org.elasticsearch.cluster.metadata - [ticket.node] [ticketsearch] deleting index
[8mha:AAAByB+LCAAAAAAAAACFkk9r1EAYxsetaxePehOEgWJVaCbJsl3659SmjQhrPawIEnJ4m4zZuNmZcf6UgODn8VC/jJ9AT0XE7+DMJlNZPDhzyG/eeZ/nfUhy/RsNlUS7C1MqzohoTFUzRYCpuuANl+TEUuLogmuKunVngAYzNFo3vAKh0dNZpw97fXirD2/1tvF4hu6WoEGjB7MPcAVhA6wK51rWrDpuJXrUpyg4U7yhJOmem5NRK2zgJ/8PbAf++jLiP97NbwZoK0PDy2od9mH273B7+97dfkSf0T2bksGKOh60wkivIE5BesXXb29vfj7+9GIdyCYbabS9M0ncdpSmkV2OoshxV/M0mR6MTye+L019X0fpehk3f+Sdo8j7JWd/nR13NU/x+WHv5yrJme/r6HzfbY2GraZypdH3eHo0PjwaT8nkIMYZbUDpulAUZLHILC2pJoyXNC8ao6xkTuVVXdAdI+xnpG9ALQPBeRPEcaAXkkIZxDl+eZG+xpjLimz4kd6DrKgG9xfgAG/M8KeuPceFNdT2VeOalbTdwwUYRXEGRvNnl6ZZYhD183wPqwXIUuFsPw+zyJ5XIISV2Up+/w/9igJj3wIAAA==[0m16:29:26.481 [elasticsearch[ticket.node]clusterService#updateTask-pool-11-thread-1] INFO  org.elasticsearch.cluster.metadata - [ticket.node] [ticketsearch] creating index, cause [auto(bulk api)], shards [5]/[0], mappings []
[8mha:AAABqh+LCAAAAAAAAACFUstKw0AUvVarxaXuBCEgvhaZJKUWHyuNRoSqi4ogpciYjGk0zcSZiVQEv8eFfoS/4B+4EhH/wZlORikuvLPIyb3nnHvI5OkLqpzBUq+IOM1QnhZxknGEM56ENKUMbUvkK3REBQFdYxWotKA2JBziXMByS+udUu/86J0fvSRutWAiwgILmGld4VvspDiLnbZgSRZvDRjMlSlCmnGaEuTr5+hmGOQy8OL/geXCz8cafTtrv1dgvAPVi3gYdrbzd7mcXqrpDTzApEyZ4T5RuDLIC2YUSClQqXh+PX3/mL/fHwaSyWoCphYavjoKBYErSyHXVVj3DGo01+s7DcMLAsPTKBhWofbXjLPrGj9/99dZYd0zyNvbKP1Ux981PI321tQRUB0IwvoCXrzmZn1js95E62ue1SEp5iIJOcEs7HUkuiYCZTQi3TAtuJS0CbtNQrJQ5PIayQnm13ZOaWp7ni16jODI9rrWwVFwbFmUxWjED5UeqE8EVn+BZVsjO8ybpnctveS8j/NcfnAzjWjYtVaiO3lDSbg6/Q1tsXv2wAIAAA==[0m16:29:26.851 [elasticsearch[ticket.node]clusterService#updateTask-pool-11-thread-1] INFO  org.elasticsearch.cluster.metadata - [ticket.node] [ticketsearch] update_mapping [ticketdoc] (dynamic)
[8mha:AAABmx+LCAAAAAAAAACFktFKwzAUho/T6fBS7wShIOpV01anTL3Suoow9WIiyNhFbGNX7ZKapFIQfB5BfRnfwKsh4juYrI0yvPCk0K/J/5/z0/blC+qCw9ogjwSjKEvzOKECYSqSkKWMo31FvqZTJgmUNVWDWgcaY8EJziSsd0q/U/mdH7/z41fCvQ7MRFhiCQudG3yPnRTT2OlKntB4r+CwVKUIGRUsJcgv75OTochU4NX/A6uBn08N9n7ZHdVgugf1q3gcdrH3d7g6vdand/AIsyolxUOiuVZkOTcOpB2ocry+XYw+lh+OxoFUsoaEuZWmr5emIHBVaXJdzeWeoeZ2a+OgaXRBYHQlBePK9fyG6ey6pp9/+NtZc7lnyGvvVP30jn9odCW1t/SSUC8k4UMJz9727saOulCrtWn1SIqFTEJBMA8HPUW3RCLKItIP01woS5fw+yQkK3mmPiM5x+LWzhhLbc+z5YATHNle3zo+Dc4si/EYTfRDVQ80JBLrv8CyrYkZ5qmU962IpESqV20lNCLF/DfWGNUiqgIAAA==[0m16:29:29.883 [elasticsearch[ticket.node]clusterService#updateTask-pool-11-thread-1] INFO  org.elasticsearch.cluster.metadata - [ticket.node] [ticketsearch] deleting index
[8mha:AAAByB+LCAAAAAAAAACFkk9r1EAYxqerq4tHvQnCQLEqNJOkbovbnmzaiLBtDyuChBzeJmM2bnZmnD8lIPh5PNgv00+gpyLid+jMJlNZPDhzyG/eeZ/nfUjy/Q8aKom25qZUnBHRmKpmigBTdcEbLslrS4mjU64p6tbGAA2maLRqOAGh0bNppw97fXirD2/1tvFgiu6WoEGjh9NPcAFhA6wKZ1rWrDpoJXrcpyg4U7yhJOme65NRK2zgp/8PbAf+/jbiPz/MrgfoToaG59Uq7KPs3+H29qO7/Yy+ons2JYMldTxohZFeQZyC9IrLq/fXv558ebMKZJONNLq/OU7cdpSmkV2OoshxV/M03nu1czj2fWnq+zpKV8u4+SPvHEXeLzn66+y4q3mKjye9n6skR76vo+NdtzUatprKpUY/4r39ncn+y4hEkxhntAGl60JRkMU8s7SgmjBe0rxojLKSGZUXdUE3jbCfkb4DtQgE500Qx4GeSwplEOf47Wl6hjGXFVnzI70HWVIN7i/AAV6b4U9de44La6jtq8Y1K2m7jQswiuIMjObPz02zwCDqF/k2VnOQpcLZbh5mkT0vQQgrs5X8wQ3VOtfJ3wIAAA==[0m16:29:30.091 [elasticsearch[ticket.node]clusterService#updateTask-pool-11-thread-1] INFO  org.elasticsearch.cluster.metadata - [ticket.node] [ticketsearch] creating index, cause [auto(bulk api)], shards [5]/[0], mappings []
[8mha:AAABsR+LCAAAAAAAAACFUstq20AUvXXqxnSZ7goFgcmjC42k2DV1skpkqxRcZ+FSKMKUqTSRFcsadWZkHAL5ni6aj8gv5A+6MqX0Hzqj0biYLHpnoaN7zzn3oNGPP9DkDA5mZcxpjoqsTNKcI5zzNKIZZehMIl+hMRUEdD1pQGMErYrwARcCDkda79R6Z6N3NnpJPB3B0xgLLGBvdIWX2MlwnjgTwdI8OV0xeFmniGjOaUaQr5/bm2FVyMD7/w8sF/7+3qI/P0/WDdgJofk1qcK+CB8vl9NLNf0Gt/BMpszxgijcWBUlMwqkFKhW3D18Wv96dfOuCiSTtQTstru+OgoFgStLIddVWPcM6vbeHp93DS8IDE+joKpS7W8ZZ9c1fv7gn7PCumeQN+zXfqrjDwxPo+EbdQQ0V4KwhYB7r3dy3D/puKjT6VkhyTAXacQJZtEslGhOBMppTKZRVnIpmRC2TCPSLgt5jeQj5nO7oDSzPc8WM0ZwbHtT6/04uLAsyhK05YdqD7QgAqu/wLKtrR3mTdOnll7yZYGLQn5wM41pNLWO4mt5Q2n0+vlf2HZ6Q8ACAAA=[0m16:29:30.336 [elasticsearch[ticket.node]clusterService#updateTask-pool-11-thread-1] INFO  org.elasticsearch.cluster.metadata - [ticket.node] [ticketsearch] update_mapping [ticketdoc] (dynamic)
[8mha:AAABnR+LCAAAAAAAAACFkk9LwzAYxl+n0+FRb4JQEPXUtJ1T/HPSbhVh6mEiyNghtrGrdklNUikIfh5B/TJ+A08i4ncwWRtleDA59Jc3z/O+D22fv6AuOKwN80gwirI0jxMqEKYiCVnKONpX5Gs6YZJAuaZqUOtCYyw4xpmE9W7pdyq/8+N3fvxKuNeFmQhLLGGhe43vsJNiGjs9yRMa7xUclqoUIaOCpQT55XNyMhSZCrz6f2A18POxwd4ueu81mO5D/TIeh13s/x2ubq/07S08wKxKSfGIaK4VWc6NA2kHqhwvr+fvH8v3h+NAKllDwtxKy9dbUxC4amlyXc1lzVBra7t50DK6IDC6koLxyvX8hunsuqaf3/7trLmsGfI6O1U/XfHbRldSZ1NvCfVCEj6S8ORt7TZ3djc2UKu5bfVJioVMQkEwD4d9RTdEIsoiMgjTXChLj/C7JCQreaY+IznD4sbOGEttz7PlkBMc2d7AOjoJTi2L8RhN9ENVDzQiEuu/wLKtiRnmVMoHVkRSItWrthIakWL+G+85QsWqAgAA[0m16:29:33.428 [elasticsearch[ticket.node]clusterService#updateTask-pool-11-thread-1] INFO  org.elasticsearch.cluster.metadata - [ticket.node] [ticketsearch] deleting index
[8mha:AAAByR+LCAAAAAAAAACFkk9r1EAYxsetq4tHvQnCQPEfNJNku11se9K0EWGthxVBQg5vkzGbbnZmnD8lIPh5etAv4ydoT0XE7+DMJlNZPDhzyG/eeZ/nfUjy7TcaKomeLEypOCOiMVXNFAGm6oI3XJKXlhJHJ1xT1K1bAzSYodG64S0IjZ7OOn3Y68MbfXijt42HM3S7BA0a3Z+dwTmEDbAqnGtZs+qwlehhn6LgTPGGkqR7bk5GrbCBH/8/sB3462LErz7OrwdoK0PD02od9kH273B7+8ndfkZf0R2bksGKOh60wkivIE5BesX3Hx+ufz768nodyCYbaXR3e5K47ShNI7scRZHjruZpMn0xfjXxfWnq+zpK18u4+SPvHEXeLzn66+y4q3mKj/d7P1dJjnxfR8d7bms0bDWVK40u4+nBeP9gd5dM4zHOaANK14WiIItFZmlJNWG8pHnRGGUlcyrP64JuG2E/I30PahkIzpsgjgO9kBTKIM7xm5P0HcZcVmTDj/QeZEU1uL8AB3hjhj917TkurKG2rxrXrKTtDi7AKIozMJo/OzXNEoOon+c7WC1Algpne3mYRfa8AiGszFbye38A++LGeN8CAAA=[0m16:29:33.612 [elasticsearch[ticket.node]clusterService#updateTask-pool-11-thread-1] INFO  org.elasticsearch.cluster.metadata - [ticket.node] [ticketsearch] creating index, cause [auto(bulk api)], shards [5]/[0], mappings []
[8mha:AAABsR+LCAAAAAAAAACFUstO20AUvYSmjViWXaVKlhCvhcd2kqaQrMDECCnAIhVSFUXV1J46LrbHnRmjICS+hwV8BL/AH7CKEOIfmMl4qKIuemfh43vPOffI49sXqHMGG5My4jRHRVrGSc4RznkS0pQytCeRr9AJFQR0LdWgNoDGnHCMCwGbA613Kr3zpnfe9JLYG8C7CAss4OPgN77ATorz2BkKluRxb8rgU5UipDmnKUG+fi5uhmkhA6//P7Bc+HzToI/fh7MaLI+g/jOeh10d/btcTn+p6R+4hvcyZY4zonBtWpTMKJBSoEpx93A2e/p8dTgPJJM1BHxYa/vqKBQEriyFXFdh3TOo3dlp7rcNLwgMT6NgXqXa3zDOrmv8/IO/zgrrnkFef7fyUx3/wPA06n9RR0B9KgjLBNx7nW5zt9tqoa+dtjUiKeYiCTnBLJyMJDonAuU0IuMwLbmUDAm7SEKyVhbyGsk3zM/tgtLU9jxbTBjBke2NraOT4NSyKIvRgh+qPFBGBFZ/gWVbCzvMm6aPLb3kR4aLQn5wM41oOLa2okt5Q0m4vfIKL/M0Y8ACAAA=[0m16:29:33.764 [elasticsearch[ticket.node]clusterService#updateTask-pool-11-thread-1] INFO  org.elasticsearch.cluster.metadata - [ticket.node] [ticketsearch] update_mapping [ticketdoc] (dynamic)
[8mha:AAABnR+LCAAAAAAAAACFkkFLwzAYhj+n0+FRb4JQEPXUtNU5nZ60WhGmHiaCjB1iG7tql9QklYLg7xHUP+M/8CQi/geTtVGGB5NDn3x53+97afv8BXXBYWWQR4JRlKV5nFCBMBVJyFLG0a4iX9MJkwTKNVGDWgcaI8ExziSsdkq/U/mdH7/z41fCnQ5MRVhiCXOda3yHnRTT2OlKntB4p+CwUKUIGRUsJcgvn+OTochU4OX/A6uBn48N9nbRfa/BZA/ql/Eo7Hzv73B1e6Vvb+EBplVKiodEc63Icm4cSDtQ5Xh5PX//WLw/HAVSyRoSZpaavt6agsBVS5Prai5rhpqtrbW9ptEFgdGVFIxWruc3TGfXNf38/d/OmsuaIe+gXfXTFX/f6Eo62NBbQr2QhA8lPHmt7bX29noLbW66Vo+kWMgkFATzcNBTdEMkoiwi/TDNhbJ0Cb9LQrKUZ+ozkjMsbuyMsdT2PFsOOMGR7fWto5Pg1LIYj9FYP1T1QEMisf4LLNsam2FOpbxvRSQlUr1qK6ERKWa/ATV11GmqAgAA[0m16:29:36.770 [elasticsearch[ticket.node]clusterService#updateTask-pool-11-thread-1] INFO  org.elasticsearch.cluster.metadata - [ticket.node] [ticketsearch] deleting index
[8mha:AAAByB+LCAAAAAAAAACFkk9r1EAYxqerq4tHvQnCQLEqNJOk7i5ue7JpI8LaHlYECTm8TcZs3OzMOH9KQPDzeNAv4yfQUxHxOzizyVQWD84c8pt33ud5H5J8+Y2GSqK9pSkVZ0Q0pqqZIsBUXfCGS/LcUuLojGuKurUzQIM5Gm0aXoHQ6NG804e9PrzWh9d623g0RzdL0KDR3fl7uISwAVaFCy1rVh21Et3vUxScKd5QknTP7cmoFTbww/8HtgN/fR7xH28XVwN0I0PDi2oT9l7273B7+87dfkCf0C2bksGaOh60wkivIE5BesXXb2+ufj74+GITyCYbaXR7d5y47ShNI7scRZHjruZpPH12cDz2fWnq+zpKN8u4+SPvHEXeLzn56+y4q3mKT2e9n6skJ76vo9OJ2xoNW03lWqPv8fTwYHb4dEpmkwhntAGl60JRkMUys7SimjBe0rxojLKSBZWXdUF3jbCfkb4GtQoE500Qx4FeSgplEOf45Vl6jjGXFdnyI70HWVMN7i/AAd6a4U9de44La6jtq8Y1K2m7jwswiuIMjOaPL0yzwiDqJ/k+VkuQpcLZJA+zyJ7XIISV2Up+5w9uv9ev3wIAAA==[0m16:29:36.950 [elasticsearch[ticket.node]clusterService#updateTask-pool-11-thread-1] INFO  org.elasticsearch.cluster.metadata - [ticket.node] [ticketsearch] creating index, cause [auto(bulk api)], shards [5]/[0], mappings []
[8mha:AAABsB+LCAAAAAAAAACFUstO20AUvQRSoi5hh1TJEuK18NhOU9qQFRiMKhlYBFVCUYSm9tQxOB4zM46CkPgeFvAR/AJ/wApVVf+hMx5PqqiL3ln4+N5zzj3y+PE3NDmDzVEZc5qjIiuTNOcI5zyNaEYZ2pfIV+iUCgK6FhrQCKFVEU5wIWAr1Hqn1jszvTPTS2IvhKUYCyxgJbzCE+xkOE+cvmBpnvSmDNbqFBHNOc0I8vVzfjNMCxl44/+B5cJfDy36etF/a8DiAJrfkyrs6uDf5XL6Q01v4B7eyZQ5HhOFG9OiZEaBlALViqeXb28/P9wdV4FkspaA5fWOr45CQeDKUsh1FdY9gzq7X9oHHcMLAsPTKKiqVPtbxtl1jZ9/+NdZYd0zyDvq1n6q4x8ankZHn9QR0JwKwsYCnr3dvXZ37+Nn5HY71oBkmIs04gSzaDSQ6JoIlNOYDKOs5FLSJ2ySRmS9LOQ1knPMr+2C0sz2PFuMGMGx7Q2tr6fBmWVRlqA5P1R7oDERWP0Flm3N7TBvmj609JLLMS4K+cHNNKbR0NqOb+UNpdHO+z/qsYnrwAIAAA==[0m16:29:37.094 [elasticsearch[ticket.node]clusterService#updateTask-pool-11-thread-1] INFO  org.elasticsearch.cluster.metadata - [ticket.node] [ticketsearch] update_mapping [ticketdoc] (dynamic)
[8mha:AAABnB+LCAAAAAAAAACFkkFLwzAYhj+n0+FRb4JQEPXUtJU5nJ60riJMPUwEGTvENnbVLqlJKgXB3yOof8Z/4GmI+B9M1kYZHkwOffLlfb/vpe3LF9QFh41hHglGUZbmcUIFwlQkIUsZR/uKfE2nTBIo10wNal1oTAQnOJOw2S39TuV3fvzOj18J97owF2GJJSx1b/A9dlJMY6cneULjvYLDSpUiZFSwlCC/fE5PhiJTgdf/D6wGfj412Ptlb1yD2T7Ur+JJ2OX+3+Hq9lrf3sEjzKuUFI+I5lqR5dw4kHagyvH6djH+WH04mgRSyRoSFtaavt6agsBVS5Prai5rhpqtna2DptEFgdGVFExWruc3TGfXNf38w9/OmsuaIa/Trvrpin9odCV1tvWWUC8k4SMJz15rd6u923SR225ZfZJiIZNQEMzDYV/RLZGIsogMwjQXytIj/D4JyVqeqc9IzrG4tTPGUtvzbDnkBEe2N7COT4Mzy2I8RlP9UNUDjYjE+i+wbGtqhjmV8oEVkZRI9aqthEakWPwGGIHc/6oCAAA=[0m16:29:40.096 [elasticsearch[ticket.node]clusterService#updateTask-pool-11-thread-1] INFO  org.elasticsearch.cluster.metadata - [ticket.node] [ticketsearch] deleting index
[8mha:AAAByR+LCAAAAAAAAACFkk9r1EAYxsfV1cWj3gRhoNgqNJNkuy22PdW0EWGthxVBQg5vkzGbbnZmnD8lIPTzeNAv4ydoT0XE7+DMJlNZPDhzyG/eeZ/nfUjy7TcaKok256ZUnBHRmKpmigBTdcEbLsmRpcTRKdcUdevOAA2maLRqeAtCo61ppw97fXirD2/1tvFwiu6VoEGjR9NzuICwAVaFMy1rVh22Ej3pUxScKd5QknTP9cmoFTbws/8HtgN/fR3x64+zmwG6m6HhWbUK+zj7d7i9/eRuP6NLdN+mZLCkjgetMNIriFOQXvH9x4ebn0+/vF4FsslGGj3YmCRuO0rTyC5HUeS4q3ma7L0cv5r4vjT1fR2lq2Xc/JF3jiLvlxz/dXbc1TzFJ/u9n6skx76vo5NdtzUatprKpUZX8d7BeP9gEpGd8Q7OaANK14WiIIt5ZmlBNWG8pHnRGGUlMyov6oJuGGE/I30PahEIzpsgjgM9lxTKIM7xm9P0HcZcVmTNj/QeZEk1uL8AB3hthj917TkurKG2rxrXrKTtNi7AKIozMJo/PzPNAoOoX+TbWM1Blgpnu3mYRfa8BCGszFbyh38AMXj3et8CAAA=[0m16:29:40.323 [elasticsearch[ticket.node]clusterService#updateTask-pool-11-thread-1] INFO  org.elasticsearch.cluster.metadata - [ticket.node] [ticketsearch] creating index, cause [auto(bulk api)], shards [5]/[0], mappings []
[8mha:AAABsR+LCAAAAAAAAACFUstq20AUvXXqxnSZ7goFgcmjC40kI6d1skpkqxRcZ+FSKMaUqTSRFUsadWZkHAL5ni6aj8gv5A+6MqX0Hzrj0biYLHpnoaN7zzn3oNGPP9DkDA5mVcxpgcqsStKCI1zwNKIZZehMokChERUEdD1pQGMIrTXhAy4FHA613qn1zkbvbPSSeDqEpzEWWMDe8AovsJPhInHGgqVFcrpk8LJOEdGC04ygQD+3N8OylIH3/x9YLvz9vUV/fh6vGrAzgebXZB32xeTxcjm9VNNvcAvPZMoC50ThxrKsmFEgpUC14u7h0+rXq5t360AyWUvAbtsP1FEoDF1ZCrmuwrpnkH/8tnPuG14YGp5G4boqtb9lnF3X+AX9f84K655B3qBX+6lO0Dc8jQZddQQ0l4KwXMC9d3zS6Z34LvK7b6wJyTAXacQJZtFsItGcCFTQmEyjrOJSMiZskUakXZXyGslHzOd2SWlme54tZozg2Pam1vtReGFZlCVoyw/VHignAqu/wLKtrR3mTdOnll7yJcdlKT+4mcY0mlpH8bW8oTR6/fwvn4VN/MACAAA=[0m16:29:40.457 [elasticsearch[ticket.node]clusterService#updateTask-pool-11-thread-1] INFO  org.elasticsearch.cluster.metadata - [ticket.node] [ticketsearch] update_mapping [ticketdoc] (dynamic)
[8mha:AAABnB+LCAAAAAAAAACFks1KxDAUha+jo4NL3QlCQdRV01br/0qrFWHUxYggwyxiGzvVTlKTVAqCzyOoL+MbuBIR38Fk2iiDC5NFv9ycc++h7fMXNAWHpX4RC0ZRnhVJSgXCVKQRyxhHu4oCTSdMEqjWWAMabWgNBcc4l7DcrvxO7Xd+/M6PXwl32jARY4klzLSv8R12MkwTpyN5SpOdksNcnSJiVLCMoKB6jk6GMleBF/8PrAZ+PrbY20XnvQHjXWheJsOws92/w9Xtlb69hQeYVCkpHhDNjTIvuHEg7UC14+X1/P1j/v5wGEgla0mYWvADvTWFoauWJtfVXNUM+eubK3u+0YWh0VUUDleh57dMZ9c1/YL9386aq5oh72Cr7qcrwb7RVXSwpreEZikJH0h48ta3V7a2/VXkb2xYXZJhIdNIEMyjflfRDZGIspj0oqwQytIh/C6NyEKRq89IzrC4sXPGMtvzbNnnBMe217OOTsJTy2I8QSP9UN0DDYjE+i+wbGtkhjlV8p4Vk4xI9aqtlMaknP4GsOmPTqoCAAA=[0m16:29:43.477 [elasticsearch[ticket.node]clusterService#updateTask-pool-11-thread-1] INFO  org.elasticsearch.cluster.metadata - [ticket.node] [ticketsearch] deleting index
[8mha:AAAByB+LCAAAAAAAAACFkk9r1EAYxsfV1cWj3gRhoPin0EySmi5ue9K0KcJaDyuChBzeJmM2bnZmnD8lIPh5POiX8RPoqYj4HZzZZCqLB2cO+c077/O8D0m+/EZjJdHDpakUZ0S0pm6YIsBUU/KWS/LMUurojGuK+nVthEZzNNk0vASh0aN5rw8HfXilD6/0tvFojm5UoEGjO/P3cAFhC6wOF1o2rD7qJLo3pCg5U7ylJO2f25NRJ2zgB/8PbAf++jzhP94uLkfoeo7G5/Um7N383+H29p27/YA+oZs2JYM1dTzqhJFeQZyCDIqv395c/rz/8XQTyCabaHRrJ0nddpRlkV2OoshxX/OUTJ/uP098X5b5vp6yzTJu/sQ7R5H3S4//Ojvua57ik9ng5yrpse/r6eTAbY3GnaZyrdH3eHq4PztMnpBpMsM5bUHpplQUZLnMLa2oJoxXtChbo6xkQeVFU9IdI+xnpK9BrQLBeRvEcaCXkkIVxAV+cZa9wpjLmmz5kcGDrKkG9xfgAG/N8Ke+vcClNdT2VeOGVbTbwyUYRXEORvPH56ZdYRDNbrGH1RJkpXB+UIR5ZM9rEMLKbKW4/QcSCNQD3wIAAA==[0m16:29:43.649 [elasticsearch[ticket.node]clusterService#updateTask-pool-11-thread-1] INFO  org.elasticsearch.cluster.metadata - [ticket.node] [ticketsearch] creating index, cause [auto(bulk api)], shards [5]/[0], mappings []
[8mha:AAABqh+LCAAAAAAAAACFUstKxDAUvY6ODi51JwgF8bVo2ur4Xmm1Ioy6GBFkGCS2sVPtNDVJZUTwe1zoR/gL/oErEfEfTCaNMrjwZtHTe88599D06QuqnMFcp4g4zVCeFnGScYQznoQ0pQxtS+QrdEQFAV1DFag0oNYnHOJcwHxD651S7/zonR+9JG41YCTCAguYaFzhW+ykOIudpmBJFm/1GEyVKUKacZoS5Ovn4Gbo5TLw7P+B5cLPxxp9O2u+V2C4BdWLuB92svV3uZxequkNPMCoTJnhLlG40ssLZhRIKVCpeH49ff+Yvt/vB5LJagLGZuq+OgoFgStLIddVWPcMqq+uL+3UDS8IDE+joF+F2l8zzq5r/PzdX2eFdc8gb2+j9FMdf9fwNNpbUUdAtScI6wp48VY3lzY268tobc2zWiTFXCQhJ5iFnZZE10SgjEakHaYFl5ImYbdJSGaKXF4jOcH82s4pTW3Ps0WHERzZXts6OAqOLYuyGA34odIDdYnA6i+wbGtgh3nT9Lall5x3cZ7LD26mEQ3b1kJ0J28oCRfHvwEDPaZFwAIAAA==[0m16:29:43.771 [elasticsearch[ticket.node]clusterService#updateTask-pool-11-thread-1] INFO  org.elasticsearch.cluster.metadata - [ticket.node] [ticketsearch] update_mapping [ticketdoc] (dynamic)
[8mha:AAABnR+LCAAAAAAAAACFkk9LwzAYxl+n0+FRb4JQEPXUtJU5/520W0WYepgIMnaIbeyqXVKTVAqCn0dQv4zfwJOI+B1M1kYZHkwO/eXN87zvQ9vnL6gLDmvDPBKMoizN44QKhKlIQpYyjvYV+ZpOmCRQrqka1LrQGAuOcSZhvVv6ncrv/PidH78S7nVhJsISS1joXuM77KSYxk5P8oTGewWHpSpFyKhgKUF++ZycDEWmAq/+H1gN/HxssLeL3nsNpvtQv4zHYRf7f4er2yt9ewsPMKtSUjwimmtFlnPjQNqBKsfL6/n7x/L94TiQStaQMLfS9PXWFASuWppcV3NZM9RsbW8cNI0uCIyupGC8cj2/YTq7runnt387ay5rhrzOTtVPV/y20ZXU2dRbQr2QhI8kPHmt3Y2d3WYLbW23rD5JsZBJKAjm4bCv6IZIRFlEBmGaC2XpEX6XhGQlz9RnJGdY3NgZY6ntebYccoIj2xtYRyfBqWUxHqOJfqjqgUZEYv0XWLY1McOcSvnAikhKpHrVVkIjUsx/A5aTkOuqAgAA[0m16:29:46.786 [elasticsearch[ticket.node]clusterService#updateTask-pool-11-thread-1] INFO  org.elasticsearch.cluster.metadata - [ticket.node] [ticketsearch] deleting index
[8mha:AAABZh+LCAAAAAAAAACFjs9Kw0AQxsdoNXjUmyAERL2UJNUq/XPStPFg9NIiSE9ru8Zouht3NxIQfB4P+jK+gaci4ju4m81WxIMzh/0x+30z38sX1DiDnZt8wilxszSPE8JdRHgypill7pGkQNE5FRh0LVhgRWCXgjOUCdiNtN+r/N7c7839UtiNYGmCBBKwFt2iB+SliMTeQLCExN2CwUaVYkwJpyl2A/3+vgxFJgNv/x9YHvx8tun75WBmweIIaldxGXZ99Pe4/L1Wv/fwBMsyJUFTrNgqspwZh6scbuV4fbuYfWw+npSBZDJbwMpWM1CtKAx9WYp8X7GeGWoetvaOm0YXhkanKSwrV/dts9n3zb6g97NZsZ4ZavTb1T41CXpGp6l/oFpArRCYTQWcDjEX3GE56TjtuhOiJM0Z5h3Hrzt9xijTOLhLsgxPSh4mU+zgFGVcDfYbbstvOxyPV78B6OwtPkoCAAA=[0mTests run: 9, Failures: 0, Errors: 0, Skipped: 0, Time elapsed: 31.809 sec
[8mha:AAABeR+LCAAAAAAAAACFkM1Kw0AUha/VanCpO0EIiLrqJC1pae3Kpo0IsS4qghQXYzK2kXQmTiYSEXweF/oyvoGrIuI7OJOfSnHhncV83Dnn3sO8fkM15nAwTfyYURSFySSgMcI0DjwWMo6OJdmKhkwQyGulAhUXtExwhiMBh27uNwq/sfAbC78Udl1Y87HAArbcO/yAjRDTiTESPKCTbsphp0jhMRqzkCA7v5c3QxrJwPv/B5YLv1409nE1mldgdQzVm0kWdnv8d7l8vVWv9/AM6zIlxTOiuJJGCS8dSDlQ4Xh7v5x/7j6dZIFkMk3Axp5lq6PIcUxZikxTcd4ryWq1Gz2r1DlOqcvJySpR+7VysmmW8+z+72TFea+k+qBTzFMdu1/qcho01RFQTQXhMwF+vXXU6BxZLdSuW/r4YsoJ9mvNa/106Jzruoc4ihFBgxDHIvBGBHNvaocBocLBnmD8sUcw1Wu6HbJYfoq+JNS9TLn5A+ro9L1jAgAA[0m16:29:46.814 [Thread-5] INFO  c.r.s.e.ElasticSearchClientFactoryBean - Closing ElasticSearch client
[8mha:AAABhR+LCAAAAAAAAACFkM1Kw0AUha/VanCpO0EYEHXVSVKa2p+Vpo0ItS4qgoQuxmZMq2kmnUylUPR5XOjL+Aauiojv4Ex+KuLCO4t8c+ecew95+YJizOFgOPViFuIomPqjMMYkjEcDFjCOjyXZirpMUEhrpQCFDmiJ4JxEAg47qV/P/PrSry/9UtjswJpHBBGw1bkjD0QPSOjrPcFHod+ccdjJUgxYGLOAYjv9/t4Ms0gG3v8/sFz4+ayx9+veogCrLhRv/CTstvt3uXy9Va8TeIJ1mTIkY6q4MIumPHdg5cCZ4/XtavGxOz9NAslkmoCNvYqtjiLHMWQpMgzFaS+nSrVWPqnkOsfJdSk5SU3Vfi2fbBj5PLv1M1lx2svJbNezeapjt3JdSm1LHQHFmaB8LGBiVhvleqNSxTWzhtzLIafEK1l9dNZ1LhBi3Mc0ILEYDWJK+GCIQ+ZRVEKu7NxTkVz7aP5LoxvYrOLyo2seWYbVb6BYsCiSvwxhjDe/ARHEQRhwAgAA[0m16:29:46.818 [Thread-5] INFO  org.elasticsearch.node - [ticket.node] {elasticsearch/0.16.2}[17505]: stopping ...
[8mha:AAABgB+LCAAAAAAAAACFjs1Kw0AUha/VanCpO0EIiLrqJClt7M9K00aEWhcVQUIXYzOm1TQTZyZSKPo8LvRlfANXRcR3cCZpKsWFdxbzzZ1z7j2v31DkDA6Gic9phOIwCUYRRzjiowENKUPHkhxFXSoIZLVSgEIHtFRwjmMBh53Mb8z9xsJvLPxS2OzAmo8FFrDVucOP2AhxFBg9wUZR0Jww2JmnGNCI05AgJ7uXN8MkloH3/w8sF369aPTjujcrwKoHxZsgDbvt/V0uf2/V7wM8w7pMGeExUVyYxAnLHUg50Nzx9n41+9ydnqaBZDJNwMZexVFHkeuashSZpuKsl1PFrpVPKrnOdXNdRm5aidqv5ZNNM5/ntH4nK856OVnt+nye6jitXJdRu6qOgOJEEDYWEFp2o1xvVGxUsy3duxwygv1Sta+fdd0LXacsQCTEXIwGnGA2GKKI+kQv6Z7s3BORPvv6dEljmMiyUfnJs46qZrXf0LmgcUz8zR/Vx3eMawIAAA==[0m16:29:46.861 [Thread-5] INFO  org.elasticsearch.node - [ticket.node] {elasticsearch/0.16.2}[17505]: stopped
[8mha:AAABhB+LCAAAAAAAAACFkM1Kw0AUha/VanGpO0EYEHXVSVLS2J+Vpo0ItS4qgoQuxnRMq2kmTqZSKPo8LvRlfANXRcR3cCY/leLCO4t8c+ecew95/YZizOFgOBnELMRRMPFHYYxJGI88FjCOjyXZirpMUEhrpQCFDpQSwTmJBBx2Ur+W+bWFX1v4pbDZgbUBEUTAVueOPBItIKGv9QQfhX5zymEnS+GxMGYBxXb6Xd4M00gG3v8/sFz49VJiH9e9eQFWXSje+EnYbffvcvl6q14f4BnWZcqQjKniwjSa8NyBlQNnjrf3q/nn7uw0CSSTlQRs7Jm2OoocR5elSNcVp72cTKtWOTFznePkupScpCZqfymfrOv5PLv1O1lx2svJaNezeapjt3JdSu2qOgKKU0H5WEBkWI1KvWFauGYZyL0cckoG5WofnXWdC4QY9zENSCxGXkwJ94Y4ZAOKysiVnXsqkmsfzZY0mo4NC1eeXOOoqlf7DeQFLJZ/DGGMN38AnD6DTG8CAAA=[0m16:29:46.861 [Thread-5] INFO  org.elasticsearch.node - [ticket.node] {elasticsearch/0.16.2}[17505]: closing ...
[8mha:AAABfx+LCAAAAAAAAACFjs1Kw0AUha/VanGpO0EIiLrqJCnp/0rTRoRYFxVBQhdjMqaxaaZOphIo+jwu9GV8A1dFxHdwJmkqxYV3FvPNnXPuPa/fUIwZHA2nXkwjNAmnfhDFCEdx4NKQMnQiyJTUo5xAVmsFKNhQSgUXeMLh2M786sKvLv3q0i+EbRs2PMwxhx37Hj9iNcSRr/Y5CyK/nTDYW6RwaRTTkCAzu1c3QzIRgQ//DywWfr2U6MdNf16AdQeKt34adtf5u1z83snfB3iGTZEywmMiuZBMpix3IOlAC8fb+/X8c392lgYSyUoctg4MUx5JlqWJkqRpkrNeTkatUTk1cp1l5bqMrLSmcn8pn6xp+Tyz8ztZctbLSe82F/Nkx+zkuoy6VXk4FBNO2JjDSK+1Ks2WUUONuqE4V0NGsFeuDpTznnWpKJT5iIQ45oEbE8zcIYqoR5Sy4ojOiPD0OVBmKxpVQ3oNVZ4cvV7VqoOW4oY0Jt72D5Oj78ZqAgAA[0m16:29:46.874 [Thread-5] INFO  org.elasticsearch.node - [ticket.node] {elasticsearch/0.16.2}[17505]: closed
[8mha:AAABMR+LCAAAAAAAAACFjrFOwzAQhq+BQMQIGxITAjY7oIBAnSBtWAJLJSTUybQhBKV2cJwqEhLPw9C+DG/AVCHEO+CL4yLEwN3gT+f/v/tnX+CWEvYfqnEpOCnyKs14SRgvs5HIhSTnmkKka6ESMNVxwInBawRXrFBwEBs/bf106adLvxZ2Y1gdM8UUbMaPbMpoznhKB0pmPO3WErbbFCPBS5EnJDTv78tQFzrw3v+B9cHPV0+83w4WDqwMwb1Lm7Bbw7/H9e89/j7BC6zplJxNEmSnLippHQQdpHXM324WHzvPl00gncxTsL4bhNhIUeTrQvJ9ZDOzFJycHl0EVhdFVmcoaqrC+57d7Pt2X9j72YxsZpYO+2ftPpyEPasz1D/GVuDWKpETBZ2Nbxim58gAAgAA[0m
[8mha:AAABOR+LCAAAAAAAAACFjsFKxDAQhsdqtexRb4IgiHpLq1RR96TdrZfqwQVB9hR3a610k5qkUhB8Hg/6Mr6Bp0XEdzDTNCviwZlDPib/P/O/fIErBWzdVmPJGSmLKsuZJJTJfMQLLsixpgjpnKsUTM054CTgNYIzWirYTozfb/3+zO/P/FrYTWBhTBVVsJzc0QfqF5Rl/kCJnGXdWsBqm2LEmeRFSiLz/r4MdakDb/4fWB/8fPb4+9Vg6sD8ENzrrAm7Mvx7XP/e4O89PMGiTsnoJEV26rIS1kHQQVrH69vl9GPt8bQJpJN5CpY2wggbKY4DXUhBgGxmlsL9g92T0Ori2OoMxU1VeN+zm4PA7ot6P5uRzczSTv+w3YeTqGd1hvp72ArcWqVioqBzkcqqUHL9qPMNuwXJUgkCAAA=[0mResults :
[8mha:AAABMR+LCAAAAAAAAACFjrFOwzAQhq+BQMQIGxITAjY7oIBAnSBtWAJLJSTUybQhBKV2cJwqEhLPw9C+DG/AVCHEO+CL4yLEwN3gT+f/v/tnX+CWEvYfqnEpOCnyKs14SRgvs5HIhSTnmkKka6ESMNVxwInBawRXrFBwEBs/bf106adLvxZ2Y1gdM8UUbMaPbMpoznhKB0pmPO3WErbbFCPBS5EnJDTv78tQFzrw3v+B9cHPV0+83w4WDqwMwb1Lm7Bbw7/H9e89/j7BC6zplJxNEmSnLippHQQdpHXM324WHzvPl00gncxTsL4bhNhIUeTrQvJ9ZDOzFJycHl0EVhdFVmcoaqrC+57d7Pt2X9j72YxsZpYO+2ftPpyEPasz1D/GVuDWKpETBZ2Nbxim58gAAgAA[0m
[8mha:AAABVR+LCAAAAAAAAACFjsFKw0AQhsdoNXjUmyAERL2UJNYqtT1pmniJXiqC9LS2a4ymu+nuRgKCz+NBX8Y38FREfAd3s9mKeHDmsB+z/z/zv3xBgzPYuS3GnBI3z4okJdxFhKcjmlHmHksKFJ1TgUHXggVWDHYlOEO5gN1Y+73a78393twvhb0YlsZIIAFr8R16QF6GSOINBEtJ0isZbNQpRpRwmmE30O/vy1DmMvD2/4Hlwc9nm75fDWYWLA6hcZ1UYdeHf4/L3xv1O4UnWJYpCZpgxVaZF8w4XOVwa8fr2+XsY/PxtAokk9kCVrbagWpFUeTLUuT7ivXMUPuw0zppG10UGZ2mqKpC3bfNZt83+4L+z2bFemZoLzyq96lJ0Dc6TeGBagGNUmA2EdC6wFxwhxWk6+x3mk6E0qxgmHcdv+mEjFGmcXCf5jkeS179BuU95ukxAgAA[0mTests run: 38, Failures: 0, Errors: 0, Skipped: 0
[8mha:AAABMR+LCAAAAAAAAACFjrFOwzAQhq+BQMQIGxITAjY7oIBAnSBtWAJLJSTUybQhBKV2cJwqEhLPw9C+DG/AVCHEO+CL4yLEwN3gT+f/v/tnX+CWEvYfqnEpOCnyKs14SRgvs5HIhSTnmkKka6ESMNVxwInBawRXrFBwEBs/bf106adLvxZ2Y1gdM8UUbMaPbMpoznhKB0pmPO3WErbbFCPBS5EnJDTv78tQFzrw3v+B9cHPV0+83w4WDqwMwb1Lm7Bbw7/H9e89/j7BC6zplJxNEmSnLippHQQdpHXM324WHzvPl00gncxTsL4bhNhIUeTrQvJ9ZDOzFJycHl0EVhdFVmcoaqrC+57d7Pt2X9j72YxsZpYO+2ftPpyEPasz1D/GVuDWKpETBZ2Nbxim58gAAgAA[0m
[8mha:AAABTR+LCAAAAAAAAACFj8FKxDAQhsdqtXjUmyCsiHprq6yi7GntbkWte7AgyOIhtrGudJOapFIQfB4P+jK+gadFxHcwaZoV8eDkkI/J/8/8efkCmzPYvC1TTolb5GU2ItxFhI8SmlPmdiUFigZUYNA1Y4EVgVMLzlAhYCvSfq/xe1O/N/VLYSeCuRQJJGApukMPyMsRybxYsBHJOhWDlSZFQgmnOXYDff/eDFUhA2/8H1gu/Hx26PtlPLFgdgj2dVaHXR7+XS5fb9TrPTzBvExJ0BgrtqqiZMbhKofbOF7fLiYfq49HdSCZzBGwsN4O1FEUhr4sRb6vWPcMtff2dw7bRheGRqcprKtU+x0z2ffNvKD3M1mx7hna7h8081Qn6Bmdpv6uOgLsSmA2FrA2POkPTo8H8VXrHCeUpfJnLYG5aDHMy1zwxW9i5kciIAIAAA==[0m[JENKINS] Recording test results
[8mha:AAABPR+LCAAAAAAAAABb85aBtbiIQS2jNKU4P0+vIKc0PTOvWC8xrzgzOT8nv0jPEchyBrH88ktSGSCAkYmByYeBA6zAN7GghEHdB6JfH6pfH65fH64fqNDah4ElJbEksYRByCcrsSxRPycxL10/uKQoMy/duqKIQQrqiuT8vOL8nFQ9ZwiNajNDRQHQwaqEHQy08PUKjvyHkcHPmRiYoxlYk9LBjhWOxrQcKJsGki1kqGNgA7oyLzE3FcRmqigoLYLp0APp0IPqWHsp7PlL2Wp3sIOALuMoYWBXNnEGQRDLzc0ACEAsAwMQGyIGY5mYWRg5mcDUubnB1EFYbmBQCrKfA2aygQHMPGcXhMkgNkQMxjJ0tYSaBxJxdoGpg7BcTUGwhIG1oiS1KLeEISDa08/NP1aBWoALADftnitPAgAA[0m[INFO]                                                                         
[8mha:AAABPh+LCAAAAAAAAABb85aBtbiIQS2jNKU4P0+vIKc0PTOvWC8xrzgzOT8nv0jPEchyBrH88ktSGSCAkYmByYeBA6zAN7GghEHdB6JfH6pfH65fH64fqNDah4ElJbEksYRByCcrsSxRPycxL10/uKQoMy/duqKIQQrqiuT8vOL8nFQ9ZwiNajNDRQHQwaqEHQy08PUKjvyHkcHPmRiYoxlYk9LBjhWOxrQcKJsGki1kqGNgA7oyLzE3FcRmqigoLYLp0APp0IPqWHsp7PlL2Wp3sIOALuMoYWBXNnEGQRDLzc0ACEAsAwMQGyIGY5mYWRg5mcDUubnB1EFYbmBQCrKfA2aygQHMPGcXhMkgNkQMxjJ0tYSaBxJxdoGpg7BcTUGwhIG1oiS1KLeEISDa08/NP1ZBl0qACwBzBPd0TwIAAA==[0m[INFO] ------------------------------------------------------------------------
[8mha:AAABWh+LCAAAAAAAAACFj8FKw0AQhsdoNXjUmyAURL3oZiutKD21aaNCbIWIIEVkm8YYSbIx2UhA8Hk86Mv4Bp6KiO/gbjZbEQ/OHvZj9v9n/n35glqWwtZtPslojJIw94M4QyTOApeGNEUdTqagAWUeyJrTQLNBLwWnJGGwbUu/UfmNmd+Y+bmwbcPChDDCYMW+Iw/ECEnsGw5Lg9hvFymsVSlcGmc09JAp79+boUh44M3/A/OFn886fb90phrMj6A29suwq6O/y/nrjXi9hydY5CljEnmCtSLJU+VAwoEqx+vbxfRj/fGoDMST6QyWNpqmOIIsC/MShLFg2VPU3D/Y6zaVzrKUTpJVVi7262oyxmqe2fuZLFj2FDX6h9U80TF7Siep3xKHQa1gXhox2BmdDKzhVb2bB+GE/6ru5m4ejb20jlED4etxC+86g86Zczw8X/4GYtcOJisCAAA=[0m[INFO] Building cucumber 0.1.0_b50-SNAPSHOT
[8mha:AAABPh+LCAAAAAAAAABb85aBtbiIQS2jNKU4P0+vIKc0PTOvWC8xrzgzOT8nv0jPEchyBrH88ktSGSCAkYmByYeBA6zAN7GghEHdB6JfH6pfH65fH64fqNDah4ElJbEksYRByCcrsSxRPycxL10/uKQoMy/duqKIQQrqiuT8vOL8nFQ9ZwiNajNDRQHQwaqEHQy08PUKjvyHkcHPmRiYoxlYk9LBjhWOxrQcKJsGki1kqGNgA7oyLzE3FcRmqigoLYLp0APp0IPqWHsp7PlL2Wp3sIOALuMoYWBXNnEGQRDLzc0ACEAsAwMQGyIGY5mYWRg5mcDUubnB1EFYbmBQCrKfA2aygQHMPGcXhMkgNkQMxjJ0tYSaBxJxdoGpg7BcTUGwhIG1oiS1KLeEISDa08/NP1ZBl0qACwBzBPd0TwIAAA==[0m[INFO] ------------------------------------------------------------------------
[8mha:AAABOR+LCAAAAAAAAACFjsFKxDAQhsdqtXjUmyAIot7SKlWUPbndrQh1PSwIUjzE3Vor3aSmqRQEn8eDvoxv4GkR8R3MNM2KeHDmkI/J/8/8L19glwK2b6txyRkp8irNWEkoK7MRz7kgx4oCpAGXCeias8CKwGkEZ7SQsBNpv9v63ZnfnfmVsBPBwphKKmEluqMP1M0pS92hFBlLO7WAtTbFiLOS5wkJ9Pv7MtSFCrz1f2B18PPZ4e+Xw6kF8zHY12kTdjX+e1z93uDvPTzBokrJ6CRBtuqiEsZB0EFax+vbxfRj/fGkCaSSORKWNv0AGykMPVVInoesZ4b8g8O9rm90YWh0msKmKrzvmM2eZ/YFvZ/NyHpmaLd/1O7DSdAzOk39fWwJdi0TMZHgxKeD8PxqY/kbaqkK+wcCAAA=[0m[INFO] 
[8mha:AAAB5B+LCAAAAAAAAACFUU+L00AcHavV4lFvLkJA1j+U/CupG7ss2KRN6G5ss1SD3bCHaTrNJptMajIJqYKfx4N+Gc9ePC0ifgdnkmZFPPjmMI/fvPd7D+bzL9DOUvD4Il9lCRY2Ue4HOBMgzgIviZJUGFKmMzZNCAI1brRAywKdSvAKbgh4YtV+cecXr/3itZ8KDy1wawUJJOCeFcICihHEvjgnaYD9wzIFD3YtvARnSYQEvb7/Tgblhhbe/39hGvjzUyf5vphftcBNF7SXflX2vvtvOH1ds9d34CO4TVtiGCPGW+UmTxuHwBzCzvHlq3P14+EHsypEm3UIuPNI0dlhzDAkCsYkifF61jDludrTlEZnGI2uZkaFnOV3ms2S1OzTR382M17PGiaPX+z2sYk+anQ1G/fZIaBdEpTGBHxzJ1Njds7tuWp8AQdDioXWtfRhA22p9qFGlsHkdB6H05M3ii11i2NrrOSyX9ghKq2RY78vV2OzKOKz7tuD/hm6tKKZsy5eh55q2Mc+NINgYp7AwOzbW1Uptp4zkrE+lOdbGhDquqGd6k7vYBYuqsyjoz1Xinme52JYIMx7EYKYrz960BMUQR5UI+7pCq1hHpFa8Yx7yXm5l8dLlHLUffc3rQdc6NsCAAA=[0m[INFO] [8mha:AAAAYB+LCAAAAAAAAABb85aBtbiIQSmjNKU4P0+vJLE4u1gvPjexLDVPzxdEGvvmZ+X75ZekLlOVfvTjc8FPJgaGiiIGKaiG5Py84vycVD1nCA1SyAABjCCFBQCV27OjYAAAAA==[0m--- maven-clean-plugin:2.4.1:clean (default-clean) @ cucumber ---
[8mha:AAABOR+LCAAAAAAAAACFjsFKxDAQhsdqtXjUmyAIot7SKlWUPbndrQh1PSwIUjzE3Vor3aSmqRQEn8eDvoxv4GkR8R3MNM2KeHDmkI/J/8/8L19glwK2b6txyRkp8irNWEkoK7MRz7kgx4oCpAGXCeias8CKwGkEZ7SQsBNpv9v63ZnfnfmVsBPBwphKKmEluqMP1M0pS92hFBlLO7WAtTbFiLOS5wkJ9Pv7MtSFCrz1f2B18PPZ4e+Xw6kF8zHY12kTdjX+e1z93uDvPTzBokrJ6CRBtuqiEsZB0EFax+vbxfRj/fGkCaSSORKWNv0AGykMPVVInoesZ4b8g8O9rm90YWh0msKmKrzvmM2eZ/YFvZ/NyHpmaLd/1O7DSdAzOk39fWwJdi0TMZHgxKeD8PxqY/kbaqkK+wcCAAA=[0m[INFO] 
[8mha:AAAB6x+LCAAAAAAAAACFkc1u00AUhYdAIGIJOyokS6j8KIp/KoeaVJWIndhKaxJXBovU6mLsTF279jjYY8sBiedhAS/DngWrCiHegRk7LkIsuLOYT3fuuedI8/kX6OYZeHxRrPIU8+u4CEKc8xDnoZ/GacaPKWmM5ilBoKkbHdAxQa8eeAXXBDwxG72w1QvXeuFaTwcPTHBrBQkk4J4ZwRIKMcSBYJMsxMFBlYEH2xR+ivM0RrzW3H87g2pNA+/+PzA1/Pmpl35f2lcdcNMFXS+ow953/zWnr+fs9R34CG7TlBgmiHGnWhdZq+CZgt8qvnx1rn48/GDUgWiyHgF3HskaO4x0XaTFSBQZN72W5OfKniq3c7rezjWk11Uw/167WRTbfdrkz2bGTa8lafpiu491tEk719B0yA4B3YqgLCHgmzub64szbsdVkgs4GtNaqn1TG7elesoQqsQLZyd2Es2P38iW2C+PzKlcSEFpRagyJ471vlpNjbJMTvtv94en6NKMF855+TryFd06CqARhjPjGIbG0NoocrnxnYmEtbFkb6hBpGm6eqI5e/uLaFl7Hh7uuGIyGAy4IIElwoPmj0cSL48ChFEGCbJJ4eXcU68I45WRpWkZovwZ95LzC79IPJRxVH73N5eak6fcAgAA[0m[INFO] [8mha:AAAAYB+LCAAAAAAAAABb85aBtbiIQSmjNKU4P0+vJLE4u1gvPjexLDVPzxdEGvvmZ+X75ZekLlOVfvTjc8FPJgaGiiIGKaiG5Py84vycVD1nCA1SyAABjCCFBQCV27OjYAAAAA==[0m--- gmaven-plugin:1.4:generateStubs (buildGroovies) @ cucumber ---
[8mha:AAABVx+LCAAAAAAAAACFj81Kw0AUha/RanCpO0EIiLpLUqmidKVpI0qsi4IgxcW0ncZIOhPnRwKCz+NCX8Y3cFVEfAdnMpmKuPAOZD7unHPvycsXNDiDnVs55pT4RS7TjHAfEZ6NaE6Zf6wo0tSjAoOpBQecBNxKcIEKAbuJ8Qe1P5j7g7lfCdsJLI2RQALWkjv0gIIckTToC5aRtF0y2KhTjCjhNMd+ZO7fm6EsVODt/wOrhZ/PLn2/7s8cWBxAY5hWYdcHf5er14l+vYcnWFYpCZpizU5ZSGYdvnb4teP17Wr2sfl4WgVSyVwBK1utSB9NcRyq0hSGmk3PUuvgcO+kZXVxbHWG4qqk3u/ayWFo50Wdn8maTc9Ss3tUz9OdqGN1hrr7+gholAKzqYDm4KwXX954PepxKtkIc29CJRmrL/PO1S97XMihl2KCGRIZJavfY1hw9jACAAA=[0m[INFO] No sources found for Java stub generation
[8mha:AAABOR+LCAAAAAAAAACFjsFKxDAQhsdqtXjUmyAIot7SKlWUPbndrQh1PSwIUjzE3Vor3aSmqRQEn8eDvoxv4GkR8R3MNM2KeHDmkI/J/8/8L19glwK2b6txyRkp8irNWEkoK7MRz7kgx4oCpAGXCeias8CKwGkEZ7SQsBNpv9v63ZnfnfmVsBPBwphKKmEluqMP1M0pS92hFBlLO7WAtTbFiLOS5wkJ9Pv7MtSFCrz1f2B18PPZ4e+Xw6kF8zHY12kTdjX+e1z93uDvPTzBokrJ6CRBtuqiEsZB0EFax+vbxfRj/fGkCaSSORKWNv0AGykMPVVInoesZ4b8g8O9rm90YWh0msKmKrzvmM2eZ/YFvZ/NyHpmaLd/1O7DSdAzOk39fWwJdi0TMZHgxKeD8PxqY/kbaqkK+wcCAAA=[0m[INFO] 
[8mha:AAAB5B+LCAAAAAAAAACFUduK00AYHqvV4qXeuQgB8UTJoSVxY5cFm2kTuhvbLNVgN3gxTafZxBxqMgmpgs/jhb6Mb+CNi4jv4EzSdBEv/OdiPv75TjBffoN2loJHF/kqS2JhE+aeH2cCijPfTcIkFYYUQYamCcGgnmst0DJBpyK8RBsCHpu1Xtzpxb1e3Osp8cgEN1aIIALumAEqkBii2BPnJPVj76hMwb1dCzeJsyTEAqzvv5NBuaGFH/6/MA389bmTfF/ML1vgugPaS68qe9f5N5y+rtnre/AJ3KQtYxRhhlvlJk8bhcAUwk7x9Zt9+fP+R6MqRJt1CLj1QIbsMKTrEh2GJInhetcg+Zna1+SGp+sNr0Z6NTnL7zTOktT4wdGVM8P1rkG98fOdH9vAUcOr0Vhhh4B2SXAaEfDDmUz12VvuwFGjCzQY0lloXRMOm9GWqoI0svQnZ/MomJ6+li2pW5yYYznveYUV4NIc2daHcjU2iiI67745VM7xOzOc2eviVeCqunXiIcP3J8Yp8g3F2qpysXXtUS+Gw958SwMCCHXtDNr9w1mwqDKPjw8cKeJ5notQgWM+xVmSpy7O+PqzB31BGeyX3JMVXqM8JFe8p9wLzs3dPFrilKM+t/8AB+jLiuUCAAA=[0m[INFO] [8mha:AAAAYB+LCAAAAAAAAABb85aBtbiIQSmjNKU4P0+vJLE4u1gvPjexLDVPzxdEGvvmZ+X75ZekLlOVfvTjc8FPJgaGiiIGKaiG5Py84vycVD1nCA1SyAABjCCFBQCV27OjYAAAAA==[0m--- maven-resources-plugin:2.5:resources (default-resources) @ cucumber ---
[8mha:AAABSR+LCAAAAAAAAACFkMFKxDAQhsdqtXjUm6AsiHprq1RR9qTdrZfqZUGQ4iHbxlrpJjVNpCj4PB70ZXwDT4uI72DSNCviwckhH5P/n/nJyxfYNYPtG5HVlLhVKfKC1C4idZHSkjL3WFKo6JxyDLrmLLBicFrBGao47MTa73V+b+b3Zn4p7MewkCGOOKzEt+geeSUiuTfirCB5v2Gw1qVIKalpid1Q3783Q1PJwFv/B5YLP58d+n45mlown4A9ztuwq8nf5fL1Wr3ewRMsypQETbBiq6kEMw5XOdzO8fp2Mf1YfzxtA8lkDoelzSBUR1EU+bIU+b5i3TMUHBzunQRGF0VGpylqS6j9jpns+2ZeOPiZrFj3DO0Oj7p5qhMOjE7TcF8dDnbDMZtw2EgyPBb5VQ83OBUc9+TPc9xwgcriAS9/A5XpSKMdAgAA[0m[debug] execute contextualize
[8mha:AAABYB+LCAAAAAAAAACFj0FLwzAUx5/VafGoN0EoiO5kW2XKdCftVhHqPMwJMjzENquVmtQklYrg5/GgX8Zv4GmI+B1M2mYiHnw55MfL///ePy9f0OAMNq7ziFNiZ2keJ4TbiPAkpCll9oEkT1GfCgxVzRhgBGCWghOUCWgGld+p/c7U70z9UtgJYC5CAglYCm7QPXJSRGJnIFhC4k7BYKVOEVLCaYptr7p/b4Yik4HX/w8sF34+m/T9YjAxYHYEjau4DLs8+rtcvo7V6x08wbxMSdAtVmwUWc60w1YOu3a8vp1PPlYfj8pAMpkpYGGt5amjyPddWYpcV3HV09TabW8ftrTO97WuIr+sXO039WTX1fO87s9kxVVP01Zvr56nOl5X6yrq7agjoFEIzG4F7I+O+/7ppTXk8ktWc3jmb7abFiYhjVRDUCuk2YM1TlKpx5HFMKc5CzG3F78Bz0LDdTkCAAA=[0m[INFO] Using 'UTF-8' encoding to copy filtered resources.
[8mha:AAABiB+LCAAAAAAAAACFkcFKAzEQhsdqtXjUmyAsiHrbrFJF8aTbrgi1HqqCFA9pGtu022RNsu2K4PN40JfxDTwVEd/BpNtUxIOTw35M5v/nD/vyBUUlYaubtpXgfhKnHcaVj7liRMRC+seGQkt1oSnkNVeAQg1Kk4FznGjYruV6NNWjmR7N9GbwqAYLbayxhpVaDw8xijHvoIaWjHeOMglr0xREcCVi6of59/dmyBITePP/wGbh53NJvN80xgWYb0Kx1ZmEXW3+XW5u7+ztPTzBoknJ8YBaLmRJKp3Ctwp/qnh9ux5/rD+eTgKZZCUNSxvl0B5LURSYshQElvOeo/L+we5J2c1FkZvLKZpUaveXnHMQOL+w8uNsOe852qkeTv1sJ6y4uZyqe/ZoKGaayoGGUfOsHl3ceqrPEo8L7tGMKW2e50mqRCoJrTBJiRbywUNDLFHMWqhHed/+455oKXTZoFiS7hVnWlOl0UjIvkowoYikJB20qERKEjTAjCPnqZa/AZqbTXx2AgAA[0m[INFO] skip non existing resourceDirectory /var/lib/jenkins/jobs/TSearchUnittest/workspace/cucumber/src/main/resources
[8mha:AAABOR+LCAAAAAAAAACFjsFKxDAQhsdqtXjUmyAIot7SKlWUPbndrQh1PSwIUjzE3Vor3aSmqRQEn8eDvoxv4GkR8R3MNM2KeHDmkI/J/8/8L19glwK2b6txyRkp8irNWEkoK7MRz7kgx4oCpAGXCeias8CKwGkEZ7SQsBNpv9v63ZnfnfmVsBPBwphKKmEluqMP1M0pS92hFBlLO7WAtTbFiLOS5wkJ9Pv7MtSFCrz1f2B18PPZ4e+Xw6kF8zHY12kTdjX+e1z93uDvPTzBokrJ6CRBtuqiEsZB0EFax+vbxfRj/fGkCaSSORKWNv0AGykMPVVInoesZ4b8g8O9rm90YWh0msKmKrzvmM2eZ/YFvZ/NyHpmaLd/1O7DSdAzOk39fWwJdi0TMZHgxKeD8PxqY/kbaqkK+wcCAAA=[0m[INFO] 
[8mha:AAAB5R+LCAAAAAAAAACFUduK00AYHqvV4qXeuQgBWQ+UHFpTN9tlwWbahO7Gtks12A1eTNNpNjEnk0lIFXweL/RlfAPxYhHxHZzJYUW88J+L+fjnO8F8/gXaaQIeXmSbNAqF2M8cN0wFFKauHflRIowoggzNIoJBNddaoGWATkl4gWICHhmVXqz14pVevNJT4pEBbmwQQQTcMTyUI9FHoSMuSeKGzlGRgHt1CzsK08jHAqzuv5NBEdPC+/8vTAN/fupE31bLyxa4boH22inL3rX+DaevW/b6DnwEN2nLEAWY4VYRZ0mjEJhCqBVfvpqXP+5/0MtCtFmHgFsPZMgOQ5om0WFIkhiudg2Snyl9VW54mtbwKqSVk7H8TuMsSY0fHP9xZrjaNag3Oaz92AaOG16FJgN2CGgXBCcBAd+t6Uybv+H2LCW4QMMRnZXaNeCoGXWtDJBK1u70bBl4s9NX8kLq5ifGRM56Tr7wcGGMzcX7YjPR8zw4774+GJzjt4Y/N7f5S89WtMWJg3TXneqnyNUHi50i5zvbHPdCOOotdzTAg1BTz6DZP5h7qzLz+HjPkgKe57kA5Tjk7SiIXR8nfPXXw77wVOgP6y33eIO3KPNJQ3vCPefszM6CNU44anL7N76vAwTiAgAA[0m[INFO] [8mha:AAAAYB+LCAAAAAAAAABb85aBtbiIQSmjNKU4P0+vJLE4u1gvPjexLDVPzxdEGvvmZ+X75ZekLlOVfvTjc8FPJgaGiiIGKaiG5Py84vycVD1nCA1SyAABjCCFBQCV27OjYAAAAA==[0m--- maven-compiler-plugin:2.3.2:compile (default-compile) @ cucumber ---
[8mha:AAABSR+LCAAAAAAAAACFjsFKxDAQhsdqtXjUm7BQEPXWVqmi7MntbkWo9bAgSPEQu7VWuklNUikIPo8HfRnfwNMi4juYNM2KeHDmkI/J/8/8L19gMgrbt/WEEexUZZ0XmDkIsyIlJaHOsaBAUkx4BqoWDDAisFrBGao47ETK73Z+d+53534h7EewNEEccViL7tADckuEc3fMaYHzfkNho0uREsxImTmBen9fhqYSgbf+DywOfj5b5P1yPDNgMQHzOm/Drid/j4vfG/l7D0+wLFJiNM0kG01VU+1wpMPpHK9vF7OP3uNJG0gkszisbPqBbElh6ImS5HmS1UyTf3C4N/C1Lgy1TlHYVi3vW3qz5+l9wfBns2Q107Q7Our2yUkw1DpFo33ZHMyGZ3TKoZecxuH5lR0Tm5GaphmzObFTMq2KMlv9BgeL8agcAgAA[0m[INFO] No sources to compile
[8mha:AAABUB+LCAAAAAAAAACFjsFKxDAQhsdqtXjUmyAURAUPbZUqyp60uxWhrocFQRYPse3WSpvUJJWC4PN40JfxDTwtIr6DSdOsiAdnDvmY/P/M//IFJqOwdVsnjGCnKuosx8xBmOUxKQh1jgUFkoaEp6BqzgAjAqsVnKOKw3ak/G7nd2d+d+YXwl4ECwniiMNKdIcekFsgnLkjTnOc9RoKa12KmGBGitQJ1Pv7MjSVCLz5f2Bx8PPZIu9Xo6kB82Mwb7I27Or473HxO5G/9/AEiyIlRmUq2WiqmmqHIx1O53h9u5x+rD+etoFEMovD0oYfyJYUhp4oSZ4nWc00+QeHeye+1oWh1ikK26rlfUtv9jy9L+j/bJasZpp2B0fdPjkJ+lqnaLAvm4PZ8JSWHHbGZ8Pw4truniGxGalpnDJ7Qmqc2JzYMSmrvEiXvwHdRSHiKQIAAA==[0m[INFO] [INFO] No sources found to compile
[8mha:AAABMR+LCAAAAAAAAACFjrFOwzAQhq+BQMQIGxITAjY7oIBAnSBtWAJLJSTUybQhBKV2cJwqEhLPw9C+DG/AVCHEO+CL4yLEwN3gT+f/v/tnX+CWEvYfqnEpOCnyKs14SRgvs5HIhSTnmkKka6ESMNVxwInBawRXrFBwEBs/bf106adLvxZ2Y1gdM8UUbMaPbMpoznhKB0pmPO3WErbbFCPBS5EnJDTv78tQFzrw3v+B9cHPV0+83w4WDqwMwb1Lm7Bbw7/H9e89/j7BC6zplJxNEmSnLippHQQdpHXM324WHzvPl00gncxTsL4bhNhIUeTrQvJ9ZDOzFJycHl0EVhdFVmcoaqrC+57d7Pt2X9j72YxsZpYO+2ftPpyEPasz1D/GVuDWKpETBZ2Nbxim58gAAgAA[0m
[8mha:AAAB5h+LCAAAAAAAAACFkctu00AUhodAIGIJOyokS6hcFMWXyqEmVSXiSWylNYmrgEVqdTF2pu64vuGbHJB4HhbwMmxYs6oQ4h2YseMixIIzi/l05vzn/6X5/At0sxQ8vijWWRzxSVB4JMp4FGXEjYM45ceUIKN5nGPQ1I0O6BigVw+8QkkOnhiNXtjqhWu9cK2ngwcGuLVGOcrBPcNHJRICFHnCMk9J5B1UKXiwTeHGURYHmIfN/bczqBIaePf/ganhz0+9+PtqedUBN23Qdbw67H37X3P6es5e34GP4DZNGaEQM+5USZG2Cp4p+K3iy1fr6sfDD3odiCbr5eDOIxmyw0jTRFqMRJFx02tJfq7sqXI7p2ntXENaXQXz77WbRbHdByd/NjNuei1J0xfbfawDJ+1cQ9MhOznoVjlOwxx8s2dzbXHG7dhKeIFGY1ortW/AcVuqowyRmjtkdrIM/fnxG9kU++WRMZULyStNH1fGxDLfV+upXpbhaf/t/vAUXxrBwjovX/uuoplHHtIJmenHiOhDc6PI5ca1JlIEx9JyQw18CDX1BFp7+wt/VXseHu7YYjgYDDgvRCWOBs0fjyReHrlxmJAAc0+dggRrPY3jkuDsGfeScwu3CB2cclR49zetW5vs1gIAAA==[0m[INFO] [8mha:AAAAYB+LCAAAAAAAAABb85aBtbiIQSmjNKU4P0+vJLE4u1gvPjexLDVPzxdEGvvmZ+X75ZekLlOVfvTjc8FPJgaGiiIGKaiG5Py84vycVD1nCA1SyAABjCCFBQCV27OjYAAAAA==[0m--- gmaven-plugin:1.4:compile (buildGroovies) @ cucumber ---
[8mha:AAABOR+LCAAAAAAAAACFjsFKxDAQhsdqtXjUmyAIot7SKlWUPbndrQh1PSwIUjzE3Vor3aSmqRQEn8eDvoxv4GkR8R3MNM2KeHDmkI/J/8/8L19glwK2b6txyRkp8irNWEkoK7MRz7kgx4oCpAGXCeias8CKwGkEZ7SQsBNpv9v63ZnfnfmVsBPBwphKKmEluqMP1M0pS92hFBlLO7WAtTbFiLOS5wkJ9Pv7MtSFCrz1f2B18PPZ4e+Xw6kF8zHY12kTdjX+e1z93uDvPTzBokrJ6CRBtuqiEsZB0EFax+vbxfRj/fGkCaSSORKWNv0AGykMPVVInoesZ4b8g8O9rm90YWh0msKmKrzvmM2eZ/YFvZ/NyHpmaLd/1O7DSdAzOk39fWwJdi0TMZHgxKeD8PxqY/kbaqkK+wcCAAA=[0m[INFO] 
[8mha:AAAB7R+LCAAAAAAAAACFkctu00AUhodAaMQSdlRIlhA3RfGlcqhJVYl4EltpTeLKxSK1WIydqWvXl2CPLQcknocFvAxv0FWFEO/AjB0XIRacWcynM+c//y/N11+gm2fg6UWxytOEX0eFHyQ5j5I88NIozfgxJchonhIMmrrVAR0D9OqBN2hNwDOj0QtbvXCjF270dPDAAHdWiCAC7hshKpEQocQXLJIFiX9QZeDhNoWXJnkaYR4299/OoFrTwE/+H5ga/vzSS6+W1nUH3HZA1/XrsA+cf83p6zl7/QA+g7s0ZYJizLhTrYusVfBMwW8V377b1z8efdLrQDRZj4CdxzJkh5GmibQYiSLjpteS/FLZU+V2TtPauYa0ugrm32s3i2K7D07+bGbc9FqSpq+2+1gHTtq5hqZDdgjoVgRnMQFXzmyuLd5zu44SX6DRmNZS7Rtw3JbqKkOkEjeYnVhxOD9+K5tivzwypnIh+aUZ4sqY2ObHajXVyzI+67/bH57hSyNa2OflaegpmnnkIz0IZvoxCvShuVHkcuPZEymBY8naUIMQQk09gfbe/iJc1p6Hh7uOGA8GA86PUYmTQfPHI4mXRz5OcIYIPsU5sUjh5txztwiilZ6laRng/AX3mvMKr4hdnHF0xb3fktI9/+ACAAA=[0m[INFO] [8mha:AAAAYB+LCAAAAAAAAABb85aBtbiIQSmjNKU4P0+vJLE4u1gvPjexLDVPzxdEGvvmZ+X75ZekLlOVfvTjc8FPJgaGiiIGKaiG5Py84vycVD1nCA1SyAABjCCFBQCV27OjYAAAAA==[0m--- gmaven-plugin:1.4:generateTestStubs (buildGroovies) @ cucumber ---
[8mha:AAABSx+LCAAAAAAAAACFj0FLwzAUx5/VavGoN0EpiHprq0xx7KTdOpQ6DwNBhodsjXXSJV2SSkHw83jQL+M38DRE/A4mTTMRD74c8uPl/3/vn5cvsDmD3bsi4ZR4eVakY8I9RPh4RDPKvBNJoaIeFRh0LVhgxeBUgguUC9iLtd+v/f7c78/9UtiKYSlBAglYi+/RA/IzRFK/L9iYpK2SwUadYkQJpxn2Qn3/3gxlLgPv/B9YLvx8duj7dX9mweIA7GFahV0f/F0uX2/V6xSeYFmmJGiCFVtlXjDj8JTDqx2vb1ezj83HbhVIJnMErGw3QnUURVEgS1EQKNY9Q42j44PThtFFkdFpiqoq1H7HTA4CMy9s/0xWrHuG9jvNep7qhG2j09Q5VEeAXQrMJgK2Bme96PLG7WKCGRI4cZvuufypy0Ux5KvfL89tcx0CAAA=[0m[INFO] Generated 9 Java stubs
[8mha:AAABOR+LCAAAAAAAAACFjsFKxDAQhsdqtXjUmyAIot7SKlWUPbndrQh1PSwIUjzE3Vor3aSmqRQEn8eDvoxv4GkR8R3MNM2KeHDmkI/J/8/8L19glwK2b6txyRkp8irNWEkoK7MRz7kgx4oCpAGXCeias8CKwGkEZ7SQsBNpv9v63ZnfnfmVsBPBwphKKmEluqMP1M0pS92hFBlLO7WAtTbFiLOS5wkJ9Pv7MtSFCrz1f2B18PPZ4e+Xw6kF8zHY12kTdjX+e1z93uDvPTzBokrJ6CRBtuqiEsZB0EFax+vbxfRj/fGkCaSSORKWNv0AGykMPVVInoesZ4b8g8O9rm90YWh0msKmKrzvmM2eZ/YFvZ/NyHpmaLd/1O7DSdAzOk39fWwJdi0TMZHgxKeD8PxqY/kbaqkK+wcCAAA=[0m[INFO] 
[8mha:AAAB7B+LCAAAAAAAAACFkctu00AUhodAIGIJOyokS4ibIl8S2dSkqkQ8ia20JnEJWKRWFxNn4tr4Euyx5YDE87CAl+ENWFUIwTMwY8dFFQvOLPzpnPOf/5f85RdoZyl4dJ6vsiQWNmHu+XEmoDjz3SRMUmFICTKaJgSDuq61QMsEnWrhJdoQ8Nis9eJOL17qxUs9XTwwwY0VIoiAO2aACiSGKPbEOUn92DsoU3Bvl8JN4iwJsQDr71VnUG5o4If/D0wNf37uJN8X84sWuO6A9tKrwt51/jWn0zWbvgefwE2aMkYRZtwqN3naKASmEHaKr9/six/3PxpVIJqsQ8CtBzJkj5GuS7QYSRLjuteQ/Ezta3Kzp+vNXk16VTnz7zSXJam5B0d/LzOuew31xs9391gHjpq9msYKewS0S4LTiIDfzmSqz864PUeNztFgSGuhdU04bEpbqgrSyNKfnMyjYHr8RrakbnFkjuW85xVWgEtzZFsfytXYKIrotPt2XznF78xwZq+L14Gr6taRhwzfnxjHyDcUa6vKxda1R70YDnvzLTUIINS1E2j392fBovI8PNxzpIjneS5CBY75FGdJnro44+ufPegLyoDgjLxqBtyTFV6jPCT8lfZT7gXn5m4eLXHK0Xu3/wBawwU37QIAAA==[0m[INFO] [8mha:AAAAYB+LCAAAAAAAAABb85aBtbiIQSmjNKU4P0+vJLE4u1gvPjexLDVPzxdEGvvmZ+X75ZekLlOVfvTjc8FPJgaGiiIGKaiG5Py84vycVD1nCA1SyAABjCCFBQCV27OjYAAAAA==[0m--- maven-resources-plugin:2.5:testResources (default-testResources) @ cucumber ---
[8mha:AAABSR+LCAAAAAAAAACFkMFKxDAQhsdqtXjUm6AsiHprq1RR9qTdrZfqZUGQ4iHbxlrpJjVNpCj4PB70ZXwDT4uI72DSNCviwckhH5P/n/nJyxfYNYPtG5HVlLhVKfKC1C4idZHSkjL3WFKo6JxyDLrmLLBicFrBGao47MTa73V+b+b3Zn4p7MewkCGOOKzEt+geeSUiuTfirCB5v2Gw1qVIKalpid1Q3783Q1PJwFv/B5YLP58d+n45mlown4A9ztuwq8nf5fL1Wr3ewRMsypQETbBiq6kEMw5XOdzO8fp2Mf1YfzxtA8lkDoelzSBUR1EU+bIU+b5i3TMUHBzunQRGF0VGpylqS6j9jpns+2ZeOPiZrFj3DO0Oj7p5qhMOjE7TcF8dDnbDMZtw2EgyPBb5VQ83OBUc9+TPc9xwgcriAS9/A5XpSKMdAgAA[0m[debug] execute contextualize
[8mha:AAABYB+LCAAAAAAAAACFj0FLwzAUx5/VafGoN0EoiO5kW2XKdCftVhHqPMwJMjzENquVmtQklYrg5/GgX8Zv4GmI+B1M2mYiHnw55MfL///ePy9f0OAMNq7ziFNiZ2keJ4TbiPAkpCll9oEkT1GfCgxVzRhgBGCWghOUCWgGld+p/c7U70z9UtgJYC5CAglYCm7QPXJSRGJnIFhC4k7BYKVOEVLCaYptr7p/b4Yik4HX/w8sF34+m/T9YjAxYHYEjau4DLs8+rtcvo7V6x08wbxMSdAtVmwUWc60w1YOu3a8vp1PPlYfj8pAMpkpYGGt5amjyPddWYpcV3HV09TabW8ftrTO97WuIr+sXO039WTX1fO87s9kxVVP01Zvr56nOl5X6yrq7agjoFEIzG4F7I+O+/7ppTXk8ktWc3jmb7abFiYhjVRDUCuk2YM1TlKpx5HFMKc5CzG3F78Bz0LDdTkCAAA=[0m[INFO] Using 'UTF-8' encoding to copy filtered resources.
[8mha:AAABSR+LCAAAAAAAAACFj8FKxDAQhsdqtXjUmyIURL21Vasoe9LuVoS6HhYEKR5it9ZKN+kmqVQEn8eDvoxv4GkR8R1MmmZFPDg55GPy/zN/Xr7AZBQ2b6shI9gpiyrLMXMQZnlCCkKdI0GBpD7hKaiaMcCIwGoEZ6jksBUpv9v63anfnfqFsBPB3BBxxGEpukP3yC0QztwBpznOOjWFlTZFQjAjReoE6v69GepSBN74P7BY+PlskffLwcSA2RjM66wJuxz/XS5eb+TrGJ5gXqTEaJRKNuqyotrhSIfTOl7fLiYfa48nTSCRzOKwsO4H8kgKQ0+UJM+TrHqa/P2DnWNf68JQ6xSFTVVyv6Une56eF3R/JktWPU3bvcN2nuwEXa1T1NuTh4NZ85SOOKzGp/3w/MoOSPkgPmXv2jRlpKJJyha/AWKwgQgaAgAA[0m[INFO] Copying 3 resources
[8mha:AAABiR+LCAAAAAAAAACFkcFKw0AQhsdqtXjUmyAERD2ZjVpF6UnTRoRYD1VBiodtuk1T0924O6kVwefxoC/jG3gqIr6Du01TEQ/OHvZjZv6Zf9mXLygqCRvdtK0Et5M4DSOubMpVFIhYSPtIk2uoLpBBFjMFKPhQGjec0QRh08/0ZKInUz2Z6nVjxYe5NkWKsOT36ICSmPKQNFBGPKwMJaxMXASCKxEz283u35thmGjD6/8b1gs/n0vi/boxKsBsE4qtcGx2ufl3ua52TPUOnmBeu+S0zwwXhkkqc4VtFPZE8fp2NfpYfTwZG9LOSggLa2XXHEOe5+gw5DiGs1xO5f2DneNy3ud5eV9G3jhSs7+UT3acfJ5b/ZlsOMvltF07nMwzGbea92VU2zMHoThEJvsI2Dyte+c3liuSB/0oa9eSTIlUBkxZKCwyoJLEUYv0GL8139oTLUUuGozKoHvJI0SmkNwLeasSGjASpEHabzFJkMqQITHlrSCmSjFFOoxiqscvfgM/0EEZcwIAAA==[0m[INFO] Copying 3 resources to /var/lib/jenkins/jobs/TSearchUnittest/workspace/cucumber/target/test-classes/features
[8mha:AAABOR+LCAAAAAAAAACFjsFKxDAQhsdqtXjUmyAIot7SKlWUPbndrQh1PSwIUjzE3Vor3aSmqRQEn8eDvoxv4GkR8R3MNM2KeHDmkI/J/8/8L19glwK2b6txyRkp8irNWEkoK7MRz7kgx4oCpAGXCeias8CKwGkEZ7SQsBNpv9v63ZnfnfmVsBPBwphKKmEluqMP1M0pS92hFBlLO7WAtTbFiLOS5wkJ9Pv7MtSFCrz1f2B18PPZ4e+Xw6kF8zHY12kTdjX+e1z93uDvPTzBokrJ6CRBtuqiEsZB0EFax+vbxfRj/fGkCaSSORKWNv0AGykMPVVInoesZ4b8g8O9rm90YWh0msKmKrzvmM2eZ/YFvZ/NyHpmaLd/1O7DSdAzOk39fWwJdi0TMZHgxKeD8PxqY/kbaqkK+wcCAAA=[0m[INFO] 
[8mha:AAAB7B+LCAAAAAAAAACFkctu00AUhodAIGIJOyokS4ibIl8SHGpSVSKexFZak7gKWKRWFxNn4tr4hj22HJB4HhbwMrwBqwpVvAMzdlxALDiz8Kdzzn/+X/KXn6CdpeDReb7O4khIgtz1okxAUeY5cRCnwogSZDSLCQZ1XWuBlgE61cIrlBDw2Kj14k4vXunFKz1dPDDAjTUiiIA7ho8KJAYocsUFSb3IPShTcG+XwomjLA6wAOvv386gTGjgh/8PTA0vP3fi78vFRQtct0F75VZh79r/mtPphk3fg0/gJk0ZoRAzbpVJnjYKgSmEneLrN+vix/2PehWIJusQcOuBDNljpGkSLUaSxLjuNSQ/V/qq3OxpWrNXk1ZVzvw7zWVJau7B8e/LjOteQ73Ji9091oHjZq+myYA9AtolwWlIwKU9nWnzM27PVsJzNBzRWqpdA46aUlfKAKlk5U1PFqE/O34jm1K3ODImct5zC9PHpTG2zA/leqIXRXjafbs/OMXvjGBubYrXvqNo5pGLdM+b6sfI0wfmVpGLrWONexEc9RZbauBDqKkn0Orvz/1l5Xl4uGdLIc/zXIgKHPFOHCZegFO+/tfDvvBM6A8JzgisJ9yTNd6gPCD8H82n3EvOyZ08XOGUo8du/wIsZz1k6gIAAA==[0m[INFO] [8mha:AAAAYB+LCAAAAAAAAABb85aBtbiIQSmjNKU4P0+vJLE4u1gvPjexLDVPzxdEGvvmZ+X75ZekLlOVfvTjc8FPJgaGiiIGKaiG5Py84vycVD1nCA1SyAABjCCFBQCV27OjYAAAAA==[0m--- maven-compiler-plugin:2.3.2:testCompile (default-testCompile) @ cucumber ---
[8mha:AAABhx+LCAAAAAAAAACFkUFLwzAUx5/TafGoN0EoiHqyqTLFsZN2qwh1HqaCDA9Zl3XdsqQm6SwIfh4P+mX8Bp6GiN/BZF0n4sGXQ3689/7v/UNevqAsBez0067kzEloGsVMOpjJOOSUC+dEk2eoyRWBPBZKUArAmjZc4ETBbpDr0UyP5no01+vGWgBLXaywgrVggMcYUcwi1FIiZlEtE7AxcxFyJjkljpffvzdDlmjD2/8b1gs/ny3+ftualGCxDeVONDW73v67XFd7pnoPT7CsXTI8IoZLWZKKQuEYhTNTvL7dTD42H8+mhrQzS8HKVsUzx5DvuzoMua7hPFdQ5ej44LRS9Pl+0ZeTP43U7LeKya5bzPPqP5MN57mC9hvV2TyT8epFX06NQ3MUlDNFxEhB0j5v+pd3tsdHSUz1s+yqLXkqQmL3YkqkrbiNxlggGnfQgLCh+dsB70h01SJYhP1rFitFpEIPXAxlgkOCwjRMRx0ikMIiIgqZ8l5IsZRErn4DokGU4m8CAAA=[0m[INFO] Compiling 9 source files to /var/lib/jenkins/jobs/TSearchUnittest/workspace/cucumber/target/test-classes
[8mha:AAABOR+LCAAAAAAAAACFjsFKxDAQhsdqtXjUmyAIot7SKlWUPbndrQh1PSwIUjzE3Vor3aSmqRQEn8eDvoxv4GkR8R3MNM2KeHDmkI/J/8/8L19glwK2b6txyRkp8irNWEkoK7MRz7kgx4oCpAGXCeias8CKwGkEZ7SQsBNpv9v63ZnfnfmVsBPBwphKKmEluqMP1M0pS92hFBlLO7WAtTbFiLOS5wkJ9Pv7MtSFCrz1f2B18PPZ4e+Xw6kF8zHY12kTdjX+e1z93uDvPTzBokrJ6CRBtuqiEsZB0EFax+vbxfRj/fGkCaSSORKWNv0AGykMPVVInoesZ4b8g8O9rm90YWh0msKmKrzvmM2eZ/YFvZ/NyHpmaLd/1O7DSdAzOk39fWwJdi0TMZHgxKeD8PxqY/kbaqkK+wcCAAA=[0m[INFO] 
[8mha:AAAB6R+LCAAAAAAAAACFkctu00AUhodAIGIJOyokS6hcFMWXyqEmVSXiSWylNYmrgEVqdTF2pq5d37DHlgMSz8MCXoYtK1YVQrwDM3ZchFhwZjGfzpz//L80n3+Bbp6BxxfFOk9iPg0Lz49zHsW57yZhkvFjSpDRPCEYNHWjAzoG6NUDr1BKwBOj0QtbvXCtF671dPDAALfWiCAC7hkBKpEQotgTliTzY++gysCDbQo3ifMkxDxs7r+dQZXSwLv/D0wNf37qJd9Xy6sOuGmDruPVYe/b/5rT13P2+g58BLdpyhhFmHGnSousVfBMwW8VX75aVz8eftDrQDRZj4A7j2TIDiNNE2kxEkXGTa8l+bmyp8rtnKa1cw1pdRXMv9duFsV2H5z82cy46bUkTV9s97EOnLRzDU2H7BDQrQjOIgK+2bO5tjjjdmwlukCjMa2V2jfguC3VUYZIJY4/O1lGwfz4jWyK/fLImMqF5JVmgCtjYpnvq/VUL8votP92f3iKL41wYZ2XrwNX0cwjD+m+P9OPka8PzY0ilxvXmkgxHEvLDTUIINTUE2jt7S+CVe15eLhji9FgMOC8CJU4HjR/PJJ4eURwTmASpX6IuadO4YdrPUuS0sf5M+4l5xZuETk446j47m+MvaPK2gIAAA==[0m[INFO] [8mha:AAAAYB+LCAAAAAAAAABb85aBtbiIQSmjNKU4P0+vJLE4u1gvPjexLDVPzxdEGvvmZ+X75ZekLlOVfvTjc8FPJgaGiiIGKaiG5Py84vycVD1nCA1SyAABjCCFBQCV27OjYAAAAA==[0m--- gmaven-plugin:1.4:testCompile (buildGroovies) @ cucumber ---
[8mha:AAABTx+LCAAAAAAAAACFjsFKw0AQhsdoNHjUmyAERb0lUaNYetK0KUKsh4IgwcPaxhhJd+PupkQEn8eDvoxv4KmI+A7uZrMV8eDMYT9m/3/mf/kCk1HYvi1HjGCnyMs0w8xBmGVDkhPqHAsKJPUJT0DVnAFGBFYtOEMFh51I+d3G78787swvhO0IFkaIIw4r0R2aIDdHOHUHnGY4bVcU1poUQ4IZyRMnUO/vy1AVIvDW/4HFwc9ni7xfDqYGzMdgXqd12NX473HxeyN/7+EJFkVKjMaJZKMqSqodjnQ4jeP17WL6sf7YqwOJZBaHpU0/kC0pDD1RkjxPsppp8g+P9k58rQtDrVMU1lXK+5be7Hl6X9D52SxZzTTtdlvNPjkJOlqnqHsgm4NZ8YSOOWzEp/3w/MoOyLjI8mRk77fsHiVk8mAPc8RYwpa/AYJGmAghAgAA[0m[INFO] Compiled 39 Groovy classes
[8mha:AAABhh+LCAAAAAAAAACFkUFLwzAUx5/VafGoN0EoiHqyqTJF3Um7VYQ6D1NBhoesy7puXVKTdE4FP48H/TJ+A09DxO9gsrYT8eDLIT9e3v///pCXLygJDhvdtC0YtZM4DSMqbExFFLCYcftIkaupziSBrGYMMHwwJwNnOJGw6Wd6lOvRVI+mejVY8WGujSWWsOT38BCjGNMQNSSPaFgZcVjJUwSMChYT283u35thlKjA6/8HVgs/n032ft0YGzDbhFIrnIRdbv5drl47+vUWnmBepaR4QDQboyTlhcLWCjtXvL5djT9WH08mgVQyU8LCWtnVR5PnOao0OY7mrFdQeW9/57hczHleMZeRN6lU7zcLZ8cp/Nzqj7PmrFfQdu0g99Mdt1rMZVTb1UdCaSQJH0h4aJ7WvfMbK78aKSediBOLk4RxabUVB5Lx+0MLDTFHcdRCPUL7+od7rCXQRYNgHnQvaSQlERLdMd4XCQ4ICtIgHbQIRxLzkEgkcuutzFosfgODE+wgeQIAAA==[0m[INFO] [INFO] Surefire report directory: /var/lib/jenkins/jobs/TSearchUnittest/workspace/cucumber/target/surefire-reports
[8mha:AAABMR+LCAAAAAAAAACFjrFOwzAQhq+BQMQIGxITAjY7oIBAnSBtWAJLJSTUybQhBKV2cJwqEhLPw9C+DG/AVCHEO+CL4yLEwN3gT+f/v/tnX+CWEvYfqnEpOCnyKs14SRgvs5HIhSTnmkKka6ESMNVxwInBawRXrFBwEBs/bf106adLvxZ2Y1gdM8UUbMaPbMpoznhKB0pmPO3WErbbFCPBS5EnJDTv78tQFzrw3v+B9cHPV0+83w4WDqwMwb1Lm7Bbw7/H9e89/j7BC6zplJxNEmSnLippHQQdpHXM324WHzvPl00gncxTsL4bhNhIUeTrQvJ9ZDOzFJycHl0EVhdFVmcoaqrC+57d7Pt2X9j72YxsZpYO+2ftPpyEPasz1D/GVuDWKpETBZ2Nbxim58gAAgAA[0m
[8mha:AAAB6R+LCAAAAAAAAACFkctu00AUhodAIGIJOyokS6hcFPkWOdSkqkQ8ia20JnEVsEitLibOxLXrS7DHlgMSz8MCXoY1G1YVQrwDM3ZchFhwZuFvzpz//L/kz79AO0vB44t8lSWxsAlzz48zAcWZ7yZhkgpDSpDRNCEY1HWjBVom6FQDr9CGgCdmrRd3evFaL17r6eChCW6tEEEE3DMDVCAxRLEnzknqx95hmYIHuxRuEmdJiAVYf/92BuWGBt7/f2Bq+PNTJ/m+mF+1wE0HtJdeFfa+8685fV2z13fgI7hNU8Yowoxb5SZPG4XAFMJO8eWrffXj4QejCkSTdQi480iB7DDSdYkWI0liXPcaUp6rPU1p5nS9matJrypn/p1msyQ1++Doz2bGda8hefxit4914KiZq2ncZ4eAdklwGhHwzZlM9dk5t+eo0QUaDGkttK4Jh01pS7WPNLL0J6fzKJievFEsqVscm2Mll73CCnBpjmzrfbkaG0URnXXfHvTP8KUZzux18TpwVd069pDh+xPjBPlG39qqSrF17ZEcw6E831KDAEJdO4V272AWLCrPo6M9R4p4nuciVOCYz/IUr/0U8/W/HvQEWRoQnBHu6QqvUR4Snt2ecS85N3fzaIlTjqrv/gZiSAMx2wIAAA==[0m[INFO] [8mha:AAAAYB+LCAAAAAAAAABb85aBtbiIQSmjNKU4P0+vJLE4u1gvPjexLDVPzxdEGvvmZ+X75ZekLlOVfvTjc8FPJgaGiiIGKaiG5Py84vycVD1nCA1SyAABjCCFBQCV27OjYAAAAA==[0m--- maven-surefire-plugin:2.10:test (default-test) @ cucumber ---
[8mha:AAABMR+LCAAAAAAAAACFjrFOwzAQhq+BQMQIGxITAjY7oIBAnSBtWAJLJSTUybQhBKV2cJwqEhLPw9C+DG/AVCHEO+CL4yLEwN3gT+f/v/tnX+CWEvYfqnEpOCnyKs14SRgvs5HIhSTnmkKka6ESMNVxwInBawRXrFBwEBs/bf106adLvxZ2Y1gdM8UUbMaPbMpoznhKB0pmPO3WErbbFCPBS5EnJDTv78tQFzrw3v+B9cHPV0+83w4WDqwMwb1Lm7Bbw7/H9e89/j7BC6zplJxNEmSnLippHQQdpHXM324WHzvPl00gncxTsL4bhNhIUeTrQvJ9ZDOzFJycHl0EVhdFVmcoaqrC+57d7Pt2X9j72YxsZpYO+2ftPpyEPasz1D/GVuDWKpETBZ2Nbxim58gAAgAA[0m
[8mha:AAABNR+LCAAAAAAAAACdjrFKxEAQhsdoNFhqJ1iJWrkbJcrJVZq72ESbA0GuWu9ijOR242ZzBASfx0JfxjewOkR8B3ey2ROxEJwp9mP2/2f+509wSwk7t9W4FJwUeZVmvCSMl9lI5EKSE00h0oVQCZhacMCJwWsE56xQsBsbP239dO6nc78WdmNYGjPFFKzFd2zKaM54SgdKZjzt1hI22hQjwUuRJyQ078/LUBc68PbfgfXBjydPvF0NZg4sDsG9Tpuw68Pfx/XvDf7ewyMs65ScTRJkpy4qaR0EHaR1vLxezt43H86aQDqZp2BlKwixkaLI14Xk+8hmZik46hycBlYXRVZnKGqqwvue3ez7dl/Y+96MbGaW9vvH7T6chD2rM9Q/xFbg1iqREwWdvf/V6hdjsPiwNwIAAA==[0m-------------------------------------------------------
[8mha:AAABOR+LCAAAAAAAAACFjsFKxDAQhsdqtehNb4JQEPWWVqmi7Em7rZfqpSLInuJurSvdpKapFASfx4O+jG/gaRHxHcw0zYp4cALJx+T/Z/6XL7ArAdu39ajijJRFnY9ZRSirxkNecEGOFYVI51xmoGvOAisBpxWc0VLCTqL9Xuf3Zn5v5lfCXgILIyqphNXkjj5Qr6As91IpxizvNQLWuxRDzipeZCTU7+/N0JQq8Nb/gdXCz2eHv1+lUwvmB2Bf523YtcHf5er3Bn/v4QkWVUpGJxmy1ZS1MA6CDtI5Xt8upx8bj6dtIJXMkbC0GYR4kOLYV4Xk+8i6Zyg4ONw7CYwujo1OU9xWjfsdM9n3zbyw/zMZWfcM7UZH3TzshH2j0xTt45FgNzITEwkr7oUbuam60+Vv763aYgoCAAA=[0m T E S T S
[8mha:AAABNR+LCAAAAAAAAACdjrFKxEAQhsdoNFhqJ1iJWrkbJcrJVZq72ESbA0GuWu9ijOR242ZzBASfx0JfxjewOkR8B3ey2ROxEJwp9mP2/2f+509wSwk7t9W4FJwUeZVmvCSMl9lI5EKSE00h0oVQCZhacMCJwWsE56xQsBsbP239dO6nc78WdmNYGjPFFKzFd2zKaM54SgdKZjzt1hI22hQjwUuRJyQ078/LUBc68PbfgfXBjydPvF0NZg4sDsG9Tpuw68Pfx/XvDf7ewyMs65ScTRJkpy4qaR0EHaR1vLxezt43H86aQDqZp2BlKwixkaLI14Xk+8hmZik46hycBlYXRVZnKGqqwvue3ez7dl/Y+96MbGaW9vvH7T6chD2rM9Q/xFbg1iqREwWdvf/V6hdjsPiwNwIAAA==[0m-------------------------------------------------------
[8mha:AAABMR+LCAAAAAAAAACFjrFOwzAQhq+BQMQIGxITAjY7oIBAnSBtWAJLJSTUybQhBKV2cJwqEhLPw9C+DG/AVCHEO+CL4yLEwN3gT+f/v/tnX+CWEvYfqnEpOCnyKs14SRgvs5HIhSTnmkKka6ESMNVxwInBawRXrFBwEBs/bf106adLvxZ2Y1gdM8UUbMaPbMpoznhKB0pmPO3WErbbFCPBS5EnJDTv78tQFzrw3v+B9cHPV0+83w4WDqwMwb1Lm7Bbw7/H9e89/j7BC6zplJxNEmSnLippHQQdpHXM324WHzvPl00gncxTsL4bhNhIUeTrQvJ9ZDOzFJycHl0EVhdFVmcoaqrC+57d7Pt2X9j72YxsZpYO+2ftPpyEPasz1D/GVuDWKpETBZ2Nbxim58gAAgAA[0m
[8mha:AAABOR+LCAAAAAAAAACFjsFKxDAQhsdqtexRb4IgiHpLq1RR96TdrZfqwQVB9hR3a610k5qkUhB8Hg/6Mr6Bp0XEdzDTNCviwZlDPib/P/O/fIErBWzdVmPJGSmLKsuZJJTJfMQLLsixpgjpnKsUTM054CTgNYIzWirYTozfb/3+zO/P/FrYTWBhTBVVsJzc0QfqF5Rl/kCJnGXdWsBqm2LEmeRFSiLz/r4MdakDb/4fWB/8fPb4+9Vg6sD8ENzrrAm7Mvx7XP/e4O89PMGiTsnoJEV26rIS1kHQQVrH69vl9GPt8bQJpJN5CpY2wggbKY4DXUhBgGxmlsL9g92T0Ori2OoMxU1VeN+zm4PA7ot6P5uRzczSTv+w3YeTqGd1hvp72ArcWqVioqBzkcqqUHL9qPMNuwXJUgkCAAA=[0mResults :
[8mha:AAABMR+LCAAAAAAAAACFjrFOwzAQhq+BQMQIGxITAjY7oIBAnSBtWAJLJSTUybQhBKV2cJwqEhLPw9C+DG/AVCHEO+CL4yLEwN3gT+f/v/tnX+CWEvYfqnEpOCnyKs14SRgvs5HIhSTnmkKka6ESMNVxwInBawRXrFBwEBs/bf106adLvxZ2Y1gdM8UUbMaPbMpoznhKB0pmPO3WErbbFCPBS5EnJDTv78tQFzrw3v+B9cHPV0+83w4WDqwMwb1Lm7Bbw7/H9e89/j7BC6zplJxNEmSnLippHQQdpHXM324WHzvPl00gncxTsL4bhNhIUeTrQvJ9ZDOzFJycHl0EVhdFVmcoaqrC+57d7Pt2X9j72YxsZpYO+2ftPpyEPasz1D/GVuDWKpETBZ2Nbxim58gAAgAA[0m
[8mha:AAABUR+LCAAAAAAAAACFjsFKxDAQhsfqavGoN0FYEPUiaVdWUfek3dZL9VIRZE9xN9ZqN+kmqRQEn8eDvoxv4GkR8R1MmmZFPDg55Mvk/2f+ly9oCQ5bt+VIMIqKvEwzKhCmIhuynHF0rCjQdM4kAVNzDjgxuLXgDBcStmPj9xq/N/N7M78S9mJYGGGJJazEd/gBezmmqZdIntG0V3FYa1IMGRUsJygw9+/NUBUq8Ob/gdXCz2eXvV8lUwfmB9C6Tuuwq4O/y9Xvjf6dwBMsqpQUj4lmpypKbh1IO1DjeH27nH6sP57WgVQyV8LSRjfQR1MU+ao0+b5m07PU3T/YPelaXRRZnaGorlLvd+1k37fzgv7PZM2mZ6kTHjbzdCfoW52hcE8fCa1KEj6W0LkgQoo2L+lR299pRzjLS05E/Qg5Z9xgcp8VBRkpXv4G/KmE3TACAAA=[0mTests run: 0, Failures: 0, Errors: 0, Skipped: 0
[8mha:AAABMR+LCAAAAAAAAACFjrFOwzAQhq+BQMQIGxITAjY7oIBAnSBtWAJLJSTUybQhBKV2cJwqEhLPw9C+DG/AVCHEO+CL4yLEwN3gT+f/v/tnX+CWEvYfqnEpOCnyKs14SRgvs5HIhSTnmkKka6ESMNVxwInBawRXrFBwEBs/bf106adLvxZ2Y1gdM8UUbMaPbMpoznhKB0pmPO3WErbbFCPBS5EnJDTv78tQFzrw3v+B9cHPV0+83w4WDqwMwb1Lm7Bbw7/H9e89/j7BC6zplJxNEmSnLippHQQdpHXM324WHzvPl00gncxTsL4bhNhIUeTrQvJ9ZDOzFJycHl0EVhdFVmcoaqrC+57d7Pt2X9j72YxsZpYO+2ftPpyEPasz1D/GVuDWKpETBZ2Nbxim58gAAgAA[0m
[8mha:AAABTR+LCAAAAAAAAACFj8FKxDAQhsdqtXjUmyCsiHprq6yi7GntbkWte7AgyOIhtrGudJOapFIQfB4P+jK+gadFxHcwaZoV8eDkkI/J/8/8efkCmzPYvC1TTolb5GU2ItxFhI8SmlPmdiUFigZUYNA1Y4EVgVMLzlAhYCvSfq/xe1O/N/VLYSeCuRQJJGApukMPyMsRybxYsBHJOhWDlSZFQgmnOXYDff/eDFUhA2/8H1gu/Hx26PtlPLFgdgj2dVaHXR7+XS5fb9TrPTzBvExJ0BgrtqqiZMbhKofbOF7fLiYfq49HdSCZzBGwsN4O1FEUhr4sRb6vWPcMtff2dw7bRheGRqcprKtU+x0z2ffNvKD3M1mx7hna7h8081Qn6Bmdpv6uOgLsSmA2FrA2POkPTo8H8VXrHCeUpfJnLYG5aDHMy1zwxW9i5kciIAIAAA==[0m[JENKINS] Recording test results
[8mha:AAABPh+LCAAAAAAAAABb85aBtbiIQS2jNKU4P0+vIKc0PTOvWC8xrzgzOT8nv0jPEchyBrH88ktSGSCAkYmByYeBA6zAN7GghEHdB6JfH6pfH65fH64fqNDah4ElJbEksYRByCcrsSxRPycxL10/uKQoMy/duqKIQQrqiuT8vOL8nFQ9ZwiNajNDRQHQwaqEHQy08PUKjvyHkcHPmRiYoxlYk9LBjhWOxrQcKJsGki1kqGNgA7oyLzE3FcRmqigoLYLp0APp0IPqWHsp7PlL2Wp3sIOALuMoYWBXNnEGQRDLzc0ACEAsAwMQGyIGY5mYWRg5mcDUubnB1EFYbmBQCrKfA2aygQHMPGcXhMkgNkQMxjJ0tYSaBxJxdoGpg7BcTUGwhIG1oiS1KLeEISDa08/NP1ZBl0qACwBzBPd0TwIAAA==[0m[INFO] ------------------------------------------------------------------------
[8mha:AAABRx+LCAAAAAAAAACFjsFKxDAQhsdqtXjUiwjCgqi3tkoVdU/a3YhQV7AgSPEQu7WutElNU6kIPo8HfRnfwNMi4juYNM2KeHDmkI/J/8/8L19glgzWb6phSYldZFU6IqWNSTmKaUaZfSDIlzSgPAFVUwYYAViN4AQXHDYC5XdavzPxOxO/EHYDmBlijjksBLf4HjsZJqkTcjYiabdmsNymiCkpaZbYvnp/X4a6EIHX/g8sDn4+W/T9IhwbMB2BeZU2YRejv8fF77X8vYMnmBUpCc4TyUZdVEw7bOmwW8fr2/n4Y+XxqAkkklkc5lY9X7YkhFxRklxXsppp8nZ2tw49rUNI6xShpip539KbXVfv83s/myWrmabN/l67T078ntYp6m/L5mDWPGE5h6XoeIBOLztnCY45ZZ2wynPMHvbnvwEz5azBFwIAAA==[0m[INFO] Reactor Summary:
[8mha:AAABOR+LCAAAAAAAAACFjsFKxDAQhsdqtXjUmyAIot7SKlWUPbndrQh1PSwIUjzE3Vor3aSmqRQEn8eDvoxv4GkR8R3MNM2KeHDmkI/J/8/8L19glwK2b6txyRkp8irNWEkoK7MRz7kgx4oCpAGXCeias8CKwGkEZ7SQsBNpv9v63ZnfnfmVsBPBwphKKmEluqMP1M0pS92hFBlLO7WAtTbFiLOS5wkJ9Pv7MtSFCrz1f2B18PPZ4e+Xw6kF8zHY12kTdjX+e1z93uDvPTzBokrJ6CRBtuqiEsZB0EFax+vbxfRj/fGkCaSSORKWNv0AGykMPVVInoesZ4b8g8O9rm90YWh0msKmKrzvmM2eZ/YFvZ/NyHpmaLd/1O7DSdAzOk39fWwJdi0TMZHgxKeD8PxqY/kbaqkK+wcCAAA=[0m[INFO] 
[8mha:AAABVR+LCAAAAAAAAACNjsFKw0AQhsdoNXjUmyAERL1t0lKr4km3jQhpKwQFCT2sbUwr6SZuNhIQfB4P+jK+gaci4ju4m81WxIPOHPZj9v9n/udPqGUMdsb5KEsoSuM8mtAMEZpNhkmcMHQsCEvqJTwEVQsGGB6YpaBLUg67nvLbld+e++25XwiPPFgaEU44rHm35J7YMaGR7XM2odFRwWCjSjFMaJbEIcLq/XkZilQE3v47sDj48WQmb1f+zIDFAGrXURl2Pfh9XPzeyN87eIRlkZKSaSjZKNKcaQeSDlQ5Xl4vZ++bD6dlIJHM5LCy1cSyJbmuI0qS40hWM03N1kHjpKl1rqt1ityycnnf1JsdR+/D7e/NktVMU71zWO2TE9zWOkWdPdkcagUP2ZSDF5z13P7A8kPChmPrvN+10D/L8i8w7vi+FTRQq76fDVa/ALwdK+9LAgAA[0m[INFO] Search POM ........................................ SUCCESS [2.617s]
[8mha:AAABVB+LCAAAAAAAAACVjsFKw0AQhsdoNXjUmyAERL1tUo2i9qRpI0JsD0FBQg9rG9NKuom7GwkIPo8HfRnfwFMR8R3czWYr4kGcOezH7P/P/M+f0GAUtkbFkGUE5WmRjAlDmLDxIEszio4FeZK6GY9B1ZwBRgBmJTjHOYftQPnt2m/P/PbML4StABaGmGMOK8Etvsd2iklih5yOSdIqKazVKQYZYVkaI0+9Py9DmYvAm38HFgc/nszs7SqcGjAfQeM6qcKuRr+Pi98b+XsHj7AoUhI8iSUbZV5Q7UDSgWrHy+vl9H394bQKJJKZHJY2XE+2JN93RElyHMlqpsndP9g5cbXO97VOkV9VIe+berPj6H1e+3uzZDXT1Owc1vvkxGtrnaLOnmwOjZLHdMKhF511/V7fYjGmg5GF/lFWeOF5nTC0oubRzi5qug7rL38BcLrGaE4CAAA=[0m[INFO] search ............................................ SUCCESS [1:23.140s]
[8mha:AAABUh+LCAAAAAAAAACNjsFKw0AQhsdoNXjUmyAERL1tUolS6Um3jQixHoKChB62aYyVdDduNhIQfB4P+jK+gaci4ju4m2Qr4kFnDvsx+/8z//MntHIOOzfFOGcUZWmRTGiOCM0nEUsZR0eSsKIBEzHUtWCA4YNZCc5IJmDXr/1247fnfnvul8KuD0tjIoiANf+W3BM7JTSxA8EnNOmWHDaaFBGjOUtjhOv352UoMxl4++/A8uDHk8neroKZAYshtEZJFXY9/H1c/l6r3zt4hGWZkpJprNgos4JrB1IO1DheXi9n75sPJ1UgmcwUsLLlYtWKPM+RpchxFNczTe5BZ+/Y1TrP07qavKoKdd/Umx1H78O9782K65mmdv+w2acmuKd1NfX3VQtolSLmUwF+eDrwzodWVETFdBRzC/27rOAC434QWKGL3HYnH65+AYEwVOZLAgAA[0m[INFO] cucumber .......................................... SUCCESS [4.418s]
[8mha:AAABPh+LCAAAAAAAAABb85aBtbiIQS2jNKU4P0+vIKc0PTOvWC8xrzgzOT8nv0jPEchyBrH88ktSGSCAkYmByYeBA6zAN7GghEHdB6JfH6pfH65fH64fqNDah4ElJbEksYRByCcrsSxRPycxL10/uKQoMy/duqKIQQrqiuT8vOL8nFQ9ZwiNajNDRQHQwaqEHQy08PUKjvyHkcHPmRiYoxlYk9LBjhWOxrQcKJsGki1kqGNgA7oyLzE3FcRmqigoLYLp0APp0IPqWHsp7PlL2Wp3sIOALuMoYWBXNnEGQRDLzc0ACEAsAwMQGyIGY5mYWRg5mcDUubnB1EFYbmBQCrKfA2aygQHMPGcXhMkgNkQMxjJ0tYSaBxJxdoGpg7BcTUGwhIG1oiS1KLeEISDa08/NP1ZBl0qACwBzBPd0TwIAAA==[0m[INFO] ------------------------------------------------------------------------
[8mha:AAABRh+LCAAAAAAAAACFjsFKw0AQhsdoNHhUvAhCQdRbEiWK0pPdJFKI9RAqSPCwtjFG0t002UhA8Hk86Mv4Bp6KiO/gbjZbEQ/OHPZj9v9n/pcv0MsCdu+qcUmJmWdVkpLSxKRMRzSjhXnKCQkaUBaDrAUNtACMRnCOcwZ7gfRbrd+a+625nwu7ASyNMcMM1oJ7/ICtDJPEClmRkqRbF7DZphhRUtIsNpF8f1+GOueBd/4PzA9+Phv0/SqcabAYgX6TNGHXo7/H+e+t+J3CEyzzlARPYsFanVeFcpjCYbaO17fL2cfW41kTiCczGKxsO0i0IN+3eQmybcFypsg5Oj7oOUrn+0onyW+qEvcNtdm21T7k/mwWLGeK9r2Tdp+YIFfpJHmHohnoNYuLCYONqD/wL647vWE/cDvhECEvDFe/AYw5bAIUAgAA[0m[INFO] BUILD SUCCESS
[8mha:AAABPh+LCAAAAAAAAABb85aBtbiIQS2jNKU4P0+vIKc0PTOvWC8xrzgzOT8nv0jPEchyBrH88ktSGSCAkYmByYeBA6zAN7GghEHdB6JfH6pfH65fH64fqNDah4ElJbEksYRByCcrsSxRPycxL10/uKQoMy/duqKIQQrqiuT8vOL8nFQ9ZwiNajNDRQHQwaqEHQy08PUKjvyHkcHPmRiYoxlYk9LBjhWOxrQcKJsGki1kqGNgA7oyLzE3FcRmqigoLYLp0APp0IPqWHsp7PlL2Wp3sIOALuMoYWBXNnEGQRDLzc0ACEAsAwMQGyIGY5mYWRg5mcDUubnB1EFYbmBQCrKfA2aygQHMPGcXhMkgNkQMxjJ0tYSaBxJxdoGpg7BcTUGwhIG1oiS1KLeEISDa08/NP1ZBl0qACwBzBPd0TwIAAA==[0m[INFO] ------------------------------------------------------------------------
[8mha:AAABTB+LCAAAAAAAAACFjsFKw0AQhsdoNHjUm1AIiHrbpJqW2p40bUSI9VARJHhY2xgj6W6abCQg+Dwe9GV8A09FxHdwN5utiAdnDvsx+/8z/8sX6HkGu3fFJKcEpUkRxSRHmOTxmCY0Q0ecXEFDykKQtaSB5oNRCc5wymDPl36r9lsLv7Xwc2HPh5UJZpjBhn+PH7CVYBJZI5bFJOqVGWzVKcaU5DQJkSvf35ehTHngnf8D84OfzwZ9vxrNNVgOQL+JqrCbwd/j/PdW/M7gCVZ5SoKnoWCtTItMOZBwoNrx+nY5/2g8nlSBeDKDwdq244oW5Hk2L0G2LVjOFDntzv6xo3Sep3SSvKoKcd9Qm21b7XP7P5sFy5mi5uCw3icmbl/pJA1aohnoJQuzKYNGcDr0zq/NC8pwYrJ4GnbNZvfARp1WO1//BqU3zQAcAgAA[0m[INFO] Total time: 1:30.856s
[8mha:AAABXB+LCAAAAAAAAACFjs9Kw0AQxsdoNXjUmyAsiHrLP9ti21NNuyLEeqgKUjysbUwj6SZuNhIQfB4P+jK+gaci4ju4m2Qr4sGZw/6Y/b6Z7+ULaimDvWk2SWNqJFEWhDQ1CE3DcRzFzOgKciUNYu5DWUsaaB7oheCUJBz2vdJvVn5z4TcXfiHseLAyIZxw2PDuyAMxI0IDc8hZSINOzmCrSjGOaRpHvuGW7+/LkCci8O7/gcXBz2c9fr8azjVYHkHtJijCbo7+Hhe/t/L3Hp5gVaSkZOZL1vIkY8phSIdROV7fLucf24/HRSCRTOewtlN3ZUvC2BIlybIklzNF9eahc1RXOoyVriRcVCbv62qzZal9bu9ns+Rypsjut6p9cuL2lK6kfkM2h1rOfTbjYI9OBvjsGuGQhunUnyDC2wizEHUThqwGspttp9VuOOji3EWOZR+sfwO1sFejMAIAAA==[0m[INFO] Finished at: Fri Apr 05 16:29:52 UTC 2013
[8mha:AAABTR+LCAAAAAAAAACFjsFKw0AQhsdoNXjUm6AERL0lqbSltSdNuyIk9VAQpHhY2xgj6W662UhE8Hk86Mv4Bp6KiO/gbjZbEQ/OHPZj9v9n/pcvqGUM9m/zSUaJnSZ5FJPMxiSLxzShzD4W5EkaUB6CqiUDDB/MUhDglMOBr/xO5XcWfmfhF8KuDysTzDGHDf8O32MnwSRyhpzFJOoWDLaqFGNKMpqEtqfe35ehSEXgvf8Di4OfzyZ9vxzODVgeQe06KsNujv4eF7838ncGT7AqUhI8DSUbRZoz7bClw64cr28X84/tx9MykEhmcljbbXiyJSHkipLkupLVTFOj1T48aWgdQlqnCJWVy/um3uy6ep/X+9ksWc001fudap+ceD2tU9RvyuZQK3jIphx2RmcDdH5loZjgxArCKWUPR1azFTiddj1Y/wZNLNUTHQIAAA==[0m[INFO] Final Memory: 56M/981M
[8mha:AAABPh+LCAAAAAAAAABb85aBtbiIQS2jNKU4P0+vIKc0PTOvWC8xrzgzOT8nv0jPEchyBrH88ktSGSCAkYmByYeBA6zAN7GghEHdB6JfH6pfH65fH64fqNDah4ElJbEksYRByCcrsSxRPycxL10/uKQoMy/duqKIQQrqiuT8vOL8nFQ9ZwiNajNDRQHQwaqEHQy08PUKjvyHkcHPmRiYoxlYk9LBjhWOxrQcKJsGki1kqGNgA7oyLzE3FcRmqigoLYLp0APp0IPqWHsp7PlL2Wp3sIOALuMoYWBXNnEGQRDLzc0ACEAsAwMQGyIGY5mYWRg5mcDUubnB1EFYbmBQCrKfA2aygQHMPGcXhMkgNkQMxjJ0tYSaBxJxdoGpg7BcTUGwhIG1oiS1KLeEISDa08/NP1ZBl0qACwBzBPd0TwIAAA==[0m[INFO] ------------------------------------------------------------------------
[8mha:AAABxx+LCAAAAAAAAACNUdFO2zAUNR2Fao/sDWlSJdj2FNspbQXiqYSGAaUghU2aqgk5qSkpiZ3ZTok0ad/DA/wMf7AnhBD/gJ00RagPcP3go3vPOfdYvnkCVSnA14t0KDmDSZSOQiYhYTIMeMQF7GjkGNTnioKiFiqg0gO1nHBEEgW+9Qo9murRTI9mek3c7oHFIVFEgZXemEwIiggbIU+JkI22MwFWpykCziSPKHSK+/VmkCU68Je3A+uFj9c1/v+Xd18BHwag6o/ysJ8G88v19NxM/4B/YEmnZCSmBleyJBWlAhoFnCpu737eP3z+u5cH0slqCiyvNR1zDHJdrMsgjA0ueiVqtjcbO82S57olr0BuXqnZXyudMS79nN0XZ4OLXons7tbUz3Sc3ZJXoG7LHAWqmaIiVgsrg4Nu/3C/7/2ud0RwEU70y+poQgSKQh+NKbs0nznmvkSnHiWa8oOFSlGp0BUXlzIhAUVBGqSxTwVKeAyzOKor/k6PmA/TiEoUaKEgQeEHSRKuzzz9NIyGEjWwvWHhpoVbZ3bbamxadhuRPDGdV78kwtCG+MxvYcvrd06878ens5k1P4P6AR+fAS5f+A4RAwAA[0m[JENKINS] Archiving /var/lib/jenkins/jobs/TSearchUnittest/workspace/cucumber/pom.xml to /var/lib/jenkins/jobs/TSearchUnittest/modules/com.rackspace.api$cucumber/builds/2013-04-05_16-28-16/archive/com.rackspace.api/cucumber/0.1.0_b50-SNAPSHOT/cucumber-0.1.0_b50-SNAPSHOT.pom
[8mha:AAABxh+LCAAAAAAAAACNUdFO2zAUNWUdFS+TtrdJkyoB4ym207UViKcSGmAr3aQA0lRNyElNSUnsYDslEtK+hwf4Gf5gT2hC/AN20nSd+rBdP/jo3nPOPZbvnkFVCvDxIh1KzmASpaOQSUiYDAMecQE7GjkG9bmioKilCqj0QC0nHJFEgc1eoUdTPZrp0UyviTs98GpIFFHgbW9MJgRFhI2Qp0TIRjuZAO+nKQLOJI8odIr7780gS3TgjX8H1gufbmv813fvsQKWB6Dqj/Kw7waLy/X03EyvwE/wWqdkJKYGV7IkFaUCGgWcKu4fTh9/f7jZzwPpZDUFVtaajjkGuS7WZRDGBhe9EjXbW43dZslz3ZJXIDev1Oyvlc4Yl37O3h9ng4teiezu9tTPdJy9klegbsscBaqZoiJWS28Gn7v9L4d970e9I4KLcKJfVkcTIlAU+mhM2aX5zDH3JTr2KNGUExYqRaVC11xcyoQEFCU8hlkc1RX/T2nMh2lEJQq0UJCgsIEkCddlTrS0I/LTMBpK1MD2Jws3Ldw6s9tWY8uy24jkUemiHs3pMbQhPvNb2PL6nW/ewdfjuam1OIW6vfoCRqJotQ4DAAA=[0m[JENKINS] Archiving /var/lib/jenkins/jobs/TSearchUnittest/workspace/pom.xml to /var/lib/jenkins/jobs/TSearchUnittest/modules/com.rackspace.api$search-pom/builds/2013-04-05_16-28-16/archive/com.rackspace.api/search-pom/0.1.0_b50-SNAPSHOT/search-pom-0.1.0_b50-SNAPSHOT.pom
[8mha:AAAByB+LCAAAAAAAAACNUctuEzEUdVNCo7KDHRJSpEJZje0JSVTUVTrJACWklaYgoQhVnolJnc7YU9uTjoTU72EBP9M/6CpCVf8Bex5FKAu4Xvjo3nPOPZZ/3IGmkmD3LJspwWEaZ3PGFSRcsUjEQsKBQZ5FE6EpKGujARpj0CoIH0iqwctxqUeVHt3r0b3eEPfH4MGMaKLB4/GCLAmKCZ+jQEvG5/u5BE+rFJHgSsQUeuX992aQpybwi38HNgtvv7fEzedg1QCbU9AM50XYJ9P15Wb61U4vwBV4aFJyklCLG3mayVoBrQJWip/Xn1a/nn17UwQyyVoabO10PXss8n1syiKMLS57Ner29zoH3Zrn+zWvRH5Rmd3fqp0xrv284R9ni8tejdzR68rPdrxhzSvRqGePBs1cU5nojUfTw9Hk/btJ8KU9kNEZW5qXtdGSSBSzEC0oP7efuRChQicBJYbykTOtqdLoUshzlZKIIkXlkpk7FQnMk7itxX9aJGKWxVShyAgliUo7SFL2XBVEFGYsninUwe4rB3cd3Dt1+05nz3H7iBRx6boWVVoMXYhPwx52gsngOHh7dFJNnPUJNNG3fwMtQorjCgMAAA==[0m[JENKINS] Archiving /var/lib/jenkins/jobs/TSearchUnittest/workspace/service/pom.xml to /var/lib/jenkins/jobs/TSearchUnittest/modules/com.rackspace.api$search/builds/2013-04-05_16-28-16/archive/com.rackspace.api/search/0.1.0_b50-SNAPSHOT/search-0.1.0_b50-SNAPSHOT.pom
[8mha:AAABUx+LCAAAAAAAAACFkUFLwzAUx5/VafGoN0EoiHpLq0xRdnLdKkj1MlBkp9h1XbVLappKQfDzeNAv4zfwNET8DuY1zUQ8mBz64+X/f++f9OULWoWAnUk5KjgjeVYmKSsIZUUa8YwLcqLIR7rgMga9FiywQrBrwTnNJeyG2u82fnfud+d+JeyEsDSikkpYC2/pA3UzyhJ3IEXKkk4lYKNJEXFW8Cwmvv7+ngxVrgJv/x9YDfx8tvn79WBmweIQWjdJHXZ9+He4Oh3j6T08wbJKyeg0RraqvBTGQdBBGsfr2+XsY/PxtA6kktkSVrbaPm6kIPDUQvI8ZF0z1D482u+2jS4IjE5TUK8S59ums+eZfn7vpzOyrhna6x83/bDi94xOU/8At4RWJWMxlUCuaCrVbZwxF85ZzO7UUzqSO+OUpcXEUQ+axVEtwN+2+g0wYBqzLQIAAA==[0mWaiting for Jenkins to finish collecting data
[8mha:AAABPR+LCAAAAAAAAACFjsFKxDAQhsdqtXgSvQmCIOotrVJF2dPa3XqpXhYE2VNsa7fSTWKSSkHweTzoy/gGnhYR38GkaVbEgzOHfEz+f+Z/+QJXcNib1JmgBLGqLkoiECaiTGlFOeorijRdUpmDqQUHnAS8VnCBmYT9xPj9zu/P/f7cr4S9BJYyLLGE9eQOP2C/wqTwR5KXpOg1HDa7FCklglY5isz7+zI0TAXe/T+wOvj57NH369HMgcUxuDdFG3Zj/Pe4+r3Vv/fwBMsqJcHTXLPTsJpbB9IO1Dle365mH1uP520glcyTsLITRro1xXGgSlMQaDYzS+HxyeFZaHVxbHWG4rZqfd+zm4PA7osGP5s1m5mlg+Fpt09PooHVGRoe6ZbgNjLnUwlr6QQTklfbQlLG8mz1Gz4JNyQPAgAA[0mchannel stopped
[8mha:AAACKh+LCAAAAAAAAACFj8tu00AUhqeBQMQSdlRIliouUqTYTZ3KadVFfG0c54btQpLVJHFsp87YscfGMRLPwwJehjdgVSHEO+CJ4yLEgn8W8+nM+c/558svUI1C8MqJl5GPGoEX2y6KGhBF7sL3/LDRyUkgNPCxBQodVUBFA7V9Qx8GGLzWCj998NP3fvrenzdeauDhEmKIwVNtDRNIexDZtI5DF9mXaQieH1IsfBT5ntUQivvvzSAN8sAv/x84X/jzc83/PtHvKuDBDFTn9j7ss9m/y/PXFXndgk/gUZ4SwY1FuJIGcVg6GsTRODi+fru5+/Hio7IPlCerYfD4hBXIISTLTC5CDEO4qJXEnnNNni37ZLnsK0jeKyb7a+VkhinnCeKfyYSLWkmnUvswj1QEsewrSGqRg0E1xVa4wUdvjNC1bYt8iIIUsj5Q89j1lpS/oo5n3MaBF51cW76uCZ1S/JxrQR7P3e7YUNaDnsmOGC4ZGvVkKHLoZsGdjXbmaXo+3HU101ezftLc1WlVNfmO404V3t66jnPLDPR1T3yXvZ+fvV16Gm/qE0W95RQcZGYy0nWR55QW7rmI7yrdaT1KNVWip5mUXBttVu25mZYy8JxPzc1aGZoDf3kdaXZnl0r2ZErDjFNHzTE7MCQ/Hvdxu8e1VK1Pa5mEVNFkA9VdjQVdidkuMyZ/uro6njEbQ7dguHDkGC2w6yPoGVaEI+qkxT75DYxz7y8nAwAA[0mTriggering a new build of [8mha:AAAAqB+LCAAAAAAAAABb85aBtbiIQTGjNKU4P08vOT+vOD8nVc83PyU1x6OyILUoJzMv2y+/JJUBAhiZGBgqihhk0NSjKDWzXb3RdlLBUSYGJk8GtpzUvPSSDB8G5tKinBIGIZ+sxLJE/ZzEvHT94JKizLx0a6BxUmjGOUNodHsLgAyxEgYZ/az8JP2Q4NTEouQMt9K85JLM/LzEnJDU4pJifQCSGu4I0QAAAA==[0mTSearchFunctionalTests #54
[8mha:AAABQB+LCAAAAAAAAACFkcFKxDAQhsfqavGoN0EQRL2lVaqoe9Js46V6KQqyp7it3Uo3qU0qBcHn8aAv4xt4WkR8B5OmWREPTg75mPz/zA95+YKeqGB7XCeCM1QWdZYzgSgT+YgXvEInirCmCy5TMDXngBOB2wrOaSlhJzJ+r/N7M7838ythP4KFhEoqYSW6ow/UKyjLvFhWOcv6TQVrXYoRZ4IXKcLm/r0ZmlIF3vo/sFr4+ezy9+t46sD8EHo3WRt2dfh3uXq91a/38ASLKiWjk1Sz05R1ZR1IO1DneH27mn6sP561gVQyV8LSZoD10USIr0qT72s2PUvBweHeaWB1hFidIdJWrfe7drLv23l48DNZs+lZ2g2Punm6gwdWZyjc10dCr5FpNVHfQHKWi3GaHG/ElxiHcbz8DbJs4I8RAgAA[0mFinished: SUCCESS
