[8mha:AAACFR+LCAAAAAAAAACFj81u00AUhaeBQITEBnZUlSIhYBHJdhoncqhY2I7jxpn8UMeFJqtJbOyJ45/aE9cxEs/DAl6GN2BVIcQ74InjIsSCM4v5dOeee898+QWqcQReOlszDnwm3Gxt7McM8mO8CjZBxIg5yZTGAbFAoaMKqEBQ2zeMUEjAK1j42YOfvfOzd/688QyC+yYiiIAncI0SxG6Qb7M6ibBvn6UReHZIsQr8ONhYjFzcf28GaZgHfvH/wPnCn59rwfcr/bYC7i1AdWnvwz5d/Ls8f/1AX6/BJ/AgT+kjz6JcScNtVDoY6mAOjq/fLm9/nHxU94HyZDUCHj7nZXoo9ftcLkocR7molcR3hFOJL/v6/bKvoP5eW7q/Vk7muHKe3PszmXJRK6mpdA/zaEXulX0FKW16CKimxIo8cvRYJygilllf7urb2IrqxwvBc9BrMVeQNqAslpKWQhtJZIkHb2fqejw0+CknJJNZI5n0BP9yJbSmO6OZdia7ATQCLRslp7sGq2mGJDp4rkr2NXYclxvr62HvXfZ+2bowN1Ay9CtVcwWVhJmRTHW9JwlqmwyxLw3UwbwRp1BT2HmmJOezLq8NcQZTDnWk1PDW6sQYB+Z5DG0xkxR7nrImxE0Zdvl4tkq14egCtnJ/FmcDqLjujdjGXcOIb+hn3hwvOC9GHiIOYlzkuzhEBD/6DSa4qloMAwAA[0mStarted by user [8mha:AAAAox+LCAAAAAAAAABb85aBtbiIQTGjNKU4P08vOT+vOD8nVc83PyU1x6OyILUoJzMv2y+/JJUBAhiZGBgqihhk0NSjKDWzXb3RdlLBUSYGJk8GtpzUvPSSDB8G5tKinBIGIZ+sxLJE/ZzEvHT94JKizLx0a6BxUmjGOUNodHsLgAzBEgZx/dLi1CL94sTcxJKMRL3sxLzszILEkkwA5i9UUswAAAA=[0msamatha.kankipati
[8mha:AAABYh+LCAAAAAAAAACFkUFLwzAUx5/VafGoN0EYiHprqkxRdnLd6qV6qQqyU9bFrluX1CSdBcHP40G/jN/A0xDxO5i0zUQ8+HLoj5f//71/6MsXNASHvVE+FIw6WZrHCRUOpiKJWMq4c6bI03TJJIGqliywArBLwQXOJOwHlR/VfrTwo4VfCdsBrAyxxBI2gjGeYZRiGqNQ8oTG7YLDVp0iYlSwlDhe9f29GYpMBd79P7Ba+Plss/fbcG7Bch8ag7gMu9n/u1zd3unbe3iCVZWS4inRbBVZzo3D0Q6ndry+3cw/th/Py0AqmS1hbafl6aPJ911VmlxXc9Uz1Do+Oey0jM73ja4iv6xc77fNZNc187zuz2TNVc/QQe+0nqc7XtfoKuod6SOhUUjCpxL8Tp6kQ/WcZkKbD4xPRIYj0kQzzFGaDNCY0In+nWM2EOgqJJhHo2uaSEmERAv9+je0vZ/tRQIAAA==[0mBuilding in workspace /var/lib/jenkins/jobs/TSearchUnittest/workspace
[8mha:AAABfx+LCAAAAAAAAACFkb1OwzAUhS+BQsQIGxJSJQRMxKG0qNAFSBuWwFJAQp3c1E3SpnZwnBIJiedhgJfhDZgqhHgH7Py0QgxcD/l0fc69R/HrN1RiDnt+MogZNaIw8QIaG5jGgctCxo1zSZaiayYI5LWkgeaAngmucCRg38n9qPCjuR/N/VLYcmBlgAUWsOGM8BSjEFMPdQUPqNdKOWwVKVxGYxYSw8q/vzdDGsnAu/8Hlgu/XnT2cd+dabDcg0rfy8Ju9v4ul7dDdfsAz7AqU1I8IYq1NEp46TCUwygcb+93s8/tp8sskEymC1jbqVvqKLJtU5Yi01Sc90qqHzdrF/VSZ9ulLic7q0Tt18vJplnOs9qLyYrzXkmHnZNinupY7VKXU6ehjoBKKgifCJhYPnHHLBGnj4yP4wi7pIqqaIo5CoM+GhE6Vq85Yv0Y3XQJ5q5/SwMhSCzQwnFQLR6DkwkT8ucYDnNxaPmYUhKeNczm8Mhs1NZ/APhWSElsAgAA[0mCheckout:workspace / /var/lib/jenkins/jobs/TSearchUnittest/workspace - hudson.remoting.LocalChannel@508f3052
[8mha:AAABRR+LCAAAAAAAAACFj8FKxDAQhsdqtXjUiwjCgqi3tEoVdU9ru/VSvSwKsqe4m60r3aQmqVQEn8eDvoxv4GkR8R1MmmZFPDg55GPy/zN/Xr7AFRy2b8qhYBQVeZmNqUCYivGA5YyjjqJI0zmTBEzNOeCk4NWCM1xI2EmN32/8/szvz/xK2E5hYYgllrCS3uJ77OeYZn5P8jHN2hWH9SbFgFHBcoIic//eDFWhAm/9H1gt/Hz22PtVb+rAfB/c66wOu9r/u1y9jvTrHTzBokpJ8YRodqqi5NaBtAM1jte3y+nHxuNpHUgl8yQsbYaRPpqSJFClKQg0m56l8OBw7yS0uiSxOkNJXaXe79nJQWDnRfHPZM2mZ2m3e9TM050otjpD3X19JLiVJHwiYe1CqL+0hORYkuzhuBWTES5zufwNzjSVeRcCAAA=[0mUsing strategy: Default
[8mha:AAABcx+LCAAAAAAAAACFkctKw0AUho/RanCpO0EIiLdNMikxF7uyaeMmurCgSFeTdhojaSYmk1IQfB4X+jK+gasi4js4k0tFXHhmMR9nzv+fH+blC1p5Bgd3xTiniZrGRRgluYqTPBrRmGbqGSdX0CVlBKpakUDyQS4HLnDK4NCv9Fqt15Z6banngx0f1saYYQZb/j2eYS3GSagNWBYlYWeewU6dYkSTnMZEdav792aYpzzw/v+B+cLPZ5m+3w4WEqwOoRWEZdjt4d/l/HUiXh/gCdZ5ygRPiWBpnhZZo1CFQq0Vr2/Xi4/dx/MyEE8mM9jYM1xxBHke4iUIIcFVryHDtNtdo5nzvGauIq+sQuyXG2eEGj+39+MsuOo1pPed2k903F4zV1H/RBwGrTkj2ZTBjY9zpnSLKGbKFZlFeUST0yUpgWlbE6zbtkXMADmOYeA2alvEQuiEBCbSbdPEjj5WjmgW8W/QptyOZMeb33lLedtWAgAA[0mLast Built Revision: Revision b687fa1887e6b09944a2027e7005eb601866a91d (origin/master)
[8mha:AAABRx+LCAAAAAAAAACFj8FKxDAQhsdqtXjUmygURL2lVaooe1q7Wy/Vy4Iie4rdbq12k5qkWhB8Hg/6Mr6Bp0XEdzBpmhXx4OSQj8n/z/x5+QKbM9i+rkacElQWVZYTjjDheUILylBXUqjojIoUdM1ZYMXgNIJTXArYibXfa/3ezO/N/FLYiWFhhAUWsBLf4HvsFZhk3kCwnGSdmsFamyKhhNMiRaG+f2+GupSBt/4PLBd+Pjv0/XIwtWB+CPZV1oRdHf5dLl/H6vUOnmBRpiR4kiq26rJixoGUA7WO17fz6cfG40kTSCZzBCxtBqE6iqLIl6XI9xXrnqHg4HDvODC6KDI6TVFTldrvmMm+b+aFvZ/JinXP0G7/qJ2nOmHP6DT199URYNciZRMB6xd5KT/j0kq4D5Td8hInqTvOGRdo+RuPvx88GwIAAA==[0mWiping out workspace first.
[8mha:AAABSh+LCAAAAAAAAACFkMFKxDAQhsdqtXjUmyAsinpLq1RR9qTZ7V6qlwVB9hR3Y7fSJjVNpSL4PB70ZXwDT4uI72DSNCviwcmhH5P/n/nTly9wSwG702pScoaKrEpSViLCynTMMy7QqSKs6YJLCqYWHHBi8BrBOSkk7MXG77d+f+73534l7MawNCGSSFiLb8k98TPCEn8oRcqSbi1go00x5qzkGUXYfH9vhrpQgXf+D6wWfj57/P1qOHNgcQTuddKEXR/9Xa5ub/TtHTzBskrJSE41O3VRCetA2oFax+vb5exj83HQBFLJPAkr2yHWR1MUBao0BYFm07MUHh0fnIVWF0VWZyhqqtL7PTs5COw83PuZrNn0LO33T9p5uoN7Vmeof6iPBLeWVOQStnDGmXpNR05pR9Bc/ejOIJUKC16mkouH1W/FYWJZIQIAAA==[0mCloning the remote Git repository
[8mha:AAABXB+LCAAAAAAAAACFkUFLwzAUx5/VafGoN0EYiHpLq0yZ7jLtVi/Vy0CQnbIudtUuqUkqFcHP40G/jN/A0xDxO5g0zUQ8+ELJj/fe/71/6MsXNASHnUkxFoyiPCuSlAqEqUhjljGOThQFmi6YJGBiwQEnArdqOMe5hN3I6L1a78313lyvGjsRLI2xxBLWoht8j70M08QbSJ7SpFNy2KhdxIwKlhEUmPv3ZihzZXj7f8Nq4eezy96vBjMHFofQGCWV2fXh3+Wqeq2rd/AEy8olxVOi2SnzglsF0gpUK17fLmcfm49nlSHlzJWwstUK9NEUhr4KTb6v2eQstQ7b+6ct2xeGts9QWEWh97t2su/beUHvZ7Jmk7O01z+q5+lM0LN9hvoH+kholJLwqYR2kDGqXtPkJGcilYw/NJNUdtU3KUbqP0yPOY5vCc/wSHiCYB5PkCqufgNhjwRwNwIAAA==[0mCloning repository git@github.com:rackerlabs/search.git
[8mha:AAABPR+LCAAAAAAAAACFjsFKw0AQhsdoNXjwoDdBEEQ9dRMlitJTTRsv0UtBkJ7WNsZIuht3NyUg+Dwe9GV8A09FxHdwJ5utiAdnDvsx+/8z/8sXtKSAvbtyLDkjRV6mGZOEMpmNeM4F6WoKkS65SsDUggNODG4tuKCFgv3Y+L3G78393tyvhZ0YlsZUUQXr8T2dUi+nLPUGSmQs7VQCNpsUI84kzxMSmvf3ZagKHXj3/8D64Oezy9+vBzMHFofQuknrsBvDv8f17y3+PsATLOuUjE4SZKcqSmEdBB2kcby+Xc0+th7P60A6matgZScIsZGiyNeF5PvIZmYpOD45PAusLoqszlBUV4n3XbvZ9+2+sPezGdnMLB30T5t9OAl7Vmeof4StoFWpREwUrKWZ2m63p4mQGWer3w64/sgNAgAA[0mgit --version
[8mha:AAABQR+LCAAAAAAAAACFjs9Kw0AQxsdoNHhUT4JQEPW2SST+oydNGy/RS0GQntY2xki6GzebEhB8Hg/6Mr6BpyLiO7iTzVbEgzOH/TH7fTPfyxfYpYDdu2pcckaKvEozVhLKymzEcy7IqaIQ6ZLLBHQtWGDF4DSCC1pI2Iu132397tzvzv1K2I1haUwllbAW39MpdXPKUncgRcbSbi1gs00x4qzkeUJC/f6+DHWhAu/8H1gd/Hx2+Pv1YGbB4hDsm7QJuz78e1z93uLvAzzBskrJ6CRBtuqiEsZB0EFax+vb1exj6/G8CaSSORJWtoMQGymKPFVInoesZ4aCw+P9s8DoosjoNEVNVXjfMZs9z+wLez+bkfXMkN8/affhJOwZnab+AbYEu5aJmEjYSDPZmSaizDjr+OSIBMRf/QbG5e/DEwIAAA==[0mgit version 1.7.4.1
[8mha:AAABTh+LCAAAAAAAAACFkMFKxDAQhsfqavGoN0EoiOutrVJF2ZN2t16qlwVB9hS72bbSJjVJl4Lg83jQl/ENPC0ivoNJ06yIByeHfkz+f+ZPX76gxxn0s3rKKXGrok5zwl1EeJ7QgjL3XFKo6JoKDLpWLLBisFvBFaoEHMTa73V+b+n3ln4pHMSwNkUCCdiK79EceQUiqTcWLCfpoGGw06VIKOG0wG6ov783Q1PJwPv/B5YLP59t+n47XliwOoHeXdqG3Z78XS5vZ+r2AZ5gXaYkqMSKraaqmXG4yuF2jte3m8XH7uNlG0gmswVs7AWhOoqiyJelyPcV656h4OT06CIwuigyOk1RW7Xab5vJvm/mhcOfyYp1z9Dh6Kybpzrh0Og0jY7VEdBrBGalgH6ERZLJ5zh1xQXDqHSSTD4Sc2fGaOlQlsu/u/kN8/xwbyUCAAA=[0mFetching upstream changes from origin
[8mha:AAABQB+LCAAAAAAAAACFkMFKxDAQhsfqavGoN0EQRL2lVaooe3KzWy/Vy4Ige4rdWKvdpCapFgSfx4O+jG/gaRHxHUyaZkU8ODn0Y/L/M3/68gUdKWD7uhpLzlBZVFnOJCJM5ikvuEDHmrChM64o2JrzwEvAbwSnpFSwk1h/0PqDmT+Y+bWwm8DCmCiiYCW5IfckKAjLgqESOcu6tYC1NkXKmeQFRdh+f2+GutSBt/4PrBd+Pvv8/WI49WB+BJ3LrAm7Ovq7XN9emds7eIJFnZKRCTXs1WUlnAMZB2odr2/n04/1x5MmkE7mK1jajLA5huI41GUoDA3bnqPo4HCvFzldHDudpbipyuz33eQwdPNw/2eyYdtztDs4aueZDu47naXBvjkKOrWiYqJ/BS4oYfo5Gw9c3MqSpHT5G/K1b/oSAgAA[0mCleaning workspace
[8mha:AAABQh+LCAAAAAAAAACFj8FKxDAQhsdqtXjUgyAIgqi3tkoVZU9rd+ulenBBkD3F3VhXu0lNUi0IPo8HfRnfwNMi4juYaZoV8eDkkI/J/8/8efkCVwrYui6HkjO/yMtsxKRPmBwNeM6F39YUI51yRcHUjANOCl4tOCGFgu3U+IPGH0z9wdSvha0U5oZEEQVL6Q25J0FOWBb0lBixrFUJWG1SDDiTPKd+bO7fm6EqdODN/wPrhZ/PHn+/6E0cmO2De5nVYZf7f5fr1yt8vYMnmNcpGRlTZKcqSmEdPjr8xvH6dj75WHs8rgPpZJ6ChY0oxoOUJKEupDBENj1L0f7B7lFkdUlidYaSukrc79nJYWjnxZ2fycimZ2mne9jMw07csTpD3T08CtxKUTFWsHJGJVVK/2f9gYtbvJWgdPEbxHseXBYCAAA=[0mResetting working tree
[8mha:AAABeB+LCAAAAAAAAACFkc1Kw0AUha/RanCpO0EIiH+bZFLSNKErTRs30YUFQbqaNNMYSWZqMikBwedxoS/jG7gqIr6DM01TERfeWeTjzj3nniEvX9Aqcji6K6OCUX2alnFCCx3TIhmzlOX6mSBP0hXjBOpaU0AJQF0MXOIph+Og1htLvbHSGyu9GOwFsBFhjjnsBPd4ho0U09gY8jyhca/KYW+ZYsxowVKie/X392aopiLw4f+BxcLPZ5W93w7nCqyPoBXGi7C7o7/Lxe1E3j7AE2yKlBRnRLJSTcu8UehSoS8Vr28384/9x4tFIJFM5bB1YHnySPJ9JEoSQpLrXkOW7bTPrWbO95u5mvxFlXK/2jgj1Ph5/R9nyXWvIXPgLv1kx+s3czUNOvJwaFWc5BmHG49lGaFj8SAtLJM00thEuyazpEgY1ULb6U6w6ThdYofIdS0Lt1G7S7oIdUhoI9OxbeyakXbC8kT8BSPDhfA93f4G7Qa2TlUCAAA=[0mCommencing build of Revision b687fa1887e6b09944a2027e7005eb601866a91d (origin/master)
[8mha:AAABcx+LCAAAAAAAAACFkMtKw0AUho/VanCpO0EIiLdNMikxF7rStHETFSwI0tWknabRNBOTSQkIPo8LfRnfwFUR8R2cyaUiLjyzyMeZ8//nn7x8QTtL4WCajzMaK0mUB2GcKTjOwhGNaKqccnIEXVJGoKqVFrQ8kMqBC5wwOPQqvVrr1aVeXer5YNeDtTFmmMGWd4fnWI1wHKgDloZx0C1S2KlTjGic0YgoTvX9vRmKhAfe/z8wX/j5LNH328GiBatDaPtBGXZ7+Hc5v52I2wd4gnWeMsYzIrhVJHnaKBShUGrF69vN4mP38bwMxJNJDDb2dEccQa6LeAlCSHDVa0g3rM6Z3sy5bjNXkVtWLvZLjTNCjZ/T+3EWXPUa0vp27Sc6Tq+Zq6h/Ig6DdsFIOmNw5UzJ6J4/R6Y5k6/JPMxCGsu+YZkTrFmWSQwf2bau4w7qmMRE6IT4BtIsw8C2NpaPaBry36/OcMYNjze/AXarmAFOAgAA[0mChecking out Revision b687fa1887e6b09944a2027e7005eb601866a91d (origin/master)
[8mha:AAABQB+LCAAAAAAAAACFkMFKxDAQhsfqavGoN0EQRL2lVaooe3KzWy/Vy4Ige4rdWKvdpCapFgSfx4O+jG/gaRHxHUyaZkU8ODn0Y/L/M3/68gUdKWD7uhpLzlBZVFnOJCJM5ikvuEDHmrChM64o2JrzwEvAbwSnpFSwk1h/0PqDmT+Y+bWwm8DCmCiiYCW5IfckKAjLgqESOcu6tYC1NkXKmeQFRdh+f2+GutSBt/4PrBd+Pvv8/WI49WB+BJ3LrAm7Ovq7XN9emds7eIJFnZKRCTXs1WUlnAMZB2odr2/n04/1x5MmkE7mK1jajLA5huI41GUoDA3bnqPo4HCvFzldHDudpbipyuz33eQwdPNw/2eyYdtztDs4aueZDu47naXBvjkKOrWiYqJ/BS4oYfo5Gw9c3MqSpHT5G/K1b/oSAgAA[0mCleaning workspace
[8mha:AAABQh+LCAAAAAAAAACFj8FKxDAQhsdqtXjUgyAIgqi3tkoVZU9rd+ulenBBkD3F3VhXu0lNUi0IPo8HfRnfwNMi4juYaZoV8eDkkI/J/8/8efkCVwrYui6HkjO/yMtsxKRPmBwNeM6F39YUI51yRcHUjANOCl4tOCGFgu3U+IPGH0z9wdSvha0U5oZEEQVL6Q25J0FOWBb0lBixrFUJWG1SDDiTPKd+bO7fm6EqdODN/wPrhZ/PHn+/6E0cmO2De5nVYZf7f5fr1yt8vYMnmNcpGRlTZKcqSmEdPjr8xvH6dj75WHs8rgPpZJ6ChY0oxoOUJKEupDBENj1L0f7B7lFkdUlidYaSukrc79nJYWjnxZ2fycimZ2mne9jMw07csTpD3T08CtxKUTFWsHJGJVVK/2f9gYtbvJWgdPEbxHseXBYCAAA=[0mResetting working tree
[8mha:AAABPR+LCAAAAAAAAACFj8FKxDAQhsdqtQhe9CYIgqi3tEoVZU/a3Xrp6sKCIHuKu7WudJOapFIQfB4P+jK+gadFxHcw0zQr4sHJIR+T/5/58/IFrhSwc1uOJGekyMtszCShTI6HPOeCnGiKkM65SsHUnANOAl4t6NJCwW5i/H7j92d+f+bXwlYCCyOqqILV5I4+UD+nLPP7SoxZ1qoErDcphpxJnqckMvfvzVAVOvD2/4H1ws9nj79f9acOzA/Avc7qsGuDv8v16w2+3sMTLOqUjE5SZKcqSmEdBB2kcby+XU4/Nh7P6kA6madgaSuM8CDFcaALKQiQTc9SeHi0fxpaXRxbnaG4rhL3e3ZyENh5UftnMrLpWdrrHDfzsBO1rc5Q5wCPArdSqZgoWOlRIfVvNnsXXbn8DbkHMrQMAgAA[0mParsing POMs
[8mha:AAACFB+LCAAAAAAAAACdUl2L1DAUzY6ODj7qmyAU1o+nJp1Od5zZZR/c7lSE6SIM6MogkunEbjtt0k3SblHw9/ig+F/8Bz4tIv4Hk6YdFUHB5KEnN/fcc256P3wHfcHB/bNyLRiFRVbGCRUQU5FELGMcPlLI1+iESQLM2umB3hwMmoQQFxI8mBs+avloy0dbvko8mIOrayyxBDfnKa4wyjCN0ULyhMYHNQe3WxcRo4JlBPrm+7syqAtl+N6/DSvBb+8H7MuLxWUPXFmC/ipuzN5a/imubl/r23PwDlxTLinOica9uih5x4CaAVvGx8/PLr/eefu4MaScDSS4vuv5emsUBI5aGjmOxibWIW88cY+8Li8IujyDgmaVWn/QVXacrp5//LOyxibWoeFs2tbTEf+4yzNotqe3BP1aEp7LnU/LC8Y3osAReWndtZDgFZKMZQKl680QjqHzajRBq4Qi3b9ln+Zi6LherlHtOt5Eo9P9ENdPVb1F8oYcunvj0LKjwkIV5ihLVigldKNnopuNHFeE2uaEns+O7CcnQZPYXIxsHBMq7SF0YYr5PiqFKsMinCGsfJ4R2/BH0IEeWjEmVWFSl8KOMiyE6idbC9uFnmZbjMcwrSiRsJ0XowEbDRg2hxAn1PqrjOkl0uFtNxcq8qt5TnIm1WAoabdx/v8PkFD1dyJSSMa7Z7C8ycPp9MYPNpkdq64DAAA=[0m[workspace] $ /srv/tools/jdk1.6.0_38/bin/java -Xms1024m -Xmx2048m -XX:MaxPermSize=256M -cp /var/lib/jenkins/plugins/maven-plugin/WEB-INF/lib/maven3-agent-1.2.jar:/usr/local/apache-maven-3.0.4/boot/plexus-classworlds-2.4.jar org.jvnet.hudson.maven3.agent.Maven3Main /usr/local/apache-maven-3.0.4 /var/cache/jenkins/war/WEB-INF/lib/remoting-2.22.jar /var/lib/jenkins/plugins/maven-plugin/WEB-INF/lib/maven3-interceptor-1.2.jar 48799
[8mha:AAABZR+LCAAAAAAAAACFjsFKw0AQhsdoNXjUmyAURL0lUapYaoWaJqWaRrFFKMXD2sa0Jd2NyUYCgvg4HvQdfAbfwFMR8R3czWYr4sGdw37M/P/M//wFhTiCrWEyiAnWwiDxRzjWEI5HfRKQSKsxMjm5hHog3pwCigNqJmihkMK2I/x67tdnfn3mZ8KKAwsDRBGFFWeM7pAeIOzrbRqNsF9JI1jLU/QJjkngaab4f1+GNGSBN/8PzA5+PqnkvdueKjDfg8K1n4Vd7f09zqY3fHoLD7DIUmI08TgraZhE0qFxh5Y7Xt4upx/r940sEEumUljaKJm8ONm2wR4nw+AsepJK+we7xyWps22pE2RnL+H3VbnZMOQ+s/6zmbPoSdqxyvk+3jHrUifI2uNFoZBSL5pQKB9Wq9XeieWeNt128cJqnXWabqNo1s5rZrPTvWLTo9dHXv0hwtgLijFFEfUGy9+ipMKpOAIAAA==[0m<===[JENKINS REMOTING CAPACITY]===>   channel started
[8mha:AAABfx+LCAAAAAAAAACFkc1Kw0AUha/RanCpO0EIiH+bSZQqaldt2riJXVhQpKtpMk0ryUycmZSA4PO40JfxDVwVEd/BmaZTERfOQPJx55x7D9yXL6gJDnujIhaMojwtkjEVCFMxjljKOGoq8jV1mSRQnSULrBDsmeAK5xL2w8rvzv3uwu8u/ErYCGElxhJL2Ajv8QS7KaaJ25N8TJNGyWFrniJiVLCUIL/6/54MZa4C7/4fWA38fLbZ+11vasFyH2qDZBZ2s/93uHod6tcHeIJVlZLijGi2yrzgxoG0A80dr28304/tx8tZIJXMlrC2U/f11RQEnjqaPE9zVTNUPz07btWNLgiMrqJgdgo93zadPc/089s/nTVXNUNHnfN5P13x20ZXUedEXwm1UhKeSaApS+r3F7fN667TZQ7Oc0JjwoUTsSKNnQFxhqygsfpyR0kTwp0DxhOEcxyNiNpTlqkVoQHBtJDjVOjNTQhXzQVqMbU6TH1TOUTr35yMoNltAgAA[0mlog4j:WARN No appenders could be found for logger (org.apache.commons.beanutils.converters.BooleanConverter).
[8mha:AAABWx+LCAAAAAAAAACFjsFKw0AQhsdqNXjUmyAERL0lUaJUe6pp4yUWsaBIT2u7pinb3bi7kVTB5/GgL+MbeCoivoO7SbYiHpw57Mfs/8/8L19QFxx2RtlQMOqkJIsTKhxERTJghHGnpSjQ1GUSQ1kLNahFYBWCM5RK2I1Kv1v53bnfnfuVsBnB0hBJJGEtGqN75BJEY7cneULjZs5ho0oxYFQwgp2gfH9fhjxVgbf/D6wOfj5b7P26N6vBYh/qN3ERdr3/97j6vdW/d/AEyyolRROsuZanGTcORzucyvH6djn72Hw8LQKpZJaElS0/0K0pDD1VmjxPczkz5B829k98owtDoyspLCrT9y2z2fPMvqD9s1lzOTO01zmq9ulJ0Da6kjoHuiXUc4n5REKDsNgfH1+1Lrr2OcFIYDuhiUwQSR6wLUfYLgS2mAqJJ3bKWYo5mTqr37TuDLo3AgAA[0mlog4j:WARN Please initialize the log4j system properly.
[8mha:AAABdx+LCAAAAAAAAACFkb9OwzAQxo9CIWKEDQkpEgKmxgEVBHSiacOSshSQUCc3ddOUxA62UyIh8TwM8DK8AVOFEO+AnT9FiIHz4J/u7rv7LL98QV1w2JukI8GolURpEFJhYSpCn0WMW+eKHE2XTBIoYqkGNQ+MvKGHEwn7XqFHpR4t9GihV40tD1ZGWGIJG94UzzCKMA1QX/KQBq2Mw1bpwmdUsIhYTnH/3gxZogzv/m9YLfx8Ntj7bX9eg+UB1IdBbnZz8He5qo519R6eYFW5pDgmmmtZkvJKYWmFVSpe327mH9uPF7kh5cyQsLbTdPTR5Lq2Ck22rbnIVdQ8PjlsN6s+1636CnLzSPV+o5ps29U8p/MzWXORq+ige1rO0xmnU/UV1D3SR0I9k4THEgbdjPipVO8xe3hG6JlpNtpmY2yiGeYoCodoSuid/tApGwp01SeY+5NrGkpJhEQPjN+JBPsEJSy2sjgy/Yhgauri+jfG7XjiWgIAAA==[0mExecuting Maven:  -B -f /var/lib/jenkins/jobs/TSearchUnittest/workspace/pom.xml clean test
[8mha:AAABxx+LCAAAAAAAAACFjs9u00AQxodAIOIINyqkSqhwiGS7xancVj04jh2lNW6CRd1g9bBJnLVT/4u9TkyQ+jwgtS/DG3CqEOId2I2zRYgDM4f9aXa++b6bX1DPM3jtF5M8iYU0LHAQ5wKK82CchEkmqJQ0RlZCPKjqQQ1qJjTWC+9QSuCNWenFjV6814v3erp4ZMKjCSKIwDNzhhZIDFGMRZtkQYyPygxebFKMkzhPQk/QqvdvZyhTGnjn/4Gp4c8vjeT70L6rwUMX6iO8Dvvc/dec/k7Z7xyu4TFNGaPIY1wr0yLjCoEphI3i9tv53Y+Xn7vrQDRZg8CTV7LGmpFhSLQYSRLjasZJ3lf22jLfMwy+V5GxroL5N/hlSeL3tM6fy4yrGadd/WBzj020Dt+rSG+xJlAviZdFBL66Pcs4u9zecpXIR4cqrWHZNDWVV3uktFCbjILewHZm1ukHuS81FyemLhe7eNGfeaXZOe+vyonuB2On5VxE6XQRhvv23tQKP7Wmq+4KFcNuG88DP7hKjLmtiGenylvLPvi49C0d++pysMT+wFFVbVmqzYshZr7Hx1uuFLmO+t7qWd3L7ae/ASCJS4uoAgAA[0m[INFO] [8mha:AAAAYx+LCAAAAAAAAABb85aBtbiIQSWjNKU4P0+vJLE4u1gvPjexLDVPzxdEhicW5WXmpfvll6S2fNly5fzGzauYGBgqihikoFqS8/OK83NS9ZwhNEghAwQwghQWAACwxA+XYgAAAA==[0m[WARNING] 
[8mha:AAAB8h+LCAAAAAAAAACFkc1u00AQx5dAIOIINyokSwg4RLLd4lRpqx4cx45KjUmwqBssDmt7/RFsr2OvPwgSz8MBXoY34EKFEO/AbhwXIQ7MHvanmfnP/Ff7+RfoFzl4EpZegVM+i8sgSgsepkXk4hjnvExJYWRggkAbN3qgp4PBtuEFzAh4qrd6YacXrvXCtZ42nujglgcJJOCevoIVFGKYBoJJ8igNTpocPNi5cHFa4BjxSnv/vRk0GTX8+P+G6cKfnwb429K86oGbNug7wdbsffvf5bTqs+oafAS3qcsUJohxr8nKvFPwTMHvFF++Xlz9ePhhtjVEnQ0IuPNIUthhpGkiDUaiyLjNdSQdjg8mUtenaV1fS9o2SrZ/0E0WxW6eMv0zmXGb62hfPdrNYxll2vW1pI7YIaDfEJQnBHzfs8dJCI9lGstmqCtyFxNnPIIT4kRnC9NaGeevpbk4rJ7rqlTuB9V8hRp9ejHfNJ4aRq41si6TzK/i+NA88I34/cjfzDawXM4mwToKo3dYW5tj4eX5+JlhHr2pQ0MNQrle1EG4sGRZqRt5eLkM2N7T0z1bTGxLfmWcGbO3nIkTxGU5dmKUFFyNcsSh1MVlSh+APK4OoxhxThnFHv0UjoS07PvIJVGFuAIRQrPF3d+nv8kg5QIAAA==[0m[8mha:AAAAYx+LCAAAAAAAAABb85aBtbiIQSWjNKU4P0+vJLE4u1gvPjexLDVPzxdEhicW5WXmpfvll6S2fNly5fzGzauYGBgqihikoFqS8/OK83NS9ZwhNEghAwQwghQWAACwxA+XYgAAAA==[0m[WARNING] Some problems were encountered while building the effective settings
[8mha:AAACAR+LCAAAAAAAAACFkk+Pk0AYxsdqtfGoNzcmJEZ7aAJspZuum02kFJp1EdslLluJhykMf7owUGZo2Zr4eTzol/EbeNoY49mrDJQ1xoPvHPjlnfd5nycZPv8EbZKBZ0HukgTzaZT7ISY8xCR0kijJeLkkhZGRUATqutUCLR10qoHXMKWgq9d6YacXbvTCjb4cPNLBHRdSSMEDfQnXUIgg9gWTZiH2j4oMPNqlcBJMkgjxSv392xkUaRn46f8Dl4Y/PnWSb3PzugVu26C98KuwD+1/zctbj92uwEdwt0yJYYwYt4o0zxoFzxT8TvHl6/n198cfJlWgMlmHgntPJIUdRpomlsVIFBnXvYakg2F/JDVzmtbM1aRVlTP/TrNZFJt9yvjPZsZ1r6F99XC3j3WUcTNXkzpgh4J2QVEWU/Brzx7GAXwhlzUveroiNzVaDAdwRBfhycy0lsbpW2kq9tavdFXK9/31dIkKfXw+3RauGoSONbAu4tRbR9GB2feM6GrgbSdbmM8nI38VBuFloq3MofDmdPjcMA/fbQJD9QN5M9v4wcySZWVTyL2Luc98j4/3bDG2LfnMODEm77luTtC0euMz5IeEZlddLiSci9IMOZAil4PY5QJIOJxwyPOQQ3nuJScESYyEJcKX7G/k475AEKXluxG+iKP7vwE66aOC9gIAAA==[0m[8mha:AAAAYx+LCAAAAAAAAABb85aBtbiIQSWjNKU4P0+vJLE4u1gvPjexLDVPzxdEhicW5WXmpfvll6S2fNly5fzGzauYGBgqihikoFqS8/OK83NS9ZwhNEghAwQwghQWAACwxA+XYgAAAA==[0m[WARNING] 'usePluginRegistry' is deprecated and has no effect. @ /home/jenkins/.m2/settings.xml
[8mha:AAABwh+LCAAAAAAAAACFjs9u00AQxodAIOqxvVEhISHgEMl2i1O5VD04jh21dU2CRd1gcdgkztrB/2KvE5NKfRhOHNqX4Q04VVXFO3Q3zhYhDswc9qfZ+eb7rn5DPc/gjV+M8yQW0rDAQZwLKM6DURImmaBS0hhZCfGgqkc1qJnQWC2copTAW7PSi2u9+KAXH/R08cCEJ2NEEIFNc4rmSAxRjEWbZEGMD8oMnq9TjJI4T0JP0Kr3b2coUxr49f8DU8O7H43k18C+qcFjF+pDvAq75f5rTn8n7HcGl/CUpoxR5DGulWmRcYXAFMJacf3z7Ob2xUV3FYgmaxB49krWWDMyDIkWI0liXM04yXvKblvme4bB9yoyVlUw/wa/LEn8ntb5c5lxNeO0o++v77GJ1uF7Fekt1gTqJfGyiMD3bVeJfPRepTUom6am8moPlRZqk2Fw1LedqXXySe5JzfmxqcvFDp73pl5pds56y3Ks+8HIaTnnUTqZh+GevTuxwm+tybK7RMWg28azwA++JsbMVsQPJ8o7y97/vPAtHfvqor/Aft9RVW1Rqs3zAWa+h4fbrhS5jvrROrK6X15u3AO+uIUaoQIAAA==[0m[8mha:AAAAYx+LCAAAAAAAAABb85aBtbiIQSWjNKU4P0+vJLE4u1gvPjexLDVPzxdEhicW5WXmpfvll6S2fNly5fzGzauYGBgqihikoFqS8/OK83NS9ZwhNEghAwQwghQWAACwxA+XYgAAAA==[0m[WARNING] 
[8mha:AAABRB+LCAAAAAAAAACFj8FKxDAQhsfqavGoJwVhQdRbWqWKsqe1u/VSvRQE2VPsdmuXblLTVAqCz+NBX8Y38LSI+A5mmmZFPDg55GPy/zN/Xr6gUwrYv6vGJWekyKs0YyWhrMxinnNB+op8pCsuE9C1ZIEVgt0ILmkh4SDUfqf1Owu/s/ArYS+ElTGVVMJGOKUP1MkpS51IioylvVrAdpsi5qzkeUJ8ff/eDHWhAu/9H1gt/Hy2+ftNNLdgeQSd27QJuzn6u1y9TvD1Hp5gVaVkdJYgW3VRCeMg6CCt4/Xtev6x83jRBFLJbAlru56PBykIXFVIrouse4a8k9Ojc8/ogsDoNAVNVbjfNpNd18zzBz+TkXXP0OHwrJ2HHX9gdJqGx3gkdGqZiJmErSimjKnvdCdcdAvBp0ksS0LI+jfUn57rGAIAAA==[0mScanning for projects...
[8mha:AAABxx+LCAAAAAAAAACFjs9u00AQxodAIOIINyqkSqhwiGS7xancVj04jh2lNW6CRd1g9bBJnLVT/4u9TkyQ+jwgtS/DG3CqEOId2I2zRYgDM4f9aXa++b6bX1DPM3jtF5M8iYU0LHAQ5wKK82CchEkmqJQ0RlZCPKjqQQ1qJjTWC+9QSuCNWenFjV6814v3erp4ZMKjCSKIwDNzhhZIDFGMRZtkQYyPygxebFKMkzhPQk/QqvdvZyhTGnjn/4Gp4c8vjeT70L6rwUMX6iO8Dvvc/dec/k7Z7xyu4TFNGaPIY1wr0yLjCoEphI3i9tv53Y+Xn7vrQDRZg8CTV7LGmpFhSLQYSRLjasZJ3lf22jLfMwy+V5GxroL5N/hlSeL3tM6fy4yrGadd/WBzj020Dt+rSG+xJlAviZdFBL66Pcs4u9zecpXIR4cqrWHZNDWVV3uktFCbjILewHZm1ukHuS81FyemLhe7eNGfeaXZOe+vyonuB2On5VxE6XQRhvv23tQKP7Wmq+4KFcNuG88DP7hKjLmtiGenylvLPvi49C0d++pysMT+wFFVbVmqzYshZr7Hx1uuFLmO+t7qWd3L7ae/ASCJS4uoAgAA[0m[INFO] [8mha:AAAAYx+LCAAAAAAAAABb85aBtbiIQSWjNKU4P0+vJLE4u1gvPjexLDVPzxdEhicW5WXmpfvll6S2fNly5fzGzauYGBgqihikoFqS8/OK83NS9ZwhNEghAwQwghQWAACwxA+XYgAAAA==[0m[WARNING] 
[8mha:AAACHB+LCAAAAAAAAACFkc9u00AQxreBQsQRDkhUSJYQcIiwnZJUSaoeHCcOpcZNMDQNUYXW9vpPanud9To2QeJ5OMDL8AacKoR4B3bjuAhxYPawP83MN/Ot9ssvsJsS8MTPnBTHYhJmXhCnIozTwMYhJqLCSOVkYIpAGTs1UNNBfdPwCiYUPNVLvbTVS9d66VrPGg91cNOBFFJwV1/AFZRCGHuSSUkQe4cFAQ+2LmwcpzhEolref28GRcIMP/6/Ybbw5+c6/j4zr2rgxhzsWt7G7L35v8tZ1eXVJfgEbjGXMYwQ51qRZKRSiFwhbhVfv51d/Xj4cbQxxJzVKbj9qKXyw0nTZBacZJlzmauoddDZ77eqPk2r+krSNpHx/fVqsixX89TBn8mcy1xFzWF3O49n1EHVV9KwzQ8FuwVFJKI79/fmnciHPYXFrGjoqlJF3+q0YZ9awfHEnC6Mk7etsdxYvdSHrazprcYLVOiDs/G6cIZ+YE/b0/MocVdheGDuu0b4oe2uR2uYzUZ9bxn4wSXWlmZHOj3pPDfM7rvcN4aer+ST3PMnU0VR80JpnM88vvfoaG8uR/Op8to4NkYXgokjJCQEWyGKUiFHBAkotnEWswcgR8j9IESClQWhwz5FoD4ruy6yabBCQoQdFAouJoKNI5FA+zJNoI1EmAS9FEFi+70ckp4sNkX5vdXqPjMNZWy+OH1z5zcv/bTUFgMAAA==[0m[8mha:AAAAYx+LCAAAAAAAAABb85aBtbiIQSWjNKU4P0+vJLE4u1gvPjexLDVPzxdEhicW5WXmpfvll6S2fNly5fzGzauYGBgqihikoFqS8/OK83NS9ZwhNEghAwQwghQWAACwxA+XYgAAAA==[0m[WARNING] Some problems were encountered while building the effective model for com.rackspace.api:search:war:0.1.0_b49-SNAPSHOT
[8mha:AAACCx+LCAAAAAAAAACFks9u00AQxreBQMSBA9yokCwhyCFgO2lSpa0q4Th2VGpMgkXTEPWwie31Bns38b+4QeJ5OMDL8AacKoR4B3btOAhxYPYwP83ON/NJu19+gWoUgmdeYkeUiEs/QZhEIiQRnlOfhqLCSOVk0tgBRexVQMUAtbzhNVzGoG4Uemmrl3Z6aadnjScGuG3DGMbggbGAKZR8SJBkxSEm6CQLwaOtizklEfUdUS3y35tBtmSGn/7fMFv483ONfp9YNxVwawqqM5SbfTj9dzm7dfntCnwCd5hLAgOHcyVbJmGpELlC3Cq+fru4+fH44yA3xJzVYnD3SVvlh5Ouyyw4yTLnolZS+7Db6rXLPl0v+wrS80j4/lo5WZbLeWr/z2TORa2kpna0nccrar/sK0jr8BODahY7YRDv3d+fdgMPHissJlnDUJUyerNuB/biGT4bWeOFef6uPZQb6StDaydNlA4XTmb0L4abzNY8PB93xpfB0k19/9BquaZ/3XE3gw1MJoMeWmEPf6D6yupKb867B6Z19H7tmRrylPVojbzRWFHUdaY0LieI7z093Z/KwXSsvDXPzMGVUJ8l2Ld3z1xkMXXCCFNSF1waCjRE7MfYjgeTSEQhpem1GMDUIccoTy8KkYAjIcBRxB5PFF4KPiaO0DzoPBfYt0kCIrSa934DHwbjEw0DAAA=[0m[8mha:AAAAYx+LCAAAAAAAAABb85aBtbiIQSWjNKU4P0+vJLE4u1gvPjexLDVPzxdEhicW5WXmpfvll6S2fNly5fzGzauYGBgqihikoFqS8/OK83NS9ZwhNEghAwQwghQWAACwxA+XYgAAAA==[0m[WARNING] 'build.plugins.plugin.version' for org.codehaus.groovy.maven:gmaven-plugin is missing. @ line 135, column 21
[8mha:AAABwh+LCAAAAAAAAACFjs9u00AQxodAIOqxvVEhISHgEMl2i1O5VD04jh21dU2CRd1gcdgkztrB/2KvE5NKfRhOHNqX4Q04VVXFO3Q3zhYhDswc9qfZ+eb7rn5DPc/gjV+M8yQW0rDAQZwLKM6DURImmaBS0hhZCfGgqkc1qJnQWC2copTAW7PSi2u9+KAXH/R08cCEJ2NEEIFNc4rmSAxRjEWbZEGMD8oMnq9TjJI4T0JP0Kr3b2coUxr49f8DU8O7H43k18C+qcFjF+pDvAq75f5rTn8n7HcGl/CUpoxR5DGulWmRcYXAFMJacf3z7Ob2xUV3FYgmaxB49krWWDMyDIkWI0liXM04yXvKblvme4bB9yoyVlUw/wa/LEn8ntb5c5lxNeO0o++v77GJ1uF7Fekt1gTqJfGyiMD3bVeJfPRepTUom6am8moPlRZqk2Fw1LedqXXySe5JzfmxqcvFDp73pl5pds56y3Ks+8HIaTnnUTqZh+GevTuxwm+tybK7RMWg28azwA++JsbMVsQPJ8o7y97/vPAtHfvqor/Aft9RVW1Rqs3zAWa+h4fbrhS5jvrROrK6X15u3AO+uIUaoQIAAA==[0m[8mha:AAAAYx+LCAAAAAAAAABb85aBtbiIQSWjNKU4P0+vJLE4u1gvPjexLDVPzxdEhicW5WXmpfvll6S2fNly5fzGzauYGBgqihikoFqS8/OK83NS9ZwhNEghAwQwghQWAACwxA+XYgAAAA==[0m[WARNING] 
[8mha:AAACBR+LCAAAAAAAAACFjtFu0zAUhr2OQcUl3DEhWULARaUkG+3UbdpFmjZVWQgtEetKxYXTOImLE6eJ06ZF4nm4gJfhDbiaEOIdsJtmCHHBsRR/OT7/+f8vv8BBloJnYe5lLFYSmgckzhQUZ2TGKEsVXZAhyWYcg7L2aqBmgfp24BVKOHhulXp1p1dv9eqtXgyeW+COhzji4IE1R0ukUhQHqsNTEgfnRQoe7VLMWJwxihWjvP92BkUiAj/9f2Bh+PNznX2fODc1sD8FB26wDftw+q+5ePXl6wJ8AndFyhhFWHKtSPK0UihSoewUX79d3fx4/LG/DSSS1Tm496RpyCPJNDVRkjRNctmrqHnSPu40qznTrOZKMreVS/96tVnTqn1G989myWWvoqPe6W6f7Bjdaq6kXkseDg4KjtOI7+0fTttRiM50UZOiYRl6VR233UId7pLByBnP7cu3zaHWWL60es38KFgO57iwulfDTeH1QjIbt8bXUeIvKT1xjn2brlv+pr9B+aTfCRYkJB+YuXDa6uvL9gvbOX23Cu1eEOqr0SoIR2NdN1aF3rieBNL34uJwqkXTsf7GHtj993DAIclgSIKQrmGKZyyKcOxhD3IGfVJAHuIMwyRlLsVRBl08Q7loiPZafFKMOI7lH8w4cgklfA2ZD9csT6GbE+op938Dr0MCWgIDAAA=[0m[8mha:AAAAYx+LCAAAAAAAAABb85aBtbiIQSWjNKU4P0+vJLE4u1gvPjexLDVPzxdEhicW5WXmpfvll6S2fNly5fzGzauYGBgqihikoFqS8/OK83NS9ZwhNEghAwQwghQWAACwxA+XYgAAAA==[0m[WARNING] It is highly recommended to fix these problems because they threaten the stability of your build.
[8mha:AAABwh+LCAAAAAAAAACFjs9u00AQxodAIOqxvVEhISHgEMl2i1O5VD04jh21dU2CRd1gcdgkztrB/2KvE5NKfRhOHNqX4Q04VVXFO3Q3zhYhDswc9qfZ+eb7rn5DPc/gjV+M8yQW0rDAQZwLKM6DURImmaBS0hhZCfGgqkc1qJnQWC2copTAW7PSi2u9+KAXH/R08cCEJ2NEEIFNc4rmSAxRjEWbZEGMD8oMnq9TjJI4T0JP0Kr3b2coUxr49f8DU8O7H43k18C+qcFjF+pDvAq75f5rTn8n7HcGl/CUpoxR5DGulWmRcYXAFMJacf3z7Ob2xUV3FYgmaxB49krWWDMyDIkWI0liXM04yXvKblvme4bB9yoyVlUw/wa/LEn8ntb5c5lxNeO0o++v77GJ1uF7Fekt1gTqJfGyiMD3bVeJfPRepTUom6am8moPlRZqk2Fw1LedqXXySe5JzfmxqcvFDp73pl5pds56y3Ks+8HIaTnnUTqZh+GevTuxwm+tybK7RMWg28azwA++JsbMVsQPJ8o7y97/vPAtHfvqor/Aft9RVW1Rqs3zAWa+h4fbrhS5jvrROrK6X15u3AO+uIUaoQIAAA==[0m[8mha:AAAAYx+LCAAAAAAAAABb85aBtbiIQSWjNKU4P0+vJLE4u1gvPjexLDVPzxdEhicW5WXmpfvll6S2fNly5fzGzauYGBgqihikoFqS8/OK83NS9ZwhNEghAwQwghQWAACwxA+XYgAAAA==[0m[WARNING] 
[8mha:AAACCB+LCAAAAAAAAACFkkFv0zAYhr3CoOIINyYkSwg4FCXZaKdu0w5p2lRjWWiJWFcqDm7rOC5JnDpOGorE7+EAf4Z/wGlCiP+A3TRDiAOfD3n0+Xu/95WcL7/AbsrB0yCbpyzWkjAjNE41FKd0xkLGNVOSpchlAoOydmqg5oD6ZuACJQI8c0q9vtXrN3r9Ri8HTxxwe44EEuC+s0A50kMUE90TnMbkpODg4TbFjMUpC7Fmld+/nUGRyMBP/h9YGv78XGffx951DdyagN0p2YR9MPnXXN766nYJPoE7MmWMIqy4ViQZrxSaUmhbxddvl9c/Hn3sbwLJZHUB7j5uWuoosm1DliLDUFz2Kmoetg86zWrOtqu5kuxNZcq/Xm02jGqf1f2zWXHZq2i/d7TdpzpWt5orqddSR4DdQmAeiZ3a3qQdBejYlDUuGo5lVtWZtluoI6b0bOiNFu75m+bAaOQvnV4z2yf5YIELp3s5WBfzXkBno9boKkr8PAwPvQPfDT+0/HV/jbJxv0OWNKDvmb302vqr8/YL1zt6uwrcHgnM1XBFguHINK1VYTauxkT5np7uTYxoMjJfu2du/x20GYcioCnkGMn3fg79TGQcwwuU4xjmmKdU/iQwoiQQMGYwZDHBHKZZkjAu4DSj4Vw+l2zMAhih0Gc8wnOYcLbAM5Fq934DBuQuzQEDAAA=[0m[8mha:AAAAYx+LCAAAAAAAAABb85aBtbiIQSWjNKU4P0+vJLE4u1gvPjexLDVPzxdEhicW5WXmpfvll6S2fNly5fzGzauYGBgqihikoFqS8/OK83NS9ZwhNEghAwQwghQWAACwxA+XYgAAAA==[0m[WARNING] For this reason, future Maven versions might no longer support building such malformed projects.
[8mha:AAABwh+LCAAAAAAAAACFjs9u00AQxodAIOqxvVEhISHgEMl2i1O5VD04jh21dU2CRd1gcdgkztrB/2KvE5NKfRhOHNqX4Q04VVXFO3Q3zhYhDswc9qfZ+eb7rn5DPc/gjV+M8yQW0rDAQZwLKM6DURImmaBS0hhZCfGgqkc1qJnQWC2copTAW7PSi2u9+KAXH/R08cCEJ2NEEIFNc4rmSAxRjEWbZEGMD8oMnq9TjJI4T0JP0Kr3b2coUxr49f8DU8O7H43k18C+qcFjF+pDvAq75f5rTn8n7HcGl/CUpoxR5DGulWmRcYXAFMJacf3z7Ob2xUV3FYgmaxB49krWWDMyDIkWI0liXM04yXvKblvme4bB9yoyVlUw/wa/LEn8ntb5c5lxNeO0o++v77GJ1uF7Fekt1gTqJfGyiMD3bVeJfPRepTUom6am8moPlRZqk2Fw1LedqXXySe5JzfmxqcvFDp73pl5pds56y3Ks+8HIaTnnUTqZh+GevTuxwm+tybK7RMWg28azwA++JsbMVsQPJ8o7y97/vPAtHfvqor/Aft9RVW1Rqs3zAWa+h4fbrhS5jvrROrK6X15u3AO+uIUaoQIAAA==[0m[8mha:AAAAYx+LCAAAAAAAAABb85aBtbiIQSWjNKU4P0+vJLE4u1gvPjexLDVPzxdEhicW5WXmpfvll6S2fNly5fzGzauYGBgqihikoFqS8/OK83NS9ZwhNEghAwQwghQWAACwxA+XYgAAAA==[0m[WARNING] 
[8mha:AAABNh+LCAAAAAAAAACtjrFKxEAQhsdoNFhqJ1iJWrmJEkW5ystdRIg2B4Jctd7FGMntxt2NBASfx0JfxjewOkR8B3ey2ROxsHGm2I/Z/5/5nz/BlQK2bqqx5IyURZXlTBLKZD7iBRfkWFOEdM5VCqbmHHAS8BrBGS0VbCfG77d+f+b3Z34t7CSwMKaKKlhJbuk99QvKMn+gRM6yTi1grU0x4kzyIiWReX9ehrrUgTf/DqwPfjx5/O1yMHVgfgjuVdaEXR3+Pq5/r/H3Dh5hUadkdJIiO3VZCesg6CCt4+X1Yvq+/nDSBNLJPAVLG2GEjRTHgS6kIEA2M0vhweFeN7S6OLY6Q3FTFd737OYgsPui3vdmZDOztNs/avfhJOpZnaH+PrYCt1apmCg43fmnWv4CYECpfEgCAAA=[0m------------------------------------------------------------------------
[8mha:AAABSh+LCAAAAAAAAACFjsFKxDAQhsdqtXjUmygURL21Vaqoe3K7WxHqLrggSPEQ21or3aSbplIQfB4P+jK+gadFxHcwaZoV8eDMIR+T/5/5X75ALyls31VxSbBV5FWa4dJCuMwikhNqnXDyBA0IS0DWnAZaAEYjOEcFg51A+u3Wb8/89szPhZ0AFmLEEIOV4B49IDtHOLVHjGY47dQU1toUEcElyRPLk+/vy1AXPPDW/4H5wc9ng7xfjaYazIeg36RN2NXw73H+eyt+J/AEizwlRuNEsFYXFVUOSzis1vH6djn92Hg8bQLxZAaDpU3XEy3I9x1eghxHsJwpcg8O97qu0vm+0knym6rEfUNtdhy1z+v9bBYsZ4p2+0ftPjHxekonqb8vmoFes4SOGayHZwN/eG1eJChihJrdKstjc0jjhB4vfwMwchkuGwIAAA==[0m[INFO] Reactor Build Order:
[8mha:AAABOR+LCAAAAAAAAACFjsFKxDAQhsdqtXjUmyAIot7SKlWUPbndrQh1PSwIUjzE3Vor3aSmqRQEn8eDvoxv4GkR8R3MNM2KeHDmkI/J/8/8L19glwK2b6txyRkp8irNWEkoK7MRz7kgx4oCpAGXCeias8CKwGkEZ7SQsBNpv9v63ZnfnfmVsBPBwphKKmEluqMP1M0pS92hFBlLO7WAtTbFiLOS5wkJ9Pv7MtSFCrz1f2B18PPZ4e+Xw6kF8zHY12kTdjX+e1z93uDvPTzBokrJ6CRBtuqiEsZB0EFax+vbxfRj/fGkCaSSORKWNv0AGykMPVVInoesZ4b8g8O9rm90YWh0msKmKrzvmM2eZ/YFvZ/NyHpmaLd/1O7DSdAzOk39fWwJdi0TMZHgxKeD8PxqY/kbaqkK+wcCAAA=[0m[INFO] 
[8mha:AAABQx+LCAAAAAAAAACFkcFKxDAQhsdqtXjUmyAsiHpLq1RR9qTdrQjdXaEgSPEQu7Vb6SY1TaUg+Dwe9GV8A0+LiO9g0jQr4sHJIR+T/5/5IS9fYJYMdibVuKQEFXmVZqREmJRZTHPK0IkgT9KQ8gRULRhgBGA1ggEuOOwGym+3fnvut+d+IewGsDTGHHNYC+7wA7ZzTFI75CwjabdmsNGmiCkpaZ4gT92/N0NdiMDb/wcWCz+fLfp+Fc4MWIzAvEmbsOvR3+Xi9Va+3sMTLIuUBE8TyUZdVEw7kHSg1vH6djn72Hw8awKJZBaHlS3Xk0eS7zuiJDmOZNXT5B4e7Z+6Wuf7WqfIb6qS+y092XH0PK/3M1my6mna6x+382TH62mdov6BPBzMmidsKr4hOh/6o+tOmGAWTzoXo8HqNzBcB+8RAgAA[0m[INFO] Search POM
[8mha:AAABPx+LCAAAAAAAAACFjsFKxDAQhsdqtXjwoDdBEES9tVWqKHvS7kaEuh4WBCkeYrd2K92km6RSEHweD/oyvoGnRcR3MGmaFfHgzCEfk/+f+V++wOYMdkbVkFPilkWV5YS7mPA8oQVl7omkUFGfihR0zVlgReA0ggtcCtiNtN9r/d7M7838UtiJYGGIBRawGt3jB+wVmGTeQLCcZJ2awXqbIqGE0yJ1Q/3+vgx1KQNv/x9YHvx8duj79WBqwXwM9m3WhF2L/x6Xv3fqdwJPsChTEjxOFVt1WTHjcJXDbR2vb1fTj43HsyaQTOYIWNoKQtWKEPJlKfJ9xXpmKDg82j8NjA4ho9OEmqrUfcds9n2zL+z+bFasZ4b2esftPjUJu0anqXegWoBdi5SNBazE5310ebPJU8yS0fI37JiB0g0CAAA=[0m[INFO] search
[8mha:AAABQB+LCAAAAAAAAACFjsFKxDAQhsdqtXgSvQmCIOqtrVJF2ZN2NyLU9bAgSPGQ7dZa6SbdNJGC4PN40JfxDTwtIr6DSdOsiAdnDvmY/P/M//IFdsVg506MKkrcshBZTioXkypPaEGZeyIpVNSnPAVdcxZYETiN4AKXHHYj7fdavzfzezO/FHYiWBhhjjmsRvf4AXsFJpk34CwnWadmsN6mSCipaJG6oX5/X4a6lIG3/w8sD34+O/T9ejC1YD4Ge5g1Ydfiv8fl7636ncATLMqUBI9TxVZdCmYcrnK4reP17Wr6sfF41gSSyRwOS1tBqFoRQr4sRb6vWM8MBYdH+6eB0SFkdJpQU0Ldd8xm3zf7wu7PZsV6Zmivd9zuU5Owa3SaegeqOdg1T9mYw0p83keXN5uJSMR4mLLlb7p0iC8PAgAA[0m[INFO] cucumber
[8mha:AAABPR+LCAAAAAAAAABb85aBtbiIQS2jNKU4P0+vIKc0PTOvWC8xrzgzOT8nv0jPEchyBrH88ktSGSCAkYmByYeBA6zAN7GghEHdB6JfH6pfH65fH64fqNDah4ElJbEksYRByCcrsSxRPycxL10/uKQoMy/duqKIQQrqiuT8vOL8nFQ9ZwiNajNDRQHQwaqEHQy08PUKjvyHkcHPmRiYoxlYk9LBjhWOxrQcKJsGki1kqGNgA7oyLzE3FcRmqigoLYLp0APp0IPqWHsp7PlL2Wp3sIOALuMoYWBXNnEGQRDLzc0ACEAsAwMQGyIGY5mYWRg5mcDUubnB1EFYbmBQCrKfA2aygQHMPGcXhMkgNkQMxjJ0tYSaBxJxdoGpg7BcTUGwhIG1oiS1KLeEISDa08/NP1aBWoALADftnitPAgAA[0m[INFO]                                                                         
[8mha:AAABPh+LCAAAAAAAAABb85aBtbiIQS2jNKU4P0+vIKc0PTOvWC8xrzgzOT8nv0jPEchyBrH88ktSGSCAkYmByYeBA6zAN7GghEHdB6JfH6pfH65fH64fqNDah4ElJbEksYRByCcrsSxRPycxL10/uKQoMy/duqKIQQrqiuT8vOL8nFQ9ZwiNajNDRQHQwaqEHQy08PUKjvyHkcHPmRiYoxlYk9LBjhWOxrQcKJsGki1kqGNgA7oyLzE3FcRmqigoLYLp0APp0IPqWHsp7PlL2Wp3sIOALuMoYWBXNnEGQRDLzc0ACEAsAwMQGyIGY5mYWRg5mcDUubnB1EFYbmBQCrKfA2aygQHMPGcXhMkgNkQMxjJ0tYSaBxJxdoGpg7BcTUGwhIG1oiS1KLeEISDa08/NP1ZBl0qACwBzBPd0TwIAAA==[0m[INFO] ------------------------------------------------------------------------
[8mha:AAABWx+LCAAAAAAAAACFj8FKw0AQhsdoNXjUmyAERD25SSWKpac2bVRI00JEkCKybWMaSXdjspGA4PN40JfxDTwVEd/B3SRbEQ/OHvZj9v9n/n35glqawN40m6SUoDjKgpCkCJM0HNOIJqjFyRLkUuZDWUsKKA6ohaCHYwb7TunXK7++8OsLPxc2HViZYIYZbDh3+AHrESaB7rEkJEEzT2CrSjGmJKWRj6zy/r0Z8pgH3v0/MF/4+azS9ytvrsDyEGqjoAi7Ofy7nL/eitd7eIJVnpLgmS9YyeMskQ4kHKhyvL5dzj+2H0+LQDyZymBtx7TEEWTbBi9BhiG47Ekyj08O26bU2bbUlWQXlYn9qpxsGHKe1fmZLLjsSap3G9U80bE6UldS90gcBrWc+cmMARqeu3b/WmtnYTThv9I8HyfjqTbo9zQD1ZFxMzIbB57bGnhn/Yv1bxwxkMAtAgAA[0m[INFO] Building Search POM 0.1.0_b49-SNAPSHOT
[8mha:AAABPh+LCAAAAAAAAABb85aBtbiIQS2jNKU4P0+vIKc0PTOvWC8xrzgzOT8nv0jPEchyBrH88ktSGSCAkYmByYeBA6zAN7GghEHdB6JfH6pfH65fH64fqNDah4ElJbEksYRByCcrsSxRPycxL10/uKQoMy/duqKIQQrqiuT8vOL8nFQ9ZwiNajNDRQHQwaqEHQy08PUKjvyHkcHPmRiYoxlYk9LBjhWOxrQcKJsGki1kqGNgA7oyLzE3FcRmqigoLYLp0APp0IPqWHsp7PlL2Wp3sIOALuMoYWBXNnEGQRDLzc0ACEAsAwMQGyIGY5mYWRg5mcDUubnB1EFYbmBQCrKfA2aygQHMPGcXhMkgNkQMxjJ0tYSaBxJxdoGpg7BcTUGwhIG1oiS1KLeEISDa08/NP1ZBl0qACwBzBPd0TwIAAA==[0m[INFO] ------------------------------------------------------------------------
[8mha:AAABOR+LCAAAAAAAAACFjsFKxDAQhsdqtXjUmyAIot7SKlWUPbndrQh1PSwIUjzE3Vor3aSmqRQEn8eDvoxv4GkR8R3MNM2KeHDmkI/J/8/8L19glwK2b6txyRkp8irNWEkoK7MRz7kgx4oCpAGXCeias8CKwGkEZ7SQsBNpv9v63ZnfnfmVsBPBwphKKmEluqMP1M0pS92hFBlLO7WAtTbFiLOS5wkJ9Pv7MtSFCrz1f2B18PPZ4e+Xw6kF8zHY12kTdjX+e1z93uDvPTzBokrJ6CRBtuqiEsZB0EFax+vbxfRj/fGkCaSSORKWNv0AGykMPVVInoesZ4b8g8O9rm90YWh0msKmKrzvmM2eZ/YFvZ/NyHpmaLd/1O7DSdAzOk39fWwJdi0TMZHgxKeD8PxqY/kbaqkK+wcCAAA=[0m[INFO] 
[8mha:AAAB5R+LCAAAAAAAAACFUd2K00AYHavV4qXeuQgB8Y+Sv5K6scuCzbQJ3Y1tlmqwW/Zimk7TxPyZTEKq4PN4oS/jAwheLSK+gzNJsyJeeOZiDt+c850D8/kXaGcpeLTN11kcCUmQu16UCSjKPCcO4lQYUgYZm8YEgxrXWqBlgk4leIkSAh6btV/c+8Urv3jlp8IjE9xYI4IIuGP6qEBigCJXnJPUi9yjMgX39i2cOMriAAuwvv9OBmVCCz/8f2Ea+PNTJ/6+mF+2wPUlaK/cquzd5b/h9HXDXt+Bj+AmbRmhEDPeKpM8bRwCcwh7x5ev9uWP+x+MqhBt1iHg1gMFssOYrksUjEkS4/WsYcoztacpjU7XG13N9Ao5y+80myWp2QdHfzYzXs8aJo+f7/exCRw1upqN++wQ0C4JTkMCvi0nU312wR0s1XCLBkOKhdY14bCBtlL7SCMrb3I2D/3p6WvFkrrFiTlWctktLB+X5si23pfrsVEU4Xn3zWH/HL81g5m9KV75jqpbJy4yPG9inCLP6Fs7VSl2jj2SIziU5zsa4EOoa2fQ7h3O/EWVeXx8sJRCnue5EBU44p0Ao4ivP3rQExRBHlQj7skab1AekFrxlHvBZRilzpZP4pCj/tu/Ab5lDB3dAgAA[0m[INFO] [8mha:AAAAYB+LCAAAAAAAAABb85aBtbiIQSmjNKU4P0+vJLE4u1gvPjexLDVPzxdEGvvmZ+X75ZekLlOVfvTjc8FPJgaGiiIGKaiG5Py84vycVD1nCA1SyAABjCCFBQCV27OjYAAAAA==[0m--- maven-clean-plugin:2.4.1:clean (default-clean) @ search-pom ---
[8mha:AAABPR+LCAAAAAAAAABb85aBtbiIQS2jNKU4P0+vIKc0PTOvWC8xrzgzOT8nv0jPEchyBrH88ktSGSCAkYmByYeBA6zAN7GghEHdB6JfH6pfH65fH64fqNDah4ElJbEksYRByCcrsSxRPycxL10/uKQoMy/duqKIQQrqiuT8vOL8nFQ9ZwiNajNDRQHQwaqEHQy08PUKjvyHkcHPmRiYoxlYk9LBjhWOxrQcKJsGki1kqGNgA7oyLzE3FcRmqigoLYLp0APp0IPqWHsp7PlL2Wp3sIOALuMoYWBXNnEGQRDLzc0ACEAsAwMQGyIGY5mYWRg5mcDUubnB1EFYbmBQCrKfA2aygQHMPGcXhMkgNkQMxjJ0tYSaBxJxdoGpg7BcTUGwhIG1oiS1KLeEISDa08/NP1aBWoALADftnitPAgAA[0m[INFO]                                                                         
[8mha:AAABPh+LCAAAAAAAAABb85aBtbiIQS2jNKU4P0+vIKc0PTOvWC8xrzgzOT8nv0jPEchyBrH88ktSGSCAkYmByYeBA6zAN7GghEHdB6JfH6pfH65fH64fqNDah4ElJbEksYRByCcrsSxRPycxL10/uKQoMy/duqKIQQrqiuT8vOL8nFQ9ZwiNajNDRQHQwaqEHQy08PUKjvyHkcHPmRiYoxlYk9LBjhWOxrQcKJsGki1kqGNgA7oyLzE3FcRmqigoLYLp0APp0IPqWHsp7PlL2Wp3sIOALuMoYWBXNnEGQRDLzc0ACEAsAwMQGyIGY5mYWRg5mcDUubnB1EFYbmBQCrKfA2aygQHMPGcXhMkgNkQMxjJ0tYSaBxJxdoGpg7BcTUGwhIG1oiS1KLeEISDa08/NP1ZBl0qACwBzBPd0TwIAAA==[0m[INFO] ------------------------------------------------------------------------
[8mha:AAABWR+LCAAAAAAAAACFj9FKwzAUho/VafFS7wRhMFQQTDOp4tjV1q0q1E2oCDJEsq12lS6taSoFwefxQl/GN/BqiPgOJm0zES88ucjHyf+f8+flCyoJg+1JOk4iiuIw9QOaIEKTYBSFEUMtQZakXsQ9KGpBA80BPReckZjDjlP4jdJvzP3G3C+ETQeWxoQTDmvOHXkgRkiob7icBdRvZgw2yhSjiCZR6CGruH9vhiwWgbf+DywWfj7r0fuVO9NgcQCVoZ+HXR/8XS5eb+XrPTzBskhJydSTrGVxypQDSQcqHa9vl7OPzcfjPJBIpnNYqZmWPJJsG4uShLHkoqfIPDzab5tKZ9tKV5CdVyr362oyxmqe1fmZLLnoKap3G+U82bE6SldQ90AeDpWMe2zKYXdw2rP719V2GoRj8atq4hE2mlQxqiN8MzQbe26vde6e9C9WvwHNPOwxKQIAAA==[0m[INFO] Building search 0.1.0_b49-SNAPSHOT
[8mha:AAABPh+LCAAAAAAAAABb85aBtbiIQS2jNKU4P0+vIKc0PTOvWC8xrzgzOT8nv0jPEchyBrH88ktSGSCAkYmByYeBA6zAN7GghEHdB6JfH6pfH65fH64fqNDah4ElJbEksYRByCcrsSxRPycxL10/uKQoMy/duqKIQQrqiuT8vOL8nFQ9ZwiNajNDRQHQwaqEHQy08PUKjvyHkcHPmRiYoxlYk9LBjhWOxrQcKJsGki1kqGNgA7oyLzE3FcRmqigoLYLp0APp0IPqWHsp7PlL2Wp3sIOALuMoYWBXNnEGQRDLzc0ACEAsAwMQGyIGY5mYWRg5mcDUubnB1EFYbmBQCrKfA2aygQHMPGcXhMkgNkQMxjJ0tYSaBxJxdoGpg7BcTUGwhIG1oiS1KLeEISDa08/NP1ZBl0qACwBzBPd0TwIAAA==[0m[INFO] ------------------------------------------------------------------------
[8mha:AAABOR+LCAAAAAAAAACFjsFKxDAQhsdqtXjUmyAIot7SKlWUPbndrQh1PSwIUjzE3Vor3aSmqRQEn8eDvoxv4GkR8R3MNM2KeHDmkI/J/8/8L19glwK2b6txyRkp8irNWEkoK7MRz7kgx4oCpAGXCeias8CKwGkEZ7SQsBNpv9v63ZnfnfmVsBPBwphKKmEluqMP1M0pS92hFBlLO7WAtTbFiLOS5wkJ9Pv7MtSFCrz1f2B18PPZ4e+Xw6kF8zHY12kTdjX+e1z93uDvPTzBokrJ6CRBtuqiEsZB0EFax+vbxfRj/fGkCaSSORKWNv0AGykMPVVInoesZ4b8g8O9rm90YWh0msKmKrzvmM2eZ/YFvZ/NyHpmaLd/1O7DSdAzOk39fWwJdi0TMZHgxKeD8PxqY/kbaqkK+wcCAAA=[0m[INFO] 
[8mha:AAAB4h+LCAAAAAAAAACFUc2L00AcHavV4lFvLkJA/KLkq6Ru7LJgM21Cd2ObpRrshj1M02mamI+aTEKq4N/jQf8Zj948LSL+D84kzYp48M1hHr957/cezOdfoJ2l4NEmX2VJLGzD3PPjTEBx5rtJmKTCkDLI2DQhGNS41gItE3QqwUu0JeCxWfvFvV+88otXfio8MsGNFSKIgDtmgAokhij2xDlJ/dg7KlNwb9/CTeIsCbEA6/vvZFBuaeGH/y9MA39+6iTfF/PLFrjugPbSq8redf4Np69r9voOfAQ3acsYRZjxVrnN08YhMIewd3z5al/+uP/BqArRZh0Cbj1QIDuM6bpEwZgkMV7PGqY8U3ua0uh0vdHVTK+Qs/xOs1mSmn1w9Gcz4/WsYfL4+X4fm8BRo6vZuM8OAe2S4DQi4JszmeqzC+7AUaMNGgwpFlrXhMMG2lLtI40s/cnZPAqmp68VS+oWJ+ZYyWWvsAJcmiPbel+uxkZRROfdN4f9c/zWDGf2ungVuKpunXjI8P2JcYp8o2/tVKXYufZIjuFQnu9oQAChrp1Bu3c4CxZV5vHxgSNFPM9zESpwzLshRjFff/SgJyiCPKhG3JMVXqM8JLXiKfeCyzBK3Q1Hvbd/A79bfk3ZAgAA[0m[INFO] [8mha:AAAAYB+LCAAAAAAAAABb85aBtbiIQSmjNKU4P0+vJLE4u1gvPjexLDVPzxdEGvvmZ+X75ZekLlOVfvTjc8FPJgaGiiIGKaiG5Py84vycVD1nCA1SyAABjCCFBQCV27OjYAAAAA==[0m--- maven-clean-plugin:2.4.1:clean (default-clean) @ search ---
[8mha:AAABOR+LCAAAAAAAAACFjsFKxDAQhsdqtXjUmyAIot7SKlWUPbndrQh1PSwIUjzE3Vor3aSmqRQEn8eDvoxv4GkR8R3MNM2KeHDmkI/J/8/8L19glwK2b6txyRkp8irNWEkoK7MRz7kgx4oCpAGXCeias8CKwGkEZ7SQsBNpv9v63ZnfnfmVsBPBwphKKmEluqMP1M0pS92hFBlLO7WAtTbFiLOS5wkJ9Pv7MtSFCrz1f2B18PPZ4e+Xw6kF8zHY12kTdjX+e1z93uDvPTzBokrJ6CRBtuqiEsZB0EFax+vbxfRj/fGkCaSSORKWNv0AGykMPVVInoesZ4b8g8O9rm90YWh0msKmKrzvmM2eZ/YFvZ/NyHpmaLd/1O7DSdAzOk39fWwJdi0TMZHgxKeD8PxqY/kbaqkK+wcCAAA=[0m[INFO] 
[8mha:AAAB4h+LCAAAAAAAAACFkctu00AUhodAIGJJd1RIllC5KIovldO6qSoRT2IrrZu4ClikVhcTZ+LY9SXYY8sBiedhAc+CxBuwqhDiHZix4yLEgjOL+XTm/Of/pfn8CzTTBDxbZYs0jvh1kLlelPIoSj0nDuKE71OCjMYxwaCqOw3QMECrHDhHawKeG5Ve2OqFW71wq6eDxwa4t0AEEfDI8FGOhABFrjAliRe5x0UCHm9TOHGUxgHmYXX/7QyKNQ289//A1PDnp1b8fTa9aYC7NmjO3TLsjv2vOX1dstd34CO4T1NGKMSMG8U6S2oFzxT8VvHlm3Xz48kHvQxEk7UIePBUhuww0jSRFiNRZFz1apIPlH1Vruc0rZ6rSCsrY/6terMo1vvg4M9mxlWvJml4tN3HOnBQz1U07LJDQLMgOAkJ+GqPxtrkitu1lXCFen1aM7VtwH5d6lzpIpXMvdHFNPTHZ29kU2znp8ZQziQ3N31cGAPLfF8shnqeh5ftt4fdS3xtBBNrmb/2HUUzT12ke95IP0Oe3jU3ipxvHGsgRbAvTTfUwIdQUy+gtX848Wel58nJri2GnU6Hc0OU46hT/XFP4sUeLrCTEcy9WOAlygLyknvFpRglzoqjgoe/Abbdg63OAgAA[0m[INFO] [8mha:AAAAYB+LCAAAAAAAAABb85aBtbiIQSmjNKU4P0+vJLE4u1gvPjexLDVPzxdEGvvmZ+X75ZekLlOVfvTjc8FPJgaGiiIGKaiG5Py84vycVD1nCA1SyAABjCCFBQCV27OjYAAAAA==[0m--- gmaven-plugin:1.0:execute (default) @ search ---
[8mha:AAABOR+LCAAAAAAAAACFjsFKxDAQhsdqtXjUmyAIot7SKlWUPbndrQh1PSwIUjzE3Vor3aSmqRQEn8eDvoxv4GkR8R3MNM2KeHDmkI/J/8/8L19glwK2b6txyRkp8irNWEkoK7MRz7kgx4oCpAGXCeias8CKwGkEZ7SQsBNpv9v63ZnfnfmVsBPBwphKKmEluqMP1M0pS92hFBlLO7WAtTbFiLOS5wkJ9Pv7MtSFCrz1f2B18PPZ4e+Xw6kF8zHY12kTdjX+e1z93uDvPTzBokrJ6CRBtuqiEsZB0EFax+vbxfRj/fGkCaSSORKWNv0AGykMPVVInoesZ4b8g8O9rm90YWh0msKmKrzvmM2eZ/YFvZ/NyHpmaLd/1O7DSdAzOk39fWwJdi0TMZHgxKeD8PxqY/kbaqkK+wcCAAA=[0m[INFO] 
[8mha:AAAB6R+LCAAAAAAAAACFkU2L00AYx8dqtXjUm4sQEN8ozcuSurHLgs20Cd2NbZZosBv2MEln08S81GQSUgU/jwf9Ml49eVpE/A7OJM2KePCZw/x45vk//z/M51+gm2fg0bpY5WnCb6LCD5KcR0keeGmUZvyYEmQ0TwkGTV3rgI4BevXAS7Qh4LHR6IWdXrjSC1d6OnhogBsrRBABd4wQlUiIUOILFsmCxD+sMnBvl8JLkzyNMA+b+29nUG1o4If/D0wNf37qpd+X1mUHXHdA1/XrsHedf83p6wV7fQc+gps0ZYJizLhTbYqsVfBMwe8UX77alz/uf9DrQDRZj4BbD2TIDiNNE2kxEkXGTa8l+Zmyr8rtnKa1cw1pdRXMv9duFsV2H5z82cy46bUkTZ/v9rEOnLRzDU2H7BDQrQjOYgK+ObO5tjjn9hwlXqPRmNZS7Rtw3JbqKkOkEjeYnVpxOD95LZtivzw2pnIh+aUZ4sqY2Ob7ajXVyzI+6785GJ7ht0a0sC/KV6GnaOaxj/QgmOknKNCH5laRy61nT6QEjiVrSw1CCDX1FNr7B4twWXseHe05YjwYDDg/RiVOBs0fjyReHvk4wRki2CKFm3NP3CKIVnqWpmWA86fcCy7HKPPWHBXf/g0x8s5m2gIAAA==[0m[INFO] [8mha:AAAAYB+LCAAAAAAAAABb85aBtbiIQSmjNKU4P0+vJLE4u1gvPjexLDVPzxdEGvvmZ+X75ZekLlOVfvTjc8FPJgaGiiIGKaiG5Py84vycVD1nCA1SyAABjCCFBQCV27OjYAAAAA==[0m--- gmaven-plugin:1.4:generateStubs (buildGroovies) @ search ---
[8mha:AAABTB+LCAAAAAAAAACFj0FLwzAUx5/VafGoN0EsiHpr66yi7KTdOpQ6DwNBhodsjXXSJTVJpSD4eTzol/EbeBoifgeTppmIB18O+fHy/7/3z8sXNDiD7dsi4ZS4eVakY8JdRPh4RDPK3GNJoaIeFRh0zVlgxWBXgnOUC9iJtd+r/d7M7838UtiKYSFBAglYie/QA/IyRFKvL9iYpK2SwVqdYkQJpxl2Q33/3gxlLgNv/R9YLvx8tun7VX9qwfwAGsO0Crs6+Ltcvt6o13t4gkWZkqAJVmyVecGMw1UOt3a8vl1OP9Yfu1UgmcwWsLQZhOooiiJfliLfV6x7hoKDw+ZJYHRRZHSaoqoKtd82k33fzAvbP5MV656h3c5RPU91wrbRaersqyOgUQrMJgI2Bqe96OLa6WKCGRI4cZp7zpn8qsNFMeTL3wrX6b0eAgAA[0m[INFO] Generated 23 Java stubs
[8mha:AAABOR+LCAAAAAAAAACFjsFKxDAQhsdqtXjUmyAIot7SKlWUPbndrQh1PSwIUjzE3Vor3aSmqRQEn8eDvoxv4GkR8R3MNM2KeHDmkI/J/8/8L19glwK2b6txyRkp8irNWEkoK7MRz7kgx4oCpAGXCeias8CKwGkEZ7SQsBNpv9v63ZnfnfmVsBPBwphKKmEluqMP1M0pS92hFBlLO7WAtTbFiLOS5wkJ9Pv7MtSFCrz1f2B18PPZ4e+Xw6kF8zHY12kTdjX+e1z93uDvPTzBokrJ6CRBtuqiEsZB0EFax+vbxfRj/fGkCaSSORKWNv0AGykMPVVInoesZ4b8g8O9rm90YWh0msKmKrzvmM2eZ/YFvZ/NyHpmaLd/1O7DSdAzOk39fWwJdi0TMZHgxKeD8PxqY/kbaqkK+wcCAAA=[0m[INFO] 
[8mha:AAAB6R+LCAAAAAAAAACFkctu00AUhodAIGIJOyokS4ibIl8SOa1JVYl4EltpTeIqYJFaLCbO1LHxDXtsHJB4HhbwMrwBYlEhxDswY8etEAvOLPzNmfOf/5f85TdoZyl4tMnXWRwJSZC7XpQJKMo8Jw7iVBhRgoxmMcGgrmst0DJApxp4gRICHhu1XtzpxUu9eKmng4cGuLFGBBFwx/BRgcQARa64IKkXuYdlCu7tUjhxlMUBFmD9/dsZlAkN/PD/ganhr8+d+PtycdEC123QXrlV2Lv2v+b09Zy9vgOfwE2aMkIhZtwqkzxtFAJTCDvF12/Wxc/7H/UqEE3WIeDWAxmyw0jTJFqMJIlx3WtI3lf6qtzMaVozV5NWVc78O81mSWr2wfHVZsZ1r6He5NluH+vAcTNX02TADgHtkuA0JOCHPZ1p8zfcnq2EGzQc0VqqXQOOmlJXygCpZOVNTxehPzt5JZtStzg2JnLecwvTx6UxtswP5XqiF0V41n19MDjDb41gbp0XL31H0cxjF+meN9VPkKcPzK0iF1vHGvciOOotttTAh1BTT6HVP5j7y8rz6GjPlkKe57kQFTjiU5zFeergjK9/9rAv7A+dONlevXBPqvt7vEJJ8pR7zmUYpc6Go0tu/wH73NyR4gIAAA==[0m[INFO] [8mha:AAAAYB+LCAAAAAAAAABb85aBtbiIQSmjNKU4P0+vJLE4u1gvPjexLDVPzxdEGvvmZ+X75ZekLlOVfvTjc8FPJgaGiiIGKaiG5Py84vycVD1nCA1SyAABjCCFBQCV27OjYAAAAA==[0m--- maven-resources-plugin:2.6:copy-resources (copy-webapp) @ search ---
[8mha:AAABYB+LCAAAAAAAAACFj0FLwzAUx5/VafGoN0EoiO5kW2XKdCftVhHqPMwJMjzENquVmtQklYrg5/GgX8Zv4GmI+B1M2mYiHnw55MfL///ePy9f0OAMNq7ziFNiZ2keJ4TbiPAkpCll9oEkT1GfCgxVzRhgBGCWghOUCWgGld+p/c7U70z9UtgJYC5CAglYCm7QPXJSRGJnIFhC4k7BYKVOEVLCaYptr7p/b4Yik4HX/w8sF34+m/T9YjAxYHYEjau4DLs8+rtcvo7V6x08wbxMSdAtVmwUWc60w1YOu3a8vp1PPlYfj8pAMpkpYGGt5amjyPddWYpcV3HV09TabW8ftrTO97WuIr+sXO039WTX1fO87s9kxVVP01Zvr56nOl5X6yrq7agjoFEIzG4F7I+O+/7ppTXk8ktWc3jmb7abFiYhjVRDUCuk2YM1TlKpx5HFMKc5CzG3F78Bz0LDdTkCAAA=[0m[INFO] Using 'UTF-8' encoding to copy filtered resources.
[8mha:AAABSR+LCAAAAAAAAACFj8FKxDAQhsdqtXjUmyIURL21Vasoe9LuVoS6HhYEKR5it9ZKN+kmqVQEn8eDvoxv4GkR8R1MmmZFPDg55GPy/zN/Xr7AZBQ2b6shI9gpiyrLMXMQZnlCCkKdI0GBpD7hKaiaMcCIwGoEZ6jksBUpv9v63anfnfqFsBPB3BBxxGEpukP3yC0QztwBpznOOjWFlTZFQjAjReoE6v69GepSBN74P7BY+PlskffLwcSA2RjM66wJuxz/XS5eb+TrGJ5gXqTEaJRKNuqyotrhSIfTOl7fLiYfa48nTSCRzOKwsO4H8kgKQ0+UJM+TrHqa/P2DnWNf68JQ6xSFTVVyv6Une56eF3R/JktWPU3bvcN2nuwEXa1T1NuTh4NZ85SOOKzGp/3w/MoOSPkgPmXv2jRlpKJJyha/AWKwgQgaAgAA[0m[INFO] Copying 3 resources
[8mha:AAABYR+LCAAAAAAAAACFj0FLwzAUx5/VafGoN0EoiO5kW2XKxNPsVhHqPMwJMjzENquVLqlJKhXBz+NBv4zfwNMQ8TuYtM1EPPhyyI+X//+9f16+oMEZbN3kEafEztI8Tgi3EeFJSFPK7I4kT1GfCgxVzRlgBGCWglOUCWgGld+p/c7M78z8UngYwEKEBBKwEtyie+SkiMTOQLCExIcFg7U6RUgJpym2ver+vRmKTAbe/D+wXPj5bNL3y8HUgPkRNK7jMuzq6O9y+TpWr3fwBIsyJUETrNgospxph60cdu14fbuYfqw/HpeBZDJTwNJGy1NHke+7shS5ruKqp6m13949ammd72tdRX5Zudpv6smuq+d53Z/Jiquepp3eQT1Pdbyu1lXU21NHQKMQmE0EdEYnff/syqqvIZc/s5rDc3+73bQwCWmkGoJaIc0erHGSShuOLIY5zVmIub38DXws/ypAAgAA[0m[INFO] [INFO] Using 'UTF-8' encoding to copy filtered resources.
[8mha:AAABSR+LCAAAAAAAAACFj81KxDAUha/VanGpO0UoiLprq9Q/ZqWdqQh1XAwIUlzETq2VTtJJUqkIPo8LfRnfwNUg4juYNM2IuPBmkY+bc+49efkCk1HYvK2GjGCnLKosx8xBmOUJKQh1jgQFkvqEp6BqxgAjAqsRnKGSw1ak/G7rd6d+d+oXwk4Ec0PEEYel6A7dI7dAOHMHnOY469QUVtoUCcGMFKkTqPv3ZqhLEXjj/8Bi4eezRd4vBxMDZmMwr7Mm7HL8d7l4vZGvY3iCeZESo1Eq2ajLimqHIx1O63h9u5h8rD2eNIFEMovDwrofyCMpDD1RkjxPsupp8vcOdo59rQtDrVMUNlXJ/Zae7Hl6XtD9mSxZ9TRt9w7bebITdLVOUW9XHg5mzVM64rAan/bD8ys7IOWD+JS9b9OUkYomKVv8Bh2LhwsaAgAA[0m[INFO] Copying 7 resources
[8mha:AAABMR+LCAAAAAAAAACFjrFOwzAQhq+BQMQIGxITAjY7oIBAnSBtWAJLJSTUybQhBKV2cJwqEhLPw9C+DG/AVCHEO+CL4yLEwN3gT+f/v/tnX+CWEvYfqnEpOCnyKs14SRgvs5HIhSTnmkKka6ESMNVxwInBawRXrFBwEBs/bf106adLvxZ2Y1gdM8UUbMaPbMpoznhKB0pmPO3WErbbFCPBS5EnJDTv78tQFzrw3v+B9cHPV0+83w4WDqwMwb1Lm7Bbw7/H9e89/j7BC6zplJxNEmSnLippHQQdpHXM324WHzvPl00gncxTsL4bhNhIUeTrQvJ9ZDOzFJycHl0EVhdFVmcoaqrC+57d7Pt2X9j72YxsZpYO+2ftPpyEPasz1D/GVuDWKpETBZ2Nbxim58gAAgAA[0m
[8mha:AAAB4x+LCAAAAAAAAACFUduK00AYHqvV4qXeuQgB8UTJoSXdjV0WbKZN6G5ss1SD3bAX03SaJuZQk0lIFXweL/RlfANBWER8B2eSpot44T8X8/HPd4L58hs00wQ8WWfLNI6ETZC5XpQKKEo9Jw7iRBhQBBmaxASDam40QMMArZLwCm0IeGpUenGnF/d6ca+nxGMD3Foiggi4Z/goR2KAIleckcSL3OMiAQ92LZw4SuMAC7C6/04GxYYWfvz/wjTw1+dW/H0+u2qAmzZoLtyy7H3733D6umKv78EncJu2jFCIGW4UmyypFQJTCDvF12/W1c+HH/WyEG3WIuDOIxmyw5CmSXQYkiSGq12N5EOlq8o1T9NqXoW0cjKW36qdJan2g8NrZ4arXY06oxc7P7aBw5pXoVGPHQKaBcFJSMAPezzRppfcga2Ea9Qf0JmrbQMO6lEXSg+pZOGNz2ehPzl7I5tSOz81RnLWcXPTx4UxtMwPxXKk53l40X571LvA74xgaq3y176jaOapi3TPG+tnyNN75laR861jDTsRHHRmWxrgQ6ip59DqHk39eZl5cnJgSyHP81yIchzxCU7jLHFwylef3e8Kh/39knu2xCuUBeSa95x7yaUYJc6aoy53/wAem74a4wIAAA==[0m[INFO] [8mha:AAAAYB+LCAAAAAAAAABb85aBtbiIQSmjNKU4P0+vJLE4u1gvPjexLDVPzxdEGvvmZ+X75ZekLlOVfvTjc8FPJgaGiiIGKaiG5Py84vycVD1nCA1SyAABjCCFBQCV27OjYAAAAA==[0m--- maven-resources-plugin:2.6:resources (default-resources) @ search ---
[8mha:AAABTR+LCAAAAAAAAACFj8FKxDAQhsdqtXjUmyBURL2lXami7Em7WxHqelgQpHiI3Vor3aSbplIRfB4P+jK+gadFxHcwaZoV8eDkkI/J/8/8efkCs2SwfVuNSkpQkVdpRkqESZnFNKcMHQnyJQ0oT0DVnAFGCFYjOMMFh51Q+Z3W78z8zswvhN0QFkaYYw4r4R2+x06OSeoMOctI2q0ZrLUpYkpKmifIV/fvzVAXIvDW/4HFws9ni75fDqcGzEdgXqdN2NXo73LxeiNfJ/AEiyIlweNEslEXFdMOJB2odby+XUw/1h9PmkAimcVhadPz5ZEUBK4oSa4rWfU0efsHu8ee1gWB1ikKmqrkfktPdl09z+/9TJasepo6/cN2nuz4Pa1T1N+Th4NZ84SNOWxEp4Pg/Mr2afEgPmV3bJaUtGJxYnNqI+QsfwO3RMy9IAIAAA==[0m[INFO] Copying 1 resource to ../
[8mha:AAABOR+LCAAAAAAAAACFjsFKxDAQhsdqtXjUmyAIot7SKlWUPbndrQh1PSwIUjzE3Vor3aSmqRQEn8eDvoxv4GkR8R3MNM2KeHDmkI/J/8/8L19glwK2b6txyRkp8irNWEkoK7MRz7kgx4oCpAGXCeias8CKwGkEZ7SQsBNpv9v63ZnfnfmVsBPBwphKKmEluqMP1M0pS92hFBlLO7WAtTbFiLOS5wkJ9Pv7MtSFCrz1f2B18PPZ4e+Xw6kF8zHY12kTdjX+e1z93uDvPTzBokrJ6CRBtuqiEsZB0EFax+vbxfRj/fGkCaSSORKWNv0AGykMPVVInoesZ4b8g8O9rm90YWh0msKmKrzvmM2eZ/YFvZ/NyHpmaLd/1O7DSdAzOk39fWwJdi0TMZHgxKeD8PxqY/kbaqkK+wcCAAA=[0m[INFO] 
[8mha:AAAB4h+LCAAAAAAAAACFUduK00AYHqvV4qXeuQgB8UTJoTV1Y5cFm2kTuhvbLNVgN3gxTdM0MSeTSUgVfB4v9GV8g71aRHwHZ5rMinjhPxfz8c93gvn6C7TzDDzaFus8iYU0LDw/zgUU576ThEkmjAiCFM0S7IJ6rrVAywCdPeEVSjF4bNR6sdGLV3rxSk+IRwa4sUYYYXDHCFCJxBDFnrjAmR97R1UG7jUtnCTOk9AVYH3/nQyqlBR++P/CJPDnl05ysVxctsB1G7RX3r7sXfvfcPK6oa8fwGdwk7SMUeRS3KrSImMKgSqERvHtu3X54/4nfV+INOtgcOuBDOmhSNMkMhRJEsX1jiH5udJXZcbTNMarkbafguZ3mLMkMT84/uNMcb1jqDd50fjRDRwzXo0mA3owaFfYzSIMLuzpTJu/4w5sJdqi4YjMUu0acMRGXSkDpOKVPz1bRMHs9I1sSt3yxJjIRc8rzcCtjLFlfqzWE70so/Pu28PBufveCOfWpnwdOIpmnnhI9/2pfop8fWDuFLncOda4F8NRb7EjAQGEmnoGrf7hPFjuM4+PD2wp4nmei1DpxryTRKkfuhlf//WwLzwT+sNmyz1ZuxtUhJjRnnIvudxFmbPliMXt3ybVCs7gAgAA[0m[INFO] [8mha:AAAAYB+LCAAAAAAAAABb85aBtbiIQSmjNKU4P0+vJLE4u1gvPjexLDVPzxdEGvvmZ+X75ZekLlOVfvTjc8FPJgaGiiIGKaiG5Py84vycVD1nCA1SyAABjCCFBQCV27OjYAAAAA==[0m--- maven-compiler-plugin:2.3.2:compile (default-compile) @ search ---
[8mha:AAABgx+LCAAAAAAAAACFkc1Kw0AUha/RanCpO0EIiLrLRK2iuNK0ESHWRVWQ4mKaTtO06UycmdSA4PO40JfxDVwVEd/BmfxUxIV3FvNx55x7T8jLF9QEh61B2hOM2kmchhEVNqYiCljMuH2iyNXUYpJAUXMGGD6YueACJxK2/cKPSj+a+dHMr4THPiz0sMQSVvwhnmAUYxqituQRDY8zDmtlioBRwWJiu8X9ezNkiQq8+X9gtfDz2WTvt+2pAfMdqHXDPOxq5+9y9drXr/fwBIsqJcVjotnIkpRXDls77NLx+nYz/Vh/PMsDqWSmhKWNuquPJs9zVGlyHM1Fr6L6weHuab3SeV6lK8jLK9X7zWqy41Tz3MbPZM1Fr6Kd5lE5T3fcRqUrqLmvj4RaJgkfSxh1zlve5Z3lsnESxeqzrL26JVjKA2L1o5gISzILTTBHcdRFQ0JH+ucOWVegqzbBPBhc00hKIiR6YHwkEhwQJAifROqWmIdEoiDGQhCx/A1qNHABagIAAA==[0m[INFO] Compiling 34 source files to /var/lib/jenkins/jobs/TSearchUnittest/workspace/service/target/classes
[8mha:AAABOR+LCAAAAAAAAACFjsFKxDAQhsdqtXjUmyAIot7SKlWUPbndrQh1PSwIUjzE3Vor3aSmqRQEn8eDvoxv4GkR8R3MNM2KeHDmkI/J/8/8L19glwK2b6txyRkp8irNWEkoK7MRz7kgx4oCpAGXCeias8CKwGkEZ7SQsBNpv9v63ZnfnfmVsBPBwphKKmEluqMP1M0pS92hFBlLO7WAtTbFiLOS5wkJ9Pv7MtSFCrz1f2B18PPZ4e+Xw6kF8zHY12kTdjX+e1z93uDvPTzBokrJ6CRBtuqiEsZB0EFax+vbxfRj/fGkCaSSORKWNv0AGykMPVVInoesZ4b8g8O9rm90YWh0msKmKrzvmM2eZ/YFvZ/NyHpmaLd/1O7DSdAzOk39fWwJdi0TMZHgxKeD8PxqY/kbaqkK+wcCAAA=[0m[INFO] 
[8mha:AAAB5R+LCAAAAAAAAACFkd+K00AUxsdqtXipdy5CQPxHaf4sqRu7LNikTehubLNUg92yF9N0Np2YZGIyCamCz+OFvozgA3i1iPgOziTNinjhmYv5ceZ85/tgPv8C7SwFjzb5OiOxmIS5j+NMhHGGPRKSVBwyMjhNCUWgrmst0LJBpxp4CRMKHtu1XtrppSu9dKVng4c2uLGGFFJwxw5gAaUQxr40pymO/cMyBfd2KTwSZyREolHffzuDMmGBH/4/MDP8+alDvi/mly1wfQnaK78Ke3f5rzl7veCv78BHcJOljGGEOLfKJE8bhcgV4k7x5at7+eP+B6sKxJJ1KLj1QDX44WSaMitOssy57jWkPtP2dbWZM81mriazqpz7d5rNstzsM0Z/NnOuew0p4+e7fbxjjJq5msZ9fiholxSlEQXflpOpOTsX9pZatIGDIauF3rWNYVP6SutDna7w5HQeBdOT16ojd4tje6zmil84ASrtkeu8L9djqyiis+6bg/4ZemuHM/eieBV4mukc+9DCeGKdQGz1na2mFlvPHSmxMVTmW2YQGIapnxru/sEsWFSeR0d7Sznq9XqCH8ECxb36jweKqA48EiU4RMKTVY7DtZUSUmCUPRVeCBmCqbcRmOz2b0B37vrUAgAA[0m[INFO] [8mha:AAAAYB+LCAAAAAAAAABb85aBtbiIQSmjNKU4P0+vJLE4u1gvPjexLDVPzxdEGvvmZ+X75ZekLlOVfvTjc8FPJgaGiiIGKaiG5Py84vycVD1nCA1SyAABjCCFBQCV27OjYAAAAA==[0m--- gmaven-plugin:1.4:compile (buildGroovies) @ search ---
[8mha:AAABOR+LCAAAAAAAAACFjsFKxDAQhsdqtXjUmyAIot7SKlWUPbndrQh1PSwIUjzE3Vor3aSmqRQEn8eDvoxv4GkR8R3MNM2KeHDmkI/J/8/8L19glwK2b6txyRkp8irNWEkoK7MRz7kgx4oCpAGXCeias8CKwGkEZ7SQsBNpv9v63ZnfnfmVsBPBwphKKmEluqMP1M0pS92hFBlLO7WAtTbFiLOS5wkJ9Pv7MtSFCrz1f2B18PPZ4e+Xw6kF8zHY12kTdjX+e1z93uDvPTzBokrJ6CRBtuqiEsZB0EFax+vbxfRj/fGkCaSSORKWNv0AGykMPVVInoesZ4b8g8O9rm90YWh0msKmKrzvmM2eZ/YFvZ/NyHpmaLd/1O7DSdAzOk39fWwJdi0TMZHgxKeD8PxqY/kbaqkK+wcCAAA=[0m[INFO] 
[8mha:AAAB5x+LCAAAAAAAAACFkc1u00AUhYdAaMQSdlRIlqpSUBT/VA51U1UinsRWWpO4BCxSi8XEmTg2/kntseWAxPOwgJdhw5pVhRDvwIwdFyEW3Fn405177jkjf/4FmmkCHq+yRRpH/DrIXC9KeRSlnhMHccL3KUFG45hgUNWtBmgYoFUOvEBrAg6MSi9s9cKNXrjR08ETA9xZIIIIuG/4KEdCgCJXmJLEi9yTIgEPtymcOErjAPOw+v7tDIo1Dbz//8DU8OenVvx9Nr1ugNs2aM7dMuwD+19zertkt1fgI7hLU0YoxIwbxTpLagXPFPxW8eWrdf3j0Qe9DESTtQjY2ZMhO4w0TaTFSBQZV72a5GfKoSrXc5pWz1WklZUx/1a9WRTrfXDwZzPjqleTNDze7mMdOKjnKhp22SGgWRCchAR8s0djbfKW27WVcIV6fVoztW3Afl3qXOkilcy90cU09Mfnr2VTbOdnxlDOJDc3fVwYA8t8XyyGep6Hl+03R91L/M4IJtYyf+U7imaeuUj3vJF+jjy9a24UOd841kCKYF+abqiBD6GmXkDr8Gjiz0rP09NdWww7nQ7nhijHUaf6xz2Jl3u4wE5GMPdk6QX0CS9xGmeJg9On3HMuxShxVhwV3vsNLfAUdtYCAAA=[0m[INFO] [8mha:AAAAYB+LCAAAAAAAAABb85aBtbiIQSmjNKU4P0+vJLE4u1gvPjexLDVPzxdEGvvmZ+X75ZekLlOVfvTjc8FPJgaGiiIGKaiG5Py84vycVD1nCA1SyAABjCCFBQCV27OjYAAAAA==[0m--- gmaven-plugin:1.4:execute (filterResources) @ search ---
[8mha:AAABTh+LCAAAAAAAAACFjsFKw0AQhsdoNHjUmyAERb0lqURRetK0KUKsh4IgxcPaxBhJd9PdTYkIPo8HfRnfwFMR8R3czWYr4sGZw37M/v/M//IFJqOwe1fGjGCnyMs0w8xBmGUjkhPqnAgKJPUJT0DVggFGBFYtOEcFh71I+d3G78797twvhO0IlmLEEYe16B5NkZsjnLoDTjOctisKG02KEcGM5IkTqPf3ZagKEXjn/8Di4OezRd6vBjMDFodg3qR12PXh3+Pi91b+TuAJlkVKjMaJZKMqSqodjnQ4jeP17XL2sfnYqwOJZBaHlW0/kC0pDD1RkjxPsppp8g+P9k99rQtDrVMU1lXK+5be7Hl6X9D52SxZzTS1usfNPjkJOlqnqHsgm4NZ8YSOOWwNz/rhxbUdkHGR5Uls+y27RwmZPtijHDGWsNVveAOmDyECAAA=[0m[INFO] Compiled 41 Groovy classes
[8mha:AAABOR+LCAAAAAAAAACFjsFKxDAQhsdqtXjUmyAIot7SKlWUPbndrQh1PSwIUjzE3Vor3aSmqRQEn8eDvoxv4GkR8R3MNM2KeHDmkI/J/8/8L19glwK2b6txyRkp8irNWEkoK7MRz7kgx4oCpAGXCeias8CKwGkEZ7SQsBNpv9v63ZnfnfmVsBPBwphKKmEluqMP1M0pS92hFBlLO7WAtTbFiLOS5wkJ9Pv7MtSFCrz1f2B18PPZ4e+Xw6kF8zHY12kTdjX+e1z93uDvPTzBokrJ6CRBtuqiEsZB0EFax+vbxfRj/fGkCaSSORKWNv0AGykMPVVInoesZ4b8g8O9rm90YWh0msKmKrzvmM2eZ/YFvZ/NyHpmaLd/1O7DSdAzOk39fWwJdi0TMZHgxKeD8PxqY/kbaqkK+wcCAAA=[0m[INFO] 
[8mha:AAAB7B+LCAAAAAAAAACFkd+Ok0AUxsdqtfFS79yYkBj/pSl/NtTFbjax0EK6iy0bVmKXeDHQWQrCUGEgVBOfxwt9GV/AeLUxxndwBsoa44VnLuaXM+c735fM51+gm2fg0bpY5SnmN3ERhDjnIc5DP43TjB9T0hjNU4JAU9c6oGOCXj3wEm4IeGw2emGnF670wpWeDh6a4MYKEkjAHTOCJRRiiAPBJlmIg8MqA/d2KfwU52mMeK25/3YG1YYGfvj/wNTw56de+n1pX3bAdRd0vaAOe9f915y+XrDXd+AjuElTYpggxp1qU2StgmcKfqf48tW5/HH/g1EHosl6BNx6IGvsMNJ1kRYjUWTc9FqSnyn7qtzO6Xo715BeV8H8e+1mUWz3aZM/mxk3vZak6fPdPtbRJu1cQ9MhOwR0K4KyhIBv7myuL95we66SrOFoTGup9k1t3JbqKUOoEi+cndpJND95JVtivzw2p3IhBaUVocqcONb7ajU1yjI5778+GJ6jt2a8cC7Ks8hXdOs4gEYYzowTGBpDa6vI5dZ3JhLWxpK9pQaRpunqqebsHyyiZe15dLTnislgMOCCBJYID5o/Hkm8PAoQRhkk6AzlxCaFl3NPvCKMV0aWpmWI8qfcCy5HMPPXHF1w+zfWq68m3gIAAA==[0m[INFO] [8mha:AAAAYB+LCAAAAAAAAABb85aBtbiIQSmjNKU4P0+vJLE4u1gvPjexLDVPzxdEGvvmZ+X75ZekLlOVfvTjc8FPJgaGiiIGKaiG5Py84vycVD1nCA1SyAABjCCFBQCV27OjYAAAAA==[0m--- gmaven-plugin:1.4:generateTestStubs (buildGroovies) @ search ---
[8mha:AAABTB+LCAAAAAAAAACFj0FLwzAUx5/VafGoN0EsiHprO62i7KTdOpQ6DwNBhodsjXXSJTVJpSD4eTzol/EbeBoifgeTppmIB18O+fHy/7/3z8sXNDiD7dsi4ZS4eVakY8JdRPh4RDPK3GNJoaIeFRh0zVlgxWBXgnOUC9iJtd+r/d7M7838UtiKYSFBAglYie/QA/IyRFKvL9iYpK2SwVqdYkQJpxl2Q33/3gxlLgNv/R9YLvx8tun7VX9qwfwAGsO0Crs6+Ltcvt6o13t4gkWZkqAJVmyVecGMw1UOt3a8vl1OP9Yfu1UgmcwWsLQZhOooiiJfliLfV6x7hoKDw92TwOiiyOg0RVUVar9tJvu+mRe2fyYr1j1Dzc5RPU91wrbRaersqyOgUQrMJgI2Bqe96OLa6WKCGRI4cZp7zpn8qsNFMeTL39HyiMEeAgAA[0m[INFO] Generated 13 Java stubs
[8mha:AAABOR+LCAAAAAAAAACFjsFKxDAQhsdqtXjUmyAIot7SKlWUPbndrQh1PSwIUjzE3Vor3aSmqRQEn8eDvoxv4GkR8R3MNM2KeHDmkI/J/8/8L19glwK2b6txyRkp8irNWEkoK7MRz7kgx4oCpAGXCeias8CKwGkEZ7SQsBNpv9v63ZnfnfmVsBPBwphKKmEluqMP1M0pS92hFBlLO7WAtTbFiLOS5wkJ9Pv7MtSFCrz1f2B18PPZ4e+Xw6kF8zHY12kTdjX+e1z93uDvPTzBokrJ6CRBtuqiEsZB0EFax+vbxfRj/fGkCaSSORKWNv0AGykMPVVInoesZ4b8g8O9rm90YWh0msKmKrzvmM2eZ/YFvZ/NyHpmaLd/1O7DSdAzOk39fWwJdi0TMZHgxKeD8PxqY/kbaqkK+wcCAAA=[0m[INFO] 
[8mha:AAAB6h+LCAAAAAAAAACFkctu00AUhodAIGIJOyokS6hcFPmSyGlNqkrETmylNYlLwCK1WEyciWPXl2CPLQcknocFvAxvwKpCwDswY2eKKhacWfjTOec//y/5y2/QzFLweJ0vsyQWNmHu+XEmwDjz3SRMUmFASKM0STACdd1ogIYJWtXCS7jB4IlZ68WdXrzSi1d6snhkgltLiCEG98wAFlAMYeyJM5z6sXdUpuDBLoWbxFkSIkGrv9edQbkhgff/H5gY/vzcSr7PZ5cNcNMBzYVXhb3v/GtOpis6fQ8+gdskZQwjRLlRbvKUKQSqEHaKr9/syx8PPxpVIJKshcGdR7JGHyVdl0hRkiTKdY+RfKB0VZnt6Trbq0mvKqf+LXZZktg9bfj3MuW6x6gzer67RzvakO3VNOrRh0GzxCiNMPjljCf69B235yjRGvYHpOZq29QGrNSF0oMqXvjjs1kUTE7fyJbULk7MkZx3vMIKUGkObetDuRwZRRGdt98e9s7RhRlO7VXxOnAV3TrxoOH7Y+MU+kbP2ipysXXtYSfWBp3ZlhgEmqarZ5rdPZwG88rz+HjPkSKe57kIFijmU5QleeqijK9/dr8rHPQxyvArNuCeLtEK5iHmr7WfcS+4DMHUXXPk2t0/tPG+XusCAAA=[0m[INFO] [8mha:AAAAYB+LCAAAAAAAAABb85aBtbiIQSmjNKU4P0+vJLE4u1gvPjexLDVPzxdEGvvmZ+X75ZekLlOVfvTjc8FPJgaGiiIGKaiG5Py84vycVD1nCA1SyAABjCCFBQCV27OjYAAAAA==[0m--- maven-resources-plugin:2.6:testResources (default-testResources) @ search ---
[8mha:AAABYB+LCAAAAAAAAACFj0FLwzAUx5/VafGoN0EoiO5kW2XKdCftVhHqPMwJMjzENquVmtQklYrg5/GgX8Zv4GmI+B1M2mYiHnw55MfL///ePy9f0OAMNq7ziFNiZ2keJ4TbiPAkpCll9oEkT1GfCgxVzRhgBGCWghOUCWgGld+p/c7U70z9UtgJYC5CAglYCm7QPXJSRGJnIFhC4k7BYKVOEVLCaYptr7p/b4Yik4HX/w8sF34+m/T9YjAxYHYEjau4DLs8+rtcvo7V6x08wbxMSdAtVmwUWc60w1YOu3a8vp1PPlYfj8pAMpkpYGGt5amjyPddWYpcV3HV09TabW8ftrTO97WuIr+sXO039WTX1fO87s9kxVVP01Zvr56nOl5X6yrq7agjoFEIzG4F7I+O+/7ppTXk8ktWc3jmb7abFiYhjVRDUCuk2YM1TlKpx5HFMKc5CzG3F78Bz0LDdTkCAAA=[0m[INFO] Using 'UTF-8' encoding to copy filtered resources.
[8mha:AAABSR+LCAAAAAAAAACFj8FKxDAQhsdqtXjUmyIURL21Vbqi7Em7WxHqelgQpHiI3Vor3aSbpFIRfB4P+jK+gadFxHcwaZoV8eDkkI/J/8/8efkCk1HYvq1GjGCnLKosx8xBmOUJKQh1jgQFkgaEp6BqzgAjAqsRnKGSw06k/G7rd2d+d+YXwm4ECyPEEYeV6A7dI7dAOHOHnOY469YU1toUCcGMFKkTqPv3ZqhLEXjr/8Bi4eezRd4vh1MD5mMwr7Mm7Gr8d7l4vZGvE3iCRZESo3Eq2ajLimqHIx1O63h9u5h+bDyeNIFEMovD0qYfyCMpDD1RkjxPsupp8vcP9o59rQtDrVMUNlXJ/Zae7Hl6XtD7mSxZ9TTt9g/bebIT9LROUb8jDwez5ikdc1iPTwfh+ZUdkPJBfMru2DRlpKJJypa/AYIVvOcaAgAA[0m[INFO] Copying 5 resources
[8mha:AAABOR+LCAAAAAAAAACFjsFKxDAQhsdqtXjUmyAIot7SKlWUPbndrQh1PSwIUjzE3Vor3aSmqRQEn8eDvoxv4GkR8R3MNM2KeHDmkI/J/8/8L19glwK2b6txyRkp8irNWEkoK7MRz7kgx4oCpAGXCeias8CKwGkEZ7SQsBNpv9v63ZnfnfmVsBPBwphKKmEluqMP1M0pS92hFBlLO7WAtTbFiLOS5wkJ9Pv7MtSFCrz1f2B18PPZ4e+Xw6kF8zHY12kTdjX+e1z93uDvPTzBokrJ6CRBtuqiEsZB0EFax+vbxfRj/fGkCaSSORKWNv0AGykMPVVInoesZ4b8g8O9rm90YWh0msKmKrzvmM2eZ/YFvZ/NyHpmaLd/1O7DSdAzOk39fWwJdi0TMZHgxKeD8PxqY/kbaqkK+wcCAAA=[0m[INFO] 
[8mha:AAAB6x+LCAAAAAAAAACFkctu00AUhodAIGIJOyokS6hcFPmS4FCTqhLxJLbSmiRVwCK1upg4E8eub9hjywGJ52EBL8MbsKoqxDswY8cFxIIzC3865/zn/yV/+QmaaQIeb7JVGoVC7GeOG6YCClPXjvwoEQaUIKNJRDCo6kYDNAzQKhdeo5iAJ0alF3d68VovXuvp4qEBbq0QQQTcMzyUI9FHoSPOSeKGzmGRgAe7FHYUppGPBVh9/3YGRUwD7/8/MDX88bkVfV/MLxvgpgWaS6cMe9/615xO12z6HnwCt2nKEAWYcaOIs6RWCEwh7BRfv5mXVw8/6mUgmqxFwJ1HMmSPkaZJtBhJEuOqV5P8Qumqcr2nafVeRVpZGfNv1Zclqb4Hh78vM656NXVGL3f3WAcO672KRj32CGgWBCcBAVfWeKJNz7k9Swk2qD+gtVDbBhzUpS6VHlLJ0h2fzgNvcvJWnknt/NgYyVnHyWceLoyhOftQrEZ6ngdn7XcHvTN8YfhTc52/8WxFmx07SHfdsX6CXL032ypyvrXNYSeEg858Sw08CDX1FJrdg6m3KD2PjvYsKeB5ngtQjkPejoLY9XHCV/+63xWeC90+wSmB1YR7usJrlPmE/6P5jHvFpRgl9oajp+7+An8RNufoAgAA[0m[INFO] [8mha:AAAAYB+LCAAAAAAAAABb85aBtbiIQSmjNKU4P0+vJLE4u1gvPjexLDVPzxdEGvvmZ+X75ZekLlOVfvTjc8FPJgaGiiIGKaiG5Py84vycVD1nCA1SyAABjCCFBQCV27OjYAAAAA==[0m--- maven-compiler-plugin:2.3.2:testCompile (default-testCompile) @ search ---
[8mha:AAABhh+LCAAAAAAAAACFkc9Kw0AQxsdqNXjUmyAERD2ZTbWK0pOmjQixHqqCFA/bdJumprtxd1MDgs/jQV/GN/BURHwHd/OnIh6cPeyPmflmvmVfvqAqOGwNk75g1IqjJAipsDAVoc8ixq1jRY6mNpME8pirQMUDI2s4x7GEbS/Xo0KPZno006vGhgcLfSyxhBVvhCcYRZgGqCN5SINGymGtcOEzKlhELCe/f2+GNFaGN/83rBZ+Phvs/aYzrcB8F6q9IDO72v27XFUHunoPT7CoXFI8JporaZzwUmFphVUoXt+upx/rj6eZIeXMkLC0UXf00eS6tgpNtq05z5VUPzjcPamXfa5b9uXkZpHo/UY52bbLeU7zZ7LmPFdSrXVUzNMZp1n25dTa10dCNZWEjyXE3bO2e3FrOmwch5F6llnbMwVLuE/MQRgRYUpmognmKAp7aETonf7cEesJdNkhmPvDKxpKSYRED4zfiRj7BAnCJ6G6JeYBkUhXd/wIC0HE8jffCzGjbwIAAA==[0m[INFO] Compiling 13 source files to /var/lib/jenkins/jobs/TSearchUnittest/workspace/service/target/test-classes
[8mha:AAABOR+LCAAAAAAAAACFjsFKxDAQhsdqtXjUmyAIot7SKlWUPbndrQh1PSwIUjzE3Vor3aSmqRQEn8eDvoxv4GkR8R3MNM2KeHDmkI/J/8/8L19glwK2b6txyRkp8irNWEkoK7MRz7kgx4oCpAGXCeias8CKwGkEZ7SQsBNpv9v63ZnfnfmVsBPBwphKKmEluqMP1M0pS92hFBlLO7WAtTbFiLOS5wkJ9Pv7MtSFCrz1f2B18PPZ4e+Xw6kF8zHY12kTdjX+e1z93uDvPTzBokrJ6CRBtuqiEsZB0EFax+vbxfRj/fGkCaSSORKWNv0AGykMPVVInoesZ4b8g8O9rm90YWh0msKmKrzvmM2eZ/YFvZ/NyHpmaLd/1O7DSdAzOk39fWwJdi0TMZHgxKeD8PxqY/kbaqkK+wcCAAA=[0m[INFO] 
[8mha:AAAB5x+LCAAAAAAAAACFkU2L00AYx8dqtXjUm4sQEN8ozcuSurHLgs20Cd2NbZZqsFv2ME1n04l5M5mEVMHP40G/jDePnhYRv4MzSbMiHnzmMD+eef7P/w/z+RdoZyl4tMnXWRyJSZB7JMpEFGXEjYM4FYeMIKdpTDGo61oLtCzQqQZeooSCx1atl3Z66UovXenZ4KEFbqwRRRTcsXxUIClAkSfNaUoi77BMwb1dCjeOsjjAIqzvv51BmbDAD/8fmBn+/NSJvy/mly1wfQnaK68Ke3f5rzl7veCv78BHcJOljFCIObfKJE8bhcgV4k7x5atz+eP+B7MKxJJ1KLj1QIX8cDIMmRUnWeZc9xpSn2n7utrMGUYzV5NRVc79O81mWW72wdGfzZzrXkPK+PluH+/AUTNX07jPDwXtkuI0pODbcjI1ZufC3lILN2gwZLXQuxYcNqWvtD7S6YpMTuehPz15rdpytzi2xmqueIXt49IaOfb7cj02iyI867456J/ht1Ywcy6KV76rGfaxh0xCJuYJImbf3mpqsXWdkRLBoTLfMgMfQkM/hc7+wcxfVJ5HR3tLOez1eoIXogJHvfqPB4qoDijOKIzDhARYeLLKSbA20zguCM6eCi+EDKPU3QhMevs3ZTG7ctgCAAA=[0m[INFO] [8mha:AAAAYB+LCAAAAAAAAABb85aBtbiIQSmjNKU4P0+vJLE4u1gvPjexLDVPzxdEGvvmZ+X75ZekLlOVfvTjc8FPJgaGiiIGKaiG5Py84vycVD1nCA1SyAABjCCFBQCV27OjYAAAAA==[0m--- gmaven-plugin:1.4:testCompile (buildGroovies) @ search ---
[8mha:AAABTh+LCAAAAAAAAACFjsFKw0AQhsdoNHjUmyAERb0lUaMoPWnaFCHWQ0GQ4GFtY4yku+nupkQEn8eDvoxv4KmI+A7uZrMV8eDMYT9m/3/mf/kCk1HYviuHjGCnyMs0w8xBmGUDkhPqnAgKJPUIT0DVnAFGBFYtOEcFh51I+d3G78787swvhK0IFoaIIw4r0T2aIDdHOHX7nGY4bVUU1poUA4IZyRMnUO/vy1AVIvDW/4HFwc9ni7xf9acGzMdg3qR12NX473Hxeyt/x/AEiyIlRqNEslEVJdUORzqcxvH6djn9WH/s1oFEMovD0qYfyJYUhp4oSZ4nWc00+YdHe6e+1oWh1ikK6yrlfUtv9jy9L2j/bJasZpp2O8fNPjkJ2lqnqHMgm4NZ8YSOOGzEZ73w4toOyKjI8mRo73t2lxIyebAHOWIsYcvfX8IuaSECAAA=[0m[INFO] Compiled 30 Groovy classes
[8mha:AAABOR+LCAAAAAAAAACFjsFKxDAQhsdqtXjUmyAIot7SKlWUPbndrQh1PSwIUjzE3Vor3aSmqRQEn8eDvoxv4GkR8R3MNM2KeHDmkI/J/8/8L19glwK2b6txyRkp8irNWEkoK7MRz7kgx4oCpAGXCeias8CKwGkEZ7SQsBNpv9v63ZnfnfmVsBPBwphKKmEluqMP1M0pS92hFBlLO7WAtTbFiLOS5wkJ9Pv7MtSFCrz1f2B18PPZ4e+Xw6kF8zHY12kTdjX+e1z93uDvPTzBokrJ6CRBtuqiEsZB0EFax+vbxfRj/fGkCaSSORKWNv0AGykMPVVInoesZ4b8g8O9rm90YWh0msKmKrzvmM2eZ/YFvZ/NyHpmaLd/1O7DSdAzOk39fWwJdi0TMZHgxKeD8PxqY/kbaqkK+wcCAAA=[0m[INFO] 
[8mha:AAAB5h+LCAAAAAAAAACFkU2L00AYx8dqtXjUm4sQEN8oeSupG7ss2Eyb0N3YZqkGu2EP03SaJualJpOQKvh5POiX8ejN0yLid3AmaVbEg88c8ptnnv/z/0M+/wLtLAWPNvkqS2JhG+aeH2cCijPfTcIkFYaUIKNpQjCo61oLtEzQqQZeoi0Bj81aL+714pVevNLTwSMT3Fghggi4YwaoQGKIYk+ck9SPvaMyBff2KdwkzpIQC7D+/u0Myi0N/PD/ganhz0+d5PtiftkC1x3QXnpV2LvOv+b0dc1e34GP4CZNGaMIM26V2zxtFAJTCHvFl6/25Y/7H4wqEE3WIeDWAwWyw0jXJVqMJIlx3WtIeab2NKWZ0/Vmria9qpz5d5rNktTsg6M/mxnXvYbk8fP9PtaBo2aupnGfHQLaJcFpRMA3ZzLVZxfcgaNGGzQY0lpoXRMOm9KWah9pZOlPzuZRMD19rVhStzgxx0oue4UV4NIc2db7cjU2iiI677457J/jt2Y4s9fFq8BVdevEQ4bvT4xT5Bt9a6cqxc61R3IMh/J8Rw0CCHXtDNq9w1mwqDyPjw8cKeJ5notQgWM+y1O89lPM1/960BNkaUBwRrgnK7xGeUh4dnvKveAyjFJ3w1Ht7d8mUkaL2QIAAA==[0m[INFO] [8mha:AAAAYB+LCAAAAAAAAABb85aBtbiIQSmjNKU4P0+vJLE4u1gvPjexLDVPzxdEGvvmZ+X75ZekLlOVfvTjc8FPJgaGiiIGKaiG5Py84vycVD1nCA1SyAABjCCFBQCV27OjYAAAAA==[0m--- maven-surefire-plugin:2.10:test (default-test) @ search ---
[8mha:AAABgh+LCAAAAAAAAACFkcFKw0AQhsdqtXjUmyAURD2ZjVJF7UnTRoRaD1VBiodtuk1T0904u6kRwefxoC/jG3gqIr6Du01SEQ/OHvZjdv5/ftiXLyhKhI1+3JWCW1EY+wGXFuUy8EQo0DrS5BhqCsUgrZkCFBpQmgyc0UjBZiPVk0xPpnoy1evBagPmulRRBUuNAR1RElLuk5bCgPvVBGElS+EJLkXILCe9f2+GJNKB1/8PrBd+PpfE+3VrXIDZNhQ7/iTscvvvcv3aM6938ATzOiWnQ2a4kEQx5grLKKxM8fp2Nf5YfTyZBNLJSgoW1iqOOYZc19ZlyLYNp72cKnv7O8eVfM5187mU3EnFZn8pd7bt3M+p/TgbTns5bdcPMj/TcWr5XEr1XXMUFBPFcKgA26dN9/ym3IqR9QJkZWSRQFXuavaUwIfDMhlRJGHQIQPGb83XDkRHkosWo+j1L3mgFJOK3Au8lRH1GJEMR4G+FUWfKSIz563UWS5+A6NMb1VxAgAA[0m[INFO] Surefire report directory: /var/lib/jenkins/jobs/TSearchUnittest/workspace/service/target/surefire-reports
[8mha:AAABMR+LCAAAAAAAAACFjrFOwzAQhq+BQMQIGxITAjY7oIBAnSBtWAJLJSTUybQhBKV2cJwqEhLPw9C+DG/AVCHEO+CL4yLEwN3gT+f/v/tnX+CWEvYfqnEpOCnyKs14SRgvs5HIhSTnmkKka6ESMNVxwInBawRXrFBwEBs/bf106adLvxZ2Y1gdM8UUbMaPbMpoznhKB0pmPO3WErbbFCPBS5EnJDTv78tQFzrw3v+B9cHPV0+83w4WDqwMwb1Lm7Bbw7/H9e89/j7BC6zplJxNEmSnLippHQQdpHXM324WHzvPl00gncxTsL4bhNhIUeTrQvJ9ZDOzFJycHl0EVhdFVmcoaqrC+57d7Pt2X9j72YxsZpYO+2ftPpyEPasz1D/GVuDWKpETBZ2Nbxim58gAAgAA[0m
[8mha:AAABNR+LCAAAAAAAAACdjrFKxEAQhsdoNFhqJ1iJWrkbJcrJVZq72ESbA0GuWu9ijOR242ZzBASfx0JfxjewOkR8B3ey2ROxEJwp9mP2/2f+509wSwk7t9W4FJwUeZVmvCSMl9lI5EKSE00h0oVQCZhacMCJwWsE56xQsBsbP239dO6nc78WdmNYGjPFFKzFd2zKaM54SgdKZjzt1hI22hQjwUuRJyQ078/LUBc68PbfgfXBjydPvF0NZg4sDsG9Tpuw68Pfx/XvDf7ewyMs65ScTRJkpy4qaR0EHaR1vLxezt43H86aQDqZp2BlKwixkaLI14Xk+8hmZik46hycBlYXRVZnKGqqwvue3ez7dl/Y+96MbGaW9vvH7T6chD2rM9Q/xFbg1iqREwWdvf/V6hdjsPiwNwIAAA==[0m-------------------------------------------------------
[8mha:AAABOR+LCAAAAAAAAACFjsFKxDAQhsdqtehNb4JQEPWWVqmi7Em7rZfqpSLInuJurSvdpKapFASfx4O+jG/gaRHxHcw0zYp4cALJx+T/Z/6XL7ArAdu39ajijJRFnY9ZRSirxkNecEGOFYVI51xmoGvOAisBpxWc0VLCTqL9Xuf3Zn5v5lfCXgILIyqphNXkjj5Qr6As91IpxizvNQLWuxRDzipeZCTU7+/N0JQq8Nb/gdXCz2eHv1+lUwvmB2Bf523YtcHf5er3Bn/v4QkWVUpGJxmy1ZS1MA6CDtI5Xt8upx8bj6dtIJXMkbC0GYR4kOLYV4Xk+8i6Zyg4ONw7CYwujo1OU9xWjfsdM9n3zbyw/zMZWfcM7UZH3TzshH2j0xTt45FgNzITEwkr7oUbuam60+Vv763aYgoCAAA=[0m T E S T S
[8mha:AAABNR+LCAAAAAAAAACdjrFKxEAQhsdoNFhqJ1iJWrkbJcrJVZq72ESbA0GuWu9ijOR242ZzBASfx0JfxjewOkR8B3ey2ROxEJwp9mP2/2f+509wSwk7t9W4FJwUeZVmvCSMl9lI5EKSE00h0oVQCZhacMCJwWsE56xQsBsbP239dO6nc78WdmNYGjPFFKzFd2zKaM54SgdKZjzt1hI22hQjwUuRJyQ078/LUBc68PbfgfXBjydPvF0NZg4sDsG9Tpuw68Pfx/XvDf7ewyMs65ScTRJkpy4qaR0EHaR1vLxezt43H86aQDqZp2BlKwixkaLI14Xk+8hmZik46hycBlYXRVZnKGqqwvue3ez7dl/Y+96MbGaW9vvH7T6chD2rM9Q/xFbg1iqREwWdvf/V6hdjsPiwNwIAAA==[0m-------------------------------------------------------
[8mha:AAABZh+LCAAAAAAAAACFkUFLwzAUx5/TafGoN0EQRL2lVaYonrRbB1IV3BBkpyyLXV2X1CQdFcHP40G/jN/A0xDxO5i0zUQ8+HLILy/v/94/5OUL6lLA9jAbSM5QmmRRzCTCTMaEJ1ygE02+oQuuKJQxV4NaCE5RcI5TBTthqXcrvTvTuzO9LjwOYWGAFVawEt7hCXYTzCK3o0TMouNcwFrlgnAmeUKRX+6/J0OeasNb/xvWAz+fHf5+05nWYL4H9X5UmF3t/R2ub2/N7T08waJ2yfCYGq7laSasAhkFqhSvb9fTj/XHdmFIO3MULG02fLMMBYGnw5DnGS5zlhoHh3unDVsXBLaupKCIzMx3bGfPs/385k9nw2XO0m7rqOpnMn7T1pXU2jdLQT1XVIwVtK8yxvRrNggfI4HJSKaYUCQpFmSoNzGJ9ZFwYf5C0G5MRlRdsohrTeeBkTPe71Kplr8Bomtmt0YCAAA=[0mRunning com.rackspace.search.service.core.CoreTicketOngoingSyncJobTest
[8mha:AAABZR+LCAAAAAAAAACFjs9Kw0AQxsdoNXjUmyAERL2UJPaPaHvStBEkemkRpKe1XWM03Y27GwkIPo8HfRnfwFMR8R3czWYr4sGZw/6Y/b6Z7+ULapzBzk0+4ZS4WZrHCeEuIjwZ05Qy90hSoOicCgy6FiywIrBLwRnKBOxG2u9Vfm/u9+Z+KexGsDRBAglYi27RA/JSRGJvIFhC4m7BYKNKMaaE0xS7gX5/X4Yik4G3/w8sD34+2/T9cjCzYHEEtau4DLs++ntc/l6r33t4gmWZkqApVmwVWc6Mw1UOt3K8vl3MPjYfT8pAMpktYGWrFahWFIa+LEW+r1jPDLX2DxrHLaMLQ6PTFJaVq/u22ez7Zl/Q+9msWM8M7fUPq31qEvSMTlO/rVpArRCYTQWcDjEX3GE56TjNuhOiJM0Z5h3Hrzt9xijTOLhLsgxPSh4mU+zgFGVcDRpu0287HI9XvwF65DEvSQIAAA==[0mTests run: 3, Failures: 0, Errors: 0, Skipped: 0, Time elapsed: 2.305 sec
[8mha:AAABZh+LCAAAAAAAAACFkc9LwzAUx5/VafGoN0EQRL2lVaYonrRbB1IV3BBkpyyLXV2b1CQdFcG/x4P+M/4HnoaI/4NJf0zEgy+HfPLyvu99Q16+oCEFbI+yoeQMpXEWRkwizGREeMwFOtHkGbrgikIZcxZYAdhFwTlOFewEpd6p9M5M78z0uvA4gIUhVljBSnCHJ9iJMQudrhIRC49zAWuVC8KZ5DFFXrn/ngx5qg1v/W9YD/x8tvn7TXdqwXwfGoOwMLva/ztc396a23t4gkXtkuGEGrbyNBO1AhkFqhSvb9fTj/XHTmFIO7MVLG02PbMM+b6rw5DrGi5zNTUPDvdOm3Wd79d1JflFZGa+XXd23bqf1/rpbLjM1bTbPqr6mYzXqutKau+bpaCRKyoSBZ2rjDH9mg3CEyQwGcsUE4okxYKM9CYmkT4SLsxfCNqLyJiqS6Yhod0HRs74oEelWv4GqwWk1EYCAAA=[0mRunning com.rackspace.search.service.core.CoreTicketOneTimeSyncJobTest
[8mha:AAABYx+LCAAAAAAAAACFjsFKw0AQhsdoNXjUmyAERL2UJNpWtD1p2ogQvbQI0tParjGa7qa7GwkIPo8HfRnfwFMR8R3czWYr4sGZw37M/v/M//IFNc5g5zYfc0rcLM3jhHAXEZ6MaEqZeywpUHRBBQZdCxZYEdil4BxlAnYj7fcqvzf3e3O/FHYiWBojgQSsRXfoAXkpIrHXFywhcadgsFGlGFHCaYrdQL+/L0ORycDb/weWBz+fbfp+1Z9ZsDiE2nVchl0f/j0uf2/U7xSeYFmmJGiCFVtFljPjcJXDrRyvb5ezj83H0zKQTGYLWNlqBqoVhaEvS5HvK9YzQ82Dw/2TptGFodFpCsvK1X3bbPZ9sy/o/mxWrGeG9npH1T41CbpGp6nXUi2gVgjMJgLOBpgL7rCctJ1G3QlRkuYM87bj150eY5Rp7N8nWYbHJQ+SCXZwijJeDtxGy+F4tPoNjwhP1kgCAAA=[0mTests run: 3, Failures: 0, Errors: 0, Skipped: 0, Time elapsed: 0.35 sec
[8mha:AAABYR+LCAAAAAAAAACFkUFLwzAUx5/VafGoN0EQRL2lVaYoO7lu9VJF3BBkp5jFrq5LapKOguDn8aBfxm/gaYj4HUzaZiIefDnkl5f3f+8f8vIFDSlgd5QPJWcoS/M4YRJhJhPCUy7QqabA0AVXFKpYcMCJwC0LznGmYC+q9F6t9+Z6b67Xha0IloZYYQVr0T2eYi/FLPZ6SiQsbhUCNmoXhDPJU4qCav89GYpMG97537Ae+Pns8veb3syBxQE0buPS7Prg73B9e2duH+AJlrVLhifUsFNkubAKZBSoVry+Xc8+Nh/PSkPamatgZbsZmGUoDH0dhnzfcJWz1Dw6Pmg3bV0Y2rqKwjJyM9+1nX3f9gs6P50NVzlL+92Tup/JBB1bV1H30CwFjUJRMVHQvsoZ06/ZInyCBCZjmWFCkaRYkJHexDTRR8KF+QtB+wkZU3UpOKFSctGnUq1+AxwABTxBAgAA[0mRunning com.rackspace.search.service.core.CoreTicketProcessorTest
[8mha:AAABYx+LCAAAAAAAAACFjsFKw0AQhsdoNXjUmyAERL2UJJUqtT1pmggSvbQI0tParjGa7sbdjQQEn8eDvoxv4KmI+A7uZrMV8eDMYT9m/3/mf/mCBmewc1NMOCVunhVJSriLCE/HNKPMPZIUKDqnAoOuBQusGOxKcIZyAbux9nu135v7vblfCnsxLE2QQALW4lv0gLwMkcQbCJaSpFcy2KhTjCnhNMNuoN/fl6HMZeDt/wPLg5/PNn2/HMwsWBxB4yqpwq6P/h6Xv9fq9x6eYFmmJGiKFVtlXjDjcJXDrR2vbxezj83HkyqQTGYLWNlqB6oVRZEvS5HvK9YzQ+2Dzt5x2+iiyOg0RVUV6r5tNvu+2Rf0fzYr1jNDrfCw3qcmQd/oNIX7qgU0SoHZVMDpEHPBHVaQrtNqOhFKs4Jh3nX8phMyRpnGwV2a53hS8TCdYgdnKOfVwG35HYfj8eo3XPUZdEkCAAA=[0mTests run: 1, Failures: 0, Errors: 0, Skipped: 0, Time elapsed: 0.108 sec
[8mha:AAABZx+LCAAAAAAAAACFkUFLwzAUx5/TafGoN0EQRL2lVaYoO2m3DqEquCHITjGLXV2X1CQdFcHP40G/jN/A0xDxO5i0zUQ8+HLILy/v/94/5OUL6lLA9jAbSM5QmmRRzCTCTMaEJ1ygY02+oXOuKJQxV4NaCE5RcIZTBTthqXcrvTvTuzO9LmyGsDDACitYCe/wBLsJZpHbVSJmUTMXsFa5IJxJnlDkl/vvyZCn2vDW/4b1wM9nh79fd6c1mO9D/SYqzK72/w7Xt7fm9h6eYFG7ZHhMDdfyNBNWgYwCVYrXt6vpx/pjpzCknTkKljYbvlmGgsDTYcjzDJc5S42Dw72Thq0LAltXUlBEZuY7trPn2X5+66ez4TJnabd9VPUzGb9l60pq75uloJ4rKsYKTi8zxvRrNggfI4HJSKaYUCQpFmSoNzGJ9ZFwYf5C0F5MRlRdsA7Xmu4DI8dEcdGjUi1/A+rd0TNIAgAA[0mRunning com.rackspace.search.service.core.CoreTicketOnGoingSyncActorTest
[8mha:AAABYx+LCAAAAAAAAACFjsFKw0AQhsdoNXjUmyAERL2UJK1VtD1p2ughemkRpKe1XWM03U13NxIQfB4P+jK+gaci4ju4m81WxIMzh/2Y/f+Z/+ULapzBzm0+5pS4WZrHCeEuIjwZ0ZQy91hSoOiCCgy6FiywIrBLwTnKBOxG2u9Vfm/u9+Z+KexEsDRGAglYi+7QA/JSRGKvL1hC4k7BYKNKMaKE0xS7gX5/X4Yik4G3/w8sD34+2/T9qj+zYHEIteu4DLs+/Htc/t6o3yk8wbJMSdAEK7aKLGfG4SqHWzle3y5nH5uPp2UgmcwWsLLVClQrCkNfliLfV6xnhloHh82TltGFodFpCsvK1X3bbPZ9sy/o/mxWrGeGGr2jap+aBF2j09TbVy2gVgjMJgLOBpgL7rCctJ29uhOiJM0Z5m3Hrzs9xijT2L9PsgyPSx4kE+zgFGVcDRpu0+F4tPoNv4HcbUcCAAA=[0mTests run: 3, Failures: 0, Errors: 0, Skipped: 0, Time elapsed: 1.2 sec
[8mha:AAABaB+LCAAAAAAAAACFkc9LwzAUx5/VafGoN0EQRL2lVaYoO81uFaEquCHITjGLXV2b1CQdFcG/x4P+M/4HnoaI/4NJf0zEgy+HfPLyvu99Q16+oCEFbI+yoeQMpXEWRkwizGREeMwFamvyDJ1zRaGMOQusAOyi4AynCnaCUu9Uememd2Z6XdgKYGGIFVawEtzhCXZizEKnp0TEwlYuYK1yQTiTPKbIK/ffkyFPteGt/w3rgZ/PNn+/7k0tmB9A4yYszK4O/g7Xt7fm9h6eYFG7ZDihhq08zUStQEaBKsXr29X0Y/3xpDCkndkKljabnlmGfN/VYch1DZe5mpoHh3vHzbrO9+u6kvwiMjPfrju7bt3P6/x0NlzmatrtHlX9TMbr1HUldffNUtDIFRWJgtPLjDH9mg3CEyQwGcsUE4okxYKM9CYmkT4SLsxfCNqPyJiqC0ZVlNDeAyNtorjoU6mWvwEah9szSAIAAA==[0mRunning com.rackspace.search.service.core.CoreTicketOnetimeSyncActorTest
[8mha:AAABYx+LCAAAAAAAAACFjsFKw0AQhsdqNXjUmyAERL2UZKtVtD1p2ggSvbQI0tParjGa7sbdjQQEn8eDvoxv4KmI+A7uZrMV8eDMYT9m/3/mf/mCuuCwdZOPBaNeluZxQoWHqUhGLGXcO1IUaDpnkoCpuRrUInBKwRnOJGxHxu9Xfn/m92d+JexEsDDGEktYiW7xA/ZTTGO/L3lC407BYa1KMWJUsJR4gXl/X4YiU4E3/w+sDn4+O+z9sj+twfwQ6ldxGXZ1+Pe4+r3Wv/fwBIsqJcUTorlWZDm3Dk87vMrx+nYx/Vh/PCkDqWSOhKWNVqBbUxgiVZoQ0mxmllr7BzvHLasLQ6szFJaV6/uO3YyQ3Rd0fzZrNjNLzd5htU9Pgq7VGert6ZZQLyThEwmnAyKkcHlO2+5uww1xkuaciLaLGm6Pc8YN9u+SLCPjkgfJhLgkxZkoBx5CTVeQ0fI3snHaPkkCAAA=[0mTests run: 3, Failures: 0, Errors: 0, Skipped: 0, Time elapsed: 0.001 sec
[8mha:AAABVB+LCAAAAAAAAACFj8FKxDAQhsfqavGoN0EQRL2lVaooe9LuVpDqwRVB9pTtxm61m9QkXQqCz+NBX8Y38LSI+A4mTbMiHpwc8nXy/zN/X76gJThsj8qhYBQVeZlmVCBMRZawnHF0rCjUdMEkAVNzDjgxuLXgHBcSdmLj9xq/N/N7M78StmNYGGKJJazEd3iCvRzT1OtJntG0XXFYa1IkjAqWExSa+/dmqAoVeOv/wGrh57PL3m96Uwfm+9AapHXY1f7f5er1Vr8+wBMsqpQUj4lmpypKbh1IO1DjeH27nn6sP57WgVQyV8LSZhDqoymKfFWafF+z6VkKDg73TgKriyKrMxTVVer9rp3s+3Ze2PmZrNn0LO12j5p5uhN2rM5Qd18fCa1KEj6WEFyWlKq/2UjYGHGc3IsCJwQJgnkyUhefZOrzjA16Bq+IkMvfNIYwFzMCAAA=[0mRunning com.rackspace.search.service.JobServiceTest
[8mha:AAABuh+LCAAAAAAAAACFksFOGzEQhqehKVGPcKtUyRICTthLEioKJ1hYhLSkSIFKKOLgbJzFya692E4IQuJ5OLQPwpU34BRViHeond0lqjjUPsynmflnfnn31ytUtYK1q1FPS4GzZBRzoTEVmkcykQrvWfIdtaRhkJ8PFaiEUJs1nNDMwHqY60mhJ2968qa3jbshfOxRQw0shQM6piShIiZto7iIdycKvhQuIim0TBj28/jvZphk1vDq/w3bhS8PNfl80Z5WYKED1W48M7vceb/cVvuueg338Mm6FDRljiuTbKRKBXYKXCh+P/2c/vl6dzQzZJ3VDCyuNH13HQWBZ48jz3Oc50pqftuu7zfLviAo+3IKZmfk9tfKyZ5XzvMP5pMd57mSNg+/F/Ncxj8o+3I63HLXQHVimEoNPNY3d7ytnUYD1xtN1EkpF5fouBX8QCjCCmv7JdLUvbKSGVPmFp8WYOOY95hCGyiUtGcfBBU9nGnU5wlDfSXTnDpkTBVJeJcMmBi632Mgu5qctRlV0dW54MYwbciNVEOd0YgRzdSY22ioipkh88kkkRFNbN0J8Tx/+fkvVpEkhsgCAAA=[0m21:05:33.234 [main] INFO  c.r.s.common.property.PropertyProvider - Loading properties file from file [/var/lib/jenkins/jobs/TSearchUnittest/workspace/service/target/properties/local/search.properties]
[8mha:AAABwB+LCAAAAAAAAACFks9uEzEQxoeUlIgjvVVCslRBT9jbJEX9c2q3XYS0BKTQSlXUg7Nxtk527e3YCUFIPA8HeBh4A04RQrwDdna3EeLQ8cE/zcw388m7X/9A0yA8v5mNjFa0yGapVIZyZWSiM430xFHoqaetgDIeNKARQ2vV8IYXFnbjUs8qPbvTszu9azyO4eGIW27hSTzhc84yrlLWtyhVerxA2K5cJFoZnQkalve/m2FROMPP7jfsFv7+0tI/r/rLBmwMoDlMV2a3Bv8vd9Wxr97CZ9h0LhXPhefGophhraBeQSvFtx+Xy19PP71aGXLOWhYe7XRDfzxFUeDCUxB4LnM1dV8etE+7dV8U1X0lRauY+f2tenIQ1PPCs/Vkz2Wupr3zw2qez4RndV9J5/v+WGgurMDcwvf23lGwf9Tp0HbngAxyLtU1ed2L3hKSUKTGfYk896+MuhBoP9J3Fbh7LkcCyQsSaz5yD0KqHikMGctMkDHqvKQBm3NkmRyyiVBT/3tM9NCw933BMbm5UNJaYSz7oHFqCp4IZgTOpbstx1RYtp7MMp3wzNW9kBqRoLCGruvXj/8CqMlhZtACAAA=[0m21:05:33.238 [main] INFO  c.r.s.common.property.PropertyProvider - Loading properties file from file [/var/lib/jenkins/jobs/TSearchUnittest/workspace/service/target/properties/local/search.secrets.properties]
[8mha:AAABvx+LCAAAAAAAAACFks1OGzEQx4e0aSOO5YZUyVLV9oS9JKEqcGoXFiEtH1JoJRRxcDbO4uC1t7aTBiH1eXqAd0G8ASeEEO+AvR9EVQ/Yh/lpZv4zf3n38hGaRsOn08nQKIlzMUm5NJhKwxMllMbfHIWe9pVlUJ6FBjRiaBUNezS38Dku9aTSk2c9eda7xs0YXg+ppRbexWM6pURQmZKe1VymmzMNy5WLREmjBMNhGf/dDLPcGf74smG38OFvS90e9+4a8KoPzUFamF3q/7/cVUe++gv+wBvnUtKMeW7M8omuFdgrcKW4uvl5d//+Yqcw5Jy1LLz90A399RRFgTuegsBzmaup++Vr+3u37ouiuq+kqDgTv79VTw6Cel64NZ/suczVtLq9Xs3zmXCr7itpe81fC82ZZTqzcN1e3QjWNjod3O6so35GuTxBu/vRAUIJ1ti4L5Fl/pW1ypm25/iwAhenfMg0WkGxokP3IKjq4cygERcMjbTKSuqTKdVE8AEZM3nmf4+xGhhy1GNUJ6c/JLeWGUt+K31mcpowYpiechct1SmzZD6ZCJVQQZigxvLEFHo8L58sPgFH8ebMzwIAAA==[0m21:05:33.239 [main] INFO  c.r.s.common.property.PropertyProvider - Loading properties file from file [/var/lib/jenkins/jobs/TSearchUnittest/workspace/service/target/properties/local/elasticsearch.properties]
[8mha:AAABeR+LCAAAAAAAAACFkM1Kw0AUha/RanCpO0EYEHXlJP0TbVeaNiLUuggIUlyM6dhGkkmdmZSC4PO40JfxDVwVEd/BmUxSERfeWeSbO+fce8jLF1QEh71xNhQpw5M4G0VMYMJEFKZxyvGJIk9TP5UUTC1ZYPXAzgUXZCJhv2f8TuF3Fn5n4VfCdg9WhkQSCRu9ezIlTkzYyAkkj9ioPeOwVaQIUybSmGLPfH9vhtlEBd79P7Ba+Plsp+/XwdyC5QFUbkd52M3B3+Xq9U6/PsATrKqUjCRUszWbZLx0YO3AheP17Wr+sf14lgdSyWwJazsNTx9Nvu+q0uS6mk2vpMbhUe20Uep8v9QZ8vPK9H67nOy65Tyv8zNZs+mVVO0eF/N0x+uUOkPdpj4SKjNJeSIhqVVbbrNVr+P6URUNEhKxG3Te9y8RCjHHAtOYCBmFghIejnHX3IL8FlA+pRwdoEASLtUvQXJMUSFBRoOEEbF0SFvr35nADDtsAgAA[0m21:05:33.381 [main] INFO  c.r.s.elasticsearch.ElasticSearchServer - Starting the Elastic Search server node:
[8mha:AAABgx+LCAAAAAAAAACFkM1Kw0AUha/VanGpO0EYEHXlJOmftl1p2ogQ66IgSOhibGM6ms7EZCLFos/jQl/GN3BVRHwHZ/JTKS68s8g3d86595DXbyhGIeyN4mHEGQ782KMswoRFdMB9HuJjSaaiLhcupLVUgIINpURwTgIB+3bq1zK/Nvdrc78UtmxYGRJBBGzYt+SBaD5hntYTIWVeaxLCVpZiwFnEfReb6XdxM0wCGXj3/8By4ddLiX9c9WYFWHageO0lYTedv8vl6416vYdnWJUpGRm7iguTIA5zB1YOnDne3i9nn9vT0ySQTFYSsLZTNdVRZFm6LEW6rjjt5VStH5VPqrnOsnJdSlZSsdpfyifrej7PbP9OVpz2cjI6jWye6pjtXJdSp6aOgOJEuOFYQFA2mnqtWang2mEdOWNCWR+dda0LhHjoYdcnkaCDyCXhYIQZH7roADmyc+eK5NpH0wWNpmOjjstPTtloGP0moowKSnz6KP8Ywhiv/wB1bAdSbwIAAA==[0m21:05:33.576 [main] INFO  org.elasticsearch.node - [ticket.node] {elasticsearch/0.16.2}[2191]: initializing ...
[8mha:AAABbh+LCAAAAAAAAACFkM1Kw0AUha/RanGpO0EYEHXlJP2J1HalaSNCrYuCIKGLsRnTaDoTk6kEBJ/Hhb6Mb+CqiPgOziSZirjwzmI+7pxz72FevqCSJrA3mfkpZziOZkHIUkxYGo55xBN8LMlRNOCCQlFLBhh9qOaCcxIL2O8XfrP0mwu/ufBLYacPKz4RRMBG/5Y8EDMiLDCHIglZ0MkS2CpTjDlLeUSxU9y/N0MWy8C7/weWCz+fq/z9ajg3YNmDynWQh930/i6Xrzfq9R6eYFWmZGRKFRtZPEu0AysHLh2vb5fzj+3H0zyQTFYVsLbTdNRR5LqWLEWWpbjoaWoetuonTa1zXa0ryM1rpvZX9WTL0vOc7s9kxUVPU613VM5THaerdQX1bHUEVDJBk6mAQb3Wtux2o4Htlo28KQnZCJ0N3AuEeBJgGpFUhOOUkmQ80V+NDpAnm3dUYMZ9OkIRJz71kTda/wYnaMmcTQIAAA==[0m21:05:33.585 [main] INFO  org.elasticsearch.plugins - [ticket.node] loaded []
[8mha:AAABfx+LCAAAAAAAAACFjstKw0AUho/RanGpO0EIiLpykvRGLytNGxFqXRQECV2MzZiOTWdqMpVg0edxoS/jG7gqIr6DM7koxYVnFvPNmf8/53/5gkIUwsFo5kWcoWkw8ymLEGYRHfKAh+hYkq2oxwWBtFY00LpQTATneCrgsJv6jcxv/PiNH78Utrqw5mGBBWx1b/E9NgLMfKMvQsr8VhzCTpZiyFnEA4Ls9F7eDPFUBt7/P7Bc+Plc5O9X/YUGqy4Urv0k7Lb7d7n8vVG/d/AE6zIlwxOiWIunszB3IOVAmeP17XLxsTs/TQLJZEUBG3sVWx1FjmPKUmSaitNeTpVavXRSyXWOk+tScpKaqf3FfLJp5vPs9u9kxWkvJ6vTyOapjt3OdSl1quoIKMSChBMB45LVNKvNch3VymXdnWDKBvpZz7nQdR76iAQ4EnQYERwOR4hxj+hHuis7YyKS50CfL2kME1k1VHp0S1bDGjR1yqigOKAPxNv8Bt3I2rxqAgAA[0m21:05:38.633 [main] INFO  org.elasticsearch.node - [ticket.node] {elasticsearch/0.16.2}[2191]: initialized
[8mha:AAABhh+LCAAAAAAAAACFkM1Kw0AUha/RanGpO0EYEHXlJP2ltitNGxFqXQQEKS7GdGwi6aTOTGtBEHwbF/oyvoGrIuI7OJNJKuLCO4t8c+ecew95+YKC4LAXTgYiYXgcT4YRE5gwEQVJnHB8pMjV1EskBVNLFlhdKKaCMzKWsN81fjvz2wu/vfArYasLKwMiiYSN7i2ZEjsmbGj7kkds2Jpx2MpSBAkTSUyxa76/N8NsrALv/h9YLfx8Libvl/7cguU+FK6HadjN/t/l6vVGv97BI6yqlIyMqGZrNp7w3IG1A2eO17eL+cf2w0kaSCUrSljbqbr6aPI8R5Umx9FsejlV643ycTXXeV6uM+SlNdH7i/lkx8nnue2fyZpNL6dS5zCbpztuO9cZ6tT0kVCYScpHEp7KpaZTa1YauF6poP6IROwKnfa8c4QCzLHANCZCRoGghAch7pibn958yqeUowPkS8Kl+iVIhhRlEmQ0SBgRSwYU3Ucy1BpBVVtqh2iufwOdJVqdgAIAAA==[0m21:05:38.633 [main] INFO  c.r.s.elasticsearch.ElasticSearchServer - Starting the Elastic Search server node with these settings:
[8mha:AAAEMh+LCAAAAAAAAAC1VUtvJDUQbgKBiCPckJBaWkEuHXvyWu16TzDJsKAkICYgsVHU8tg1PZ502x3bnWSCxO/hAH+Gf8BphRD/gXK/Mkl2BewuPYcpl+vx1dO//BWtOht9OqukM5qUeZUp7QjXTgmTG0s+Q2oYqCPjIWq+t1ailYNorRY45KWP1g8afdrq016f9voo+OQgekdyz330wcGcX3Cac53RsbdKZ0+ubPRRi0IY7UwOZNj83/YcXZUI+JN/BowO//x5zfz+w/j5SvT2SbQ6yWqwH57cd46303B7Hv0UvYsoNS8g0CtXZWU7DRI0SKvx62/fP//j4x+/qAEhsjUfvfdgZxh+gRqNBvgFajAIdMPrqJ2Hj7Y+3+nkRqNOrqFG9VcF/2ud5cGgszfcu7Ec6IbXUZv7j1t7gTPc6+Qaan83/Hy0euXBFn5tY2uTDXbZ9iPycPtxfFJwpU/jL49GX8exIJY4Ajl3XgkH3IoZ2W9O4/o0BnsBNt6I95dl4jF4j/lxMYvjE2EsEDkhlc3ZXE4EK43zmQV3njNKJVyEy1rIcnHmSi4AjwXb3dneooGfokwSayOB5EbwnHlbQRIrLeEKa87zhVOuIa4BAdcYUue5ltxKMlU5BspOcnMJVnAHp0nchhSabKoyUnI/Y/SCW5qrCZ2DPgv9OzcTR4+bQL/Tyntwnl4a22CkDmNX+O+5zcDT0poSrFfgaI2S3kpbEgcfJDT+6zq6ZZcGi0mM5zPwTRaRA1NjC+7ZAr+Nw8MNKeOnT1lRMOeSWOSVw4SQ0N6sU2x4/z6pflEC605os61xyZ1D4JK18Yb8/t+JrX3zUt04P8dC+0WfFaMzE7pxoQWRqLzAaBCYdGwLhwg7aykRocuSeOZ9SUDzSQ6y7bY6nNxk7s2WL1jssq6rYgI2NdPUQpkrbFU26IOQRlQFaE+UPAp4G+Gl6EHLEsP0LIBHlPTSESwQLsbsBdNFhT9Drfvm68I2zP6yhXeTpiTmslB6+aJm1JFgrMGzrYSvLDDastKeRea4tLugnQ/Ypo4UUBi76LM+5bmD+5lxM+w3x3Y7BLdxhxJ/ZSY3/Vhh8mt4lTvHrHJ5f1SIVwVcGw1sOD7ur9tlx/OwNeS3uPPhG2554ZhAMx5kyn1SlbIjQ1HTsppg2dCPK/HRwr2Fty+xeIyrtzXoTGUFpG6BE1gkbV3/qxestK9ccl4BNqtATobJTEqrjFU4CjgZKtMAda0SLoSpMGe3ekhahascNwHKMmNxKfZrmuzVd0vN1ucVF2oBNpSzDbPbrC/cQuvH690eIuPx+NmzJJbKCYPGF+Qa8CUP3VpUuQ/d7+82Axde4XPPK2/SJkFp3R9ss53PmUFIrzifrYnAf+URD5wlO+ml8rO03a2vZZTe3dP9a/JmfLz0abnj+PT9vwGEGtIkLAoAAA==[0m21:05:38.639 [main] INFO  c.r.s.elasticsearch.ElasticSearchServer - Elasticsearch Settings :  [core.db.url:jdbc:postgresql://dev.db.core.rackspace.com:5432/core_dev, node.local:true, index.analysis.analyzer.search_standard.filter:[lowercase], elastic.config.path:/var/lib/jenkins/jobs/TSearchUnittest/workspace/service/target/properties/local/elasticsearch, path.data:/var/lib/jenkins/jobs/TSearchUnittest/workspace/service/target/elasticsearch/data, ticket.core.dateformat:yyyy-MM-dd HH:mm:ss, cluster.name:ticket.cluster, index.analysis.analyzer.search_standard.type:standard, core.db.password:, path.conf:/var/lib/jenkins/jobs/TSearchUnittest/workspace/service/target/properties/local/elasticsearch, core.api.password:qwerty, ticket.ongoingsync.delay.seconds:2000, name:ticket.node, http.enabled:true, path.logs:/var/lib/jenkins/jobs/TSearchUnittest/workspace/service/target/elasticsearch/logs, index.number_of_replicas:0, ticket.document.idName:number, core.api.endpoint:https://ws.staging.core.rackspace.com/ctkapi, ticket.document.type:ticket, ticket.index.name:ticket, admin.index.name:admin, indices.structure:/indices_structure.json, index.store.fs.memory.enabled:false, index.number_of_shards:5, admin.document.type:syncJob, core.db.username:usq_read, ticket.core.date.timezone:CST, ticket.search.allowedRangeParams:created_at,updated_at,last_public_response_date, ticket.search.allowedTermParams:source_system,number,created_at,updated_at,last_public_response_date,status,queue,category,priority,assignee.name,account.number, core.driver.class:org.postgresql.Driver, core.api.username:rcameron, ticket.elastic.dateformat:yyyy-MM-dd'T'HH:mm:ss.SSSZZ, discovery.zen.ping.multicast.enabled:false, action.auto_create_index:1, path.home:/var/lib/jenkins/jobs/TSearchUnittest/workspace/service, path.work:/var/lib/jenkins/jobs/TSearchUnittest/workspace/service/work, path.work_with_cluster:/var/lib/jenkins/jobs/TSearchUnittest/workspace/service/work/ticket.cluster, path.data_with_cluster:/var/lib/jenkins/jobs/TSearchUnittest/workspace/service/target/elasticsearch/data/ticket.cluster]
[8mha:AAABfx+LCAAAAAAAAACFkM1Kw0AUha/VanGpO0EYEHXl5Me09GelaSNCrYuCIKGLMY1pNJ2Jk6kEij6PC30Z38BVEfEdnEmaSnHhnUW+uXPOvYe8fkM54XAwmgwTRnEcTYKQJpjQJPRYxDg+kWQr6jHhQ14rJSh1oZIJLkgs4LCb+7W5X1v4tYVfCltdWBsSQQRsde/II9EiQgOtL3hIg1bKYWeewmM0YZGP7fy7vBnSWAbe/z+wXPj1UmEf1/1ZCVZdKN8EWdht9+9y+XqrXh/gGdZlSkrGvuJSGk944cDKgeeOt/er2efu9CwLJJNVBGzsWbY6ihxHl6VI1xXnvYKsWt08tQqd4xS6nJysJmp/pZis68U8u/07WXHeK8joNObzVMduF7qcOlV1BJRT4fOxgMg0mnq1eVzHNctA7piEdIDOe84lQowH2I9IIkIv8Qn3RpiyoY+OkCs7977IrgM0XdJoOjZq2HxyTaNhDJooEYQL+bcQxnjzBwLzq5drAgAA[0m21:05:38.641 [main] INFO  org.elasticsearch.node - [ticket.node] {elasticsearch/0.16.2}[2191]: starting ...
[8mha:AAABiB+LCAAAAAAAAACFkMFKw0AQhsdqtXjUmyAsiHrRTaptqe1J00aEqgdBkFBkm6xpNN2NuxspFH0eD/oyvoGnIuI7uNs0iig4e8jHzP/P/OTpA4pSwEY/DSRnOInTMGISEyYjn8dc4H1NjqETrihkNVOAQgdKE8ExSRRsdjK/NfVbX37ry6+FzQ7MBUQRBUuda3JHrJiw0DpTImJhcyhgZZrC50zymGIn+/68DMNEB17/P7A++P5Y4q8XZ+MCzHpQ7IWTsMve7+N6emWmt/AA8zolIwNquDBMUpE7sHHgqeP55Xz8tjo6nATSyUoKFtYqjnmGXNfWZci2DWe9nCq1+s5BJde5bq7LyJ1Uau6X8s22ne9zWt+bDWe9nMrtvek+03FauS6jdtU8BcWhomKgYLRTbtjVxm4d16oV5A1IxLro6MQ9RYiLENOYSBX5khLh97ES+icnXCi0jTzdvqEKMx7QLurxlAWXJAgElRKNYu6T2Ct377dQkvbiSPb/mC1+AskrXMx6AgAA[0m21:05:38.654 [main] INFO  org.elasticsearch.transport - [ticket.node] bound_address {local[1]}, publish_address {local[1]}
[8mha:AAABxx+LCAAAAAAAAACFkt+K1DAUxo+jo4OXeicIgcV/YNN2nR3WWbzQ7laEcb0YEaQMS0xjJ24mqUm6Diz6PF7oy/gGXi2y+A4mTbsyeGFy0R/nnO87HzTffsPQaLi7bEqjJK5FU3FpMJGGUyWUxk8dZZ4OlWUQzqUBDGYwagdektrCvVnQx50+vtDHF3o3uDeDKyWxxMKN2QdyQmJBZBXPreay2ltruNWloEoaJRjOwndzM6xrF/jO/wO7hedfR+rn2/nZAC4XMHxXtWFvFv8ud933vvsRvsBVl1KSFfM8WNeN7hXYK3Cn+P7jzdmv26fP20Au2cjCta1x5q+nPE/c8ZQknkOtp/Fkd/vZuJ/L834uUN6exu8f9c5J0vtl+3+dPYdaT+nB487PV7L9fi7QwY6/FoZry/TKwvl2Ok12po928WSSooIJYiynhhFNl4WjY2axVCVbUNEYJ5kzfcIp22pq9xvZa2KOo1opEaVpZJeakTJKF+jFYf4KIaUrvOGHOw9sggmK0MYKJNmnoxXxI5uNIl0UQlEiHCxOW3pidcM+P0RupXsEU9QWo5IbqiIuueVEHLlHJBm194Plg+t/AP1VlO7qAgAA[0m21:05:38.661 [elasticsearch[ticket.node]clusterService#updateTask-pool-11-thread-1] INFO  org.elasticsearch.cluster.service - [ticket.node] new_master [ticket.node][1][local[1]]{local=true}, reason: local-disco-initial_connect(master)
[8mha:AAABdR+LCAAAAAAAAACFjkFLwzAUx5/TafGoN0EoiHoy7eY253bSbhVhzsNAkbJD7GJX7ZKapGMi+Hk86JfxG3gaIn4Hk7WdiAdfDvnl5f9/7//yBUXBYWeYDASjKI6SIKQCYSpCn0WMoyNFjqYukwTSWihAoQPGTHCGYwm7ndRvZX5r7rfmfiVsdmBpgCWWsNa5xWNsRZgGVk/ykAbNCYeNLIXPqGARQU56/94Mk1gF3v4/sFr4+Wyw96vetACLHhSvg1nYde/vcvV7o3/v4QmWVUqKR0RzYRInPHcg7UCZ4/XtYvqx+XgyC6SSGRJWtiqOPppc11alybY1p72cKrV6+biS61w316XkzirR+418sm3n85zWz2TNaS+nUvswm6c7TivXpdSu6iOhOJGEjyRclksNu9rYr6Na7cD0RjikffO0656bJuMBIhEWMvQFwdwfokEofDYm/MHcMz3VviMSUTYgfTN7+FEi1FyrtPoN7UyKcFYCAAA=[0m21:05:38.667 [main] INFO  org.elasticsearch.discovery - [ticket.node] ticket.cluster/1
[8mha:AAABmR+LCAAAAAAAAACFjsFK60AUho/VanGpuwvCgKgbnUxjK7WuNBoRqi4E4RLKZdqMaTSdiTMTKYg+iE/gQl/GN3AlIr6DM02ieF14zmI+zvz/Of/DO1SVhOVBFirBcZpkUcwVplzFfZEIibcNeZaOhGaQ10QFKh2ojQWHNNWw0sn9TuF3Pv3Op98ItzowFVJNNcx1zukVdRLKI+dEy5hHWyMJf4oUfcGVSBj28vf7ZRilJvDS74HNwbf7mnj+e/JSgckAqr1oHHY++Hnc/J7Z30u4hWmTktMhs1wZpZksHdg6cOF4fDp9eV243h8HMslqGmYWG55tS75PTFkixHI+K6mx0XJ3GqXO90tdTv64Mnu/Vm4mpNzn7X5ttpzPSqrvbRb77MTbLXU57TVta6iONJNDDXduvU2a7fUWbq03UTCkMe+igyP/GCEhI8wSqnTcV4zK/gAPtE7RGgrM5IJpzEXIuqgnMh7+o2EomVLoOuZMBw5pf+9Nl5DuzSpKs14Sq8H/8jrB9QZ2SQu7TbcQz34APdk3IpkCAAA=[0m21:05:38.835 [main] INFO  org.elasticsearch.http - [ticket.node] bound_address {inet[/0:0:0:0:0:0:0:0:9200]}, publish_address {inet[/10.14.208.252:9200]}
[8mha:AAABex+LCAAAAAAAAACFjstKw0AUho/VanGpO0EIiLpycumF2q40bUSodVEQJHQxtmMaTWfiZCKBos/jQl/GN3BVRHwHZ3KpFBeeWcw3Z/7/nP/1G8oRh4NJPI4YRWEQez6NEKaRP2IB4+hEkq2ozwSBrFZKUOpBJRVc4FDAYS/z67lfX/j1hV8K2z1YG2OBBWz17vAj1gNMPX0guE+9dsJhJ08xYjRiAUF2di9vhiSUgff/DywXfr1U2Mf1YF6CVRfKN14adtv9u1z+3qrfB3iGdZmS4ilRXErCmBcOpBwod7y9X80/d2dnaSCZrCJgY69mq6PIcQxZigxDcdYrqNZoWqe1Quc4hS4jJ61Y7a8Ukw2jmGd3ficrznoFmd3jfJ7q2J1Cl1G3ro6AciIInwrwLLNl1FvVJmpWG5o7xT4daud951LTGPcQCXAk/FFEMB9NEGVjoh1pruzcE5E+h9psSaMbyGwg68m1zGNz2NIigbkg480fdCxDrWYCAAA=[0m21:05:38.836 [main] INFO  org.elasticsearch.node - [ticket.node] {elasticsearch/0.16.2}[2191]: started
[8mha:AAABdB+LCAAAAAAAAACFjs1Kw0AUha/RanCpO0EYEHXlJP2T2q40bUSIdREQpLgY02kaSZM4MykBwedxoS/jG7gqIr6DmUxSERfeWcw3Z+6597x8QY0zOJimYx5HOAlTP4g4JhEPvDiMGT7NyZI0jAUFVSsaaA7oRcMlSQQcOspvlH5j6TeW/ryx58DamAgiYMu5J3NihCTyDVewIPJ7GYOdMoUXRzwOKbbU/XszZEkeeP//wPnCz2c9fr9xFxqsjqB25xdht0d/l+e/E/n7AE+wnqeMyIxK1rIkZZUDSwcuHa9v14uP3cfzIlCeTBewsdey5JFk22ZekkxTstIqah13Gmetqs+2qz5FdlGp3K9Xk02zmmf1fyZLVlpF9cFJOU8qVr/qUzRoyyOglgnKZgImjXrXbHebHdxpHqPRjATRLboY2lcIeZhhjmlIuAg8TgnzpnigXm7xcimbU4aOUKkiJSOu9IAjLggTdIw3vwEZIub2ZQIAAA==[0m21:05:38.836 [main] INFO  c.r.s.elasticsearch.ElasticSearchServer - Elastic Search server is started.
[8mha:AAABqx+LCAAAAAAAAACFkkFr2zAUx1/TZg09drfBQBC6nizbWbIt6Wlz41LI0kPGYJgwNFtzvDqSJ8mZR6Gfp4fmy/Qb9BRK6XeYFNsZYYc9HfTj6f3/7w/27RM0pYBXszySnOEszeOESUyYTEKecoHfa/IMjbmiUNZOAxojaK0HPpJMwfGo1NuV3t7o7Y1eD56MYC8iiig4HP0gC2KnhMX2RImExSeFgBdVipAzyVOKvfLe3gxFpgMf/T+wXvh40+L3XyarBuwG0PwWr8M+D/5drl+/m9efcA3PdEpG5tRwo8hyUSuwUeBKsbz7vHp4eXW2DqSTtRTst7ueOYZ839FlyHEMl72aum/edT506znfr+dK8teVm/2t2tlxaj/v9K+z4bJXkzvsV36m453WcyUNe+YoaBaKirmCZccdOL3B6z52O29RQFMiVRJKSkQ4CzRdUoUZj+g0THOpJRMqFklI23mmPyP9ROSllXGeWq5rqZmgJLLcKTof+xcIcRHjLT8ca8kv8htZaMsaCRryBRU0QoEzRQmL9Aapb8VRtfar1P8MPfgDlnNM26wCAAA=[0m21:05:39.127 [elasticsearch[ticket.node]clusterService#updateTask-pool-11-thread-1] INFO  org.elasticsearch.gateway - [ticket.node] recovered [0] indices into cluster_state
[8mha:AAABeh+LCAAAAAAAAACFkc1Kw0AUha/RanCpO0EYEHXlJK1tse1K06QIsYIBQYrImMY0kiZxZlICgs/jQl/GN3BVRHwHZ/JTERfeWeSbO+fceyAvX1BjFPYm6ZjFEU7C1A8ihknEAjcOY4qPBRmShjH3oKglBRQb1FxwRhIO+3bh10q/tvBrC78Q9mxYGRNOOGzY92RGtJBEvuZwGkR+L6OwVaZw44jFoYeN4vt7M2SJCLz7f2Cx8PNZjd+vnLkCyyOo3fp52M3R3+Xi9U6+PsATrIqUEZl6kpUsSWnlwNKBS8fr2+X8Y/txkAcSyVQOaztNQx5JlqWLkqTrkoteRc32UeOkWeksq9IVZOWVyv1qNVnXq3lG/2ey5KJXUd3slPNkx+hXuoLMljwcahn36JTDTaPe1Vvdww5utDtoNCVBdI1Oh9Y5Qi6mmGEvJIwHLvMIdSfYLG5OfnM8OvMoOkCmg9wwZWIiYuLfpgwFDA0uTHO4/g0yXuwcXgIAAA==[0m21:05:39.269 [main] INFO  c.r.s.elasticsearch.ElasticSearchServer - ES cluster status is GREEN
[8mha:AAABdB+LCAAAAAAAAACFkM1Kw0AUha/RanCpO0EIiLpyMi2paLuyaSNCrIuAIMXFmMY0ks7EyUQigs/jQl/GN3BVRHwHZ/JTKS68s5iPO+fce5jXb2ikHPYm2ThlFCVxFkY0RYSmkc9ixtGJJFvRkIkAylrSQHNBLwTnJBGw75Z+s/Kbc78590th14WVMRFEwIZ7Rx6IGRMamp7gEQ27OYetKoXPaMriANnlvbgZ8kQG3v0/sFz49aKzjytvpsHyCBo3YRF2c/R3uXy9Va/38AyrMiUl00CxlicZrx1IOVDleHu/nH1uP50WgWQyXcDajmWro8hxsCxFGCsuezVZh0etnlXrHKfWleQUlan9ej0Z43qe3f+drLjs1dQcHFfzVMfu17qSBm11BDRyEfCpANJqdnC7Y2GEccsYTUlEr42zoXNhGD7iKEUBGsQkFZHvBYT7EzuOAioc4gvGH3sBocaB4QnChfwRY0Fp+IV0/Qe1ldJrYAIAAA==[0m21:05:40.002 [main] INFO  c.r.s.e.ElasticSearchClientFactoryBean - Starting ElasticSearch client
[8mha:AAABkR+LCAAAAAAAAACFkcFKAzEQhsdqtXjUmyAERD2ZTaUVrSdduyLUeigIUkTiNtbINqnJrKwIPo8HfRnfwJOI+A4m3W5FPDg57Mfk/2d+ss9fULYG1q7TntWKDpO0L5WlXFkZ60Qbuuco9NTWKCCvqRKUWlAZCY75EGG9lfuDsT+Y+IOJ3wl3WzDT48gRFlo3/I4HCVf9oINGqv5uZmBpnCLWyupE0DD//t4M2dAFXv0/sFv4+VTRb2ed9xJMd6F82R+FXez+Xe5ur/ztLTzCrEup+EB4LmXD1BQO6h107Hh5PX3/WH44HAVyySoIcyu10B9PUcRceWLMc94rqLa1vblfK3RRVOhyikaV+v2VYjJjxbzw4Gey57xXULW5M57nO+FBocupWfcHoZyhMAOEx81qg9UbNUYZ2yLdAZfqnBy1oxNCYmqopYI2E25Rxh3BTXwdJlIojHiM2tzvC67IBtm71CkS1MQI3iNS9URGrEB0j0SuZCJIgwSuK2NhLyyaNMbUCHrjft78N6Dm00Z9AgAA[0m21:05:40.006 [main] INFO  c.r.s.e.ElasticSearchClientFactoryBean - About to read index setting file : /indices_structure.json
[8mha:AAABhh+LCAAAAAAAAACFkMFKAzEQhsdqtXjUmyAERD2Z3ZatqD3ZbVcKtR4KghQPcRvb1W1Sk6msCD6PB30Z38BTEfEdTLq7FfHg5JCPyf/P/OTlC4pawc5w0tdS0HE8GURCUyZ0FMpYKnpsyLfUkcghrYUCFNpQmglO2Rhht536nczvzP3O3G+EtTYs9RkyhLX2DbtnTszEwOmiisSglijYyFKEUmgZc+qn9+/NkIxN4O3/A5uFn88l+X7RnRZgsQfFq8Es7Hrv73Lzem1f7+AJlk1KwUbcciEZT1TuoNZBM8fr2/n0Y/PxZBbIJCshrGx5vj2WgsA1Zcl1Lae9nLz9g0rdy3VBkOtSCmY1sftL+WTXzef5jZ/JltNeTuXmYTbPdvxGrkupWbUHoZggVyMErJSP3OqR51K34pHeiEXikrQ6wRkhIVVUU06bMdMYhV3OVDj044gLDFiIUj3UORNkj7REnyekL7kmQiLhSaSREl9xhuafCA55JjFTbjmS1W8B3yAzcwIAAA==[0m21:05:40.024 [main] INFO  c.r.s.e.ElasticSearchClientFactoryBean - Index does not exist. Creating the Index ticket 
[8mha:AAAB0R+LCAAAAAAAAACFkkGLEzEUx2O1WjzqTRAC4noymS6taPe0O9sRoa6HqiDFw+v0bTdtmozJm+6I4OfxoF/GLyCeFhG/g8lMZ0U8mBzy4+X/f+9PyOdfrOsd2zsrF94aUehyqYwXYLzKrbZOHAZKI51YQtasKx3WmbBeLXgOBbEHk8Yvd3556ZeX/iA8mLBrCyAgdmuygi1IDWYpp+SUWR5Ujt3Zpcit8VajSJvz78msKkLg+/8PHAb+/NSz399MLzrs6ox158s67O3Zv8PD7Wm8fcc+sushpYENRu5URelah4gOsXN8+fr64sfdD0/rQCFZj9iNe4M07khZloQVKUkiN7WWBo8e7x8NWl2WtbqGsnqVcX6v7Zwkbb/0+E/nyE2tpf74ya5frKTHra6h8TBuYt2K0G2Ifdvvj5LhaJCIZNjnsw0o85Y/O8lecJ4LJ7xAMdbgSeVTBJefpVqhoQxysu79EYLhD/nh3JbEyXKHsODKLLDiHonCI/FTpZGPuNyCk1rN5QrNOn6PlZ17+bLp+cooIvQkz61b+wJylB7dVoWTwC2RZOFsgY4UeqltDlpik8nXfrmBogjDvAyldZDXEcQq/I6bvwGNRMxx3gIAAA==[0m21:05:40.051 [main] INFO  c.r.s.e.ElasticSearchClientFactoryBean - About to read index setting file : /var/lib/jenkins/jobs/TSearchUnittest/workspace/service/target/properties/local/elasticsearch/mappings/ticket/index.json
[8mha:AAABvh+LCAAAAAAAAACFUsFu1DAUfCwsXXGEGxKSpapwaZykylbQniBtENJSDouQUJTDIzHZ0Kzt2k4VCYnv4QA/w5kLpwoh/gF7ExetOPB88Ph5Zt4o8ZffMNUKHq66SgtOZdvVDdcUuW5K0QpFn1qUOnQmDIOhbkxgsoDZhvASpYFHi0EfjvrwWh9e6y3xeAG3KjRo4O7iA15i2CKvw6VRDa+PewX3xxSl4Fq0jKbDvj0ZemkD7/0/sB346/NM/Hi7vJrAzRym7+pN2Hv5v8Pt7Xt3ewGf4LZNyXHNHJ70slNeQZ2Cjoqv395c/Xzw8fkmkE02M7Czm6RuOZRlkS2HosjhoedRcvj44FnieVnmeQPKNtW5+TPvHEXeLz356+zw0PMoPn0y+rlOeuJ5Azqdu2Vg2hum1ga+H8RH0fwoiWkSHZKctahNU2qGqlzlFp0zQ7moWFG2nbaSJVOXTcl2O2l/I3uN+jyQQrRBHAdmpRhWQVyQF2fZK0KEqumWHx096JoZdK+ABGRrhj8VpLRWxn5k0vCK9fukxE4zkqNsin2iV6gqTfJ5EeaRPa9RSsu1nZE9utz5A0qywLPbAgAA[0m21:05:41.406 [elasticsearch[ticket.node]clusterService#updateTask-pool-11-thread-1] INFO  org.elasticsearch.cluster.metadata - [ticket.node] [ticket] creating index, cause [api], shards [5]/[0], mappings [index, ticket]
[8mha:AAABgR+LCAAAAAAAAACFjs9Kw0AQxsdqtXjUmyAsiHpyk5ZWWnuyaSOFWg8BQYqHNdm20XQTdzeSIvg8HvRlfANPRcR3cDd/KuLBmcP+mP2+me/lC8qCw8E09kTIcBTEE58JTJjw3TAIOT5VZGkahpJCVislKA2gkgrOSSThcJD5jdxvLP3G0q+E7QGseUQSCVuDW/JAjICwieFI7rNJO+Gwk6dwQybCgGIre39fhiRSgff/D6wOfj5XwvcrZ1GC1RGUbyZp2O3R3+Pqd6x/7+EJ1lVKRmZUcymJYl44sHbg3PH6drn42H08SwOpZBUJG3t1S7cm2zZVaTJNzdmsoPpxs9apFzrbLnQZ2WnF+n6l2GyaxT6r+7NZczYrqNpr5fv0xOoWuox6Dd0SyomkfCbBq1VPzMZJvYpbzSYazYjPrlF/aF8g5GKOBaa4FxAhfdehhLtTK/ApkzZxZcjnHUoYOkJO7LpUiHEcBHMkqIwj1GceTZBy3VGJNr8BSAKbGmMCAAA=[0m21:05:41.988 [main] INFO  c.r.s.e.ElasticSearchClientFactoryBean - Successfully setup Index ticket 
[8mha:AAAB0B+LCAAAAAAAAACFUsFuEzEQNSmBiCPckJAsVdAT9qZKEUlP7TaLkEI5BJBQxMHZTLdOHHuxZ8MiJL6HQ/szfAGcKoT4B+x1tghxYHyYp/F7b54sX/wiXWfJo/Nq4YxmpaoKqR0T2sncKGPZkUdpQKcGgcS60SGdCek1hBeiRLI3iXq+1fNrPb/We+LhhNxcCBRI7k6WYiO4ErrgU7RSF4e1Jfe3KXKjnVHA0tj/3kzq0gd++P/AfuHPLz3z/e30qkN2ZqQ7L5qw92b/Lve3Z+H2PflMbvmUWqwh4E5dVrZVsKBgW8Xl1zdXPx58etYE8sl6SG7vDtJwAsqyxFdASRJwnLVo8OTp/vGg5WVZy4soa6oK+3utc5K0funJH+eA46xF/fFw6xcm6UnLi2h8EA6Sbo1g10i+7fdHycFo0GfDYZ/O1kLqd/T5afaS0pxZ5hiwsRIOZT4FYfPzVEnQmIkcjf14DELTx/RobiqkaKgFsaBSL6CmDhD9I9EzqYCOKN8Iy5Wc8yXoVfgeSzN3/FX0fK0lIjjkH4xduVLkwB3YjfQdhS0AeWlNCRYlOK5MLhSHmMk1er4WZemXOe5HK0+PjS3997jzG6Y99GvfAgAA[0m21:05:41.991 [main] INFO  c.r.s.e.ElasticSearchClientFactoryBean - About to read index setting file : /var/lib/jenkins/jobs/TSearchUnittest/workspace/service/target/properties/local/elasticsearch/mappings/ticket/ticket.json
[8mha:AAACPR+LCAAAAAAAAAClU91u0zAYNR2Fiku4Q0KKgoCb4WZVh1h2xboGIZVxUQkJVSNynW+ZWWJ7/mEtFTwPF/AyvAFXE0K8A3bSDBAXrOXzhY8+n3O+I8f59AO1tUL3j22mBceysDnjGhOuGRWFUPiJQwOPDoQBVNeVFmqNUKciPCfSoAejWt9d6rsX+u6F3hF3R+hqRgwx6OboDXlLugXheXdsFOP57kyh28sUVHAtCsCDev9zMppJF/jevwO7gd8/dsTXV+PzFtqYoPY0r8Lemvw93J0e+dNT9AFdcyk5KcHj1kxa1SiwV+Cl4vOXl+ff7iyeVoFcso5B1+/2B355lCSRK4+iyOO616D+o8e9vX7DS5KGV6OkKuvndxrnKGr8Bvu/nD2uew3aGu4s/XxnsN/wajTc9sug9syAKs3G695WHG3H/R6Oou1gUhLGD4NnB8mLIKBYYY0BDwuiDaNjIIoeDwoG3CSEGqHme0B48DAYgzHuQgIrA3eB0sMjoYKJE52AOew2IA4WYQ3DeBGmWlhFwUPgZFpAFsZGWXi/GUolJCjDQPvTUwu2ohFOivk7UGEcnsD8TKgsLcQZKEo0hJuhmUtHC3X1dUJn43On0k4LRlMFWrq3BKl7fZWZS1gSFyT0jdSw8jeLiuMMWFZcmkvdnrs7WSeold4lS4m57DTtfiGr15klFROKmbVyUgUr5uS2nHr/1WcRSoXlBv+Hg9Ys5wDY/8rrGNQPNNVzbaBc3cDVjZ//X2FeXQUAAA==[0m21:05:42.005 [main] INFO  c.r.s.e.ElasticSearchClientFactoryBean - Setting up Mapping for [ticket]/[ticket]: {"ticket":{"_source":{"enabled":true},"properties":{"queue":{"analyzer":"keyword_lowercase","type":"string"},"last_public_response_date":{"format":"date_time","type":"date"},"idle":{"format":"date_time","type":"date"},"category":{"analyzer":"keyword_lowercase","type":"string"},"updated_at":{"format":"date_time","type":"date"},"status":{"analyzer":"keyword_lowercase","type":"string"},"priority":{"analyzer":"keyword_lowercase","type":"string"},"created_at":{"format":"date_time","type":"date"},"number":{"analyzer":"keyword_lowercase","type":"string"},"account.number":{"analyzer":"keyword_lowercase","type":"string"},"assignee.name":{"analyzer":"keyword_lowercase","type":"string"},"source_system":{"analyzer":"keyword_lowercase","type":"string"}}}}
[8mha:AAABhx+LCAAAAAAAAACFkEFLwzAUx5/VafGoN0EIiHoy7eYU3U6uW2Uw52EgyPAQ29hVumQmqVQEP48H/TJ+A09DxO9gsrYT8eDLIT9e/v/3/uTlCypSwM4oDSVneJKkUcwkJkzGAU+4wCeaPEN9rijktWCB1QN7JjgjEwW7vdzvFH5n7nfmfi1s9mApJIooWOvdknviJIRFzkCJmEXNTMBGkSLgTPKEYi+/f2+GbKIDb/8fWC/8fLb5++VgasHiECrX0Szs+vDvcv16Y17v4AmWdUpGxtSwlU1SUTqwceDC8fp2Mf3YfDydBdLJbAUrW3XPHEO+7+oy5LqG815J9cOjWqte6ny/1OXkzyo1++1ysuuW87z2z2TDea+kaue4mGc6XrvU5dQ5MEdBJVNUjBXIWrXhHjTqNezuV9FwTGJ2hbp9/xyhAAssMcWdhEgVBwNKRDDykpgy5ZNAcfHQooShPdRlIc1QyKlEjCtEs1gqjDxBidL/hNSIFhISjmOGVr8BjqgPCnICAAA=[0m21:05:42.031 [main] INFO  c.r.s.e.ElasticSearchClientFactoryBean - Index does not exist. Creating the Index admin 
[8mha:AAAB0h+LCAAAAAAAAACFksGKFDEQhuPo6OBRb4IQWNSTSe84Kzp72u2dFmFcD6OCDB4y3bW9mU0nMakeWwSfx4O+jA8geFpEfAeT7ukV8WDlkI9K/VU/oT7/IkPvyN3TuvBGM6vqUmrPhPYyN8o4dhAojXRsEEgXlwZkMCejtuCZsEjuzTs93+r5hZ5f6EPh/pxcKQQKJDfma7ERXAld8gU6qcv9xpFbWxe50d4oYGl3/z2ZNDYYvvN/w2Hgz08j8/314nxALi/JcFW2Zm8u/x0eXk/i61vykVwNLrWoIPKgsbXrFSwq2Fbx5eur8x+3PzxpDQVnIyTXdiZpPJGyLAkRKUkid7meJg8fjQ8nfV2W9XUdZW3Ucf6o75wkfb/06E/nyF2up93Z422/mEmP+rqOZnvxIBk2CK5C8m28O032ppMxSx6M6bISUr+hT4+z55TmzDHPgM2U8CjzBQiXn6ZKgsZM5Gjc+0MQmt6nBytTI0VDHYiCSl1AQz0ghk+iJ1IBnVK+EY4rueJr0GdxPdZm5fmLrudLLRHBI39n3Jm3IgfuwW1kuFG4EpBbZyw4lOC5MrlQHDpPvtXzSlgbhoWlKyqpeeuArcNyXP8N57Ku8N0CAAA=[0m21:05:42.032 [main] INFO  c.r.s.e.ElasticSearchClientFactoryBean - About to read index setting file : /var/lib/jenkins/jobs/TSearchUnittest/workspace/service/target/properties/local/elasticsearch/mappings/admin/index.json
[8mha:AAAByB+LCAAAAAAAAACFUk1v1DAUdLddWHEsNyQkSxXtpXGSZZeP9kTTBoGW9rAICUU5vDommzaxje1UqSr19/QAf4YzF04VQvwH7E1StOLA8yHj92bmjZJ8+Y2GWqHtRZ1pwYks67zgmgDXBRWlUOSVRZFDx8Iw1NbaAA1maLQkvANp0M6s1fud3r/T+3d6S9yfoY0MDBi0OTuDC/BL4Lk/N6rg+X6j0KMuBRVci5KRqH2ubkaNtIGf/D+wXfjrZiR+fJzfDtB6goan+TLsw+Tf5Xb6yU0/o2t0z6bkUDGHB42sVa8gTkE6xddvH25/Pr56vQxkk40Mur81idxxKI4DWw4FgcNtr0eTZy/GB5OeF8c9r0Xxsmq3f9Q7B0HvFx3+dXa47fUoPHrZ+blOdNjzWnQ0dcegYWOYqgz6Pg73guneZEyePg9xwkrQpqCagaKLxKJzZggXGUtpWWsrmTN1UVC2VUv7Gdl70OeeFKL0wtAzC8Ug88IUvzmOTzAWKicrfqTzIBUz4P4C7OGVHTiBrCp4iql1MvYd44JnrNnFFGrN7FQW6S7WC1CZxsk09ZPA3iuQ0nJtp2PrS07fitP0wR+qfA512wIAAA==[0m21:05:42.371 [elasticsearch[ticket.node]clusterService#updateTask-pool-11-thread-1] INFO  org.elasticsearch.cluster.metadata - [ticket.node] [admin] creating index, cause [api], shards [5]/[0], mappings [index, syncJob]
[8mha:AAABgB+LCAAAAAAAAACFjsFKw0AQhsdqtXjUmyAsiHpyk5a0qD3ZtJFCrIeCIMXDutmmkWQTdzeSIvg8HvRlfANPRcR3MNs0FfHgzGE/Zv9/5n/5gqoUcDBJPRlznISpH3CJCZcBjcNY4LOcbE2DWDEoaqUCFRdqc8EFSRQcuoXfWPiNpd9Y+nNh24U1jyiiYMu9Iw/ECAn3jaESAffbmYCdRQoacxmHDNvF+/syZEkeeP//wPnBz+da/H49nFVgdQTVW38ednv093j+O9a/9/AE63lKTiKmuZIlqSgdWDvwwvH6djX72H08nwfKk9UUbOxZtm5NjmPmpck0NRezkqzWcaNjlTrHKXUFOfNK9f1audk0y31292ez5mJWUr13stinJ3a31BXUa+pWUM0UE5EC2qifms1Tq4FbrSYaRSTgN6g/cC4RolhgiRnuhUSqgA4ZEXRihwHjyiFUxWLaYYSjIzRMKWVSjtMwnCLJVJqgPvdYhogXBRxtfgMFHN7dYgIAAA==[0m21:05:42.665 [main] INFO  c.r.s.e.ElasticSearchClientFactoryBean - Successfully setup Index admin 
[8mha:AAAB1h+LCAAAAAAAAACFksFuEzEQhk0gEHGEGxKSpYpywt5GSQTpqd1mESiUQwAJRRy8m+nWqdde7NmwVSWehwO8DE8Apwoh3gF7N1uEODA++NN4/plf1nz+RfrOkt3TauWMZqWqcqkdE9rJzChj2YGnONCxQSBtXOuR3pwMmoIXokTycN7q+VbPr/T8Su8L9+fkxkqgQHJnvhYbwZXQOV+glTrfry25t3WRGe2MAha399+TSV16ww/+b9gP/PlpYL6/XVz2yPUl6ad5Y/bu8t/h/vUkvL4nH8lN71KLAgL36rKynYIFBdsqvnx9c/nj/sXTxpB3NkBya2cUhxMoSSIfgaIocJvraDR5PDwcdXVJ0tW1lDRRhfmDrnMUdf3ioz+dA7e5jvZmT7b9QiY+6upamo3DQdKvEWyB5NtwbxqNp6Mhm0zGdFkIqd/RZ8fJS0ozZpljwGZKOJTZAoTNTmMlQWMiMjT2/BCEpo/oQWoqpGioBbGiUq+gpg4Q/SfRE6mATinfCMuVTPka9FlYj7VJHX/V9nytJSI45B+MPXOlyIA7sBvpbxQ2B+SlNSVYlOC4MplQHFpPrtHzQpSlH+aXblVIzd25zp6blK39etz+DZSVYhXfAgAA[0m21:05:42.665 [main] INFO  c.r.s.e.ElasticSearchClientFactoryBean - About to read index setting file : /var/lib/jenkins/jobs/TSearchUnittest/workspace/service/target/properties/local/elasticsearch/mappings/admin/syncJob.json
[8mha:AAACGh+LCAAAAAAAAACVUkFv0zAYNYVCtSPckJCsIOAynLTqBnQnljVoqIxDJSQUTZGbuJlHYhvbQa0q+D0c4M/wDzhNCPEf8Jc0RWhFaPYhz5/fe9+L7S+/UNdo9PCsyowURBVVzoUhVBieykJq8tyhENCJtAw141oHdSaoVxNeUWXRo0mj99d6f6P3N3pHPJigGxm11KLbk3P6gfoFFbk/tZqL/GCh0d11ilQKIwtGwub7d2e0UC7wg/8Hdg1/fu7J72+nFx10PUbdWV6HvRNfbu5257D7Hn1CN11KQUsGuLNQlW4VBBRkrfj67c3Fj3urF3Ugl6xn0a37wxAmoCgK3AAUBICbWouG+08Hh8OWF0Utr0FRPSro32udg6D1C4/+OANuai3qj5+t/aASHrW8Bo33YFrUXVimS9vBg/4o2BsNB2T/SR/HJeXiFB+fRK8xTokmhjAyLqixPJ0yqtOzsOBM2IimVurlIaMCP8ZTZq07EFwp7A5QAZxLjWOalc7Nj81SpC/l7HSEV94ae6OVlxhZ6ZQBZILOCpZ5I6sr9nHXU1oqpi1nBna5STaElWeXymk8U1+C58gQL6mUe1YsS6gFjmtfAvKgmFheMm+3FUIJZMa9wspsdXTtU2aMWyVCZmwrJ2Mm1VxZLsXW/cY+KZ0PzbdbwBP7l1Zf7WfqM3CX9I7ZpJQZn/MryZvlpSRu7PwGAlJd5B8EAAA=[0m21:05:42.671 [main] INFO  c.r.s.e.ElasticSearchClientFactoryBean - Setting up Mapping for [admin]/[syncJob]: {"syncJob":{"_source":{"enabled":true},"properties":{"is_enabled":{"type":"string"},"last_updated_at":{"format":"date_time","type":"date"},"status":{"type":"string"},"processing_node":{"type":"string"},"description":{"type":"string"},"status_message":{"type":"string"},"name":{"type":"string"},"started_at":{"format":"date_time","type":"date"},"last_ticket_modified_at":{"format":"date_time","type":"date"},"type":{"type":"string"}}}}
[8mha:AAABZh+LCAAAAAAAAACFjr9OwzAQxo9AIWKEDQkpEgKWKkmh5U87QdowEFhaIaFOpjUhkNrBdlAkJJ6HAV6GN2CqEOIdsOO4CDFwN/in8/fdfS9fUOMMtm7yMafEzdI8Tgh3EeHJiKaUuUeSAkXnVGDQNWeBFYFdCs5QJmA70n6v8nszvzfzS2EngoUxEkjASnSLHpCXIhJ7fcESEncKBmtVihElnKbYDfT7+zIUmQy8+X9gefDz2abvl/2pBfNDqF3FZdjV4d/j8vda/d7DEyzKlARNsGKryHJmHK5yuJXj9e1i+rH+eFIGkslsAUsbzUC1ojD0ZSnyfcV6Zqi5d7Bz3DS6MDQ6TWFZubpvm82+b/YF3Z/NivXMUKN3WO1Tk6BrdJp6LdUCaoXAbCLgdIC54A7LSdvZrTshStKcYd52/LrTY4wyjf27JMvwuORBMsEOTlHG1aCx77YOWg7Ho+Vv5prj00oCAAA=[0mTests run: 3, Failures: 0, Errors: 0, Skipped: 0, Time elapsed: 17.585 sec
[8mha:AAABWh+LCAAAAAAAAACFj8FKxDAQhsfqavGoN0EQRL2lVVZRxIN2t16qB7sIsqfYjd263aQm6VIQfB4P+jK+gadFxHcwaZoV8eDkkK+T/5/5+/IFLcFhe1gOBKOoyMs0owJhKrKE5YyjU0WBpksmCZiac8CJwK0FF7iQsBMZv9f4vZnfm/mV8DiChQGWWMJKdI8n2MsxTb1Y8oymxxWHtSZFwqhgOUGBuX9vhqpQgbf+D6wWfj677P0mnjow34fWbVqHXe3/Xa5e7/TrAzzBokpJ8Zhodqqi5NaBtAM1jte36+nH+uN5HUglcyUsbbYDfTSFoa9Kk+9rNj1L7YPDvbO21YWh1RkK6yr1ftdO9n07L+j8TNZsepZ2u0fNPN0JOlZnqLuvj4RWJQkfSzi5KilVf7ORsDHiOBmJAicECYJ5MlQXn2Tqs5clIyLjuhmbXo8IufwN9/e/zjwCAAA=[0mRunning com.rackspace.search.service.TicketSearchServiceTest
[8mha:AAABpR+LCAAAAAAAAACFkk9LwzAYxl+n0+FRb4JQGP47NG3nFOdOWq0IUw8TQcaQ2Mau2jU1ScdE8PN40Lufw2/gSUT8DiZrowwPJof++uZ9nveh6dMXlDmD5V4WcJqgNM7CKOEIJzzyaUwZ2pHkKjqmgkC+JkpQakFl1HCEUwErrVxvFXrrR2/96GVjswVTARZYwFzrGg+wFeMktNqCRUnYHDJYKFL4NOE0JsjNn+OTYZjKwEv/B5YDPx8r9O28/V6CyQ6UL8NR2PnO3+Hy9Eqd3sIDTMuUCe4TxaVhmjGtQEqBCsXz69n7x+L9wSiQTFYRMFOtu2or8jxbLkW2rTivaapvbtV267rP83RfTt5oZWp+RTvbtvZz936dFec1Tc5+o/BTFXdP9+W0v6G2gPJQENYX8FJztu2N7XoDrdcaRofEmIvI5wQzv9eRdEMESmhAun6ccSlpEzaIfFLNUnmN5BTzGzOlNDYdxxQ9RnBgOl3j8Ng7MQzKQjTmhwoP1CcCq7/AMI2xGfqta+T2F32cpvJT/9ZXgzt5MZG/NvsN7RE1ObcCAAA=[0m21:05:49.329 [elasticsearch[ticket.node]clusterService#updateTask-pool-11-thread-1] INFO  org.elasticsearch.cluster.metadata - [ticket.node] [ticket] update_mapping [ticket] (dynamic)
[8mha:AAABZR+LCAAAAAAAAACFjsFKw0AQhsdoNXjUmyAERL2UJC1Va3vStBEkemkRpKe1XWM03Y27GwkIPo8HfRnfwFMR8R3czWYr4sGZw37M/v/M//IFNc5g5yafcErcLM3jhHAXEZ6MaUqZeyQpUHROBQZdCxZYEdil4AxlAnYj7fcqvzf3e3O/FHYjWJoggQSsRbfoAXkpIrE3ECwhcbdgsFGlGFPCaYrdQL+/L0ORycDb/weWBz+fbfp+OZhZsDiC2lVchl0f/T0uf6/V7z08wbJMSdAUK7aKLGfG4SqHWzle3y5mH5uPJ2UgmcwWsLLVClQrCkNfliLfV6xnhlr77eZxy+jC0Og0hWXl6r5tNvu+2Rf0fjYr1jNDjf5htU9Ngp7RaervqRZQKwRmUwGnQ8wFd1hOOk6z7oQoSXOGecfx606fMco0Du6SLMOTkofJFDs4RRlXgwO30Ww7HI9XvwFoQI/wSQIAAA==[0mTests run: 2, Failures: 0, Errors: 0, Skipped: 0, Time elapsed: 7.128 sec
[8mha:AAABXh+LCAAAAAAAAACFkUFLwzAUx5/VafGoN0EQRL2lVaooA2F26y7VgxNBdopd7KZdUpNUK4Kfx4N+Gb+BpyHidzBpmol48OXQHy///3v/kpcvaAgOm8NiIBhFeVakIyoQpmKUsIxx1FIUajphkoCpGQecGNxKcIxzCVux8Xu135v6valfCZsxzA2wxBKW4mt8h70M09TrST6iabPksFKnSBgVLCMoNN/fm6HMVeCN/wOrhZ/PLnu/6E0cmO1D4zKtwi73/y5Xt1f69haeYF6lpHhMNDtlXnDrQNqBasfr2/nkY/WxWwVSyVwJC+tBqI+mKPJVafJ9zaZnKdjb3zkKrC6KrM5QVFWh97t2su/beWH7Z7Jm07O03Tmo5+lO2LY6Q51dfSQ0Skn4WMLhaUGp+pu1hI0Rx8mNyHFCkCCYJ0OUYknu8YN6Dq7fgpNWIYdd0zwjQi5+A48TGAA9AgAA[0mRunning com.rackspace.search.gateway.core.CoreAuthGatewayTest
[8mha:AAABZB+LCAAAAAAAAACFjsFKw0AQhsdoNXjUmyAERL2UJC2taHvStBEkemkRpKe1XWM03U13NxIQfB4P+jK+gaci4ju4m81WxIMzh/2Y/f+Z/+ULapzB3m0+4ZS4WZrHCeEuIjwZ05Qy91hSoOiCCgy6liywIrBLwTnKBOxH2u9Vfm/h9xZ+KexGsDJBAgnYiO7QA/JSRGJvIFhC4m7BYKtKMaaE0xS7gX5/X4Yik4F3/w8sD34+2/T9ajC3YHkEteu4DLs5+ntc/t6o3xk8wapMSdAUK7aKLGfG4SqHWzle3y7nH9uPp2UgmcwWsLbTClQrCkNfliLfV6xnhloHh82TltGFodFpCsvK1X3bbPZ9sy/o/WxWrGeGGv2jap+aBD2j09RvqxZQKwRmUwFnQ8wFd1hOOk6z7oQoSXOGecfx606fMco0Du6TLMOTkofJFDs4RRkvB67fbjgcj9e/Ack0UTxJAgAA[0mTests run: 2, Failures: 0, Errors: 0, Skipped: 0, Time elapsed: 0.051 sec
[8mha:AAABXx+LCAAAAAAAAACFkUFLwzAUx5/VafGoN0EQRL2lVaYoXtRu3aV6cEOQnWIXu7ouqUmqFcHP40G/jN/A0xDxO5g0zUQ8+HLoj5f//71/ycsXNASHzWExEIyiPCuSlAqEqUhjljGOjhUFms6YJGBqxgEnArcSnOJcwlZk/F7t96Z+b+pXwsMI5gZYYglL0Q2+w16GaeJ1JU9pclhyWKlTxIwKlhEUmO/vzVDmKvDG/4HVws9nl71fdicOzPahcZVUYZf7f5er22t9ewtPMK9SUjwmmp0yL7h1IO1AteP17WLysfrYqQKpZK6EhfVmoI+mMPRVafJ9zaZnqbm3v3PStLowtDpDYVWF3u/ayb5v5wWtn8maTc/Sdvugnqc7QcvqDLV39ZHQKCXhYwlH5wWl6m/WYjZGHMcjkeOYIEEwj4cowZLc4wf1HFy/BSe9NB4R2THtHhFy8Rshky2yPwIAAA==[0mRunning com.rackspace.search.gateway.core.CoreTicketGatewayTest
[8mha:AAABYx+LCAAAAAAAAACFjsFKw0AQhsdoNXjUmyAERL2UJEpbtD1pmggSvbQI0tParjGa7sbdjQQEn8eDvoxv4KmI+A7uZrMV8eDMYT9m/3/mf/mCBmewc1NMOCVunhVJSriLCE/HNKPMPZIUKDqnAoOuBQusGOxKcIZyAbux9nu135v7vblfCnsxLE2QQALW4lv0gLwMkcQbCJaSpFcy2KhTjCnhNMNuoN/fl6HMZeDt/wPLg5/PNn2/HMwsWBxB4yqpwq6P/h6Xv9fq9x6eYFmmJGiKFVtlXjDjcJXDrR2vbxezj83HkyqQTGYLWNlqBaoVRZEvS5HvK9YzQ63Owf5xy+iiyOg0RVUV6r5tNvu+2Rf0fzYr1jNDe+FhvU9Ngr7RaQrbqgU0SoHZVMDpEHPBHVaQrtNpOhFKs4Jh3nX8phMyRpnGwV2a53hS8TCdYgdnKOfVwO202w7H49VvadIT+EkCAAA=[0mTests run: 6, Failures: 0, Errors: 0, Skipped: 0, Time elapsed: 0.655 sec
[8mha:AAABZR+LCAAAAAAAAACFj7FOwzAQho9CIWKEDQkJCQGbE1BBoE40bVgCAwUk1Mm4Jg2kdrAdFITE8zDAy/AGTBVCvAN2HBchBs5DPv++/+7Pyxc0pYDNUTGUnKE8K5KUSYSZTAnPuECHmkJDJ1xRsDXTgEYMXtVwjHMFW7H1+7Xfn/r9qV83tmOYG2KFFSzFN/ge+xlmid9XImVJuxSwUqcgnEmeURTa7+/NUOY68Mb/gfXCz2ePv1/2Jw2YHUDzKqnCLg/+Ltev1+b1Dp5gXqdkeEwNN8q8EM6BjAPVjte3i8nH6uNRFUgn8xQsrLdCcwxFUaDLUBAYtpqj1t7+Tqfl+qLI9VmKqirMfs9NDgI3L+z+TDZsNUfbvYN6nlHCruuz1Ns1R0GzVFSMFZyfFozpv1kjfIwEJrcyx4QiSbEgI0QzLFVK6hvJUsoU6lmxX4lhpUWYKC4eOhSzMyrV4jdjihW8VAIAAA==[0mRunning com.rackspace.search.elasticsearch.client.ElasticSearchClientFactoryBeanTest
[8mha:AAABkx+LCAAAAAAAAACFkc9KAzEQxsdqtXjUmyAERD2Z3ZbWP+2pXbsiVD0UBCkicRtrZJvUZFZWBJ/Hg76Mb+BJRHwHk263Ih6cHPbH5PtmPrLPX1A0Gjauk75Rko7iZCCkoUwaEalYadq0FDg6Vsghq5kCFDpQGguO2Ahhs5P5vYnfm/q9qd8KGx2Y6zNkCEudG3bHvJjJgddFLeSgkWpYmaSIlDQq5jTIvr83Qzqygdf/D2wXfj6V1NtZ970Asz0oXg7GYZd7f5fb2yt3ewuPMG9TSjbkjgvpKNG5gzoHnTheXk/fP1YfDsaBbLISwsJaNXDHURj6thz5vuOsl1N1e7fSqua6MMx1GYXjStz+Uj7Z9/N5wf7PZMdZL6dye28yz3WC/VyXUbvmDkIxRa6HCI+Vct2v1Ws7tLxbJr0hE/KcHB6HJ4REVFNDOW3HzKCIupzp6DqIBZcYsgiVvm9xJskWaV6qBAkqojnrEyH7PCWGI9pHIlci5qROPNsVETcXBnUSYaI5vbE/b/EbIOUmqX0CAAA=[0m21:05:57.181 [main] INFO  c.r.s.e.ElasticSearchClientFactoryBean - About to read index setting file : /indices_structure.json
[8mha:AAABkx+LCAAAAAAAAACFkc9KAzEQxsdqtXjUmyAERD2ZXUvrn/bUrl0Rqh4KghSRdBtrZJvUZFZWBJ/Hg76Mb+BJRHwHk263Ih6cHPbH5PtmPrLPX1A0Gjauk75Rko7iZCCkoUwaEalYadqwFDg6Ucghq5kCFNpQGguO2Qhhs535vYnfm/q9qd8K622Y6zNkCEvtG3bHvJjJgddBLeSgnmpYmaSIlDQq5jTIvr83Qzqygdf/D2wXfj6V1Nt5570As10o9gbjsMvdv8vt7ZW7vYVHmLcpJRtyx4V0lOjcQZ2DThwvr2fvH6sPh+NANlkJYWGtErjjKAx9W45833HWy6mys1duVnJdGOa6jMJxJW5/KZ/s+/m84OBnsuOsl9N2a38yz3WCg1yXUavqDkIxRa6HCI/l7ZpfrVV3admvkO6QCXlBjk7CU0IiqqmhnLZiZlBEHc50dB3EgksMWYRK3zc5k2SLNHoqQYKKaM76RMg+T4nhiPaRyJWIOakRz3ZFxM2lQZ1EmGhOb+zPW/wGUZPcGX0CAAA=[0m21:05:57.204 [main] INFO  c.r.s.e.ElasticSearchClientFactoryBean - About to read index setting file : /indices_structure.json
[8mha:AAAB0h+LCAAAAAAAAACFkk+LEzEYxmO1bvGoN0EILOrJZFpa/3RPu7MdEep6qApSPKTTd2fTpklM3umOCH4eD/pl/ALiaRHxO5jMdFbEg8khP948z/s+hHz+RbrekXtn5dIbzawqC6k9E9rL3Cjj2GGgNNKJQSDNutIhnSnp1YLnwiK5P238fOfnl35+6Q/Cgym5thQokNycrsRWcCV0wWfopC4OKkdu71LkRnujgKXN+fdkUtkQ+O7/A4eBPz/1zPc3s4sOuTon3UVRh701/3d4uD2Nt+/IR3I9pNRiA5E7lS1d62DRwXaOL19fX/y48+FpHSgk6yHZ2x+mcUfKsiSsSEkSuam1NHz4eHA0bHVZ1uoayupVxvm9tnOStP3S4z+dIze1lvqTJ7t+sZIet7qGJqO4kXQrBLdB8m3QHyej8egRG/RHdL4RUr+lz06yF5TmzDHPgE2U8CjzGQiXn6VKgsZM5Gjc+yMQmj6ghwtTIkVDHYgllXoJFfWAGB6JnkoFdEz5Vjiu5IKvQK/j91iZhecvm56vtEQEj/zcuLW3IgfuwW1lOFG4ApBbZyw4lOC5MrlQHJpMvvbzjbA2DPM8lNZBXkdgq/A7bvwG/Hsi0t4CAAA=[0m21:05:57.215 [main] INFO  c.r.s.e.ElasticSearchClientFactoryBean - About to read index setting file : /var/lib/jenkins/jobs/TSearchUnittest/workspace/service/target/properties/local/elasticsearch/mappings/ticket/index.json
[8mha:AAAB1B+LCAAAAAAAAACFks9uEzEQxk0gEPUINyQkSxVwwt5ECX/SU7vNIqS0HAJIKOLg7E63Tr32Ys+GRUg8Tw/lZXgAJE4VQrwD9m62CHFgfPBP4/lmPllz8Yv0nSUPTqvMGc1KVeVSOya0k6lRxrJ9T3GgY4NA2rjWI705GTQFR6JE8nDe6vlWz6/0/ErvC/fm5EYmUCC5PV+LjeBK6Jwv0Eqd79WW3N26SI12RgGL2/vvyaQuveH7/zfsB/48H5jvbxeXPXJ9SfqrvDF7Z/nvcP96El7fk8/kpnepRQGBe3VZ2U7BgoJtFV++vrn8ce/T88aQdzZAcmt3HIcTKEkiH4GiKHCb62j8+OnoYNzVJUlX11LSRBXmD7rOUdT1iw//dA7c5joazp5t+4VMfNjVtTSbhIOkXyPYAsm30XAaTaaTJ2w0GtJlIaR+R18cJy8pTZlljgGbKeFQpgsQNj2NlQSNiUjR2I8HIDR9RPdXpkKKhloQGZU6g5o6QPSfRE+kAjqlfCMsV3LF16DPwnqszcrxV23P11oigkP+wdgzV4oUuAO7kf5GYXNAXlpTgkUJjiuTCsWh9eQaPS9EWfphfumyQmreOGBrvxw7vwGFhfWo3QIAAA==[0m21:05:57.221 [main] INFO  c.r.s.e.ElasticSearchClientFactoryBean - About to read index setting file : /var/lib/jenkins/jobs/TSearchUnittest/workspace/service/target/properties/local/elasticsearch/mappings/admin/index.json
[8mha:AAABkx+LCAAAAAAAAACFkc9KAzEQxsdqtXjUmyAERD2ZXUvrn/bUrl0Rqh4KghSRdBtrZJvUZFZWBJ/Hg76Mb+BJRHwHk263Ih6cHPbH5PtmPrLPX1A0Gjauk75Rko7iZCCkoUwaEalYadqwFDg6Ucghq5kCFNpQGguO2Qhhs535vYnfm/q9qd8K622Y6zNkCEvtG3bHvJjJgddBLeSgnmpYmaSIlDQq5jTIvr83Qzqygdf/D2wXfj6V1Nt5570As10o9gbjsMvdv8vt7ZW7vYVHmLcpJRtyx4V0lOjcQZ2DThwvr2fvH6sPh+NANlkJYWGtErjjKAx9W45833HWy6mys1duVnJdGOa6jMJxJW5/KZ/s+/m84OBnsuOsl9N2a38yz3WCg1yXUavqDkIxRa6HCI/l7ZpfrVV3ablcId0hE/KCHJ2Ep4REVFNDOW3FzKCIOpzp6DqIBZcYsgiVvm9yJskWafRUggQV0Zz1iZB9nhLDEe0jkSsRc1Ijnu2KiJtLgzqJMNGc3tift/gNgV7sGn0CAAA=[0m21:05:57.224 [main] INFO  c.r.s.e.ElasticSearchClientFactoryBean - About to read index setting file : /indices_structure.json
[8mha:AAAB0R+LCAAAAAAAAACFUk1vEzEQNYFAxBFuSEiWEPSEvQ0JH+mp3WYRUiiHABKKODib6daJYy/2bFhUid/TQ/kz/AI4VQjxH7DX2SLEgfFhnsbvvXmyfP6LdJ0lD06qhTOalaoqpHZMaCdzo4xl+x6lAR0ZBBLrSod0JqTXEF6KEsnOJOr5Vs8v9fxS74l7E3JtIVAguTVZio3gSuiCT9FKXezVltzZpsiNdkYBS2P/ezOpSx/4/v8D+4U/z3rm+7vpRYdcnZHuvGjC3p79u9zfHofbD+Qzue5TarGGgDt1WdlWwYKCbRVfvr69+HH39HkTyCfrIblxb5CGE1CWJb4CSpKA46xFg8dP+weDlpdlLS+irKkq7O+1zknS+qWHf5wDjrMW7Y6fbf3CJD1seRGNh+Eg6dYIdo3kW393lAxHwyes/yihs7WQ+j19cZS9ojRnljkGbKyEQ5lPQdj8JFUSNGYiR2M/HYDQ9CHdn5sKKRpqQSyo1AuoqQNE/0j0WCqgI8o3wnIl53wJehW+x9LMHX8dPd9oiQgO+UdjV64UOXAHdiN9R2ELQF5aU4JFCY4rkwvFIWZyjZ6vRVn6ZY770crTY2NL/z1u/gZaASAC3wIAAA==[0m21:05:57.230 [main] INFO  c.r.s.e.ElasticSearchClientFactoryBean - About to read index setting file : /var/lib/jenkins/jobs/TSearchUnittest/workspace/service/target/properties/local/elasticsearch/mappings/ticket/ticket.json
[8mha:AAAB1h+LCAAAAAAAAACFksGO0zAQhk2hUHGEGxKSJQScsLNVu0D3tJttEKgshwISqjg4yWzWXccO9qRkhcTzcICX4QngtEKId8BOmkWIA+ODP43nn/llzedfZOgsuXdS585oVqm6kNoxoZ3MjDKW7XuKAx0ZBNLFpQEZLMioLXguKiT3F52eb/X8Qs8v9L5wb0Gu5AIFkhuLtdgIroQu+BKt1MVeY8mtrYvMaGcUsLi7/55Mmsobvvt/w37gz08j8/3N8nxALq/IMC1aszdX/w73r8fh9R35SK56l1qUEHjQVLXtFSwo2Fbx5evr8x+3PzxpDXlnIyTX7kzicAIlSeQjUBQF7nI9TXYfjQ8mfV2S9HUdJW3UYf6o7xxFfb/48E/nwF2up535422/kIkP+7qO5tNwkAwbBFsi+TbemUXT2fQhG0926aoUUr+lT4+SF5RmzDLHgM2VcCizJQibncRKgsZEZGjs2QEITR/Q/dTUSNFQCyKnUufQUAeI/pPosVRAZ5RvhOVKpnwN+jSsx9qkjr/ser7SEhEc8vfGnrpKZMAd2I30NwpbAPLKmgosSnBcmUwoDp0n1+p5KarKD/NLl5dSc3ems2cmZWu/Htd/A68K88DfAgAA[0m21:05:57.246 [main] INFO  c.r.s.e.ElasticSearchClientFactoryBean - About to read index setting file : /var/lib/jenkins/jobs/TSearchUnittest/workspace/service/target/properties/local/elasticsearch/mappings/admin/syncJob.json
[8mha:AAABYx+LCAAAAAAAAACFjsFKw0AQhsdoNXjUmyAERL2UJNoo2p40bQSJXloE6Wlt1xhNd+PuRgKCz+NBX8Y38FREfAd3s9mKeHDmsB+z/z/zv3xBgzPYuinGnBI3z4okJdxFhKcjmlHmHkkKFZ1TgUHXnAVWDHYlOEO5gO1Y+73a78383swvhZ0YFsZIIAEr8S16QF6GSOL1BUtJ0ikZrNUpRpRwmmE31O/vy1DmMvDm/4Hlwc9nm75f9qcWzA+hcZVUYVeHf4/L32v1ew9PsChTEjTBiq0yL5hxuMrh1o7Xt4vpx/rjSRVIJrMFLG0EoWpFUeTLUuT7ivXMULB/sHscGF0UGZ2mqKpC3bfNZt83+8Luz2bFemZop3dY71OTsGt0mnp7qgU0SoHZRMDpAHPBHVaQttNqOhFKs4Jh3nb8ptNjjDKN/bs0z/G44kE6wQ7OUM6rgRu0Dh2OR8vfuOcrZ0kCAAA=[0mTests run: 3, Failures: 0, Errors: 0, Skipped: 0, Time elapsed: 0.439 sec
[8mha:AAABXR+LCAAAAAAAAACFj8FKxDAQhsfqavGoN0EQRL2lVVZR9qTdrSDVgyuC7ClmY7faTWqSSkHweTzoy/gGnhYR38GkaVbEg5NDv/yZf+bvyxe0pIDNUTmUnKEiL9OMSYSZzAjPuUCHmiJDZ1xRsDXjgZeAXzec4kLBVmL9QeMPpv5g6teNnQTmhlhhBUvJLX7AQY5ZGvSVyFjaqQSsNCkIZ5LnFEX2+3szVIUOvPF/YL3w89nn71f9iQezA2hdp3XY5cHf5fr1xrzewxPM65QMj6lhrypK4RzIOFDjeH27nHysPh7XgXQyX8HCejsyx1Ach7oMhaFhqzlq7+3vHLVdXxy7PktxXaXZ77vJYejmRd2fyYat5mi7d9DMM0rUdX2WervmKGhVioqxgpPzkjH9N2uEj5HA5E4WmFAkKRZkhGiOpcpIcyN5RplCPSv2azGqtQsq1eI3bhR0LkkCAAA=[0mRunning com.rackspace.search.elasticsearch.client.ElasticSearchClientTest
[8mha:AAABxx+LCAAAAAAAAACFkk9r1EAYxsfV1cWj3gRhoPgPmkmybKS2J00bEbbtYUWQkMPbZMzGzc6M86cEhH6eHvTL+An0VET8Ds5sMpXFgzOH/Oad93nehyRffqOxkujx0lSKMyJaUzdMEWCqKXnLJXlpKXV0wjVF/boxQqM5mmwajkFo9GTe68NBH17rw2u9bTyYo1sVaNDo3vwjnEPYAqvDhZYNqw86iR4MKUrOFG8pSfvn9mTUCRv40f8D24G/Lif8x/vF1QjdzNH4rN6EvZ//O9zefnC3n9AFum1TMlhTx6NOGOkVxCnIoPj67d3Vz4efX28C2WQTje7szFK3HWVZZJejKHLc1zzNnu9NX818X5b5vp6yzTJu/sQ7R5H3Sw//Ojvua57ioxeDn6ukh76vp6PEbY3GnaZyrdH3abwfJfvJHommCc5pC0o3paIgy2VuaUU1YbyiRdkaZSULKs+bku4YYT8jfQtqFQjO2yCOA72UFKogLvCbk+wUYy5rsuVHBg+yphrcX4ADvDXDn/r2ApfWUNtXjRtW0W4Xl2AUxTkYzZ+emXaFQTTPil2sliArhfOkCPPIntcghJXZSnH3DyLV4Z/fAgAA[0m21:05:58.025 [elasticsearch[ticket.node]clusterService#updateTask-pool-11-thread-1] INFO  org.elasticsearch.cluster.metadata - [ticket.node] [ticketsearch] creating index, cause [auto(bulk api)], shards [5]/[0], mappings []
[8mha:AAABqh+LCAAAAAAAAACFUstKw0AUvVarxaXuBCEgvhaZJNIWHyuNRoSqi4ogpciYjGk0zcSZiVQEv8eFfoS/4B+4EhH/wZlORikuvLPIyb3nnHvI5OkLqpzBUq+IOM1QnhZxknGEM56ENKUMbUvkK3REBQFdYxWotKA2JBziXMByS+udUu/86J0fvSRutWAiwgILmGld4VvspDiLnbZgSRZvDRjMlSlCmnGaEuTr5+hmGOQy8OL/geXCz8cafTtrv1dgvAPVi3gYdrbzd7mcXqrpDTzApEyZ4T5RuDLIC2YUSClQqXh+PX3/mL/fHwaSyWoCphbqvjoKBYErSyHXVVj3DKo319d26oYXBIanUTCsQu2vGWfXNX7+7q+zwrpnkLe3Ufqpjr9reBrtNdQRUB0IwvoCXta8Tbex2VhHTa9pdUiKuUhCTjALex2JrolAGY1IN0wLLiVtwm6TkCwUubxGcoL5tZ1TmtqeZ4seIziyva51cBQcWxZlMRrxQ6UH6hOB1V9g2dbIDvOm6V1LLznv4zyXH9xMIxp2rZXoTt5QEq5OfwPXM7ugwAIAAA==[0m21:05:58.616 [elasticsearch[ticket.node]clusterService#updateTask-pool-11-thread-1] INFO  org.elasticsearch.cluster.metadata - [ticket.node] [ticketsearch] update_mapping [ticketdoc] (dynamic)
[8mha:AAABnB+LCAAAAAAAAACFkk9LwzAYxl+n0+FRb4JQEPXUtJ1T/HPSbhVh6mEiyNghtrGrdklNUikIfh5B/TJ+A08i4ncwWRtleDA59Jc3z/O+D22fv6AuOKwN80gwirI0jxMqEKYiCVnKONpX5Gs6YZJAuaZqUOtCYyw4xpmE9W7pdyq/8+N3fvxKuNeFmQhLLGGhe43vsJNiGjs9yRMa7xUclqoUIaOCpQT55XNyMhSZCrz6f2A18POxwd4ueu81mO5D/TIeh13s/x2ubq/07S08wKxKSfGIaK4VWc6NA2kHqhwvr+fvH8v3h+NAKllDwtxKy9dbUxC4amlyXc1lzVBra7t50DK6IDC6koLxyvX8hunsuqaf3/7trLmsGfI6O1U/XfHbRldSZ1NvCfVCEj6S8NT0dt2tXbeJ3OaG1ScpFjIJBcE8HPYV3RCJKIvIIExzoSw9wu+SkKzkmfqM5AyLGztjLLU9z5ZDTnBkewPr6CQ4tSzGYzTRD1U90IhIrP8Cy7YmZphTKR9YEUmJVK/aSmhEivlvvwahsqoCAAA=[0m21:06:02.023 [elasticsearch[ticket.node]clusterService#updateTask-pool-11-thread-1] INFO  org.elasticsearch.cluster.metadata - [ticket.node] [ticketsearch] deleting index
[8mha:AAAByB+LCAAAAAAAAACFkk1r1EAYx8fV1cVjvQnCQPGl0EySZVv6ctK0kcK2PawIEnJ4mozZuNmZcV5KQPDzeNAv4yfQUxHxO3Rmk2lZenDmkN888/z/z58k3/+hoZLoxdyUijMiGlPVTBFgqi54wyV5bSlxdMY1Rd26N0CDKRqtGk5BaPRy2unDXh/e6MMbvW08nKIHJWjQaGP6CS4hbIBV4UzLmlWHrURP+xQFZ4o3lCTdc30yaoUN/Pz/ge3Av99G/PeH2dUA3c/Q8KJahX2S3R1ubz+628/oK3poUzJYUseDVhjpFcQpSK/48fP91Z9nX96uAtlkI40ebU4Stx2laWSXoyhy3NU8TXb3xm8mvi9NfV9H6WoZN3/knaPI+yVHt86Ou5qn+Hi/93OV5Mj3dXS847ZGw1ZTudTo1zg+iHYPojGZjPdwRhtQui4UBVnMM0sLqgnjJc2LxigrmVF5WRd00wj7Gek7UItAcN4EcRzouaRQBnGOT87Sc4y5rMiaH+k9yJJqcH8BDvDaDH/q2nNcWENtXzWuWUnbbVyAURRnYDR/dWGaBQZRb+XbWM1BlgpnO3mYRfa8BCGszFbyx9eDNWXP3wIAAA==[0m21:06:02.428 [elasticsearch[ticket.node]clusterService#updateTask-pool-11-thread-1] INFO  org.elasticsearch.cluster.metadata - [ticket.node] [ticketsearch] creating index, cause [auto(bulk api)], shards [5]/[0], mappings []
[8mha:AAABqR+LCAAAAAAAAACFUstKw0AUvVarxaXuBCEgvhaZJKW+VxqNCFUXFUFKkTEZ02iaiTMTqQh+jwv9CH/BP3AlIv6DM52MUlx4Z5GTe88595DJ0xdUOYOFbhFxmqE8LeIk4whnPAlpShnalshX6IgKArpGKlBpQm1AOMS5gMWm1jul3vnROz96SdxqwliEBRYw1bzCt9hJcRY7LcGSLN7qM5gpU4Q04zQlyNfP4c3Qz2Xg+f8Dy4WfjzX6dtZ6r8BoG6oX8SDsdPvvcjm9VNMbeIBxmTLDPaJwpZ8XzCiQUqBS8fx6+v4xe78/CCST1QRMzDV8dRQKAleWQq6rsO4Z1Fhdr+80DC8IDE+jYFCF2l8zzq5r/PzdX2eFdc8gb2+j9FMdf9fwNNpbUUdAtS8I6wl4qXub7uqmW0drGytWm6SYiyTkBLOw25bomgiU0Yh0wrTgUtIi7DYJyVyRy2skJ5hf2zmlqe15tugygiPb61gHR8GxZVEWoyE/VHqgHhFY/QWWbQ3tMG+a3rH0kvMeznP5wc00omHHWoru5A0l4fLkNxjo+zXAAgAA[0m21:06:02.795 [elasticsearch[ticket.node]clusterService#updateTask-pool-11-thread-1] INFO  org.elasticsearch.cluster.metadata - [ticket.node] [ticketsearch] update_mapping [ticketdoc] (dynamic)
[8mha:AAABnB+LCAAAAAAAAACFkk9LwzAYxl+n0+FRb4JQEPXUtJU5/520W0WYepgIMnaIbeyqXVKTVAqCn0dQv4zfwJOI+B1M1kYZHkwO/eXN87zvQ9vnL6gLDmvDPBKMoizN44QKhKlIQpYyjvYV+ZpOmCRQrqka1LrQGAuOcSZhvVv6ncrv/PidH78S7nVhJsISS1joXuM77KSYxk5P8oTGewWHpSpFyKhgKUF++ZycDEWmAq/+H1gN/HxssLeL3nsNpvtQv4zHYRf7f4er2yt9ewsPMKtSUjwimmtFlnPjQNqBKsfL6/n7x/L94TiQStaQMLfS9PXWFASuWppcV3NZM9RsbW8cNI0uCIyupGC8cj2/YTq7runnt387ay5rhrzOTtVPV/y20ZXU2dRbQr2QhI8kPG14u25r191E260tq09SLGQSCoJ5OOwruiESURaRQZjmQll6hN8lIVnJM/UZyRkWN3bGWGp7ni2HnODI9gbW0UlwalmMx2iiH6p6oBGRWP8Flm1NzDCnUj6wIpISqV61ldCIFPPfl8GnPaoCAAA=[0m21:06:05.867 [elasticsearch[ticket.node]clusterService#updateTask-pool-11-thread-1] INFO  org.elasticsearch.cluster.metadata - [ticket.node] [ticketsearch] deleting index
[8mha:AAABxx+LCAAAAAAAAACFUt1q1EAYnW5dXbzUO0EYKP5BM0nWbf3plaaNFLb1YkWQkIuvyZhNNzszzk8JCH2eXtSX8Qn0qoj4Ds5sMi2LF34TyJlvzjnfIZnLP2ioJHo8N6XijIjGVDVTBJiqC95wSd5YlDh0zDVFXW0M0GCKRivCEQiNnkw7fdjrw2t9eK23xL0pulWCBo3uTU/hDMIGWBXOtKxZtddK9KBPUXCmeENJ0r3XJ6NW2MCP/h/YDvx9MeI/P82uBmgzQ8OTahX2fvbvcHv62Z1+Qefotk3JYEkdHrTCSK8gTkF6xbfvH69+Pfz6bhXIJhtpdGdrkrjlUJpGthyKIoe7nkeT3ZfjtxPPS1PP61C6KuPmj7xzFHm/ZP/G2eGu51F88Kr3c51k3/M6dLDjlkbDVlO51OjHOH4d7dqHjJ+/wBltQOm6UBRkMc8sWlBNGC9pXjRGWcmMyrO6oFtG2N9IP4BaBILzJojjQM8lhTKIc3x4nL7HmMuKrPmR3oMsqQZ3C3CA12b4XUfPcWENtf3UuGYlbbdxAUZRnIHR/OmJaRYYRP0s38ZqDrJUONvJwyyy+yUIYWW2k9/9C0WVTtzfAgAA[0m21:06:06.237 [elasticsearch[ticket.node]clusterService#updateTask-pool-11-thread-1] INFO  org.elasticsearch.cluster.metadata - [ticket.node] [ticketsearch] creating index, cause [auto(bulk api)], shards [5]/[0], mappings []
[8mha:AAABqB+LCAAAAAAAAACFUstKxDAUvY6ODi51JwiFwdeiaSvje6XVijDqYkSQYZDYxk6109QklRHB73GhH+Ev+AeuRMR/MJk0yuDCm0JPc88599Dk6QuqnMF8t4g4zVCeFnGScYQznoQ0pQxtS+QrdEQFAV0jFag0oTYgHOJcwEJT651S7/zonR+9JG41YSzCAguYal7hW+ykOIudlmBJFm/1GcyUKUKacZoS5Ov38GTo5zLw3P+B5cDPxxp9O2u9V2C0DdWLeBB2uv13uOxequ4NPMC4TJnhHlG40s8LZhRIKVCpeH49ff+Yvd8fBJLJagIm6g1fLYWCwJWlkOsqrPcMaqyuL+80DC8IDE+jYFCFml8zzq5r/PzdX2eF9Z5B3t5G6ad2/F3D02hvRS0B1b4grCfgZdnbdFflg9bcDatNUsxFEnKCWdhtS3RNBMpoRDphWnApaRF2m4SkXuTyGMkJ5td2Tmlqe54tuozgyPY61sFRcGxZlMVoyA+VHqhHBFa3wLKtoRnmS9M7lh5y3sN5Ln+46UY07FiL0Z08oSRcmvwGCgkblcACAAA=[0m21:06:06.709 [elasticsearch[ticket.node]clusterService#updateTask-pool-11-thread-1] INFO  org.elasticsearch.cluster.metadata - [ticket.node] [ticketsearch] update_mapping [ticketdoc] (dynamic)
[8mha:AAABmx+LCAAAAAAAAACFks1KxDAUha+jo4NL3QlCQdRV01RG8Wel1Yow6mJEkGEWsY2daiepSSoFwecR1JfxDVyJiO9gMm2UwYXJol9uzrn30Pb5C5pSwMqgiCVnKM+KJGUSESbTiGdcoF1NgaETrihUa6IBjQ60RoJjkitY7VR+r/Z7P37vx6+FOx2YiokiCuY61+SOeBlhiddVImXJTilgoU4RcSZ5RlFQPccnQ5nrwMv/B9YDPx9b/O2i+96AyR40L5NR2Pne3+H69src3sIDTOuUjAyp4UaZF8I6kHGg2vHyev7+sXh/OAqkk7UUzCy1A7MNhSHWyxDGhquapfbG5tpe2+rC0OoqCkerMPNbtjPGtl+w/9vZcFWz5B9s1f1MJdi3uooO1s1W0CwVFUMFT2v+Nt7YxltoE2OnRzMiVRpJSkQ06Gm6oQoxHtN+lBVSW7pU3KURXSpy/RnpGZE3bs555vq+qwaCktj1+87RSXjqOFwkaKwfqnugIVXE/AWO64zNsKdK3ndimlGlX7WTspiWs99IVPEmqgIAAA==[0m21:06:09.800 [elasticsearch[ticket.node]clusterService#updateTask-pool-11-thread-1] INFO  org.elasticsearch.cluster.metadata - [ticket.node] [ticketsearch] deleting index
[8mha:AAABxx+LCAAAAAAAAACFkk2L1DAYx+PouINHvQlCYPENtmm6zC77clq7WxHG9TAiSOnh2TZ26nSSmJelIPh5POiX8RPoaRHxO5hMm5XBg8mhvzx5/v/nT9svv9FYK/RoYSstOJGtrRuuCXDdlKIVipw4Sj2dC8NQv26M0GiGJuuGlyANejzr9fGgj6/18bXeNR7P0K0KDBh0d/YeLiFugdfx3KiG18edQveHFKXgWrSMpP1zczLqpAv88P+B3cBfnyfix9v51QjdzNH4ol6HvZf/O9zdvvO3H9AndNul5LBinkedtCooiFeQQfH125urnw8+Pl8HcskmBm1tT1O/PWUZdcsTpZ77WqDp/sHus2noy7LQ11O2XtbPnwRnSoNfevrX2XNfC5ScHQ5+vpKehr6ezvb8NmjcGaZWBn3fTY7o/lFCCZ0e4py1oE1TagaqXOSOlswQLipWlK3VTjJn6rIp2baV7jOy16CXkRSijZIkMgvFoIqSAr84z15hLFRNNvzI4EFWzID/C3CEN2aEU99e4NIZGveqccMr1u3gEqxmOAdrxJML2y4xyOZpsYP1AlSlcb5XxDl15xVI6WSuUtz5A3JNDsTfAgAA[0m21:06:10.049 [elasticsearch[ticket.node]clusterService#updateTask-pool-11-thread-1] INFO  org.elasticsearch.cluster.metadata - [ticket.node] [ticketsearch] creating index, cause [auto(bulk api)], shards [5]/[0], mappings []
[8mha:AAABqR+LCAAAAAAAAACFUstKw0AUvVarxaXuBCEgvhaZJKWKj5VGI0LVRUWQUmRMxjQ2zcSZiVQEv8eFfoS/4B+4EhH/wZlORikuvLPIyb3nnHvI5OkLqpzBUreIOM1QnhZxknGEM56ENKUM7UjkK3RMBQFdYxWoNKE2JBzhXMByU+udUu/86J0fvSRuN2EiwgILmGle41vspDiLnZZgSRZvDxjMlSlCmnGaEuTr5+hmGOQy8OL/geXCz8cafTtvvVdgvA3Vy3gYdrb9d7mcXqnpDTzApEyZ4T5RuDLIC2YUSClQqXh+PXv/mL8/GAaSyWoCphYavjoKBYErSyHXVVj3DGqsb9R3G4YXBIanUTCsQu2vGWfXNX7+3q+zwrpnkLe/Wfqpjr9neBrtr6kjoDoQhPUFvNS9LXd9y3NRvb5htUmKuUhCTjALu22JekSgjEakE6YFl5IWYbdJSBaKXF4jOcW8Z+eUprbn2aLLCI5sr2MdHgcnlkVZjEb8UOmB+kRg9RdYtjWyw7xpesfSSy76OM/lBzfTiIYdayW6kzeUhKvT30+j2+XAAgAA[0m21:06:10.228 [elasticsearch[ticket.node]clusterService#updateTask-pool-11-thread-1] INFO  org.elasticsearch.cluster.metadata - [ticket.node] [ticketsearch] update_mapping [ticketdoc] (dynamic)
[8mha:AAABnB+LCAAAAAAAAACFkkFLwzAYhj+n0+FRb4JQEPXUtJ1z6DxptSJMPUwEGTvENnbVLqlJKgXB3yOof8Z/4ElE/A8ma6MMDyaHPvnyvt/30vb5C+qCw9owjwSjKEvzOKECYSqSkKWMo11FvqYTJgmUa6oGtS40xoJjnElY75Z+p/I7P37nx6+EO12YibDEEha61/gOOymmsdOTPKHxTsFhqUoRMipYSpBfPicnQ5GpwKv/B1YDPx8b7O2i916D6T7UL+Nx2MX+3+Hq9krf3sIDzKqUFI+I5lqR5dw4kHagyvHyev7+sXx/OA6kkjUkzK20fL01BYGrlibX1VzWDLXaW829ltEFgdGVFIxXruc3TGfXNf38/d/OmsuaIe9gu+qnK/6+0ZV0sKm3hHohCR9JeGp6Hbfd8TZQs92y+iTFQiahIJiHw76iGyIRZREZhGkulKVH+F0SkpU8U5+RnGFxY2eMpbbn2XLICY5sb2AdnQSnlsV4jCb6oaoHGhGJ9V9g2dbEDHMq5QMrIimR6lVbCY1IMf8NjXe8lKoCAAA=[0m21:06:13.264 [elasticsearch[ticket.node]clusterService#updateTask-pool-11-thread-1] INFO  org.elasticsearch.cluster.metadata - [ticket.node] [ticketsearch] deleting index
[8mha:AAAByR+LCAAAAAAAAACFkstu1DAUhs3QgRHLskNCslSVi9Q4SZlWvawgbRDStCwGIaEoi9PEZNLJ2K4vVSQknocFfZk+AawqhHiH2pO4aMQCe5HPx+f/z68k3/+goZLo2cyUijMiGlPVTBFgqi54wyV5bSlxdMo1Rd26N0CDCRotG05AaPR80unDXh/e6cM7vW08nKC1EjRotD45h0sIG2BVONWyZtVhK9GTPkXBmeINJUn3XJ2MWmEDb/4/sB34+9uI//w0vRmg+xkanlXLsI+zf4fb28/u9gJ9RQ9sSgYL6njQCiO9gjgF6RVX1x9vfj398nYZyCYbafRwY5y47ShNI7scRZHjruZpvLu3/Wbs+9LU93WULpdx80feOYq8X3L019lxV/MUH+/3fq6SHPm+jo533NZo2GoqFxr92I4Pot2D+BUZ7+/hjDagdF0oCrKYZZbmVBPGS5oXjVFWMqXysi7ohhH2M9IPoOaB4LwJ4jjQM0mhDOIcvztN32PMZUVW/EjvQRZUg/sLcIBXZvhT157jwhpq+6pxzUrabuECjKI4A6P5izPTzDGI+mW+hdUMZKlwtpOHWWTPCxDCymwlf3QLJLSRAN8CAAA=[0m21:06:13.498 [elasticsearch[ticket.node]clusterService#updateTask-pool-11-thread-1] INFO  org.elasticsearch.cluster.metadata - [ticket.node] [ticketsearch] creating index, cause [auto(bulk api)], shards [5]/[0], mappings []
[8mha:AAABqh+LCAAAAAAAAACFUstKw0AUvVarxaXuBCEgvhaZJFqLj5VGI0LVRUWQUmRMxjSaZuLMRCqC3+NCP8Jf8A9ciYj/4EwnoxQX3lnk5N5zzj1k8vQFVc5goVtEnGYoT4s4yTjCGU9CmlKGtiXyFTqigoCukQpUmlAbEA5xLmCxqfVOqXd+9M6PXhK3mjAWYYEFTDWv8C12UpzFTkuwJIu3+gxmyhQhzThNCfL1c3gz9HMZeP7/wHLh52ONvp213isw2obqRTwIO93+u1xOL9X0Bh5gXKbMcI8oXOnnBTMKpBSoVDy/nr5/zN7vDwLJZDUBE3N1Xx2FgsCVpZDrKqx7BtUb6ys7dcMLAsPTKBhUofbXjLPrGj9/99dZYd0zyNvbKP1Ux981PI321tQRUO0LwnoCXla8Tbex6a2i9YZrtUmKuUhCTjALu22JrolAGY1IJ0wLLiUtwm6TkMwVubxGcoL5tZ1TmtqeZ4suIziyvY51cBQcWxZlMRryQ6UH6hGB1V9g2dbQDvOm6R1LLznv4TyXH9xMIxp2rKXoTt5QEi5PfgN/NY1qwAIAAA==[0m21:06:13.860 [elasticsearch[ticket.node]clusterService#updateTask-pool-11-thread-1] INFO  org.elasticsearch.cluster.metadata - [ticket.node] [ticketsearch] update_mapping [ticketdoc] (dynamic)
[8mha:AAABnB+LCAAAAAAAAACFkk9LwzAYxl+n0+FRb4JQEPXUtJX5b560riJMPUwEGTvENnbVLqlJKgXBzyOoX8Zv4GmI+B1M1kYZHkwO/eXN87zvQ9uXL6gLDmuDPBKMoizN44QKhKlIQpYyjvYV+ZpOmSRQrqka1DrQGAtOcCZhvVP6ncrv/PidH78S7nVgJsISS1jo3OB77KSYxk5X8oTGewWHpSpFyKhgKUF++ZycDEWmAq/+H1gN/HxqsPfL7qgG0z2oX8XjsIu9v8PV7bW+vYNHmFUpKR4SzbUiy7lxIO1AleP17WL0sfxwNA6kkjUkzK00fb01BYGrlibX1VzWDDW3djYOmkYXBEZXUjBeuZ7fMJ1d1/TzD387ay5rhrz2btVPV/xDoyupvam3hHohCR9KeN7wWu5Wy9tG7nbT6pEUC5mEgmAeDnqKbolElEWkH6a5UJYu4fdJSFbyTH1Gco7FrZ0xltqeZ8sBJziyvb51fBqcWRbjMZroh6oeaEgk1n+BZVsTM8yplPetiKREqldtJTQixfw327eaV6oCAAA=[0m21:06:17.074 [elasticsearch[ticket.node]clusterService#updateTask-pool-11-thread-1] INFO  org.elasticsearch.cluster.metadata - [ticket.node] [ticketsearch] deleting index
[8mha:AAAByR+LCAAAAAAAAACFkk9r1EAYxqerq4tHvQnCQFFbaCZJ3dbanjRtpLCthxVBQg5vkzGbbnZmnD8lIPh5PNgv4yewpyLid3Bmk2lZPDhzyG/eeZ/nfUjy/Q8aKomezUypOCOiMVXNFAGm6oI3XJLXlhJHp1xT1K21ARpM0GjZcAJCo+eTTh/2+vBGH97obePBBN0tQYNGDyfncAFhA6wKp1rWrDpoJXrcpyg4U7yhJOmeq5NRK2zgp/8PbAf+/jbiVx+n1wN0J0PDs2oZ9lH273B7+8ndfkZf0T2bksGCOh60wkivIE5BesXljw/Xv558ebsMZJONNLq/Pk7cdpSmkV2OoshxV/M03t3bfjP2fWnq+zpKl8u4+SPvHEXeLzm8dXbc1TzFR696P1dJDn1fR0c7bms0bDWVC41+bsf70e5+/JK82ItxRhtQui4UBVnMMktzqgnjJc2LxigrmVJ5URd03Qj7Gel7UPNAcN4EcRzomaRQBnGOj0/TdxhzWZEVP9J7kAXV4P4CHOCVGf7Utee4sIbavmpcs5K2W7gAoyjOwGi+cWaaOQZRb+ZbWM1AlgpnO3mYRfa8ACGszFbyB38B1Ib8gN8CAAA=[0m21:06:17.381 [elasticsearch[ticket.node]clusterService#updateTask-pool-11-thread-1] INFO  org.elasticsearch.cluster.metadata - [ticket.node] [ticketsearch] creating index, cause [auto(bulk api)], shards [5]/[0], mappings []
[8mha:AAABqR+LCAAAAAAAAACFUstKw0AUvVarxaXuBCEgvhaZJKW+VxqNCFUXFUFKkTEZ02iaiTMTqQh+jwv9CH/BP3AlIv6DM52MUlx4Z5GTe88595DJ0xdUOYOFbhFxmqE8LeIk4whnPAlpShnalshX6IgKArpGKlBpQm1AOMS5gMWm1jul3vnROz96SdxqwliEBRYw1bzCt9hJcRY7LcGSLN7qM5gpU4Q04zQlyNfP4c3Qz2Xg+f8Dy4WfjzX6dtZ6r8BoG6oX8SDsdPvvcjm9VNMbeIBxmTLDPaJwpZ8XzCiQUqBS8fx6+v4xe78/CCST1QRMzDV8dRQKAleWQq6rsO4Z1Fhdr+80DC8IDE+jYFCF2l8zzq5r/PzdX2eFdc8gb2+j9FMdf9fwNNpbUUdAtS8I6wl4qXub7uqmt4Y21utWm6SYiyTkBLOw25bomgiU0Yh0wrTgUtIi7DYJyVyRy2skJ5hf2zmlqe15tugygiPb61gHR8GxZVEWoyE/VHqgHhFY/QWWbQ3tMG+a3rH0kvMeznP5wc00omHHWoru5A0l4fLkN7pVeNXAAgAA[0m21:06:17.982 [elasticsearch[ticket.node]clusterService#updateTask-pool-11-thread-1] INFO  org.elasticsearch.cluster.metadata - [ticket.node] [ticketsearch] update_mapping [ticketdoc] (dynamic)
[8mha:AAABnB+LCAAAAAAAAACFkkFLwzAYhj+n0+FRb4JQEPXUtB1T1J20W0WYepgIMnaIbeyqXVKTVAqCv0dQ/4z/wJOI+B9M1kYZHkwOffLlfb/vpe3zF9QFh41RHglGUZbmcUIFwlQkIUsZR/uKfE0nTBIo10wNaj1oTATHOJOw2Sv9TuV3fvzOj18J2z2Yi7DEEpZ61/gOOymmsdOXPKFxu+CwUqUIGRUsJcgvn9OTochU4PX/A6uBn48N9nbRf6/B7ADql/Ek7PLg73B1e6Vvb+EB5lVKisdEc63Icm4cSDtQ5Xh5PX//WL0/nARSyRoSFtZavt6agsBVS5Prai5rhlrbO82DltEFgdGVFExWruc3TGfXNf38zm9nzWXNkNfdrfrpit8xupK6W3pLqBeS8LGEp6a3527vNT3kervWgKRYyCQUBPNwNFB0QySiLCLDMM2FsvQJv0tCspZn6jOSMyxu7Iyx1PY8W444wZHtDa2jk+DUshiP0VQ/VPVAYyKx/gss25qaYU6lfGhFJCVSvWoroREpFr8Bq/DY6qoCAAA=[0m21:06:21.019 [elasticsearch[ticket.node]clusterService#updateTask-pool-11-thread-1] INFO  org.elasticsearch.cluster.metadata - [ticket.node] [ticketsearch] deleting index
[8mha:AAAByB+LCAAAAAAAAACFkk9r1EAYxqdrVxeP9SYIA8V/0EyS7bZoe9K0kcK2PawIEnJ4m4zZuNmZcf6UgODn8aBfxk+gpyLid+jMJtOyeHDmkN+88z7P+5Dk2180VBI9mZtScUZEY6qaKQJM1QVvuCSvLCWOzrimqFsbAzSYotGq4RSERk+nnT7s9eGNPrzR28bDKdosQYNGW9OPcAlhA6wKZ1rWrDpsJXrYpyg4U7yhJOme65NRK2zgx/8PbAf++Triv97PrgboToaGF9Uq7IPs3+H29oO7/YS+oLs2JYMldTxohZFeQZyC9IrvP95d/X70+c0qkE020uje9iRx21GaRnY5iiLHXc3TZP/F+PXE96Wp7+soXS3j5o+8cxR5v+To1tlxV/MUH7/s/VwlOfJ9HR3vua3RsNVULjX6OY4Pov2DcUzGu7s4ow0oXReKgizmmaUF1YTxkuZFY5SVzKi8rAu6bYT9jPQtqEUgOG+COA70XFIogzjHJ2fpOcZcVmTNj/QeZEk1uL8AB3hthj917TkurKG2rxrXrKTtDi7AKIozMJo/uzDNAoOon+c7WM1Blgpne3mYRfa8BCGszFby+9f57Xuk3wIAAA==[0m21:06:21.233 [elasticsearch[ticket.node]clusterService#updateTask-pool-11-thread-1] INFO  org.elasticsearch.cluster.metadata - [ticket.node] [ticketsearch] creating index, cause [auto(bulk api)], shards [5]/[0], mappings []
[8mha:AAABrh+LCAAAAAAAAACFUstO4zAUvRQK1SyZ3UhIkSpeizhJKe8VpASNVGBRhDSqqpFJTBpI42A7VRES38MCPoJf4A9YodGIf8CuY1DFgutFTu4959yjOA9vUOUMlvpFxGmG8rSIk4wjnPEkpCllaE8iX6FjKgjomqpApQ21MeEI5wKW21rvlHrnQ+986CVxtw0zERZYwHz7Eg+xk+IsdjqCJVm8O2Lwq0wR0ozTlCBfPyc3wyiXgRe/DywX/r+v0Zc/ndcKTHeheh6Pw/7sfl0upxdqeg13MCtTZnhAFK6M8oIZBVIKVCoen89e/y3cHo4DyWQ1AXP1pq+OQkHgylLIdRXWPYOaG1uN/abhBYHhaRSMq1D7a8bZdY2f3/p0Vlj3DPIOtks/1fFbhqfRwbo6AqojQdhAwFPD23E3dhoeWtvcsrokxVwkISeYhf2uRFdEoIxGpBemBZeSDmHDJCT1IpfXSE4xv7JzSlPb82zRZwRHttezfh8HJ5ZFWYwm/FDpgQZEYPUXWLY1scO8aXrP0kv+DnCeyw9uphENe9ZKdCNvKAlXf7wDK5HM4cACAAA=[0m21:06:21.378 [elasticsearch[ticket.node]clusterService#updateTask-pool-11-thread-1] INFO  org.elasticsearch.cluster.metadata - [ticket.node] [ticketsearch] update_mapping [ticketdoc] (dynamic)
[8mha:AAABnR+LCAAAAAAAAACFkk9LwzAYxl+n0+FRb4JQEPXUtJ1T/HPSbhVh6mEiyNghtrGrdklNUikIfh5B/TJ+A08i4ncwWRtleDA59Jc3z/O+D22fv6AuOKwN80gwirI0jxMqEKYiCVnKONpX5Gs6YZJAuaZqUOtCYyw4xpmE9W7pdyq/8+N3fvxKuNeFmQhLLGGhe43vsJNiGjs9yRMa7xUclqoUIaOCpQT55XNyMhSZCrz6f2A18POxwd4ueu81mO5D/TIeh13s/x2ubq/07S08wKxKSfGIaK4VWc6NA2kHqhwvr+fvH8v3h+NAKllDwtxKy9dbUxC4amlyXc1lzVBra7t50DK6IDC6koLxyvX8hunsuqaf3/7trLmsGfI6O1U/XfHbRldSZ1NvCfVCEj6S8NT0dt2t3WYLbey4Vp+kWMgkFATzcNhXdEMkoiwigzDNhbL0CL9LQrKSZ+ozkjMsbuyMsdT2PFsOOcGR7Q2so5Pg1LIYj9FEP1T1QCMisf4LLNuamGFOpXxgRSQlUr1qK6ERKea/AcJD3OyqAgAA[0m21:06:24.390 [elasticsearch[ticket.node]clusterService#updateTask-pool-11-thread-1] INFO  org.elasticsearch.cluster.metadata - [ticket.node] [ticketsearch] deleting index
[8mha:AAAByB+LCAAAAAAAAACFkk9r1EAYxsetaxePehOEgWJVaCbJslv659SmjQhrPawIEnJ4m4zZuNmZcf6UgODn8VC/jJ9AT0XE7+DMJlNZPDhzyG/eeZ/nfUhy/RsNlUS7C1MqzohoTFUzRYCpuuANl+TEUuLogmuKunVngAYzNFo3vAKh0dNZpw97fXirD2/1tvF4hu6WoEGjB7MPcAVhA6wK51rWrDpuJXrUpyg4U7yhJOmem5NRK2zgJ/8PbAf++jLiP97NbwZoK0PDy2od9mH273B7+97dfkSf0T2bksGKOh60wkivIE5BesXXb29vfj7+9GIdyCYbabS9M0ncdpSmkV2OoshxV/M02T8Yn058X5r6vo7S9TJu/sg7R5H3S87+Ojvuap7i88Pez1WSM9/X0fnUbY2GraZypdH3cXwU7R+NJ2R6cIgz2oDSdaEoyGKRWVpSTRgvaV40RlnJnMqruqA7RtjPSN+AWgaC8yaI40AvJIUyiHP88iJ9jTGXFdnwI70HWVEN7i/AAd6Y4U9de44La6jtq8Y1K2m7hwswiuIMjObPLk2zxCDq5/keVguQpcLZNA+zyJ5XIISV2Up+/w9ORVGg3wIAAA==[0m21:06:24.589 [elasticsearch[ticket.node]clusterService#updateTask-pool-11-thread-1] INFO  org.elasticsearch.cluster.metadata - [ticket.node] [ticketsearch] creating index, cause [auto(bulk api)], shards [5]/[0], mappings []
[8mha:AAABrx+LCAAAAAAAAACFUkFO20AU/QRSIpZ0VwnJUgSUhcd2ZNI2rMBgVCmERapKKIqqqT04Jo7HzIxREBLnYQGH6BW4QVdRVXEHZjIeUMSCPws////e+08e3z9BnTPYGpUxpzkqsjJJc45wztOIZpShfYkChXpUENC1VINaFxpzwgkuBGx3td6p9M6L3nnRS+JeF1ZiLLCA9e4FvsJOhvPE6QuW5snelMGnKkVEc04zggL9XNwM00IG3nw/sFz4/65B/571ZzVYHkD9dzIP+3HwdrmcnqvpJdzCB5kyxxOicG1alMwokFKgSvHw+HP2b+PmeB5IJmsIWG36gToKhaErSyHXVVj3DPLbX1sHvuGFoeFpFM6rVPsbxtl1jV9w+OqssO4Z5B19q/xUJzg0PI2OdtURUJ8KwiYC/rS8jtvutHz0xW9bA5JhLtKIE8yi0UCiMREopzEZRlnJpaRP2FUakWZZyGskPzAf2wWlme15thgxgmPbG1rfe+GpZVGWoAU/VHmgCRFY/QWWbS3sMG+aPrT0kl8TXBTyg5tpTKOh9Tm+ljeURjtrz5fgDDXAAgAA[0m21:06:24.746 [elasticsearch[ticket.node]clusterService#updateTask-pool-11-thread-1] INFO  org.elasticsearch.cluster.metadata - [ticket.node] [ticketsearch] update_mapping [ticketdoc] (dynamic)
[8mha:AAABnB+LCAAAAAAAAACFkkFLwzAYhj+n0+FRb4JQEPXUtB3T6TxptSJMPUwEGTvENnbVLqlJKgXB3yOof8Z/4ElE/A8ma6MMDyaHPvnyvt/30vb5C+qCw9owjwSjKEvzOKECYSqSkKWMo11FvqYTJgmUa6oGtS40xoJjnElY75Z+p/I7P37nx6+EO12YibDEEha61/gOOymmsdOTPKHxTsFhqUoRMipYSpBfPicnQ5GpwKv/B1YDPx8b7O2i916D6T7UL+Nx2MX+3+Hq9krf3sIDzKqUFI+I5lqR5dw4kHagyvHyev7+sXx/OA6kkjUkzK20fL01BYGrlibX1VzWDLU2t5p7LaMLAqMrKRivXM9vmM6ua/r5+7+dNZc1Q97BdtVPV/x9oyvpYENvCfVCEj6S8NT0Ou5mp9lG7Y221ScpFjIJBcE8HPYV3RCJKIvIIExzoSw9wu+SkKzkmfqM5AyLGztjLLU9z5ZDTnBkewPr6CQ4tSzGYzTRD1U90IhIrP8Cy7YmZphTKR9YEUmJVK/aSmhEivlvLtNG4aoCAAA=[0m21:06:27.757 [elasticsearch[ticket.node]clusterService#updateTask-pool-11-thread-1] INFO  org.elasticsearch.cluster.metadata - [ticket.node] [ticketsearch] deleting index
[8mha:AAAByB+LCAAAAAAAAACFkk9r1EAYxqdrVxeP9SYIA8V/0EySZVtre9K0kcK2PawIEnJ4m4zZuNmZcf6UgODn8aBfxk+gpyLid+jMJtOyeHDmkN+88z7P+5Dk2180VBI9mZtScUZEY6qaKQJM1QVvuCSvLCWOzrimqFsbAzSYotGq4RSERk+nnT7s9eGNPrzR28bDKdosQYNGW9OPcAlhA6wKZ1rWrDpsJXrYpyg4U7yhJOme65NRK2zgx/8PbAf++Triv97PrgboToaGF9Uq7IPs3+H29oO7/YS+oLs2JYMldTxohZFeQZyC9IrvP95d/X70+c0qkE020uje9iRx21GaRnY5iiLHXc3TZG9//Hri+9LU93WUrpZx80feOYq8X3J06+y4q3mKj1/2fq6SHPm+jo533dZo2Goqlxr9HMcH0d7BeJ/ELyKc0QaUrgtFQRbzzNKCasJ4SfOiMcpKZlRe1gXdNsJ+RvoW1CIQnDdBHAd6LimUQZzjk7P0HGMuK7LmR3oPsqQa3F+AA7w2w5+69hwX1lDbV41rVtJ2BxdgFMUZGM2fXZhmgUHUz/MdrOYgS4Wz3TzMInteghBWZiv5/WtAdqOw3wIAAA==[0m21:06:28.170 [elasticsearch[ticket.node]clusterService#updateTask-pool-11-thread-1] INFO  org.elasticsearch.cluster.metadata - [ticket.node] [ticketsearch] creating index, cause [auto(bulk api)], shards [5]/[0], mappings []
[8mha:AAABqh+LCAAAAAAAAACFUstKw0AUvVarxaXuBCEgvhaZJKWKj5VGI0LVRUWQUmRMxjQ2zcSZiVQEv8eFfoS/4B+4EhH/wZlORikuvLPIyb3nnHvI5OkLqpzBUreIOM1QnhZxknGEM56ENKUM7UjkK3RMBQFdYxWoNKE2JBzhXMByU+udUu/86J0fvSRuN2EiwgILmGle41vspDiLnZZgSRZvDxjMlSlCmnGaEuTr5+hmGOQy8OL/geXCz8cafTtvvVdgvA3Vy3gYdrb9d7mcXqnpDTzApEyZ4T5RuDLIC2YUSClQqXh+PXv/mL8/GAaSyWoCphYavjoKBYErSyHXVVj3DGqsb9R3G4YXBIanUTCsQu2vGWfXNX7+3q+zwrpnkLe/Wfqpjr9neBrtr6kjoDoQhPUFvNS9LXd9q76BGl7dapMUc5GEnGAWdtsS9YhAGY1IJ0wLLiUtwm6TkCwUubxGcop5z84pTW3Ps0WXERzZXsc6PA5OLIuyGI34odID9YnA6i+wbGtkh3nT9I6ll1z0cZ7LD26mEQ071kp0J28oCVenvwENtMYxwAIAAA==[0m21:06:28.412 [elasticsearch[ticket.node]clusterService#updateTask-pool-11-thread-1] INFO  org.elasticsearch.cluster.metadata - [ticket.node] [ticketsearch] update_mapping [ticketdoc] (dynamic)
[8mha:AAABnB+LCAAAAAAAAACFkkFLwzAYhj+n0+FRb4JQEPXUtJ1z6DxptSJMPUwEGTvENnbVLqlJKgXB3yOof8Z/4ElE/A8ma6MMDyaHPvnyvt/30vb5C+qCw9owjwSjKEvzOKECYSqSkKWMo11FvqYTJgmUa6oGtS40xoJjnElY75Z+p/I7P37nx6+EO12YibDEEha61/gOOymmsdOTPKHxTsFhqUoRMipYSpBfPicnQ5GpwKv/B1YDPx8b7O2i916D6T7UL+Nx2MX+3+Hq9krf3sIDzKqUFI+I5lqR5dw4kHagyvHyev7+sXx/OA6kkjUkzK20fL01BYGrlibX1VzWDLXaW829ltEFgdGVFIxXruc3TGfXNf38/d/OmsuaIe9gu+qnK/6+0ZV0sKm3hHohCR9JeGp6Hbfd2fBQq9m2+iTFQiahIJiHw76iGyIRZREZhGkulKVH+F0SkpU8U5+RnGFxY2eMpbbn2XLICY5sb2AdnQSnlsV4jCb6oaoHGhGJ9V9g2dbEDHMq5QMrIimR6lVbCY1IMf8NhjfkeKoCAAA=[0m21:06:31.426 [elasticsearch[ticket.node]clusterService#updateTask-pool-11-thread-1] INFO  org.elasticsearch.cluster.metadata - [ticket.node] [ticketsearch] deleting index
[8mha:AAABZh+LCAAAAAAAAACFjr9OwzAQxo9AIWKEDQkpEgKWKgm0/Gk7QdowEFhaIaFOpjUhkNrBdlAkJJ6HAV6GN2CqEOIdsOO4CDFwN/in8/fdfS9fUOMMtm7yMafEzdI8Tgh3EeHJiKaUuUeSAkXnVGDQNWeBFYFdCs5QJmA70n6v8nszvzfzS2EngoUxEkjASnSLHpCXIhJ7fcESEncKBmtVihElnKbYDfT7+zIUmQy8+X9gefDz2abvl/2pBfNDqF3FZdjV4d/j8vda/d7DEyzKlARNsGKryHJmHK5yuJXj9e1i+rH+eFIGkslsAUsbzUC1ojD0ZSnyfcV6Zqi5f7h73DS6MDQ6TWFZubpvm82+b/YF3Z/NivXM0E6vVe1Tk6BrdJp6e6oF1AqB2UTA6QBzwR2Wk7bTqjshStKcYd52/LrTY4wyjf27JMvwuORBMsEOTlHG1aDRcA+bBw7Ho+Vvtnmd9EoCAAA=[0mTests run: 9, Failures: 0, Errors: 0, Skipped: 0, Time elapsed: 33.847 sec
[8mha:AAABeR+LCAAAAAAAAACFkM1Kw0AUha/RanGpO0EIiLrqJK1J0XZl00aEWBcVQYqLMRnTSDoTJ1OpCD6PC30Z38BVEfEdnMlPpbjwzmI+7pxz72Fev6GSctgbTYKUUZTEkzCiKcI0jXwWM46OJTmK+kwQyGtJA82DaiY4w4mAfS/3G4XfmPuNuV8K2x6sBFhgARveHX7ARoxpaAwEj2jYnnLYKlL4jKYsJsjJ78XNME1k4N3/A8uFXy9V9nE1mGmwPITKTZiF3Rz+XS5fb9XrPTzDqkxJ8Zgo1qbJhJcOpByocLy9X84+t59OskAyWVXA2o7lqKPIdU1ZikxTcd4ryWoeNjpWqXPdUpeTm9VE7a+Wk02znOd0fycrznsl1XtHxTzVcbqlLqeerY6AylQQPhYQNOots9k6qCPLtvXhxYgTHNTsa/20757ruo84ShFBvRinIvIHBHN/5MQRocLFvmD8sUMw1Wu6E7NUfoq+INT9TLn+A/oXYoVjAgAA[0m21:06:31.455 [Thread-5] INFO  c.r.s.e.ElasticSearchClientFactoryBean - Closing ElasticSearch client
[8mha:AAABgx+LCAAAAAAAAACFkMFKw0AQhsdqNXjUmyAsiHrqJqltse1J00aEWg8VQUIPa7Km1TQbd7dSKPo8HvRlfANPRcR3cDdpKuLB2UO+nf3/mZ+8fEFRcNgbjAPBYpxE43AYC0xiMfRZxDg+UuRo6jJJIaulAhQ6YKSCM5JI2O9kfnPuNxd+c+FXwmYHVgIiiYSNzi15IGZE4tDsST6Mw+aEw9Y8hc9iwSKKnez7ezNMEhV49//AauHns8Her3qzAix7ULwO07Cb3t/l6vVGv97DE6yqlDEZUc2FSTLmuQNrB547Xt8uZx/b05M0kEpmSFjbqTj6aHJdS5Umy9Kc9XKq1A7Lx5Vc57q5LiM3rbHeb+STLSuf57R+JmvOejnZ7fp8nu44rVyXUbuqj4TiRFI+kpCU7YZVaxzYuFKtI+9iwCkJStU+Ou265wgxHmIaESGHvqCE+wMcs4CiEvJU547K9NpH018a08J2DZcfvbJdt/sNJCRLEvXHEMZ4/Ru1FPqibwIAAA==[0m21:06:31.459 [Thread-5] INFO  org.elasticsearch.node - [ticket.node] {elasticsearch/0.16.2}[2191]: stopping ...
[8mha:AAABfx+LCAAAAAAAAACFjs1Kw0AUha/VanCpO0EIiLrq5Me22HalaSNCrYuKIKGLMRnT2jQTJxMJFH0eF/oyvoGrIuI7OJM0leLCO4v55s45957XbyjHDA6GiRfTEEVB4o/CGOEwHrk0oAydCLIk9SgnkNdKCUpdUDLBBY44HHZzvzb3awu/tvALYasLax7mmMNW9x4/Yi3Aoa/1ORuFfitlsDNP4dIwpgFBVn4vb4Y0EoH3/w8sFn69KPTjpj8rwaoD5Vs/C7vt/F0ufu/k7wM8w7pIGeIJkVxKo4QVDiQdaO54e7+efe5Oz7JAIpnCYWOvaskjybZ1UZJ0XXLeK6haPzZPq4XOtgtdTnZWidyvFJN1vZhntX8nS857BRmdxnye7FjtQpdTpyYPh3LKCZtwGJtGU683jwxUbRiqczVkBHuV2kA979mXqkqZj0iAYz5yY4KZO0Qh9YhaUR3RGROePQfqdEmj6cioI/PJMY2GMWiqMadRRLzNH3s80xNqAgAA[0m21:06:31.491 [Thread-5] INFO  org.elasticsearch.node - [ticket.node] {elasticsearch/0.16.2}[2191]: stopped
[8mha:AAABgh+LCAAAAAAAAACFkM1Kw0AUha/VanCpO0EYEHXVyY9tse1K00aEWBcVQUIXYzqm1TRTJxMpFH0eF/oyvoGrIuI7OJOfirjwziLf3Dnn3kNevqAcc9gbJoOYRXgSJsEoijGJ4pHPQsbxkSRbUZcJClktlaDkgpYKzshEwL6b+fXcry/8+sIvhS0XVgZEEAEb7i15IHpIokDvCT6KgtaUw1aewmdRzEKK7ez7ezNMJzLw7v+B5cLPZ429X/XmJVj2oHwdpGE3vb/L5euNer2HJ1iVKSMypopL00nCCwdWDpw7Xt8u5x/bs5M0kEymCVjbqdrqKHIcQ5Yiw1Cc9Qqq1g+t42qhc5xCl5GTVqL2a8Vkwyjm2e2fyYqzXkFmp5HPUx27Xegy6tTUEVCeCsrHAphlNo1688DE1YaJvIshp2RQqfXRadc5R4jxANOQxGLkx5Rwf4gjNqCogjzZuaMivfbR7JdGN7BZx9ajZ5kNs99Efshi+cMQxnj9GxhvGo1uAgAA[0m21:06:31.491 [Thread-5] INFO  org.elasticsearch.node - [ticket.node] {elasticsearch/0.16.2}[2191]: closing ...
[8mha:AAABfx+LCAAAAAAAAACFjs1Kw0AUha/VanGpO0EIiLrq5Me22HalaSNCrIuKIKGLMRnT1jQTJ1MJFH0eF/oyvoGrIuI7OJOfSnHhncV8c+ece8/rN5RjBgfDqRfTEEXB1B+FMcJhPHJpQBk6EWRK6lFOIKuVEpRsqKSCCxxxOLQzv5r71YVfXfiFsG3Dmoc55rBlj/EjVgMc+mqfs1HotxMGO3kKl4YxDQgys3t5MySRCLz/f2Cx8OulQj9u+vMSrDpQvvXTsNvO3+Xi907+PsAzrIuUIZ4QyaUkmrLCgaQD5Y639+v55+7sLA0kklU4bOzVTHkkWZYmSpKmSc56BdUax8ZprdBZVqHLyEprKvdXismaVswzO7+TJWe9gvRuM58nO2an0GXUrcvDoZxwwiYcxobe0hqtIx3VtabiXA0ZwV61PlDOe9alolDmIxLgmI/cmGDmDlFIPaJUFUd07glPnwNltqRRNaQ3kPHkGHpTH7QUN6Ax8TZ/ADmgBaRpAgAA[0m21:06:31.509 [Thread-5] INFO  org.elasticsearch.node - [ticket.node] {elasticsearch/0.16.2}[2191]: closed
[8mha:AAABMR+LCAAAAAAAAACFjrFOwzAQhq+BQMQIGxITAjY7oIBAnSBtWAJLJSTUybQhBKV2cJwqEhLPw9C+DG/AVCHEO+CL4yLEwN3gT+f/v/tnX+CWEvYfqnEpOCnyKs14SRgvs5HIhSTnmkKka6ESMNVxwInBawRXrFBwEBs/bf106adLvxZ2Y1gdM8UUbMaPbMpoznhKB0pmPO3WErbbFCPBS5EnJDTv78tQFzrw3v+B9cHPV0+83w4WDqwMwb1Lm7Bbw7/H9e89/j7BC6zplJxNEmSnLippHQQdpHXM324WHzvPl00gncxTsL4bhNhIUeTrQvJ9ZDOzFJycHl0EVhdFVmcoaqrC+57d7Pt2X9j72YxsZpYO+2ftPpyEPasz1D/GVuDWKpETBZ2Nbxim58gAAgAA[0m
[8mha:AAABOR+LCAAAAAAAAACFjsFKxDAQhsdqtexRb4IgiHpLq1RR96TdrZfqwQVB9hR3a610k5qkUhB8Hg/6Mr6Bp0XEdzDTNCviwZlDPib/P/O/fIErBWzdVmPJGSmLKsuZJJTJfMQLLsixpgjpnKsUTM054CTgNYIzWirYTozfb/3+zO/P/FrYTWBhTBVVsJzc0QfqF5Rl/kCJnGXdWsBqm2LEmeRFSiLz/r4MdakDb/4fWB/8fPb4+9Vg6sD8ENzrrAm7Mvx7XP/e4O89PMGiTsnoJEV26rIS1kHQQVrH69vl9GPt8bQJpJN5CpY2wggbKY4DXUhBgGxmlsL9g92T0Ori2OoMxU1VeN+zm4PA7ot6P5uRzczSTv+w3YeTqGd1hvp72ArcWqVioqBzkcqqUHL9qPMNuwXJUgkCAAA=[0mResults :
[8mha:AAABMR+LCAAAAAAAAACFjrFOwzAQhq+BQMQIGxITAjY7oIBAnSBtWAJLJSTUybQhBKV2cJwqEhLPw9C+DG/AVCHEO+CL4yLEwN3gT+f/v/tnX+CWEvYfqnEpOCnyKs14SRgvs5HIhSTnmkKka6ESMNVxwInBawRXrFBwEBs/bf106adLvxZ2Y1gdM8UUbMaPbMpoznhKB0pmPO3WErbbFCPBS5EnJDTv78tQFzrw3v+B9cHPV0+83w4WDqwMwb1Lm7Bbw7/H9e89/j7BC6zplJxNEmSnLippHQQdpHXM324WHzvPl00gncxTsL4bhNhIUeTrQvJ9ZDOzFJycHl0EVhdFVmcoaqrC+57d7Pt2X9j72YxsZpYO+2ftPpyEPasz1D/GVuDWKpETBZ2Nbxim58gAAgAA[0m
[8mha:AAABVR+LCAAAAAAAAACFjsFKw0AQhsdoNXjUmyAERL2UJNYqtT1pmniJXiqC9LS2a4ymu+nuRgKCz+NBX8Y38FREfAd3s9mKeHDmsB+z/z/zv3xBgzPYuS3GnBI3z4okJdxFhKcjmlHmHksKFJ1TgUHXggVWDHYlOEO5gN1Y+73a78393twvhb0YlsZIIAFr8R16QF6GSOINBEtJ0isZbNQpRpRwmmE30O/vy1DmMvD2/4Hlwc9nm75fDWYWLA6hcZ1UYdeHf4/L3xv1O4UnWJYpCZpgxVaZF8w4XOVwa8fr2+XsY/PxtAokk9kCVrbagWpFUeTLUuT7ivXMUPuw0zppG10UGZ2mqKpC3bfNZt83+4L+z2bFemZoLzyq96lJ0Dc6TeGBagGNUmA2EdC6wFxwhxWk6+x3mk6E0qxgmHcdv+mEjFGmcXCf5jkeS179BuU95ukxAgAA[0mTests run: 38, Failures: 0, Errors: 0, Skipped: 0
[8mha:AAABMR+LCAAAAAAAAACFjrFOwzAQhq+BQMQIGxITAjY7oIBAnSBtWAJLJSTUybQhBKV2cJwqEhLPw9C+DG/AVCHEO+CL4yLEwN3gT+f/v/tnX+CWEvYfqnEpOCnyKs14SRgvs5HIhSTnmkKka6ESMNVxwInBawRXrFBwEBs/bf106adLvxZ2Y1gdM8UUbMaPbMpoznhKB0pmPO3WErbbFCPBS5EnJDTv78tQFzrw3v+B9cHPV0+83w4WDqwMwb1Lm7Bbw7/H9e89/j7BC6zplJxNEmSnLippHQQdpHXM324WHzvPl00gncxTsL4bhNhIUeTrQvJ9ZDOzFJycHl0EVhdFVmcoaqrC+57d7Pt2X9j72YxsZpYO+2ftPpyEPasz1D/GVuDWKpETBZ2Nbxim58gAAgAA[0m
[8mha:AAABTR+LCAAAAAAAAACFj8FKxDAQhsdqtXjUmyCsiHprq6yi7GntbkWte7AgyOIhtrGudJOapFIQfB4P+jK+gadFxHcwaZoV8eDkkI/J/8/8efkCmzPYvC1TTolb5GU2ItxFhI8SmlPmdiUFigZUYNA1Y4EVgVMLzlAhYCvSfq/xe1O/N/VLYSeCuRQJJGApukMPyMsRybxYsBHJOhWDlSZFQgmnOXYDff/eDFUhA2/8H1gu/Hx26PtlPLFgdgj2dVaHXR7+XS5fb9TrPTzBvExJ0BgrtqqiZMbhKofbOF7fLiYfq49HdSCZzBGwsN4O1FEUhr4sRb6vWPcMtff2dw7bRheGRqcprKtU+x0z2ffNvKD3M1mx7hna7h8081Qn6Bmdpv6uOgLsSmA2FrA2POkPTo8H8VXrHCeUpfJnLYG5aDHMy1zwxW9i5kciIAIAAA==[0m[JENKINS] Recording test results
[8mha:AAABPR+LCAAAAAAAAABb85aBtbiIQS2jNKU4P0+vIKc0PTOvWC8xrzgzOT8nv0jPEchyBrH88ktSGSCAkYmByYeBA6zAN7GghEHdB6JfH6pfH65fH64fqNDah4ElJbEksYRByCcrsSxRPycxL10/uKQoMy/duqKIQQrqiuT8vOL8nFQ9ZwiNajNDRQHQwaqEHQy08PUKjvyHkcHPmRiYoxlYk9LBjhWOxrQcKJsGki1kqGNgA7oyLzE3FcRmqigoLYLp0APp0IPqWHsp7PlL2Wp3sIOALuMoYWBXNnEGQRDLzc0ACEAsAwMQGyIGY5mYWRg5mcDUubnB1EFYbmBQCrKfA2aygQHMPGcXhMkgNkQMxjJ0tYSaBxJxdoGpg7BcTUGwhIG1oiS1KLeEISDa08/NP1aBWoALADftnitPAgAA[0m[INFO]                                                                         
[8mha:AAABPh+LCAAAAAAAAABb85aBtbiIQS2jNKU4P0+vIKc0PTOvWC8xrzgzOT8nv0jPEchyBrH88ktSGSCAkYmByYeBA6zAN7GghEHdB6JfH6pfH65fH64fqNDah4ElJbEksYRByCcrsSxRPycxL10/uKQoMy/duqKIQQrqiuT8vOL8nFQ9ZwiNajNDRQHQwaqEHQy08PUKjvyHkcHPmRiYoxlYk9LBjhWOxrQcKJsGki1kqGNgA7oyLzE3FcRmqigoLYLp0APp0IPqWHsp7PlL2Wp3sIOALuMoYWBXNnEGQRDLzc0ACEAsAwMQGyIGY5mYWRg5mcDUubnB1EFYbmBQCrKfA2aygQHMPGcXhMkgNkQMxjJ0tYSaBxJxdoGpg7BcTUGwhIG1oiS1KLeEISDa08/NP1ZBl0qACwBzBPd0TwIAAA==[0m[INFO] ------------------------------------------------------------------------
[8mha:AAABWh+LCAAAAAAAAACFj8FKw0AQhsdoNXjUmyAURL3oJpUolp7atFEhtkJEkCKyTWOMpJu42UhA8Hk86Mv4Bp6KiO/gbjZbEQ/OHvZj9v9n/n35glpGYes2H2cJQWmchxHJECZZ5CdxQlGbky2on7AAZM1poLmgl4JTnDLYdqXfqPzGzG/M/FzYcmFhjBlmsOLe4QdsxJiEhsdoRMJWQWGtSuEnJEviANny/r0ZipQH3vw/MF/4+awn75feVIP5IdRGYRl2dfh3OX+9Ea/38ASLPCXBk0CwVqQ5VQ4kHKhyvL5dTD/WH4/KQDyZzmBpw7LFEeQ4Ji9BpilY9hRZB4d7HUvpHEfpJDll5WK/riabpppnd38mC5Y9RY1es5onOnZX6ST19sVhUCtYQCcMdoYnfWdwVe/kUTzmv6r7uZ9PRgGtm6iBzOuR1dz1+u0z73hwvvwNiKXmxisCAAA=[0m[INFO] Building cucumber 0.1.0_b49-SNAPSHOT
[8mha:AAABPh+LCAAAAAAAAABb85aBtbiIQS2jNKU4P0+vIKc0PTOvWC8xrzgzOT8nv0jPEchyBrH88ktSGSCAkYmByYeBA6zAN7GghEHdB6JfH6pfH65fH64fqNDah4ElJbEksYRByCcrsSxRPycxL10/uKQoMy/duqKIQQrqiuT8vOL8nFQ9ZwiNajNDRQHQwaqEHQy08PUKjvyHkcHPmRiYoxlYk9LBjhWOxrQcKJsGki1kqGNgA7oyLzE3FcRmqigoLYLp0APp0IPqWHsp7PlL2Wp3sIOALuMoYWBXNnEGQRDLzc0ACEAsAwMQGyIGY5mYWRg5mcDUubnB1EFYbmBQCrKfA2aygQHMPGcXhMkgNkQMxjJ0tYSaBxJxdoGpg7BcTUGwhIG1oiS1KLeEISDa08/NP1ZBl0qACwBzBPd0TwIAAA==[0m[INFO] ------------------------------------------------------------------------
[8mha:AAABOR+LCAAAAAAAAACFjsFKxDAQhsdqtXjUmyAIot7SKlWUPbndrQh1PSwIUjzE3Vor3aSmqRQEn8eDvoxv4GkR8R3MNM2KeHDmkI/J/8/8L19glwK2b6txyRkp8irNWEkoK7MRz7kgx4oCpAGXCeias8CKwGkEZ7SQsBNpv9v63ZnfnfmVsBPBwphKKmEluqMP1M0pS92hFBlLO7WAtTbFiLOS5wkJ9Pv7MtSFCrz1f2B18PPZ4e+Xw6kF8zHY12kTdjX+e1z93uDvPTzBokrJ6CRBtuqiEsZB0EFax+vbxfRj/fGkCaSSORKWNv0AGykMPVVInoesZ4b8g8O9rm90YWh0msKmKrzvmM2eZ/YFvZ/NyHpmaLd/1O7DSdAzOk39fWwJdi0TMZHgxKeD8PxqY/kbaqkK+wcCAAA=[0m[INFO] 
[8mha:AAAB5B+LCAAAAAAAAACFUU+L00AcHavV4lFvLkJA1j+U/CupG7ss2KRN6G5ss1SD3bCHaTrNJptMajIJqYKfx4N+Gc9ePC0ifgdnkmZFPPjmMI/fvPd7D+bzL9DOUvD4Il9lCRY2Ue4HOBMgzgIviZJUGFKmMzZNCAI1brRAywKdSvAKbgh4YtV+cecXr/3itZ8KDy1wawUJJOCeFcICihHEvjgnaYD9wzIFD3YtvARnSYQEvb7/Tgblhhbe/39hGvjzUyf5vphftcBNF7SXflX2vvtvOH1ds9d34CO4TVtiGCPGW+UmTxuHwBzCzvHlq3P14+EHsypEm3UIuPNI0dlhzDAkCsYkifF61jDludrTlEZnGI2uZkaFnOV3ms2S1OzTR382M17PGiaPX+z2sYk+anQ1G/fZIaBdEpTGBHxzJ1Njds7tuWp8AQdDioXWtfRhA22p9qFGlsHkdB6H05M3ii11i2NrrOSyX9ghKq2RY78vV2OzKOKz7tuD/hm6tKKZsy5eh55q2Mc+NINgYp7AwOzbW1Uptp4zkrE+lOdbGhDquqGd6k7vYBYuqsyjoz1Xinme52JYIMx7EYKYrz960BMUQR5UI+7pCq1hHpFa8Yx7yXm5l8dLlHLUffc3rQdc6NsCAAA=[0m[INFO] [8mha:AAAAYB+LCAAAAAAAAABb85aBtbiIQSmjNKU4P0+vJLE4u1gvPjexLDVPzxdEGvvmZ+X75ZekLlOVfvTjc8FPJgaGiiIGKaiG5Py84vycVD1nCA1SyAABjCCFBQCV27OjYAAAAA==[0m--- maven-clean-plugin:2.4.1:clean (default-clean) @ cucumber ---
[8mha:AAABOR+LCAAAAAAAAACFjsFKxDAQhsdqtXjUmyAIot7SKlWUPbndrQh1PSwIUjzE3Vor3aSmqRQEn8eDvoxv4GkR8R3MNM2KeHDmkI/J/8/8L19glwK2b6txyRkp8irNWEkoK7MRz7kgx4oCpAGXCeias8CKwGkEZ7SQsBNpv9v63ZnfnfmVsBPBwphKKmEluqMP1M0pS92hFBlLO7WAtTbFiLOS5wkJ9Pv7MtSFCrz1f2B18PPZ4e+Xw6kF8zHY12kTdjX+e1z93uDvPTzBokrJ6CRBtuqiEsZB0EFax+vbxfRj/fGkCaSSORKWNv0AGykMPVVInoesZ4b8g8O9rm90YWh0msKmKrzvmM2eZ/YFvZ/NyHpmaLd/1O7DSdAzOk39fWwJdi0TMZHgxKeD8PxqY/kbaqkK+wcCAAA=[0m[INFO] 
[8mha:AAAB6x+LCAAAAAAAAACFkc1u00AUhYdAIGIJOyokS6j8KIp/KoeaVJWIndhKaxJXBovU6mLsTF279jjYY8sBiedhAS/DngWrCiHegRk7LkIsuLOYT3fuuedI8/kX6OYZeHxRrPIU8+u4CEKc8xDnoZ/GacaPKWmM5ilBoKkbHdAxQa8eeAXXBDwxG72w1QvXeuFaTwcPTHBrBQkk4J4ZwRIKMcSBYJMsxMFBlYEH2xR+ivM0RrzW3H87g2pNA+/+PzA1/Pmpl35f2lcdcNMFXS+ow953/zWnr+fs9R34CG7TlBgmiHGnWhdZq+CZgt8qvnx1rn48/GDUgWiyHgF3HskaO4x0XaTFSBQZN72W5OfKniq3c7rezjWk11Uw/167WRTbfdrkz2bGTa8lafpiu491tEk719B0yA4B3YqgLCHgmzub64szbsdVkgs4GtNaqn1TG7elesoQqsQLZyd2Es2P38iW2C+PzKlcSEFpRagyJ471vlpNjbJMTvtv94en6NKMF855+TryFd06CqARhjPjGIbG0NoocrnxnYmEtbFkb6hBpGm6eqI5e/uLaFl7Hh7uuGIyGAy4IIElwoPmj0cSL48ChFEGCbJJ4eXcU68I45WRpWkZovwZ95LzC79IPJRxVH73N5eak6fcAgAA[0m[INFO] [8mha:AAAAYB+LCAAAAAAAAABb85aBtbiIQSmjNKU4P0+vJLE4u1gvPjexLDVPzxdEGvvmZ+X75ZekLlOVfvTjc8FPJgaGiiIGKaiG5Py84vycVD1nCA1SyAABjCCFBQCV27OjYAAAAA==[0m--- gmaven-plugin:1.4:generateStubs (buildGroovies) @ cucumber ---
[8mha:AAABVx+LCAAAAAAAAACFj81Kw0AUha/RanCpO0EIiLpLUqmidKVpI0qsi4IgxcW0ncZIOhPnRwKCz+NCX8Y3cFVEfAdnMpmKuPAOZD7unHPvycsXNDiDnVs55pT4RS7TjHAfEZ6NaE6Zf6wo0tSjAoOpBQecBNxKcIEKAbuJ8Qe1P5j7g7lfCdsJLI2RQALWkjv0gIIckTToC5aRtF0y2KhTjCjhNMd+ZO7fm6EsVODt/wOrhZ/PLn2/7s8cWBxAY5hWYdcHf5er14l+vYcnWFYpCZpizU5ZSGYdvnb4teP17Wr2sfl4WgVSyVwBK1utSB9NcRyq0hSGmk3PUuvgcO+kZXVxbHWG4qqk3u/ayWFo50Wdn8maTc9Ss3tUz9OdqGN1hrr7+gholAKzqYDm4KwXX954PepxKtkIc29CJRmrL/PO1S97XMihl2KCGRIZJavfY1hw9jACAAA=[0m[INFO] No sources found for Java stub generation
[8mha:AAABOR+LCAAAAAAAAACFjsFKxDAQhsdqtXjUmyAIot7SKlWUPbndrQh1PSwIUjzE3Vor3aSmqRQEn8eDvoxv4GkR8R3MNM2KeHDmkI/J/8/8L19glwK2b6txyRkp8irNWEkoK7MRz7kgx4oCpAGXCeias8CKwGkEZ7SQsBNpv9v63ZnfnfmVsBPBwphKKmEluqMP1M0pS92hFBlLO7WAtTbFiLOS5wkJ9Pv7MtSFCrz1f2B18PPZ4e+Xw6kF8zHY12kTdjX+e1z93uDvPTzBokrJ6CRBtuqiEsZB0EFax+vbxfRj/fGkCaSSORKWNv0AGykMPVVInoesZ4b8g8O9rm90YWh0msKmKrzvmM2eZ/YFvZ/NyHpmaLd/1O7DSdAzOk39fWwJdi0TMZHgxKeD8PxqY/kbaqkK+wcCAAA=[0m[INFO] 
[8mha:AAAB5B+LCAAAAAAAAACFUduK00AYHqvV4qXeuQgB8UTJoSVxY5cFm2kTuhvbLNVgN3gxTafZxBxqMgmpgs/jhb6Mb+CNi4jv4EzSdBEv/OdiPv75TjBffoN2loJHF/kqS2JhE+aeH2cCijPfTcIkFYYUQYamCcGgnmst0DJBpyK8RBsCHpu1Xtzpxb1e3Osp8cgEN1aIIALumAEqkBii2BPnJPVj76hMwb1dCzeJsyTEAqzvv5NBuaGFH/6/MA389bmTfF/ML1vgugPaS68qe9f5N5y+rtnre/AJ3KQtYxRhhlvlJk8bhcAUwk7x9Zt9+fP+R6MqRJt1CLj1QIbsMKTrEh2GJInhetcg+Zna1+SGp+sNr0Z6NTnL7zTOktT4wdGVM8P1rkG98fOdH9vAUcOr0Vhhh4B2SXAaEfDDmUz12VvuwFGjCzQY0lloXRMOm9GWqoI0svQnZ/MomJ6+li2pW5yYYznveYUV4NIc2daHcjU2iiI67745VM7xOzOc2eviVeCqunXiIcP3J8Yp8g3F2qpysXXtUS+Gw958SwMCCHXtDNr9w1mwqDKPjw8cKeJ5notQgWM+xVmSpy7O+PqzB31BGeyX3JMVXqM8JFe8p9wLzs3dPFrilKM+t/8AB+jLiuUCAAA=[0m[INFO] [8mha:AAAAYB+LCAAAAAAAAABb85aBtbiIQSmjNKU4P0+vJLE4u1gvPjexLDVPzxdEGvvmZ+X75ZekLlOVfvTjc8FPJgaGiiIGKaiG5Py84vycVD1nCA1SyAABjCCFBQCV27OjYAAAAA==[0m--- maven-resources-plugin:2.5:resources (default-resources) @ cucumber ---
[8mha:AAABSR+LCAAAAAAAAACFkMFKxDAQhsdqtXjUm6AsiHprq1RR9qTdrZfqZUGQ4iHbxlrpJjVNpCj4PB70ZXwDT4uI72DSNCviwckhH5P/n/nJyxfYNYPtG5HVlLhVKfKC1C4idZHSkjL3WFKo6JxyDLrmLLBicFrBGao47MTa73V+b+b3Zn4p7MewkCGOOKzEt+geeSUiuTfirCB5v2Gw1qVIKalpid1Q3783Q1PJwFv/B5YLP58d+n45mlown4A9ztuwq8nf5fL1Wr3ewRMsypQETbBiq6kEMw5XOdzO8fp2Mf1YfzxtA8lkDoelzSBUR1EU+bIU+b5i3TMUHBzunQRGF0VGpylqS6j9jpns+2ZeOPiZrFj3DO0Oj7p5qhMOjE7TcF8dDnbDMZtw2EgyPBb5VQ83OBUc9+TPc9xwgcriAS9/A5XpSKMdAgAA[0m[debug] execute contextualize
[8mha:AAABYB+LCAAAAAAAAACFj0FLwzAUx5/VafGoN0EoiO5kW2XKdCftVhHqPMwJMjzENquVmtQklYrg5/GgX8Zv4GmI+B1M2mYiHnw55MfL///ePy9f0OAMNq7ziFNiZ2keJ4TbiPAkpCll9oEkT1GfCgxVzRhgBGCWghOUCWgGld+p/c7U70z9UtgJYC5CAglYCm7QPXJSRGJnIFhC4k7BYKVOEVLCaYptr7p/b4Yik4HX/w8sF34+m/T9YjAxYHYEjau4DLs8+rtcvo7V6x08wbxMSdAtVmwUWc60w1YOu3a8vp1PPlYfj8pAMpkpYGGt5amjyPddWYpcV3HV09TabW8ftrTO97WuIr+sXO039WTX1fO87s9kxVVP01Zvr56nOl5X6yrq7agjoFEIzG4F7I+O+/7ppTXk8ktWc3jmb7abFiYhjVRDUCuk2YM1TlKpx5HFMKc5CzG3F78Bz0LDdTkCAAA=[0m[INFO] Using 'UTF-8' encoding to copy filtered resources.
[8mha:AAABiB+LCAAAAAAAAACFkcFKAzEQhsdqtXjUmyAsiHrbrFJF8aTbrgi1HqqCFA9pGtu022RNsu2K4PN40JfxDTwVEd/BpNtUxIOTw35M5v/nD/vyBUUlYaubtpXgfhKnHcaVj7liRMRC+seGQkt1oSnkNVeAQg1Kk4FznGjYruV6NNWjmR7N9GbwqAYLbayxhpVaDw8xijHvoIaWjHeOMglr0xREcCVi6of59/dmyBITePP/wGbh53NJvN80xgWYb0Kx1ZmEXW3+XW5u7+ztPTzBoknJ8YBaLmRJKp3Ctwp/qnh9ux5/rD+eTgKZZCUNSxvl0B5LURSYshQElvOeo/L+we5J2c1FkZvLKZpUaveXnHMQOL+w8uNsOe852qkeTv1sJ6y4uZyqe/ZoKGaayoGGUfOsHl3ceqrPEo8L7tGMKW2e50mqRCoJrTBJiRbywUNDLFHMWqhHed/+455oKXTZoFiS7hVnWlOl0UjIvkowoYikJB20qERKEjTAjCPnqZa/AZqbTXx2AgAA[0m[INFO] skip non existing resourceDirectory /var/lib/jenkins/jobs/TSearchUnittest/workspace/cucumber/src/main/resources
[8mha:AAABOR+LCAAAAAAAAACFjsFKxDAQhsdqtXjUmyAIot7SKlWUPbndrQh1PSwIUjzE3Vor3aSmqRQEn8eDvoxv4GkR8R3MNM2KeHDmkI/J/8/8L19glwK2b6txyRkp8irNWEkoK7MRz7kgx4oCpAGXCeias8CKwGkEZ7SQsBNpv9v63ZnfnfmVsBPBwphKKmEluqMP1M0pS92hFBlLO7WAtTbFiLOS5wkJ9Pv7MtSFCrz1f2B18PPZ4e+Xw6kF8zHY12kTdjX+e1z93uDvPTzBokrJ6CRBtuqiEsZB0EFax+vbxfRj/fGkCaSSORKWNv0AGykMPVVInoesZ4b8g8O9rm90YWh0msKmKrzvmM2eZ/YFvZ/NyHpmaLd/1O7DSdAzOk39fWwJdi0TMZHgxKeD8PxqY/kbaqkK+wcCAAA=[0m[INFO] 
[8mha:AAAB5R+LCAAAAAAAAACFUduK00AYHqvV4qXeuQgBWQ+UHFpTN9tlwWbahO7Gtks12A1eTNNpNjEnk0lIFXweL/RlfAPxYhHxHZzJYUW88J+L+fjnO8F8/gXaaQIeXmSbNAqF2M8cN0wFFKauHflRIowoggzNIoJBNddaoGWATkl4gWICHhmVXqz14pVevNJT4pEBbmwQQQTcMTyUI9FHoSMuSeKGzlGRgHt1CzsK08jHAqzuv5NBEdPC+/8vTAN/fupE31bLyxa4boH22inL3rX+DaevW/b6DnwEN2nLEAWY4VYRZ0mjEJhCqBVfvpqXP+5/0MtCtFmHgFsPZMgOQ5om0WFIkhiudg2Snyl9VW54mtbwKqSVk7H8TuMsSY0fHP9xZrjaNag3Oaz92AaOG16FJgN2CGgXBCcBAd+t6Uybv+H2LCW4QMMRnZXaNeCoGXWtDJBK1u70bBl4s9NX8kLq5ifGRM56Tr7wcGGMzcX7YjPR8zw4774+GJzjt4Y/N7f5S89WtMWJg3TXneqnyNUHi50i5zvbHPdCOOotdzTAg1BTz6DZP5h7qzLz+HjPkgKe57kA5Tjk7SiIXR8nfPXXw77wVOgP6y33eIO3KPNJQ3vCPefszM6CNU44anL7N76vAwTiAgAA[0m[INFO] [8mha:AAAAYB+LCAAAAAAAAABb85aBtbiIQSmjNKU4P0+vJLE4u1gvPjexLDVPzxdEGvvmZ+X75ZekLlOVfvTjc8FPJgaGiiIGKaiG5Py84vycVD1nCA1SyAABjCCFBQCV27OjYAAAAA==[0m--- maven-compiler-plugin:2.3.2:compile (default-compile) @ cucumber ---
[8mha:AAABSR+LCAAAAAAAAACFjsFKxDAQhsdqtXjUm7BQEPXWVqmi7MntbkWo9bAgSPEQu7VWuklNUikIPo8HfRnfwNMi4juYNM2KeHDmkI/J/8/8L19gMgrbt/WEEexUZZ0XmDkIsyIlJaHOsaBAUkx4BqoWDDAisFrBGao47ETK73Z+d+53534h7EewNEEccViL7tADckuEc3fMaYHzfkNho0uREsxImTmBen9fhqYSgbf+DywOfj5b5P1yPDNgMQHzOm/Drid/j4vfG/l7D0+wLFJiNM0kG01VU+1wpMPpHK9vF7OP3uNJG0gkszisbPqBbElh6ImS5HmS1UyTf3C4N/C1Lgy1TlHYVi3vW3qz5+l9wfBns2Q107Q7Our2yUkw1DpFo33ZHMyGZ3TKoZecxuH5lR0Tm5GaphmzObFTMq2KMlv9BgeL8agcAgAA[0m[INFO] No sources to compile
[8mha:AAABOR+LCAAAAAAAAACFjsFKxDAQhsdqtXjUmyAIot7SKlWUPbndrQh1PSwIUjzE3Vor3aSmqRQEn8eDvoxv4GkR8R3MNM2KeHDmkI/J/8/8L19glwK2b6txyRkp8irNWEkoK7MRz7kgx4oCpAGXCeias8CKwGkEZ7SQsBNpv9v63ZnfnfmVsBPBwphKKmEluqMP1M0pS92hFBlLO7WAtTbFiLOS5wkJ9Pv7MtSFCrz1f2B18PPZ4e+Xw6kF8zHY12kTdjX+e1z93uDvPTzBokrJ6CRBtuqiEsZB0EFax+vbxfRj/fGkCaSSORKWNv0AGykMPVVInoesZ4b8g8O9rm90YWh0msKmKrzvmM2eZ/YFvZ/NyHpmaLd/1O7DSdAzOk39fWwJdi0TMZHgxKeD8PxqY/kbaqkK+wcCAAA=[0m[INFO] 
[8mha:AAAB5h+LCAAAAAAAAACFkctu00AUhodAIGIJOyokS6hcFMWXyqEmVSXiSWylNYmrgEVqdTF2pu64vuGbHJB4HhbwMmxYs6oQ4h2YseMixIIzi/l05vzn/6X5/At0sxQ8vijWWRzxSVB4JMp4FGXEjYM45ceUIKN5nGPQ1I0O6BigVw+8QkkOnhiNXtjqhWu9cK2ngwcGuLVGOcrBPcNHJRICFHnCMk9J5B1UKXiwTeHGURYHmIfN/bczqBIaePf/ganhz0+9+PtqedUBN23Qdbw67H37X3P6es5e34GP4DZNGaEQM+5USZG2Cp4p+K3iy1fr6sfDD3odiCbr5eDOIxmyw0jTRFqMRJFx02tJfq7sqXI7p2ntXENaXQXz77WbRbHdByd/NjNuei1J0xfbfawDJ+1cQ9MhOznoVjlOwxx8s2dzbXHG7dhKeIFGY1ortW/AcVuqowyRmjtkdrIM/fnxG9kU++WRMZULyStNH1fGxDLfV+upXpbhaf/t/vAUXxrBwjovX/uuoplHHtIJmenHiOhDc6PI5ca1JlIEx9JyQw18CDX1BFp7+wt/VXseHu7YYjgYDDgvRCWOBs0fjyReHrlxmJAAc0+dggRrPY3jkuDsGfeScwu3CB2cclR49zetW5vs1gIAAA==[0m[INFO] [8mha:AAAAYB+LCAAAAAAAAABb85aBtbiIQSmjNKU4P0+vJLE4u1gvPjexLDVPzxdEGvvmZ+X75ZekLlOVfvTjc8FPJgaGiiIGKaiG5Py84vycVD1nCA1SyAABjCCFBQCV27OjYAAAAA==[0m--- gmaven-plugin:1.4:compile (buildGroovies) @ cucumber ---
[8mha:AAABTR+LCAAAAAAAAACFjs9Kw0AQxsdoNHjUmyAEinpLokRRetK0ESHWQ0GQ4mFN0xhJd+P+kYDg83jQl/ENPBUR38HdbLYiHpw57I/Z75v5Xr7AZhS2b8WYEexVpcgLzDyEWZGSklDvWFKkaEB4BroWLLAScBrBOao47CTa77d+f+73534p7CawNEYccVhL7tAD8kuEc3/IaYHzbk1ho02REsxImXmRfn9fhrqSgbf+DywPfj475P1qOLNgcQT2Td6EXR/9PS5/J+r3Hp5gWabEaJoptupKUOPwlMNrHa9vl7OPzcfTJpBM5nBY6YSRakVxHMhSFASK9cxQeHC4dxIaXRwbnaa4KaHuO2ZzEJh9Ue9ns2I9M7TbP2r3qUnUMzpN/X3VHOyaZ3TKoTM6G8QX1+6AuIwImmbMnRCBxy4nbkqmVVFmq995OJpqIgIAAA==[0m[INFO] No sources found to compile
[8mha:AAABOR+LCAAAAAAAAACFjsFKxDAQhsdqtXjUmyAIot7SKlWUPbndrQh1PSwIUjzE3Vor3aSmqRQEn8eDvoxv4GkR8R3MNM2KeHDmkI/J/8/8L19glwK2b6txyRkp8irNWEkoK7MRz7kgx4oCpAGXCeias8CKwGkEZ7SQsBNpv9v63ZnfnfmVsBPBwphKKmEluqMP1M0pS92hFBlLO7WAtTbFiLOS5wkJ9Pv7MtSFCrz1f2B18PPZ4e+Xw6kF8zHY12kTdjX+e1z93uDvPTzBokrJ6CRBtuqiEsZB0EFax+vbxfRj/fGkCaSSORKWNv0AGykMPVVInoesZ4b8g8O9rm90YWh0msKmKrzvmM2eZ/YFvZ/NyHpmaLd/1O7DSdAzOk39fWwJdi0TMZHgxKeD8PxqY/kbaqkK+wcCAAA=[0m[INFO] 
[8mha:AAAB7R+LCAAAAAAAAACFkctu00AUhodAaMQSdlRIlhA3RfGlcqhJVYl4EltpTeLKxSK1WIydqWvXl2CPLQcknocFvAxv0FWFEO/AjB0XIRacWcynM+c//y/N11+gm2fg6UWxytOEX0eFHyQ5j5I88NIozfgxJchonhIMmrrVAR0D9OqBN2hNwDOj0QtbvXCjF270dPDAAHdWiCAC7hshKpEQocQXLJIFiX9QZeDhNoWXJnkaYR4299/OoFrTwE/+H5ga/vzSS6+W1nUH3HZA1/XrsA+cf83p6zl7/QA+g7s0ZYJizLhTrYusVfBMwW8V377b1z8efdLrQDRZj4CdxzJkh5GmibQYiSLjpteS/FLZU+V2TtPauYa0ugrm32s3i2K7D07+bGbc9FqSpq+2+1gHTtq5hqZDdgjoVgRnMQFXzmyuLd5zu44SX6DRmNZS7Rtw3JbqKkOkEjeYnVhxOD9+K5tivzwypnIh+aUZ4sqY2ObHajXVyzI+67/bH57hSyNa2OflaegpmnnkIz0IZvoxCvShuVHkcuPZEymBY8naUIMQQk09gfbe/iJc1p6Hh7uOGA8GA86PUYmTQfPHI4mXRz5OcIYIPsU5sUjh5txztwiilZ6laRng/AX3mvMKr4hdnHF0xb3fktI9/+ACAAA=[0m[INFO] [8mha:AAAAYB+LCAAAAAAAAABb85aBtbiIQSmjNKU4P0+vJLE4u1gvPjexLDVPzxdEGvvmZ+X75ZekLlOVfvTjc8FPJgaGiiIGKaiG5Py84vycVD1nCA1SyAABjCCFBQCV27OjYAAAAA==[0m--- gmaven-plugin:1.4:generateTestStubs (buildGroovies) @ cucumber ---
[8mha:AAABSx+LCAAAAAAAAACFj0FLwzAUx5/VavGoN0EpiHprq0xx7KTdOpQ6DwNBhodsjXXSJV2SSkHw83jQL+M38DRE/A4mTTMRD74c8uPl/3/vn5cvsDmD3bsi4ZR4eVakY8I9RPh4RDPKvBNJoaIeFRh0LVhgxeBUgguUC9iLtd+v/f7c78/9UtiKYSlBAglYi+/RA/IzRFK/L9iYpK2SwUadYkQJpxn2Qn3/3gxlLgPv/B9YLvx8duj7dX9mweIA7GFahV0f/F0uX2/V6xSeYFmmJGiCFVtlXjDj8JTDqx2vb1ezj83HbhVIJnMErGw3QnUURVEgS1EQKNY9Q42j44PThtFFkdFpiqoq1H7HTA4CMy9s/0xWrHuG9jvNep7qhG2j09Q5VEeAXQrMJgK2Bme96PLG7WKCGRI4cZvuufypy0Ux5KvfL89tcx0CAAA=[0m[INFO] Generated 9 Java stubs
[8mha:AAABOR+LCAAAAAAAAACFjsFKxDAQhsdqtXjUmyAIot7SKlWUPbndrQh1PSwIUjzE3Vor3aSmqRQEn8eDvoxv4GkR8R3MNM2KeHDmkI/J/8/8L19glwK2b6txyRkp8irNWEkoK7MRz7kgx4oCpAGXCeias8CKwGkEZ7SQsBNpv9v63ZnfnfmVsBPBwphKKmEluqMP1M0pS92hFBlLO7WAtTbFiLOS5wkJ9Pv7MtSFCrz1f2B18PPZ4e+Xw6kF8zHY12kTdjX+e1z93uDvPTzBokrJ6CRBtuqiEsZB0EFax+vbxfRj/fGkCaSSORKWNv0AGykMPVVInoesZ4b8g8O9rm90YWh0msKmKrzvmM2eZ/YFvZ/NyHpmaLd/1O7DSdAzOk39fWwJdi0TMZHgxKeD8PxqY/kbaqkK+wcCAAA=[0m[INFO] 
[8mha:AAAB7B+LCAAAAAAAAACFkctu00AUhodAIGIJOyokS4ibIl8S2dSkqkQ8ia20JnEJWKRWFxNn4tr4Euyx5YDE87CAl+ENWFUIwTMwY8dFFQvOLPzpnPOf/5f85RdoZyl4dJ6vsiQWNmHu+XEmoDjz3SRMUmFICTKaJgSDuq61QMsEnWrhJdoQ8Nis9eJOL17qxUs9XTwwwY0VIoiAO2aACiSGKPbEOUn92DsoU3Bvl8JN4iwJsQDr71VnUG5o4If/D0wNf37uJN8X84sWuO6A9tKrwt51/jWn0zWbvgefwE2aMkYRZtwqN3naKASmEHaKr9/six/3PxpVIJqsQ8CtBzJkj5GuS7QYSRLjuteQ/Ezta3Kzp+vNXk16VTnz7zSXJam5B0d/LzOuew31xs9391gHjpq9msYKewS0S4LTiIDfzmSqz864PUeNztFgSGuhdU04bEpbqgrSyNKfnMyjYHr8RrakbnFkjuW85xVWgEtzZFsfytXYKIrotPt2XznF78xwZq+L14Gr6taRhwzfnxjHyDcUa6vKxda1R70YDnvzLTUIINS1E2j392fBovI8PNxzpIjneS5CBY75FGdJnro44+ufPegLyoDgjLxqBtyTFV6jPCT8lfZT7gXn5m4eLXHK0Xu3/wBawwU37QIAAA==[0m[INFO] [8mha:AAAAYB+LCAAAAAAAAABb85aBtbiIQSmjNKU4P0+vJLE4u1gvPjexLDVPzxdEGvvmZ+X75ZekLlOVfvTjc8FPJgaGiiIGKaiG5Py84vycVD1nCA1SyAABjCCFBQCV27OjYAAAAA==[0m--- maven-resources-plugin:2.5:testResources (default-testResources) @ cucumber ---
[8mha:AAABSR+LCAAAAAAAAACFkMFKxDAQhsdqtXjUm6AsiHprq1RR9qTdrZfqZUGQ4iHbxlrpJjVNpCj4PB70ZXwDT4uI72DSNCviwckhH5P/n/nJyxfYNYPtG5HVlLhVKfKC1C4idZHSkjL3WFKo6JxyDLrmLLBicFrBGao47MTa73V+b+b3Zn4p7MewkCGOOKzEt+geeSUiuTfirCB5v2Gw1qVIKalpid1Q3783Q1PJwFv/B5YLP58d+n45mlown4A9ztuwq8nf5fL1Wr3ewRMsypQETbBiq6kEMw5XOdzO8fp2Mf1YfzxtA8lkDoelzSBUR1EU+bIU+b5i3TMUHBzunQRGF0VGpylqS6j9jpns+2ZeOPiZrFj3DO0Oj7p5qhMOjE7TcF8dDnbDMZtw2EgyPBb5VQ83OBUc9+TPc9xwgcriAS9/A5XpSKMdAgAA[0m[debug] execute contextualize
[8mha:AAABYB+LCAAAAAAAAACFj0FLwzAUx5/VafGoN0EoiO5kW2XKdCftVhHqPMwJMjzENquVmtQklYrg5/GgX8Zv4GmI+B1M2mYiHnw55MfL///ePy9f0OAMNq7ziFNiZ2keJ4TbiPAkpCll9oEkT1GfCgxVzRhgBGCWghOUCWgGld+p/c7U70z9UtgJYC5CAglYCm7QPXJSRGJnIFhC4k7BYKVOEVLCaYptr7p/b4Yik4HX/w8sF34+m/T9YjAxYHYEjau4DLs8+rtcvo7V6x08wbxMSdAtVmwUWc60w1YOu3a8vp1PPlYfj8pAMpkpYGGt5amjyPddWYpcV3HV09TabW8ftrTO97WuIr+sXO039WTX1fO87s9kxVVP01Zvr56nOl5X6yrq7agjoFEIzG4F7I+O+/7ppTXk8ktWc3jmb7abFiYhjVRDUCuk2YM1TlKpx5HFMKc5CzG3F78Bz0LDdTkCAAA=[0m[INFO] Using 'UTF-8' encoding to copy filtered resources.
[8mha:AAABSR+LCAAAAAAAAACFj8FKxDAQhsdqtXjUmyIURL21Vasoe9LuVoS6HhYEKR5it9ZKN+kmqVQEn8eDvoxv4GkR8R1MmmZFPDg55GPy/zN/Xr7AZBQ2b6shI9gpiyrLMXMQZnlCCkKdI0GBpD7hKaiaMcCIwGoEZ6jksBUpv9v63anfnfqFsBPB3BBxxGEpukP3yC0QztwBpznOOjWFlTZFQjAjReoE6v69GepSBN74P7BY+PlskffLwcSA2RjM66wJuxz/XS5eb+TrGJ5gXqTEaJRKNuqyotrhSIfTOl7fLiYfa48nTSCRzOKwsO4H8kgKQ0+UJM+TrHqa/P2DnWNf68JQ6xSFTVVyv6Une56eF3R/JktWPU3bvcN2nuwEXa1T1NuTh4NZ85SOOKzGp/3w/MoOSPkgPmXv2jRlpKJJyha/AWKwgQgaAgAA[0m[INFO] Copying 3 resources
[8mha:AAABiR+LCAAAAAAAAACFkcFKw0AQhsdqtXjUmyAERD2ZjVpF6UnTRoRYD1VBiodtuk1T0924O6kVwefxoC/jG3gqIr6Du01TEQ/OHvZjZv6Zf9mXLygqCRvdtK0Et5M4DSOubMpVFIhYSPtIk2uoLpBBFjMFKPhQGjec0QRh08/0ZKInUz2Z6nVjxYe5NkWKsOT36ICSmPKQNFBGPKwMJaxMXASCKxEz283u35thmGjD6/8b1gs/n0vi/boxKsBsE4qtcGx2ufl3ua52TPUOnmBeu+S0zwwXhkkqc4VtFPZE8fp2NfpYfTwZG9LOSggLa2XXHEOe5+gw5DiGs1xO5f2DneNy3ud5eV9G3jhSs7+UT3acfJ5b/ZlsOMvltF07nMwzGbea92VU2zMHoThEJvsI2Dyte+c3liuSB/0oa9eSTIlUBkxZKCwyoJLEUYv0GL8139oTLUUuGozKoHvJI0SmkNwLeasSGjASpEHabzFJkMqQITHlrSCmSjFFOoxiqscvfgM/0EEZcwIAAA==[0m[INFO] Copying 3 resources to /var/lib/jenkins/jobs/TSearchUnittest/workspace/cucumber/target/test-classes/features
[8mha:AAABiB+LCAAAAAAAAACFkUFLwzAUx5/TafGoN0EoiHqyqTLF4Um7VYQ5D1NBhoesy7puXVKTdBsIfh4P+mX8Bp6GiN/BpG0m4sGXQ3689/7v/UNevqAsOOz0065g1EniNIyocDAVUcBixp1TRZ6mJpME8lgoQakBVtZwiRMJu41cjwo9muvRXK8aTxqw1MUSS1hrDPAYoxjTELUkj2h4MuWwUbgIGBUsJo6X3783wzRRhrf/N6wWfj5b7P2uNSvBYhvKnTAzu97+u1xVe7r6AE+wrFxSPCKaS9Mk5UbhaIVTKF7fbmcfm4/nmSHlzJKwslXx9NHk+64KTa6rOc8ZqhwdH5xVTJ/vm76c/CxSvd8yk13XzPNqP5M15zlD+/VqMU9nvJrpy6l+qI+E8lQSPpIwaV80/at7u7g8NkqiWL3OrtqCpTwgdi+KibAls9EYcxRHHTQgdKi/eMA6Al23COZB/4ZGUhIh0YTxoUhwQFCQBumoQziSmIdEIl3eC2IsBBGr35V1/gB2AgAA[0m[INFO] [INFO] Compiling 9 source files to /var/lib/jenkins/jobs/TSearchUnittest/workspace/cucumber/target/test-classes
[8mha:AAABMR+LCAAAAAAAAACFjrFOwzAQhq+BQMQIGxITAjY7oIBAnSBtWAJLJSTUybQhBKV2cJwqEhLPw9C+DG/AVCHEO+CL4yLEwN3gT+f/v/tnX+CWEvYfqnEpOCnyKs14SRgvs5HIhSTnmkKka6ESMNVxwInBawRXrFBwEBs/bf106adLvxZ2Y1gdM8UUbMaPbMpoznhKB0pmPO3WErbbFCPBS5EnJDTv78tQFzrw3v+B9cHPV0+83w4WDqwMwb1Lm7Bbw7/H9e89/j7BC6zplJxNEmSnLippHQQdpHXM324WHzvPl00gncxTsL4bhNhIUeTrQvJ9ZDOzFJycHl0EVhdFVmcoaqrC+57d7Pt2X9j72YxsZpYO+2ftPpyEPasz1D/GVuDWKpETBZ2Nbxim58gAAgAA[0m
[8mha:AAAB7B+LCAAAAAAAAACFkctu00AUhodAIGIJOyokS4ibIl8SHGpSVSKexFZak7gKWKRWFxNn4tr4hj22HJB4HhbwMrwBqwpVvAMzdlxALDiz8Kdzzn/+X/KXn6CdpeDReb7O4khIgtz1okxAUeY5cRCnwogSZDSLCQZ1XWuBlgE61cIrlBDw2Kj14k4vXunFKz1dPDDAjTUiiIA7ho8KJAYocsUFSb3IPShTcG+XwomjLA6wAOvv386gTGjgh/8PTA0vP3fi78vFRQtct0F75VZh79r/mtPphk3fg0/gJk0ZoRAzbpVJnjYKgSmEneLrN+vix/2PehWIJusQcOuBDNljpGkSLUaSxLjuNSQ/V/qq3OxpWrNXk1ZVzvw7zWVJau7B8e/LjOteQ73Ji9091oHjZq+myYA9AtolwWlIwKU9nWnzM27PVsJzNBzRWqpdA46aUlfKAKlk5U1PFqE/O34jm1K3ODImct5zC9PHpTG2zA/leqIXRXjafbs/OMXvjGBubYrXvqNo5pGLdM+b6sfI0wfmVpGLrWONexEc9RZbauBDqKkn0Orvz/1l5Xl4uGdLIc/zXIgKHPFOHCZegFO+/tfDvvBM6A8JzgisJ9yTNd6gPCD8H82n3EvOyZ08XOGUo8du/wIsZz1k6gIAAA==[0m[INFO] [8mha:AAAAYB+LCAAAAAAAAABb85aBtbiIQSmjNKU4P0+vJLE4u1gvPjexLDVPzxdEGvvmZ+X75ZekLlOVfvTjc8FPJgaGiiIGKaiG5Py84vycVD1nCA1SyAABjCCFBQCV27OjYAAAAA==[0m--- maven-compiler-plugin:2.3.2:testCompile (default-testCompile) @ cucumber ---
[8mha:AAABOR+LCAAAAAAAAACFjsFKxDAQhsdqtXjUmyAIot7SKlWUPbndrQh1PSwIUjzE3Vor3aSmqRQEn8eDvoxv4GkR8R3MNM2KeHDmkI/J/8/8L19glwK2b6txyRkp8irNWEkoK7MRz7kgx4oCpAGXCeias8CKwGkEZ7SQsBNpv9v63ZnfnfmVsBPBwphKKmEluqMP1M0pS92hFBlLO7WAtTbFiLOS5wkJ9Pv7MtSFCrz1f2B18PPZ4e+Xw6kF8zHY12kTdjX+e1z93uDvPTzBokrJ6CRBtuqiEsZB0EFax+vbxfRj/fGkCaSSORKWNv0AGykMPVVInoesZ4b8g8O9rm90YWh0msKmKrzvmM2eZ/YFvZ/NyHpmaLd/1O7DSdAzOk39fWwJdi0TMZHgxKeD8PxqY/kbaqkK+wcCAAA=[0m[INFO] 
[8mha:AAAB6R+LCAAAAAAAAACFkctu00AUhodAIGIJOyokS6hcFMWXyqEmVSXiSWylNYmrgEVqdTF2pq5d37DHlgMSz8MCXoYtK1YVQrwDM3ZchFhwZjGfzpz//L80n3+Bbp6BxxfFOk9iPg0Lz49zHsW57yZhkvFjSpDRPCEYNHWjAzoG6NUDr1BKwBOj0QtbvXCtF671dPDAALfWiCAC7hkBKpEQotgTliTzY++gysCDbQo3ifMkxDxs7r+dQZXSwLv/D0wNf37qJd9Xy6sOuGmDruPVYe/b/5rT13P2+g58BLdpyhhFmHGnSousVfBMwW8VX75aVz8eftDrQDRZj4A7j2TIDiNNE2kxEkXGTa8l+bmyp8rtnKa1cw1pdRXMv9duFsV2H5z82cy46bUkTV9s97EOnLRzDU2H7BDQrQjOIgK+2bO5tjjjdmwlukCjMa2V2jfguC3VUYZIJY4/O1lGwfz4jWyK/fLImMqF5JVmgCtjYpnvq/VUL8votP92f3iKL41wYZ2XrwNX0cwjD+m+P9OPka8PzY0ilxvXmkgxHEvLDTUIINTUE2jt7S+CVe15eLhji9FgMOC8CJU4HjR/PJJ4eURwTmASpX6IuadO4YdrPUuS0sf5M+4l5xZuETk446j47m+MvaPK2gIAAA==[0m[INFO] [8mha:AAAAYB+LCAAAAAAAAABb85aBtbiIQSmjNKU4P0+vJLE4u1gvPjexLDVPzxdEGvvmZ+X75ZekLlOVfvTjc8FPJgaGiiIGKaiG5Py84vycVD1nCA1SyAABjCCFBQCV27OjYAAAAA==[0m--- gmaven-plugin:1.4:testCompile (buildGroovies) @ cucumber ---
[8mha:AAABOR+LCAAAAAAAAACFjsFKxDAQhsdqtXjUmyAIot7SKlWUPbndrQh1PSwIUjzE3Vor3aSmqRQEn8eDvoxv4GkR8R3MNM2KeHDmkI/J/8/8L19glwK2b6txyRkp8irNWEkoK7MRz7kgx4oCpAGXCeias8CKwGkEZ7SQsBNpv9v63ZnfnfmVsBPBwphKKmEluqMP1M0pS92hFBlLO7WAtTbFiLOS5wkJ9Pv7MtSFCrz1f2B18PPZ4e+Xw6kF8zHY12kTdjX+e1z93uDvPTzBokrJ6CRBtuqiEsZB0EFax+vbxfRj/fGkCaSSORKWNv0AGykMPVVInoesZ4b8g8O9rm90YWh0msKmKrzvmM2eZ/YFvZ/NyHpmaLd/1O7DSdAzOk39fWwJdi0TMZHgxKeD8PxqY/kbaqkK+wcCAAA=[0m[INFO] 
[8mha:AAAB6R+LCAAAAAAAAACFkctu00AUhodAIGIJOyokS6hcFPkWOdSkqkQ8ia20JnEVsEitLibOxLXrS7DHlgMSz8MCXoY1G1YVQrwDM3ZchFhwZuFvzpz//L/kz79AO0vB44t8lSWxsAlzz48zAcWZ7yZhkgpDSpDRNCEY1HWjBVom6FQDr9CGgCdmrRd3evFaL17r6eChCW6tEEEE3DMDVCAxRLEnzknqx95hmYIHuxRuEmdJiAVYf/92BuWGBt7/f2Bq+PNTJ/m+mF+1wE0HtJdeFfa+8685fV2z13fgI7hNU8Yowoxb5SZPG4XAFMJO8eWrffXj4QejCkSTdQi480iB7DDSdYkWI0liXPcaUp6rPU1p5nS9matJrypn/p1msyQ1++Doz2bGda8hefxit4914KiZq2ncZ4eAdklwGhHwzZlM9dk5t+eo0QUaDGkttK4Jh01pS7WPNLL0J6fzKJievFEsqVscm2Mll73CCnBpjmzrfbkaG0URnXXfHvTP8KUZzux18TpwVd069pDh+xPjBPlG39qqSrF17ZEcw6E831KDAEJdO4V272AWLCrPo6M9R4p4nuciVOCYz/IUr/0U8/W/HvQEWRoQnBHu6QqvUR4Snt2ecS85N3fzaIlTjqrv/gZiSAMx2wIAAA==[0m[INFO] [8mha:AAAAYB+LCAAAAAAAAABb85aBtbiIQSmjNKU4P0+vJLE4u1gvPjexLDVPzxdEGvvmZ+X75ZekLlOVfvTjc8FPJgaGiiIGKaiG5Py84vycVD1nCA1SyAABjCCFBQCV27OjYAAAAA==[0m--- maven-surefire-plugin:2.10:test (default-test) @ cucumber ---
[8mha:AAABTx+LCAAAAAAAAACFjsFKw0AQhsdoNHjUmyAERb0lUaNYetK0KUKsh4IgwcPaxhhJd+PupkQEn8eDvoxv4KmI+A7uZrMV8eDMYT9m/3/mf/kCk1HYvi1HjGCnyMs0w8xBmGVDkhPqHAsKJPUJT0DVnAFGBFYtOEMFh51I+d3G78787swvhO0IFkaIIw4r0R2aIDdHOHUHnGY4bVcU1poUQ4IZyRMnUO/vy1AVIvDW/4HFwc9ni7xfDqYGzMdgXqd12NX473HxeyN/7+EJFkVKjMaJZKMqSqodjnQ4jeP17WL6sf7YqwOJZBaHpU0/kC0pDD1RkjxPsppp8g+P9k58rQtDrVMU1lXK+5be7Hl6X9D52SxZzTTtdlvNPjkJOlqnqHsgm4NZ8YSOOWzEp/3w/MoOyLjI8mRk77fsHiVk8mAPc8RYwpa/AYJGmAghAgAA[0m[INFO] Compiled 39 Groovy classes
[8mha:AAABhB+LCAAAAAAAAACFkc1Kw0AUha/VanCpO0EoiLoyE6WK2pWmjQixLqKCFBeTdJqmpjNxZlIrgs/jQl/GN3BVRHwHZ/JTERfeWczHnXvOPTAvX1AVHDb6aVcwaiZxGkZUmJiKKGAx4+aRIltTm0kCec1UoOKCkQ2c4UTCppvrUaFHUz2a6tVgw4W5LpZYwpI7wCOMYkxD5Eke0bAx5rBSpAgYFSwmpp3fvzfDOFGB1/8PrBZ+Phvs/dqbVGC2A1U/zMIud/4uV689/XoHTzCvUlI8JJor4yTlpcLUCrNQvL5dTT5WH0+yQCqZIWFhrW7ro8lxLFWaLEtz3iupvre/c1wv5xynnMvJySrV+43S2bJKP7v546w575W03Too/HTHbpZzObV29ZFQHUvChxJE57TtnN/UvJSTXsRJjZOEcVnrKg4k4w+HNTTCHMWRjwaE3uqvHTBfoAuPYB70L2kkJRES3TN+KxIcEBSkQTr0CUcS85BIJArrrdxaLH4DbmQhqnICAAA=[0m[INFO] Surefire report directory: /var/lib/jenkins/jobs/TSearchUnittest/workspace/cucumber/target/surefire-reports
[8mha:AAABMR+LCAAAAAAAAACFjrFOwzAQhq+BQMQIGxITAjY7oIBAnSBtWAJLJSTUybQhBKV2cJwqEhLPw9C+DG/AVCHEO+CL4yLEwN3gT+f/v/tnX+CWEvYfqnEpOCnyKs14SRgvs5HIhSTnmkKka6ESMNVxwInBawRXrFBwEBs/bf106adLvxZ2Y1gdM8UUbMaPbMpoznhKB0pmPO3WErbbFCPBS5EnJDTv78tQFzrw3v+B9cHPV0+83w4WDqwMwb1Lm7Bbw7/H9e89/j7BC6zplJxNEmSnLippHQQdpHXM324WHzvPl00gncxTsL4bhNhIUeTrQvJ9ZDOzFJycHl0EVhdFVmcoaqrC+57d7Pt2X9j72YxsZpYO+2ftPpyEPasz1D/GVuDWKpETBZ2Nbxim58gAAgAA[0m
[8mha:AAABNR+LCAAAAAAAAACdjrFKxEAQhsdoNFhqJ1iJWrkbJcrJVZq72ESbA0GuWu9ijOR242ZzBASfx0JfxjewOkR8B3ey2ROxEJwp9mP2/2f+509wSwk7t9W4FJwUeZVmvCSMl9lI5EKSE00h0oVQCZhacMCJwWsE56xQsBsbP239dO6nc78WdmNYGjPFFKzFd2zKaM54SgdKZjzt1hI22hQjwUuRJyQ078/LUBc68PbfgfXBjydPvF0NZg4sDsG9Tpuw68Pfx/XvDf7ewyMs65ScTRJkpy4qaR0EHaR1vLxezt43H86aQDqZp2BlKwixkaLI14Xk+8hmZik46hycBlYXRVZnKGqqwvue3ez7dl/Y+96MbGaW9vvH7T6chD2rM9Q/xFbg1iqREwWdvf/V6hdjsPiwNwIAAA==[0m-------------------------------------------------------
[8mha:AAABOR+LCAAAAAAAAACFjsFKxDAQhsdqtehNb4JQEPWWVqmi7Em7rZfqpSLInuJurSvdpKapFASfx4O+jG/gaRHxHcw0zYp4cALJx+T/Z/6XL7ArAdu39ajijJRFnY9ZRSirxkNecEGOFYVI51xmoGvOAisBpxWc0VLCTqL9Xuf3Zn5v5lfCXgILIyqphNXkjj5Qr6As91IpxizvNQLWuxRDzipeZCTU7+/N0JQq8Nb/gdXCz2eHv1+lUwvmB2Bf523YtcHf5er3Bn/v4QkWVUpGJxmy1ZS1MA6CDtI5Xt8upx8bj6dtIJXMkbC0GYR4kOLYV4Xk+8i6Zyg4ONw7CYwujo1OU9xWjfsdM9n3zbyw/zMZWfcM7UZH3TzshH2j0xTt45FgNzITEwkr7oUbuam60+Vv763aYgoCAAA=[0m T E S T S
[8mha:AAABNR+LCAAAAAAAAACdjrFKxEAQhsdoNFhqJ1iJWrkbJcrJVZq72ESbA0GuWu9ijOR242ZzBASfx0JfxjewOkR8B3ey2ROxEJwp9mP2/2f+509wSwk7t9W4FJwUeZVmvCSMl9lI5EKSE00h0oVQCZhacMCJwWsE56xQsBsbP239dO6nc78WdmNYGjPFFKzFd2zKaM54SgdKZjzt1hI22hQjwUuRJyQ078/LUBc68PbfgfXBjydPvF0NZg4sDsG9Tpuw68Pfx/XvDf7ewyMs65ScTRJkpy4qaR0EHaR1vLxezt43H86aQDqZp2BlKwixkaLI14Xk+8hmZik46hycBlYXRVZnKGqqwvue3ez7dl/Y+96MbGaW9vvH7T6chD2rM9Q/xFbg1iqREwWdvf/V6hdjsPiwNwIAAA==[0m-------------------------------------------------------
[8mha:AAABMR+LCAAAAAAAAACFjrFOwzAQhq+BQMQIGxITAjY7oIBAnSBtWAJLJSTUybQhBKV2cJwqEhLPw9C+DG/AVCHEO+CL4yLEwN3gT+f/v/tnX+CWEvYfqnEpOCnyKs14SRgvs5HIhSTnmkKka6ESMNVxwInBawRXrFBwEBs/bf106adLvxZ2Y1gdM8UUbMaPbMpoznhKB0pmPO3WErbbFCPBS5EnJDTv78tQFzrw3v+B9cHPV0+83w4WDqwMwb1Lm7Bbw7/H9e89/j7BC6zplJxNEmSnLippHQQdpHXM324WHzvPl00gncxTsL4bhNhIUeTrQvJ9ZDOzFJycHl0EVhdFVmcoaqrC+57d7Pt2X9j72YxsZpYO+2ftPpyEPasz1D/GVuDWKpETBZ2Nbxim58gAAgAA[0m
[8mha:AAABOR+LCAAAAAAAAACFjsFKxDAQhsdqtexRb4IgiHpLq1RR96TdrZfqwQVB9hR3a610k5qkUhB8Hg/6Mr6Bp0XEdzDTNCviwZlDPib/P/O/fIErBWzdVmPJGSmLKsuZJJTJfMQLLsixpgjpnKsUTM054CTgNYIzWirYTozfb/3+zO/P/FrYTWBhTBVVsJzc0QfqF5Rl/kCJnGXdWsBqm2LEmeRFSiLz/r4MdakDb/4fWB/8fPb4+9Vg6sD8ENzrrAm7Mvx7XP/e4O89PMGiTsnoJEV26rIS1kHQQVrH69vl9GPt8bQJpJN5CpY2wggbKY4DXUhBgGxmlsL9g92T0Ori2OoMxU1VeN+zm4PA7ot6P5uRzczSTv+w3YeTqGd1hvp72ArcWqVioqBzkcqqUHL9qPMNuwXJUgkCAAA=[0mResults :
[8mha:AAABMR+LCAAAAAAAAACFjrFOwzAQhq+BQMQIGxITAjY7oIBAnSBtWAJLJSTUybQhBKV2cJwqEhLPw9C+DG/AVCHEO+CL4yLEwN3gT+f/v/tnX+CWEvYfqnEpOCnyKs14SRgvs5HIhSTnmkKka6ESMNVxwInBawRXrFBwEBs/bf106adLvxZ2Y1gdM8UUbMaPbMpoznhKB0pmPO3WErbbFCPBS5EnJDTv78tQFzrw3v+B9cHPV0+83w4WDqwMwb1Lm7Bbw7/H9e89/j7BC6zplJxNEmSnLippHQQdpHXM324WHzvPl00gncxTsL4bhNhIUeTrQvJ9ZDOzFJycHl0EVhdFVmcoaqrC+57d7Pt2X9j72YxsZpYO+2ftPpyEPasz1D/GVuDWKpETBZ2Nbxim58gAAgAA[0m
[8mha:AAABUR+LCAAAAAAAAACFjsFKxDAQhsfqavGoN0FYEPUiaVdWUfek3dZL9VIRZE9xN9ZqN+kmqRQEn8eDvoxv4GkR8R1MmmZFPDg55Mvk/2f+ly9oCQ5bt+VIMIqKvEwzKhCmIhuynHF0rCjQdM4kAVNzDjgxuLXgDBcStmPj9xq/N/N7M78S9mJYGGGJJazEd/gBezmmqZdIntG0V3FYa1IMGRUsJygw9+/NUBUq8Ob/gdXCz2eXvV8lUwfmB9C6Tuuwq4O/y9Xvjf6dwBMsqpQUj4lmpypKbh1IO1DjeH27nH6sP57WgVQyV8LSRjfQR1MU+ao0+b5m07PU3T/YPelaXRRZnaGorlLvd+1k37fzgv7PZM2mZ6kTHjbzdCfoW52hcE8fCa1KEj6W0LkgQoo2L+lR299pRzjLS05E/Qg5Z9xgcp8VBRkpXv4G/KmE3TACAAA=[0mTests run: 0, Failures: 0, Errors: 0, Skipped: 0
[8mha:AAABMR+LCAAAAAAAAACFjrFOwzAQhq+BQMQIGxITAjY7oIBAnSBtWAJLJSTUybQhBKV2cJwqEhLPw9C+DG/AVCHEO+CL4yLEwN3gT+f/v/tnX+CWEvYfqnEpOCnyKs14SRgvs5HIhSTnmkKka6ESMNVxwInBawRXrFBwEBs/bf106adLvxZ2Y1gdM8UUbMaPbMpoznhKB0pmPO3WErbbFCPBS5EnJDTv78tQFzrw3v+B9cHPV0+83w4WDqwMwb1Lm7Bbw7/H9e89/j7BC6zplJxNEmSnLippHQQdpHXM324WHzvPl00gncxTsL4bhNhIUeTrQvJ9ZDOzFJycHl0EVhdFVmcoaqrC+57d7Pt2X9j72YxsZpYO+2ftPpyEPasz1D/GVuDWKpETBZ2Nbxim58gAAgAA[0m
[8mha:AAABTR+LCAAAAAAAAACFj8FKxDAQhsdqtXjUmyCsiHprq6yi7GntbkWte7AgyOIhtrGudJOapFIQfB4P+jK+gadFxHcwaZoV8eDkkI/J/8/8efkCmzPYvC1TTolb5GU2ItxFhI8SmlPmdiUFigZUYNA1Y4EVgVMLzlAhYCvSfq/xe1O/N/VLYSeCuRQJJGApukMPyMsRybxYsBHJOhWDlSZFQgmnOXYDff/eDFUhA2/8H1gu/Hx26PtlPLFgdgj2dVaHXR7+XS5fb9TrPTzBvExJ0BgrtqqiZMbhKofbOF7fLiYfq49HdSCZzBGwsN4O1FEUhr4sRb6vWPcMtff2dw7bRheGRqcprKtU+x0z2ffNvKD3M1mx7hna7h8081Qn6Bmdpv6uOgLsSmA2FrA2POkPTo8H8VXrHCeUpfJnLYG5aDHMy1zwxW9i5kciIAIAAA==[0m[JENKINS] Recording test results
[8mha:AAABPh+LCAAAAAAAAABb85aBtbiIQS2jNKU4P0+vIKc0PTOvWC8xrzgzOT8nv0jPEchyBrH88ktSGSCAkYmByYeBA6zAN7GghEHdB6JfH6pfH65fH64fqNDah4ElJbEksYRByCcrsSxRPycxL10/uKQoMy/duqKIQQrqiuT8vOL8nFQ9ZwiNajNDRQHQwaqEHQy08PUKjvyHkcHPmRiYoxlYk9LBjhWOxrQcKJsGki1kqGNgA7oyLzE3FcRmqigoLYLp0APp0IPqWHsp7PlL2Wp3sIOALuMoYWBXNnEGQRDLzc0ACEAsAwMQGyIGY5mYWRg5mcDUubnB1EFYbmBQCrKfA2aygQHMPGcXhMkgNkQMxjJ0tYSaBxJxdoGpg7BcTUGwhIG1oiS1KLeEISDa08/NP1ZBl0qACwBzBPd0TwIAAA==[0m[INFO] ------------------------------------------------------------------------
[8mha:AAABRx+LCAAAAAAAAACFjsFKxDAQhsdqtXjUiwjCgqi3tkoVdU/a3YhQV7AgSPEQu7WutElNU6kIPo8HfRnfwNMi4juYNM2KeHDmkI/J/8/8L19glgzWb6phSYldZFU6IqWNSTmKaUaZfSDIlzSgPAFVUwYYAViN4AQXHDYC5XdavzPxOxO/EHYDmBlijjksBLf4HjsZJqkTcjYiabdmsNymiCkpaZbYvnp/X4a6EIHX/g8sDn4+W/T9IhwbMB2BeZU2YRejv8fF77X8vYMnmBUpCc4TyUZdVEw7bOmwW8fr2/n4Y+XxqAkkklkc5lY9X7YkhFxRklxXsppp8nZ2tw49rUNI6xShpip539KbXVfv83s/myWrmabN/l67T078ntYp6m/L5mDWPGE5h6XoeIBOLztnCY45ZZ2wynPMHvbnvwEz5azBFwIAAA==[0m[INFO] Reactor Summary:
[8mha:AAABOR+LCAAAAAAAAACFjsFKxDAQhsdqtXjUmyAIot7SKlWUPbndrQh1PSwIUjzE3Vor3aSmqRQEn8eDvoxv4GkR8R3MNM2KeHDmkI/J/8/8L19glwK2b6txyRkp8irNWEkoK7MRz7kgx4oCpAGXCeias8CKwGkEZ7SQsBNpv9v63ZnfnfmVsBPBwphKKmEluqMP1M0pS92hFBlLO7WAtTbFiLOS5wkJ9Pv7MtSFCrz1f2B18PPZ4e+Xw6kF8zHY12kTdjX+e1z93uDvPTzBokrJ6CRBtuqiEsZB0EFax+vbxfRj/fGkCaSSORKWNv0AGykMPVVInoesZ4b8g8O9rm90YWh0msKmKrzvmM2eZ/YFvZ/NyHpmaLd/1O7DSdAzOk39fWwJdi0TMZHgxKeD8PxqY/kbaqkK+wcCAAA=[0m[INFO] 
[8mha:AAABVB+LCAAAAAAAAACNjsFKw0AQhsdoNXjUmyAERL1toqRV6UnTRIS0FYKChB7WNqaVdBM3GwkIPo8HfRnfwFMR8R3czWYr4kFnDvsx+/8z//MnNHIKO+NilKcEZUkRT0iOMMknwzRJKTrm5AjqpSwCWQsaaD7olaCLMwa7vvSbtd+c+825nwvbPiyNMMMM1vxbfI/NBJPYDBidkLhdUtioUwxTkqdJhBz5/rwMZcYDb/8dmB/8eNLTt6tgpsFiCI3ruAq7Hv4+zn9vxO8dPMIyT0nwNBKslVlBlQMJB6odL6+Xs/fNh9MqEE+mM1jZsh3RgjzP4iXIsgTLmSK7dbh/Yiud5ymdJK+qQtzX1WbLUvuczvdmwXKmaM89qveJidNROkluUzSDRskiOmXgh2c9rz8wggjT4dg473cN9M8yggvHcYPACG3UPGjlg9UvUPQsmEsCAAA=[0m[INFO] Search POM ........................................ SUCCESS [4.576s]
[8mha:AAABVB+LCAAAAAAAAACVjs9Kw0AQxsdoNXjUmyAERL1t0lr/9qRpI0JsD0FBQg9rG9NKmo27GwkIPo8HfRnfwFMR8R3czWYr4kGcOeyP2e+b+Z4/ocYobI3yISMpypI8HqcM4ZSNByQhFB0LciV1CY9A1ZwBhg9mKTjHGYdtX/ntym/P/PbML4QtHxaGmGMOK/4tvsd2gtPYDjgdp3GroLBWpRiQlJEkQq56f16GIhOBN/8OLA5+PJnk7SqYGjAfQu06LsOuhr+Pi98b+XsHj7AoUqZ4Ekk2iiyn2oGkA1WOl9fL6fv6w2kZSCQzOSxtNF3ZkjzPESXJcSSrmabm3kHjpKl1nqd1iryycnnf1JsdR+9z29+bJauZpnrnsNonJ25b6xR1dmVzqBU8ohMOvfCs6/X6FoswHYws9I+yggvX7QSBFdaPdhrosL7P+stfCZtzCk4CAAA=[0m[INFO] search ............................................ SUCCESS [1:32.917s]
[8mha:AAABUh+LCAAAAAAAAACNjsFKw0AQhsdoNXjUmyAERL1tYmlF6Um3iQixHoKChB62aYyVdDcmGwkIPo8HfRnfwFMR8R3czWYr4kFnDvsx+/8z//MntIocdm7KccEoytIymdACEVpMIpayHB0JwpIGjMegasEAwwezFpyRjMOur/x247fnfnvuF8KeD0tjwgmHNf+W3BM7JTSxA55PaNKrcthoUkSMFiyNEVbvz8tQZSLw9t+BxcGPJ5O9XQUzAxZDaI2SOux6+Pu4+L2Wv3fwCMsiJSXTWLJRZWWuHUg6UON4eb2cvW8+nNSBRDKTw8pWB8uW5HmOKEmOI1nNNHX2D9rHHa3zPK1T5NVVyvum3uw4eh/uf2+WrGaa9tzDZp+c4L7WKXK7sjm0Kh7nUw5+eDrwzodWVEbldBTnFvp3WcEFxm4QWGEXdZ12MVz9Am4qf7NLAgAA[0m[INFO] cucumber .......................................... SUCCESS [5.502s]
[8mha:AAABPh+LCAAAAAAAAABb85aBtbiIQS2jNKU4P0+vIKc0PTOvWC8xrzgzOT8nv0jPEchyBrH88ktSGSCAkYmByYeBA6zAN7GghEHdB6JfH6pfH65fH64fqNDah4ElJbEksYRByCcrsSxRPycxL10/uKQoMy/duqKIQQrqiuT8vOL8nFQ9ZwiNajNDRQHQwaqEHQy08PUKjvyHkcHPmRiYoxlYk9LBjhWOxrQcKJsGki1kqGNgA7oyLzE3FcRmqigoLYLp0APp0IPqWHsp7PlL2Wp3sIOALuMoYWBXNnEGQRDLzc0ACEAsAwMQGyIGY5mYWRg5mcDUubnB1EFYbmBQCrKfA2aygQHMPGcXhMkgNkQMxjJ0tYSaBxJxdoGpg7BcTUGwhIG1oiS1KLeEISDa08/NP1ZBl0qACwBzBPd0TwIAAA==[0m[INFO] ------------------------------------------------------------------------
[8mha:AAABRh+LCAAAAAAAAACFjsFKw0AQhsdoNHhUvAhCQdRbEiWK0pPdJFKI9RAqSPCwtjFG0t002UhA8Hk86Mv4Bp6KiO/gbjZbEQ/OHPZj9v9n/pcv0MsCdu+qcUmJmWdVkpLSxKRMRzSjhXnKCQkaUBaDrAUNtACMRnCOcwZ7gfRbrd+a+625nwu7ASyNMcMM1oJ7/ICtDJPEClmRkqRbF7DZphhRUtIsNpF8f1+GOueBd/4PzA9+Phv0/SqcabAYgX6TNGHXo7/H+e+t+J3CEyzzlARPYsFanVeFcpjCYbaO17fL2cfW41kTiCczGKxsO0i0IN+3eQmybcFypsg5Oj7oOUrn+0onyW+qEvcNtdm21T7k/mwWLGeK9r2Tdp+YIFfpJHmHohnoNYuLCYONqD/wL647vWE/cDvhECEvDFe/AYw5bAIUAgAA[0m[INFO] BUILD SUCCESS
[8mha:AAABPh+LCAAAAAAAAABb85aBtbiIQS2jNKU4P0+vIKc0PTOvWC8xrzgzOT8nv0jPEchyBrH88ktSGSCAkYmByYeBA6zAN7GghEHdB6JfH6pfH65fH64fqNDah4ElJbEksYRByCcrsSxRPycxL10/uKQoMy/duqKIQQrqiuT8vOL8nFQ9ZwiNajNDRQHQwaqEHQy08PUKjvyHkcHPmRiYoxlYk9LBjhWOxrQcKJsGki1kqGNgA7oyLzE3FcRmqigoLYLp0APp0IPqWHsp7PlL2Wp3sIOALuMoYWBXNnEGQRDLzc0ACEAsAwMQGyIGY5mYWRg5mcDUubnB1EFYbmBQCrKfA2aygQHMPGcXhMkgNkQMxjJ0tYSaBxJxdoGpg7BcTUGwhIG1oiS1KLeEISDa08/NP1ZBl0qACwBzBPd0TwIAAA==[0m[INFO] ------------------------------------------------------------------------
[8mha:AAABSx+LCAAAAAAAAACFjsFKw0AQhsdoNHjUm1AIiHrbpJIW2540bUSI9VARJHhY2xgjyW5MNhIQfB4P+jK+gaci4ju4m81WxIMzh/2Y/f+Z/+UL9CKH3dtyVlCCsqSMYlIgTIp4ShOao0NOrqAxZSHIWtJA88GoBac4Y7DnS7/V+K2F31r4uXDgw8oMM8xgw7/DD9hKMImsCctjEg2qHLaaFFNKCpqEyJXv78tQZTzwzv+B+cHPZ4O+X07mGiwHoF9HddjN4O9x/nsjfu/hCVZ5SoLTULBWZWWuHEg4UON4fbuYf7Qej+tAPJnBYG3bcUUL8jyblyDbFixnipzuwf6Ro3Sep3SSvLpKcd9Qm21b7XOHP5sFy5mi9qjX7BMTd6h0kkYd0Qz0ioV5yqAVnIy9syvznDKcmCxOw77Z7jsdZPe6xfo3YuWWIhwCAAA=[0m[INFO] Total time: 1:45.096s
[8mha:AAABXB+LCAAAAAAAAACFjsFKw0AQhsdoNXjUmyAsiHpLNm0stj3VtBEh1kOrIMXD2sY0Ejdxs5GA4PN40JfxDTwVEd/B3SRbEQ/OHPZj9v9n/pcvqKUM9mbZNI2pkURZENLUIDQNJ3EUM6MryJE0iLkPZS1poHmgF4JTknDY90q/WfnNhd9c+IWw48HKlHDCYcO7JQ/EjAgNzCFnIQ06OYOtKsUkpmkc+YZTvr8vQ56IwLv/BxYHP5/1+P1yONdgeQy166AIuzn+e1z83sjfe3iCVZGSkjtfspYnGVMOQzqMyvH6djH/2H48LgKJZDqHtR3bkS3JdbEoSRhLLmeK7OZh/chWOtdVupLcojJ5X1ebMVb7nN7PZsnlTJHVb1X75MTpKV1J/QPZHGo599kdB2t8MnDPrpAb0jCd+VNEeBuNZhnqJgxhG9WtNm62Gy10PnJQHVuN9W/M58GWMAIAAA==[0m[INFO] Finished at: Thu Apr 04 21:06:39 UTC 2013
[8mha:AAABTh+LCAAAAAAAAACFjsFKw0AQhsdoNXjUmyAGRL0laa3V2pOmXRGSeigIUjysbYyRdDduNhIRfB4P+jK+gaci4ju4m81WxIMzh/2Y/f+Z/+ULahmD7Zt8nFFip0kexSSzMcniEU0os48EeZL6lIegas4AwwezFAQ45bDjK79T+Z2Z35n5hbDjw8IYc8xhxb/F99hJMImcAWcxiToFg7UqxYiSjCah7an392UoUhF46//A4uDns0nfLwZTA+aHULuKyrCrw7/Hxe+1/L2DJ1gUKQmehJKNIs2ZdtjSYVeO17fz6cf640kZSCQzOSxtNj3ZkhByRUlyXclqpqnZOmgcN7UOIa1ThMrK5X1Tb3Zdvc/r/myWrGaa6r12tU9OvK7WKertyeZQK3jIJhw2hqd9dHZpoZjgxArCCWUPh1arETj1xu5+sPwNNGcclx4CAAA=[0m[INFO] Final Memory: 62M/1237M
[8mha:AAABPh+LCAAAAAAAAABb85aBtbiIQS2jNKU4P0+vIKc0PTOvWC8xrzgzOT8nv0jPEchyBrH88ktSGSCAkYmByYeBA6zAN7GghEHdB6JfH6pfH65fH64fqNDah4ElJbEksYRByCcrsSxRPycxL10/uKQoMy/duqKIQQrqiuT8vOL8nFQ9ZwiNajNDRQHQwaqEHQy08PUKjvyHkcHPmRiYoxlYk9LBjhWOxrQcKJsGki1kqGNgA7oyLzE3FcRmqigoLYLp0APp0IPqWHsp7PlL2Wp3sIOALuMoYWBXNnEGQRDLzc0ACEAsAwMQGyIGY5mYWRg5mcDUubnB1EFYbmBQCrKfA2aygQHMPGcXhMkgNkQMxjJ0tYSaBxJxdoGpg7BcTUGwhIG1oiS1KLeEISDa08/NP1ZBl0qACwBzBPd0TwIAAA==[0m[INFO] ------------------------------------------------------------------------
[8mha:AAABwx+LCAAAAAAAAACNUd1K40AYHatdi5funbBQWH+uOjOtURSvurHxr1YhriBlkUk61tRkJs5MakDwebzQl/ENvBIR38GZpKlIL9xvAnP4vnPOd4Y8vIOyFGD5MulJzmAcJv2ASUiYDHwecgGbGtkGdbiiIK+pEii1QSUjHJJYgZV2rkcjPRrr0ViviVttMNMjiigw3x6QIUEhYX3kKhGw/lYqwMIohc+Z5CGFdn5/3QzSWAde+j6wXvh2X+HPZ+5LCUx3QdnrZ2F/dieX6+mFmV6DO/BDp2QkogaX0jgRhQIaBRwpHp9OX15/3e5kgXSyigKzvy3bHIMcB+syCGOD816BrPWNxh+r4DlOwcuRk1Vi9lcKZ4wLP3v709ngvFegemtz5Gc69nbBy1FrzRwFyqmiIlJT8939Vudgr+P+qzaFfxkM9cuqaEgECgMPDSi7Mj9zwD2JTlxKNOUvC5SiUqEbLq5kTHyK/MRPIo8KFPMIplFYVfw/PSLeS0Iqka+Fgvi5HyRxsDj29JIg7EnUwPXVGrb0d96oG2CtIZIlppPqz0QY1iE+96zNmttpHru7RyfjWW1yBvUD5j4AL5kuIhEDAAA=[0m[JENKINS] Archiving /var/lib/jenkins/jobs/TSearchUnittest/workspace/cucumber/pom.xml to /var/lib/jenkins/jobs/TSearchUnittest/modules/com.rackspace.api$cucumber/builds/2013-04-04_21-04-45/archive/com.rackspace.api/cucumber/0.1.0_b49-SNAPSHOT/cucumber-0.1.0_b49-SNAPSHOT.pom
[8mha:AAABxR+LCAAAAAAAAACNkdFq2zAUhtV06cJuCuvdoBBYu11FUjK3LOQqc+K1W5oNnA5GKEF21NSJLbmSnBkGfZ5etC/TN+hVGWPvMMmOs4xctJLBH+f8/zm/8c0fUJYCvLlIxpIzGIfJJGASEiYDn4dcwLYm21CfKwrys1ECpR6oZIITEivwtpf70cKPln609GthqweejYkiCrzsTcmcoJCwCXKVCNiklQrwapHC50zykEI7f/+/GaSxDrz/eGC98Pd1hd9/dx9KYHMIyt4kC7szXF+uu+emewmuwJZOyUhEDZfSOBGFAxoHXDhu7749/Nr9+TELpJNVFHj+2rLNNeQ4WB9DGBvOawVZh+8bH6xC5ziFLicnO4nZXykmY1zMszv/JhvOawXVu83FPFOxO4Uup+6BuQqUU0VFpDa2h5+6/c/Hffes2hb+RTDXX1ZFcyJQGHhoStnM/Mwp9yQauJRoySkLlKJSoR9czGRMfIpiHsE0CquKP9Ea8XESUol8bRTEz8dAEgd7MhPW9ETkJUE4lqiB6+9q2NLPqFE3YB0gkkWl63604sewDvHIs5o1t9/+6h59Gax0a+tdqMsv/gKlUyl3DgMAAA==[0m[JENKINS] Archiving /var/lib/jenkins/jobs/TSearchUnittest/workspace/pom.xml to /var/lib/jenkins/jobs/TSearchUnittest/modules/com.rackspace.api$search-pom/builds/2013-04-04_21-04-45/archive/com.rackspace.api/search-pom/0.1.0_b49-SNAPSHOT/search-pom-0.1.0_b49-SNAPSHOT.pom
[8mha:AAABxR+LCAAAAAAAAACNUd1O2zAYNd06qnG33U2aVGmMXdV2uzAN9aqEhr/STQogTdWEnNQUt4kdbKeLNGnPswt4Gd6AK4QQ74CdH6apF/A5ko++75zzHSsX96CuJFg7S8dKcJhE6YRxBQlXLBSRkLBnkGvRUGgKilqqgdoANHLCAUk0+DQo9KjUo0c9etQbYncAXo6JJhq8GUzJnKCI8AnytWR80s0keFemCAVXIqLQLe7/N4MsMYE/Ph3YLLz72xDXP/ybGngxAvVgkod9O1pcbqandnoO/oBXJiUnMbW4liWprBTQKmCpuLw6vrl9/3s7D2SSNTRY/uC49ljkediURRhbXPQq5Hz52tl0Kp7nVbwCeXmldn+jcsa48nO3/jlbXPQq1O5vlH62425VvAL11+3RoJ5pKmO9tDLa6w/3d4f+z2ZPhmdsbl7WRHMiUcQCNKV8Zn/mVAQKHfqUGMoRZ1pTpdEvIWcqISFFiso5M3ciYpjFUVOLZ1rEYpxGVKHQCCUJCztIEraqciIKUhaNFerg9ucWdsx30mlb4Kwjkseli1pUajFsQ3wSOBstf9j77u98OywnrcUJNNFfPwBKtsWACgMAAA==[0m[JENKINS] Archiving /var/lib/jenkins/jobs/TSearchUnittest/workspace/service/pom.xml to /var/lib/jenkins/jobs/TSearchUnittest/modules/com.rackspace.api$search/builds/2013-04-04_21-04-45/archive/com.rackspace.api/search/0.1.0_b49-SNAPSHOT/search-0.1.0_b49-SNAPSHOT.pom
[8mha:AAABUx+LCAAAAAAAAACFkUFLwzAUx5/VafGoN0EoiHpLq0xRdnLdKkj1MlBkp9h1XbVLappKQfDzeNAv4zfwNET8DuY1zUQ8mBz64+X/f++f9OULWoWAnUk5KjgjeVYmKSsIZUUa8YwLcqLIR7rgMga9FiywQrBrwTnNJeyG2u82fnfud+d+JeyEsDSikkpYC2/pA3UzyhJ3IEXKkk4lYKNJEXFW8Cwmvv7+ngxVrgJv/x9YDfx8tvn79WBmweIQWjdJHXZ9+He4Oh3j6T08wbJKyeg0RraqvBTGQdBBGsfr2+XsY/PxtA6kktkSVrbaPm6kIPDUQvI8ZF0z1D482u+2jS4IjE5TUK8S59ums+eZfn7vpzOyrhna6x83/bDi94xOU/8At4RWJWMxlUCuaCrVbZwxF85ZzO7UUzqSO+OUpcXEUQ+axVEtwN+2+g0wYBqzLQIAAA==[0mWaiting for Jenkins to finish collecting data
[8mha:AAABPR+LCAAAAAAAAACFjsFKxDAQhsdqtXgSvQmCIOotrVJF2dPa3XqpXhYE2VNsa7fSTWKSSkHweTzoy/gGnhYR38GkaVbEgzOHfEz+f+Z/+QJXcNib1JmgBLGqLkoiECaiTGlFOeorijRdUpmDqQUHnAS8VnCBmYT9xPj9zu/P/f7cr4S9BJYyLLGE9eQOP2C/wqTwR5KXpOg1HDa7FCklglY5isz7+zI0TAXe/T+wOvj57NH369HMgcUxuDdFG3Zj/Pe4+r3Vv/fwBMsqJcHTXLPTsJpbB9IO1Dle365mH1uP520glcyTsLITRro1xXGgSlMQaDYzS+HxyeFZaHVxbHWG4rZqfd+zm4PA7osGP5s1m5mlg+Fpt09PooHVGRoe6ZbgNjLnUwlr6QQTklfbQlLG8mz1Gz4JNyQPAgAA[0mchannel stopped
[8mha:AAACKx+LCAAAAAAAAACFj12P0kAUhmdRlHipd25Mmmz8SEhoFwopu9kL+kGXUr5suwpcDVDasmUG2imWmvh7vNA/4z/wamOM/8EOpWuMF75zMU/OnPecd778AsUwAK/caBFiVNn4keOhsAJR6M2xj4NKKyWJUh8TG2Q6KYCCDkqHhh7cEPBaz/zs0c/e+9l7f9p4qYOHC0ggAU/1FdxB1ofIYQ0SeMi5jAPw/JhijlGIfbsiZfffm0G8SQO//H/gdOHPzyX8fWzcFcCDKSjOnEPYZ9N/l6evS/q6BZ/AozQlgmubciHeREHuqFBH5ej4+u3m7seLj+ohUJqsRMDjM16ih1K7zaWixHGUs1pOfEOoinze127nfRm1D4ro/lI+mePyeZL8ZzLlrJbTudI8zqMVSc77MlLq9BBQjIkdrMnJGzPwHMemH2Igg+wPzCzy/AWDl8zpVFi78KKVaiuWdamVS5wJdSiSmdcZmeqq37X4ISfsBmZ5N5AFdDMXasO9dR43BvuObmEt6e2q+zKraZbYcr2JKjpbz3Vvub6x6srvkvez2tuFr4uWMVa1W0Elm8TaDQ1DFgW1TroeEjtqZ1IOY11T2Emi7K7NJq91vUSPOdgQY2u9UgdWHy+uQ91p7WPFGU9YmAjasDri+6aCo1GPNLtCXdN7rJ4oSJMtfqN5y5FkqBHf4Ub0T1dXp1NubRo2DOZuO0Jz4mEEfdMOScic1WtPfgNL5a5gJwMAAA==[0mTriggering a new build of [8mha:AAAAqB+LCAAAAAAAAABb85aBtbiIQTGjNKU4P08vOT+vOD8nVc83PyU1x6OyILUoJzMv2y+/JJUBAhiZGBgqihhk0NSjKDWzXb3RdlLBUSYGJk8GtpzUvPSSDB8G5tKinBIGIZ+sxLJE/ZzEvHT94JKizLx0a6BxUmjGOUNodHsLgAyxEgYZ/az8JP2Q4NTEouQMt9K85JLM/LzEnJDU4pJifQCSGu4I0QAAAA==[0mTSearchFunctionalTests #53
[8mha:AAABQB+LCAAAAAAAAACFkcFKxDAQhsfqavGoN0EQRL2lVaqoe9Js46V6KQqyp7it3Uo3qU0qBcHn8aAv4xt4WkR8B5OmWREPTg75mPz/zA95+YKeqGB7XCeCM1QWdZYzgSgT+YgXvEInirCmCy5TMDXngBOB2wrOaSlhJzJ+r/N7M7838ythP4KFhEoqYSW6ow/UKyjLvFhWOcv6TQVrXYoRZ4IXKcLm/r0ZmlIF3vo/sFr4+ezy9+t46sD8EHo3WRt2dfh3uXq91a/38ASLKiWjk1Sz05R1ZR1IO1DneH27mn6sP561gVQyV8LSZoD10USIr0qT72s2PUvBweHeaWB1hFidIdJWrfe7drLv23l48DNZs+lZ2g2Punm6gwdWZyjc10dCr5FpNVHfQHKWi3GaHG/ElxiHcbz8DbJs4I8RAgAA[0mFinished: SUCCESS
