[INFO]                                                                         
[INFO] ------------------------------------------------------------------------
[INFO] Building search 0.1.0_b77-SNAPSHOT
[INFO] ------------------------------------------------------------------------
Downloading: http://d-build1.iad2.corp.rackspace.com:8100/nexus/content/groups/public/org/codehaus/groovy/maven/gmaven-plugin/maven-metadata.xml
Downloaded: http://d-build1.iad2.corp.rackspace.com:8100/nexus/content/groups/public/org/codehaus/groovy/maven/gmaven-plugin/maven-metadata.xml (583 B at 0.5 KB/sec)
[INFO] 
[INFO] [8mha:AAAAYB+LCAAAAAAAAABb85aBtbiIQSmjNKU4P0+vJLE4u1gvPjexLDVPzxdEGvvmZ+X75ZekLlOVfvTjc8FPJgaGiiIGKaiG5Py84vycVD1nCA1SyAABjCCFBQCV27OjYAAAAA==[0m--- maven-clean-plugin:2.4.1:clean (default-clean) @ search ---
[INFO] 
[INFO] [8mha:AAAAYB+LCAAAAAAAAABb85aBtbiIQSmjNKU4P0+vJLE4u1gvPjexLDVPzxdEGvvmZ+X75ZekLlOVfvTjc8FPJgaGiiIGKaiG5Py84vycVD1nCA1SyAABjCCFBQCV27OjYAAAAA==[0m--- gmaven-plugin:1.0:execute (default) @ search ---
[INFO] 
[INFO] [8mha:AAAAYB+LCAAAAAAAAABb85aBtbiIQSmjNKU4P0+vJLE4u1gvPjexLDVPzxdEGvvmZ+X75ZekLlOVfvTjc8FPJgaGiiIGKaiG5Py84vycVD1nCA1SyAABjCCFBQCV27OjYAAAAA==[0m--- gmaven-plugin:1.4:generateStubs (buildGroovies) @ search ---
[INFO] 
[INFO] [8mha:AAAAYB+LCAAAAAAAAABb85aBtbiIQSmjNKU4P0+vJLE4u1gvPjexLDVPzxdEGvvmZ+X75ZekLlOVfvTjc8FPJgaGiiIGKaiG5Py84vycVD1nCA1SyAABjCCFBQCV27OjYAAAAA==[0m--- maven-resources-plugin:2.6:copy-resources (copy-webapp) @ search ---
[INFO] Generated 39 Java stubs
[INFO] Using 'UTF-8' encoding to copy filtered resources.
[INFO] Copying 3 resources
[INFO] [INFO] Using 'UTF-8' encoding to copy filtered resources.
[INFO] Copying 7 resources

[INFO] [8mha:AAAAYB+LCAAAAAAAAABb85aBtbiIQSmjNKU4P0+vJLE4u1gvPjexLDVPzxdEGvvmZ+X75ZekLlOVfvTjc8FPJgaGiiIGKaiG5Py84vycVD1nCA1SyAABjCCFBQCV27OjYAAAAA==[0m--- maven-resources-plugin:2.6:resources (default-resources) @ search ---
[INFO] Copying 1 resource to ../
[INFO] 
[INFO] [8mha:AAAAYB+LCAAAAAAAAABb85aBtbiIQSmjNKU4P0+vJLE4u1gvPjexLDVPzxdEGvvmZ+X75ZekLlOVfvTjc8FPJgaGiiIGKaiG5Py84vycVD1nCA1SyAABjCCFBQCV27OjYAAAAA==[0m--- maven-compiler-plugin:2.3.2:compile (default-compile) @ search ---
[INFO] Compiling 48 source files to /var/lib/jenkins/jobs/TSearchUnittest/workspace/service/target/classes
[INFO] 
[INFO] [8mha:AAAAYB+LCAAAAAAAAABb85aBtbiIQSmjNKU4P0+vJLE4u1gvPjexLDVPzxdEGvvmZ+X75ZekLlOVfvTjc8FPJgaGiiIGKaiG5Py84vycVD1nCA1SyAABjCCFBQCV27OjYAAAAA==[0m--- gmaven-plugin:1.4:compile (buildGroovies) @ search ---
[INFO] 
[INFO] [8mha:AAAAYB+LCAAAAAAAAABb85aBtbiIQSmjNKU4P0+vJLE4u1gvPjexLDVPzxdEGvvmZ+X75ZekLlOVfvTjc8FPJgaGiiIGKaiG5Py84vycVD1nCA1SyAABjCCFBQCV27OjYAAAAA==[0m--- gmaven-plugin:1.4:execute (filterResources) @ search ---
[INFO] Compiled 77 Groovy classes
[INFO] 
[INFO] [8mha:AAAAYB+LCAAAAAAAAABb85aBtbiIQSmjNKU4P0+vJLE4u1gvPjexLDVPzxdEGvvmZ+X75ZekLlOVfvTjc8FPJgaGiiIGKaiG5Py84vycVD1nCA1SyAABjCCFBQCV27OjYAAAAA==[0m--- gmaven-plugin:1.4:generateTestStubs (buildGroovies) @ search ---
[INFO] Generated 19 Java stubs
[INFO] 
[INFO] [8mha:AAAAYB+LCAAAAAAAAABb85aBtbiIQSmjNKU4P0+vJLE4u1gvPjexLDVPzxdEGvvmZ+X75ZekLlOVfvTjc8FPJgaGiiIGKaiG5Py84vycVD1nCA1SyAABjCCFBQCV27OjYAAAAA==[0m--- maven-resources-plugin:2.6:testResources (default-testResources) @ search ---
[INFO] Using 'UTF-8' encoding to copy filtered resources.
[INFO] Copying 5 resources
[INFO] 
[INFO] [8mha:AAAAYB+LCAAAAAAAAABb85aBtbiIQSmjNKU4P0+vJLE4u1gvPjexLDVPzxdEGvvmZ+X75ZekLlOVfvTjc8FPJgaGiiIGKaiG5Py84vycVD1nCA1SyAABjCCFBQCV27OjYAAAAA==[0m--- maven-compiler-plugin:2.3.2:testCompile (default-testCompile) @ search ---
[INFO] Compiling 19 source files to /var/lib/jenkins/jobs/TSearchUnittest/workspace/service/target/test-classes
[INFO] 
[INFO] [8mha:AAAAYB+LCAAAAAAAAABb85aBtbiIQSmjNKU4P0+vJLE4u1gvPjexLDVPzxdEGvvmZ+X75ZekLlOVfvTjc8FPJgaGiiIGKaiG5Py84vycVD1nCA1SyAABjCCFBQCV27OjYAAAAA==[0m--- gmaven-plugin:1.4:testCompile (buildGroovies) @ search ---
[INFO] Compiled 35 Groovy classes
[INFO] 
[INFO] [8mha:AAAAYB+LCAAAAAAAAABb85aBtbiIQSmjNKU4P0+vJLE4u1gvPjexLDVPzxdEGvvmZ+X75ZekLlOVfvTjc8FPJgaGiiIGKaiG5Py84vycVD1nCA1SyAABjCCFBQCV27OjYAAAAA==[0m--- maven-surefire-plugin:2.10:test (default-test) @ search ---
[INFO] Surefire report directory: /var/lib/jenkins/jobs/TSearchUnittest/workspace/service/target/surefire-reports

-------------------------------------------------------
 T E S T S
-------------------------------------------------------
Running com.rackspace.search.endpoint.AdminResourceTest
Tests run: 3, Failures: 0, Errors: 0, Skipped: 0, Time elapsed: 2.237 sec
Running com.rackspace.search.service.core.CoreTicketOnetimeSyncJobTest
Tests run: 1, Failures: 0, Errors: 0, Skipped: 0, Time elapsed: 0.191 sec
Running com.rackspace.search.service.core.CoreTicketOngoingSyncJobTest
Tests run: 1, Failures: 0, Errors: 0, Skipped: 0, Time elapsed: 0.178 sec
Running com.rackspace.search.service.core.CoreTicketProcessorTest
Tests run: 1, Failures: 0, Errors: 0, Skipped: 0, Time elapsed: 0.21 sec
Running com.rackspace.search.service.core.CoreTicketOnetimeSyncActorTest
Tests run: 3, Failures: 0, Errors: 0, Skipped: 0, Time elapsed: 0.452 sec
Running com.rackspace.search.service.core.CoreTicketOngoingSyncActorTest
Tests run: 3, Failures: 0, Errors: 0, Skipped: 0, Time elapsed: 0.103 sec
Running com.rackspace.search.service.JobServiceTest
22:41:41.249 [main] INFO  c.r.s.common.property.PropertyProvider - Loading properties file from file [/var/lib/jenkins/jobs/TSearchUnittest/workspace/service/target/properties/local/search.properties]
22:41:41.256 [main] INFO  c.r.s.common.property.PropertyProvider - Loading properties file from file [/var/lib/jenkins/jobs/TSearchUnittest/workspace/service/target/properties/local/search.secrets.properties]
22:41:41.256 [main] INFO  c.r.s.common.property.PropertyProvider - Loading properties file from file [/var/lib/jenkins/jobs/TSearchUnittest/workspace/service/target/properties/local/elasticsearch.properties]
22:41:41.404 [main] INFO  c.r.s.elasticsearch.ElasticSearchServer - Starting the Elastic Search server node:
22:41:41.664 [main] INFO  org.elasticsearch.node - [ticket.node] {0.20.6}[1349]: initializing ...
22:41:41.675 [main] INFO  org.elasticsearch.plugins - [ticket.node] loaded [action-updatebyquery], sites []
22:41:44.588 [main] INFO  org.elasticsearch.node - [ticket.node] {0.20.6}[1349]: initialized
22:41:44.588 [main] INFO  c.r.s.elasticsearch.ElasticSearchServer - Starting the Elastic Search server node with these settings:
22:41:44.632 [main] INFO  c.r.s.elasticsearch.ElasticSearchServer - Elasticsearch Settings :  [elastic.config.path:/var/lib/jenkins/jobs/TSearchUnittest/workspace/service/target/properties/local/elasticsearch, path.data:/var/lib/jenkins/jobs/TSearchUnittest/workspace/service/target/elasticsearch/data, cluster.name:ticket.cluster, http.connection.timeout.in.milliseconds:65000, index.analysis.analyzer.search_standard.type:standard, path.conf:/var/lib/jenkins/jobs/TSearchUnittest/workspace/service/target/properties/local/elasticsearch, ticket.ongoingsync.delay.seconds:2000, path.logs:/var/lib/jenkins/jobs/TSearchUnittest/workspace/service/target/elasticsearch/logs, http.enabled:true, ticket.document.idName:number, transport.tcp.compress:true, core.api.endpoint:https://ws.integration.core.rackspace.com/ctkapi, discovery.zen.ping.unicast.hosts:, account.api.username:hybrid_ui, ticket.index.name:ticket, admin.index.name:admin, indices.structure:/indices_structure.json, core.loopback.time.seconds:120, index.store.fs.memory.enabled:false, index.number_of_shards:5, admin.document.type:syncJob, discovery.zen.ping.multicast.ping.enabled:false, node.data:true, ticket.search.allowedRangeParams:createdAt,updatedAt,lastPublicResponseDate, ticket.core.date.timezone:CST, core.driver.class:org.postgresql.Driver, account.document.type:account, core.api.username:rcameron, core.db.url:jdbc:postgresql://dev.db.core.rackspace.com:5432/core_dev, account.document.versionParam:updatedAt, index.analysis.analyzer.search_standard.filter:[lowercase], ticket.core.dateformat:yyyy-MM-dd HH:mm:ss, node.master:true, name:ticket.node, index.number_of_replicas:0, account.api.events.path:/v1.0/accounts/events.atom, account.index.name:account, ticket.document.versionParam:updatedAt, ticket.document.type:ticket, admin.document.idName:name, core.db.username:usq_read, account.api.accounts.path:/v1.0/accounts, ticket.search.allowedTermParams:sourceSystem,number,createdAt,updatedAt,lastPublicResponseDate,status,queue,category,priority,assignee,hasWindowsServers,hasLinuxServers,severityName,account.team,account.id,account.rcn,account.status, account.api.endpoint:https://test.account.api.rackspace.com, ticket.elastic.dateformat:yyyy-MM-dd'T'HH:mm:ss.SSSZZ, action.auto_create_index:1, account.document.idName:id] 
22:41:44.634 [main] INFO  org.elasticsearch.node - [ticket.node] {0.20.6}[1349]: starting ...
22:41:44.766 [main] INFO  org.elasticsearch.transport - [ticket.node] bound_address {inet[/0:0:0:0:0:0:0:0:9300]}, publish_address {inet[/10.14.208.252:9300]}
22:41:47.818 [elasticsearch[ticket.node][clusterService#updateTask][T#1]] INFO  org.elasticsearch.cluster.service - [ticket.node] new_master [ticket.node][QQ1PF4FfSCuRqCOkhETu0A][inet[/10.14.208.252:9300]]{master=true}, reason: zen-disco-join (elected_as_master)
22:41:47.869 [main] INFO  org.elasticsearch.discovery - [ticket.node] ticket.cluster/QQ1PF4FfSCuRqCOkhETu0A
22:41:47.998 [main] INFO  org.elasticsearch.http - [ticket.node] bound_address {inet[/0:0:0:0:0:0:0:0:9200]}, publish_address {inet[/10.14.208.252:9200]}
22:41:47.998 [main] INFO  org.elasticsearch.node - [ticket.node] {0.20.6}[1349]: started
22:41:47.998 [main] INFO  c.r.s.elasticsearch.ElasticSearchServer - Elastic Search server is started.
22:41:48.019 [elasticsearch[ticket.node][clusterService#updateTask][T#1]] INFO  org.elasticsearch.gateway - [ticket.node] recovered [0] indices into cluster_state
22:41:48.114 [main] INFO  c.r.s.elasticsearch.ElasticSearchServer - ES cluster status is GREEN
22:41:49.399 [main] INFO  c.r.s.e.ElasticSearchClientFactoryBean - Starting ElasticSearch client
22:41:49.402 [main] INFO  c.r.s.e.ElasticSearchClientFactoryBean - About to read index setting file : /indices_structure.json
22:41:49.416 [main] INFO  c.r.s.e.ElasticSearchClientFactoryBean - Index does not exist. Creating the Index ticket 
22:41:49.447 [main] INFO  c.r.s.e.ElasticSearchClientFactoryBean - About to read index setting file : /var/lib/jenkins/jobs/TSearchUnittest/workspace/service/target/properties/local/elasticsearch/mappings/ticket/index.json
22:41:49.931 [elasticsearch[ticket.node][clusterService#updateTask][T#1]] INFO  org.elasticsearch.cluster.metadata - [ticket.node] [ticket] creating index, cause [api], shards [5]/[0], mappings [index, ticket]
22:41:50.459 [main] INFO  c.r.s.e.ElasticSearchClientFactoryBean - Successfully setup Index ticket 
22:41:50.461 [main] INFO  c.r.s.e.ElasticSearchClientFactoryBean - About to read index setting file : /var/lib/jenkins/jobs/TSearchUnittest/workspace/service/target/properties/local/elasticsearch/mappings/ticket/ticket.json
22:41:50.486 [main] INFO  c.r.s.e.ElasticSearchClientFactoryBean - Setting up Mapping for [ticket]/[ticket]: {"ticket":{"_source":{"enabled":true},"properties":{"queue":{"analyzer":"keyword_lowercase","type":"string"},"status":{"analyzer":"keyword_lowercase","type":"string"},"subCategory":{"analyzer":"keyword_lowercase","type":"string"},"subject":{"analyzer":"keyword_lowercase","type":"string"},"assignee":{"analyzer":"keyword_lowercase","type":"string"},"severityName":{"analyzer":"keyword_lowercase","type":"string"},"number":{"analyzer":"keyword_lowercase","type":"string"},"difficulty":{"analyzer":"keyword_lowercase","type":"string"},"hasWindowsServers":{"analyzer":"keyword_lowercase","type":"string"},"updatedAt":{"format":"date_time","type":"date"},"idle":{"format":"date_time","type":"date"},"lastPublicResponseDate":{"format":"date_time","type":"date"},"category":{"analyzer":"keyword_lowercase","type":"string"},"sourceSystem":{"analyzer":"keyword_lowercase","type":"string"},"createdAt":{"format":"date_time","type":"date"},"priority":{"analyzer":"keyword_lowercase","type":"string"},"hasLinuxServers":{"analyzer":"keyword_lowercase","type":"string"},"account":{"dynamic":"true","properties":{"id":{"analyzer":"keyword_lowercase","type":"string"},"rcn":{"analyzer":"keyword_lowercase","type":"string"},"status":{"analyzer":"keyword_lowercase","type":"string"},"name":{"analyzer":"keyword_lowercase","type":"string"},"number":{"type":"long"},"team":{"analyzer":"keyword_lowercase","type":"string"},"type":{"analyzer":"keyword_lowercase","type":"string"}},"type":"object"}}}}
22:41:50.568 [main] INFO  c.r.s.e.ElasticSearchClientFactoryBean - Index does not exist. Creating the Index admin 
22:41:50.570 [main] INFO  c.r.s.e.ElasticSearchClientFactoryBean - About to read index setting file : /var/lib/jenkins/jobs/TSearchUnittest/workspace/service/target/properties/local/elasticsearch/mappings/admin/index.json
22:41:50.699 [elasticsearch[ticket.node][clusterService#updateTask][T#1]] INFO  org.elasticsearch.cluster.metadata - [ticket.node] [admin] creating index, cause [api], shards [5]/[0], mappings [index, syncJob]
22:41:50.931 [main] INFO  c.r.s.e.ElasticSearchClientFactoryBean - Successfully setup Index admin 
22:41:50.931 [main] INFO  c.r.s.e.ElasticSearchClientFactoryBean - About to read index setting file : /var/lib/jenkins/jobs/TSearchUnittest/workspace/service/target/properties/local/elasticsearch/mappings/admin/syncJob.json
22:41:50.937 [main] INFO  c.r.s.e.ElasticSearchClientFactoryBean - Setting up Mapping for [admin]/[syncJob]: {"syncJob":{"_source":{"enabled":true},"properties":{"is_enabled":{"type":"string"},"last_event_at":{"format":"date_time","type":"date"},"last_updated_at":{"format":"date_time","type":"date"},"status":{"type":"string"},"processing_node":{"type":"string"},"description":{"type":"string"},"status_message":{"type":"string"},"name":{"type":"string"},"started_at":{"format":"date_time","type":"date"},"sync_status":{"type":"string"},"type":{"type":"string"}}}}
22:41:51.030 [main] INFO  c.r.s.e.ElasticSearchClientFactoryBean - Index does not exist. Creating the Index account 
22:41:51.053 [main] INFO  c.r.s.e.ElasticSearchClientFactoryBean - About to read index setting file : /var/lib/jenkins/jobs/TSearchUnittest/workspace/service/target/properties/local/elasticsearch/mappings/account/index.json
22:41:51.228 [elasticsearch[ticket.node][clusterService#updateTask][T#1]] INFO  org.elasticsearch.cluster.metadata - [ticket.node] [account] creating index, cause [api], shards [5]/[0], mappings [index, account]
22:41:51.478 [main] INFO  c.r.s.e.ElasticSearchClientFactoryBean - Successfully setup Index account 
22:41:51.478 [main] INFO  c.r.s.e.ElasticSearchClientFactoryBean - About to read index setting file : /var/lib/jenkins/jobs/TSearchUnittest/workspace/service/target/properties/local/elasticsearch/mappings/account/account.json
22:41:51.483 [main] INFO  c.r.s.e.ElasticSearchClientFactoryBean - Setting up Mapping for [account]/[account]: {"account":{"_source":{"enabled":true},"properties":{"updatedAt":{"format":"date_time","type":"date"},"id":{"analyzer":"keyword_lowercase","type":"string"},"rcn":{"analyzer":"keyword_lowercase","type":"string"},"status":{"analyzer":"keyword_lowercase","type":"string"},"name":{"analyzer":"keyword_lowercase","type":"string"},"number":{"type":"long"},"team":{"analyzer":"keyword_lowercase","type":"string"},"type":{"analyzer":"keyword_lowercase","type":"string"}}}}
22:41:57.735 [main] INFO  c.r.s.e.client.ElasticSearchClient - Started Query Request Builder with query params [:]
Tests run: 3, Failures: 0, Errors: 0, Skipped: 0, Time elapsed: 19.606 sec
Running com.rackspace.search.service.TicketSearchServiceTest
22:41:58.319 [main] INFO  c.r.search.logging.ElasticSearchLogger - Posting ticket 1-1 to ElasticSearch
22:41:58.322 [main] INFO  c.r.s.e.client.ElasticSearchClient -  Executing Bulk post to Elastic Search
22:41:58.588 [elasticsearch[ticket.node][clusterService#updateTask][T#1]] INFO  org.elasticsearch.cluster.metadata - [ticket.node] [ticket] update_mapping [ticket] (dynamic)
Tests run: 2, Failures: 0, Errors: 0, Skipped: 0, Time elapsed: 7.069 sec
Running com.rackspace.search.service.account.AccountOngoingSyncActorTest
Tests run: 3, Failures: 0, Errors: 0, Skipped: 0, Time elapsed: 0.023 sec
Running com.rackspace.search.service.account.AccountOngoingSyncJobTest
Tests run: 2, Failures: 0, Errors: 0, Skipped: 0, Time elapsed: 0.456 sec
Running com.rackspace.search.service.account.AccountOnetimeSyncJobTest
Tests run: 1, Failures: 0, Errors: 0, Skipped: 0, Time elapsed: 0 sec
Running com.rackspace.search.service.account.AccountOnetimeSyncActorTest
Tests run: 3, Failures: 0, Errors: 0, Skipped: 0, Time elapsed: 0.229 sec
Running com.rackspace.search.gateway.core.CoreAuthGatewayTest
Tests run: 2, Failures: 0, Errors: 0, Skipped: 0, Time elapsed: 0.001 sec
Running com.rackspace.search.gateway.core.CoreTicketGatewayTest
Tests run: 5, Failures: 0, Errors: 0, Skipped: 0, Time elapsed: 0.042 sec
Running com.rackspace.search.gateway.account.AccountGatewayTest
Tests run: 2, Failures: 0, Errors: 0, Skipped: 0, Time elapsed: 0.019 sec
Running com.rackspace.search.elasticsearch.client.ElasticSearchClientFactoryBeanTest
22:42:06.477 [main] INFO  c.r.s.e.ElasticSearchClientFactoryBean - About to read index setting file : /indices_structure.json
22:42:06.569 [main] INFO  c.r.s.e.ElasticSearchClientFactoryBean - About to read index setting file : /indices_structure.json
22:42:06.591 [main] INFO  c.r.s.e.ElasticSearchClientFactoryBean - About to read index setting file : /var/lib/jenkins/jobs/TSearchUnittest/workspace/service/target/properties/local/elasticsearch/mappings/ticket/index.json
22:42:06.608 [main] INFO  c.r.s.e.ElasticSearchClientFactoryBean - About to read index setting file : /var/lib/jenkins/jobs/TSearchUnittest/workspace/service/target/properties/local/elasticsearch/mappings/admin/index.json
22:42:06.610 [main] INFO  c.r.s.e.ElasticSearchClientFactoryBean - About to read index setting file : /var/lib/jenkins/jobs/TSearchUnittest/workspace/service/target/properties/local/elasticsearch/mappings/account/index.json
Tests run: 2, Failures: 0, Errors: 0, Skipped: 0, Time elapsed: 0.177 sec
Running com.rackspace.search.elasticsearch.client.ElasticSearchClientTest
22:42:06.658 [main] INFO  c.r.search.logging.ElasticSearchLogger - Posting ticketdoc 1-1 to ElasticSearch
22:42:06.658 [main] INFO  c.r.search.logging.ElasticSearchLogger - Posting ticketdoc 2-1 to ElasticSearch
22:42:06.659 [main] INFO  c.r.search.logging.ElasticSearchLogger - Posting ticketdoc 3-1 to ElasticSearch
22:42:06.659 [main] INFO  c.r.s.e.client.ElasticSearchClient -  Executing Bulk post to Elastic Search
22:42:06.704 [elasticsearch[ticket.node][clusterService#updateTask][T#1]] INFO  org.elasticsearch.cluster.metadata - [ticket.node] [ticketsearch] creating index, cause [auto(bulk api)], shards [5]/[0], mappings []
22:42:07.077 [elasticsearch[ticket.node][clusterService#updateTask][T#1]] INFO  org.elasticsearch.cluster.metadata - [ticket.node] [ticketsearch] update_mapping [ticketdoc] (dynamic)
22:42:10.163 [elasticsearch[ticket.node][clusterService#updateTask][T#1]] INFO  org.elasticsearch.cluster.metadata - [ticket.node] [ticketsearch] deleting index
22:42:10.276 [main] INFO  c.r.search.logging.ElasticSearchLogger - Posting ticketdoc 1-1 to ElasticSearch
22:42:10.276 [main] INFO  c.r.search.logging.ElasticSearchLogger - Posting ticketdoc 2-1 to ElasticSearch
22:42:10.277 [main] INFO  c.r.search.logging.ElasticSearchLogger - Posting ticketdoc 3-1 to ElasticSearch
22:42:10.277 [main] INFO  c.r.s.e.client.ElasticSearchClient -  Executing Bulk post to Elastic Search
22:42:10.320 [elasticsearch[ticket.node][clusterService#updateTask][T#1]] INFO  org.elasticsearch.cluster.metadata - [ticket.node] [ticketsearch] creating index, cause [auto(bulk api)], shards [5]/[0], mappings []
22:42:10.559 [elasticsearch[ticket.node][clusterService#updateTask][T#1]] INFO  org.elasticsearch.cluster.metadata - [ticket.node] [ticketsearch] update_mapping [ticketdoc] (dynamic)
22:42:13.534 [main] INFO  c.r.s.e.client.ElasticSearchClient - Started Query Request Builder with query params [:]
22:42:13.569 [elasticsearch[ticket.node][clusterService#updateTask][T#1]] INFO  org.elasticsearch.cluster.metadata - [ticket.node] [ticketsearch] deleting index
22:42:13.667 [main] INFO  c.r.search.logging.ElasticSearchLogger - Posting ticketdoc 1-1 to ElasticSearch
22:42:13.668 [main] INFO  c.r.search.logging.ElasticSearchLogger - Posting ticketdoc 2-1 to ElasticSearch
22:42:13.668 [main] INFO  c.r.search.logging.ElasticSearchLogger - Posting ticketdoc 3-1 to ElasticSearch
22:42:13.668 [main] INFO  c.r.s.e.client.ElasticSearchClient -  Executing Bulk post to Elastic Search
22:42:13.707 [elasticsearch[ticket.node][clusterService#updateTask][T#1]] INFO  org.elasticsearch.cluster.metadata - [ticket.node] [ticketsearch] creating index, cause [auto(bulk api)], shards [5]/[0], mappings []
22:42:14.107 [elasticsearch[ticket.node][clusterService#updateTask][T#1]] INFO  org.elasticsearch.cluster.metadata - [ticket.node] [ticketsearch] update_mapping [ticketdoc] (dynamic)
22:42:17.130 [main] INFO  c.r.s.e.client.ElasticSearchClient - Started Query Request Builder with query params [user:[testing1]]
22:42:17.165 [main] INFO  c.r.s.e.client.ElasticSearchClient - Started Query Request Builder with query params [user:[testing1,testing3]]
22:42:17.195 [main] INFO  c.r.s.e.client.ElasticSearchClient - Started Query Request Builder with query params [user!:[testing1,testing3]]
22:42:17.329 [elasticsearch[ticket.node][clusterService#updateTask][T#1]] INFO  org.elasticsearch.cluster.metadata - [ticket.node] [ticketsearch] deleting index
22:42:17.480 [main] INFO  c.r.search.logging.ElasticSearchLogger - Posting ticketdoc 1-1 to ElasticSearch
22:42:17.480 [main] INFO  c.r.search.logging.ElasticSearchLogger - Posting ticketdoc 2-1 to ElasticSearch
22:42:17.481 [main] INFO  c.r.search.logging.ElasticSearchLogger - Posting ticketdoc 3-1 to ElasticSearch
22:42:17.481 [main] INFO  c.r.s.e.client.ElasticSearchClient -  Executing Bulk post to Elastic Search
22:42:17.516 [elasticsearch[ticket.node][clusterService#updateTask][T#1]] INFO  org.elasticsearch.cluster.metadata - [ticket.node] [ticketsearch] creating index, cause [auto(bulk api)], shards [5]/[0], mappings []
22:42:17.820 [elasticsearch[ticket.node][clusterService#updateTask][T#1]] INFO  org.elasticsearch.cluster.metadata - [ticket.node] [ticketsearch] update_mapping [ticketdoc] (dynamic)
22:42:20.874 [main] INFO  c.r.s.e.client.ElasticSearchClient - Started Query Request Builder with query params [createdAt_range:[[2013-03-05T20:00:00.000Z,2013-03-06T20:00:00.000Z]]]
22:42:20.906 [main] INFO  c.r.s.e.client.ElasticSearchClient - Started Query Request Builder with query params [createdAt_range!:[[2013-03-05T20:00:00.000Z,2013-03-06T20:00:00.000Z]]]
22:42:20.918 [elasticsearch[ticket.node][clusterService#updateTask][T#1]] INFO  org.elasticsearch.cluster.metadata - [ticket.node] [ticketsearch] deleting index
22:42:20.964 [main] INFO  c.r.search.logging.ElasticSearchLogger - Posting ticketdoc 1-1 to ElasticSearch
22:42:20.965 [main] INFO  c.r.search.logging.ElasticSearchLogger - Posting ticketdoc 2-1 to ElasticSearch
22:42:20.966 [main] INFO  c.r.search.logging.ElasticSearchLogger - Posting ticketdoc 3-1 to ElasticSearch
22:42:20.966 [main] INFO  c.r.s.e.client.ElasticSearchClient -  Executing Bulk post to Elastic Search
22:42:21.001 [elasticsearch[ticket.node][clusterService#updateTask][T#1]] INFO  org.elasticsearch.cluster.metadata - [ticket.node] [ticketsearch] creating index, cause [auto(bulk api)], shards [5]/[0], mappings []
22:42:21.259 [elasticsearch[ticket.node][clusterService#updateTask][T#1]] INFO  org.elasticsearch.cluster.metadata - [ticket.node] [ticketsearch] update_mapping [ticketdoc] (dynamic)
22:42:24.282 [main] INFO  c.r.s.e.client.ElasticSearchClient - Started Query Request Builder with query params [sort:[number|desc]]
22:42:24.342 [main] INFO  c.r.s.e.client.ElasticSearchClient - Started Query Request Builder with query params [sort:[number|desc,priority]]
22:42:24.354 [main] INFO  c.r.s.e.client.ElasticSearchClient - Started Query Request Builder with query params [sort:[assignee|asc]]
22:42:24.368 [elasticsearch[ticket.node][clusterService#updateTask][T#1]] INFO  org.elasticsearch.cluster.metadata - [ticket.node] [ticketsearch] deleting index
22:42:24.430 [main] INFO  c.r.search.logging.ElasticSearchLogger - Posting ticketdoc 1-1 to ElasticSearch
22:42:24.431 [main] INFO  c.r.search.logging.ElasticSearchLogger - Posting ticketdoc 2-1 to ElasticSearch
22:42:24.431 [main] INFO  c.r.search.logging.ElasticSearchLogger - Posting ticketdoc 3-1 to ElasticSearch
22:42:24.431 [main] INFO  c.r.s.e.client.ElasticSearchClient -  Executing Bulk post to Elastic Search
22:42:24.463 [elasticsearch[ticket.node][clusterService#updateTask][T#1]] INFO  org.elasticsearch.cluster.metadata - [ticket.node] [ticketsearch] creating index, cause [auto(bulk api)], shards [5]/[0], mappings []
22:42:24.699 [elasticsearch[ticket.node][clusterService#updateTask][T#1]] INFO  org.elasticsearch.cluster.metadata - [ticket.node] [ticketsearch] update_mapping [ticketdoc] (dynamic)
22:42:27.723 [main] INFO  c.r.s.e.client.ElasticSearchClient - Started Query Request Builder with query params [sort:[priority]]
22:42:27.738 [elasticsearch[ticket.node][clusterService#updateTask][T#1]] INFO  org.elasticsearch.cluster.metadata - [ticket.node] [ticketsearch] deleting index
22:42:27.772 [main] INFO  c.r.search.logging.ElasticSearchLogger - Posting ticketdoc 1-1 to ElasticSearch
22:42:27.773 [main] INFO  c.r.search.logging.ElasticSearchLogger - Posting ticketdoc 2-1 to ElasticSearch
22:42:27.773 [main] INFO  c.r.search.logging.ElasticSearchLogger - Posting ticketdoc 3-1 to ElasticSearch
22:42:27.773 [main] INFO  c.r.s.e.client.ElasticSearchClient -  Executing Bulk post to Elastic Search
22:42:27.803 [elasticsearch[ticket.node][clusterService#updateTask][T#1]] INFO  org.elasticsearch.cluster.metadata - [ticket.node] [ticketsearch] creating index, cause [auto(bulk api)], shards [5]/[0], mappings []
22:42:28.113 [elasticsearch[ticket.node][clusterService#updateTask][T#1]] INFO  org.elasticsearch.cluster.metadata - [ticket.node] [ticketsearch] update_mapping [ticketdoc] (dynamic)
22:42:31.114 [elasticsearch[ticket.node][clusterService#updateTask][T#1]] INFO  org.elasticsearch.cluster.metadata - [ticket.node] [ticketsearch] deleting index
22:42:31.199 [main] INFO  c.r.search.logging.ElasticSearchLogger - Posting ticketdoc 1-1 to ElasticSearch
22:42:31.200 [main] INFO  c.r.search.logging.ElasticSearchLogger - Posting ticketdoc 2-1 to ElasticSearch
22:42:31.200 [main] INFO  c.r.search.logging.ElasticSearchLogger - Posting ticketdoc 3-1 to ElasticSearch
22:42:31.201 [main] INFO  c.r.s.e.client.ElasticSearchClient -  Executing Bulk post to Elastic Search
22:42:31.231 [elasticsearch[ticket.node][clusterService#updateTask][T#1]] INFO  org.elasticsearch.cluster.metadata - [ticket.node] [ticketsearch] creating index, cause [auto(bulk api)], shards [5]/[0], mappings []
22:42:31.403 [elasticsearch[ticket.node][clusterService#updateTask][T#1]] INFO  org.elasticsearch.cluster.metadata - [ticket.node] [ticketsearch] update_mapping [ticketdoc] (dynamic)
22:42:34.427 [main] INFO  c.r.s.e.client.ElasticSearchClient - Started Query Request Builder with query params [:]
22:42:34.438 [elasticsearch[ticket.node][clusterService#updateTask][T#1]] INFO  org.elasticsearch.cluster.metadata - [ticket.node] [ticketsearch] deleting index
22:42:34.480 [main] INFO  c.r.search.logging.ElasticSearchLogger - Posting ticketdoc 1-1 to ElasticSearch
22:42:34.481 [main] INFO  c.r.search.logging.ElasticSearchLogger - Posting ticketdoc 2-1 to ElasticSearch
22:42:34.481 [main] INFO  c.r.search.logging.ElasticSearchLogger - Posting ticketdoc 3-1 to ElasticSearch
22:42:34.481 [main] INFO  c.r.s.e.client.ElasticSearchClient -  Executing Bulk post to Elastic Search
22:42:34.509 [elasticsearch[ticket.node][clusterService#updateTask][T#1]] INFO  org.elasticsearch.cluster.metadata - [ticket.node] [ticketsearch] creating index, cause [auto(bulk api)], shards [5]/[0], mappings []
22:42:34.696 [elasticsearch[ticket.node][clusterService#updateTask][T#1]] INFO  org.elasticsearch.cluster.metadata - [ticket.node] [ticketsearch] update_mapping [ticketdoc] (dynamic)
22:42:37.671 [main] INFO  c.r.s.e.client.ElasticSearchClient - Started Query Request Builder with query params [limit:[20]]
22:42:37.682 [elasticsearch[ticket.node][clusterService#updateTask][T#1]] INFO  org.elasticsearch.cluster.metadata - [ticket.node] [ticketsearch] deleting index
Tests run: 9, Failures: 0, Errors: 0, Skipped: 0, Time elapsed: 31.129 sec
22:42:37.746 [Thread-5] INFO  c.r.s.e.ElasticSearchClientFactoryBean - Closing ElasticSearch client
22:42:37.755 [Thread-5] INFO  com.rackspace.search.service.JobService - AccountOngoingSyncJob Updating the job as stopped
22:42:37.765 [Thread-5] INFO  org.elasticsearch.node - [ticket.node] {0.20.6}[1349]: stopping ...
22:42:37.840 [Thread-5] INFO  org.elasticsearch.node - [ticket.node] {0.20.6}[1349]: stopped
22:42:37.840 [Thread-5] INFO  org.elasticsearch.node - [ticket.node] {0.20.6}[1349]: closing ...
22:42:37.855 [Thread-5] INFO  org.elasticsearch.node - [ticket.node] {0.20.6}[1349]: closed

Results :

Tests run: 46, Failures: 0, Errors: 0, Skipped: 0

[JENKINS] Recording test results
[INFO] ------------------------------------------------------------------------
[INFO] Reactor Summary:
[INFO] 
[INFO] Search POM ........................................ SUCCESS [3.028s]
[INFO] search ............................................ SUCCESS [1:31.794s]
[INFO] cucumber .......................................... SUCCESS [4.764s]
[INFO] ------------------------------------------------------------------------
[INFO] BUILD SUCCESS
[INFO] ------------------------------------------------------------------------
[INFO] Total time: 1:40.439s
[INFO] Finished at: Tue May 28 22:42:44 UTC 2013
[INFO] Final Memory: 59M/981M
[INFO] ------------------------------------------------------------------------
[JENKINS] Archiving /var/lib/jenkins/jobs/TSearchUnittest/workspace/cucumber/pom.xml to /var/lib/jenkins/jobs/TSearchUnittest/modules/com.rackspace.api$cucumber/builds/2013-05-28_22-40-58/archive/com.rackspace.api/cucumber/0.1.0_b77-SNAPSHOT/cucumber-0.1.0_b77-SNAPSHOT.pom
[JENKINS] Archiving /var/lib/jenkins/jobs/TSearchUnittest/workspace/pom.xml to /var/lib/jenkins/jobs/TSearchUnittest/modules/com.rackspace.api$search-pom/builds/2013-05-28_22-40-58/archive/com.rackspace.api/search-pom/0.1.0_b77-SNAPSHOT/search-pom-0.1.0_b77-SNAPSHOT.pom
[JENKINS] Archiving /var/lib/jenkins/jobs/TSearchUnittest/workspace/service/pom.xml to /var/lib/jenkins/jobs/TSearchUnittest/modules/com.rackspace.api$search/builds/2013-05-28_22-40-58/archive/com.rackspace.api/search/0.1.0_b77-SNAPSHOT/search-0.1.0_b77-SNAPSHOT.pom
Waiting for Jenkins to finish collecting data
