[INFO]                                                                         
[INFO] ------------------------------------------------------------------------
[INFO] Building search 0.1.0_b57-SNAPSHOT
[INFO] ------------------------------------------------------------------------
Downloading: http://d-build1.iad2.corp.rackspace.com:8100/nexus/content/groups/public/org/codehaus/groovy/maven/gmaven-plugin/maven-metadata.xml
Downloaded: http://d-build1.iad2.corp.rackspace.com:8100/nexus/content/groups/public/org/codehaus/groovy/maven/gmaven-plugin/maven-metadata.xml (583 B at 1.2 KB/sec)
Downloading: http://d-build1.iad2.corp.rackspace.com:8100/nexus/content/groups/public/org/elasticsearch/elasticsearch/0.20.6/elasticsearch-0.20.6.pom
Downloaded: http://d-build1.iad2.corp.rackspace.com:8100/nexus/content/groups/public/org/elasticsearch/elasticsearch/0.20.6/elasticsearch-0.20.6.pom (18 KB at 56.0 KB/sec)
Downloading: http://d-build1.iad2.corp.rackspace.com:8100/nexus/content/groups/public/org/apache/lucene/lucene-core/3.6.2/lucene-core-3.6.2.pom
Downloaded: http://d-build1.iad2.corp.rackspace.com:8100/nexus/content/groups/public/org/apache/lucene/lucene-core/3.6.2/lucene-core-3.6.2.pom (6 KB at 26.0 KB/sec)
Downloading: http://d-build1.iad2.corp.rackspace.com:8100/nexus/content/groups/public/org/apache/lucene/lucene-parent/3.6.2/lucene-parent-3.6.2.pom
Downloaded: http://d-build1.iad2.corp.rackspace.com:8100/nexus/content/groups/public/org/apache/lucene/lucene-parent/3.6.2/lucene-parent-3.6.2.pom (3 KB at 10.4 KB/sec)
Downloading: http://d-build1.iad2.corp.rackspace.com:8100/nexus/content/groups/public/org/apache/lucene/lucene-solr-grandparent/3.6.2/lucene-solr-grandparent-3.6.2.pom
Downloaded: http://d-build1.iad2.corp.rackspace.com:8100/nexus/content/groups/public/org/apache/lucene/lucene-solr-grandparent/3.6.2/lucene-solr-grandparent-3.6.2.pom (28 KB at 112.4 KB/sec)
Downloading: http://d-build1.iad2.corp.rackspace.com:8100/nexus/content/groups/public/org/apache/lucene/lucene-analyzers/3.6.2/lucene-analyzers-3.6.2.pom
Downloaded: http://d-build1.iad2.corp.rackspace.com:8100/nexus/content/groups/public/org/apache/lucene/lucene-analyzers/3.6.2/lucene-analyzers-3.6.2.pom (5 KB at 20.4 KB/sec)
Downloading: http://d-build1.iad2.corp.rackspace.com:8100/nexus/content/groups/public/org/apache/lucene/lucene-queries/3.6.2/lucene-queries-3.6.2.pom
Downloaded: http://d-build1.iad2.corp.rackspace.com:8100/nexus/content/groups/public/org/apache/lucene/lucene-queries/3.6.2/lucene-queries-3.6.2.pom (4 KB at 15.5 KB/sec)
Downloading: http://d-build1.iad2.corp.rackspace.com:8100/nexus/content/groups/public/org/apache/lucene/lucene-memory/3.6.2/lucene-memory-3.6.2.pom
Downloaded: http://d-build1.iad2.corp.rackspace.com:8100/nexus/content/groups/public/org/apache/lucene/lucene-memory/3.6.2/lucene-memory-3.6.2.pom (3 KB at 15.1 KB/sec)
Downloading: http://d-build1.iad2.corp.rackspace.com:8100/nexus/content/groups/public/org/apache/lucene/lucene-highlighter/3.6.2/lucene-highlighter-3.6.2.pom
Downloaded: http://d-build1.iad2.corp.rackspace.com:8100/nexus/content/groups/public/org/apache/lucene/lucene-highlighter/3.6.2/lucene-highlighter-3.6.2.pom (4 KB at 16.8 KB/sec)
Downloading: http://d-build1.iad2.corp.rackspace.com:8100/nexus/content/groups/public/com/spatial4j/spatial4j/0.3/spatial4j-0.3.pom
Downloaded: http://d-build1.iad2.corp.rackspace.com:8100/nexus/content/groups/public/com/spatial4j/spatial4j/0.3/spatial4j-0.3.pom (7 KB at 28.3 KB/sec)
Downloading: http://d-build1.iad2.corp.rackspace.com:8100/nexus/content/groups/public/org/elasticsearch/elasticsearch/0.20.6/elasticsearch-0.20.6.jar
Downloading: http://d-build1.iad2.corp.rackspace.com:8100/nexus/content/groups/public/org/apache/lucene/lucene-analyzers/3.6.2/lucene-analyzers-3.6.2.jar
Downloading: http://d-build1.iad2.corp.rackspace.com:8100/nexus/content/groups/public/org/apache/lucene/lucene-queries/3.6.2/lucene-queries-3.6.2.jar
Downloading: http://d-build1.iad2.corp.rackspace.com:8100/nexus/content/groups/public/org/apache/lucene/lucene-memory/3.6.2/lucene-memory-3.6.2.jar
Downloading: http://d-build1.iad2.corp.rackspace.com:8100/nexus/content/groups/public/org/apache/lucene/lucene-core/3.6.2/lucene-core-3.6.2.jar
Downloaded: http://d-build1.iad2.corp.rackspace.com:8100/nexus/content/groups/public/org/apache/lucene/lucene-memory/3.6.2/lucene-memory-3.6.2.jar (30 KB at 77.8 KB/sec)
Downloading: http://d-build1.iad2.corp.rackspace.com:8100/nexus/content/groups/public/org/apache/lucene/lucene-highlighter/3.6.2/lucene-highlighter-3.6.2.jar
Downloaded: http://d-build1.iad2.corp.rackspace.com:8100/nexus/content/groups/public/org/apache/lucene/lucene-queries/3.6.2/lucene-queries-3.6.2.jar (47 KB at 113.7 KB/sec)
Downloading: http://d-build1.iad2.corp.rackspace.com:8100/nexus/content/groups/public/com/spatial4j/spatial4j/0.3/spatial4j-0.3.jar
Downloaded: http://d-build1.iad2.corp.rackspace.com:8100/nexus/content/groups/public/org/apache/lucene/lucene-highlighter/3.6.2/lucene-highlighter-3.6.2.jar (88 KB at 284.6 KB/sec)
Downloaded: http://d-build1.iad2.corp.rackspace.com:8100/nexus/content/groups/public/com/spatial4j/spatial4j/0.3/spatial4j-0.3.jar (68 KB at 227.1 KB/sec)
Downloaded: http://d-build1.iad2.corp.rackspace.com:8100/nexus/content/groups/public/org/apache/lucene/lucene-analyzers/3.6.2/lucene-analyzers-3.6.2.jar (1147 KB at 1425.7 KB/sec)
Downloaded: http://d-build1.iad2.corp.rackspace.com:8100/nexus/content/groups/public/org/apache/lucene/lucene-core/3.6.2/lucene-core-3.6.2.jar (1504 KB at 1804.3 KB/sec)
Downloaded: http://d-build1.iad2.corp.rackspace.com:8100/nexus/content/groups/public/org/elasticsearch/elasticsearch/0.20.6/elasticsearch-0.20.6.jar (10405 KB at 6656.6 KB/sec)
[INFO] 
[INFO] [8mha:AAAAYB+LCAAAAAAAAABb85aBtbiIQSmjNKU4P0+vJLE4u1gvPjexLDVPzxdEGvvmZ+X75ZekLlOVfvTjc8FPJgaGiiIGKaiG5Py84vycVD1nCA1SyAABjCCFBQCV27OjYAAAAA==[0m--- maven-clean-plugin:2.4.1:clean (default-clean) @ search ---
[INFO] 
[INFO] [8mha:AAAAYB+LCAAAAAAAAABb85aBtbiIQSmjNKU4P0+vJLE4u1gvPjexLDVPzxdEGvvmZ+X75ZekLlOVfvTjc8FPJgaGiiIGKaiG5Py84vycVD1nCA1SyAABjCCFBQCV27OjYAAAAA==[0m--- gmaven-plugin:1.0:execute (default) @ search ---
[INFO] 
[INFO] [8mha:AAAAYB+LCAAAAAAAAABb85aBtbiIQSmjNKU4P0+vJLE4u1gvPjexLDVPzxdEGvvmZ+X75ZekLlOVfvTjc8FPJgaGiiIGKaiG5Py84vycVD1nCA1SyAABjCCFBQCV27OjYAAAAA==[0m--- gmaven-plugin:1.4:generateStubs (buildGroovies) @ search ---
[INFO] Generated 26 Java stubs
[INFO] 
[INFO] [8mha:AAAAYB+LCAAAAAAAAABb85aBtbiIQSmjNKU4P0+vJLE4u1gvPjexLDVPzxdEGvvmZ+X75ZekLlOVfvTjc8FPJgaGiiIGKaiG5Py84vycVD1nCA1SyAABjCCFBQCV27OjYAAAAA==[0m--- maven-resources-plugin:2.6:copy-resources (copy-webapp) @ search ---
[INFO] Using 'UTF-8' encoding to copy filtered resources.
[INFO] Copying 3 resources
[INFO] [INFO] Using 'UTF-8' encoding to copy filtered resources.
[INFO] Copying 7 resources

[INFO] [8mha:AAAAYB+LCAAAAAAAAABb85aBtbiIQSmjNKU4P0+vJLE4u1gvPjexLDVPzxdEGvvmZ+X75ZekLlOVfvTjc8FPJgaGiiIGKaiG5Py84vycVD1nCA1SyAABjCCFBQCV27OjYAAAAA==[0m--- maven-resources-plugin:2.6:resources (default-resources) @ search ---
[INFO] Copying 1 resource to ../
[INFO] 
[INFO] [8mha:AAAAYB+LCAAAAAAAAABb85aBtbiIQSmjNKU4P0+vJLE4u1gvPjexLDVPzxdEGvvmZ+X75ZekLlOVfvTjc8FPJgaGiiIGKaiG5Py84vycVD1nCA1SyAABjCCFBQCV27OjYAAAAA==[0m--- maven-compiler-plugin:2.3.2:compile (default-compile) @ search ---
[INFO] Compiling 40 source files to /var/lib/jenkins/jobs/TSearchUnittest/workspace/service/target/classes
[INFO] 
[INFO] [8mha:AAAAYB+LCAAAAAAAAABb85aBtbiIQSmjNKU4P0+vJLE4u1gvPjexLDVPzxdEGvvmZ+X75ZekLlOVfvTjc8FPJgaGiiIGKaiG5Py84vycVD1nCA1SyAABjCCFBQCV27OjYAAAAA==[0m--- gmaven-plugin:1.4:compile (buildGroovies) @ search ---
[INFO] 
[INFO] [8mha:AAAAYB+LCAAAAAAAAABb85aBtbiIQSmjNKU4P0+vJLE4u1gvPjexLDVPzxdEGvvmZ+X75ZekLlOVfvTjc8FPJgaGiiIGKaiG5Py84vycVD1nCA1SyAABjCCFBQCV27OjYAAAAA==[0m--- gmaven-plugin:1.4:execute (filterResources) @ search ---
[INFO] Compiled 44 Groovy classes
[INFO] 
[INFO] [8mha:AAAAYB+LCAAAAAAAAABb85aBtbiIQSmjNKU4P0+vJLE4u1gvPjexLDVPzxdEGvvmZ+X75ZekLlOVfvTjc8FPJgaGiiIGKaiG5Py84vycVD1nCA1SyAABjCCFBQCV27OjYAAAAA==[0m--- gmaven-plugin:1.4:generateTestStubs (buildGroovies) @ search ---
[INFO] [INFO] Generated 13 Java stubs
[INFO] Using 'UTF-8' encoding to copy filtered resources.
[INFO] Copying 5 resources

[INFO] [8mha:AAAAYB+LCAAAAAAAAABb85aBtbiIQSmjNKU4P0+vJLE4u1gvPjexLDVPzxdEGvvmZ+X75ZekLlOVfvTjc8FPJgaGiiIGKaiG5Py84vycVD1nCA1SyAABjCCFBQCV27OjYAAAAA==[0m--- maven-resources-plugin:2.6:testResources (default-testResources) @ search ---
[INFO] [INFO] Compiling 13 source files to /var/lib/jenkins/jobs/TSearchUnittest/workspace/service/target/test-classes

[INFO] [8mha:AAAAYB+LCAAAAAAAAABb85aBtbiIQSmjNKU4P0+vJLE4u1gvPjexLDVPzxdEGvvmZ+X75ZekLlOVfvTjc8FPJgaGiiIGKaiG5Py84vycVD1nCA1SyAABjCCFBQCV27OjYAAAAA==[0m--- maven-compiler-plugin:2.3.2:testCompile (default-testCompile) @ search ---
[INFO] 
[INFO] [8mha:AAAAYB+LCAAAAAAAAABb85aBtbiIQSmjNKU4P0+vJLE4u1gvPjexLDVPzxdEGvvmZ+X75ZekLlOVfvTjc8FPJgaGiiIGKaiG5Py84vycVD1nCA1SyAABjCCFBQCV27OjYAAAAA==[0m--- gmaven-plugin:1.4:testCompile (buildGroovies) @ search ---
[INFO] Compiled 30 Groovy classes
[INFO] 
[INFO] [8mha:AAAAYB+LCAAAAAAAAABb85aBtbiIQSmjNKU4P0+vJLE4u1gvPjexLDVPzxdEGvvmZ+X75ZekLlOVfvTjc8FPJgaGiiIGKaiG5Py84vycVD1nCA1SyAABjCCFBQCV27OjYAAAAA==[0m--- maven-surefire-plugin:2.10:test (default-test) @ search ---
[INFO] Surefire report directory: /var/lib/jenkins/jobs/TSearchUnittest/workspace/service/target/surefire-reports

-------------------------------------------------------
 T E S T S
-------------------------------------------------------
Running com.rackspace.search.service.core.CoreTicketOngoingSyncJobTest
Tests run: 3, Failures: 0, Errors: 0, Skipped: 0, Time elapsed: 2.055 sec
Running com.rackspace.search.service.core.CoreTicketOneTimeSyncJobTest
Tests run: 4, Failures: 0, Errors: 0, Skipped: 0, Time elapsed: 0.419 sec
Running com.rackspace.search.service.core.CoreTicketProcessorTest
Tests run: 1, Failures: 0, Errors: 0, Skipped: 0, Time elapsed: 0.241 sec
Running com.rackspace.search.service.core.CoreTicketOnGoingSyncActorTest
Tests run: 3, Failures: 0, Errors: 0, Skipped: 0, Time elapsed: 0.711 sec
Running com.rackspace.search.service.core.CoreTicketOnetimeSyncActorTest
Tests run: 3, Failures: 0, Errors: 0, Skipped: 0, Time elapsed: 0 sec
Running com.rackspace.search.service.JobServiceTest
17:22:26.728 [main] INFO  c.r.s.common.property.PropertyProvider - Loading properties file from file [/var/lib/jenkins/jobs/TSearchUnittest/workspace/service/target/properties/local/search.properties]
17:22:26.736 [main] INFO  c.r.s.common.property.PropertyProvider - Loading properties file from file [/var/lib/jenkins/jobs/TSearchUnittest/workspace/service/target/properties/local/search.secrets.properties]
17:22:26.736 [main] INFO  c.r.s.common.property.PropertyProvider - Loading properties file from file [/var/lib/jenkins/jobs/TSearchUnittest/workspace/service/target/properties/local/elasticsearch.properties]
17:22:26.887 [main] INFO  c.r.s.elasticsearch.ElasticSearchServer - Starting the Elastic Search server node:
17:22:27.165 [main] INFO  org.elasticsearch.node - [ticket.node] {0.20.6}[20152]: initializing ...
17:22:27.173 [main] INFO  org.elasticsearch.plugins - [ticket.node] loaded [], sites []
17:22:29.848 [main] INFO  org.elasticsearch.node - [ticket.node] {0.20.6}[20152]: initialized
17:22:29.848 [main] INFO  c.r.s.elasticsearch.ElasticSearchServer - Starting the Elastic Search server node with these settings:
17:22:29.882 [main] INFO  c.r.s.elasticsearch.ElasticSearchServer - Elasticsearch Settings :  [core.db.url:jdbc:postgresql://dev.db.core.rackspace.com:5432/core_dev, node.local:true, index.analysis.analyzer.search_standard.filter:[lowercase], elastic.config.path:/var/lib/jenkins/jobs/TSearchUnittest/workspace/service/target/properties/local/elasticsearch, ticket.core.dateformat:yyyy-MM-dd HH:mm:ss, path.data:/var/lib/jenkins/jobs/TSearchUnittest/workspace/service/target/elasticsearch/data, cluster.name:ticket.cluster, index.analysis.analyzer.search_standard.type:standard, core.db.password:, path.conf:/var/lib/jenkins/jobs/TSearchUnittest/workspace/service/target/properties/local/elasticsearch, core.api.password:qwerty, ticket.ongoingsync.delay.seconds:2000, name:ticket.node, http.enabled:true, path.logs:/var/lib/jenkins/jobs/TSearchUnittest/workspace/service/target/elasticsearch/logs, index.number_of_replicas:0, ticket.document.idName:number, ticket.document.versionParam:updated_at, core.api.endpoint:https://ws.staging.core.rackspace.com/ctkapi, ticket.document.type:ticket, ticket.index.name:ticket, admin.index.name:admin, indices.structure:/indices_structure.json, core.loopback.time.seconds:120, index.number_of_shards:5, index.store.fs.memory.enabled:false, admin.document.idName:name, admin.document.type:syncJob, core.db.username:search_api, ticket.core.date.timezone:CST, ticket.search.allowedRangeParams:created_at,updated_at,last_public_response_date, ticket.search.allowedTermParams:source_system,number,created_at,updated_at,last_public_response_date,status,queue,category,priority,assignee.name,account.number, core.driver.class:org.postgresql.Driver, core.api.username:rcameron, ticket.elastic.dateformat:yyyy-MM-dd'T'HH:mm:ss.SSSZZ, action.auto_create_index:1, discovery.zen.ping.multicast.enabled:false]
17:22:29.884 [main] INFO  org.elasticsearch.node - [ticket.node] {0.20.6}[20152]: starting ...
17:22:29.892 [main] INFO  org.elasticsearch.transport - [ticket.node] bound_address {local[1]}, publish_address {local[1]}
17:22:29.930 [elasticsearch[ticket.node][clusterService#updateTask][T#1]] INFO  org.elasticsearch.cluster.service - [ticket.node] new_master [ticket.node][1][local[1]]{local=true}, reason: local-disco-initial_connect(master)
17:22:29.936 [main] INFO  org.elasticsearch.discovery - [ticket.node] ticket.cluster/1
17:22:30.134 [main] INFO  org.elasticsearch.http - [ticket.node] bound_address {inet[/0:0:0:0:0:0:0:0:9200]}, publish_address {inet[/10.14.208.252:9200]}
17:22:30.135 [main] INFO  org.elasticsearch.node - [ticket.node] {0.20.6}[20152]: started
17:22:30.135 [main] INFO  c.r.s.elasticsearch.ElasticSearchServer - Elastic Search server is started.
17:22:30.292 [main] INFO  c.r.s.elasticsearch.ElasticSearchServer - ES cluster status is GREEN
17:22:30.400 [elasticsearch[ticket.node][clusterService#updateTask][T#1]] INFO  org.elasticsearch.gateway - [ticket.node] recovered [0] indices into cluster_state
17:22:30.791 [main] INFO  c.r.s.e.ElasticSearchClientFactoryBean - Starting ElasticSearch client
17:22:30.794 [main] INFO  c.r.s.e.ElasticSearchClientFactoryBean - About to read index setting file : /indices_structure.json
17:22:30.932 [main] INFO  c.r.s.e.ElasticSearchClientFactoryBean - Index does not exist. Creating the Index ticket 
17:22:31.221 [main] INFO  c.r.s.e.ElasticSearchClientFactoryBean - About to read index setting file : /var/lib/jenkins/jobs/TSearchUnittest/workspace/service/target/properties/local/elasticsearch/mappings/ticket/index.json
17:22:31.998 [elasticsearch[ticket.node][clusterService#updateTask][T#1]] INFO  org.elasticsearch.cluster.metadata - [ticket.node] [ticket] creating index, cause [api], shards [5]/[0], mappings [index, ticket]
17:22:32.491 [main] INFO  c.r.s.e.ElasticSearchClientFactoryBean - Successfully setup Index ticket 
17:22:32.494 [main] INFO  c.r.s.e.ElasticSearchClientFactoryBean - About to read index setting file : /var/lib/jenkins/jobs/TSearchUnittest/workspace/service/target/properties/local/elasticsearch/mappings/ticket/ticket.json
17:22:32.508 [main] INFO  c.r.s.e.ElasticSearchClientFactoryBean - Setting up Mapping for [ticket]/[ticket]: {"ticket":{"_source":{"enabled":true},"properties":{"queue":{"analyzer":"keyword_lowercase","type":"string"},"last_public_response_date":{"format":"date_time","type":"date"},"idle":{"format":"date_time","type":"date"},"category":{"analyzer":"keyword_lowercase","type":"string"},"updated_at":{"format":"date_time","type":"date"},"status":{"analyzer":"keyword_lowercase","type":"string"},"priority":{"analyzer":"keyword_lowercase","type":"string"},"created_at":{"format":"date_time","type":"date"},"number":{"analyzer":"keyword_lowercase","type":"string"},"account.number":{"analyzer":"keyword_lowercase","type":"string"},"assignee.name":{"analyzer":"keyword_lowercase","type":"string"},"source_system":{"analyzer":"keyword_lowercase","type":"string"}}}}
17:22:32.565 [main] INFO  c.r.s.e.ElasticSearchClientFactoryBean - Index does not exist. Creating the Index admin 
17:22:32.566 [main] INFO  c.r.s.e.ElasticSearchClientFactoryBean - About to read index setting file : /var/lib/jenkins/jobs/TSearchUnittest/workspace/service/target/properties/local/elasticsearch/mappings/admin/index.json
17:22:32.668 [elasticsearch[ticket.node][clusterService#updateTask][T#1]] INFO  org.elasticsearch.cluster.metadata - [ticket.node] [admin] creating index, cause [api], shards [5]/[0], mappings [index, syncJob]
17:22:32.871 [main] INFO  c.r.s.e.ElasticSearchClientFactoryBean - Successfully setup Index admin 
17:22:32.871 [main] INFO  c.r.s.e.ElasticSearchClientFactoryBean - About to read index setting file : /var/lib/jenkins/jobs/TSearchUnittest/workspace/service/target/properties/local/elasticsearch/mappings/admin/syncJob.json
17:22:32.877 [main] INFO  c.r.s.e.ElasticSearchClientFactoryBean - Setting up Mapping for [admin]/[syncJob]: {"syncJob":{"_source":{"enabled":true},"properties":{"is_enabled":{"type":"string"},"last_updated_at":{"format":"date_time","type":"date"},"status":{"type":"string"},"processing_node":{"type":"string"},"description":{"type":"string"},"status_message":{"type":"string"},"name":{"type":"string"},"started_at":{"format":"date_time","type":"date"},"last_ticket_modified_at":{"format":"date_time","type":"date"},"type":{"type":"string"}}}}
17:22:33.790 [Timer-2] INFO  c.r.s.s.core.CoreTicketOngoingSyncJob - 
17:22:39.292 [main] INFO  c.r.s.e.client.ElasticSearchClient - Started Query Request Builder with query params [:]
Tests run: 3, Failures: 0, Errors: 0, Skipped: 0, Time elapsed: 14.421 sec
Running com.rackspace.search.service.TicketSearchServiceTest
17:22:39.525 [main] INFO  c.r.search.logging.ElasticSearchLogger - Posting Core ticket 1-1 to ElasticSearch
17:22:39.529 [main] INFO  c.r.s.e.client.ElasticSearchClient - Executing the tickets to post to Elastic Search
17:22:39.556 [elasticsearch[ticket.node][clusterService#updateTask][T#1]] INFO  org.elasticsearch.cluster.metadata - [ticket.node] [ticket] update_mapping [ticket] (dynamic)
Tests run: 2, Failures: 0, Errors: 0, Skipped: 0, Time elapsed: 7.107 sec
Running com.rackspace.search.gateway.core.CoreAuthGatewayTest
Tests run: 2, Failures: 0, Errors: 0, Skipped: 0, Time elapsed: 0.319 sec
Running com.rackspace.search.gateway.core.CoreTicketGatewayTest
Tests run: 5, Failures: 0, Errors: 0, Skipped: 0, Time elapsed: 0.001 sec
Running com.rackspace.search.elasticsearch.client.ElasticSearchClientFactoryBeanTest
17:22:46.776 [main] INFO  c.r.s.e.ElasticSearchClientFactoryBean - About to read index setting file : /indices_structure.json
17:22:46.792 [main] INFO  c.r.s.e.ElasticSearchClientFactoryBean - About to read index setting file : /indices_structure.json
17:22:46.803 [main] INFO  c.r.s.e.ElasticSearchClientFactoryBean - About to read index setting file : /var/lib/jenkins/jobs/TSearchUnittest/workspace/service/target/properties/local/elasticsearch/mappings/ticket/index.json
17:22:46.814 [main] INFO  c.r.s.e.ElasticSearchClientFactoryBean - About to read index setting file : /var/lib/jenkins/jobs/TSearchUnittest/workspace/service/target/properties/local/elasticsearch/mappings/admin/index.json
17:22:46.818 [main] INFO  c.r.s.e.ElasticSearchClientFactoryBean - About to read index setting file : /indices_structure.json
17:22:46.825 [main] INFO  c.r.s.e.ElasticSearchClientFactoryBean - About to read index setting file : /var/lib/jenkins/jobs/TSearchUnittest/workspace/service/target/properties/local/elasticsearch/mappings/ticket/ticket.json
17:22:46.850 [main] INFO  c.r.s.e.ElasticSearchClientFactoryBean - About to read index setting file : /var/lib/jenkins/jobs/TSearchUnittest/workspace/service/target/properties/local/elasticsearch/mappings/admin/syncJob.json
Tests run: 3, Failures: 0, Errors: 0, Skipped: 0, Time elapsed: 0 sec
Running com.rackspace.search.elasticsearch.client.ElasticSearchClientTest
17:22:46.911 [main] INFO  c.r.search.logging.ElasticSearchLogger - Posting Core ticket 1-1 to ElasticSearch
17:22:46.911 [main] INFO  c.r.search.logging.ElasticSearchLogger - Posting Core ticket 2-1 to ElasticSearch
17:22:46.912 [main] INFO  c.r.search.logging.ElasticSearchLogger - Posting Core ticket 3-1 to ElasticSearch
17:22:46.912 [main] INFO  c.r.s.e.client.ElasticSearchClient - Executing the tickets to post to Elastic Search
17:22:46.964 [elasticsearch[ticket.node][clusterService#updateTask][T#1]] INFO  org.elasticsearch.cluster.metadata - [ticket.node] [ticketsearch] creating index, cause [auto(bulk api)], shards [5]/[0], mappings []
17:22:48.056 [elasticsearch[ticket.node][clusterService#updateTask][T#1]] INFO  org.elasticsearch.cluster.metadata - [ticket.node] [ticketsearch] update_mapping [ticketdoc] (dynamic)
17:22:51.169 [elasticsearch[ticket.node][clusterService#updateTask][T#1]] INFO  org.elasticsearch.cluster.metadata - [ticket.node] [ticketsearch] deleting index
17:22:51.231 [main] INFO  c.r.search.logging.ElasticSearchLogger - Posting Core ticket 1-1 to ElasticSearch
17:22:51.232 [main] INFO  c.r.search.logging.ElasticSearchLogger - Posting Core ticket 2-1 to ElasticSearch
17:22:51.232 [main] INFO  c.r.search.logging.ElasticSearchLogger - Posting Core ticket 3-1 to ElasticSearch
17:22:51.232 [main] INFO  c.r.s.e.client.ElasticSearchClient - Executing the tickets to post to Elastic Search
17:22:51.288 [elasticsearch[ticket.node][clusterService#updateTask][T#1]] INFO  org.elasticsearch.cluster.metadata - [ticket.node] [ticketsearch] creating index, cause [auto(bulk api)], shards [5]/[0], mappings []
17:22:51.673 [elasticsearch[ticket.node][clusterService#updateTask][T#1]] INFO  org.elasticsearch.cluster.metadata - [ticket.node] [ticketsearch] update_mapping [ticketdoc] (dynamic)
17:22:54.698 [main] INFO  c.r.s.e.client.ElasticSearchClient - Started Query Request Builder with query params [:]
17:22:54.719 [elasticsearch[ticket.node][clusterService#updateTask][T#1]] INFO  org.elasticsearch.cluster.metadata - [ticket.node] [ticketsearch] deleting index
17:22:54.778 [main] INFO  c.r.search.logging.ElasticSearchLogger - Posting Core ticket 1-1 to ElasticSearch
17:22:54.779 [main] INFO  c.r.search.logging.ElasticSearchLogger - Posting Core ticket 2-1 to ElasticSearch
17:22:54.779 [main] INFO  c.r.search.logging.ElasticSearchLogger - Posting Core ticket 3-1 to ElasticSearch
17:22:54.780 [main] INFO  c.r.s.e.client.ElasticSearchClient - Executing the tickets to post to Elastic Search
17:22:54.822 [elasticsearch[ticket.node][clusterService#updateTask][T#1]] INFO  org.elasticsearch.cluster.metadata - [ticket.node] [ticketsearch] creating index, cause [auto(bulk api)], shards [5]/[0], mappings []
17:22:55.099 [elasticsearch[ticket.node][clusterService#updateTask][T#1]] INFO  org.elasticsearch.cluster.metadata - [ticket.node] [ticketsearch] update_mapping [ticketdoc] (dynamic)
17:22:58.062 [main] INFO  c.r.s.e.client.ElasticSearchClient - Started Query Request Builder with query params [user:[testing1]]
17:22:58.100 [main] INFO  c.r.s.e.client.ElasticSearchClient - Started Query Request Builder with query params [user:[testing1,testing3]]
17:22:58.174 [main] INFO  c.r.s.e.client.ElasticSearchClient - Started Query Request Builder with query params [user!:[testing1,testing3]]
17:22:58.238 [elasticsearch[ticket.node][clusterService#updateTask][T#1]] INFO  org.elasticsearch.cluster.metadata - [ticket.node] [ticketsearch] deleting index
17:22:58.366 [main] INFO  c.r.search.logging.ElasticSearchLogger - Posting Core ticket 1-1 to ElasticSearch
17:22:58.367 [main] INFO  c.r.search.logging.ElasticSearchLogger - Posting Core ticket 2-1 to ElasticSearch
17:22:58.367 [main] INFO  c.r.search.logging.ElasticSearchLogger - Posting Core ticket 3-1 to ElasticSearch
17:22:58.367 [main] INFO  c.r.s.e.client.ElasticSearchClient - Executing the tickets to post to Elastic Search
17:22:58.409 [elasticsearch[ticket.node][clusterService#updateTask][T#1]] INFO  org.elasticsearch.cluster.metadata - [ticket.node] [ticketsearch] creating index, cause [auto(bulk api)], shards [5]/[0], mappings []
17:22:58.798 [elasticsearch[ticket.node][clusterService#updateTask][T#1]] INFO  org.elasticsearch.cluster.metadata - [ticket.node] [ticketsearch] update_mapping [ticketdoc] (dynamic)
17:23:01.951 [main] INFO  c.r.s.e.client.ElasticSearchClient - Started Query Request Builder with query params [priority_range:[[1,2]]]
17:23:01.993 [main] INFO  c.r.s.e.client.ElasticSearchClient - Started Query Request Builder with query params [priority_range!:[[1,2]]]
17:23:02.100 [elasticsearch[ticket.node][clusterService#updateTask][T#1]] INFO  org.elasticsearch.cluster.metadata - [ticket.node] [ticketsearch] deleting index
17:23:02.153 [main] INFO  c.r.search.logging.ElasticSearchLogger - Posting Core ticket 1-1 to ElasticSearch
17:23:02.154 [main] INFO  c.r.search.logging.ElasticSearchLogger - Posting Core ticket 2-1 to ElasticSearch
17:23:02.155 [main] INFO  c.r.search.logging.ElasticSearchLogger - Posting Core ticket 3-1 to ElasticSearch
17:23:02.155 [main] INFO  c.r.s.e.client.ElasticSearchClient - Executing the tickets to post to Elastic Search
17:23:02.192 [elasticsearch[ticket.node][clusterService#updateTask][T#1]] INFO  org.elasticsearch.cluster.metadata - [ticket.node] [ticketsearch] creating index, cause [auto(bulk api)], shards [5]/[0], mappings []
17:23:02.452 [elasticsearch[ticket.node][clusterService#updateTask][T#1]] INFO  org.elasticsearch.cluster.metadata - [ticket.node] [ticketsearch] update_mapping [ticketdoc] (dynamic)
17:23:05.491 [main] INFO  c.r.s.e.client.ElasticSearchClient - Started Query Request Builder with query params [sort:[number|desc]]
17:23:05.555 [main] INFO  c.r.s.e.client.ElasticSearchClient - Started Query Request Builder with query params [sort:[number|desc,priority]]
17:23:05.572 [main] INFO  c.r.s.e.client.ElasticSearchClient - Started Query Request Builder with query params [sort:[assignee.name|asc]]
17:23:05.584 [elasticsearch[ticket.node][clusterService#updateTask][T#1]] INFO  org.elasticsearch.cluster.metadata - [ticket.node] [ticketsearch] deleting index
17:23:05.620 [main] INFO  c.r.search.logging.ElasticSearchLogger - Posting Core ticket 1-1 to ElasticSearch
17:23:05.620 [main] INFO  c.r.search.logging.ElasticSearchLogger - Posting Core ticket 2-1 to ElasticSearch
17:23:05.621 [main] INFO  c.r.search.logging.ElasticSearchLogger - Posting Core ticket 3-1 to ElasticSearch
17:23:05.621 [main] INFO  c.r.s.e.client.ElasticSearchClient - Executing the tickets to post to Elastic Search
17:23:05.652 [elasticsearch[ticket.node][clusterService#updateTask][T#1]] INFO  org.elasticsearch.cluster.metadata - [ticket.node] [ticketsearch] creating index, cause [auto(bulk api)], shards [5]/[0], mappings []
17:23:05.809 [elasticsearch[ticket.node][clusterService#updateTask][T#1]] INFO  org.elasticsearch.cluster.metadata - [ticket.node] [ticketsearch] update_mapping [ticketdoc] (dynamic)
17:23:08.835 [main] INFO  c.r.s.e.client.ElasticSearchClient - Started Query Request Builder with query params [sort:[priority]]
17:23:08.851 [elasticsearch[ticket.node][clusterService#updateTask][T#1]] INFO  org.elasticsearch.cluster.metadata - [ticket.node] [ticketsearch] deleting index
17:23:08.892 [main] INFO  c.r.search.logging.ElasticSearchLogger - Posting Core ticket 1-1 to ElasticSearch
17:23:08.892 [main] INFO  c.r.search.logging.ElasticSearchLogger - Posting Core ticket 2-1 to ElasticSearch
17:23:08.893 [main] INFO  c.r.search.logging.ElasticSearchLogger - Posting Core ticket 3-1 to ElasticSearch
17:23:08.893 [main] INFO  c.r.s.e.client.ElasticSearchClient - Executing the tickets to post to Elastic Search
17:23:08.924 [elasticsearch[ticket.node][clusterService#updateTask][T#1]] INFO  org.elasticsearch.cluster.metadata - [ticket.node] [ticketsearch] creating index, cause [auto(bulk api)], shards [5]/[0], mappings []
17:23:09.096 [elasticsearch[ticket.node][clusterService#updateTask][T#1]] INFO  org.elasticsearch.cluster.metadata - [ticket.node] [ticketsearch] update_mapping [ticketdoc] (dynamic)
17:23:12.092 [elasticsearch[ticket.node][clusterService#updateTask][T#1]] INFO  org.elasticsearch.cluster.metadata - [ticket.node] [ticketsearch] deleting index
17:23:12.199 [main] INFO  c.r.search.logging.ElasticSearchLogger - Posting Core ticket 1-1 to ElasticSearch
17:23:12.199 [main] INFO  c.r.search.logging.ElasticSearchLogger - Posting Core ticket 2-1 to ElasticSearch
17:23:12.200 [main] INFO  c.r.search.logging.ElasticSearchLogger - Posting Core ticket 3-1 to ElasticSearch
17:23:12.200 [main] INFO  c.r.s.e.client.ElasticSearchClient - Executing the tickets to post to Elastic Search
17:23:12.308 [elasticsearch[ticket.node][clusterService#updateTask][T#1]] INFO  org.elasticsearch.cluster.metadata - [ticket.node] [ticketsearch] creating index, cause [auto(bulk api)], shards [5]/[0], mappings []
17:23:12.523 [elasticsearch[ticket.node][clusterService#updateTask][T#1]] INFO  org.elasticsearch.cluster.metadata - [ticket.node] [ticketsearch] update_mapping [ticketdoc] (dynamic)
17:23:15.551 [main] INFO  c.r.s.e.client.ElasticSearchClient - Started Query Request Builder with query params [:]
17:23:15.563 [elasticsearch[ticket.node][clusterService#updateTask][T#1]] INFO  org.elasticsearch.cluster.metadata - [ticket.node] [ticketsearch] deleting index
17:23:15.597 [main] INFO  c.r.search.logging.ElasticSearchLogger - Posting Core ticket 1-1 to ElasticSearch
17:23:15.598 [main] INFO  c.r.search.logging.ElasticSearchLogger - Posting Core ticket 2-1 to ElasticSearch
17:23:15.598 [main] INFO  c.r.search.logging.ElasticSearchLogger - Posting Core ticket 3-1 to ElasticSearch
17:23:15.598 [main] INFO  c.r.s.e.client.ElasticSearchClient - Executing the tickets to post to Elastic Search
17:23:15.627 [elasticsearch[ticket.node][clusterService#updateTask][T#1]] INFO  org.elasticsearch.cluster.metadata - [ticket.node] [ticketsearch] creating index, cause [auto(bulk api)], shards [5]/[0], mappings []
17:23:15.798 [elasticsearch[ticket.node][clusterService#updateTask][T#1]] INFO  org.elasticsearch.cluster.metadata - [ticket.node] [ticketsearch] update_mapping [ticketdoc] (dynamic)
17:23:18.820 [main] INFO  c.r.s.e.client.ElasticSearchClient - Started Query Request Builder with query params [limit:[20]]
17:23:18.832 [elasticsearch[ticket.node][clusterService#updateTask][T#1]] INFO  org.elasticsearch.cluster.metadata - [ticket.node] [ticketsearch] deleting index
Tests run: 9, Failures: 0, Errors: 0, Skipped: 0, Time elapsed: 31.962 sec
17:23:18.888 [Thread-5] INFO  c.r.s.e.ElasticSearchClientFactoryBean - Closing ElasticSearch client
17:23:18.893 [Thread-5] WARN  o.s.c.a.CommonAnnotationBeanPostProcessor - Invocation of destroy method failed on bean with name 'coreTicketOneTimeSyncJob': java.lang.NullPointerException: Cannot invoke method setEnabled() on null object
17:23:18.896 [Thread-5] INFO  org.elasticsearch.node - [ticket.node] {0.20.6}[20152]: stopping ...
17:23:18.949 [Thread-5] INFO  org.elasticsearch.node - [ticket.node] {0.20.6}[20152]: stopped
17:23:18.949 [Thread-5] INFO  org.elasticsearch.node - [ticket.node] {0.20.6}[20152]: closing ...
17:23:18.964 [Thread-5] INFO  org.elasticsearch.node - [ticket.node] {0.20.6}[20152]: closed

Results :

Tests run: 38, Failures: 0, Errors: 0, Skipped: 0

[JENKINS] Recording test results
[INFO] ------------------------------------------------------------------------
[INFO] Reactor Summary:
[INFO] 
[INFO] Search POM ........................................ SUCCESS [4.397s]
[INFO] search ............................................ SUCCESS [1:37.604s]
[INFO] cucumber .......................................... SUCCESS [5.655s]
[INFO] ------------------------------------------------------------------------
[INFO] BUILD SUCCESS
[INFO] ------------------------------------------------------------------------
[INFO] Total time: 1:49.141s
[INFO] Finished at: Wed Apr 17 17:23:28 UTC 2013
[INFO] Final Memory: 57M/981M
[INFO] ------------------------------------------------------------------------
[JENKINS] Archiving /var/lib/jenkins/jobs/TSearchUnittest/workspace/cucumber/pom.xml to /var/lib/jenkins/jobs/TSearchUnittest/modules/com.rackspace.api$cucumber/builds/2013-04-17_17-21-29/archive/com.rackspace.api/cucumber/0.1.0_b57-SNAPSHOT/cucumber-0.1.0_b57-SNAPSHOT.pom
[JENKINS] Archiving /var/lib/jenkins/jobs/TSearchUnittest/workspace/pom.xml to /var/lib/jenkins/jobs/TSearchUnittest/modules/com.rackspace.api$search-pom/builds/2013-04-17_17-21-29/archive/com.rackspace.api/search-pom/0.1.0_b57-SNAPSHOT/search-pom-0.1.0_b57-SNAPSHOT.pom
[JENKINS] Archiving /var/lib/jenkins/jobs/TSearchUnittest/workspace/service/pom.xml to /var/lib/jenkins/jobs/TSearchUnittest/modules/com.rackspace.api$search/builds/2013-04-17_17-21-29/archive/com.rackspace.api/search/0.1.0_b57-SNAPSHOT/search-0.1.0_b57-SNAPSHOT.pom
Waiting for Jenkins to finish collecting data
