[INFO]                                                                         
[INFO] ------------------------------------------------------------------------
[INFO] Building search 0.1.0_b196-SNAPSHOT
[INFO] ------------------------------------------------------------------------
Downloading: http://d-build1.iad2.corp.rackspace.com:8100/nexus/content/groups/public/org/codehaus/groovy/maven/gmaven-plugin/maven-metadata.xml
Downloaded: http://d-build1.iad2.corp.rackspace.com:8100/nexus/content/groups/public/org/codehaus/groovy/maven/gmaven-plugin/maven-metadata.xml (583 B at 1.5 KB/sec)
Downloading: http://d-build1.iad2.corp.rackspace.com:8100/nexus/content/groups/public/com/sun/jersey/jersey-client/1.9/jersey-client-1.9.pom
Downloaded: http://d-build1.iad2.corp.rackspace.com:8100/nexus/content/groups/public/com/sun/jersey/jersey-client/1.9/jersey-client-1.9.pom (7 KB at 19.7 KB/sec)
Downloading: http://d-build1.iad2.corp.rackspace.com:8100/nexus/content/groups/public/com/sun/jersey/jersey-client/1.9/jersey-client-1.9.jar
[INFO] 
[INFO] [8mha:AAAAYB+LCAAAAAAAAABb85aBtbiIQSmjNKU4P0+vJLE4u1gvPjexLDVPzxdEGvvmZ+X75ZekLlOVfvTjc8FPJgaGiiIGKaiG5Py84vycVD1nCA1SyAABjCCFBQCV27OjYAAAAA==[0m--- maven-clean-plugin:2.4.1:clean (default-clean) @ search ---
Downloaded: http://d-build1.iad2.corp.rackspace.com:8100/nexus/content/groups/public/com/sun/jersey/jersey-client/1.9/jersey-client-1.9.jar (128 KB at 281.2 KB/sec)
[INFO] 
[INFO] [8mha:AAAAYB+LCAAAAAAAAABb85aBtbiIQSmjNKU4P0+vJLE4u1gvPjexLDVPzxdEGvvmZ+X75ZekLlOVfvTjc8FPJgaGiiIGKaiG5Py84vycVD1nCA1SyAABjCCFBQCV27OjYAAAAA==[0m--- gmaven-plugin:1.0:execute (default) @ search ---
[INFO] 
[INFO] [8mha:AAAAYB+LCAAAAAAAAABb85aBtbiIQSmjNKU4P0+vJLE4u1gvPjexLDVPzxdEGvvmZ+X75ZekLlOVfvTjc8FPJgaGiiIGKaiG5Py84vycVD1nCA1SyAABjCCFBQCV27OjYAAAAA==[0m--- gmaven-plugin:1.4:generateStubs (buildGroovies) @ search ---
[INFO] Generated 99 Java stubs
[INFO] 
[INFO] [8mha:AAAAYB+LCAAAAAAAAABb85aBtbiIQSmjNKU4P0+vJLE4u1gvPjexLDVPzxdEGvvmZ+X75ZekLlOVfvTjc8FPJgaGiiIGKaiG5Py84vycVD1nCA1SyAABjCCFBQCV27OjYAAAAA==[0m--- maven-resources-plugin:2.6:copy-resources (copy-webapp) @ search ---
[INFO] 
[INFO] [8mha:AAAAYB+LCAAAAAAAAABb85aBtbiIQSmjNKU4P0+vJLE4u1gvPjexLDVPzxdEGvvmZ+X75ZekLlOVfvTjc8FPJgaGiiIGKaiG5Py84vycVD1nCA1SyAABjCCFBQCV27OjYAAAAA==[0m--- maven-antrun-plugin:1.3:run (default) @ search ---
[INFO] Using 'UTF-8' encoding to copy filtered resources.
[INFO] Copying 5 resources
[INFO] Executing tasks
    [unzip] Expanding: /var/lib/jenkins/jobs/TSearchUnittest/workspace/service/src/main/webapp/_plugin/bigdesk.zip into /var/lib/jenkins/jobs/TSearchUnittest/workspace/service/target/search-0.1.0_b196-SNAPSHOT/_plugin
    [unzip] Expanding: /var/lib/jenkins/jobs/TSearchUnittest/workspace/service/src/main/webapp/_plugin/paramedic.zip into /var/lib/jenkins/jobs/TSearchUnittest/workspace/service/target/search-0.1.0_b196-SNAPSHOT/_plugin
[INFO] 
[INFO] [8mha:AAAAYB+LCAAAAAAAAABb85aBtbiIQSmjNKU4P0+vJLE4u1gvPjexLDVPzxdEGvvmZ+X75ZekLlOVfvTjc8FPJgaGiiIGKaiG5Py84vycVD1nCA1SyAABjCCFBQCV27OjYAAAAA==[0m--- maven-resources-plugin:2.6:resources (default-resources) @ search ---
[INFO] Executed tasks
[INFO] Using 'UTF-8' encoding to copy filtered resources.
[INFO] Copying 8 resources
[INFO] Copying 1 resource to ../
[INFO] 
[INFO] [8mha:AAAAYB+LCAAAAAAAAABb85aBtbiIQSmjNKU4P0+vJLE4u1gvPjexLDVPzxdEGvvmZ+X75ZekLlOVfvTjc8FPJgaGiiIGKaiG5Py84vycVD1nCA1SyAABjCCFBQCV27OjYAAAAA==[0m--- maven-compiler-plugin:2.3.2:compile (default-compile) @ search ---
[INFO] Compiling 97 source files to /var/lib/jenkins/jobs/TSearchUnittest/workspace/service/target/classes
[INFO] 
[INFO] [8mha:AAAAYB+LCAAAAAAAAABb85aBtbiIQSmjNKU4P0+vJLE4u1gvPjexLDVPzxdEGvvmZ+X75ZekLlOVfvTjc8FPJgaGiiIGKaiG5Py84vycVD1nCA1SyAABjCCFBQCV27OjYAAAAA==[0m--- gmaven-plugin:1.4:compile (buildGroovies) @ search ---
[INFO] Compiled 208 Groovy classes
[INFO] 
[INFO] [8mha:AAAAYB+LCAAAAAAAAABb85aBtbiIQSmjNKU4P0+vJLE4u1gvPjexLDVPzxdEGvvmZ+X75ZekLlOVfvTjc8FPJgaGiiIGKaiG5Py84vycVD1nCA1SyAABjCCFBQCV27OjYAAAAA==[0m--- gmaven-plugin:1.4:execute (filterResources) @ search ---
[INFO] 
[INFO] [8mha:AAAAYB+LCAAAAAAAAABb85aBtbiIQSmjNKU4P0+vJLE4u1gvPjexLDVPzxdEGvvmZ+X75ZekLlOVfvTjc8FPJgaGiiIGKaiG5Py84vycVD1nCA1SyAABjCCFBQCV27OjYAAAAA==[0m--- gmaven-plugin:1.4:generateTestStubs (buildGroovies) @ search ---
[INFO] 
[INFO] [8mha:AAAAYB+LCAAAAAAAAABb85aBtbiIQSmjNKU4P0+vJLE4u1gvPjexLDVPzxdEGvvmZ+X75ZekLlOVfvTjc8FPJgaGiiIGKaiG5Py84vycVD1nCA1SyAABjCCFBQCV27OjYAAAAA==[0m--- maven-resources-plugin:2.6:testResources (default-testResources) @ search ---
[INFO] Generated 46 Java stubs
[INFO] Using 'UTF-8' encoding to copy filtered resources.
[INFO] Copying 6 resources
[INFO] 
[INFO] [8mha:AAAAYB+LCAAAAAAAAABb85aBtbiIQSmjNKU4P0+vJLE4u1gvPjexLDVPzxdEGvvmZ+X75ZekLlOVfvTjc8FPJgaGiiIGKaiG5Py84vycVD1nCA1SyAABjCCFBQCV27OjYAAAAA==[0m--- maven-compiler-plugin:2.3.2:testCompile (default-testCompile) @ search ---
[INFO] Compiling 46 source files to /var/lib/jenkins/jobs/TSearchUnittest/workspace/service/target/test-classes
[INFO] 
[INFO] [8mha:AAAAYB+LCAAAAAAAAABb85aBtbiIQSmjNKU4P0+vJLE4u1gvPjexLDVPzxdEGvvmZ+X75ZekLlOVfvTjc8FPJgaGiiIGKaiG5Py84vycVD1nCA1SyAABjCCFBQCV27OjYAAAAA==[0m--- gmaven-plugin:1.4:testCompile (buildGroovies) @ search ---
[INFO] Compiled 57 Groovy classes
[INFO] 
[INFO] [8mha:AAAAYB+LCAAAAAAAAABb85aBtbiIQSmjNKU4P0+vJLE4u1gvPjexLDVPzxdEGvvmZ+X75ZekLlOVfvTjc8FPJgaGiiIGKaiG5Py84vycVD1nCA1SyAABjCCFBQCV27OjYAAAAA==[0m--- maven-surefire-plugin:2.10:test (default-test) @ search ---
[INFO] Surefire report directory: /var/lib/jenkins/jobs/TSearchUnittest/workspace/service/target/surefire-reports

-------------------------------------------------------
 T E S T S
-------------------------------------------------------
Running com.rackspace.search.endpoint.JobResourceTest
Tests run: 3, Failures: 0, Errors: 0, Skipped: 0, Time elapsed: 2.16 sec
Running com.rackspace.search.service.core.CoreTicketOnetimeSyncJobTest
Tests run: 1, Failures: 0, Errors: 0, Skipped: 0, Time elapsed: 0.245 sec
Running com.rackspace.search.service.core.CoreTicketOngoingSyncJobTest
Tests run: 3, Failures: 0, Errors: 0, Skipped: 0, Time elapsed: 2.437 sec
Running com.rackspace.search.service.core.CoreTicketProcessorTest
Tests run: 1, Failures: 0, Errors: 0, Skipped: 0, Time elapsed: 0 sec
Running com.rackspace.search.service.core.CoreTicketOnetimeSyncActorTest
Tests run: 3, Failures: 0, Errors: 0, Skipped: 0, Time elapsed: 0 sec
Running com.rackspace.search.service.core.CoreTicketOngoingSyncActorTest
Tests run: 3, Failures: 0, Errors: 0, Skipped: 0, Time elapsed: 0 sec
Running com.rackspace.search.service.core.CoreTicketSecondpassSyncJobTest
Tests run: 6, Failures: 0, Errors: 0, Skipped: 0, Time elapsed: 0 sec
Running com.rackspace.search.service.CoreAccountServiceTest
Tests run: 2, Failures: 0, Errors: 0, Skipped: 0, Time elapsed: 0.001 sec
Running com.rackspace.search.service.zendesk.ZendeskTicketProcessorTest
Tests run: 3, Failures: 0, Errors: 0, Skipped: 0, Time elapsed: 0.029 sec
Running com.rackspace.search.service.zendesk.ZendeskUserOnetimeSyncActorTest
Tests run: 3, Failures: 0, Errors: 0, Skipped: 0, Time elapsed: 0.409 sec
Running com.rackspace.search.service.zendesk.ZendeskGroupOnetimeSyncJobTest
Tests run: 3, Failures: 0, Errors: 0, Skipped: 0, Time elapsed: 0.226 sec
Running com.rackspace.search.service.zendesk.ZendeskSearchResultProcessorTest
Tests run: 1, Failures: 0, Errors: 0, Skipped: 0, Time elapsed: 0.022 sec
Running com.rackspace.search.service.zendesk.ZendeskUserOngoingSyncJobTest
Tests run: 2, Failures: 0, Errors: 0, Skipped: 0, Time elapsed: 0.433 sec
Running com.rackspace.search.service.zendesk.ZendeskTicketOnetimeSyncJobTest
Tests run: 3, Failures: 0, Errors: 0, Skipped: 0, Time elapsed: 0.001 sec
Running com.rackspace.search.service.zendesk.ZendeskGroupOnetimeSyncActorTest
Tests run: 3, Failures: 0, Errors: 0, Skipped: 0, Time elapsed: 0 sec
Running com.rackspace.search.service.zendesk.ZendeskTicketOnetimeSyncActorTest
Tests run: 3, Failures: 0, Errors: 0, Skipped: 0, Time elapsed: 0.028 sec
Running com.rackspace.search.service.zendesk.ZendeskUserOngoingSyncActorTest
Tests run: 2, Failures: 0, Errors: 0, Skipped: 0, Time elapsed: 0.699 sec
Running com.rackspace.search.service.zendesk.ZendeskTicketOngoingSyncJobTest
Tests run: 2, Failures: 0, Errors: 0, Skipped: 0, Time elapsed: 0.132 sec
Running com.rackspace.search.service.zendesk.ZendeskUserOnetimeSyncJobTest
Tests run: 3, Failures: 0, Errors: 0, Skipped: 0, Time elapsed: 0.247 sec
Running com.rackspace.search.service.zendesk.ZendeskGroupOngoingSyncJobTest
Tests run: 2, Failures: 0, Errors: 0, Skipped: 0, Time elapsed: 0.036 sec
Running com.rackspace.search.service.zendesk.ZendeskGroupOngoingSyncActorTest
Tests run: 2, Failures: 0, Errors: 0, Skipped: 0, Time elapsed: 0.033 sec
Running com.rackspace.search.service.zendesk.ZendeskTicketOngoingSyncActorTest
Tests run: 2, Failures: 0, Errors: 0, Skipped: 0, Time elapsed: 0.233 sec
Running com.rackspace.search.service.SyncRequestServiceTest
Tests run: 8, Failures: 0, Errors: 0, Skipped: 0, Time elapsed: 0.001 sec
Running com.rackspace.search.service.JobServiceTest
Tests run: 0, Failures: 0, Errors: 0, Skipped: 0, Time elapsed: 0.279 sec
Running com.rackspace.search.service.TicketSearchServiceTest
Tests run: 0, Failures: 0, Errors: 0, Skipped: 0, Time elapsed: 0.001 sec
Running com.rackspace.search.service.account.CoreAccountUpdateSyncJobTest
Tests run: 2, Failures: 0, Errors: 0, Skipped: 0, Time elapsed: 0.08 sec
Running com.rackspace.search.service.account.AccountOngoingSyncActorTest
Tests run: 3, Failures: 0, Errors: 0, Skipped: 0, Time elapsed: 0.001 sec
Running com.rackspace.search.service.account.AccountOngoingSyncJobTest
Tests run: 7, Failures: 0, Errors: 0, Skipped: 0, Time elapsed: 0.214 sec
Running com.rackspace.search.service.account.AccountOnetimeSyncJobTest
Tests run: 1, Failures: 0, Errors: 0, Skipped: 0, Time elapsed: 0.433 sec
Running com.rackspace.search.service.account.CoreAccountProcessorTest
Tests run: 1, Failures: 0, Errors: 0, Skipped: 0, Time elapsed: 0 sec
Running com.rackspace.search.service.account.AccountOnetimeSyncActorTest
Tests run: 3, Failures: 0, Errors: 0, Skipped: 0, Time elapsed: 0 sec
Running com.rackspace.search.service.admin.ZendeskTicketOndemandSyncJobTest
Tests run: 2, Failures: 0, Errors: 0, Skipped: 0, Time elapsed: 0.001 sec
Running com.rackspace.search.service.admin.AccountOndemandSyncJobTest
Tests run: 2, Failures: 0, Errors: 0, Skipped: 0, Time elapsed: 0.025 sec
Running com.rackspace.search.service.AccountCacheServiceTest
Tests run: 2, Failures: 0, Errors: 0, Skipped: 0, Time elapsed: 0.136 sec
Running com.rackspace.search.service.TicketCacheServiceTest
Tests run: 4, Failures: 0, Errors: 0, Skipped: 0, Time elapsed: 0.001 sec
Running com.rackspace.search.util.DateUtilTest
Tests run: 1, Failures: 0, Errors: 0, Skipped: 0, Time elapsed: 0.001 sec
Running com.rackspace.search.gateway.core.CoreAuthGatewayTest
Tests run: 2, Failures: 0, Errors: 0, Skipped: 0, Time elapsed: 0.148 sec
Running com.rackspace.search.gateway.core.CoreTicketGatewayTest
Tests run: 3, Failures: 0, Errors: 0, Skipped: 0, Time elapsed: 0.343 sec
Running com.rackspace.search.gateway.zendesk.ZendeskGatewayTest
Tests run: 2, Failures: 0, Errors: 0, Skipped: 0, Time elapsed: 0.001 sec
Running com.rackspace.search.gateway.account.AccountGatewayTest
Tests run: 4, Failures: 0, Errors: 0, Skipped: 0, Time elapsed: 0.001 sec
Running com.rackspace.search.elasticsearch.client.ElasticSearchClientFactoryBeanTest
19:51:39.599 [main] INFO  c.r.s.common.property.PropertyProvider - Loading properties file from file [/var/lib/jenkins/jobs/TSearchUnittest/workspace/service/target/properties/local/search.properties]
19:51:39.604 [main] INFO  c.r.s.common.property.PropertyProvider - Loading properties file from file [/var/lib/jenkins/jobs/TSearchUnittest/workspace/service/target/properties/local/search.secrets.properties]
19:51:39.605 [main] INFO  c.r.s.common.property.PropertyProvider - Loading properties file from file [/var/lib/jenkins/jobs/TSearchUnittest/workspace/service/target/properties/local/elasticsearch.properties]
19:51:39.999 [main] INFO  c.r.s.elasticsearch.ElasticSearchServer - Starting the Elastic Search server node:
19:51:40.235 [main] INFO  org.elasticsearch.node - [ticket.node] {0.90.2}[8232]: initializing ...
19:51:40.247 [main] INFO  org.elasticsearch.plugins - [ticket.node] loaded [action-updatebyquery], sites []
19:51:43.088 [main] INFO  org.elasticsearch.node - [ticket.node] {0.90.2}[8232]: initialized
19:51:43.088 [main] INFO  c.r.s.elasticsearch.ElasticSearchServer - Starting the Elastic Search server node with these settings:
19:51:43.118 [main] INFO  c.r.s.elasticsearch.ElasticSearchServer - Elasticsearch Settings :  [zendesk.user.document.idName:id, elastic.config.path:/var/lib/jenkins/jobs/TSearchUnittest/workspace/service/target/properties/local/elasticsearch, path.data:/var/lib/jenkins/jobs/TSearchUnittest/workspace/service/target/elasticsearch/data, cluster.name:ticket.cluster, core.secondpass.lookbacktime.minutes:15, tsl.driver.class:oracle.jdbc.driver.OracleDriver, zendesk.group.document.versionParam:updatedAt, cluster.health.check.wait.time.seconds:120, path.conf:/var/lib/jenkins/jobs/TSearchUnittest/workspace/service/target/properties/local/elasticsearch, syncRequest.max.documents.size:250, core.account.caching.enabled:true, http.enabled:true, core.api.endpoint:https://ws.integration.core.rackspace.com/ctkapi, account.cache.expiration.time.minutes:120, zendesk.group.document.idName:id, admin.index.name:admin, default.page.size:100, zendesk.api.endpoint:https://mosso.zendesk.com/api/, index.store.fs.memory.enabled:false, http.read.timeout.in.milliseconds:180000, admin.document.type:syncJob, node.data:true, node.name:ticket.node, ticket.core.date.timezone:CST, ticket.search.allowedRangeParams:createdAt,updatedAt,lastPublicCommentDate,updateEventDate,documentLastUpdatedTimestamp, core.driver.class:org.postgresql.Driver, ticket.cache.expiration.time.minutes:120, account.document.type:account, category.custom.field.id:102692, tsl.db.username:ISLDB_TEST_READ, core.db.url:jdbc:postgresql://integration.db.core.rackspace.com:5432/core_dev, core.account.updates.enabled:true, zendesk.user.document.type:user, location.custom.field.id:436749, index.analysis.analyzer.search_standard.filter:[lowercase], bootstrap.mlockall:true, zendesk.group.document.type:group, coreaccount.document.type:coreaccount, coreticket.onetimesync.usedb:true, node.master:true, core.account.filter.necessary.updates:true, index.number_of_replicas:0, core.account.cache.expiration.time.minutes:120, coreaccount.document.versionParam:updatedAt, zendesk.api.username:itsm_api@lists.mosso.com, ticket.caching.enabled:true, syncRequest.search.allowedTermParams:documentType,status,createdAt,lastRunAt,documentLastUpdatedTimestamp, core.secondpass.enabled:true, cluster.routing.allocation.awareness.attributes:machine, account.api.accounts.path:v1.0/accounts, node.machine:ticket.node, updated.timestamp.field.name:documentLastUpdatedTimestamp, ticket.elastic.dateformat:yyyy-MM-dd'T'HH:mm:ss.SSSZ, account.document.idName:id, action.auto_create_index:1, ticket.search.allowedNestedParams:account.contacts.name,account.contacts.role,account.contacts.sso,account.contacts, index.analysis.analyzer.search_standard.type:standard, http.connection.timeout.in.milliseconds:65000, ticket.ongoingsync.delay.seconds:2, path.logs:/var/lib/jenkins/jobs/TSearchUnittest/workspace/service/target/elasticsearch/logs, use.xrefemployee.alternative:false, ticket.document.idName:number, technology.custom.field.id:108885, transport.tcp.compress:true, account.highprofile.name:HIGH_PROFILE, core.ongoingsync.loopback.time.seconds:120, account.api.username:hybrid_ui, ticket.index.name:ticket, tsl.db.url:jdbc:oracle:thin:@d-oradb1.iad2.corp.rackspace.com:1521:draxiad, indices.structure:/indices_structure.json, account.filter.necessary.updates:true, index.number_of_shards:5, syncRequest.search.allowedRangeParams:createdAt,lastRunAt,documentLastUpdatedTimestamp, max.page.size:500, core.api.username:rcameron, zendesk.api.search.path:v2/search.json, syncRequest.document.idName:id, discovery.zen.ping.multicast.enabled:false, account.update.tickets.pageSize:250, zendesk.api.tickets.view.path:v2/views/25462223/tickets.json, account.document.versionParam:updatedAt, ticket.core.dateformat:yyyy-MM-dd HH:mm:ss, zendesk.user.document.versionParam:updatedAt, coreaccount.document.idName:id, syncRequest.document.type:syncRequest, account.api.events.path:v1.0/accounts/events.atom, account.index.name:account, ticket.document.versionParam:updateEventDate, ticket.core.dateformat.with.millis:yyyy-MM-dd HH:mm:ss.SSSSSS, zendesk.index.name:zendesk, account.caching.enabled:true, ticket.document.type:ticket, zendesk.api.tickets.path:v2/tickets/show_many.json, admin.document.idName:name, facets.display.count:100, core.db.username:usq_read, syncRequest.index.name:admin, use.updateByQueryPlugin:false, ticket.search.allowedTermParams:sourceSystem,number,createdAt,updatedAt,updateEventDate,lastPublicCommentDate,status,queue.name,category,categoryObj.name,categoryObj.id,priority,assignee.name,hasWindowsServers,hasLinuxServers,severityName,assignee.sso,queue.id,accountServiceLevel,accountTeamTerritoryCode,account.serviceLevel,account.teamTerritoryCode,statusTypes,account.team,account.id,account.rcn,account.status,account.highProfile,documentLastUpdatedTimestamp,account.teamSegment,submitter.name,submitter.sso,account.contacts.name,account.contacts.role,account.contacts.sso,subCategoryObj.name,subCategoryObj.id,assignee.id,submitter.id,tags,location,technology, account.api.endpoint:https://test.account.api.rackspace.com/, name:ticket.node] 
19:51:43.123 [main] INFO  org.elasticsearch.node - [ticket.node] {0.90.2}[8232]: starting ...
19:51:43.280 [main] INFO  org.elasticsearch.transport - [ticket.node] bound_address {inet[/0:0:0:0:0:0:0:0:9300]}, publish_address {inet[/10.14.208.252:9300]}
19:51:46.323 [elasticsearch[ticket.node][clusterService#updateTask][T#1]] INFO  org.elasticsearch.cluster.service - [ticket.node] new_master [ticket.node][HnGttJZwTxmBTD3bAxCfSw][inet[/10.14.208.252:9300]]{machine=ticket.node, master=true}, reason: zen-disco-join (elected_as_master)
19:51:46.365 [main] INFO  org.elasticsearch.discovery - [ticket.node] ticket.cluster/HnGttJZwTxmBTD3bAxCfSw
19:51:46.444 [main] INFO  org.elasticsearch.http - [ticket.node] bound_address {inet[/0:0:0:0:0:0:0:0:9200]}, publish_address {inet[/10.14.208.252:9200]}
19:51:46.464 [main] INFO  org.elasticsearch.node - [ticket.node] {0.90.2}[8232]: started
19:51:46.464 [main] INFO  c.r.s.elasticsearch.ElasticSearchServer - Elastic Search server is started.
19:51:46.515 [elasticsearch[ticket.node][clusterService#updateTask][T#1]] INFO  org.elasticsearch.gateway - [ticket.node] recovered [0] indices into cluster_state
19:51:46.520 [main] INFO  c.r.s.elasticsearch.ElasticSearchServer - ES cluster status is GREEN. Waiting for ES recovery.
19:51:46.527 [main] INFO  c.r.s.elasticsearch.ElasticSearchServer - Elastic Search Cluster Staus is GREEN
19:51:48.925 [main] INFO  c.r.s.e.ElasticSearchClientFactoryBean - Starting ElasticSearch client
19:51:48.928 [main] INFO  c.r.s.e.ElasticSearchClientFactoryBean - About to read index setting file : /indices_structure.json
19:51:48.938 [main] INFO  c.r.s.e.ElasticSearchClientFactoryBean - Index does not exist. Creating the Index ticket 
19:51:48.976 [main] INFO  c.r.s.e.ElasticSearchClientFactoryBean - About to read index setting file : /var/lib/jenkins/jobs/TSearchUnittest/workspace/service/target/properties/local/elasticsearch/mappings/ticket/index.json
19:51:49.550 [elasticsearch[ticket.node][clusterService#updateTask][T#1]] INFO  org.elasticsearch.cluster.metadata - [ticket.node] [ticket] creating index, cause [api], shards [5]/[0], mappings [index, ticket]
19:51:49.879 [main] INFO  c.r.s.e.ElasticSearchClientFactoryBean - Successfully setup Index ticket 
19:51:49.882 [main] INFO  c.r.s.e.ElasticSearchClientFactoryBean - About to read index setting file : /var/lib/jenkins/jobs/TSearchUnittest/workspace/service/target/properties/local/elasticsearch/mappings/ticket/ticket.json
19:51:49.940 [main] INFO  c.r.s.e.ElasticSearchClientFactoryBean - Setting up Mapping for [ticket]/[ticket]: {"ticket":{"_source":{"enabled":true},"properties":{"queue":{"dynamic":"true","properties":{"id":{"analyzer":"keyword_lowercase","type":"string"},"name":{"analyzer":"keyword_lowercase","type":"string"}},"type":"object"},"technology":{"analyzer":"keyword_lowercase","type":"string"},"location":{"analyzer":"keyword_lowercase","type":"string"},"subject":{"analyzer":"keyword_lowercase","type":"string"},"submitter":{"dynamic":"true","properties":{"id":{"type":"long"},"name":{"analyzer":"keyword_lowercase","type":"string"},"sso":{"analyzer":"keyword_lowercase","type":"string"}},"type":"object"},"categoryObj":{"dynamic":"true","properties":{"id":{"analyzer":"keyword_lowercase","type":"string"},"name":{"analyzer":"keyword_lowercase","type":"string"}},"type":"object"},"difficulty":{"analyzer":"keyword_lowercase","type":"string"},"documentLastUpdatedTimestamp":{"format":"date_time","type":"date"},"accountTeamTerritoryCode":{"analyzer":"keyword_lowercase","type":"string"},"priority":{"analyzer":"keyword_lowercase","type":"string"},"createdAt":{"format":"date_time","type":"date"},"statusTypes":{"analyzer":"keyword_lowercase","type":"string"},"tags":{"analyzer":"keyword_lowercase","type":"string"},"status":{"analyzer":"keyword_lowercase","type":"string"},"subCategory":{"analyzer":"keyword_lowercase","type":"string"},"lastPublicCommentDate":{"format":"date_time","type":"date"},"updateEventDate":{"format":"date_time","type":"date"},"assignee":{"dynamic":"true","properties":{"id":{"type":"long"},"name":{"analyzer":"keyword_lowercase","type":"string"},"sso":{"analyzer":"keyword_lowercase","type":"string"}},"type":"object"},"accountServiceLevel":{"analyzer":"keyword_lowercase","type":"string"},"number":{"analyzer":"keyword_lowercase","type":"string"},"severityName":{"analyzer":"keyword_lowercase","type":"string"},"subCategoryObj":{"dynamic":"true","properties":{"id":{"analyzer":"keyword_lowercase","type":"string"},"name":{"analyzer":"keyword_lowercase","type":"string"}},"type":"object"},"hasWindowsServers":{"analyzer":"keyword_lowercase","type":"string"},"updatedAt":{"format":"date_time","type":"date"},"idle":{"format":"date_time","type":"date"},"category":{"analyzer":"keyword_lowercase","type":"string"},"sourceSystem":{"analyzer":"keyword_lowercase","type":"string"},"hasLinuxServers":{"analyzer":"keyword_lowercase","type":"string"},"account":{"dynamic":"true","properties":{"teamSegment":{"analyzer":"keyword_lowercase","type":"string"},"id":{"analyzer":"keyword_lowercase","type":"string"},"rcn":{"analyzer":"keyword_lowercase","type":"string"},"status":{"analyzer":"keyword_lowercase","type":"string"},"teamTerritoryCode":{"analyzer":"keyword_lowercase","type":"string"},"name":{"analyzer":"keyword_lowercase","type":"string"},"highProfile":{"type":"boolean"},"number":{"type":"long"},"serviceLevel":{"analyzer":"keyword_lowercase","type":"string"},"team":{"analyzer":"keyword_lowercase","type":"string"},"type":{"analyzer":"keyword_lowercase","type":"string"},"contacts":{"dynamic":"true","properties":{"name":{"analyzer":"keyword_lowercase","type":"string"},"role":{"analyzer":"keyword_lowercase","type":"string"},"sso":{"analyzer":"keyword_lowercase","type":"string"}},"type":"nested"}},"type":"object"}}}}
19:51:50.126 [main] INFO  c.r.s.e.ElasticSearchClientFactoryBean - Index does not exist. Creating the Index admin 
19:51:50.128 [main] INFO  c.r.s.e.ElasticSearchClientFactoryBean - About to read index setting file : /var/lib/jenkins/jobs/TSearchUnittest/workspace/service/target/properties/local/elasticsearch/mappings/admin/index.json
19:51:50.139 [Timer-5] INFO  c.r.s.elasticsearch.ElasticSearchServer - ES cluster status is RED. Waiting for ES recovery.
19:51:50.272 [elasticsearch[ticket.node][clusterService#updateTask][T#1]] INFO  org.elasticsearch.cluster.metadata - [ticket.node] [admin] creating index, cause [api], shards [5]/[0], mappings [index, syncJob, syncRequest]
19:51:50.381 [main] INFO  c.r.s.e.ElasticSearchClientFactoryBean - Successfully setup Index admin 
19:51:50.382 [main] INFO  c.r.s.e.ElasticSearchClientFactoryBean - About to read index setting file : /var/lib/jenkins/jobs/TSearchUnittest/workspace/service/target/properties/local/elasticsearch/mappings/admin/syncJob.json
19:51:50.388 [main] INFO  c.r.s.e.ElasticSearchClientFactoryBean - Setting up Mapping for [admin]/[syncJob]: {"syncJob":{"_source":{"enabled":true},"properties":{"status":{"type":"string"},"status_message":{"type":"string"},"next_execution_at":{"format":"date_time","type":"date"},"sync_status":{"type":"string"},"type":{"type":"string"},"interval_duration":{"type":"string"},"is_enabled":{"type":"string"},"last_updated_at":{"format":"date_time","type":"date"},"last_event_at":{"format":"date_time","type":"date"},"read_marker":{"format":"date_time","type":"date"},"description":{"type":"string"},"processing_node":{"type":"string"},"name":{"type":"string"},"started_at":{"format":"date_time","type":"date"}}}}
19:51:50.400 [main] INFO  c.r.s.e.ElasticSearchClientFactoryBean - About to read index setting file : /var/lib/jenkins/jobs/TSearchUnittest/workspace/service/target/properties/local/elasticsearch/mappings/admin/syncRequest.json
19:51:50.403 [main] INFO  c.r.s.e.ElasticSearchClientFactoryBean - Setting up Mapping for [admin]/[syncRequest]: {"syncRequest":{"_source":{"enabled":true},"properties":{"id":{"type":"string"},"documentType":{"analyzer":"keyword_lowercase","type":"string"},"status":{"analyzer":"keyword_lowercase","type":"string"},"lastRunAt":{"format":"date_time","type":"date"},"createdAt":{"format":"date_time","type":"date"},"documentIds":{"type":"string"},"documentLastUpdatedAt":{"format":"date_time","type":"date"},"lastRunDetails":{"type":"string"}}}}
19:51:50.415 [main] INFO  c.r.s.e.ElasticSearchClientFactoryBean - Index does not exist. Creating the Index account 
19:51:50.416 [main] INFO  c.r.s.e.ElasticSearchClientFactoryBean - About to read index setting file : /var/lib/jenkins/jobs/TSearchUnittest/workspace/service/target/properties/local/elasticsearch/mappings/account/index.json
19:51:50.778 [elasticsearch[ticket.node][clusterService#updateTask][T#1]] INFO  org.elasticsearch.cluster.metadata - [ticket.node] [account] creating index, cause [api], shards [5]/[0], mappings [index, coreaccount, account]
19:51:50.786 [main] INFO  c.r.s.e.ElasticSearchClientFactoryBean - Successfully setup Index account 
19:51:50.786 [main] INFO  c.r.s.e.ElasticSearchClientFactoryBean - About to read index setting file : /var/lib/jenkins/jobs/TSearchUnittest/workspace/service/target/properties/local/elasticsearch/mappings/account/account.json
19:51:50.790 [main] INFO  c.r.s.e.ElasticSearchClientFactoryBean - Setting up Mapping for [account]/[account]: {"account":{"_source":{"enabled":true},"properties":{"updatedAt":{"format":"date_time","type":"date"},"id":{"analyzer":"keyword_lowercase","type":"string"},"rcn":{"analyzer":"keyword_lowercase","type":"string"},"status":{"analyzer":"keyword_lowercase","type":"string"},"name":{"analyzer":"keyword_lowercase","type":"string"},"highProfile":{"type":"boolean"},"number":{"type":"long"},"documentLastUpdatedTimestamp":{"format":"date_time","type":"date"},"team":{"analyzer":"keyword_lowercase","type":"string"},"type":{"analyzer":"keyword_lowercase","type":"string"}}}}
19:51:50.884 [main] INFO  c.r.s.e.ElasticSearchClientFactoryBean - Index does not exist. Creating the Index zendesk 
19:51:50.906 [main] INFO  c.r.s.e.ElasticSearchClientFactoryBean - About to read index setting file : /var/lib/jenkins/jobs/TSearchUnittest/workspace/service/target/properties/local/elasticsearch/mappings/zendesk/index.json
19:51:51.150 [elasticsearch[ticket.node][clusterService#updateTask][T#1]] INFO  org.elasticsearch.cluster.metadata - [ticket.node] [zendesk] creating index, cause [api], shards [5]/[0], mappings [index, group, user]
19:51:51.159 [main] INFO  c.r.s.e.ElasticSearchClientFactoryBean - Successfully setup Index zendesk 
19:51:51.160 [main] INFO  c.r.s.e.ElasticSearchClientFactoryBean - About to read index setting file : /var/lib/jenkins/jobs/TSearchUnittest/workspace/service/target/properties/local/elasticsearch/mappings/zendesk/user.json
19:51:51.162 [main] INFO  c.r.s.e.ElasticSearchClientFactoryBean - Setting up Mapping for [zendesk]/[user]: {"user":{"_source":{"enabled":true},"properties":{"updatedAt":{"format":"date_time","type":"date"},"id":{"type":"long"},"createdAt":{"format":"date_time","type":"date"},"name":{"analyzer":"keyword_lowercase","type":"string"},"documentLastUpdatedTimestamp":{"format":"date_time","type":"date"}}}}
19:51:51.257 [main] INFO  c.r.s.e.ElasticSearchClientFactoryBean - About to read index setting file : /var/lib/jenkins/jobs/TSearchUnittest/workspace/service/target/properties/local/elasticsearch/mappings/zendesk/group.json
19:51:51.260 [main] INFO  c.r.s.e.ElasticSearchClientFactoryBean - Setting up Mapping for [zendesk]/[group]: {"group":{"_source":{"enabled":true},"properties":{"updatedAt":{"format":"date_time","type":"date"},"id":{"type":"long"},"createdAt":{"format":"date_time","type":"date"},"name":{"analyzer":"keyword_lowercase","type":"string"},"documentLastUpdatedTimestamp":{"format":"date_time","type":"date"}}}}
19:51:51.379 [main] INFO  c.r.s.e.ElasticSearchClientFactoryBean - About to read index setting file : /indices_structure.json
19:51:51.391 [search-scheduler-1] INFO  c.r.s.elasticsearch.ElasticSearchServer - ES cluster status is RED. Waiting for ES recovery.
19:51:51.393 [search-scheduler-2] INFO  c.r.s.elasticsearch.ElasticSearchServer - ES cluster status is RED. Waiting for ES recovery.
19:51:51.395 [search-scheduler-4] INFO  c.r.s.elasticsearch.ElasticSearchServer - ES cluster status is RED. Waiting for ES recovery.
19:51:51.396 [search-scheduler-3] INFO  c.r.s.elasticsearch.ElasticSearchServer - ES cluster status is RED. Waiting for ES recovery.
19:51:51.400 [search-scheduler-5] INFO  c.r.s.elasticsearch.ElasticSearchServer - ES cluster status is RED. Waiting for ES recovery.
19:51:51.401 [search-scheduler-6] INFO  c.r.s.elasticsearch.ElasticSearchServer - ES cluster status is RED. Waiting for ES recovery.
19:51:51.482 [search-scheduler-7] INFO  c.r.s.elasticsearch.ElasticSearchServer - ES cluster status is RED. Waiting for ES recovery.
19:51:51.486 [search-scheduler-8] INFO  c.r.s.elasticsearch.ElasticSearchServer - ES cluster status is RED. Waiting for ES recovery.
19:51:51.487 [search-scheduler-9] INFO  c.r.s.elasticsearch.ElasticSearchServer - ES cluster status is RED. Waiting for ES recovery.
19:51:51.508 [main] INFO  c.r.s.e.ElasticSearchClientFactoryBean - About to read index setting file : /indices_structure.json
19:51:51.521 [search-scheduler-10] INFO  c.r.s.elasticsearch.ElasticSearchServer - ES cluster status is RED. Waiting for ES recovery.
19:51:51.523 [main] INFO  c.r.s.e.ElasticSearchClientFactoryBean - About to read index setting file : /var/lib/jenkins/jobs/TSearchUnittest/workspace/service/target/properties/local/elasticsearch/mappings/ticket/index.json
19:51:51.535 [main] INFO  c.r.s.e.ElasticSearchClientFactoryBean - About to read index setting file : /var/lib/jenkins/jobs/TSearchUnittest/workspace/service/target/properties/local/elasticsearch/mappings/admin/index.json
19:51:51.537 [main] INFO  c.r.s.e.ElasticSearchClientFactoryBean - About to read index setting file : /var/lib/jenkins/jobs/TSearchUnittest/workspace/service/target/properties/local/elasticsearch/mappings/account/index.json
19:51:51.540 [main] INFO  c.r.s.e.ElasticSearchClientFactoryBean - About to read index setting file : /var/lib/jenkins/jobs/TSearchUnittest/workspace/service/target/properties/local/elasticsearch/mappings/zendesk/index.json
Tests run: 2, Failures: 0, Errors: 0, Skipped: 0, Time elapsed: 14.087 sec
Running com.rackspace.search.elasticsearch.client.ElasticSearchClientTest
Tests run: 0, Failures: 0, Errors: 0, Skipped: 0, Time elapsed: 0 sec
Running com.rackspace.search.elasticsearch.client.QueryParserTest
Tests run: 8, Failures: 0, Errors: 0, Skipped: 0, Time elapsed: 0.002 sec
Running com.rackspace.search.elasticsearch.SyncJobTest
Tests run: 3, Failures: 0, Errors: 0, Skipped: 0, Time elapsed: 0.001 sec
19:51:51.742 [Timer-6] INFO  c.r.s.elasticsearch.ElasticSearchServer - ES cluster status is RED. Waiting for ES recovery.
19:51:51.963 [Timer-7] INFO  c.r.s.elasticsearch.ElasticSearchServer - ES cluster status is RED. Waiting for ES recovery.
19:51:51.968 [Timer-9] INFO  c.r.s.elasticsearch.ElasticSearchServer - ES cluster status is RED. Waiting for ES recovery.
19:51:51.972 [Timer-14] INFO  c.r.s.elasticsearch.ElasticSearchServer - ES cluster status is RED. Waiting for ES recovery.
19:51:51.971 [Timer-10] INFO  c.r.s.elasticsearch.ElasticSearchServer - ES cluster status is RED. Waiting for ES recovery.
19:51:51.971 [Timer-8] INFO  c.r.s.elasticsearch.ElasticSearchServer - ES cluster status is RED. Waiting for ES recovery.
19:51:51.969 [Thread-17] INFO  c.r.s.e.ElasticSearchClientFactoryBean - Closing ElasticSearch client
19:51:51.974 [Timer-11] INFO  c.r.s.elasticsearch.ElasticSearchServer - ES cluster status is RED. Waiting for ES recovery.
19:51:51.976 [Timer-12] INFO  c.r.s.elasticsearch.ElasticSearchServer - ES cluster status is RED. Waiting for ES recovery.
19:51:51.983 [Timer-13] INFO  c.r.s.elasticsearch.ElasticSearchServer - ES cluster status is RED. Waiting for ES recovery.
19:51:52.138 [Thread-17] WARN  o.s.c.a.CommonAnnotationBeanPostProcessor - Invocation of destroy method failed on bean with name 'accountOndemandSyncJob': org.elasticsearch.action.NoShardAvailableActionException: [admin][4] No shard available for [[admin][syncJob][AccountOndemandSyncJob]: routing [null]]
19:51:52.151 [Thread-17] WARN  o.s.c.a.CommonAnnotationBeanPostProcessor - Invocation of destroy method failed on bean with name 'zendeskTicketOnetimeSyncJob': org.elasticsearch.action.NoShardAvailableActionException: [admin][4] No shard available for [[admin][syncJob][ZendeskTicketOnetimeSyncJob]: routing [null]]
19:51:52.163 [Thread-17] INFO  org.elasticsearch.node - [ticket.node] {0.90.2}[8232]: stopping ...
19:51:52.320 [Thread-17] INFO  org.elasticsearch.node - [ticket.node] {0.90.2}[8232]: stopped
19:51:52.320 [Thread-17] INFO  org.elasticsearch.node - [ticket.node] {0.90.2}[8232]: closing ...
Exception in thread "Timer-11" org.elasticsearch.common.util.concurrent.EsRejectedExecutionException: rejected execution of [org.elasticsearch.action.support.single.shard.TransportShardSingleOperationAction$AsyncSingleAction$1]
	at org.elasticsearch.common.util.concurrent.EsAbortPolicy.rejectedExecution(EsAbortPolicy.java:35)
	at java.util.concurrent.ThreadPoolExecutor.reject(ThreadPoolExecutor.java:767)
	at java.util.concurrent.ThreadPoolExecutor.execute(ThreadPoolExecutor.java:658)
	at org.elasticsearch.action.support.single.shard.TransportShardSingleOperationAction$AsyncSingleAction.perform(TransportShardSingleOperationAction.java:152)
	at org.elasticsearch.action.support.single.shard.TransportShardSingleOperationAction$AsyncSingleAction.start(TransportShardSingleOperationAction.java:124)
	at org.elasticsearch.action.support.single.shard.TransportShardSingleOperationAction.doExecute(TransportShardSingleOperationAction.java:71)
	at org.elasticsearch.action.support.single.shard.TransportShardSingleOperationAction.doExecute(TransportShardSingleOperationAction.java:46)
	at org.elasticsearch.action.support.TransportAction.execute(TransportAction.java:61)
	at org.elasticsearch.client.node.NodeClient.execute(NodeClient.java:92)
	at org.elasticsearch.client.support.AbstractClient.get(AbstractClient.java:179)
	at org.elasticsearch.action.get.GetRequestBuilder.doExecute(GetRequestBuilder.java:112)
	at org.elasticsearch.action.ActionRequestBuilder.execute(ActionRequestBuilder.java:62)
	at org.elasticsearch.action.ActionRequestBuilder.execute(ActionRequestBuilder.java:57)
19:52:02.343 [Thread-17] INFO  org.elasticsearch.node - [ticket.node] {0.90.2}[8232]: closed
19:52:02.348 [search-scheduler-7] ERROR o.s.s.support.MethodInvokingRunnable - Invocation of method 'startCoreTicketOngoingSyncJob' on target class [class com.rackspace.search.scheduling.SyncJobScheduler] failed
org.elasticsearch.common.util.concurrent.EsRejectedExecutionException: rejected execution of [org.elasticsearch.action.support.single.shard.TransportShardSingleOperationAction$AsyncSingleAction$1]
	at org.elasticsearch.common.util.concurrent.EsAbortPolicy.rejectedExecution(EsAbortPolicy.java:35) ~[elasticsearch-0.90.2.jar:na]
	at java.util.concurrent.ThreadPoolExecutor.reject(ThreadPoolExecutor.java:767) ~[na:1.6.0_38]
	at java.util.concurrent.ThreadPoolExecutor.execute(ThreadPoolExecutor.java:658) ~[na:1.6.0_38]
	at org.elasticsearch.action.support.single.shard.TransportShardSingleOperationAction$AsyncSingleAction.perform(TransportShardSingleOperationAction.java:152) ~[elasticsearch-0.90.2.jar:na]
	at org.elasticsearch.action.support.single.shard.TransportShardSingleOperationAction$AsyncSingleAction.start(TransportShardSingleOperationAction.java:124) ~[elasticsearch-0.90.2.jar:na]
	at org.elasticsearch.action.support.single.shard.TransportShardSingleOperationAction.doExecute(TransportShardSingleOperationAction.java:71) ~[elasticsearch-0.90.2.jar:na]
	at org.elasticsearch.action.support.single.shard.TransportShardSingleOperationAction.doExecute(TransportShardSingleOperationAction.java:46) ~[elasticsearch-0.90.2.jar:na]
	at org.elasticsearch.action.support.TransportAction.execute(TransportAction.java:61) ~[elasticsearch-0.90.2.jar:na]
	at org.elasticsearch.client.node.NodeClient.execute(NodeClient.java:92) ~[elasticsearch-0.90.2.jar:na]
	at org.elasticsearch.client.support.AbstractClient.get(AbstractClient.java:179) ~[elasticsearch-0.90.2.jar:na]
	at org.elasticsearch.action.get.GetRequestBuilder.doExecute(GetRequestBuilder.java:112) ~[elasticsearch-0.90.2.jar:na]
	at org.elasticsearch.action.ActionRequestBuilder.execute(ActionRequestBuilder.java:62) ~[elasticsearch-0.90.2.jar:na]
	at org.elasticsearch.action.ActionRequestBuilder.execute(ActionRequestBuilder.java:57) ~[elasticsearch-0.90.2.jar:na]
	at org.elasticsearch.action.ActionRequestBuilder$execute.call(Unknown Source) ~[na:na]
	at com.rackspace.search.elasticsearch.client.ElasticSearchClient.getDocument(ElasticSearchClient.groovy:209) ~[classes/:na]
	at com.rackspace.search.elasticsearch.client.ElasticSearchClient$getDocument.call(Unknown Source) ~[na:na]
	at com.rackspace.search.service.JobService.getJob(JobService.groovy:56) ~[classes/:na]
	at com.rackspace.search.service.JobService$getJob$0.callCurrent(Unknown Source) ~[na:na]
	at com.rackspace.search.service.JobService.getJob(JobService.groovy:52) ~[classes/:na]
	at com.rackspace.search.service.JobService$getJob.call(Unknown Source) ~[na:na]
	at com.rackspace.search.service.core.CoreTicketOngoingSyncJob.setupJob(CoreTicketOnGoingSyncJob.groovy:90) ~[classes/:na]
	at com.rackspace.search.service.core.CoreTicketOngoingSyncJob.startJob(CoreTicketOnGoingSyncJob.groovy:115) ~[classes/:na]
	at com.rackspace.search.scheduling.SyncJobScheduler.startCoreTicketOngoingSyncJob(SyncJobScheduler.java:89) ~[classes/:na]
	at sun.reflect.NativeMethodAccessorImpl.invoke0(Native Method) ~[na:1.6.0_38]
	at sun.reflect.NativeMethodAccessorImpl.invoke(NativeMethodAccessorImpl.java:39) ~[na:1.6.0_38]
	at sun.reflect.DelegatingMethodAccessorImpl.invoke(DelegatingMethodAccessorImpl.java:25) ~[na:1.6.0_38]
	at java.lang.reflect.Method.invoke(Method.java:597) ~[na:1.6.0_38]
	at org.springframework.util.MethodInvoker.invoke(MethodInvoker.java:273) ~[spring-core-3.0.6.RELEASE.jar:3.0.6.RELEASE]
	at org.springframework.scheduling.support.MethodInvokingRunnable.run(MethodInvokingRunnable.java:65) ~[spring-context-3.0.6.RELEASE.jar:3.0.6.RELEASE]
	at org.springframework.scheduling.support.DelegatingErrorHandlingRunnable.run(DelegatingErrorHandlingRunnable.java:51) [spring-context-3.0.6.RELEASE.jar:3.0.6.RELEASE]
	at java.util.concurrent.Executors$RunnableAdapter.call(Executors.java:439) [na:1.6.0_38]
	at java.util.concurrent.FutureTask$Sync.innerRunAndReset(FutureTask.java:317) [na:1.6.0_38]
	at java.util.concurrent.FutureTask.runAndReset(FutureTask.java:150) [na:1.6.0_38]
	at java.util.concurrent.ScheduledThreadPoolExecutor$ScheduledFutureTask.access$101(ScheduledThreadPoolExecutor.java:98) [na:1.6.0_38]
	at java.util.concurrent.ScheduledThreadPoolExecutor$ScheduledFutureTask.runPeriodic(ScheduledThreadPoolExecutor.java:180) [na:1.6.0_38]
	at java.util.concurrent.ScheduledThreadPoolExecutor$ScheduledFutureTask.run(ScheduledThreadPoolExecutor.java:204) [na:1.6.0_38]
	at java.util.concurrent.ThreadPoolExecutor$Worker.runTask(ThreadPoolExecutor.java:886) [na:1.6.0_38]
	at java.util.concurrent.ThreadPoolExecutor$Worker.run(ThreadPoolExecutor.java:908) [na:1.6.0_38]
	at java.lang.Thread.run(Thread.java:662) [na:1.6.0_38]
	at org.elasticsearch.action.ActionRequestBuilder$execute.call(Unknown Source)

Results :

Tests run: 116, Failures: 0, Errors: 0, Skipped: 0

[JENKINS] Recording test results
[INFO] ------------------------------------------------------------------------
[INFO] Reactor Summary:
[INFO] 
[INFO] Search POM ........................................ SUCCESS [2.665s]
[INFO] search ............................................ SUCCESS [1:15.349s]
[INFO] cucumber .......................................... SUCCESS [5.024s]
[INFO] ------------------------------------------------------------------------
[INFO] BUILD SUCCESS
[INFO] ------------------------------------------------------------------------
[INFO] Total time: 1:24.478s
[INFO] Finished at: Fri Nov 01 19:52:10 UTC 2013
[INFO] Final Memory: 71M/1259M
[INFO] ------------------------------------------------------------------------
[JENKINS] Archiving /var/lib/jenkins/jobs/TSearchUnittest/workspace/cucumber/pom.xml to /var/lib/jenkins/jobs/TSearchUnittest/modules/com.rackspace.api$cucumber/builds/2013-11-01_19-50-41/archive/com.rackspace.api/cucumber/0.1.0_b196-SNAPSHOT/cucumber-0.1.0_b196-SNAPSHOT.pom
[JENKINS] Archiving /var/lib/jenkins/jobs/TSearchUnittest/workspace/pom.xml to /var/lib/jenkins/jobs/TSearchUnittest/modules/com.rackspace.api$search-pom/builds/2013-11-01_19-50-41/archive/com.rackspace.api/search-pom/0.1.0_b196-SNAPSHOT/search-pom-0.1.0_b196-SNAPSHOT.pom
[JENKINS] Archiving /var/lib/jenkins/jobs/TSearchUnittest/workspace/service/pom.xml to /var/lib/jenkins/jobs/TSearchUnittest/modules/com.rackspace.api$search/builds/2013-11-01_19-50-41/archive/com.rackspace.api/search/0.1.0_b196-SNAPSHOT/search-0.1.0_b196-SNAPSHOT.pom
Waiting for Jenkins to finish collecting data
