[INFO]                                                                         
[INFO] ------------------------------------------------------------------------
[INFO] Building search 0.1.0_b193-SNAPSHOT
[INFO] ------------------------------------------------------------------------
[INFO] 
[INFO] [8mha:AAAAYB+LCAAAAAAAAABb85aBtbiIQSmjNKU4P0+vJLE4u1gvPjexLDVPzxdEGvvmZ+X75ZekLlOVfvTjc8FPJgaGiiIGKaiG5Py84vycVD1nCA1SyAABjCCFBQCV27OjYAAAAA==[0m--- maven-clean-plugin:2.4.1:clean (default-clean) @ search ---
[INFO] 
[INFO] [8mha:AAAAYB+LCAAAAAAAAABb85aBtbiIQSmjNKU4P0+vJLE4u1gvPjexLDVPzxdEGvvmZ+X75ZekLlOVfvTjc8FPJgaGiiIGKaiG5Py84vycVD1nCA1SyAABjCCFBQCV27OjYAAAAA==[0m--- gmaven-plugin:1.0:execute (default) @ search ---
[INFO] 
[INFO] [8mha:AAAAYB+LCAAAAAAAAABb85aBtbiIQSmjNKU4P0+vJLE4u1gvPjexLDVPzxdEGvvmZ+X75ZekLlOVfvTjc8FPJgaGiiIGKaiG5Py84vycVD1nCA1SyAABjCCFBQCV27OjYAAAAA==[0m--- gmaven-plugin:1.4:generateStubs (buildGroovies) @ search ---
[INFO] 
[INFO] [8mha:AAAAYB+LCAAAAAAAAABb85aBtbiIQSmjNKU4P0+vJLE4u1gvPjexLDVPzxdEGvvmZ+X75ZekLlOVfvTjc8FPJgaGiiIGKaiG5Py84vycVD1nCA1SyAABjCCFBQCV27OjYAAAAA==[0m--- maven-resources-plugin:2.6:copy-resources (copy-webapp) @ search ---
[INFO] 
[INFO] [8mha:AAAAYB+LCAAAAAAAAABb85aBtbiIQSmjNKU4P0+vJLE4u1gvPjexLDVPzxdEGvvmZ+X75ZekLlOVfvTjc8FPJgaGiiIGKaiG5Py84vycVD1nCA1SyAABjCCFBQCV27OjYAAAAA==[0m--- maven-antrun-plugin:1.3:run (default) @ search ---
[INFO] Generated 99 Java stubs
[INFO] Using 'UTF-8' encoding to copy filtered resources.
[INFO] Copying 5 resources
[INFO] Executing tasks
    [unzip] Expanding: /var/lib/jenkins/jobs/TSearchUnittest/workspace/service/src/main/webapp/_plugin/bigdesk.zip into /var/lib/jenkins/jobs/TSearchUnittest/workspace/service/target/search-0.1.0_b193-SNAPSHOT/_plugin
    [unzip] Expanding: /var/lib/jenkins/jobs/TSearchUnittest/workspace/service/src/main/webapp/_plugin/paramedic.zip into /var/lib/jenkins/jobs/TSearchUnittest/workspace/service/target/search-0.1.0_b193-SNAPSHOT/_plugin
[INFO] Executed tasks
[INFO] 
[INFO] [8mha:AAAAYB+LCAAAAAAAAABb85aBtbiIQSmjNKU4P0+vJLE4u1gvPjexLDVPzxdEGvvmZ+X75ZekLlOVfvTjc8FPJgaGiiIGKaiG5Py84vycVD1nCA1SyAABjCCFBQCV27OjYAAAAA==[0m--- maven-resources-plugin:2.6:resources (default-resources) @ search ---
[INFO] Using 'UTF-8' encoding to copy filtered resources.
[INFO] Copying 8 resources
[INFO] Copying 1 resource to ../
[INFO] 
[INFO] [8mha:AAAAYB+LCAAAAAAAAABb85aBtbiIQSmjNKU4P0+vJLE4u1gvPjexLDVPzxdEGvvmZ+X75ZekLlOVfvTjc8FPJgaGiiIGKaiG5Py84vycVD1nCA1SyAABjCCFBQCV27OjYAAAAA==[0m--- maven-compiler-plugin:2.3.2:compile (default-compile) @ search ---
[INFO] Compiling 96 source files to /var/lib/jenkins/jobs/TSearchUnittest/workspace/service/target/classes
[INFO] 
[INFO] [8mha:AAAAYB+LCAAAAAAAAABb85aBtbiIQSmjNKU4P0+vJLE4u1gvPjexLDVPzxdEGvvmZ+X75ZekLlOVfvTjc8FPJgaGiiIGKaiG5Py84vycVD1nCA1SyAABjCCFBQCV27OjYAAAAA==[0m--- gmaven-plugin:1.4:compile (buildGroovies) @ search ---
[INFO] Compiled 208 Groovy classes
[INFO] 
[INFO] [8mha:AAAAYB+LCAAAAAAAAABb85aBtbiIQSmjNKU4P0+vJLE4u1gvPjexLDVPzxdEGvvmZ+X75ZekLlOVfvTjc8FPJgaGiiIGKaiG5Py84vycVD1nCA1SyAABjCCFBQCV27OjYAAAAA==[0m--- gmaven-plugin:1.4:execute (filterResources) @ search ---
[INFO] 
[INFO] [8mha:AAAAYB+LCAAAAAAAAABb85aBtbiIQSmjNKU4P0+vJLE4u1gvPjexLDVPzxdEGvvmZ+X75ZekLlOVfvTjc8FPJgaGiiIGKaiG5Py84vycVD1nCA1SyAABjCCFBQCV27OjYAAAAA==[0m--- gmaven-plugin:1.4:generateTestStubs (buildGroovies) @ search ---
[INFO] Generated 46 Java stubs
[INFO] [INFO] Using 'UTF-8' encoding to copy filtered resources.
[INFO] Copying 6 resources

[INFO] [8mha:AAAAYB+LCAAAAAAAAABb85aBtbiIQSmjNKU4P0+vJLE4u1gvPjexLDVPzxdEGvvmZ+X75ZekLlOVfvTjc8FPJgaGiiIGKaiG5Py84vycVD1nCA1SyAABjCCFBQCV27OjYAAAAA==[0m--- maven-resources-plugin:2.6:testResources (default-testResources) @ search ---
[INFO] 
[INFO] [8mha:AAAAYB+LCAAAAAAAAABb85aBtbiIQSmjNKU4P0+vJLE4u1gvPjexLDVPzxdEGvvmZ+X75ZekLlOVfvTjc8FPJgaGiiIGKaiG5Py84vycVD1nCA1SyAABjCCFBQCV27OjYAAAAA==[0m--- maven-compiler-plugin:2.3.2:testCompile (default-testCompile) @ search ---
[INFO] Compiling 46 source files to /var/lib/jenkins/jobs/TSearchUnittest/workspace/service/target/test-classes
[INFO] 
[INFO] [8mha:AAAAYB+LCAAAAAAAAABb85aBtbiIQSmjNKU4P0+vJLE4u1gvPjexLDVPzxdEGvvmZ+X75ZekLlOVfvTjc8FPJgaGiiIGKaiG5Py84vycVD1nCA1SyAABjCCFBQCV27OjYAAAAA==[0m--- gmaven-plugin:1.4:testCompile (buildGroovies) @ search ---
[INFO] Compiled 57 Groovy classes
[INFO] 
[INFO] [8mha:AAAAYB+LCAAAAAAAAABb85aBtbiIQSmjNKU4P0+vJLE4u1gvPjexLDVPzxdEGvvmZ+X75ZekLlOVfvTjc8FPJgaGiiIGKaiG5Py84vycVD1nCA1SyAABjCCFBQCV27OjYAAAAA==[0m--- maven-surefire-plugin:2.10:test (default-test) @ search ---
[INFO] Surefire report directory: /var/lib/jenkins/jobs/TSearchUnittest/workspace/service/target/surefire-reports

-------------------------------------------------------
 T E S T S
-------------------------------------------------------
Running com.rackspace.search.endpoint.JobResourceTest
Tests run: 3, Failures: 0, Errors: 0, Skipped: 0, Time elapsed: 2.307 sec
Running com.rackspace.search.service.core.CoreTicketOnetimeSyncJobTest
Tests run: 1, Failures: 0, Errors: 0, Skipped: 0, Time elapsed: 0.224 sec
Running com.rackspace.search.service.core.CoreTicketOngoingSyncJobTest
Tests run: 3, Failures: 0, Errors: 0, Skipped: 0, Time elapsed: 2.154 sec
Running com.rackspace.search.service.core.CoreTicketProcessorTest
Tests run: 1, Failures: 0, Errors: 0, Skipped: 0, Time elapsed: 0 sec
Running com.rackspace.search.service.core.CoreTicketOnetimeSyncActorTest
Tests run: 3, Failures: 0, Errors: 0, Skipped: 0, Time elapsed: 0.001 sec
Running com.rackspace.search.service.core.CoreTicketOngoingSyncActorTest
Tests run: 3, Failures: 0, Errors: 0, Skipped: 0, Time elapsed: 0 sec
Running com.rackspace.search.service.core.CoreTicketSecondpassSyncJobTest
Tests run: 6, Failures: 0, Errors: 0, Skipped: 0, Time elapsed: 0 sec
Running com.rackspace.search.service.CoreAccountServiceTest
Tests run: 2, Failures: 0, Errors: 0, Skipped: 0, Time elapsed: 0.001 sec
Running com.rackspace.search.service.zendesk.ZendeskTicketProcessorTest
Tests run: 3, Failures: 0, Errors: 0, Skipped: 0, Time elapsed: 0 sec
Running com.rackspace.search.service.zendesk.ZendeskUserOnetimeSyncActorTest
Tests run: 3, Failures: 0, Errors: 0, Skipped: 0, Time elapsed: 0.324 sec
Running com.rackspace.search.service.zendesk.ZendeskGroupOnetimeSyncJobTest
Tests run: 3, Failures: 0, Errors: 0, Skipped: 0, Time elapsed: 0.315 sec
Running com.rackspace.search.service.zendesk.ZendeskSearchResultProcessorTest
Tests run: 1, Failures: 0, Errors: 0, Skipped: 0, Time elapsed: 0.019 sec
Running com.rackspace.search.service.zendesk.ZendeskUserOngoingSyncJobTest
Tests run: 2, Failures: 0, Errors: 0, Skipped: 0, Time elapsed: 0.295 sec
Running com.rackspace.search.service.zendesk.ZendeskTicketOnetimeSyncJobTest
Tests run: 3, Failures: 0, Errors: 0, Skipped: 0, Time elapsed: 0.058 sec
Running com.rackspace.search.service.zendesk.ZendeskGroupOnetimeSyncActorTest
Tests run: 3, Failures: 0, Errors: 0, Skipped: 0, Time elapsed: 0.032 sec
Running com.rackspace.search.service.zendesk.ZendeskTicketOnetimeSyncActorTest
Tests run: 3, Failures: 0, Errors: 0, Skipped: 0, Time elapsed: 0.065 sec
Running com.rackspace.search.service.zendesk.ZendeskUserOngoingSyncActorTest
Tests run: 2, Failures: 0, Errors: 0, Skipped: 0, Time elapsed: 0.664 sec
Running com.rackspace.search.service.zendesk.ZendeskTicketOngoingSyncJobTest
Tests run: 2, Failures: 0, Errors: 0, Skipped: 0, Time elapsed: 0.311 sec
Running com.rackspace.search.service.zendesk.ZendeskUserOnetimeSyncJobTest
Tests run: 3, Failures: 0, Errors: 0, Skipped: 0, Time elapsed: 0.05 sec
Running com.rackspace.search.service.zendesk.ZendeskGroupOngoingSyncJobTest
Tests run: 2, Failures: 0, Errors: 0, Skipped: 0, Time elapsed: 0.085 sec
Running com.rackspace.search.service.zendesk.ZendeskGroupOngoingSyncActorTest
Tests run: 2, Failures: 0, Errors: 0, Skipped: 0, Time elapsed: 0.087 sec
Running com.rackspace.search.service.zendesk.ZendeskTicketOngoingSyncActorTest
Tests run: 2, Failures: 0, Errors: 0, Skipped: 0, Time elapsed: 0.144 sec
Running com.rackspace.search.service.SyncRequestServiceTest
Tests run: 8, Failures: 0, Errors: 0, Skipped: 0, Time elapsed: 0.001 sec
Running com.rackspace.search.service.JobServiceTest
Tests run: 0, Failures: 0, Errors: 0, Skipped: 0, Time elapsed: 0.3 sec
Running com.rackspace.search.service.TicketSearchServiceTest
Tests run: 0, Failures: 0, Errors: 0, Skipped: 0, Time elapsed: 0.001 sec
Running com.rackspace.search.service.account.CoreAccountUpdateSyncJobTest
Tests run: 2, Failures: 0, Errors: 0, Skipped: 0, Time elapsed: 0.12 sec
Running com.rackspace.search.service.account.AccountOngoingSyncActorTest
Tests run: 3, Failures: 0, Errors: 0, Skipped: 0, Time elapsed: 0.092 sec
Running com.rackspace.search.service.account.AccountOngoingSyncJobTest
Tests run: 7, Failures: 0, Errors: 0, Skipped: 0, Time elapsed: 0.155 sec
Running com.rackspace.search.service.account.AccountOnetimeSyncJobTest
Tests run: 1, Failures: 0, Errors: 0, Skipped: 0, Time elapsed: 0.059 sec
Running com.rackspace.search.service.account.CoreAccountProcessorTest
Tests run: 1, Failures: 0, Errors: 0, Skipped: 0, Time elapsed: 0.014 sec
Running com.rackspace.search.service.account.AccountOnetimeSyncActorTest
Tests run: 3, Failures: 0, Errors: 0, Skipped: 0, Time elapsed: 0.147 sec
Running com.rackspace.search.service.admin.ZendeskTicketOndemandSyncJobTest
Tests run: 2, Failures: 0, Errors: 0, Skipped: 0, Time elapsed: 0.158 sec
Running com.rackspace.search.service.admin.AccountOndemandSyncJobTest
Tests run: 2, Failures: 0, Errors: 0, Skipped: 0, Time elapsed: 0.012 sec
Running com.rackspace.search.service.AccountCacheServiceTest
Tests run: 2, Failures: 0, Errors: 0, Skipped: 0, Time elapsed: 0.271 sec
Running com.rackspace.search.service.TicketCacheServiceTest
Tests run: 4, Failures: 0, Errors: 0, Skipped: 0, Time elapsed: 0.001 sec
Running com.rackspace.search.util.DateUtilTest
Tests run: 1, Failures: 0, Errors: 0, Skipped: 0, Time elapsed: 0 sec
Running com.rackspace.search.gateway.core.CoreAuthGatewayTest
Tests run: 2, Failures: 0, Errors: 0, Skipped: 0, Time elapsed: 0.001 sec
Running com.rackspace.search.gateway.core.CoreTicketGatewayTest
Tests run: 3, Failures: 0, Errors: 0, Skipped: 0, Time elapsed: 0.345 sec
Running com.rackspace.search.gateway.zendesk.ZendeskGatewayTest
Tests run: 8, Failures: 0, Errors: 0, Skipped: 0, Time elapsed: 0.001 sec
Running com.rackspace.search.gateway.account.AccountGatewayTest
Tests run: 4, Failures: 0, Errors: 0, Skipped: 0, Time elapsed: 0.001 sec
Running com.rackspace.search.elasticsearch.client.ElasticSearchClientFactoryBeanTest
21:01:34.862 [main] INFO  c.r.s.common.property.PropertyProvider - Loading properties file from file [/var/lib/jenkins/jobs/TSearchUnittest/workspace/service/target/properties/local/search.properties]
21:01:34.867 [main] INFO  c.r.s.common.property.PropertyProvider - Loading properties file from file [/var/lib/jenkins/jobs/TSearchUnittest/workspace/service/target/properties/local/search.secrets.properties]
21:01:34.867 [main] INFO  c.r.s.common.property.PropertyProvider - Loading properties file from file [/var/lib/jenkins/jobs/TSearchUnittest/workspace/service/target/properties/local/elasticsearch.properties]
21:01:35.278 [main] INFO  c.r.s.elasticsearch.ElasticSearchServer - Starting the Elastic Search server node:
21:01:35.543 [main] INFO  org.elasticsearch.node - [ticket.node] {0.90.2}[13281]: initializing ...
21:01:35.554 [main] INFO  org.elasticsearch.plugins - [ticket.node] loaded [action-updatebyquery], sites []
21:01:38.260 [main] INFO  org.elasticsearch.node - [ticket.node] {0.90.2}[13281]: initialized
21:01:38.260 [main] INFO  c.r.s.elasticsearch.ElasticSearchServer - Starting the Elastic Search server node with these settings:
21:01:38.293 [main] INFO  c.r.s.elasticsearch.ElasticSearchServer - Elasticsearch Settings :  [zendesk.user.document.idName:id, elastic.config.path:/var/lib/jenkins/jobs/TSearchUnittest/workspace/service/target/properties/local/elasticsearch, path.data:/var/lib/jenkins/jobs/TSearchUnittest/workspace/service/target/elasticsearch/data, cluster.name:ticket.cluster, core.secondpass.lookbacktime.minutes:15, tsl.driver.class:oracle.jdbc.driver.OracleDriver, zendesk.group.document.versionParam:updatedAt, cluster.health.check.wait.time.seconds:120, path.conf:/var/lib/jenkins/jobs/TSearchUnittest/workspace/service/target/properties/local/elasticsearch, syncRequest.max.documents.size:250, core.account.caching.enabled:true, http.enabled:true, core.api.endpoint:https://ws.integration.core.rackspace.com/ctkapi, account.cache.expiration.time.minutes:120, zendesk.group.document.idName:id, admin.index.name:admin, default.page.size:100, zendesk.api.endpoint:https://mosso.zendesk.com/api/, index.store.fs.memory.enabled:false, admin.document.type:syncJob, node.data:true, node.name:ticket.node, ticket.core.date.timezone:CST, ticket.search.allowedRangeParams:createdAt,updatedAt,lastPublicCommentDate,updateEventDate,documentLastUpdatedTimestamp, core.driver.class:org.postgresql.Driver, ticket.cache.expiration.time.minutes:120, account.document.type:account, category.custom.field.id:102692, tsl.db.username:ISLDB_TEST_READ, core.db.url:jdbc:postgresql://integration.db.core.rackspace.com:5432/core_dev, core.account.updates.enabled:true, zendesk.user.document.type:user, location.custom.field.id:436749, index.analysis.analyzer.search_standard.filter:[lowercase], bootstrap.mlockall:true, zendesk.group.document.type:group, coreaccount.document.type:coreaccount, coreticket.onetimesync.usedb:true, node.master:true, core.account.filter.necessary.updates:true, index.number_of_replicas:0, core.account.cache.expiration.time.minutes:120, coreaccount.document.versionParam:updatedAt, zendesk.api.username:itsm_api@lists.mosso.com, ticket.caching.enabled:true, syncRequest.search.allowedTermParams:documentType,status,createdAt,lastRunAt,documentLastUpdatedTimestamp, core.secondpass.enabled:true, cluster.routing.allocation.awareness.attributes:machine, account.api.accounts.path:v1.0/accounts, node.machine:ticket.node, updated.timestamp.field.name:documentLastUpdatedTimestamp, ticket.elastic.dateformat:yyyy-MM-dd'T'HH:mm:ss.SSSZ, account.document.idName:id, action.auto_create_index:1, ticket.search.allowedNestedParams:account.contacts.name,account.contacts.role,account.contacts.sso,account.contacts, index.analysis.analyzer.search_standard.type:standard, http.connection.timeout.in.milliseconds:65000, ticket.ongoingsync.delay.seconds:2, path.logs:/var/lib/jenkins/jobs/TSearchUnittest/workspace/service/target/elasticsearch/logs, use.xrefemployee.alternative:false, ticket.document.idName:number, technology.custom.field.id:108885, transport.tcp.compress:true, account.highprofile.name:HIGH_PROFILE, core.ongoingsync.loopback.time.seconds:120, ticket.index.name:ticket, tsl.db.url:jdbc:oracle:thin:@d-oradb1.iad2.corp.rackspace.com:1521:draxiad, account.api.username:hybrid_ui, indices.structure:/indices_structure.json, account.filter.necessary.updates:true, index.number_of_shards:5, syncRequest.search.allowedRangeParams:createdAt,lastRunAt,documentLastUpdatedTimestamp, max.page.size:500, core.api.username:rcameron, zendesk.api.search.path:v2/search.json, syncRequest.document.idName:id, discovery.zen.ping.multicast.enabled:false, account.update.tickets.pageSize:250, zendesk.api.tickets.view.path:v2/views/25462223/tickets.json, account.document.versionParam:updatedAt, ticket.core.dateformat:yyyy-MM-dd HH:mm:ss, zendesk.user.document.versionParam:updatedAt, coreaccount.document.idName:id, syncRequest.document.type:syncRequest, account.api.events.path:v1.0/accounts/events.atom, account.index.name:account, ticket.document.versionParam:updateEventDate, ticket.core.dateformat.with.millis:yyyy-MM-dd HH:mm:ss.SSSSSS, zendesk.index.name:zendesk, account.caching.enabled:true, ticket.document.type:ticket, zendesk.api.tickets.path:v2/tickets/show_many.json, admin.document.idName:name, facets.display.count:100, core.db.username:usq_read, syncRequest.index.name:admin, use.updateByQueryPlugin:false, ticket.search.allowedTermParams:sourceSystem,number,createdAt,updatedAt,updateEventDate,lastPublicCommentDate,status,queue.name,category,categoryObj.name,categoryObj.id,priority,assignee.name,hasWindowsServers,hasLinuxServers,severityName,assignee.sso,queue.id,accountServiceLevel,accountTeamTerritoryCode,account.serviceLevel,account.teamTerritoryCode,statusTypes,account.team,account.id,account.rcn,account.status,account.highProfile,documentLastUpdatedTimestamp,account.teamSegment,submitter.name,submitter.sso,account.contacts.name,account.contacts.role,account.contacts.sso,subCategoryObj.name,subCategoryObj.id,assignee.id,submitter.id,tags,location,technology, account.api.endpoint:https://test.account.api.rackspace.com/, name:ticket.node] 
21:01:38.296 [main] INFO  org.elasticsearch.node - [ticket.node] {0.90.2}[13281]: starting ...
21:01:38.506 [main] INFO  org.elasticsearch.transport - [ticket.node] bound_address {inet[/0:0:0:0:0:0:0:0:9300]}, publish_address {inet[/10.14.208.252:9300]}
21:01:41.550 [elasticsearch[ticket.node][clusterService#updateTask][T#1]] INFO  org.elasticsearch.cluster.service - [ticket.node] new_master [ticket.node][JTUpONBqQhSDqwQo_jXD5Q][inet[/10.14.208.252:9300]]{machine=ticket.node, master=true}, reason: zen-disco-join (elected_as_master)
21:01:41.585 [main] INFO  org.elasticsearch.discovery - [ticket.node] ticket.cluster/JTUpONBqQhSDqwQo_jXD5Q
21:01:41.614 [main] INFO  org.elasticsearch.http - [ticket.node] bound_address {inet[/0:0:0:0:0:0:0:0:9200]}, publish_address {inet[/10.14.208.252:9200]}
21:01:41.615 [main] INFO  org.elasticsearch.node - [ticket.node] {0.90.2}[13281]: started
21:01:41.615 [main] INFO  c.r.s.elasticsearch.ElasticSearchServer - Elastic Search server is started.
21:01:41.675 [main] INFO  c.r.s.elasticsearch.ElasticSearchServer - ES cluster status is GREEN. Waiting for ES recovery.
21:01:41.678 [main] INFO  c.r.s.elasticsearch.ElasticSearchServer - Elastic Search Cluster Staus is GREEN
21:01:42.077 [elasticsearch[ticket.node][clusterService#updateTask][T#1]] INFO  org.elasticsearch.gateway - [ticket.node] recovered [0] indices into cluster_state
21:01:43.149 [main] INFO  c.r.s.e.ElasticSearchClientFactoryBean - Starting ElasticSearch client
21:01:43.152 [main] INFO  c.r.s.e.ElasticSearchClientFactoryBean - About to read index setting file : /indices_structure.json
21:01:43.163 [main] INFO  c.r.s.e.ElasticSearchClientFactoryBean - Index does not exist. Creating the Index ticket 
21:01:43.189 [main] INFO  c.r.s.e.ElasticSearchClientFactoryBean - About to read index setting file : /var/lib/jenkins/jobs/TSearchUnittest/workspace/service/target/properties/local/elasticsearch/mappings/ticket/index.json
21:01:43.725 [elasticsearch[ticket.node][clusterService#updateTask][T#1]] INFO  org.elasticsearch.cluster.metadata - [ticket.node] [ticket] creating index, cause [api], shards [5]/[0], mappings [index, ticket]
21:01:44.061 [main] INFO  c.r.s.e.ElasticSearchClientFactoryBean - Successfully setup Index ticket 
21:01:44.063 [main] INFO  c.r.s.e.ElasticSearchClientFactoryBean - About to read index setting file : /var/lib/jenkins/jobs/TSearchUnittest/workspace/service/target/properties/local/elasticsearch/mappings/ticket/ticket.json
21:01:44.109 [main] INFO  c.r.s.e.ElasticSearchClientFactoryBean - Setting up Mapping for [ticket]/[ticket]: {"ticket":{"_source":{"enabled":true},"properties":{"queue":{"dynamic":"true","properties":{"id":{"analyzer":"keyword_lowercase","type":"string"},"name":{"analyzer":"keyword_lowercase","type":"string"}},"type":"object"},"technology":{"analyzer":"keyword_lowercase","type":"string"},"location":{"analyzer":"keyword_lowercase","type":"string"},"subject":{"analyzer":"keyword_lowercase","type":"string"},"submitter":{"dynamic":"true","properties":{"id":{"type":"long"},"name":{"analyzer":"keyword_lowercase","type":"string"},"sso":{"analyzer":"keyword_lowercase","type":"string"}},"type":"object"},"categoryObj":{"dynamic":"true","properties":{"id":{"analyzer":"keyword_lowercase","type":"string"},"name":{"analyzer":"keyword_lowercase","type":"string"}},"type":"object"},"difficulty":{"analyzer":"keyword_lowercase","type":"string"},"documentLastUpdatedTimestamp":{"format":"date_time","type":"date"},"accountTeamTerritoryCode":{"analyzer":"keyword_lowercase","type":"string"},"priority":{"analyzer":"keyword_lowercase","type":"string"},"createdAt":{"format":"date_time","type":"date"},"statusTypes":{"analyzer":"keyword_lowercase","type":"string"},"tags":{"analyzer":"keyword_lowercase","type":"string"},"status":{"analyzer":"keyword_lowercase","type":"string"},"subCategory":{"analyzer":"keyword_lowercase","type":"string"},"lastPublicCommentDate":{"format":"date_time","type":"date"},"updateEventDate":{"format":"date_time","type":"date"},"assignee":{"dynamic":"true","properties":{"id":{"type":"long"},"name":{"analyzer":"keyword_lowercase","type":"string"},"sso":{"analyzer":"keyword_lowercase","type":"string"}},"type":"object"},"accountServiceLevel":{"analyzer":"keyword_lowercase","type":"string"},"number":{"analyzer":"keyword_lowercase","type":"string"},"severityName":{"analyzer":"keyword_lowercase","type":"string"},"subCategoryObj":{"dynamic":"true","properties":{"id":{"analyzer":"keyword_lowercase","type":"string"},"name":{"analyzer":"keyword_lowercase","type":"string"}},"type":"object"},"hasWindowsServers":{"analyzer":"keyword_lowercase","type":"string"},"updatedAt":{"format":"date_time","type":"date"},"idle":{"format":"date_time","type":"date"},"category":{"analyzer":"keyword_lowercase","type":"string"},"sourceSystem":{"analyzer":"keyword_lowercase","type":"string"},"hasLinuxServers":{"analyzer":"keyword_lowercase","type":"string"},"account":{"dynamic":"true","properties":{"teamSegment":{"analyzer":"keyword_lowercase","type":"string"},"id":{"analyzer":"keyword_lowercase","type":"string"},"rcn":{"analyzer":"keyword_lowercase","type":"string"},"status":{"analyzer":"keyword_lowercase","type":"string"},"teamTerritoryCode":{"analyzer":"keyword_lowercase","type":"string"},"name":{"analyzer":"keyword_lowercase","type":"string"},"highProfile":{"type":"boolean"},"number":{"type":"long"},"serviceLevel":{"analyzer":"keyword_lowercase","type":"string"},"team":{"analyzer":"keyword_lowercase","type":"string"},"type":{"analyzer":"keyword_lowercase","type":"string"},"contacts":{"dynamic":"true","properties":{"name":{"analyzer":"keyword_lowercase","type":"string"},"role":{"analyzer":"keyword_lowercase","type":"string"},"sso":{"analyzer":"keyword_lowercase","type":"string"}},"type":"nested"}},"type":"object"}}}}
21:01:44.415 [main] INFO  c.r.s.e.ElasticSearchClientFactoryBean - Index does not exist. Creating the Index admin 
21:01:44.416 [main] INFO  c.r.s.e.ElasticSearchClientFactoryBean - About to read index setting file : /var/lib/jenkins/jobs/TSearchUnittest/workspace/service/target/properties/local/elasticsearch/mappings/admin/index.json
21:01:44.556 [elasticsearch[ticket.node][clusterService#updateTask][T#1]] INFO  org.elasticsearch.cluster.metadata - [ticket.node] [admin] creating index, cause [api], shards [5]/[0], mappings [index, syncJob, syncRequest]
21:01:44.562 [main] INFO  c.r.s.e.ElasticSearchClientFactoryBean - Successfully setup Index admin 
21:01:44.563 [main] INFO  c.r.s.e.ElasticSearchClientFactoryBean - About to read index setting file : /var/lib/jenkins/jobs/TSearchUnittest/workspace/service/target/properties/local/elasticsearch/mappings/admin/syncJob.json
21:01:44.568 [main] INFO  c.r.s.e.ElasticSearchClientFactoryBean - Setting up Mapping for [admin]/[syncJob]: {"syncJob":{"_source":{"enabled":true},"properties":{"status":{"type":"string"},"status_message":{"type":"string"},"next_execution_at":{"format":"date_time","type":"date"},"sync_status":{"type":"string"},"type":{"type":"string"},"interval_duration":{"type":"string"},"is_enabled":{"type":"string"},"last_updated_at":{"format":"date_time","type":"date"},"last_event_at":{"format":"date_time","type":"date"},"read_marker":{"format":"date_time","type":"date"},"description":{"type":"string"},"processing_node":{"type":"string"},"name":{"type":"string"},"started_at":{"format":"date_time","type":"date"}}}}
21:01:44.717 [main] INFO  c.r.s.e.ElasticSearchClientFactoryBean - About to read index setting file : /var/lib/jenkins/jobs/TSearchUnittest/workspace/service/target/properties/local/elasticsearch/mappings/admin/syncRequest.json
21:01:44.720 [main] INFO  c.r.s.e.ElasticSearchClientFactoryBean - Setting up Mapping for [admin]/[syncRequest]: {"syncRequest":{"_source":{"enabled":true},"properties":{"id":{"type":"string"},"documentType":{"analyzer":"keyword_lowercase","type":"string"},"status":{"analyzer":"keyword_lowercase","type":"string"},"lastRunAt":{"format":"date_time","type":"date"},"createdAt":{"format":"date_time","type":"date"},"documentIds":{"type":"string"},"documentLastUpdatedAt":{"format":"date_time","type":"date"},"lastRunDetails":{"type":"string"}}}}
21:01:44.837 [main] INFO  c.r.s.e.ElasticSearchClientFactoryBean - Index does not exist. Creating the Index account 
21:01:44.838 [main] INFO  c.r.s.e.ElasticSearchClientFactoryBean - About to read index setting file : /var/lib/jenkins/jobs/TSearchUnittest/workspace/service/target/properties/local/elasticsearch/mappings/account/index.json
21:01:45.048 [elasticsearch[ticket.node][clusterService#updateTask][T#1]] INFO  org.elasticsearch.cluster.metadata - [ticket.node] [account] creating index, cause [api], shards [5]/[0], mappings [index, coreaccount, account]
21:01:45.157 [main] INFO  c.r.s.e.ElasticSearchClientFactoryBean - Successfully setup Index account 
21:01:45.157 [main] INFO  c.r.s.e.ElasticSearchClientFactoryBean - About to read index setting file : /var/lib/jenkins/jobs/TSearchUnittest/workspace/service/target/properties/local/elasticsearch/mappings/account/account.json
21:01:45.161 [main] INFO  c.r.s.e.ElasticSearchClientFactoryBean - Setting up Mapping for [account]/[account]: {"account":{"_source":{"enabled":true},"properties":{"updatedAt":{"format":"date_time","type":"date"},"id":{"analyzer":"keyword_lowercase","type":"string"},"rcn":{"analyzer":"keyword_lowercase","type":"string"},"status":{"analyzer":"keyword_lowercase","type":"string"},"name":{"analyzer":"keyword_lowercase","type":"string"},"highProfile":{"type":"boolean"},"number":{"type":"long"},"documentLastUpdatedTimestamp":{"format":"date_time","type":"date"},"team":{"analyzer":"keyword_lowercase","type":"string"},"type":{"analyzer":"keyword_lowercase","type":"string"}}}}
21:01:45.274 [main] INFO  c.r.s.e.ElasticSearchClientFactoryBean - Index does not exist. Creating the Index zendesk 
21:01:45.275 [main] INFO  c.r.s.e.ElasticSearchClientFactoryBean - About to read index setting file : /var/lib/jenkins/jobs/TSearchUnittest/workspace/service/target/properties/local/elasticsearch/mappings/zendesk/index.json
21:01:45.412 [elasticsearch[ticket.node][clusterService#updateTask][T#1]] INFO  org.elasticsearch.cluster.metadata - [ticket.node] [zendesk] creating index, cause [api], shards [5]/[0], mappings [index, group, user]
21:01:45.421 [main] INFO  c.r.s.e.ElasticSearchClientFactoryBean - Successfully setup Index zendesk 
21:01:45.422 [main] INFO  c.r.s.e.ElasticSearchClientFactoryBean - About to read index setting file : /var/lib/jenkins/jobs/TSearchUnittest/workspace/service/target/properties/local/elasticsearch/mappings/zendesk/user.json
21:01:45.424 [main] INFO  c.r.s.e.ElasticSearchClientFactoryBean - Setting up Mapping for [zendesk]/[user]: {"user":{"_source":{"enabled":true},"properties":{"updatedAt":{"format":"date_time","type":"date"},"id":{"type":"long"},"createdAt":{"format":"date_time","type":"date"},"name":{"analyzer":"keyword_lowercase","type":"string"},"documentLastUpdatedTimestamp":{"format":"date_time","type":"date"}}}}
21:01:45.542 [Timer-5] INFO  c.r.s.elasticsearch.ElasticSearchServer - ES cluster status is RED. Waiting for ES recovery.
21:01:45.559 [main] INFO  c.r.s.e.ElasticSearchClientFactoryBean - About to read index setting file : /var/lib/jenkins/jobs/TSearchUnittest/workspace/service/target/properties/local/elasticsearch/mappings/zendesk/group.json
21:01:45.562 [main] INFO  c.r.s.e.ElasticSearchClientFactoryBean - Setting up Mapping for [zendesk]/[group]: {"group":{"_source":{"enabled":true},"properties":{"updatedAt":{"format":"date_time","type":"date"},"id":{"type":"long"},"createdAt":{"format":"date_time","type":"date"},"name":{"analyzer":"keyword_lowercase","type":"string"},"documentLastUpdatedTimestamp":{"format":"date_time","type":"date"}}}}
21:01:45.857 [main] INFO  c.r.s.e.ElasticSearchClientFactoryBean - About to read index setting file : /indices_structure.json
21:01:45.870 [search-scheduler-1] INFO  c.r.s.elasticsearch.ElasticSearchServer - ES cluster status is RED. Waiting for ES recovery.
21:01:45.877 [search-scheduler-2] INFO  c.r.s.elasticsearch.ElasticSearchServer - ES cluster status is RED. Waiting for ES recovery.
21:01:45.879 [search-scheduler-3] INFO  c.r.s.elasticsearch.ElasticSearchServer - ES cluster status is RED. Waiting for ES recovery.
21:01:45.938 [main] INFO  c.r.s.e.ElasticSearchClientFactoryBean - About to read index setting file : /indices_structure.json
21:01:45.944 [search-scheduler-6] INFO  c.r.s.elasticsearch.ElasticSearchServer - ES cluster status is RED. Waiting for ES recovery.
21:01:45.946 [search-scheduler-4] INFO  c.r.s.elasticsearch.ElasticSearchServer - ES cluster status is RED. Waiting for ES recovery.
21:01:45.952 [main] INFO  c.r.s.e.ElasticSearchClientFactoryBean - About to read index setting file : /var/lib/jenkins/jobs/TSearchUnittest/workspace/service/target/properties/local/elasticsearch/mappings/ticket/index.json
21:01:45.954 [main] INFO  c.r.s.e.ElasticSearchClientFactoryBean - About to read index setting file : /var/lib/jenkins/jobs/TSearchUnittest/workspace/service/target/properties/local/elasticsearch/mappings/admin/index.json
21:01:45.956 [search-scheduler-7] INFO  c.r.s.elasticsearch.ElasticSearchServer - ES cluster status is RED. Waiting for ES recovery.
21:01:45.957 [search-scheduler-8] INFO  c.r.s.elasticsearch.ElasticSearchServer - ES cluster status is RED. Waiting for ES recovery.
21:01:45.959 [search-scheduler-9] INFO  c.r.s.elasticsearch.ElasticSearchServer - ES cluster status is RED. Waiting for ES recovery.
21:01:45.961 [Timer-6] INFO  c.r.s.elasticsearch.ElasticSearchServer - ES cluster status is RED. Waiting for ES recovery.
21:01:45.962 [search-scheduler-5] INFO  c.r.s.elasticsearch.ElasticSearchServer - ES cluster status is RED. Waiting for ES recovery.
21:01:45.963 [main] INFO  c.r.s.e.ElasticSearchClientFactoryBean - About to read index setting file : /var/lib/jenkins/jobs/TSearchUnittest/workspace/service/target/properties/local/elasticsearch/mappings/account/index.json
21:01:45.966 [search-scheduler-10] INFO  c.r.s.elasticsearch.ElasticSearchServer - ES cluster status is RED. Waiting for ES recovery.
21:01:45.967 [main] INFO  c.r.s.e.ElasticSearchClientFactoryBean - About to read index setting file : /var/lib/jenkins/jobs/TSearchUnittest/workspace/service/target/properties/local/elasticsearch/mappings/zendesk/index.json
Tests run: 2, Failures: 0, Errors: 0, Skipped: 0, Time elapsed: 13.532 sec
Running com.rackspace.search.elasticsearch.client.ElasticSearchClientTest
Tests run: 0, Failures: 0, Errors: 0, Skipped: 0, Time elapsed: 0.001 sec
Running com.rackspace.search.elasticsearch.client.QueryParserTest
21:01:46.060 [Timer-8] INFO  c.r.s.elasticsearch.ElasticSearchServer - ES cluster status is RED. Waiting for ES recovery.
Tests run: 8, Failures: 0, Errors: 0, Skipped: 0, Time elapsed: 0.001 sec
Running com.rackspace.search.elasticsearch.SyncJobTest
Tests run: 3, Failures: 0, Errors: 0, Skipped: 0, Time elapsed: 0.001 sec
21:01:46.154 [Timer-10] INFO  c.r.s.elasticsearch.ElasticSearchServer - ES cluster status is RED. Waiting for ES recovery.
21:01:46.155 [Timer-13] INFO  c.r.s.elasticsearch.ElasticSearchServer - ES cluster status is RED. Waiting for ES recovery.
21:01:46.157 [Timer-11] INFO  c.r.s.elasticsearch.ElasticSearchServer - ES cluster status is RED. Waiting for ES recovery.
21:01:46.158 [Timer-14] INFO  c.r.s.elasticsearch.ElasticSearchServer - ES cluster status is RED. Waiting for ES recovery.
21:01:46.213 [Timer-12] INFO  c.r.s.elasticsearch.ElasticSearchServer - ES cluster status is RED. Waiting for ES recovery.
21:01:46.323 [Timer-7] INFO  c.r.s.elasticsearch.ElasticSearchServer - ES cluster status is RED. Waiting for ES recovery.
21:01:46.326 [Thread-17] INFO  c.r.s.e.ElasticSearchClientFactoryBean - Closing ElasticSearch client
21:01:46.473 [Thread-17] WARN  o.s.c.a.CommonAnnotationBeanPostProcessor - Invocation of destroy method failed on bean with name 'coreTicketOndemandSyncJob': org.elasticsearch.action.NoShardAvailableActionException: [admin][2] No shard available for [[admin][syncJob][CoreTicketOndemandSyncJob]: routing [null]]
21:01:46.474 [Thread-17] WARN  o.s.c.a.CommonAnnotationBeanPostProcessor - Invocation of destroy method failed on bean with name 'zendeskTicketOndemandSyncJob': org.elasticsearch.action.NoShardAvailableActionException: [admin][3] No shard available for [[admin][syncJob][ZendeskTicketOndemandSyncJob]: routing [null]]
21:01:46.475 [Thread-17] WARN  o.s.c.a.CommonAnnotationBeanPostProcessor - Invocation of destroy method failed on bean with name 'accountOndemandSyncJob': org.elasticsearch.action.NoShardAvailableActionException: [admin][4] No shard available for [[admin][syncJob][AccountOndemandSyncJob]: routing [null]]
21:01:46.475 [Thread-17] WARN  o.s.c.a.CommonAnnotationBeanPostProcessor - Invocation of destroy method failed on bean with name 'accountOngoingSyncJob': org.elasticsearch.action.NoShardAvailableActionException: [admin][2] No shard available for [[admin][syncJob][AccountOngoingSyncJob]: routing [null]]
21:01:46.487 [Thread-17] WARN  o.s.c.a.CommonAnnotationBeanPostProcessor - Invocation of destroy method failed on bean with name 'zendeskGroupOngoingSyncJob': org.elasticsearch.action.NoShardAvailableActionException: [admin][2] No shard available for [[admin][syncJob][ZendeskGroupOngoingSyncJob]: routing [null]]
21:01:46.489 [Thread-17] WARN  o.s.c.a.CommonAnnotationBeanPostProcessor - Invocation of destroy method failed on bean with name 'zendeskTicketOnetimeSyncJob': org.elasticsearch.action.NoShardAvailableActionException: [admin][4] No shard available for [[admin][syncJob][ZendeskTicketOnetimeSyncJob]: routing [null]]
21:01:46.491 [Thread-17] WARN  o.s.c.a.CommonAnnotationBeanPostProcessor - Invocation of destroy method failed on bean with name 'zendeskUserOnetimeSyncJob': org.elasticsearch.action.NoShardAvailableActionException: [admin][2] No shard available for [[admin][syncJob][ZendeskUserOnetimeSyncJob]: routing [null]]
21:01:46.492 [Thread-17] WARN  o.s.c.a.CommonAnnotationBeanPostProcessor - Invocation of destroy method failed on bean with name 'coreAccountOnetimeSyncJob': org.elasticsearch.action.NoShardAvailableActionException: [admin][3] No shard available for [[admin][syncJob][CoreAccountOnetimeSyncJob]: routing [null]]
21:01:46.493 [Thread-17] WARN  o.s.c.a.CommonAnnotationBeanPostProcessor - Invocation of destroy method failed on bean with name 'accountOnetimeSyncJob': org.elasticsearch.action.NoShardAvailableActionException: [admin][4] No shard available for [[admin][syncJob][AccountOnetimeSyncJob]: routing [null]]
21:01:46.494 [Thread-17] WARN  o.s.c.a.CommonAnnotationBeanPostProcessor - Invocation of destroy method failed on bean with name 'coreTicketOnetimeSyncJob': org.elasticsearch.action.NoShardAvailableActionException: [admin][2] No shard available for [[admin][syncJob][CoreTicketOnetimeSyncJob]: routing [null]]
21:01:46.500 [Thread-17] INFO  org.elasticsearch.node - [ticket.node] {0.90.2}[13281]: stopping ...
21:01:46.647 [Timer-9] INFO  c.r.s.elasticsearch.ElasticSearchServer - ES cluster status is RED. Waiting for ES recovery.
21:01:46.650 [Thread-17] INFO  org.elasticsearch.node - [ticket.node] {0.90.2}[13281]: stopped
21:01:46.651 [Thread-17] INFO  org.elasticsearch.node - [ticket.node] {0.90.2}[13281]: closing ...
21:01:56.676 [search-scheduler-7] ERROR o.s.s.support.MethodInvokingRunnable - Invocation of method 'startZendeskUserOngoingSyncJob' on target class [class com.rackspace.search.scheduling.SyncJobScheduler] failed
org.elasticsearch.common.util.concurrent.EsRejectedExecutionException: rejected execution of [org.elasticsearch.action.support.single.shard.TransportShardSingleOperationAction$AsyncSingleAction$1]
	at org.elasticsearch.common.util.concurrent.EsAbortPolicy.rejectedExecution(EsAbortPolicy.java:35) ~[elasticsearch-0.90.2.jar:na]
	at java.util.concurrent.ThreadPoolExecutor.reject(ThreadPoolExecutor.java:767) ~[na:1.6.0_38]
	at java.util.concurrent.ThreadPoolExecutor.execute(ThreadPoolExecutor.java:658) ~[na:1.6.0_38]
	at org.elasticsearch.action.support.single.shard.TransportShardSingleOperationAction$AsyncSingleAction.perform(TransportShardSingleOperationAction.java:152) ~[elasticsearch-0.90.2.jar:na]
	at org.elasticsearch.action.support.single.shard.TransportShardSingleOperationAction$AsyncSingleAction.start(TransportShardSingleOperationAction.java:124) ~[elasticsearch-0.90.2.jar:na]
	at org.elasticsearch.action.support.single.shard.TransportShardSingleOperationAction.doExecute(TransportShardSingleOperationAction.java:71) ~[elasticsearch-0.90.2.jar:na]
	at org.elasticsearch.action.support.single.shard.TransportShardSingleOperationAction.doExecute(TransportShardSingleOperationAction.java:46) ~[elasticsearch-0.90.2.jar:na]
	at org.elasticsearch.action.support.TransportAction.execute(TransportAction.java:61) ~[elasticsearch-0.90.2.jar:na]
	at org.elasticsearch.client.node.NodeClient.execute(NodeClient.java:92) ~[elasticsearch-0.90.2.jar:na]
	at org.elasticsearch.client.support.AbstractClient.get(AbstractClient.java:179) ~[elasticsearch-0.90.2.jar:na]
	at org.elasticsearch.action.get.GetRequestBuilder.doExecute(GetRequestBuilder.java:112) ~[elasticsearch-0.90.2.jar:na]
	at org.elasticsearch.action.ActionRequestBuilder.execute(ActionRequestBuilder.java:62) ~[elasticsearch-0.90.2.jar:na]
	at org.elasticsearch.action.ActionRequestBuilder.execute(ActionRequestBuilder.java:57) ~[elasticsearch-0.90.2.jar:na]
	at org.elasticsearch.action.ActionRequestBuilder$execute.call(Unknown Source) ~[na:na]
	at com.rackspace.search.elasticsearch.client.ElasticSearchClient.getDocument(ElasticSearchClient.groovy:209) ~[classes/:na]
	at com.rackspace.search.elasticsearch.client.ElasticSearchClient$getDocument.call(Unknown Source) ~[na:na]
	at com.rackspace.search.service.JobService.getJob(JobService.groovy:56) ~[classes/:na]
	at com.rackspace.search.service.JobService$getJob$0.callCurrent(Unknown Source) ~[na:na]
	at com.rackspace.search.service.JobService.getJob(JobService.groovy:52) ~[classes/:na]
	at com.rackspace.search.service.JobService$getJob.call(Unknown Source) ~[na:na]
	at org.codehaus.groovy.runtime.callsite.CallSiteArray.defaultCall(CallSiteArray.java:45) ~[groovy-all-2.1.1.jar:2.1.1]
	at org.codehaus.groovy.runtime.callsite.AbstractCallSite.call(AbstractCallSite.java:108) ~[groovy-all-2.1.1.jar:2.1.1]
	at org.codehaus.groovy.runtime.callsite.AbstractCallSite.call(AbstractCallSite.java:116) ~[groovy-all-2.1.1.jar:2.1.1]
	at com.rackspace.search.service.zendesk.ZendeskUserOngoingSyncJob.setupJob(ZendeskUserOngoingSyncJob.groovy:75) ~[classes/:na]
	at com.rackspace.search.service.zendesk.ZendeskUserOngoingSyncJob.startJob(ZendeskUserOngoingSyncJob.groovy:94) ~[classes/:na]
	at com.rackspace.search.scheduling.SyncJobScheduler.startZendeskUserOngoingSyncJob(SyncJobScheduler.java:104) ~[classes/:na]
	at sun.reflect.NativeMethodAccessorImpl.invoke0(Native Method) ~[na:1.6.0_38]
	at sun.reflect.NativeMethodAccessorImpl.invoke(NativeMethodAccessorImpl.java:39) ~[na:1.6.0_38]
	at sun.reflect.DelegatingMethodAccessorImpl.invoke(DelegatingMethodAccessorImpl.java:25) ~[na:1.6.0_38]
	at java.lang.reflect.Method.invoke(Method.java:597) ~[na:1.6.0_38]
	at org.springframework.util.MethodInvoker.invoke(MethodInvoker.java:273) ~[spring-core-3.0.6.RELEASE.jar:3.0.6.RELEASE]
	at org.springframework.scheduling.support.MethodInvokingRunnable.run(MethodInvokingRunnable.java:65) ~[spring-context-3.0.6.RELEASE.jar:3.0.6.RELEASE]
	at org.springframework.scheduling.support.DelegatingErrorHandlingRunnable.run(DelegatingErrorHandlingRunnable.java:51) [spring-context-3.0.6.RELEASE.jar:3.0.6.RELEASE]
	at java.util.concurrent.Executors$RunnableAdapter.call(Executors.java:439) [na:1.6.0_38]
	at java.util.concurrent.FutureTask$Sync.innerRunAndReset(FutureTask.java:317) [na:1.6.0_38]
	at java.util.concurrent.FutureTask.runAndReset(FutureTask.java:150) [na:1.6.0_38]
	at java.util.concurrent.ScheduledThreadPoolExecutor$ScheduledFutureTask.access$101(ScheduledThreadPoolExecutor.java:98) [na:1.6.0_38]
	at java.util.concurrent.ScheduledThreadPoolExecutor$ScheduledFutureTask.runPeriodic(ScheduledThreadPoolExecutor.java:180) [na:1.6.0_38]
	at java.util.concurrent.ScheduledThreadPoolExecutor$ScheduledFutureTask.run(ScheduledThreadPoolExecutor.java:204) [na:1.6.0_38]
	at java.util.concurrent.ThreadPoolExecutor$Worker.runTask(ThreadPoolExecutor.java:886) [na:1.6.0_38]
	at java.util.concurrent.ThreadPoolExecutor$Worker.run(ThreadPoolExecutor.java:908) [na:1.6.0_38]
	at java.lang.Thread.run(Thread.java:662) [na:1.6.0_38]
21:01:56.683 [search-scheduler-9] ERROR o.s.s.support.MethodInvokingRunnable - Invocation of method 'scheduleCoreAccountUpdateSyncJob' on target class [class com.rackspace.search.scheduling.SyncJobScheduler] failed
org.elasticsearch.common.util.concurrent.EsRejectedExecutionException: rejected execution of [org.elasticsearch.action.support.single.shard.TransportShardSingleOperationAction$AsyncSingleAction$1]
	at org.elasticsearch.common.util.concurrent.EsAbortPolicy.rejectedExecution(EsAbortPolicy.java:35) ~[elasticsearch-0.90.2.jar:na]
	at java.util.concurrent.ThreadPoolExecutor.reject(ThreadPoolExecutor.java:767) ~[na:1.6.0_38]
	at java.util.concurrent.ThreadPoolExecutor.execute(ThreadPoolExecutor.java:658) ~[na:1.6.0_38]
	at org.elasticsearch.action.support.single.shard.TransportShardSingleOperationAction$AsyncSingleAction.perform(TransportShardSingleOperationAction.java:152) ~[elasticsearch-0.90.2.jar:na]
	at org.elasticsearch.action.support.single.shard.TransportShardSingleOperationAction$AsyncSingleAction.start(TransportShardSingleOperationAction.java:124) ~[elasticsearch-0.90.2.jar:na]
	at org.elasticsearch.action.support.single.shard.TransportShardSingleOperationAction.doExecute(TransportShardSingleOperationAction.java:71) ~[elasticsearch-0.90.2.jar:na]
	at org.elasticsearch.action.support.single.shard.TransportShardSingleOperationAction.doExecute(TransportShardSingleOperationAction.java:46) ~[elasticsearch-0.90.2.jar:na]
	at org.elasticsearch.action.support.TransportAction.execute(TransportAction.java:61) ~[elasticsearch-0.90.2.jar:na]
	at org.elasticsearch.client.node.NodeClient.execute(NodeClient.java:92) ~[elasticsearch-0.90.2.jar:na]
	at org.elasticsearch.client.support.AbstractClient.get(AbstractClient.java:179) ~[elasticsearch-0.90.2.jar:na]
	at org.elasticsearch.action.get.GetRequestBuilder.doExecute(GetRequestBuilder.java:112) ~[elasticsearch-0.90.2.jar:na]
	at org.elasticsearch.action.ActionRequestBuilder.execute(ActionRequestBuilder.java:62) ~[elasticsearch-0.90.2.jar:na]
	at org.elasticsearch.action.ActionRequestBuilder.execute(ActionRequestBuilder.java:57) ~[elasticsearch-0.90.2.jar:na]
	at org.elasticsearch.action.ActionRequestBuilder$execute.call(Unknown Source) ~[na:na]
	at com.rackspace.search.elasticsearch.client.ElasticSearchClient.getDocument(ElasticSearchClient.groovy:209) ~[classes/:na]
	at com.rackspace.search.elasticsearch.client.ElasticSearchClient$getDocument.call(Unknown Source) ~[na:na]
	at com.rackspace.search.service.JobService.getJob(JobService.groovy:56) ~[classes/:na]
	at com.rackspace.search.service.JobService$getJob$0.callCurrent(Unknown Source) ~[na:na]
	at com.rackspace.search.service.JobService.getJob(JobService.groovy:52) ~[classes/:na]
	at com.rackspace.search.service.JobService$getJob.call(Unknown Source) ~[na:na]
	at org.codehaus.groovy.runtime.callsite.CallSiteArray.defaultCall(CallSiteArray.java:45) ~[groovy-all-2.1.1.jar:2.1.1]
	at org.codehaus.groovy.runtime.callsite.AbstractCallSite.call(AbstractCallSite.java:108) ~[groovy-all-2.1.1.jar:2.1.1]
	at org.codehaus.groovy.runtime.callsite.AbstractCallSite.call(AbstractCallSite.java:116) ~[groovy-all-2.1.1.jar:2.1.1]
	at com.rackspace.search.service.account.CoreAccountUpdateSyncJob.setupJob(CoreAccountUpdateSyncJob.groovy:96) ~[classes/:na]
	at com.rackspace.search.service.account.CoreAccountUpdateSyncJob.startJob(CoreAccountUpdateSyncJob.groovy:117) ~[classes/:na]
	at com.rackspace.search.scheduling.SyncJobScheduler.scheduleCoreAccountUpdateSyncJob(SyncJobScheduler.java:69) ~[classes/:na]
	at sun.reflect.NativeMethodAccessorImpl.invoke0(Native Method) ~[na:1.6.0_38]
	at sun.reflect.NativeMethodAccessorImpl.invoke(NativeMethodAccessorImpl.java:39) ~[na:1.6.0_38]
	at sun.reflect.DelegatingMethodAccessorImpl.invoke(DelegatingMethodAccessorImpl.java:25) ~[na:1.6.0_38]
	at java.lang.reflect.Method.invoke(Method.java:597) ~[na:1.6.0_38]
	at org.springframework.util.MethodInvoker.invoke(MethodInvoker.java:273) ~[spring-core-3.0.6.RELEASE.jar:3.0.6.RELEASE]
	at org.springframework.scheduling.support.MethodInvokingRunnable.run(MethodInvokingRunnable.java:65) ~[spring-context-3.0.6.RELEASE.jar:3.0.6.RELEASE]
	at org.springframework.scheduling.support.DelegatingErrorHandlingRunnable.run(DelegatingErrorHandlingRunnable.java:51) [spring-context-3.0.6.RELEASE.jar:3.0.6.RELEASE]
	at java.util.concurrent.Executors$RunnableAdapter.call(Executors.java:439) [na:1.6.0_38]
	at java.util.concurrent.FutureTask$Sync.innerRunAndReset(FutureTask.java:317) [na:1.6.0_38]
	at java.util.concurrent.FutureTask.runAndReset(FutureTask.java:150) [na:1.6.0_38]
	at java.util.concurrent.ScheduledThreadPoolExecutor$ScheduledFutureTask.access$101(ScheduledThreadPoolExecutor.java:98) [na:1.6.0_38]
	at java.util.concurrent.ScheduledThreadPoolExecutor$ScheduledFutureTask.runPeriodic(ScheduledThreadPoolExecutor.java:180) [na:1.6.0_38]
	at java.util.concurrent.ScheduledThreadPoolExecutor$ScheduledFutureTask.run(ScheduledThreadPoolExecutor.java:204) [na:1.6.0_38]
	at java.util.concurrent.ThreadPoolExecutor$Worker.runTask(ThreadPoolExecutor.java:886) [na:1.6.0_38]
	at java.util.concurrent.ThreadPoolExecutor$Worker.run(ThreadPoolExecutor.java:908) [na:1.6.0_38]
	at java.lang.Thread.run(Thread.java:662) [na:1.6.0_38]
21:01:56.687 [search-scheduler-5] ERROR o.s.s.support.MethodInvokingRunnable - Invocation of method 'startAccountOndemandSyncJob' on target class [class com.rackspace.search.scheduling.SyncJobScheduler] failed
org.elasticsearch.action.NoShardAvailableActionException: [admin][4] No shard available for [[admin][syncJob][AccountOndemandSyncJob]: routing [null]]
	at org.elasticsearch.action.support.single.shard.TransportShardSingleOperationAction$AsyncSingleAction.perform(TransportShardSingleOperationAction.java:139) ~[elasticsearch-0.90.2.jar:na]
	at org.elasticsearch.action.support.single.shard.TransportShardSingleOperationAction$AsyncSingleAction.start(TransportShardSingleOperationAction.java:124) ~[elasticsearch-0.90.2.jar:na]
	at org.elasticsearch.action.support.single.shard.TransportShardSingleOperationAction.doExecute(TransportShardSingleOperationAction.java:71) ~[elasticsearch-0.90.2.jar:na]
	at org.elasticsearch.action.support.single.shard.TransportShardSingleOperationAction.doExecute(TransportShardSingleOperationAction.java:46) ~[elasticsearch-0.90.2.jar:na]
	at org.elasticsearch.action.support.TransportAction.execute(TransportAction.java:61) ~[elasticsearch-0.90.2.jar:na]
	at org.elasticsearch.client.node.NodeClient.execute(NodeClient.java:92) ~[elasticsearch-0.90.2.jar:na]
Exception in thread "Timer-14" org.elasticsearch.common.util.concurrent.EsRejectedExecutionException: rejected execution of [org.elasticsearch.action.support.single.shard.TransportShardSingleOperationAction$AsyncSingleAction$1]
	at org.elasticsearch.common.util.concurrent.EsAbortPolicy.rejectedExecution(EsAbortPolicy.java:35)
	at java.util.concurrent.ThreadPoolExecutor.reject(ThreadPoolExecutor.java:767)
	at java.util.concurrent.ThreadPoolExecutor.execute(ThreadPoolExecutor.java:658)
	at org.elasticsearch.action.support.single.shard.TransportShardSingleOperationAction$AsyncSingleAction.perform(TransportShardSingleOperationAction.java:152)
	at org.elasticsearch.action.support.single.shard.TransportShardSingleOperationAction$AsyncSingleAction.start(TransportShardSingleOperationAction.java:124)
	at org.elasticsearch.action.support.single.shard.TransportShardSingleOperationAction.doExecute(TransportShardSingleOperationAction.java:71)
	at org.elasticsearch.action.support.single.shard.TransportShardSingleOperationAction.doExecute(TransportShardSingleOperationAction.java:46)
	at org.elasticsearch.action.support.TransportAction.execute(TransportAction.java:61)
	at org.elasticsearch.client.node.NodeClient.execute(NodeClient.java:92)
	at org.elasticsearch.client.support.AbstractClient.get(AbstractClient.java:179)
	at org.elasticsearch.action.get.GetRequestBuilder.doExecute(GetRequestBuilder.java:112)
	at org.elasticsearch.action.ActionRequestBuilder.execute(ActionRequestBuilder.java:62)
	at org.elasticsearch.action.ActionRequestBuilder.execute(ActionRequestBuilder.java:57)
	at org.elasticsearch.action.ActionRequestBuilder$execute.call(Unknown Source)
	at com.rackspace.search.elasticsearch.client.ElasticSearchClient.getDocument(ElasticSearchClient.groovy:209)
	at com.rackspace.search.elasticsearch.client.ElasticSearchClient$getDocument.call(Unknown Source)
	at com.rackspace.search.service.JobService.getJob(JobService.groovy:56)
	at com.rackspace.search.service.JobService$getJob$0.callCurrent(Unknown Source)
	at com.rackspace.search.service.JobService.getJob(JobService.groovy:52)
	at com.rackspace.search.service.JobService$getJob.call(Unknown Source)
	at org.codehaus.groovy.runtime.callsite.CallSiteArray.defaultCall(CallSiteArray.java:45)
	at org.codehaus.groovy.runtime.callsite.AbstractCallSite.call(AbstractCallSite.java:108)
	at org.codehaus.groovy.runtime.callsite.AbstractCallSite.call(AbstractCallSite.java:116)
	at com.rackspace.search.service.admin.CoreTicketOndemandSyncJob.setupJob(CoreTicketOndemandSyncJob.groovy:99)
	at sun.reflect.NativeMethodAccessorImpl.invoke0(Native Method)
	at sun.reflect.NativeMethodAccessorImpl.invoke(NativeMethodAccessorImpl.java:39)
	at sun.reflect.DelegatingMethodAccessorImpl.invoke(DelegatingMethodAccessorImpl.java:25)
	at java.lang.reflect.Method.invoke(Method.java:597)
	at org.codehaus.groovy.reflection.CachedMethod.invoke(CachedMethod.java:90)
	at groovy.lang.MetaMethod.doMethodInvoke(MetaMethod.java:233)
	at groovy.lang.MetaClassImpl.invokeMethod(MetaClassImpl.java:1085)
	at org.codehaus.groovy.runtime.ScriptBytecodeAdapter.invokeMethodOnCurrentN(ScriptBytecodeAdapter.java:78)
	at com.rackspace.search.service.admin.CoreTicketOndemandSyncJob.this$dist$invoke$1(CoreTicketOndemandSyncJob.groovy)
	at com.rackspace.search.service.admin.CoreTicketOndemandSyncJob$1.methodMissing(CoreTicketOndemandSyncJob.groovy)
	at sun.reflect.NativeMethodAccessorImpl.invoke0(Native Method)
	at sun.reflect.NativeMethodAccessorImpl.invoke(NativeMethodAccessorImpl.java:39)
	at sun.reflect.DelegatingMethodAccessorImpl.invoke(DelegatingMethodAccessorImpl.java:25)
	at java.lang.reflect.Method.invoke(Method.java:597)
	at org.codehaus.groovy.reflection.CachedMethod.invoke(CachedMethod.java:90)
	at groovy.lang.MetaClassImpl.invokeMissingMethod(MetaClassImpl.java:837)
	at groovy.lang.MetaClassImpl.invokePropertyOrMissing(MetaClassImpl.java:1134)
	at groovy.lang.MetaClassImpl.invokeMethod(MetaClassImpl.java:1087)
	at groovy.lang.MetaClassImpl.invokeMethod(MetaClassImpl.java:909)
	at org.codehaus.groovy.runtime.callsite.PogoMetaClassSite.callCurrent(PogoMetaClassSite.java:66)
	at org.codehaus.groovy.runtime.callsite.CallSiteArray.defaultCallCurrent(CallSiteArray.java:49)
	at org.codehaus.groovy.runtime.callsite.AbstractCallSite.callCurrent(AbstractCallSite.java:133)
	at org.codehaus.groovy.runtime.callsite.AbstractCallSite.callCurrent(AbstractCallSite.java:137)
	at com.rackspace.search.service.admin.CoreTicketOndemandSyncJob$1.run(CoreTicketOndemandSyncJob.groovy:82)
	at java.util.TimerThread.mainLoop(Timer.java:512)
	at java.util.TimerThread.run(Timer.java:462)
Exception in thread "Timer-13" org.elasticsearch.common.util.concurrent.EsRejectedExecutionException: rejected execution of [org.elasticsearch.action.support.single.shard.TransportShardSingleOperationAction$AsyncSingleAction$1]
	at org.elasticsearch.common.util.concurrent.EsAbortPolicy.rejectedExecution(EsAbortPolicy.java:35)
	at java.util.concurrent.ThreadPoolExecutor.reject(ThreadPoolExecutor.java:767)
	at java.util.concurrent.ThreadPoolExecutor.execute(ThreadPoolExecutor.java:658)
	at org.elasticsearch.action.support.single.shard.TransportShardSingleOperationAction$AsyncSingleAction.perform(TransportShardSingleOperationAction.java:152)
	at org.elasticsearch.action.support.single.shard.TransportShardSingleOperationAction$AsyncSingleAction.start(TransportShardSingleOperationAction.java:124)
	at org.elasticsearch.action.support.single.shard.TransportShardSingleOperationAction.doExecute(TransportShardSingleOperationAction.java:71)
	at org.elasticsearch.action.support.single.shard.TransportShardSingleOperationAction.doExecute(TransportShardSingleOperationAction.java:46)
	at org.elasticsearch.action.support.TransportAction.execute(TransportAction.java:61)
	at org.elasticsearch.client.node.NodeClient.execute(NodeClient.java:92)
	at org.elasticsearch.client.support.AbstractClient.get(AbstractClient.java:179)
	at org.elasticsearch.action.get.GetRequestBuilder.doExecute(GetRequestBuilder.java:112)
	at org.elasticsearch.action.ActionRequestBuilder.execute(ActionRequestBuilder.java:62)
	at org.elasticsearch.action.ActionRequestBuilder.execute(ActionRequestBuilder.java:57)
	at org.elasticsearch.action.ActionRequestBuilder$execute.call(Unknown Source)
	at com.rackspace.search.elasticsearch.client.ElasticSearchClient.getDocument(ElasticSearchClient.groovy:209)
	at com.rackspace.search.elasticsearch.client.ElasticSearchClient$getDocument.call(Unknown Source)
	at com.rackspace.search.service.JobService.getJob(JobService.groovy:56)
	at com.rackspace.search.service.JobService$getJob$0.callCurrent(Unknown Source)
	at com.rackspace.search.service.JobService.getJob(JobService.groovy:52)
	at com.rackspace.search.service.JobService$getJob.call(Unknown Source)
	at com.rackspace.search.service.admin.ZendeskTicketOndemandSyncJob.setupJob(ZendeskTicketOndemandSyncJob.groovy:90)
	at sun.reflect.NativeMethodAccessorImpl.invoke0(Native Method)
	at sun.reflect.NativeMethodAccessorImpl.invoke(NativeMethodAccessorImpl.java:39)
	at sun.reflect.DelegatingMethodAccessorImpl.invoke(DelegatingMethodAccessorImpl.java:25)
	at java.lang.reflect.Method.invoke(Method.java:597)
	at org.codehaus.groovy.reflection.CachedMethod.invoke(CachedMethod.java:90)
	at groovy.lang.MetaMethod.doMethodInvoke(MetaMethod.java:233)
	at groovy.lang.MetaClassImpl.invokeMethod(MetaClassImpl.java:1085)
	at org.codehaus.groovy.runtime.ScriptBytecodeAdapter.invokeMethodOnCurrentN(ScriptBytecodeAdapter.java:78)
	at com.rackspace.search.service.admin.ZendeskTicketOndemandSyncJob.this$dist$invoke$1(ZendeskTicketOndemandSyncJob.groovy)
	at com.rackspace.search.service.admin.ZendeskTicketOndemandSyncJob$1.methodMissing(ZendeskTicketOndemandSyncJob.groovy)
	at sun.reflect.NativeMethodAccessorImpl.invoke0(Native Method)
	at sun.reflect.NativeMethodAccessorImpl.invoke(NativeMethodAccessorImpl.java:39)
	at sun.reflect.DelegatingMethodAccessorImpl.invoke(DelegatingMethodAccessorImpl.java:25)
	at java.lang.reflect.Method.invoke(Method.java:597)
	at org.codehaus.groovy.reflection.CachedMethod.invoke(CachedMethod.java:90)
	at groovy.lang.MetaClassImpl.invokeMissingMethod(MetaClassImpl.java:837)
	at groovy.lang.MetaClassImpl.invokePropertyOrMissing(MetaClassImpl.java:1134)
	at groovy.lang.MetaClassImpl.invokeMethod(MetaClassImpl.java:1087)
	at groovy.lang.MetaClassImpl.invokeMethod(MetaClassImpl.java:909)
	at org.codehaus.groovy.runtime.callsite.PogoMetaClassSite.callCurrent(PogoMetaClassSite.java:66)
	at org.codehaus.groovy.runtime.callsite.CallSiteArray.defaultCallCurrent(CallSiteArray.java:49)
	at org.codehaus.groovy.runtime.callsite.AbstractCallSite.callCurrent(AbstractCallSite.java:133)
	at org.codehaus.groovy.runtime.callsite.AbstractCallSite.callCurrent(AbstractCallSite.java:137)
	at com.rackspace.search.service.admin.ZendeskTicketOndemandSyncJob$1.run(ZendeskTicketOndemandSyncJob.groovy:73)
	at java.util.TimerThread.mainLoop(Timer.java:512)
	at java.util.TimerThread.run(Timer.java:462)
Exception in thread "Timer-5" org.elasticsearch.common.util.concurrent.EsRejectedExecutionException: rejected execution of [org.elasticsearch.action.support.single.shard.TransportShardSingleOperationAction$AsyncSingleAction$1]
	at org.elasticsearch.common.util.concurrent.EsAbortPolicy.rejectedExecution(EsAbortPolicy.java:35)
	at java.util.concurrent.ThreadPoolExecutor.reject(ThreadPoolExecutor.java:767)
	at java.util.concurrent.ThreadPoolExecutor.execute(ThreadPoolExecutor.java:658)
	at org.elasticsearch.action.support.single.shard.TransportShardSingleOperationAction$AsyncSingleAction.perform(TransportShardSingleOperationAction.java:152)
	at org.elasticsearch.action.support.single.shard.TransportShardSingleOperationAction$AsyncSingleAction.start(TransportShardSingleOperationAction.java:124)
	at org.elasticsearch.action.support.single.shard.TransportShardSingleOperationAction.doExecute(TransportShardSingleOperationAction.java:71)
	at org.elasticsearch.action.support.single.shard.TransportShardSingleOperationAction.doExecute(TransportShardSingleOperationAction.java:46)
	at org.elasticsearch.action.support.TransportAction.execute(TransportAction.java:61)
	at org.elasticsearch.client.node.NodeClient.execute(NodeClient.java:92)
	at org.elasticsearch.client.support.AbstractClient.get(AbstractClient.java:179)
	at org.elasticsearch.action.get.GetRequestBuilder.doExecute(GetRequestBuilder.java:112)
	at org.elasticsearch.action.ActionRequestBuilder.execute(ActionRequestBuilder.java:62)
	at org.elasticsearch.action.ActionRequestBuilder.execute(ActionRequestBuilder.java:57)
	at org.elasticsearch.action.ActionRequestBuilder$execute.call(Unknown Source)
	at com.rackspace.search.elasticsearch.client.ElasticSearchClient.getDocument(ElasticSearchClient.groovy:209)
	at com.rackspace.search.elasticsearch.client.ElasticSearchClient$getDocument.call(Unknown Source)
	at com.rackspace.search.service.JobService.getJob(JobService.groovy:56)
	at com.rackspace.search.service.JobService$getJob$0.callCurrent(Unknown Source)
	at com.rackspace.search.service.JobService.getJob(JobService.groovy:52)
	at com.rackspace.search.service.JobService$getJob.call(Unknown Source)
	at com.rackspace.search.service.core.CoreTicketOngoingSyncJob.setupJob(CoreTicketOnGoingSyncJob.groovy:90)
	at sun.reflect.NativeMethodAccessorImpl.invoke0(Native Method)
	at sun.reflect.NativeMethodAccessorImpl.invoke(NativeMethodAccessorImpl.java:39)
	at sun.reflect.DelegatingMethodAccessorImpl.invoke(DelegatingMethodAccessorImpl.java:25)
	at java.lang.reflect.Method.invoke(Method.java:597)
	at org.codehaus.groovy.reflection.CachedMethod.invoke(CachedMethod.java:90)
	at groovy.lang.MetaMethod.doMethodInvoke(MetaMethod.java:233)
	at groovy.lang.MetaClassImpl.invokeMethod(MetaClassImpl.java:1085)
	at org.codehaus.groovy.runtime.ScriptBytecodeAdapter.invokeMethodOnCurrentN(ScriptBytecodeAdapter.java:78)
	at com.rackspace.search.service.core.CoreTicketOngoingSyncJob.this$dist$invoke$1(CoreTicketOnGoingSyncJob.groovy)
	at com.rackspace.search.service.core.CoreTicketOngoingSyncJob$1.methodMissing(CoreTicketOnGoingSyncJob.groovy)
	at sun.reflect.NativeMethodAccessorImpl.invoke0(Native Method)
	at sun.reflect.NativeMethodAccessorImpl.invoke(NativeMethodAccessorImpl.java:39)
	at sun.reflect.DelegatingMethodAccessorImpl.invoke(DelegatingMethodAccessorImpl.java:25)
	at java.lang.reflect.Method.invoke(Method.java:597)
	at org.codehaus.groovy.reflection.CachedMethod.invoke(CachedMethod.java:90)
	at groovy.lang.MetaClassImpl.invokeMissingMethod(MetaClassImpl.java:837)
	at groovy.lang.MetaClassImpl.invokePropertyOrMissing(MetaClassImpl.java:1134)
	at groovy.lang.MetaClassImpl.invokeMethod(MetaClassImpl.java:1087)
	at groovy.lang.MetaClassImpl.invokeMethod(MetaClassImpl.java:909)
	at org.codehaus.groovy.runtime.callsite.PogoMetaClassSite.callCurrent(PogoMetaClassSite.java:66)
	at org.codehaus.groovy.runtime.callsite.CallSiteArray.defaultCallCurrent(CallSiteArray.java:49)
	at org.codehaus.groovy.runtime.callsite.AbstractCallSite.callCurrent(AbstractCallSite.java:133)
	at org.codehaus.groovy.runtime.callsite.AbstractCallSite.callCurrent(AbstractCallSite.java:137)
	at com.rackspace.search.service.core.CoreTicketOngoingSyncJob$1.run(CoreTicketOnGoingSyncJob.groovy:72)
	at java.util.TimerThread.mainLoop(Timer.java:512)
	at java.util.TimerThread.run(Timer.java:462)
Exception in thread "Timer-7" org.elasticsearch.common.util.concurrent.EsRejectedExecutionException: rejected execution of [org.elasticsearch.action.support.single.shard.TransportShardSingleOperationAction$AsyncSingleAction$1]
	at org.elasticsearch.common.util.concurrent.EsAbortPolicy.rejectedExecution(EsAbortPolicy.java:35)
	at java.util.concurrent.ThreadPoolExecutor.reject(ThreadPoolExecutor.java:767)
	at java.util.concurrent.ThreadPoolExecutor.execute(ThreadPoolExecutor.java:658)
	at org.elasticsearch.action.support.single.shard.TransportShardSingleOperationAction$AsyncSingleAction.perform(TransportShardSingleOperationAction.java:152)
	at org.elasticsearch.action.support.single.shard.TransportShardSingleOperationAction$AsyncSingleAction.start(TransportShardSingleOperationAction.java:124)
	at org.elasticsearch.action.support.single.shard.TransportShardSingleOperationAction.doExecute(TransportShardSingleOperationAction.java:71)
	at org.elasticsearch.action.support.single.shard.TransportShardSingleOperationAction.doExecute(TransportShardSingleOperationAction.java:46)
	at org.elasticsearch.action.support.TransportAction.execute(TransportAction.java:61)
	at org.elasticsearch.client.node.NodeClient.execute(NodeClient.java:92)
	at org.elasticsearch.client.support.AbstractClient.get(AbstractClient.java:179)
	at org.elasticsearch.action.get.GetRequestBuilder.doExecute(GetRequestBuilder.java:112)
	at org.elasticsearch.action.ActionRequestBuilder.execute(ActionRequestBuilder.java:62)
	at org.elasticsearch.action.ActionRequestBuilder.execute(ActionRequestBuilder.java:57)
	at org.elasticsearch.action.ActionRequestBuilder$execute.call(Unknown Source)
	at com.rackspace.search.elasticsearch.client.ElasticSearchClient.getDocument(ElasticSearchClient.groovy:209)
	at com.rackspace.search.elasticsearch.client.ElasticSearchClient$getDocument.call(Unknown Source)
	at com.rackspace.search.service.JobService.getJob(JobService.groovy:56)
	at com.rackspace.search.service.JobService$getJob$0.callCurrent(Unknown Source)
	at com.rackspace.search.service.JobService.getJob(JobService.groovy:52)
	at com.rackspace.search.service.JobService$getJob.call(Unknown Source)
	at org.codehaus.groovy.runtime.callsite.CallSiteArray.defaultCall(CallSiteArray.java:45)
	at org.codehaus.groovy.runtime.callsite.AbstractCallSite.call(AbstractCallSite.java:108)
	at org.codehaus.groovy.runtime.callsite.AbstractCallSite.call(AbstractCallSite.java:116)
	at com.rackspace.search.service.zendesk.ZendeskTicketOngoingSyncJob.setupJob(ZendeskTicketOngoingSyncJob.groovy:79)
	at sun.reflect.NativeMethodAccessorImpl.invoke0(Native Method)
	at sun.reflect.NativeMethodAccessorImpl.invoke(NativeMethodAccessorImpl.java:39)
	at sun.reflect.DelegatingMethodAccessorImpl.invoke(DelegatingMethodAccessorImpl.java:25)
	at java.lang.reflect.Method.invoke(Method.java:597)
	at org.codehaus.groovy.reflection.CachedMethod.invoke(CachedMethod.java:90)
	at groovy.lang.MetaMethod.doMethodInvoke(MetaMethod.java:233)
	at groovy.lang.MetaClassImpl.invokeMethod(MetaClassImpl.java:1085)
	at org.codehaus.groovy.runtime.ScriptBytecodeAdapter.invokeMethodOnCurrentN(ScriptBytecodeAdapter.java:78)
	at com.rackspace.search.service.zendesk.ZendeskTicketOngoingSyncJob.this$dist$invoke$1(ZendeskTicketOngoingSyncJob.groovy)
	at com.rackspace.search.service.zendesk.ZendeskTicketOngoingSyncJob$1.methodMissing(ZendeskTicketOngoingSyncJob.groovy)
	at sun.reflect.NativeMethodAccessorImpl.invoke0(Native Method)
	at sun.reflect.NativeMethodAccessorImpl.invoke(NativeMethodAccessorImpl.java:39)
	at sun.reflect.DelegatingMethodAccessorImpl.invoke(DelegatingMethodAccessorImpl.java:25)
	at java.lang.reflect.Method.invoke(Method.java:597)
	at org.codehaus.groovy.reflection.CachedMethod.invoke(CachedMethod.java:90)
	at groovy.lang.MetaClassImpl.invokeMissingMethod(MetaClassImpl.java:837)
	at groovy.lang.MetaClassImpl.invokePropertyOrMissing(MetaClassImpl.java:1134)
	at groovy.lang.MetaClassImpl.invokeMethod(MetaClassImpl.java:1087)
	at groovy.lang.MetaClassImpl.invokeMethod(MetaClassImpl.java:909)
	at org.codehaus.groovy.runtime.callsite.PogoMetaClassSite.callCurrent(PogoMetaClassSite.java:66)
	at org.codehaus.groovy.runtime.callsite.CallSiteArray.defaultCallCurrent(CallSiteArray.java:49)
	at org.codehaus.groovy.runtime.callsite.AbstractCallSite.callCurrent(AbstractCallSite.java:133)
	at org.codehaus.groovy.runtime.callsite.AbstractCallSite.callCurrent(AbstractCallSite.java:137)
	at com.rackspace.search.service.zendesk.ZendeskTicketOngoingSyncJob$1.run(ZendeskTicketOngoingSyncJob.groovy:60)
	at java.util.TimerThread.mainLoop(Timer.java:512)
	at java.util.TimerThread.run(Timer.java:462)
Exception in thread "Timer-6" org.elasticsearch.common.util.concurrent.EsRejectedExecutionException: rejected execution of [org.elasticsearch.action.support.single.shard.TransportShardSingleOperationAction$AsyncSingleAction$1]
	at org.elasticsearch.common.util.concurrent.EsAbortPolicy.rejectedExecution(EsAbortPolicy.java:35)
	at java.util.concurrent.ThreadPoolExecutor.reject(ThreadPoolExecutor.java:767)
	at java.util.concurrent.ThreadPoolExecutor.execute(ThreadPoolExecutor.java:658)
	at org.elasticsearch.action.support.single.shard.TransportShardSingleOperationAction$AsyncSingleAction.perform(TransportShardSingleOperationAction.java:152)
	at org.elasticsearch.action.support.single.shard.TransportShardSingleOperationAction$AsyncSingleAction.start(TransportShardSingleOperationAction.java:124)
	at org.elasticsearch.action.support.single.shard.TransportShardSingleOperationAction.doExecute(TransportShardSingleOperationAction.java:71)
	at org.elasticsearch.action.support.single.shard.TransportShardSingleOperationAction.doExecute(TransportShardSingleOperationAction.java:46)
	at org.elasticsearch.action.support.TransportAction.execute(TransportAction.java:61)
	at org.elasticsearch.client.node.NodeClient.execute(NodeClient.java:92)
	at org.elasticsearch.client.support.AbstractClient.get(AbstractClient.java:179)
	at org.elasticsearch.action.get.GetRequestBuilder.doExecute(GetRequestBuilder.java:112)
	at org.elasticsearch.action.ActionRequestBuilder.execute(ActionRequestBuilder.java:62)
	at org.elasticsearch.action.ActionRequestBuilder.execute(ActionRequestBuilder.java:57)
	at org.elasticsearch.action.ActionRequestBuilder$execute.call(Unknown Source)
	at com.rackspace.search.elasticsearch.client.ElasticSearchClient.getDocument(ElasticSearchClient.groovy:209)
	at com.rackspace.search.elasticsearch.client.ElasticSearchClient$getDocument.call(Unknown Source)
	at com.rackspace.search.service.JobService.getJob(JobService.groovy:56)
	at com.rackspace.search.service.JobService$getJob$0.callCurrent(Unknown Source)
	at com.rackspace.search.service.JobService.getJob(JobService.groovy:52)
	at com.rackspace.search.service.JobService$getJob.call(Unknown Source)
	at com.rackspace.search.service.core.CoreTicketSecondPassSyncJob.setupJob(CoreTicketSecondPassSyncJob.groovy:91)
	at com.rackspace.search.service.core.CoreTicketSecondPassSyncJob.this$2$setupJob(CoreTicketSecondPassSyncJob.groovy)
	at sun.reflect.NativeMethodAccessorImpl.invoke0(Native Method)
	at sun.reflect.NativeMethodAccessorImpl.invoke(NativeMethodAccessorImpl.java:39)
	at sun.reflect.DelegatingMethodAccessorImpl.invoke(DelegatingMethodAccessorImpl.java:25)
	at java.lang.reflect.Method.invoke(Method.java:597)
	at org.codehaus.groovy.reflection.CachedMethod.invoke(CachedMethod.java:90)
	at groovy.lang.MetaMethod.doMethodInvoke(MetaMethod.java:233)
	at groovy.lang.MetaClassImpl.invokeMethod(MetaClassImpl.java:1085)
	at org.codehaus.groovy.runtime.ScriptBytecodeAdapter.invokeMethodOnCurrentN(ScriptBytecodeAdapter.java:78)
	at com.rackspace.search.service.core.CoreTicketSecondPassSyncJob.this$dist$invoke$1(CoreTicketSecondPassSyncJob.groovy)
	at com.rackspace.search.service.core.CoreTicketSecondPassSyncJob$1.methodMissing(CoreTicketSecondPassSyncJob.groovy)
	at sun.reflect.NativeMethodAccessorImpl.invoke0(Native Method)
	at sun.reflect.NativeMethodAccessorImpl.invoke(NativeMethodAccessorImpl.java:39)
	at sun.reflect.DelegatingMethodAccessorImpl.invoke(DelegatingMethodAccessorImpl.java:25)
	at java.lang.reflect.Method.invoke(Method.java:597)
	at org.codehaus.groovy.reflection.CachedMethod.invoke(CachedMethod.java:90)
	at groovy.lang.MetaClassImpl.invokeMissingMethod(MetaClassImpl.java:837)
	at groovy.lang.MetaClassImpl.invokePropertyOrMissing(MetaClassImpl.java:1134)
	at groovy.lang.MetaClassImpl.invokeMethod(MetaClassImpl.java:1087)
	at groovy.lang.MetaClassImpl.invokeMethod(MetaClassImpl.java:909)
	at org.codehaus.groovy.runtime.callsite.PogoMetaClassSite.callCurrent(PogoMetaClassSite.java:66)
	at org.codehaus.groovy.runtime.callsite.CallSiteArray.defaultCallCurrent(CallSiteArray.java:49)
	at org.codehaus.groovy.runtime.callsite.AbstractCallSite.callCurrent(AbstractCallSite.java:133)
	at org.codehaus.groovy.runtime.callsite.AbstractCallSite.callCurrent(AbstractCallSite.java:137)
	at com.rackspace.search.service.core.CoreTicketSecondPassSyncJob$1.run(CoreTicketSecondPassSyncJob.groovy:74)
	at java.util.TimerThread.mainLoop(Timer.java:512)
	at java.util.TimerThread.run(Timer.java:462)
Exception in thread "Timer-12" org.elasticsearch.action.NoShardAvailableActionException: [admin][4] No shard available for [[admin][syncJob][AccountOndemandSyncJob]: routing [null]]
	at org.elasticsearch.action.support.single.shard.TransportShardSingleOperationAction$AsyncSingleAction.perform(TransportShardSingleOperationAction.java:139)
	at org.elasticsearch.action.support.single.shard.TransportShardSingleOperationAction$AsyncSingleAction.start(TransportShardSingleOperationAction.java:124)
	at org.elasticsearch.action.support.single.shard.TransportShardSingleOperationAction.doExecute(TransportShardSingleOperationAction.java:71)
	at org.elasticsearch.action.support.single.shard.TransportShardSingleOperationAction.doExecute(TransportShardSingleOperationAction.java:46)
	at org.elasticsearch.action.support.TransportAction.execute(TransportAction.java:61)
	at org.elasticsearch.client.node.NodeClient.execute(NodeClient.java:92)
	at org.elasticsearch.client.support.AbstractClient.get(AbstractClient.java:179)
	at org.elasticsearch.action.get.GetRequestBuilder.doExecute(GetRequestBuilder.java:112)
	at org.elasticsearch.action.ActionRequestBuilder.execute(ActionRequestBuilder.java:62)
	at org.elasticsearch.action.ActionRequestBuilder.execute(ActionRequestBuilder.java:57)
	at org.elasticsearch.action.ActionRequestBuilder$execute.call(Unknown Source)
	at com.rackspace.search.elasticsearch.client.ElasticSearchClient.getDocument(ElasticSearchClient.groovy:209)
	at com.rackspace.search.elasticsearch.client.ElasticSearchClient$getDocument.call(Unknown Source)
	at com.rackspace.search.service.JobService.getJob(JobService.groovy:56)
	at com.rackspace.search.service.JobService$getJob$0.callCurrent(Unknown Source)
	at com.rackspace.search.service.JobService.getJob(JobService.groovy:52)
	at com.rackspace.search.service.JobService$getJob.call(Unknown Source)
	at com.rackspace.search.service.admin.AccountOndemandSyncJob.setupJob(AccountOndemandSyncJob.groovy:127)
	at sun.reflect.NativeMethodAccessorImpl.invoke0(Native Method)
	at sun.reflect.NativeMethodAccessorImpl.invoke(NativeMethodAccessorImpl.java:39)
	at sun.reflect.DelegatingMethodAccessorImpl.invoke(DelegatingMethodAccessorImpl.java:25)
	at java.lang.reflect.Method.invoke(Method.java:597)
	at org.codehaus.groovy.reflection.CachedMethod.invoke(CachedMethod.java:90)
	at groovy.lang.MetaMethod.doMethodInvoke(MetaMethod.java:233)
	at groovy.lang.MetaClassImpl.invokeMethod(MetaClassImpl.java:1085)
	at org.codehaus.groovy.runtime.ScriptBytecodeAdapter.invokeMethodOnCurrentN(ScriptBytecodeAdapter.java:78)
	at com.rackspace.search.service.admin.AccountOndemandSyncJob.this$dist$invoke$1(AccountOndemandSyncJob.groovy)
	at com.rackspace.search.service.admin.AccountOndemandSyncJob$1.methodMissing(AccountOndemandSyncJob.groovy)
	at sun.reflect.NativeMethodAccessorImpl.invoke0(Native Method)
	at sun.reflect.NativeMethodAccessorImpl.invoke(NativeMethodAccessorImpl.java:39)
	at sun.reflect.DelegatingMethodAccessorImpl.invoke(DelegatingMethodAccessorImpl.java:25)
	at java.lang.reflect.Method.invoke(Method.java:597)
	at org.codehaus.groovy.reflection.CachedMethod.invoke(CachedMethod.java:90)
	at groovy.lang.MetaClassImpl.invokeMissingMethod(MetaClassImpl.java:837)
	at groovy.lang.MetaClassImpl.invokePropertyOrMissing(MetaClassImpl.java:1134)
	at groovy.lang.MetaClassImpl.invokeMethod(MetaClassImpl.java:1087)
	at groovy.lang.MetaClassImpl.invokeMethod(MetaClassImpl.java:909)
	at org.codehaus.groovy.runtime.callsite.PogoMetaClassSite.callCurrent(PogoMetaClassSite.java:66)
	at org.codehaus.groovy.runtime.callsite.CallSiteArray.defaultCallCurrent(CallSiteArray.java:49)
	at org.codehaus.groovy.runtime.callsite.AbstractCallSite.callCurrent(AbstractCallSite.java:133)
	at org.codehaus.groovy.runtime.callsite.AbstractCallSite.callCurrent(AbstractCallSite.java:137)
	at com.rackspace.search.service.admin.AccountOndemandSyncJob$1.run(AccountOndemandSyncJob.groovy:110)
	at java.util.TimerThread.mainLoop(Timer.java:512)
	at java.util.TimerThread.run(Timer.java:462)
Exception in thread "Timer-9" org.elasticsearch.common.util.concurrent.EsRejectedExecutionException: rejected execution of [org.elasticsearch.action.support.single.shard.TransportShardSingleOperationAction$AsyncSingleAction$1]
	at org.elasticsearch.common.util.concurrent.EsAbortPolicy.rejectedExecution(EsAbortPolicy.java:35)
	at java.util.concurrent.ThreadPoolExecutor.reject(ThreadPoolExecutor.java:767)
	at java.util.concurrent.ThreadPoolExecutor.execute(ThreadPoolExecutor.java:658)
	at org.elasticsearch.action.support.single.shard.TransportShardSingleOperationAction$AsyncSingleAction.perform(TransportShardSingleOperationAction.java:152)
	at org.elasticsearch.action.support.single.shard.TransportShardSingleOperationAction$AsyncSingleAction.start(TransportShardSingleOperationAction.java:124)
	at org.elasticsearch.action.support.single.shard.TransportShardSingleOperationAction.doExecute(TransportShardSingleOperationAction.java:71)
	at org.elasticsearch.action.support.single.shard.TransportShardSingleOperationAction.doExecute(TransportShardSingleOperationAction.java:46)
	at org.elasticsearch.action.support.TransportAction.execute(TransportAction.java:61)
	at org.elasticsearch.client.node.NodeClient.execute(NodeClient.java:92)
	at org.elasticsearch.client.support.AbstractClient.get(AbstractClient.java:179)
	at org.elasticsearch.action.get.GetRequestBuilder.doExecute(GetRequestBuilder.java:112)
	at org.elasticsearch.action.ActionRequestBuilder.execute(ActionRequestBuilder.java:62)
	at org.elasticsearch.action.ActionRequestBuilder.execute(ActionRequestBuilder.java:57)
	at org.elasticsearch.action.ActionRequestBuilder$execute.call(Unknown Source)
	at com.rackspace.search.elasticsearch.client.ElasticSearchClient.getDocument(ElasticSearchClient.groovy:209)
	at com.rackspace.search.elasticsearch.client.ElasticSearchClient$getDocument.call(Unknown Source)
	at com.rackspace.search.service.JobService.getJob(JobService.groovy:56)
	at com.rackspace.search.service.JobService$getJob$0.callCurrent(Unknown Source)
	at com.rackspace.search.service.JobService.getJob(JobService.groovy:52)
	at com.rackspace.search.service.JobService$getJob.call(Unknown Source)
	at com.rackspace.search.service.zendesk.ZendeskUserOngoingSyncJob.setupJob(ZendeskUserOngoingSyncJob.groovy:75)
	at sun.reflect.NativeMethodAccessorImpl.invoke0(Native Method)
	at sun.reflect.NativeMethodAccessorImpl.invoke(NativeMethodAccessorImpl.java:39)
	at sun.reflect.DelegatingMethodAccessorImpl.invoke(DelegatingMethodAccessorImpl.java:25)
	at java.lang.reflect.Method.invoke(Method.java:597)
	at org.codehaus.groovy.reflection.CachedMethod.invoke(CachedMethod.java:90)
	at groovy.lang.MetaMethod.doMethodInvoke(MetaMethod.java:233)
	at groovy.lang.MetaClassImpl.invokeMethod(MetaClassImpl.java:1085)
	at org.codehaus.groovy.runtime.ScriptBytecodeAdapter.invokeMethodOnCurrentN(ScriptBytecodeAdapter.java:78)
	at com.rackspace.search.service.zendesk.ZendeskUserOngoingSyncJob.this$dist$invoke$1(ZendeskUserOngoingSyncJob.groovy)
	at com.rackspace.search.service.zendesk.ZendeskUserOngoingSyncJob$1.methodMissing(ZendeskUserOngoingSyncJob.groovy)
	at sun.reflect.NativeMethodAccessorImpl.invoke0(Native Method)
	at sun.reflect.NativeMethodAccessorImpl.invoke(NativeMethodAccessorImpl.java:39)
	at sun.reflect.DelegatingMethodAccessorImpl.invoke(DelegatingMethodAccessorImpl.java:25)
	at java.lang.reflect.Method.invoke(Method.java:597)
	at org.codehaus.groovy.reflection.CachedMethod.invoke(CachedMethod.java:90)
	at groovy.lang.MetaClassImpl.invokeMissingMethod(MetaClassImpl.java:837)
	at groovy.lang.MetaClassImpl.invokePropertyOrMissing(MetaClassImpl.java:1134)
	at groovy.lang.MetaClassImpl.invokeMethod(MetaClassImpl.java:1087)
	at groovy.lang.MetaClassImpl.invokeMethod(MetaClassImpl.java:909)
	at org.codehaus.groovy.runtime.callsite.PogoMetaClassSite.callCurrent(PogoMetaClassSite.java:66)
	at org.codehaus.groovy.runtime.callsite.CallSiteArray.defaultCallCurrent(CallSiteArray.java:49)
	at org.codehaus.groovy.runtime.callsite.AbstractCallSite.callCurrent(AbstractCallSite.java:133)
	at org.codehaus.groovy.runtime.callsite.AbstractCallSite.callCurrent(AbstractCallSite.java:137)
	at com.rackspace.search.service.zendesk.ZendeskUserOngoingSyncJob$1.run(ZendeskUserOngoingSyncJob.groovy:56)
	at java.util.TimerThread.mainLoop(Timer.java:512)
	at java.util.TimerThread.run(Timer.java:462)
Exception in thread "Timer-8" org.elasticsearch.common.util.concurrent.EsRejectedExecutionException: rejected execution of [org.elasticsearch.action.support.single.shard.TransportShardSingleOperationAction$AsyncSingleAction$1]
	at org.elasticsearch.common.util.concurrent.EsAbortPolicy.rejectedExecution(EsAbortPolicy.java:35)
	at java.util.concurrent.ThreadPoolExecutor.reject(ThreadPoolExecutor.java:767)
	at java.util.concurrent.ThreadPoolExecutor.execute(ThreadPoolExecutor.java:658)
	at org.elasticsearch.action.support.single.shard.TransportShardSingleOperationAction$AsyncSingleAction.perform(TransportShardSingleOperationAction.java:152)
	at org.elasticsearch.action.support.single.shard.TransportShardSingleOperationAction$AsyncSingleAction.start(TransportShardSingleOperationAction.java:124)
	at org.elasticsearch.action.support.single.shard.TransportShardSingleOperationAction.doExecute(TransportShardSingleOperationAction.java:71)
	at org.elasticsearch.action.support.single.shard.TransportShardSingleOperationAction.doExecute(TransportShardSingleOperationAction.java:46)
	at org.elasticsearch.action.support.TransportAction.execute(TransportAction.java:61)
	at org.elasticsearch.client.node.NodeClient.execute(NodeClient.java:92)
	at org.elasticsearch.client.support.AbstractClient.get(AbstractClient.java:179)
	at org.elasticsearch.action.get.GetRequestBuilder.doExecute(GetRequestBuilder.java:112)
	at org.elasticsearch.action.ActionRequestBuilder.execute(ActionRequestBuilder.java:62)
	at org.elasticsearch.action.ActionRequestBuilder.execute(ActionRequestBuilder.java:57)
	at org.elasticsearch.action.ActionRequestBuilder$execute.call(Unknown Source)
	at com.rackspace.search.elasticsearch.client.ElasticSearchClient.getDocument(ElasticSearchClient.groovy:209)
	at com.rackspace.search.elasticsearch.client.ElasticSearchClient$getDocument.call(Unknown Source)
	at com.rackspace.search.service.JobService.getJob(JobService.groovy:56)
	at com.rackspace.search.service.JobService$getJob$0.callCurrent(Unknown Source)
	at com.rackspace.search.service.JobService.getJob(JobService.groovy:52)
	at com.rackspace.search.service.JobService$getJob.call(Unknown Source)
	at com.rackspace.search.service.zendesk.ZendeskGroupOngoingSyncJob.setupJob(ZendeskGroupOngoingSyncJob.groovy:75)
	at sun.reflect.NativeMethodAccessorImpl.invoke0(Native Method)
	at sun.reflect.NativeMethodAccessorImpl.invoke(NativeMethodAccessorImpl.java:39)
	at sun.reflect.DelegatingMethodAccessorImpl.invoke(DelegatingMethodAccessorImpl.java:25)
	at java.lang.reflect.Method.invoke(Method.java:597)
	at org.codehaus.groovy.reflection.CachedMethod.invoke(CachedMethod.java:90)
	at groovy.lang.MetaMethod.doMethodInvoke(MetaMethod.java:233)
	at groovy.lang.MetaClassImpl.invokeMethod(MetaClassImpl.java:1085)
	at org.codehaus.groovy.runtime.ScriptBytecodeAdapter.invokeMethodOnCurrentN(ScriptBytecodeAdapter.java:78)
	at com.rackspace.search.service.zendesk.ZendeskGroupOngoingSyncJob.this$dist$invoke$1(ZendeskGroupOngoingSyncJob.groovy)
	at com.rackspace.search.service.zendesk.ZendeskGroupOngoingSyncJob$1.methodMissing(ZendeskGroupOngoingSyncJob.groovy)
	at sun.reflect.NativeMethodAccessorImpl.invoke0(Native Method)
	at sun.reflect.NativeMethodAccessorImpl.invoke(NativeMethodAccessorImpl.java:39)
	at sun.reflect.DelegatingMethodAccessorImpl.invoke(DelegatingMethodAccessorImpl.java:25)
	at java.lang.reflect.Method.invoke(Method.java:597)
	at org.codehaus.groovy.reflection.CachedMethod.invoke(CachedMethod.java:90)
	at groovy.lang.MetaClassImpl.invokeMissingMethod(MetaClassImpl.java:837)
	at groovy.lang.MetaClassImpl.invokePropertyOrMissing(MetaClassImpl.java:1134)
	at groovy.lang.MetaClassImpl.invokeMethod(MetaClassImpl.java:1087)
	at groovy.lang.MetaClassImpl.invokeMethod(MetaClassImpl.java:909)
	at org.codehaus.groovy.runtime.callsite.PogoMetaClassSite.callCurrent(PogoMetaClassSite.java:66)
	at org.codehaus.groovy.runtime.callsite.CallSiteArray.defaultCallCurrent(CallSiteArray.java:49)
	at org.codehaus.groovy.runtime.callsite.AbstractCallSite.callCurrent(AbstractCallSite.java:133)
	at org.codehaus.groovy.runtime.callsite.AbstractCallSite.callCurrent(AbstractCallSite.java:137)
	at com.rackspace.search.service.zendesk.ZendeskGroupOngoingSyncJob$1.run(ZendeskGroupOngoingSyncJob.groovy:56)
	at java.util.TimerThread.mainLoop(Timer.java:512)
	at java.util.TimerThread.run(Timer.java:462)
Exception in thread "Timer-10" org.elasticsearch.common.util.concurrent.EsRejectedExecutionException: rejected execution of [org.elasticsearch.action.support.single.shard.TransportShardSingleOperationAction$AsyncSingleAction$1]
	at org.elasticsearch.common.util.concurrent.EsAbortPolicy.rejectedExecution(EsAbortPolicy.java:35)
	at java.util.concurrent.ThreadPoolExecutor.reject(ThreadPoolExecutor.java:767)
	at java.util.concurrent.ThreadPoolExecutor.execute(ThreadPoolExecutor.java:658)
	at org.elasticsearch.action.support.single.shard.TransportShardSingleOperationAction$AsyncSingleAction.perform(TransportShardSingleOperationAction.java:152)
	at org.elasticsearch.action.support.single.shard.TransportShardSingleOperationAction$AsyncSingleAction.start(TransportShardSingleOperationAction.java:124)
	at org.elasticsearch.action.support.single.shard.TransportShardSingleOperationAction.doExecute(TransportShardSingleOperationAction.java:71)
	at org.elasticsearch.action.support.single.shard.TransportShardSingleOperationAction.doExecute(TransportShardSingleOperationAction.java:46)
	at org.elasticsearch.action.support.TransportAction.execute(TransportAction.java:61)
	at org.elasticsearch.client.node.NodeClient.execute(NodeClient.java:92)
	at org.elasticsearch.client.support.AbstractClient.get(AbstractClient.java:179)
	at org.elasticsearch.action.get.GetRequestBuilder.doExecute(GetRequestBuilder.java:112)
	at org.elasticsearch.action.ActionRequestBuilder.execute(ActionRequestBuilder.java:62)
	at org.elasticsearch.action.ActionRequestBuilder.execute(ActionRequestBuilder.java:57)
	at org.elasticsearch.action.ActionRequestBuilder$execute.call(Unknown Source)
	at com.rackspace.search.elasticsearch.client.ElasticSearchClient.getDocument(ElasticSearchClient.groovy:209)
	at com.rackspace.search.elasticsearch.client.ElasticSearchClient$getDocument.call(Unknown Source)
	at com.rackspace.search.service.JobService.getJob(JobService.groovy:56)
	at com.rackspace.search.service.JobService$getJob$0.callCurrent(Unknown Source)
	at com.rackspace.search.service.JobService.getJob(JobService.groovy:52)
	at com.rackspace.search.service.JobService$getJob.call(Unknown Source)
	at com.rackspace.search.service.account.CoreAccountUpdateSyncJob.setupJob(CoreAccountUpdateSyncJob.groovy:96)
	at com.rackspace.search.service.account.CoreAccountUpdateSyncJob.this$2$setupJob(CoreAccountUpdateSyncJob.groovy)
	at sun.reflect.NativeMethodAccessorImpl.invoke0(Native Method)
	at sun.reflect.NativeMethodAccessorImpl.invoke(NativeMethodAccessorImpl.java:39)
	at sun.reflect.DelegatingMethodAccessorImpl.invoke(DelegatingMethodAccessorImpl.java:25)
	at java.lang.reflect.Method.invoke(Method.java:597)
	at org.codehaus.groovy.reflection.CachedMethod.invoke(CachedMethod.java:90)
	at groovy.lang.MetaMethod.doMethodInvoke(MetaMethod.java:233)
	at groovy.lang.MetaClassImpl.invokeMethod(MetaClassImpl.java:1085)
	at org.codehaus.groovy.runtime.ScriptBytecodeAdapter.invokeMethodOnCurrentN(ScriptBytecodeAdapter.java:78)
	at com.rackspace.search.service.account.CoreAccountUpdateSyncJob.this$dist$invoke$1(CoreAccountUpdateSyncJob.groovy)
	at com.rackspace.search.service.account.CoreAccountUpdateSyncJob$1.methodMissing(CoreAccountUpdateSyncJob.groovy)
	at sun.reflect.NativeMethodAccessorImpl.invoke0(Native Method)
	at sun.reflect.NativeMethodAccessorImpl.invoke(NativeMethodAccessorImpl.java:39)
	at sun.reflect.DelegatingMethodAccessorImpl.invoke(DelegatingMethodAccessorImpl.java:25)
	at java.lang.reflect.Method.invoke(Method.java:597)
	at org.codehaus.groovy.reflection.CachedMethod.invoke(CachedMethod.java:90)
	at groovy.lang.MetaClassImpl.invokeMissingMethod(MetaClassImpl.java:837)
	at groovy.lang.MetaClassImpl.invokePropertyOrMissing(MetaClassImpl.java:1134)
	at groovy.lang.MetaClassImpl.invokeMethod(MetaClassImpl.java:1087)
	at groovy.lang.MetaClassImpl.invokeMethod(MetaClassImpl.java:909)
	at org.codehaus.groovy.runtime.callsite.PogoMetaClassSite.callCurrent(PogoMetaClassSite.java:66)
	at org.codehaus.groovy.runtime.callsite.CallSiteArray.defaultCallCurrent(CallSiteArray.java:49)
	at org.codehaus.groovy.runtime.callsite.AbstractCallSite.callCurrent(AbstractCallSite.java:133)
	at org.codehaus.groovy.runtime.callsite.AbstractCallSite.callCurrent(AbstractCallSite.java:137)
	at com.rackspace.search.service.account.CoreAccountUpdateSyncJob$1.run(CoreAccountUpdateSyncJob.groovy:78)
	at java.util.TimerThread.mainLoop(Timer.java:512)
	at java.util.TimerThread.run(Timer.java:462)
Exception in thread "Timer-11" org.elasticsearch.common.util.concurrent.EsRejectedExecutionException: rejected execution of [org.elasticsearch.action.support.single.shard.TransportShardSingleOperationAction$AsyncSingleAction$1]
	at org.elasticsearch.common.util.concurrent.EsAbortPolicy.rejectedExecution(EsAbortPolicy.java:35)
	at java.util.concurrent.ThreadPoolExecutor.reject(ThreadPoolExecutor.java:767)
	at java.util.concurrent.ThreadPoolExecutor.execute(ThreadPoolExecutor.java:658)
	at org.elasticsearch.action.support.single.shard.TransportShardSingleOperationAction$AsyncSingleAction.perform(TransportShardSingleOperationAction.java:152)
	at org.elasticsearch.action.support.single.shard.TransportShardSingleOperationAction$AsyncSingleAction.start(TransportShardSingleOperationAction.java:124)
	at org.elasticsearch.action.support.single.shard.TransportShardSingleOperationAction.doExecute(TransportShardSingleOperationAction.java:71)
	at org.elasticsearch.action.support.single.shard.TransportShardSingleOperationAction.doExecute(TransportShardSingleOperationAction.java:46)
	at org.elasticsearch.action.support.TransportAction.execute(TransportAction.java:61)
	at org.elasticsearch.client.node.NodeClient.execute(NodeClient.java:92)
	at org.elasticsearch.client.support.AbstractClient.get(AbstractClient.java:179)
	at org.elasticsearch.action.get.GetRequestBuilder.doExecute(GetRequestBuilder.java:112)
	at org.elasticsearch.action.ActionRequestBuilder.execute(ActionRequestBuilder.java:62)
	at org.elasticsearch.action.ActionRequestBuilder.execute(ActionRequestBuilder.java:57)
	at org.elasticsearch.action.ActionRequestBuilder$execute.call(Unknown Source)
	at com.rackspace.search.elasticsearch.client.ElasticSearchClient.getDocument(ElasticSearchClient.groovy:209)
	at com.rackspace.search.elasticsearch.client.ElasticSearchClient$getDocument.call(Unknown Source)
	at com.rackspace.search.service.JobService.getJob(JobService.groovy:56)
	at com.rackspace.search.service.JobService$getJob$0.callCurrent(Unknown Source)
	at com.rackspace.search.service.JobService.getJob(JobService.groovy:52)
	at com.rackspace.search.service.JobService$getJob.call(Unknown Source)
	at com.rackspace.search.service.account.AccountOngoingSyncJob.setupJob(AccountOngoingSyncJob.groovy:97)
	at sun.reflect.NativeMethodAccessorImpl.invoke0(Native Method)
	at sun.reflect.NativeMethodAccessorImpl.invoke(NativeMethodAccessorImpl.java:39)
	at sun.reflect.DelegatingMethodAccessorImpl.invoke(DelegatingMethodAccessorImpl.java:25)
	at java.lang.reflect.Method.invoke(Method.java:597)
	at org.codehaus.groovy.reflection.CachedMethod.invoke(CachedMethod.java:90)
	at groovy.lang.MetaMethod.doMethodInvoke(MetaMethod.java:233)
	at groovy.lang.MetaClassImpl.invokeMethod(MetaClassImpl.java:1085)
	at org.codehaus.groovy.runtime.ScriptBytecodeAdapter.invokeMethodOnCurrentN(ScriptBytecodeAdapter.java:78)
	at com.rackspace.search.service.account.AccountOngoingSyncJob.this$dist$invoke$1(AccountOngoingSyncJob.groovy)
	at com.rackspace.search.service.account.AccountOngoingSyncJob$1.methodMissing(AccountOngoingSyncJob.groovy)
	at sun.reflect.NativeMethodAccessorImpl.invoke0(Native Method)
	at sun.reflect.NativeMethodAccessorImpl.invoke(NativeMethodAccessorImpl.java:39)
	at sun.reflect.DelegatingMethodAccessorImpl.invoke(DelegatingMethodAccessorImpl.java:25)
	at java.lang.reflect.Method.invoke(Method.java:597)
	at org.codehaus.groovy.reflection.CachedMethod.invoke(CachedMethod.java:90)
	at groovy.lang.MetaClassImpl.invokeMissingMethod(MetaClassImpl.java:837)
	at groovy.lang.MetaClassImpl.invokePropertyOrMissing(MetaClassImpl.java:1134)
	at groovy.lang.MetaClassImpl.invokeMethod(MetaClassImpl.java:1087)
	at groovy.lang.MetaClassImpl.invokeMethod(MetaClassImpl.java:909)
	at org.codehaus.groovy.runtime.callsite.PogoMetaClassSite.callCurrent(PogoMetaClassSite.java:66)
	at org.codehaus.groovy.runtime.callsite.CallSiteArray.defaultCallCurrent(CallSiteArray.java:49)
	at org.codehaus.groovy.runtime.callsite.AbstractCallSite.callCurrent(AbstractCallSite.java:133)
	at org.codehaus.groovy.runtime.callsite.AbstractCallSite.callCurrent(AbstractCallSite.java:137)
	at com.rackspace.search.service.account.AccountOngoingSyncJob$1.run(AccountOngoingSyncJob.groovy:78)
	at java.util.TimerThread.mainLoop(Timer.java:512)
	at java.util.TimerThread.run(Timer.java:462)
	at org.elasticsearch.client.support.AbstractClient.get(AbstractClient.java:179) ~[elasticsearch-0.90.2.jar:na]
	at org.elasticsearch.action.get.GetRequestBuilder.doExecute(GetRequestBuilder.java:112) ~[elasticsearch-0.90.2.jar:na]
	at org.elasticsearch.action.ActionRequestBuilder.execute(ActionRequestBuilder.java:62) ~[elasticsearch-0.90.2.jar:na]
	at org.elasticsearch.action.ActionRequestBuilder.execute(ActionRequestBuilder.java:57) ~[elasticsearch-0.90.2.jar:na]
	at org.elasticsearch.action.ActionRequestBuilder$execute.call(Unknown Source) ~[na:na]
	at com.rackspace.search.elasticsearch.client.ElasticSearchClient.getDocument(ElasticSearchClient.groovy:209) ~[classes/:na]
	at com.rackspace.search.elasticsearch.client.ElasticSearchClient$getDocument.call(Unknown Source) ~[na:na]
	at com.rackspace.search.service.JobService.getJob(JobService.groovy:56) ~[classes/:na]
	at com.rackspace.search.service.JobService$getJob$0.callCurrent(Unknown Source) ~[na:na]
	at com.rackspace.search.service.JobService.getJob(JobService.groovy:52) ~[classes/:na]
	at com.rackspace.search.service.JobService$getJob.call(Unknown Source) ~[na:na]
	at com.rackspace.search.service.admin.AccountOndemandSyncJob.setupJob(AccountOndemandSyncJob.groovy:127) ~[classes/:na]
	at com.rackspace.search.service.admin.AccountOndemandSyncJob.startJob(AccountOndemandSyncJob.groovy:133) ~[classes/:na]
	at com.rackspace.search.scheduling.SyncJobScheduler.startAccountOndemandSyncJob(SyncJobScheduler.java:94) ~[classes/:na]
	at sun.reflect.NativeMethodAccessorImpl.invoke0(Native Method) ~[na:1.6.0_38]
	at sun.reflect.NativeMethodAccessorImpl.invoke(NativeMethodAccessorImpl.java:39) ~[na:1.6.0_38]
	at sun.reflect.DelegatingMethodAccessorImpl.invoke(DelegatingMethodAccessorImpl.java:25) ~[na:1.6.0_38]
	at java.lang.reflect.Method.invoke(Method.java:597) ~[na:1.6.0_38]
	at org.springframework.util.MethodInvoker.invoke(MethodInvoker.java:273) ~[spring-core-3.0.6.RELEASE.jar:3.0.6.RELEASE]
	at org.springframework.scheduling.support.MethodInvokingRunnable.run(MethodInvokingRunnable.java:65) ~[spring-context-3.0.6.RELEASE.jar:3.0.6.RELEASE]
	at org.springframework.scheduling.support.DelegatingErrorHandlingRunnable.run(DelegatingErrorHandlingRunnable.java:51) [spring-context-3.0.6.RELEASE.jar:3.0.6.RELEASE]
	at java.util.concurrent.Executors$RunnableAdapter.call(Executors.java:439) [na:1.6.0_38]
	at java.util.concurrent.FutureTask$Sync.innerRunAndReset(FutureTask.java:317) [na:1.6.0_38]
	at java.util.concurrent.FutureTask.runAndReset(FutureTask.java:150) [na:1.6.0_38]
	at java.util.concurrent.ScheduledThreadPoolExecutor$ScheduledFutureTask.access$101(ScheduledThreadPoolExecutor.java:98) [na:1.6.0_38]
	at java.util.concurrent.ScheduledThreadPoolExecutor$ScheduledFutureTask.runPeriodic(ScheduledThreadPoolExecutor.java:180) [na:1.6.0_38]
	at java.util.concurrent.ScheduledThreadPoolExecutor$ScheduledFutureTask.run(ScheduledThreadPoolExecutor.java:204) [na:1.6.0_38]
	at java.util.concurrent.ThreadPoolExecutor$Worker.runTask(ThreadPoolExecutor.java:886) [na:1.6.0_38]
	at java.util.concurrent.ThreadPoolExecutor$Worker.run(ThreadPoolExecutor.java:908) [na:1.6.0_38]
	at java.lang.Thread.run(Thread.java:662) [na:1.6.0_38]
21:01:56.692 [search-scheduler-10] ERROR o.s.s.support.MethodInvokingRunnable - Invocation of method 'startCoreTicketOngoingSyncJob' on target class [class com.rackspace.search.scheduling.SyncJobScheduler] failed
org.elasticsearch.common.util.concurrent.EsRejectedExecutionException: rejected execution of [org.elasticsearch.action.support.single.shard.TransportShardSingleOperationAction$AsyncSingleAction$1]
	at org.elasticsearch.common.util.concurrent.EsAbortPolicy.rejectedExecution(EsAbortPolicy.java:35) ~[elasticsearch-0.90.2.jar:na]
	at java.util.concurrent.ThreadPoolExecutor.reject(ThreadPoolExecutor.java:767) ~[na:1.6.0_38]
	at java.util.concurrent.ThreadPoolExecutor.execute(ThreadPoolExecutor.java:658) ~[na:1.6.0_38]
	at org.elasticsearch.action.support.single.shard.TransportShardSingleOperationAction$AsyncSingleAction.perform(TransportShardSingleOperationAction.java:152) ~[elasticsearch-0.90.2.jar:na]
	at org.elasticsearch.action.support.single.shard.TransportShardSingleOperationAction$AsyncSingleAction.start(TransportShardSingleOperationAction.java:124) ~[elasticsearch-0.90.2.jar:na]
	at org.elasticsearch.action.support.single.shard.TransportShardSingleOperationAction.doExecute(TransportShardSingleOperationAction.java:71) ~[elasticsearch-0.90.2.jar:na]
	at org.elasticsearch.action.support.single.shard.TransportShardSingleOperationAction.doExecute(TransportShardSingleOperationAction.java:46) ~[elasticsearch-0.90.2.jar:na]
	at org.elasticsearch.action.support.TransportAction.execute(TransportAction.java:61) ~[elasticsearch-0.90.2.jar:na]
	at org.elasticsearch.client.node.NodeClient.execute(NodeClient.java:92) ~[elasticsearch-0.90.2.jar:na]
	at org.elasticsearch.client.support.AbstractClient.get(AbstractClient.java:179) ~[elasticsearch-0.90.2.jar:na]
	at org.elasticsearch.action.get.GetRequestBuilder.doExecute(GetRequestBuilder.java:112) ~[elasticsearch-0.90.2.jar:na]
	at org.elasticsearch.action.ActionRequestBuilder.execute(ActionRequestBuilder.java:62) ~[elasticsearch-0.90.2.jar:na]
	at org.elasticsearch.action.ActionRequestBuilder.execute(ActionRequestBuilder.java:57) ~[elasticsearch-0.90.2.jar:na]
	at org.elasticsearch.action.ActionRequestBuilder$execute.call(Unknown Source) ~[na:na]
	at com.rackspace.search.elasticsearch.client.ElasticSearchClient.getDocument(ElasticSearchClient.groovy:209) ~[classes/:na]
	at com.rackspace.search.elasticsearch.client.ElasticSearchClient$getDocument.call(Unknown Source) ~[na:na]
	at com.rackspace.search.service.JobService.getJob(JobService.groovy:56) ~[classes/:na]
	at com.rackspace.search.service.JobService$getJob$0.callCurrent(Unknown Source) ~[na:na]
	at com.rackspace.search.service.JobService.getJob(JobService.groovy:52) ~[classes/:na]
	at com.rackspace.search.service.JobService$getJob.call(Unknown Source) ~[na:na]
	at com.rackspace.search.service.core.CoreTicketOngoingSyncJob.setupJob(CoreTicketOnGoingSyncJob.groovy:90) ~[classes/:na]
	at com.rackspace.search.service.core.CoreTicketOngoingSyncJob.startJob(CoreTicketOnGoingSyncJob.groovy:115) ~[classes/:na]
	at com.rackspace.search.scheduling.SyncJobScheduler.startCoreTicketOngoingSyncJob(SyncJobScheduler.java:89) ~[classes/:na]
	at sun.reflect.NativeMethodAccessorImpl.invoke0(Native Method) ~[na:1.6.0_38]
	at sun.reflect.NativeMethodAccessorImpl.invoke(NativeMethodAccessorImpl.java:39) ~[na:1.6.0_38]
	at sun.reflect.DelegatingMethodAccessorImpl.invoke(DelegatingMethodAccessorImpl.java:25) ~[na:1.6.0_38]
	at java.lang.reflect.Method.invoke(Method.java:597) ~[na:1.6.0_38]
	at org.springframework.util.MethodInvoker.invoke(MethodInvoker.java:273) ~[spring-core-3.0.6.RELEASE.jar:3.0.6.RELEASE]
	at org.springframework.scheduling.support.MethodInvokingRunnable.run(MethodInvokingRunnable.java:65) ~[spring-context-3.0.6.RELEASE.jar:3.0.6.RELEASE]
	at org.springframework.scheduling.support.DelegatingErrorHandlingRunnable.run(DelegatingErrorHandlingRunnable.java:51) [spring-context-3.0.6.RELEASE.jar:3.0.6.RELEASE]
	at java.util.concurrent.Executors$RunnableAdapter.call(Executors.java:439) [na:1.6.0_38]
	at java.util.concurrent.FutureTask$Sync.innerRunAndReset(FutureTask.java:317) [na:1.6.0_38]
	at java.util.concurrent.FutureTask.runAndReset(FutureTask.java:150) [na:1.6.0_38]
	at java.util.concurrent.ScheduledThreadPoolExecutor$ScheduledFutureTask.access$101(ScheduledThreadPoolExecutor.java:98) [na:1.6.0_38]
	at java.util.concurrent.ScheduledThreadPoolExecutor$ScheduledFutureTask.runPeriodic(ScheduledThreadPoolExecutor.java:180) [na:1.6.0_38]
	at java.util.concurrent.ScheduledThreadPoolExecutor$ScheduledFutureTask.run(ScheduledThreadPoolExecutor.java:204) [na:1.6.0_38]
	at java.util.concurrent.ThreadPoolExecutor$Worker.runTask(ThreadPoolExecutor.java:886) [na:1.6.0_38]
	at java.util.concurrent.ThreadPoolExecutor$Worker.run(ThreadPoolExecutor.java:908) [na:1.6.0_38]
	at java.lang.Thread.run(Thread.java:662) [na:1.6.0_38]
21:01:56.696 [search-scheduler-4] ERROR o.s.s.support.MethodInvokingRunnable - Invocation of method 'startCoreTicketOndemandSyncJob' on target class [class com.rackspace.search.scheduling.SyncJobScheduler] failed
org.elasticsearch.common.util.concurrent.EsRejectedExecutionException: rejected execution of [org.elasticsearch.action.support.single.shard.TransportShardSingleOperationAction$AsyncSingleAction$1]
	at org.elasticsearch.common.util.concurrent.EsAbortPolicy.rejectedExecution(EsAbortPolicy.java:35) ~[elasticsearch-0.90.2.jar:na]
	at java.util.concurrent.ThreadPoolExecutor.reject(ThreadPoolExecutor.java:767) ~[na:1.6.0_38]
	at java.util.concurrent.ThreadPoolExecutor.execute(ThreadPoolExecutor.java:658) ~[na:1.6.0_38]
	at org.elasticsearch.action.support.single.shard.TransportShardSingleOperationAction$AsyncSingleAction.perform(TransportShardSingleOperationAction.java:152) ~[elasticsearch-0.90.2.jar:na]
	at org.elasticsearch.action.support.single.shard.TransportShardSingleOperationAction$AsyncSingleAction.start(TransportShardSingleOperationAction.java:124) ~[elasticsearch-0.90.2.jar:na]
	at org.elasticsearch.action.support.single.shard.TransportShardSingleOperationAction.doExecute(TransportShardSingleOperationAction.java:71) ~[elasticsearch-0.90.2.jar:na]
	at org.elasticsearch.action.support.single.shard.TransportShardSingleOperationAction.doExecute(TransportShardSingleOperationAction.java:46) ~[elasticsearch-0.90.2.jar:na]
	at org.elasticsearch.action.support.TransportAction.execute(TransportAction.java:61) ~[elasticsearch-0.90.2.jar:na]
	at org.elasticsearch.client.node.NodeClient.execute(NodeClient.java:92) ~[elasticsearch-0.90.2.jar:na]
	at org.elasticsearch.client.support.AbstractClient.get(AbstractClient.java:179) ~[elasticsearch-0.90.2.jar:na]
	at org.elasticsearch.action.get.GetRequestBuilder.doExecute(GetRequestBuilder.java:112) ~[elasticsearch-0.90.2.jar:na]
	at org.elasticsearch.action.ActionRequestBuilder.execute(ActionRequestBuilder.java:62) ~[elasticsearch-0.90.2.jar:na]
	at org.elasticsearch.action.ActionRequestBuilder.execute(ActionRequestBuilder.java:57) ~[elasticsearch-0.90.2.jar:na]
	at org.elasticsearch.action.ActionRequestBuilder$execute.call(Unknown Source) ~[na:na]
	at com.rackspace.search.elasticsearch.client.ElasticSearchClient.getDocument(ElasticSearchClient.groovy:209) ~[classes/:na]
	at com.rackspace.search.elasticsearch.client.ElasticSearchClient$getDocument.call(Unknown Source) ~[na:na]
	at com.rackspace.search.service.JobService.getJob(JobService.groovy:56) ~[classes/:na]
	at com.rackspace.search.service.JobService$getJob$0.callCurrent(Unknown Source) ~[na:na]
	at com.rackspace.search.service.JobService.getJob(JobService.groovy:52) ~[classes/:na]
	at com.rackspace.search.service.JobService$getJob.call(Unknown Source) ~[na:na]
	at com.rackspace.search.service.admin.CoreTicketOndemandSyncJob.setupJob(CoreTicketOndemandSyncJob.groovy:99) ~[classes/:na]
	at com.rackspace.search.service.admin.CoreTicketOndemandSyncJob.startJob(CoreTicketOndemandSyncJob.groovy:105) ~[classes/:na]
	at com.rackspace.search.scheduling.SyncJobScheduler.startCoreTicketOndemandSyncJob(SyncJobScheduler.java:74) ~[classes/:na]
	at sun.reflect.NativeMethodAccessorImpl.invoke0(Native Method) ~[na:1.6.0_38]
	at sun.reflect.NativeMethodAccessorImpl.invoke(NativeMethodAccessorImpl.java:39) ~[na:1.6.0_38]
	at sun.reflect.DelegatingMethodAccessorImpl.invoke(DelegatingMethodAccessorImpl.java:25) ~[na:1.6.0_38]
	at java.lang.reflect.Method.invoke(Method.java:597) ~[na:1.6.0_38]
	at org.springframework.util.MethodInvoker.invoke(MethodInvoker.java:273) ~[spring-core-3.0.6.RELEASE.jar:3.0.6.RELEASE]
	at org.springframework.scheduling.support.MethodInvokingRunnable.run(MethodInvokingRunnable.java:65) ~[spring-context-3.0.6.RELEASE.jar:3.0.6.RELEASE]
	at org.springframework.scheduling.support.DelegatingErrorHandlingRunnable.run(DelegatingErrorHandlingRunnable.java:51) [spring-context-3.0.6.RELEASE.jar:3.0.6.RELEASE]
	at java.util.concurrent.Executors$RunnableAdapter.call(Executors.java:439) [na:1.6.0_38]
	at java.util.concurrent.FutureTask$Sync.innerRunAndReset(FutureTask.java:317) [na:1.6.0_38]
	at java.util.concurrent.FutureTask.runAndReset(FutureTask.java:150) [na:1.6.0_38]
	at java.util.concurrent.ScheduledThreadPoolExecutor$ScheduledFutureTask.access$101(ScheduledThreadPoolExecutor.java:98) [na:1.6.0_38]
	at java.util.concurrent.ScheduledThreadPoolExecutor$ScheduledFutureTask.runPeriodic(ScheduledThreadPoolExecutor.java:180) [na:1.6.0_38]
	at java.util.concurrent.ScheduledThreadPoolExecutor$ScheduledFutureTask.run(ScheduledThreadPoolExecutor.java:204) [na:1.6.0_38]
	at java.util.concurrent.ThreadPoolExecutor$Worker.runTask(ThreadPoolExecutor.java:886) [na:1.6.0_38]
	at java.util.concurrent.ThreadPoolExecutor$Worker.run(ThreadPoolExecutor.java:908) [na:1.6.0_38]
	at java.lang.Thread.run(Thread.java:662) [na:1.6.0_38]
21:01:56.702 [search-scheduler-8] ERROR o.s.s.support.MethodInvokingRunnable - Invocation of method 'startCoreTicketSecondPassSyncJob' on target class [class com.rackspace.search.scheduling.SyncJobScheduler] failed
org.elasticsearch.common.util.concurrent.EsRejectedExecutionException: rejected execution of [org.elasticsearch.action.support.single.shard.TransportShardSingleOperationAction$AsyncSingleAction$1]
	at org.elasticsearch.common.util.concurrent.EsAbortPolicy.rejectedExecution(EsAbortPolicy.java:35) ~[elasticsearch-0.90.2.jar:na]
	at java.util.concurrent.ThreadPoolExecutor.reject(ThreadPoolExecutor.java:767) ~[na:1.6.0_38]
	at java.util.concurrent.ThreadPoolExecutor.execute(ThreadPoolExecutor.java:658) ~[na:1.6.0_38]
	at org.elasticsearch.action.support.single.shard.TransportShardSingleOperationAction$AsyncSingleAction.perform(TransportShardSingleOperationAction.java:152) ~[elasticsearch-0.90.2.jar:na]
	at org.elasticsearch.action.support.single.shard.TransportShardSingleOperationAction$AsyncSingleAction.start(TransportShardSingleOperationAction.java:124) ~[elasticsearch-0.90.2.jar:na]
	at org.elasticsearch.action.support.single.shard.TransportShardSingleOperationAction.doExecute(TransportShardSingleOperationAction.java:71) ~[elasticsearch-0.90.2.jar:na]
	at org.elasticsearch.action.support.single.shard.TransportShardSingleOperationAction.doExecute(TransportShardSingleOperationAction.java:46) ~[elasticsearch-0.90.2.jar:na]
	at org.elasticsearch.action.support.TransportAction.execute(TransportAction.java:61) ~[elasticsearch-0.90.2.jar:na]
	at org.elasticsearch.client.node.NodeClient.execute(NodeClient.java:92) ~[elasticsearch-0.90.2.jar:na]
	at org.elasticsearch.client.support.AbstractClient.get(AbstractClient.java:179) ~[elasticsearch-0.90.2.jar:na]
	at org.elasticsearch.action.get.GetRequestBuilder.doExecute(GetRequestBuilder.java:112) ~[elasticsearch-0.90.2.jar:na]
	at org.elasticsearch.action.ActionRequestBuilder.execute(ActionRequestBuilder.java:62) ~[elasticsearch-0.90.2.jar:na]
	at org.elasticsearch.action.ActionRequestBuilder.execute(ActionRequestBuilder.java:57) ~[elasticsearch-0.90.2.jar:na]
	at org.elasticsearch.action.ActionRequestBuilder$execute.call(Unknown Source) ~[na:na]
	at com.rackspace.search.elasticsearch.client.ElasticSearchClient.getDocument(ElasticSearchClient.groovy:209) ~[classes/:na]
	at com.rackspace.search.elasticsearch.client.ElasticSearchClient$getDocument.call(Unknown Source) ~[na:na]
	at com.rackspace.search.service.JobService.getJob(JobService.groovy:56) ~[classes/:na]
	at com.rackspace.search.service.JobService$getJob$0.callCurrent(Unknown Source) ~[na:na]
	at com.rackspace.search.service.JobService.getJob(JobService.groovy:52) ~[classes/:na]
	at com.rackspace.search.service.JobService$getJob.call(Unknown Source) ~[na:na]
	at org.codehaus.groovy.runtime.callsite.CallSiteArray.defaultCall(CallSiteArray.java:45) ~[groovy-all-2.1.1.jar:2.1.1]
	at org.codehaus.groovy.runtime.callsite.AbstractCallSite.call(AbstractCallSite.java:108) ~[groovy-all-2.1.1.jar:2.1.1]
	at org.codehaus.groovy.runtime.callsite.AbstractCallSite.call(AbstractCallSite.java:116) ~[groovy-all-2.1.1.jar:2.1.1]
	at com.rackspace.search.service.core.CoreTicketSecondPassSyncJob.setupJob(CoreTicketSecondPassSyncJob.groovy:91) ~[classes/:na]
	at com.rackspace.search.service.core.CoreTicketSecondPassSyncJob.startJob(CoreTicketSecondPassSyncJob.groovy:102) ~[classes/:na]
	at com.rackspace.search.scheduling.SyncJobScheduler.startCoreTicketSecondPassSyncJob(SyncJobScheduler.java:79) ~[classes/:na]
	at sun.reflect.NativeMethodAccessorImpl.invoke0(Native Method) ~[na:1.6.0_38]
	at sun.reflect.NativeMethodAccessorImpl.invoke(NativeMethodAccessorImpl.java:39) ~[na:1.6.0_38]
	at sun.reflect.DelegatingMethodAccessorImpl.invoke(DelegatingMethodAccessorImpl.java:25) ~[na:1.6.0_38]
	at java.lang.reflect.Method.invoke(Method.java:597) ~[na:1.6.0_38]
	at org.springframework.util.MethodInvoker.invoke(MethodInvoker.java:273) ~[spring-core-3.0.6.RELEASE.jar:3.0.6.RELEASE]
	at org.springframework.scheduling.support.MethodInvokingRunnable.run(MethodInvokingRunnable.java:65) ~[spring-context-3.0.6.RELEASE.jar:3.0.6.RELEASE]
	at org.springframework.scheduling.support.DelegatingErrorHandlingRunnable.run(DelegatingErrorHandlingRunnable.java:51) [spring-context-3.0.6.RELEASE.jar:3.0.6.RELEASE]
	at java.util.concurrent.Executors$RunnableAdapter.call(Executors.java:439) [na:1.6.0_38]
	at java.util.concurrent.FutureTask$Sync.innerRunAndReset(FutureTask.java:317) [na:1.6.0_38]
	at java.util.concurrent.FutureTask.runAndReset(FutureTask.java:150) [na:1.6.0_38]
	at java.util.concurrent.ScheduledThreadPoolExecutor$ScheduledFutureTask.access$101(ScheduledThreadPoolExecutor.java:98) [na:1.6.0_38]
	at java.util.concurrent.ScheduledThreadPoolExecutor$ScheduledFutureTask.runPeriodic(ScheduledThreadPoolExecutor.java:180) [na:1.6.0_38]
	at java.util.concurrent.ScheduledThreadPoolExecutor$ScheduledFutureTask.run(ScheduledThreadPoolExecutor.java:204) [na:1.6.0_38]
	at java.util.concurrent.ThreadPoolExecutor$Worker.runTask(ThreadPoolExecutor.java:886) [na:1.6.0_38]
	at java.util.concurrent.ThreadPoolExecutor$Worker.run(ThreadPoolExecutor.java:908) [na:1.6.0_38]
	at java.lang.Thread.run(Thread.java:662) [na:1.6.0_38]
21:01:56.706 [search-scheduler-1] ERROR o.s.s.support.MethodInvokingRunnable - Invocation of method 'startZendeskTicketOndemandSyncJob' on target class [class com.rackspace.search.scheduling.SyncJobScheduler] failed
org.elasticsearch.common.util.concurrent.EsRejectedExecutionException: rejected execution of [org.elasticsearch.action.support.single.shard.TransportShardSingleOperationAction$AsyncSingleAction$1]
	at org.elasticsearch.common.util.concurrent.EsAbortPolicy.rejectedExecution(EsAbortPolicy.java:35) ~[elasticsearch-0.90.2.jar:na]
	at java.util.concurrent.ThreadPoolExecutor.reject(ThreadPoolExecutor.java:767) ~[na:1.6.0_38]
	at java.util.concurrent.ThreadPoolExecutor.execute(ThreadPoolExecutor.java:658) ~[na:1.6.0_38]
	at org.elasticsearch.action.support.single.shard.TransportShardSingleOperationAction$AsyncSingleAction.perform(TransportShardSingleOperationAction.java:152) ~[elasticsearch-0.90.2.jar:na]
	at org.elasticsearch.action.support.single.shard.TransportShardSingleOperationAction$AsyncSingleAction.start(TransportShardSingleOperationAction.java:124) ~[elasticsearch-0.90.2.jar:na]
	at org.elasticsearch.action.support.single.shard.TransportShardSingleOperationAction.doExecute(TransportShardSingleOperationAction.java:71) ~[elasticsearch-0.90.2.jar:na]
	at org.elasticsearch.action.support.single.shard.TransportShardSingleOperationAction.doExecute(TransportShardSingleOperationAction.java:46) ~[elasticsearch-0.90.2.jar:na]
	at org.elasticsearch.action.support.TransportAction.execute(TransportAction.java:61) ~[elasticsearch-0.90.2.jar:na]
	at org.elasticsearch.client.node.NodeClient.execute(NodeClient.java:92) ~[elasticsearch-0.90.2.jar:na]
	at org.elasticsearch.client.support.AbstractClient.get(AbstractClient.java:179) ~[elasticsearch-0.90.2.jar:na]
	at org.elasticsearch.action.get.GetRequestBuilder.doExecute(GetRequestBuilder.java:112) ~[elasticsearch-0.90.2.jar:na]
	at org.elasticsearch.action.ActionRequestBuilder.execute(ActionRequestBuilder.java:62) ~[elasticsearch-0.90.2.jar:na]
	at org.elasticsearch.action.ActionRequestBuilder.execute(ActionRequestBuilder.java:57) ~[elasticsearch-0.90.2.jar:na]
	at org.elasticsearch.action.ActionRequestBuilder$execute.call(Unknown Source) ~[na:na]
	at com.rackspace.search.elasticsearch.client.ElasticSearchClient.getDocument(ElasticSearchClient.groovy:209) ~[classes/:na]
	at com.rackspace.search.elasticsearch.client.ElasticSearchClient$getDocument.call(Unknown Source) ~[na:na]
	at com.rackspace.search.service.JobService.getJob(JobService.groovy:56) ~[classes/:na]
	at com.rackspace.search.service.JobService$getJob$0.callCurrent(Unknown Source) ~[na:na]
	at com.rackspace.search.service.JobService.getJob(JobService.groovy:52) ~[classes/:na]
	at com.rackspace.search.service.JobService$getJob.call(Unknown Source) ~[na:na]
	at com.rackspace.search.service.admin.ZendeskTicketOndemandSyncJob.setupJob(ZendeskTicketOndemandSyncJob.groovy:90) ~[classes/:na]
	at com.rackspace.search.service.admin.ZendeskTicketOndemandSyncJob.startJob(ZendeskTicketOndemandSyncJob.groovy:96) ~[classes/:na]
	at com.rackspace.search.scheduling.SyncJobScheduler.startZendeskTicketOndemandSyncJob(SyncJobScheduler.java:114) ~[classes/:na]
	at sun.reflect.NativeMethodAccessorImpl.invoke0(Native Method) ~[na:1.6.0_38]
	at sun.reflect.NativeMethodAccessorImpl.invoke(NativeMethodAccessorImpl.java:39) ~[na:1.6.0_38]
	at sun.reflect.DelegatingMethodAccessorImpl.invoke(DelegatingMethodAccessorImpl.java:25) ~[na:1.6.0_38]
	at java.lang.reflect.Method.invoke(Method.java:597) ~[na:1.6.0_38]
	at org.springframework.util.MethodInvoker.invoke(MethodInvoker.java:273) ~[spring-core-3.0.6.RELEASE.jar:3.0.6.RELEASE]
	at org.springframework.scheduling.support.MethodInvokingRunnable.run(MethodInvokingRunnable.java:65) ~[spring-context-3.0.6.RELEASE.jar:3.0.6.RELEASE]
	at org.springframework.scheduling.support.DelegatingErrorHandlingRunnable.run(DelegatingErrorHandlingRunnable.java:51) [spring-context-3.0.6.RELEASE.jar:3.0.6.RELEASE]
	at java.util.concurrent.Executors$RunnableAdapter.call(Executors.java:439) [na:1.6.0_38]
	at java.util.concurrent.FutureTask$Sync.innerRunAndReset(FutureTask.java:317) [na:1.6.0_38]
	at java.util.concurrent.FutureTask.runAndReset(FutureTask.java:150) [na:1.6.0_38]
	at java.util.concurrent.ScheduledThreadPoolExecutor$ScheduledFutureTask.access$101(ScheduledThreadPoolExecutor.java:98) [na:1.6.0_38]
	at java.util.concurrent.ScheduledThreadPoolExecutor$ScheduledFutureTask.runPeriodic(ScheduledThreadPoolExecutor.java:180) [na:1.6.0_38]
	at java.util.concurrent.ScheduledThreadPoolExecutor$ScheduledFutureTask.run(ScheduledThreadPoolExecutor.java:204) [na:1.6.0_38]
	at java.util.concurrent.ThreadPoolExecutor$Worker.runTask(ThreadPoolExecutor.java:886) [na:1.6.0_38]
	at java.util.concurrent.ThreadPoolExecutor$Worker.run(ThreadPoolExecutor.java:908) [na:1.6.0_38]
	at java.lang.Thread.run(Thread.java:662) [na:1.6.0_38]
21:01:56.711 [search-scheduler-2] ERROR o.s.s.support.MethodInvokingRunnable - Invocation of method 'startAccountOngoingSyncJob' on target class [class com.rackspace.search.scheduling.SyncJobScheduler] failed
org.elasticsearch.common.util.concurrent.EsRejectedExecutionException: rejected execution of [org.elasticsearch.action.support.single.shard.TransportShardSingleOperationAction$AsyncSingleAction$1]
	at org.elasticsearch.common.util.concurrent.EsAbortPolicy.rejectedExecution(EsAbortPolicy.java:35) ~[elasticsearch-0.90.2.jar:na]
	at java.util.concurrent.ThreadPoolExecutor.reject(ThreadPoolExecutor.java:767) ~[na:1.6.0_38]
	at java.util.concurrent.ThreadPoolExecutor.execute(ThreadPoolExecutor.java:658) ~[na:1.6.0_38]
	at org.elasticsearch.action.support.single.shard.TransportShardSingleOperationAction$AsyncSingleAction.perform(TransportShardSingleOperationAction.java:152) ~[elasticsearch-0.90.2.jar:na]
	at org.elasticsearch.action.support.single.shard.TransportShardSingleOperationAction$AsyncSingleAction.start(TransportShardSingleOperationAction.java:124) ~[elasticsearch-0.90.2.jar:na]
	at org.elasticsearch.action.support.single.shard.TransportShardSingleOperationAction.doExecute(TransportShardSingleOperationAction.java:71) ~[elasticsearch-0.90.2.jar:na]
	at org.elasticsearch.action.support.single.shard.TransportShardSingleOperationAction.doExecute(TransportShardSingleOperationAction.java:46) ~[elasticsearch-0.90.2.jar:na]
	at org.elasticsearch.action.support.TransportAction.execute(TransportAction.java:61) ~[elasticsearch-0.90.2.jar:na]
	at org.elasticsearch.client.node.NodeClient.execute(NodeClient.java:92) ~[elasticsearch-0.90.2.jar:na]
	at org.elasticsearch.client.support.AbstractClient.get(AbstractClient.java:179) ~[elasticsearch-0.90.2.jar:na]
	at org.elasticsearch.action.get.GetRequestBuilder.doExecute(GetRequestBuilder.java:112) ~[elasticsearch-0.90.2.jar:na]
	at org.elasticsearch.action.ActionRequestBuilder.execute(ActionRequestBuilder.java:62) ~[elasticsearch-0.90.2.jar:na]
	at org.elasticsearch.action.ActionRequestBuilder.execute(ActionRequestBuilder.java:57) ~[elasticsearch-0.90.2.jar:na]
	at org.elasticsearch.action.ActionRequestBuilder$execute.call(Unknown Source) ~[na:na]
	at com.rackspace.search.elasticsearch.client.ElasticSearchClient.getDocument(ElasticSearchClient.groovy:209) ~[classes/:na]
[JENKINS] Recording test results	at com.rackspace.search.elasticsearch.client.ElasticSearchClient$getDocument.call(Unknown Source) ~[na:na]
	at com.rackspace.search.service.JobService.getJob(JobService.groovy:56) ~[classes/:na]
	at com.rackspace.search.service.JobService$getJob$0.callCurrent(Unknown Source) ~[na:na]
	at com.rackspace.search.service.JobService.getJob(JobService.groovy:52) ~[classes/:na]
	at com.rackspace.search.service.JobService$getJob.call(Unknown Source) ~[na:na]
	at com.rackspace.search.service.account.AccountOngoingSyncJob.setupJob(AccountOngoingSyncJob.groovy:97) ~[classes/:na]
	at com.rackspace.search.service.account.AccountOngoingSyncJob.startJob(AccountOngoingSyncJob.groovy:132) ~[classes/:na]
	at com.rackspace.search.scheduling.SyncJobScheduler.startAccountOngoingSyncJob(SyncJobScheduler.java:84) ~[classes/:na]
	at sun.reflect.NativeMethodAccessorImpl.invoke0(Native Method) ~[na:1.6.0_38]
	at sun.reflect.NativeMethodAccessorImpl.invoke(NativeMethodAccessorImpl.java:39) ~[na:1.6.0_38]
	at sun.reflect.DelegatingMethodAccessorImpl.invoke(DelegatingMethodAccessorImpl.java:25) ~[na:1.6.0_38]
	at java.lang.reflect.Method.invoke(Method.java:597) ~[na:1.6.0_38]
	at org.springframework.util.MethodInvoker.invoke(MethodInvoker.java:273) ~[spring-core-3.0.6.RELEASE.jar:3.0.6.RELEASE]
	at org.springframework.scheduling.support.MethodInvokingRunnable.run(MethodInvokingRunnable.java:65) ~[spring-context-3.0.6.RELEASE.jar:3.0.6.RELEASE]
	at org.springframework.scheduling.support.DelegatingErrorHandlingRunnable.run(DelegatingErrorHandlingRunnable.java:51) [spring-context-3.0.6.RELEASE.jar:3.0.6.RELEASE]
	at java.util.concurrent.Executors$RunnableAdapter.call(Executors.java:439) [na:1.6.0_38]
	at java.util.concurrent.FutureTask$Sync.innerRunAndReset(FutureTask.java:317) [na:1.6.0_38]
	at java.util.concurrent.FutureTask.runAndReset(FutureTask.java:150) [na:1.6.0_38]
	at java.util.concurrent.ScheduledThreadPoolExecutor$ScheduledFutureTask.access$101(ScheduledThreadPoolExecutor.java:98) [na:1.6.0_38]
	at java.util.concurrent.ScheduledThreadPoolExecutor$ScheduledFutureTask.runPeriodic(ScheduledThreadPoolExecutor.java:180) [na:1.6.0_38]
	at java.util.concurrent.ScheduledThreadPoolExecutor$ScheduledFutureTask.run(ScheduledThreadPoolExecutor.java:204) [na:1.6.0_38]
	at java.util.concurrent.ThreadPoolExecutor$Worker.runTask(ThreadPoolExecutor.java:886) [na:1.6.0_38]
	at java.util.concurrent.ThreadPoolExecutor$Worker.run(ThreadPoolExecutor.java:908) [na:1.6.0_38]
	at java.lang.Thread.run(Thread.java:662) [na:1.6.0_38]
21:01:56.715 [search-scheduler-3] ERROR o.s.s.support.MethodInvokingRunnable - Invocation of method 'startZendeskTicketOngoingSyncJob' on target class [class com.rackspace.search.scheduling.SyncJobScheduler] failed
org.elasticsearch.common.util.concurrent.EsRejectedExecutionException: rejected execution of [org.elasticsearch.action.support.single.shard.TransportShardSingleOperationAction$AsyncSingleAction$1]
	at org.elasticsearch.common.util.concurrent.EsAbortPolicy.rejectedExecution(EsAbortPolicy.java:35) ~[elasticsearch-0.90.2.jar:na]
	at java.util.concurrent.ThreadPoolExecutor.reject(ThreadPoolExecutor.java:767) ~[na:1.6.0_38]
	at java.util.concurrent.ThreadPoolExecutor.execute(ThreadPoolExecutor.java:658) ~[na:1.6.0_38]
	at org.elasticsearch.action.support.single.shard.TransportShardSingleOperationAction$AsyncSingleAction.perform(TransportShardSingleOperationAction.java:152) ~[elasticsearch-0.90.2.jar:na]
	at org.elasticsearch.action.support.single.shard.TransportShardSingleOperationAction$AsyncSingleAction.start(TransportShardSingleOperationAction.java:124) ~[elasticsearch-0.90.2.jar:na]
	at org.elasticsearch.action.support.single.shard.TransportShardSingleOperationAction.doExecute(TransportShardSingleOperationAction.java:71) ~[elasticsearch-0.90.2.jar:na]
	at org.elasticsearch.action.support.single.shard.TransportShardSingleOperationAction.doExecute(TransportShardSingleOperationAction.java:46) ~[elasticsearch-0.90.2.jar:na]
	at org.elasticsearch.action.support.TransportAction.execute(TransportAction.java:61) ~[elasticsearch-0.90.2.jar:na]
	at org.elasticsearch.client.node.NodeClient.execute(NodeClient.java:92) ~[elasticsearch-0.90.2.jar:na]
	at org.elasticsearch.client.support.AbstractClient.get(AbstractClient.java:179) ~[elasticsearch-0.90.2.jar:na]
	at org.elasticsearch.action.get.GetRequestBuilder.doExecute(GetRequestBuilder.java:112) ~[elasticsearch-0.90.2.jar:na]
	at org.elasticsearch.action.ActionRequestBuilder.execute(ActionRequestBuilder.java:62) ~[elasticsearch-0.90.2.jar:na]
	at org.elasticsearch.action.ActionRequestBuilder.execute(ActionRequestBuilder.java:57) ~[elasticsearch-0.90.2.jar:na]
	at org.elasticsearch.action.ActionRequestBuilder$execute.call(Unknown Source) ~[na:na]
	at com.rackspace.search.elasticsearch.client.ElasticSearchClient.getDocument(ElasticSearchClient.groovy:209) ~[classes/:na]
	at com.rackspace.search.elasticsearch.client.ElasticSearchClient$getDocument.call(Unknown Source) ~[na:na]
	at com.rackspace.search.service.JobService.getJob(JobService.groovy:56) ~[classes/:na]
	at com.rackspace.search.service.JobService$getJob$0.callCurrent(Unknown Source) ~[na:na]
	at com.rackspace.search.service.JobService.getJob(JobService.groovy:52) ~[classes/:na]
	at com.rackspace.search.service.JobService$getJob.call(Unknown Source) ~[na:na]
	at com.rackspace.search.service.zendesk.ZendeskTicketOngoingSyncJob.setupJob(ZendeskTicketOngoingSyncJob.groovy:79) ~[classes/:na]
	at com.rackspace.search.service.zendesk.ZendeskTicketOngoingSyncJob.startJob(ZendeskTicketOngoingSyncJob.groovy:99) ~[classes/:na]
	at com.rackspace.search.scheduling.SyncJobScheduler.startZendeskTicketOngoingSyncJob(SyncJobScheduler.java:99) ~[classes/:na]
	at sun.reflect.NativeMethodAccessorImpl.invoke0(Native Method) ~[na:1.6.0_38]
	at sun.reflect.NativeMethodAccessorImpl.invoke(NativeMethodAccessorImpl.java:39) ~[na:1.6.0_38]
	at sun.reflect.DelegatingMethodAccessorImpl.invoke(DelegatingMethodAccessorImpl.java:25) ~[na:1.6.0_38]
	at java.lang.reflect.Method.invoke(Method.java:597) ~[na:1.6.0_38]
	at org.springframework.util.MethodInvoker.invoke(MethodInvoker.java:273) ~[spring-core-3.0.6.RELEASE.jar:3.0.6.RELEASE]
	at org.springframework.scheduling.support.MethodInvokingRunnable.run(MethodInvokingRunnable.java:65) ~[spring-context-3.0.6.RELEASE.jar:3.0.6.RELEASE]
	at org.springframework.scheduling.support.DelegatingErrorHandlingRunnable.run(DelegatingErrorHandlingRunnable.java:51) [spring-context-3.0.6.RELEASE.jar:3.0.6.RELEASE]
	at java.util.concurrent.Executors$RunnableAdapter.call(Executors.java:439) [na:1.6.0_38]
	at java.util.concurrent.FutureTask$Sync.innerRunAndReset(FutureTask.java:317) [na:1.6.0_38]
	at java.util.concurrent.FutureTask.runAndReset(FutureTask.java:150) [na:1.6.0_38]
	at java.util.concurrent.ScheduledThreadPoolExecutor$ScheduledFutureTask.access$101(ScheduledThreadPoolExecutor.java:98) [na:1.6.0_38]
	at java.util.concurrent.ScheduledThreadPoolExecutor$ScheduledFutureTask.runPeriodic(ScheduledThreadPoolExecutor.java:180) [na:1.6.0_38]
	at java.util.concurrent.ScheduledThreadPoolExecutor$ScheduledFutureTask.run(ScheduledThreadPoolExecutor.java:204) [na:1.6.0_38]
	at java.util.concurrent.ThreadPoolExecutor$Worker.runTask(ThreadPoolExecutor.java:886) [na:1.6.0_38]
	at java.util.concurrent.ThreadPoolExecutor$Worker.run(ThreadPoolExecutor.java:908) [na:1.6.0_38]
	at java.lang.Thread.run(Thread.java:662) [na:1.6.0_38]
21:01:56.718 [search-scheduler-6] ERROR o.s.s.support.MethodInvokingRunnable - Invocation of method 'startZendeskGroupOngoingSyncJob' on target class [class com.rackspace.search.scheduling.SyncJobScheduler] failed
org.elasticsearch.common.util.concurrent.EsRejectedExecutionException: rejected execution of [org.elasticsearch.action.support.single.shard.TransportShardSingleOperationAction$AsyncSingleAction$1]
	at org.elasticsearch.common.util.concurrent.EsAbortPolicy.rejectedExecution(EsAbortPolicy.java:35) ~[elasticsearch-0.90.2.jar:na]
	at java.util.concurrent.ThreadPoolExecutor.reject(ThreadPoolExecutor.java:767) ~[na:1.6.0_38]
	at java.util.concurrent.ThreadPoolExecutor.execute(ThreadPoolExecutor.java:658) ~[na:1.6.0_38]
	at org.elasticsearch.action.support.single.shard.TransportShardSingleOperationAction$AsyncSingleAction.perform(TransportShardSingleOperationAction.java:152) ~[elasticsearch-0.90.2.jar:na]
	at org.elasticsearch.action.support.single.shard.TransportShardSingleOperationAction$AsyncSingleAction.start(TransportShardSingleOperationAction.java:124) ~[elasticsearch-0.90.2.jar:na]
	at org.elasticsearch.action.support.single.shard.TransportShardSingleOperationAction.doExecute(TransportShardSingleOperationAction.java:71) ~[elasticsearch-0.90.2.jar:na]
	at org.elasticsearch.action.support.single.shard.TransportShardSingleOperationAction.doExecute(TransportShardSingleOperationAction.java:46) ~[elasticsearch-0.90.2.jar:na]
	at org.elasticsearch.action.support.TransportAction.execute(TransportAction.java:61) ~[elasticsearch-0.90.2.jar:na]
	at org.elasticsearch.client.node.NodeClient.execute(NodeClient.java:92) ~[elasticsearch-0.90.2.jar:na]
	at org.elasticsearch.client.support.AbstractClient.get(AbstractClient.java:179) ~[elasticsearch-0.90.2.jar:na]
	at org.elasticsearch.action.get.GetRequestBuilder.doExecute(GetRequestBuilder.java:112) ~[elasticsearch-0.90.2.jar:na]
	at org.elasticsearch.action.ActionRequestBuilder.execute(ActionRequestBuilder.java:62) ~[elasticsearch-0.90.2.jar:na]
	at org.elasticsearch.action.ActionRequestBuilder.execute(ActionRequestBuilder.java:57) ~[elasticsearch-0.90.2.jar:na]
	at org.elasticsearch.action.ActionRequestBuilder$execute.call(Unknown Source) ~[na:na]
	at com.rackspace.search.elasticsearch.client.ElasticSearchClient.getDocument(ElasticSearchClient.groovy:209) ~[classes/:na]
	at com.rackspace.search.elasticsearch.client.ElasticSearchClient$getDocument.call(Unknown Source) ~[na:na]
	at com.rackspace.search.service.JobService.getJob(JobService.groovy:56) ~[classes/:na]
	at com.rackspace.search.service.JobService$getJob$0.callCurrent(Unknown Source) ~[na:na]
	at com.rackspace.search.service.JobService.getJob(JobService.groovy:52) ~[classes/:na]
	at com.rackspace.search.service.JobService$getJob.call(Unknown Source) ~[na:na]
	at org.codehaus.groovy.runtime.callsite.CallSiteArray.defaultCall(CallSiteArray.java:45) ~[groovy-all-2.1.1.jar:2.1.1]
	at org.codehaus.groovy.runtime.callsite.AbstractCallSite.call(AbstractCallSite.java:108) ~[groovy-all-2.1.1.jar:2.1.1]
	at org.codehaus.groovy.runtime.callsite.AbstractCallSite.call(AbstractCallSite.java:116) ~[groovy-all-2.1.1.jar:2.1.1]
	at com.rackspace.search.service.zendesk.ZendeskGroupOngoingSyncJob.setupJob(ZendeskGroupOngoingSyncJob.groovy:75) ~[classes/:na]
	at com.rackspace.search.service.zendesk.ZendeskGroupOngoingSyncJob.startJob(ZendeskGroupOngoingSyncJob.groovy:94) ~[classes/:na]
	at com.rackspace.search.scheduling.SyncJobScheduler.startZendeskGroupOngoingSyncJob(SyncJobScheduler.java:109) ~[classes/:na]
	at sun.reflect.NativeMethodAccessorImpl.invoke0(Native Method) ~[na:1.6.0_38]
	at sun.reflect.NativeMethodAccessorImpl.invoke(NativeMethodAccessorImpl.java:39) ~[na:1.6.0_38]
	at sun.reflect.DelegatingMethodAccessorImpl.invoke(DelegatingMethodAccessorImpl.java:25) ~[na:1.6.0_38]
	at java.lang.reflect.Method.invoke(Method.java:597) ~[na:1.6.0_38]
	at org.springframework.util.MethodInvoker.invoke(MethodInvoker.java:273) ~[spring-core-3.0.6.RELEASE.jar:3.0.6.RELEASE]
	at org.springframework.scheduling.support.MethodInvokingRunnable.run(MethodInvokingRunnable.java:65) ~[spring-context-3.0.6.RELEASE.jar:3.0.6.RELEASE]
	at org.springframework.scheduling.support.DelegatingErrorHandlingRunnable.run(DelegatingErrorHandlingRunnable.java:51) [spring-context-3.0.6.RELEASE.jar:3.0.6.RELEASE]
	at java.util.concurrent.Executors$RunnableAdapter.call(Executors.java:439) [na:1.6.0_38]
	at java.util.concurrent.FutureTask$Sync.innerRunAndReset(FutureTask.java:317) [na:1.6.0_38]
	at java.util.concurrent.FutureTask.runAndReset(FutureTask.java:150) [na:1.6.0_38]
	at java.util.concurrent.ScheduledThreadPoolExecutor$ScheduledFutureTask.access$101(ScheduledThreadPoolExecutor.java:98) [na:1.6.0_38]
	at java.util.concurrent.ScheduledThreadPoolExecutor$ScheduledFutureTask.runPeriodic(ScheduledThreadPoolExecutor.java:180) [na:1.6.0_38]
	at java.util.concurrent.ScheduledThreadPoolExecutor$ScheduledFutureTask.run(ScheduledThreadPoolExecutor.java:204) [na:1.6.0_38]
	at java.util.concurrent.ThreadPoolExecutor$Worker.runTask(ThreadPoolExecutor.java:886) [na:1.6.0_38]
	at java.util.concurrent.ThreadPoolExecutor$Worker.run(ThreadPoolExecutor.java:908) [na:1.6.0_38]
	at java.lang.Thread.run(Thread.java:662) [na:1.6.0_38]
21:01:56.753 [Thread-17] INFO  org.elasticsearch.node - [ticket.node] {0.90.2}[13281]: closed

Results :

Tests run: 122, Failures: 0, Errors: 0, Skipped: 0


[INFO] ------------------------------------------------------------------------
[INFO] Reactor Summary:
[INFO] 
[INFO] Search POM ........................................ SUCCESS [2.665s]
[INFO] search ............................................ SUCCESS [1:12.162s]
[INFO] cucumber .......................................... SUCCESS [4.504s]
[INFO] ------------------------------------------------------------------------
[INFO] BUILD SUCCESS
[INFO] ------------------------------------------------------------------------
[INFO] Total time: 1:20.205s
[INFO] Finished at: Tue Oct 29 21:02:03 UTC 2013
[INFO] Final Memory: 78M/1247M
[INFO] ------------------------------------------------------------------------
[JENKINS] Archiving /var/lib/jenkins/jobs/TSearchUnittest/workspace/cucumber/pom.xml to /var/lib/jenkins/jobs/TSearchUnittest/modules/com.rackspace.api$cucumber/builds/2013-10-29_21-00-38/archive/com.rackspace.api/cucumber/0.1.0_b193-SNAPSHOT/cucumber-0.1.0_b193-SNAPSHOT.pom
[JENKINS] Archiving /var/lib/jenkins/jobs/TSearchUnittest/workspace/pom.xml to /var/lib/jenkins/jobs/TSearchUnittest/modules/com.rackspace.api$search-pom/builds/2013-10-29_21-00-38/archive/com.rackspace.api/search-pom/0.1.0_b193-SNAPSHOT/search-pom-0.1.0_b193-SNAPSHOT.pom
[JENKINS] Archiving /var/lib/jenkins/jobs/TSearchUnittest/workspace/service/pom.xml to /var/lib/jenkins/jobs/TSearchUnittest/modules/com.rackspace.api$search/builds/2013-10-29_21-00-38/archive/com.rackspace.api/search/0.1.0_b193-SNAPSHOT/search-0.1.0_b193-SNAPSHOT.pom
Waiting for Jenkins to finish collecting data
