[INFO]                                                                         
[INFO] ------------------------------------------------------------------------
[INFO] Building search 0.1.0_b56-SNAPSHOT
[INFO] ------------------------------------------------------------------------
[INFO] 
[INFO] [8mha:AAAAYB+LCAAAAAAAAABb85aBtbiIQSmjNKU4P0+vJLE4u1gvPjexLDVPzxdEGvvmZ+X75ZekLlOVfvTjc8FPJgaGiiIGKaiG5Py84vycVD1nCA1SyAABjCCFBQCV27OjYAAAAA==[0m--- maven-clean-plugin:2.4.1:clean (default-clean) @ search ---
[INFO] 
[INFO] [8mha:AAAAYB+LCAAAAAAAAABb85aBtbiIQSmjNKU4P0+vJLE4u1gvPjexLDVPzxdEGvvmZ+X75ZekLlOVfvTjc8FPJgaGiiIGKaiG5Py84vycVD1nCA1SyAABjCCFBQCV27OjYAAAAA==[0m--- gmaven-plugin:1.0:execute (default) @ search ---
[INFO] 
[INFO] [8mha:AAAAYB+LCAAAAAAAAABb85aBtbiIQSmjNKU4P0+vJLE4u1gvPjexLDVPzxdEGvvmZ+X75ZekLlOVfvTjc8FPJgaGiiIGKaiG5Py84vycVD1nCA1SyAABjCCFBQCV27OjYAAAAA==[0m--- gmaven-plugin:1.4:generateStubs (buildGroovies) @ search ---
[INFO] Generated 26 Java stubs
[INFO] 
[INFO] [8mha:AAAAYB+LCAAAAAAAAABb85aBtbiIQSmjNKU4P0+vJLE4u1gvPjexLDVPzxdEGvvmZ+X75ZekLlOVfvTjc8FPJgaGiiIGKaiG5Py84vycVD1nCA1SyAABjCCFBQCV27OjYAAAAA==[0m--- maven-resources-plugin:2.6:copy-resources (copy-webapp) @ search ---
[INFO] Using 'UTF-8' encoding to copy filtered resources.
[INFO] Copying 3 resources
[INFO] [INFO] Using 'UTF-8' encoding to copy filtered resources.
[INFO] Copying 7 resources

[INFO] [8mha:AAAAYB+LCAAAAAAAAABb85aBtbiIQSmjNKU4P0+vJLE4u1gvPjexLDVPzxdEGvvmZ+X75ZekLlOVfvTjc8FPJgaGiiIGKaiG5Py84vycVD1nCA1SyAABjCCFBQCV27OjYAAAAA==[0m--- maven-resources-plugin:2.6:resources (default-resources) @ search ---
[INFO] Copying 1 resource to ../
[INFO] 
[INFO] [8mha:AAAAYB+LCAAAAAAAAABb85aBtbiIQSmjNKU4P0+vJLE4u1gvPjexLDVPzxdEGvvmZ+X75ZekLlOVfvTjc8FPJgaGiiIGKaiG5Py84vycVD1nCA1SyAABjCCFBQCV27OjYAAAAA==[0m--- maven-compiler-plugin:2.3.2:compile (default-compile) @ search ---
[INFO] Compiling 40 source files to /var/lib/jenkins/jobs/TSearchUnittest/workspace/service/target/classes
[INFO] 
[INFO] [8mha:AAAAYB+LCAAAAAAAAABb85aBtbiIQSmjNKU4P0+vJLE4u1gvPjexLDVPzxdEGvvmZ+X75ZekLlOVfvTjc8FPJgaGiiIGKaiG5Py84vycVD1nCA1SyAABjCCFBQCV27OjYAAAAA==[0m--- gmaven-plugin:1.4:compile (buildGroovies) @ search ---
[INFO] Compiled 44 Groovy classes
[INFO] 
[INFO] [8mha:AAAAYB+LCAAAAAAAAABb85aBtbiIQSmjNKU4P0+vJLE4u1gvPjexLDVPzxdEGvvmZ+X75ZekLlOVfvTjc8FPJgaGiiIGKaiG5Py84vycVD1nCA1SyAABjCCFBQCV27OjYAAAAA==[0m--- gmaven-plugin:1.4:execute (filterResources) @ search ---
[INFO] 
[INFO] [8mha:AAAAYB+LCAAAAAAAAABb85aBtbiIQSmjNKU4P0+vJLE4u1gvPjexLDVPzxdEGvvmZ+X75ZekLlOVfvTjc8FPJgaGiiIGKaiG5Py84vycVD1nCA1SyAABjCCFBQCV27OjYAAAAA==[0m--- gmaven-plugin:1.4:generateTestStubs (buildGroovies) @ search ---
[INFO] [INFO] Generated 13 Java stubs
[INFO] Using 'UTF-8' encoding to copy filtered resources.
[INFO] Copying 5 resources

[INFO] [8mha:AAAAYB+LCAAAAAAAAABb85aBtbiIQSmjNKU4P0+vJLE4u1gvPjexLDVPzxdEGvvmZ+X75ZekLlOVfvTjc8FPJgaGiiIGKaiG5Py84vycVD1nCA1SyAABjCCFBQCV27OjYAAAAA==[0m--- maven-resources-plugin:2.6:testResources (default-testResources) @ search ---
[INFO] 
[INFO] [8mha:AAAAYB+LCAAAAAAAAABb85aBtbiIQSmjNKU4P0+vJLE4u1gvPjexLDVPzxdEGvvmZ+X75ZekLlOVfvTjc8FPJgaGiiIGKaiG5Py84vycVD1nCA1SyAABjCCFBQCV27OjYAAAAA==[0m--- maven-compiler-plugin:2.3.2:testCompile (default-testCompile) @ search ---
[INFO] Compiling 13 source files to /var/lib/jenkins/jobs/TSearchUnittest/workspace/service/target/test-classes
[INFO] 
[INFO] [8mha:AAAAYB+LCAAAAAAAAABb85aBtbiIQSmjNKU4P0+vJLE4u1gvPjexLDVPzxdEGvvmZ+X75ZekLlOVfvTjc8FPJgaGiiIGKaiG5Py84vycVD1nCA1SyAABjCCFBQCV27OjYAAAAA==[0m--- gmaven-plugin:1.4:testCompile (buildGroovies) @ search ---
[INFO] Compiled 30 Groovy classes
[INFO] 
[INFO] [8mha:AAAAYB+LCAAAAAAAAABb85aBtbiIQSmjNKU4P0+vJLE4u1gvPjexLDVPzxdEGvvmZ+X75ZekLlOVfvTjc8FPJgaGiiIGKaiG5Py84vycVD1nCA1SyAABjCCFBQCV27OjYAAAAA==[0m--- maven-surefire-plugin:2.10:test (default-test) @ search ---
[INFO] Surefire report directory: /var/lib/jenkins/jobs/TSearchUnittest/workspace/service/target/surefire-reports

-------------------------------------------------------
 T E S T S
-------------------------------------------------------
Running com.rackspace.search.service.core.CoreTicketOngoingSyncJobTest
Tests run: 3, Failures: 0, Errors: 0, Skipped: 0, Time elapsed: 2.052 sec
Running com.rackspace.search.service.core.CoreTicketOneTimeSyncJobTest
Tests run: 4, Failures: 0, Errors: 0, Skipped: 0, Time elapsed: 0.369 sec
Running com.rackspace.search.service.core.CoreTicketProcessorTest
Tests run: 1, Failures: 0, Errors: 0, Skipped: 0, Time elapsed: 0.295 sec
Running com.rackspace.search.service.core.CoreTicketOnGoingSyncActorTest
Tests run: 3, Failures: 0, Errors: 0, Skipped: 0, Time elapsed: 1.24 sec
Running com.rackspace.search.service.core.CoreTicketOnetimeSyncActorTest
Tests run: 3, Failures: 0, Errors: 0, Skipped: 0, Time elapsed: 0 sec
Running com.rackspace.search.service.JobServiceTest
19:31:58.245 [main] INFO  c.r.s.common.property.PropertyProvider - Loading properties file from file [/var/lib/jenkins/jobs/TSearchUnittest/workspace/service/target/properties/local/search.properties]
19:31:58.250 [main] INFO  c.r.s.common.property.PropertyProvider - Loading properties file from file [/var/lib/jenkins/jobs/TSearchUnittest/workspace/service/target/properties/local/search.secrets.properties]
19:31:58.250 [main] INFO  c.r.s.common.property.PropertyProvider - Loading properties file from file [/var/lib/jenkins/jobs/TSearchUnittest/workspace/service/target/properties/local/elasticsearch.properties]
19:31:58.402 [main] INFO  c.r.s.elasticsearch.ElasticSearchServer - Starting the Elastic Search server node:
19:31:58.523 [main] INFO  org.elasticsearch.node - [ticket.node] {elasticsearch/0.16.2}[22796]: initializing ...
19:31:58.533 [main] INFO  org.elasticsearch.plugins - [ticket.node] loaded []
19:32:01.884 [main] INFO  org.elasticsearch.node - [ticket.node] {elasticsearch/0.16.2}[22796]: initialized
19:32:01.885 [main] INFO  c.r.s.elasticsearch.ElasticSearchServer - Starting the Elastic Search server node with these settings:
19:32:01.891 [main] INFO  c.r.s.elasticsearch.ElasticSearchServer - Elasticsearch Settings :  [core.db.url:jdbc:postgresql://dev.db.core.rackspace.com:5432/core_dev, node.local:true, index.analysis.analyzer.search_standard.filter:[lowercase], elastic.config.path:/var/lib/jenkins/jobs/TSearchUnittest/workspace/service/target/properties/local/elasticsearch, ticket.core.dateformat:yyyy-MM-dd HH:mm:ss, path.data:/var/lib/jenkins/jobs/TSearchUnittest/workspace/service/target/elasticsearch/data, cluster.name:ticket.cluster, index.analysis.analyzer.search_standard.type:standard, core.db.password:, path.conf:/var/lib/jenkins/jobs/TSearchUnittest/workspace/service/target/properties/local/elasticsearch, core.api.password:qwerty, ticket.ongoingsync.delay.seconds:2000, name:ticket.node, http.enabled:true, path.logs:/var/lib/jenkins/jobs/TSearchUnittest/workspace/service/target/elasticsearch/logs, index.number_of_replicas:0, ticket.document.idName:number, ticket.document.versionParam:updated_at, core.api.endpoint:https://ws.staging.core.rackspace.com/ctkapi, ticket.document.type:ticket, ticket.index.name:ticket, admin.index.name:admin, indices.structure:/indices_structure.json, core.loopback.time.seconds:120, index.number_of_shards:5, index.store.fs.memory.enabled:false, admin.document.idName:name, admin.document.type:syncJob, core.db.username:search_api, ticket.core.date.timezone:CST, ticket.search.allowedRangeParams:created_at,updated_at,last_public_response_date, ticket.search.allowedTermParams:source_system,number,created_at,updated_at,last_public_response_date,status,queue,category,priority,assignee.name,account.number, core.driver.class:org.postgresql.Driver, core.api.username:rcameron, ticket.elastic.dateformat:yyyy-MM-dd'T'HH:mm:ss.SSSZZ, action.auto_create_index:1, discovery.zen.ping.multicast.enabled:false, path.home:/var/lib/jenkins/jobs/TSearchUnittest/workspace/service, path.work:/var/lib/jenkins/jobs/TSearchUnittest/workspace/service/work, path.work_with_cluster:/var/lib/jenkins/jobs/TSearchUnittest/workspace/service/work/ticket.cluster, path.data_with_cluster:/var/lib/jenkins/jobs/TSearchUnittest/workspace/service/target/elasticsearch/data/ticket.cluster]
19:32:01.895 [main] INFO  org.elasticsearch.node - [ticket.node] {elasticsearch/0.16.2}[22796]: starting ...
19:32:01.910 [main] INFO  org.elasticsearch.transport - [ticket.node] bound_address {local[1]}, publish_address {local[1]}
19:32:01.917 [elasticsearch[ticket.node]clusterService#updateTask-pool-11-thread-1] INFO  org.elasticsearch.cluster.service - [ticket.node] new_master [ticket.node][1][local[1]]{local=true}, reason: local-disco-initial_connect(master)
19:32:01.923 [main] INFO  org.elasticsearch.discovery - [ticket.node] ticket.cluster/1
19:32:02.143 [elasticsearch[ticket.node]clusterService#updateTask-pool-11-thread-1] INFO  org.elasticsearch.gateway - [ticket.node] recovered [0] indices into cluster_state
19:32:02.144 [main] INFO  org.elasticsearch.http - [ticket.node] bound_address {inet[/0:0:0:0:0:0:0:0:9200]}, publish_address {inet[/10.14.208.252:9200]}
19:32:02.146 [main] INFO  org.elasticsearch.node - [ticket.node] {elasticsearch/0.16.2}[22796]: started
19:32:02.147 [main] INFO  c.r.s.elasticsearch.ElasticSearchServer - Elastic Search server is started.
19:32:02.283 [main] INFO  c.r.s.elasticsearch.ElasticSearchServer - ES cluster status is GREEN
19:32:02.803 [main] INFO  c.r.s.e.ElasticSearchClientFactoryBean - Starting ElasticSearch client
19:32:02.844 [main] INFO  c.r.s.e.ElasticSearchClientFactoryBean - About to read index setting file : /indices_structure.json
19:32:02.873 [main] INFO  c.r.s.e.ElasticSearchClientFactoryBean - Index does not exist. Creating the Index ticket 
19:32:02.905 [main] INFO  c.r.s.e.ElasticSearchClientFactoryBean - About to read index setting file : /var/lib/jenkins/jobs/TSearchUnittest/workspace/service/target/properties/local/elasticsearch/mappings/ticket/index.json
19:32:04.004 [elasticsearch[ticket.node]clusterService#updateTask-pool-11-thread-1] INFO  org.elasticsearch.cluster.metadata - [ticket.node] [ticket] creating index, cause [api], shards [5]/[0], mappings [index, ticket]
19:32:04.412 [main] INFO  c.r.s.e.ElasticSearchClientFactoryBean - Successfully setup Index ticket 
19:32:04.418 [main] INFO  c.r.s.e.ElasticSearchClientFactoryBean - About to read index setting file : /var/lib/jenkins/jobs/TSearchUnittest/workspace/service/target/properties/local/elasticsearch/mappings/ticket/ticket.json
19:32:04.432 [main] INFO  c.r.s.e.ElasticSearchClientFactoryBean - Setting up Mapping for [ticket]/[ticket]: {"ticket":{"_source":{"enabled":true},"properties":{"queue":{"analyzer":"keyword_lowercase","type":"string"},"last_public_response_date":{"format":"date_time","type":"date"},"idle":{"format":"date_time","type":"date"},"category":{"analyzer":"keyword_lowercase","type":"string"},"updated_at":{"format":"date_time","type":"date"},"status":{"analyzer":"keyword_lowercase","type":"string"},"priority":{"analyzer":"keyword_lowercase","type":"string"},"created_at":{"format":"date_time","type":"date"},"number":{"analyzer":"keyword_lowercase","type":"string"},"account.number":{"analyzer":"keyword_lowercase","type":"string"},"assignee.name":{"analyzer":"keyword_lowercase","type":"string"},"source_system":{"analyzer":"keyword_lowercase","type":"string"}}}}
19:32:04.504 [main] INFO  c.r.s.e.ElasticSearchClientFactoryBean - Index does not exist. Creating the Index admin 
19:32:04.507 [main] INFO  c.r.s.e.ElasticSearchClientFactoryBean - About to read index setting file : /var/lib/jenkins/jobs/TSearchUnittest/workspace/service/target/properties/local/elasticsearch/mappings/admin/index.json
19:32:04.929 [elasticsearch[ticket.node]clusterService#updateTask-pool-11-thread-1] INFO  org.elasticsearch.cluster.metadata - [ticket.node] [admin] creating index, cause [api], shards [5]/[0], mappings [index, syncJob]
19:32:05.241 [main] INFO  c.r.s.e.ElasticSearchClientFactoryBean - Successfully setup Index admin 
19:32:05.242 [main] INFO  c.r.s.e.ElasticSearchClientFactoryBean - About to read index setting file : /var/lib/jenkins/jobs/TSearchUnittest/workspace/service/target/properties/local/elasticsearch/mappings/admin/syncJob.json
19:32:05.248 [main] INFO  c.r.s.e.ElasticSearchClientFactoryBean - Setting up Mapping for [admin]/[syncJob]: {"syncJob":{"_source":{"enabled":true},"properties":{"is_enabled":{"type":"string"},"last_updated_at":{"format":"date_time","type":"date"},"status":{"type":"string"},"processing_node":{"type":"string"},"description":{"type":"string"},"status_message":{"type":"string"},"name":{"type":"string"},"started_at":{"format":"date_time","type":"date"},"last_ticket_modified_at":{"format":"date_time","type":"date"},"type":{"type":"string"}}}}
19:32:05.913 [Timer-2] INFO  c.r.s.s.core.CoreTicketOngoingSyncJob - 
19:32:11.622 [main] INFO  c.r.s.e.client.ElasticSearchClient - Started Query Request Builder with query params [:]
Tests run: 3, Failures: 0, Errors: 0, Skipped: 0, Time elapsed: 14.632 sec
Running com.rackspace.search.service.TicketSearchServiceTest
19:32:11.778 [main] INFO  c.r.search.logging.ElasticSearchLogger - Posting Core ticket 1-1 to ElasticSearch
19:32:11.781 [main] INFO  c.r.s.e.client.ElasticSearchClient - Executing the tickets to post to Elastic Search
19:32:11.800 [elasticsearch[ticket.node]clusterService#updateTask-pool-11-thread-1] INFO  org.elasticsearch.cluster.metadata - [ticket.node] [ticket] update_mapping [ticket] (dynamic)
Tests run: 2, Failures: 0, Errors: 0, Skipped: 0, Time elapsed: 7.142 sec
Running com.rackspace.search.gateway.core.CoreAuthGatewayTest
Tests run: 2, Failures: 0, Errors: 0, Skipped: 0, Time elapsed: 0.025 sec
Running com.rackspace.search.gateway.core.CoreTicketGatewayTest
Tests run: 5, Failures: 0, Errors: 0, Skipped: 0, Time elapsed: 0.109 sec
Running com.rackspace.search.elasticsearch.client.ElasticSearchClientFactoryBeanTest
19:32:19.048 [main] INFO  c.r.s.e.ElasticSearchClientFactoryBean - About to read index setting file : /indices_structure.json
19:32:19.072 [main] INFO  c.r.s.e.ElasticSearchClientFactoryBean - About to read index setting file : /indices_structure.json
19:32:19.084 [main] INFO  c.r.s.e.ElasticSearchClientFactoryBean - About to read index setting file : /var/lib/jenkins/jobs/TSearchUnittest/workspace/service/target/properties/local/elasticsearch/mappings/ticket/index.json
19:32:19.091 [main] INFO  c.r.s.e.ElasticSearchClientFactoryBean - About to read index setting file : /var/lib/jenkins/jobs/TSearchUnittest/workspace/service/target/properties/local/elasticsearch/mappings/admin/index.json
19:32:19.096 [main] INFO  c.r.s.e.ElasticSearchClientFactoryBean - About to read index setting file : /indices_structure.json
19:32:19.103 [main] INFO  c.r.s.e.ElasticSearchClientFactoryBean - About to read index setting file : /var/lib/jenkins/jobs/TSearchUnittest/workspace/service/target/properties/local/elasticsearch/mappings/ticket/ticket.json
19:32:19.284 [main] INFO  c.r.s.e.ElasticSearchClientFactoryBean - About to read index setting file : /var/lib/jenkins/jobs/TSearchUnittest/workspace/service/target/properties/local/elasticsearch/mappings/admin/syncJob.json
Tests run: 3, Failures: 0, Errors: 0, Skipped: 0, Time elapsed: 0.37 sec
Running com.rackspace.search.elasticsearch.client.ElasticSearchClientTest
19:32:19.415 [main] INFO  c.r.search.logging.ElasticSearchLogger - Posting Core ticket 1-1 to ElasticSearch
19:32:19.415 [main] INFO  c.r.search.logging.ElasticSearchLogger - Posting Core ticket 2-1 to ElasticSearch
19:32:19.416 [main] INFO  c.r.search.logging.ElasticSearchLogger - Posting Core ticket 3-1 to ElasticSearch
19:32:19.416 [main] INFO  c.r.s.e.client.ElasticSearchClient - Executing the tickets to post to Elastic Search
19:32:19.850 [elasticsearch[ticket.node]clusterService#updateTask-pool-11-thread-1] INFO  org.elasticsearch.cluster.metadata - [ticket.node] [ticketsearch] creating index, cause [auto(bulk api)], shards [5]/[0], mappings []
19:32:20.142 [elasticsearch[ticket.node]clusterService#updateTask-pool-11-thread-1] INFO  org.elasticsearch.cluster.metadata - [ticket.node] [ticketsearch] update_mapping [ticketdoc] (dynamic)
19:32:23.410 [elasticsearch[ticket.node]clusterService#updateTask-pool-11-thread-1] INFO  org.elasticsearch.cluster.metadata - [ticket.node] [ticketsearch] deleting index
19:32:23.577 [main] INFO  c.r.search.logging.ElasticSearchLogger - Posting Core ticket 1-1 to ElasticSearch
19:32:23.578 [main] INFO  c.r.search.logging.ElasticSearchLogger - Posting Core ticket 2-1 to ElasticSearch
19:32:23.579 [main] INFO  c.r.search.logging.ElasticSearchLogger - Posting Core ticket 3-1 to ElasticSearch
19:32:23.579 [main] INFO  c.r.s.e.client.ElasticSearchClient - Executing the tickets to post to Elastic Search
19:32:23.867 [elasticsearch[ticket.node]clusterService#updateTask-pool-11-thread-1] INFO  org.elasticsearch.cluster.metadata - [ticket.node] [ticketsearch] creating index, cause [auto(bulk api)], shards [5]/[0], mappings []
19:32:24.130 [elasticsearch[ticket.node]clusterService#updateTask-pool-11-thread-1] INFO  org.elasticsearch.cluster.metadata - [ticket.node] [ticketsearch] update_mapping [ticketdoc] (dynamic)
19:32:27.149 [main] INFO  c.r.s.e.client.ElasticSearchClient - Started Query Request Builder with query params [:]
19:32:27.169 [elasticsearch[ticket.node]clusterService#updateTask-pool-11-thread-1] INFO  org.elasticsearch.cluster.metadata - [ticket.node] [ticketsearch] deleting index
19:32:27.204 [main] INFO  c.r.search.logging.ElasticSearchLogger - Posting Core ticket 1-1 to ElasticSearch
19:32:27.205 [main] INFO  c.r.search.logging.ElasticSearchLogger - Posting Core ticket 2-1 to ElasticSearch
19:32:27.205 [main] INFO  c.r.search.logging.ElasticSearchLogger - Posting Core ticket 3-1 to ElasticSearch
19:32:27.205 [main] INFO  c.r.s.e.client.ElasticSearchClient - Executing the tickets to post to Elastic Search
19:32:27.439 [elasticsearch[ticket.node]clusterService#updateTask-pool-11-thread-1] INFO  org.elasticsearch.cluster.metadata - [ticket.node] [ticketsearch] creating index, cause [auto(bulk api)], shards [5]/[0], mappings []
19:32:27.855 [elasticsearch[ticket.node]clusterService#updateTask-pool-11-thread-1] INFO  org.elasticsearch.cluster.metadata - [ticket.node] [ticketsearch] update_mapping [ticketdoc] (dynamic)
19:32:30.853 [main] INFO  c.r.s.e.client.ElasticSearchClient - Started Query Request Builder with query params [user:[testing1]]
19:32:30.896 [main] INFO  c.r.s.e.client.ElasticSearchClient - Started Query Request Builder with query params [user:[testing1,testing3]]
19:32:30.909 [main] INFO  c.r.s.e.client.ElasticSearchClient - Started Query Request Builder with query params [user!:[testing1,testing3]]
19:32:31.033 [elasticsearch[ticket.node]clusterService#updateTask-pool-11-thread-1] INFO  org.elasticsearch.cluster.metadata - [ticket.node] [ticketsearch] deleting index
19:32:31.069 [main] INFO  c.r.search.logging.ElasticSearchLogger - Posting Core ticket 1-1 to ElasticSearch
19:32:31.070 [main] INFO  c.r.search.logging.ElasticSearchLogger - Posting Core ticket 2-1 to ElasticSearch
19:32:31.070 [main] INFO  c.r.search.logging.ElasticSearchLogger - Posting Core ticket 3-1 to ElasticSearch
19:32:31.070 [main] INFO  c.r.s.e.client.ElasticSearchClient - Executing the tickets to post to Elastic Search
19:32:31.287 [elasticsearch[ticket.node]clusterService#updateTask-pool-11-thread-1] INFO  org.elasticsearch.cluster.metadata - [ticket.node] [ticketsearch] creating index, cause [auto(bulk api)], shards [5]/[0], mappings []
19:32:31.498 [elasticsearch[ticket.node]clusterService#updateTask-pool-11-thread-1] INFO  org.elasticsearch.cluster.metadata - [ticket.node] [ticketsearch] update_mapping [ticketdoc] (dynamic)
19:32:34.513 [main] INFO  c.r.s.e.client.ElasticSearchClient - Started Query Request Builder with query params [priority_range:[[1,2]]]
19:32:34.558 [main] INFO  c.r.s.e.client.ElasticSearchClient - Started Query Request Builder with query params [priority_range!:[[1,2]]]
19:32:34.576 [elasticsearch[ticket.node]clusterService#updateTask-pool-11-thread-1] INFO  org.elasticsearch.cluster.metadata - [ticket.node] [ticketsearch] deleting index
19:32:34.605 [main] INFO  c.r.search.logging.ElasticSearchLogger - Posting Core ticket 1-1 to ElasticSearch
19:32:34.606 [main] INFO  c.r.search.logging.ElasticSearchLogger - Posting Core ticket 2-1 to ElasticSearch
19:32:34.607 [main] INFO  c.r.search.logging.ElasticSearchLogger - Posting Core ticket 3-1 to ElasticSearch
19:32:34.607 [main] INFO  c.r.s.e.client.ElasticSearchClient - Executing the tickets to post to Elastic Search
19:32:34.766 [elasticsearch[ticket.node]clusterService#updateTask-pool-11-thread-1] INFO  org.elasticsearch.cluster.metadata - [ticket.node] [ticketsearch] creating index, cause [auto(bulk api)], shards [5]/[0], mappings []
19:32:35.020 [elasticsearch[ticket.node]clusterService#updateTask-pool-11-thread-1] INFO  org.elasticsearch.cluster.metadata - [ticket.node] [ticketsearch] update_mapping [ticketdoc] (dynamic)
19:32:38.049 [main] INFO  c.r.s.e.client.ElasticSearchClient - Started Query Request Builder with query params [sort:[number|desc]]
19:32:38.108 [main] INFO  c.r.s.e.client.ElasticSearchClient - Started Query Request Builder with query params [sort:[number|desc,priority]]
19:32:38.122 [main] INFO  c.r.s.e.client.ElasticSearchClient - Started Query Request Builder with query params [sort:[assignee.name|asc]]
19:32:38.134 [elasticsearch[ticket.node]clusterService#updateTask-pool-11-thread-1] INFO  org.elasticsearch.cluster.metadata - [ticket.node] [ticketsearch] deleting index
19:32:38.166 [main] INFO  c.r.search.logging.ElasticSearchLogger - Posting Core ticket 1-1 to ElasticSearch
19:32:38.166 [main] INFO  c.r.search.logging.ElasticSearchLogger - Posting Core ticket 2-1 to ElasticSearch
19:32:38.167 [main] INFO  c.r.search.logging.ElasticSearchLogger - Posting Core ticket 3-1 to ElasticSearch
19:32:38.167 [main] INFO  c.r.s.e.client.ElasticSearchClient - Executing the tickets to post to Elastic Search
19:32:38.339 [elasticsearch[ticket.node]clusterService#updateTask-pool-11-thread-1] INFO  org.elasticsearch.cluster.metadata - [ticket.node] [ticketsearch] creating index, cause [auto(bulk api)], shards [5]/[0], mappings []
19:32:38.491 [elasticsearch[ticket.node]clusterService#updateTask-pool-11-thread-1] INFO  org.elasticsearch.cluster.metadata - [ticket.node] [ticketsearch] update_mapping [ticketdoc] (dynamic)
19:32:41.489 [main] INFO  c.r.s.e.client.ElasticSearchClient - Started Query Request Builder with query params [sort:[priority]]
19:32:41.504 [elasticsearch[ticket.node]clusterService#updateTask-pool-11-thread-1] INFO  org.elasticsearch.cluster.metadata - [ticket.node] [ticketsearch] deleting index
19:32:41.530 [main] INFO  c.r.search.logging.ElasticSearchLogger - Posting Core ticket 1-1 to ElasticSearch
19:32:41.530 [main] INFO  c.r.search.logging.ElasticSearchLogger - Posting Core ticket 2-1 to ElasticSearch
19:32:41.531 [main] INFO  c.r.search.logging.ElasticSearchLogger - Posting Core ticket 3-1 to ElasticSearch
19:32:41.531 [main] INFO  c.r.s.e.client.ElasticSearchClient - Executing the tickets to post to Elastic Search
19:32:41.715 [elasticsearch[ticket.node]clusterService#updateTask-pool-11-thread-1] INFO  org.elasticsearch.cluster.metadata - [ticket.node] [ticketsearch] creating index, cause [auto(bulk api)], shards [5]/[0], mappings []
19:32:41.853 [elasticsearch[ticket.node]clusterService#updateTask-pool-11-thread-1] INFO  org.elasticsearch.cluster.metadata - [ticket.node] [ticketsearch] update_mapping [ticketdoc] (dynamic)
19:32:44.862 [elasticsearch[ticket.node]clusterService#updateTask-pool-11-thread-1] INFO  org.elasticsearch.cluster.metadata - [ticket.node] [ticketsearch] deleting index
19:32:44.884 [main] INFO  c.r.search.logging.ElasticSearchLogger - Posting Core ticket 1-1 to ElasticSearch
19:32:44.885 [main] INFO  c.r.search.logging.ElasticSearchLogger - Posting Core ticket 2-1 to ElasticSearch
19:32:44.886 [main] INFO  c.r.search.logging.ElasticSearchLogger - Posting Core ticket 3-1 to ElasticSearch
19:32:44.886 [main] INFO  c.r.s.e.client.ElasticSearchClient - Executing the tickets to post to Elastic Search
19:32:45.090 [elasticsearch[ticket.node]clusterService#updateTask-pool-11-thread-1] INFO  org.elasticsearch.cluster.metadata - [ticket.node] [ticketsearch] creating index, cause [auto(bulk api)], shards [5]/[0], mappings []
19:32:45.236 [elasticsearch[ticket.node]clusterService#updateTask-pool-11-thread-1] INFO  org.elasticsearch.cluster.metadata - [ticket.node] [ticketsearch] update_mapping [ticketdoc] (dynamic)
19:32:48.242 [main] INFO  c.r.s.e.client.ElasticSearchClient - Started Query Request Builder with query params [:]
19:32:48.252 [elasticsearch[ticket.node]clusterService#updateTask-pool-11-thread-1] INFO  org.elasticsearch.cluster.metadata - [ticket.node] [ticketsearch] deleting index
19:32:48.279 [main] INFO  c.r.search.logging.ElasticSearchLogger - Posting Core ticket 1-1 to ElasticSearch
19:32:48.279 [main] INFO  c.r.search.logging.ElasticSearchLogger - Posting Core ticket 2-1 to ElasticSearch
19:32:48.280 [main] INFO  c.r.search.logging.ElasticSearchLogger - Posting Core ticket 3-1 to ElasticSearch
19:32:48.280 [main] INFO  c.r.s.e.client.ElasticSearchClient - Executing the tickets to post to Elastic Search
19:32:48.429 [elasticsearch[ticket.node]clusterService#updateTask-pool-11-thread-1] INFO  org.elasticsearch.cluster.metadata - [ticket.node] [ticketsearch] creating index, cause [auto(bulk api)], shards [5]/[0], mappings []
19:32:48.562 [elasticsearch[ticket.node]clusterService#updateTask-pool-11-thread-1] INFO  org.elasticsearch.cluster.metadata - [ticket.node] [ticketsearch] update_mapping [ticketdoc] (dynamic)
19:32:51.562 [main] INFO  c.r.s.e.client.ElasticSearchClient - Started Query Request Builder with query params [limit:[20]]
19:32:51.572 [elasticsearch[ticket.node]clusterService#updateTask-pool-11-thread-1] INFO  org.elasticsearch.cluster.metadata - [ticket.node] [ticketsearch] deleting index
Tests run: 9, Failures: 0, Errors: 0, Skipped: 0, Time elapsed: 32.21 sec
19:32:51.602 [Thread-5] INFO  c.r.s.e.ElasticSearchClientFactoryBean - Closing ElasticSearch client
19:32:51.609 [Thread-5] WARN  o.s.c.a.CommonAnnotationBeanPostProcessor - Invocation of destroy method failed on bean with name 'coreTicketOneTimeSyncJob': java.lang.NullPointerException: Cannot invoke method setEnabled() on null object
19:32:51.611 [Thread-5] INFO  org.elasticsearch.node - [ticket.node] {elasticsearch/0.16.2}[22796]: stopping ...
19:32:51.652 [Thread-5] INFO  org.elasticsearch.node - [ticket.node] {elasticsearch/0.16.2}[22796]: stopped
19:32:51.652 [Thread-5] INFO  org.elasticsearch.node - [ticket.node] {elasticsearch/0.16.2}[22796]: closing ...
19:32:51.673 [Thread-5] INFO  org.elasticsearch.node - [ticket.node] {elasticsearch/0.16.2}[22796]: closed

Results :

Tests run: 38, Failures: 0, Errors: 0, Skipped: 0

[JENKINS] Recording test results
[INFO] ------------------------------------------------------------------------
[INFO] Reactor Summary:
[INFO] 
[INFO] Search POM ........................................ SUCCESS [2.796s]
[INFO] search ............................................ SUCCESS [1:20.875s]
[INFO] cucumber .......................................... SUCCESS [4.229s]
[INFO] ------------------------------------------------------------------------
[INFO] BUILD SUCCESS
[INFO] ------------------------------------------------------------------------
[INFO] Total time: 1:28.642s
[INFO] Finished at: Mon Apr 15 19:32:57 UTC 2013
[INFO] Final Memory: 56M/981M
[INFO] ------------------------------------------------------------------------
[JENKINS] Archiving /var/lib/jenkins/jobs/TSearchUnittest/workspace/cucumber/pom.xml to /var/lib/jenkins/jobs/TSearchUnittest/modules/com.rackspace.api$cucumber/builds/2013-04-15_19-31-24/archive/com.rackspace.api/cucumber/0.1.0_b56-SNAPSHOT/cucumber-0.1.0_b56-SNAPSHOT.pom
[JENKINS] Archiving /var/lib/jenkins/jobs/TSearchUnittest/workspace/pom.xml to /var/lib/jenkins/jobs/TSearchUnittest/modules/com.rackspace.api$search-pom/builds/2013-04-15_19-31-24/archive/com.rackspace.api/search-pom/0.1.0_b56-SNAPSHOT/search-pom-0.1.0_b56-SNAPSHOT.pom
[JENKINS] Archiving /var/lib/jenkins/jobs/TSearchUnittest/workspace/service/pom.xml to /var/lib/jenkins/jobs/TSearchUnittest/modules/com.rackspace.api$search/builds/2013-04-15_19-31-24/archive/com.rackspace.api/search/0.1.0_b56-SNAPSHOT/search-0.1.0_b56-SNAPSHOT.pom
Waiting for Jenkins to finish collecting data
