[8mha:AAACBB+LCAAAAAAAAACFj0+P0kAYxkcUJR715saExOx6aNIObCFlNx7aAoUy/NHSVeA0pbUtS/9sOzQtJn4eD/pl/AaeNsZ492iH0jXGg88c5pd33ud9n/n8E1TjCJw5OzMOfDbc7mzXj1nsx+462AYRK+YkU5oExAKF7lVABYHaoWGMQwJeosLPHf3cnZ+78+eNlwg8MDHBBDxBG5xgbot9m9NI5Pr2ZRqBZ8cU68CPg63FysX992aQhnng0/8Hzhf++FQLvi202wq4vwJVwz6Efbr6d3n++p6+3oCP4GGe0seeRbmShruodLDUwR4dX75e3X5//kE5BMqT1Qh49IKX6aHU78NclCCkXNRK4ttCU+LLvn6/7Cuof9CO7q+VkyEs58ndP5MpF7WSGr3OcR6tyN2yr6Beix4CqimxIo+AXxrBEbHMupHVd7EV1U9WgufgCzGX5zBIFktJhtDCEjHc4eu5spmMdH4GhWQ6Z5JpV/Cv1sL5LNMbaXuaDZEeqPtx0swYTlV1SXTcpSLZN67jXMOJthl13+7fGedvzC2SdG2hqNeCQsK9nsw0rSsJSouMXF8aKsMlE6dI7XHLfS8ZzDu8OnL3KIW4LaW6t1Gm+iQwBzGyxWzasxcMZyK3IaMOH2uaZk+QmI1FBkWDcDymH3h1soJejEkGO7D5+De/Z01a9wIAAA==[0mStarted by user [8mha:AAAAmh+LCAAAAAAAAABb85aBtbiIQTGjNKU4P08vOT+vOD8nVc83PyU1x6OyILUoJzMv2y+/JJUBAhiZGBgqihhk0NSjKDWzXb3RdlLBUSYGJk8GtpzUvPSSDB8G5tKinBIGIZ+sxLJE/ZzEvHT94JKizLx0a6BxUmjGOUNodHsLgAyOEgY+/dLi1CL94sSSSgNLAyMA+LrHpMMAAAA=[0msaty0902
[8mha:AAABYh+LCAAAAAAAAACFkUFLwzAUx5/VafGoN0EYiHprqkxRdnLd6qV6qQqyU9bFrluX1CSdBcHP40G/jN/A0xDxO5i0zUQ8+HLoj5f//71/6MsXNASHvVE+FIw6WZrHCRUOpiKJWMq4c6bI03TJJIGqliywArBLwQXOJOwHlR/VfrTwo4VfCdsBrAyxxBI2gjGeYZRiGqNQ8oTG7YLDVp0iYlSwlDhe9f29GYpMBd79P7Ba+Plss/fbcG7Bch8ag7gMu9n/u1zd3unbe3iCVZWS4inRbBVZzo3D0Q6ndry+3cw/th/Py0AqmS1hbafl6aPJ911VmlxXc9Uz1Do+Oey0jM73ja4iv6xc77fNZNc187zuz2TNVc/QQe+0nqc7XtfoKuod6SOhUUjCpxL8Tp6kQ/WcZkKbD4xPRIYj0kQzzFGaDNCY0In+nWM2EOgqJJhHo2uaSEmERAv9+je0vZ/tRQIAAA==[0mBuilding in workspace /var/lib/jenkins/jobs/TSearchUnittest/workspace
[8mha:AAABfx+LCAAAAAAAAACFkb1OwzAUhS+BQsQIGxJSJQRMxKG0qNAFSBuWwFJAQp3c1E3SpnZwnBIJiedhgJfhDZgqhHgH7Py0QgxcD/l0fc69R/HrN1RiDnt+MogZNaIw8QIaG5jGgctCxo1zSZaiayYI5LWkgeaAngmucCRg38n9qPCjuR/N/VLYcmBlgAUWsOGM8BSjEFMPdQUPqNdKOWwVKVxGYxYSw8q/vzdDGsnAu/8Hlgu/XnT2cd+dabDcg0rfy8Ju9v4ul7dDdfsAz7AqU1I8IYq1NEp46TCUwygcb+93s8/tp8sskEymC1jbqVvqKLJtU5Yi01Sc90qqHzdrF/VSZ9ulLic7q0Tt18vJplnOs9qLyYrzXkmHnZNinupY7VKXU6ehjoBKKgifCJhYPnHHLBGnj4yP4wi7pIqqaIo5CoM+GhE6Vq85Yv0Y3XQJ5q5/SwMhSCzQwnFQLR6DkwkT8ucYDnNxaPmYUhKeNczm8Mhs1NZ/APhWSElsAgAA[0mCheckout:workspace / /var/lib/jenkins/jobs/TSearchUnittest/workspace - hudson.remoting.LocalChannel@508f3052
[8mha:AAABRR+LCAAAAAAAAACFj8FKxDAQhsdqtXjUiwjCgqi3tEoVdU9ru/VSvSwKsqe4m60r3aQmqVQEn8eDvoxv4GkR8R1MmmZFPDg55GPy/zN/Xr7AFRy2b8qhYBQVeZmNqUCYivGA5YyjjqJI0zmTBEzNOeCk4NWCM1xI2EmN32/8/szvz/xK2E5hYYgllrCS3uJ77OeYZn5P8jHN2hWH9SbFgFHBcoIic//eDFWhAm/9H1gt/Hz22PtVb+rAfB/c66wOu9r/u1y9jvTrHTzBokpJ8YRodqqi5NaBtAM1jte3y+nHxuNpHUgl8yQsbYaRPpqSJFClKQg0m56l8OBw7yS0uiSxOkNJXaXe79nJQWDnRfHPZM2mZ2m3e9TM050otjpD3X19JLiVJHwiYe1CqL+0hORYkuzhuBWTES5zufwNzjSVeRcCAAA=[0mUsing strategy: Default
[8mha:AAABcx+LCAAAAAAAAACFkc1Kw0AUha/RanCpO0EIiH+bZNKmobErmzZuogsLinQ1acYYSTMxmZSA4PO40JfxDVwVEd/BmfxUxIV3FvNx555zD8zLF7SyFA7ucj+jsZpEeRDGmYrjLJzSiKbqKSdb0AVlBKpakUByQS4HznHC4NCt9Fqt15Z6banng30X1nzMMIMt9x7PsRbhONDGLA3joF+ksFOnmNI4oxFR7er+vRmKhAfe/z8wX/j5LNP3m/FCgtUJtLygDLs9+bucv96K1wd4gnWeMsYzIlgqkjxtFKpQqLXi9e1q8bH7eFYG4slkBht7hi2OIMdBvAQhJLjqNWSYvfbAaOYcp5mryCkrF/vlxhmhxs8e/jgLrnoN6SOr9hMde9jMVTTqisOgVTCSzhhcuzhjyiAPI6ZcknmYhTQ+WZJi9cw20T1EkG4iTLDvecjrGHrH6nYMszu1sO4ThLByRNOQf4M243YkPd78Bo0NIPZWAgAA[0mLast Built Revision: Revision 9862e1b0e0160aeadbb0b3413953465c9a1de00a (origin/master)
[8mha:AAABRx+LCAAAAAAAAACFj8FKxDAQhsdqtXjUmygURL2lVaooe1q7Wy/Vy4Iie4rdbq12k5qkWhB8Hg/6Mr6Bp0XEdzBpmhXx4OSQj8n/z/x5+QKbM9i+rkacElQWVZYTjjDheUILylBXUqjojIoUdM1ZYMXgNIJTXArYibXfa/3ezO/N/FLYiWFhhAUWsBLf4HvsFZhk3kCwnGSdmsFamyKhhNMiRaG+f2+GupSBt/4PLBd+Pjv0/XIwtWB+CPZV1oRdHf5dLl/H6vUOnmBRpiR4kiq26rJixoGUA7WO17fz6cfG40kTSCZzBCxtBqE6iqLIl6XI9xXrnqHg4HDvODC6KDI6TVFTldrvmMm+b+aFvZ/JinXP0G7/qJ2nOmHP6DT199URYNciZRMB6xd5KT/j0kq4D5Td8hInqTvOGRdo+RuPvx88GwIAAA==[0mWiping out workspace first.
[8mha:AAABSh+LCAAAAAAAAACFkMFKxDAQhsdqtXjUmyAsinpLq1RR9qTZ7V6qlwVB9hR3Y7fSJjVNpSL4PB70ZXwDT4uI72DSNCviwcmhH5P/n/nTly9wSwG702pScoaKrEpSViLCynTMMy7QqSKs6YJLCqYWHHBi8BrBOSkk7MXG77d+f+73534l7MawNCGSSFiLb8k98TPCEn8oRcqSbi1go00x5qzkGUXYfH9vhrpQgXf+D6wWfj57/P1qOHNgcQTuddKEXR/9Xa5ub/TtHTzBskrJSE41O3VRCetA2oFax+vb5exj83HQBFLJPAkr2yHWR1MUBao0BYFm07MUHh0fnIVWF0VWZyhqqtL7PTs5COw83PuZrNn0LO33T9p5uoN7Vmeof6iPBLeWVOQStnDGmXpNR05pR9Bc/ejOIJUKC16mkouH1W/FYWJZIQIAAA==[0mCloning the remote Git repository
[8mha:AAABXB+LCAAAAAAAAACFkUFLwzAUx5/VafGoN0EYiHpLq0yZ7jLtVi/Vy0CQnbIudtUuqUkqFcHP40G/jN/A0xDxO5g0zUQ8+ELJj/fe/71/6MsXNASHnUkxFoyiPCuSlAqEqUhjljGOThQFmi6YJGBiwQEnArdqOMe5hN3I6L1a78313lyvGjsRLI2xxBLWoht8j70M08QbSJ7SpFNy2KhdxIwKlhEUmPv3ZihzZXj7f8Nq4eezy96vBjMHFofQGCWV2fXh3+Wqeq2rd/AEy8olxVOi2SnzglsF0gpUK17fLmcfm49nlSHlzJWwstUK9NEUhr4KTb6v2eQstQ7b+6ct2xeGts9QWEWh97t2su/beUHvZ7Jmk7O01z+q5+lM0LN9hvoH+kholJLwqYR2kDGqXtPkJGcilYw/NJNUdtU3KUbqP0yPOY5vCc/wSHiCYB5PkCqufgNhjwRwNwIAAA==[0mCloning repository git@github.com:rackerlabs/search.git
[8mha:AAABPR+LCAAAAAAAAACFjsFKw0AQhsdoNXjwoDdBEEQ9dRMlitJTTRsv0UtBkJ7WNsZIuht3NyUg+Dwe9GV8A09FxHdwJ5utiAdnDvsx+/8z/8sXtKSAvbtyLDkjRV6mGZOEMpmNeM4F6WoKkS65SsDUggNODG4tuKCFgv3Y+L3G78393tyvhZ0YlsZUUQXr8T2dUi+nLPUGSmQs7VQCNpsUI84kzxMSmvf3ZagKHXj3/8D64Oezy9+vBzMHFofQuknrsBvDv8f17y3+PsATLOuUjE4SZKcqSmEdBB2kcby+Xc0+th7P60A6matgZScIsZGiyNeF5PvIZmYpOD45PAusLoqszlBUV4n3XbvZ9+2+sPezGdnMLB30T5t9OAl7Vmeof4StoFWpREwUrKWZ2m63p4mQGWer3w64/sgNAgAA[0mgit --version
[8mha:AAABQR+LCAAAAAAAAACFjs9Kw0AQxsdoNHhUT4JQEPW2SST+oydNGy/RS0GQntY2xki6GzebEhB8Hg/6Mr6BpyLiO7iTzVbEgzOH/TH7fTPfyxfYpYDdu2pcckaKvEozVhLKymzEcy7IqaIQ6ZLLBHQtWGDF4DSCC1pI2Iu132397tzvzv1K2I1haUwllbAW39MpdXPKUncgRcbSbi1gs00x4qzkeUJC/f6+DHWhAu/8H1gd/Hx2+Pv1YGbB4hDsm7QJuz78e1z93uLvAzzBskrJ6CRBtuqiEsZB0EFax+vb1exj6/G8CaSSORJWtoMQGymKPFVInoesZ4aCw+P9s8DoosjoNEVNVXjfMZs9z+wLez+bkfXMkN8/affhJOwZnab+AbYEu5aJmEjYSDPZmSaizDjr+OSIBMRf/QbG5e/DEwIAAA==[0mgit version 1.7.4.1
[8mha:AAABTh+LCAAAAAAAAACFkMFKxDAQhsfqavGoN0EoiOutrVJF2ZN2t16qlwVB9hS72bbSJjVJl4Lg83jQl/ENPC0ivoNJ06yIByeHfkz+f+ZPX76gxxn0s3rKKXGrok5zwl1EeJ7QgjL3XFKo6JoKDLpWLLBisFvBFaoEHMTa73V+b+n3ln4pHMSwNkUCCdiK79EceQUiqTcWLCfpoGGw06VIKOG0wG6ov783Q1PJwPv/B5YLP59t+n47XliwOoHeXdqG3Z78XS5vZ+r2AZ5gXaYkqMSKraaqmXG4yuF2jte3m8XH7uNlG0gmswVs7AWhOoqiyJelyPcV656h4OT06CIwuigyOk1RW7Xab5vJvm/mhcOfyYp1z9Dh6Kybpzrh0Og0jY7VEdBrBGalgH6ERZLJ5zh1xQXDqHSSTD4Sc2fGaOlQlsu/u/kN8/xwbyUCAAA=[0mFetching upstream changes from origin
[8mha:AAABQB+LCAAAAAAAAACFkMFKxDAQhsfqavGoN0EQRL2lVaooe3KzWy/Vy4Ige4rdWKvdpCapFgSfx4O+jG/gaRHxHUyaZkU8ODn0Y/L/M3/68gUdKWD7uhpLzlBZVFnOJCJM5ikvuEDHmrChM64o2JrzwEvAbwSnpFSwk1h/0PqDmT+Y+bWwm8DCmCiiYCW5IfckKAjLgqESOcu6tYC1NkXKmeQFRdh+f2+GutSBt/4PrBd+Pvv8/WI49WB+BJ3LrAm7Ovq7XN9emds7eIJFnZKRCTXs1WUlnAMZB2odr2/n04/1x5MmkE7mK1jajLA5huI41GUoDA3bnqPo4HCvFzldHDudpbipyuz33eQwdPNw/2eyYdtztDs4aueZDu47naXBvjkKOrWiYqJ/BS4oYfo5Gw9c3MqSpHT5G/K1b/oSAgAA[0mCleaning workspace
[8mha:AAABQh+LCAAAAAAAAACFj8FKxDAQhsdqtXjUgyAIgqi3tkoVZU9rd+ulenBBkD3F3VhXu0lNUi0IPo8HfRnfwNMi4juYaZoV8eDkkI/J/8/8efkCVwrYui6HkjO/yMtsxKRPmBwNeM6F39YUI51yRcHUjANOCl4tOCGFgu3U+IPGH0z9wdSvha0U5oZEEQVL6Q25J0FOWBb0lBixrFUJWG1SDDiTPKd+bO7fm6EqdODN/wPrhZ/PHn+/6E0cmO2De5nVYZf7f5fr1yt8vYMnmNcpGRlTZKcqSmEdPjr8xvH6dj75WHs8rgPpZJ6ChY0oxoOUJKEupDBENj1L0f7B7lFkdUlidYaSukrc79nJYWjnxZ2fycimZ2mne9jMw07csTpD3T08CtxKUTFWsHJGJVVK/2f9gYtbvJWgdPEbxHseXBYCAAA=[0mResetting working tree
[8mha:AAABdx+LCAAAAAAAAACFkc1Kw0AUha/RanCpO0EIiH+bZNKmwdCVpo2b6sJCQbqaJNMYSWZqMikFwedxoS/jG7gqIr6DM/mpiAvvLPJx555zz5CXL2jlGRzdFWHOqD5LiiimuY5pHgcsYZl+LsiVdM04garWFFCGoJYDV3jG4XhY6Y1ab6z0xkovBntD2Agxxxx2hvd4jo0E08gY8SymUW+RwV6dImA0ZwnR3er7ezMsZiLw4f+BxcLPZ5W9346WCqxPoOVHZdjdyd/l4nYqbx/gCTZFSopTIllZzIqsUehSodeK17fx8mP/8bIMJJKpHLYOLFceSZ6HRElCSHLVa8iyz9oXVjPnec1cRV5ZhdyvNs4INX5u/8dZctVryBw4tZ/suP1mrqJBVx4OrQUnWcph7LI0JTQQD9L8Ik5CjU21GzKP85hRzTmz28T0EUGmjTDBoe8jv2OZHafbsexu4GAzJAhh7YRlsfgLRopz4Xu6/Q0ZQO9jVQIAAA==[0mCommencing build of Revision 9862e1b0e0160aeadbb0b3413953465c9a1de00a (origin/master)
[8mha:AAABch+LCAAAAAAAAACFkM1Kw0AUha/VanCpO0EIiH+bZNKmoaErTRs3UcGCIF1NkjGNppmYTEpA8Hlc6Mv4Bq6KiO/gTH4q4sI7i3zcuefcM3n5gnaWwsE09zMaK0mUB2GcKTjOQo9GNFVOOFmCLigjUNVKC1oOSOXAOU4YHDqVXq316lKvLvV8cODAmo8ZZrDl3OE5ViMcB+qYpWEcDIoUduoUHo0zGhHFqr6/N0OR8MD7/wfmCz+fJfp+M160YHUCbTcow25P/i7nt7fi9gGeYJ2njPGMCG4VSZ42CkUolFrx+na9+Nh9PCsD8WQSg4093RJHkG0jXoIQElz1GtKNfudUb+Zsu5mryC4rF/ulxhmhxs8a/jgLrnoNaSOz9hMda9jMVTTqicOgXTCSzhhcWlPi3fPnyDRn8hWZh1lIY9nsGx2iuYggzUCYYN91kdvVta7Z6+pGzzOx5hOEsHxE05D/fnWGM254vPkNgu3BLE4CAAA=[0mChecking out Revision 9862e1b0e0160aeadbb0b3413953465c9a1de00a (origin/master)
[8mha:AAABQB+LCAAAAAAAAACFkMFKxDAQhsfqavGoN0EQRL2lVaooe3KzWy/Vy4Ige4rdWKvdpCapFgSfx4O+jG/gaRHxHUyaZkU8ODn0Y/L/M3/68gUdKWD7uhpLzlBZVFnOJCJM5ikvuEDHmrChM64o2JrzwEvAbwSnpFSwk1h/0PqDmT+Y+bWwm8DCmCiiYCW5IfckKAjLgqESOcu6tYC1NkXKmeQFRdh+f2+GutSBt/4PrBd+Pvv8/WI49WB+BJ3LrAm7Ovq7XN9emds7eIJFnZKRCTXs1WUlnAMZB2odr2/n04/1x5MmkE7mK1jajLA5huI41GUoDA3bnqPo4HCvFzldHDudpbipyuz33eQwdPNw/2eyYdtztDs4aueZDu47naXBvjkKOrWiYqJ/BS4oYfo5Gw9c3MqSpHT5G/K1b/oSAgAA[0mCleaning workspace
[8mha:AAABQh+LCAAAAAAAAACFj8FKxDAQhsdqtXjUgyAIgqi3tkoVZU9rd+ulenBBkD3F3VhXu0lNUi0IPo8HfRnfwNMi4juYaZoV8eDkkI/J/8/8efkCVwrYui6HkjO/yMtsxKRPmBwNeM6F39YUI51yRcHUjANOCl4tOCGFgu3U+IPGH0z9wdSvha0U5oZEEQVL6Q25J0FOWBb0lBixrFUJWG1SDDiTPKd+bO7fm6EqdODN/wPrhZ/PHn+/6E0cmO2De5nVYZf7f5fr1yt8vYMnmNcpGRlTZKcqSmEdPjr8xvH6dj75WHs8rgPpZJ6ChY0oxoOUJKEupDBENj1L0f7B7lFkdUlidYaSukrc79nJYWjnxZ2fycimZ2mne9jMw07csTpD3T08CtxKUTFWsHJGJVVK/2f9gYtbvJWgdPEbxHseXBYCAAA=[0mResetting working tree
[8mha:AAABPR+LCAAAAAAAAACFj8FKxDAQhsdqtQhe9CYIgqi3tEoVZU/a3Xrp6sKCIHuKu7WudJOapFIQfB4P+jK+gadFxHcw0zQr4sHJIR+T/5/58/IFrhSwc1uOJGekyMtszCShTI6HPOeCnGiKkM65SsHUnANOAl4t6NJCwW5i/H7j92d+f+bXwlYCCyOqqILV5I4+UD+nLPP7SoxZ1qoErDcphpxJnqckMvfvzVAVOvD2/4H1ws9nj79f9acOzA/Avc7qsGuDv8v16w2+3sMTLOqUjE5SZKcqSmEdBB2kcby+XU4/Nh7P6kA6madgaSuM8CDFcaALKQiQTc9SeHi0fxpaXRxbnaG4rhL3e3ZyENh5UftnMrLpWdrrHDfzsBO1rc5Q5wCPArdSqZgoWOlRIfVvNnsXXbn8DbkHMrQMAgAA[0mParsing POMs
[8mha:AAACEx+LCAAAAAAAAACdUl2L1DAUzY6ODj7qmyAU/Hpq0nY647iLD253KsJ0EQZ0ZRDJdGK3nTapSdotCv4eHxT/i//Ap0XE/2DStKMiKJg89OTmnnvOTe+H72AoOLhzWm0Eo7DMqySlAmIq0pjljMOHCgUaHTNJgFl7AzBYgFGbEOFSgrsLw0cdH+34aMdXiQcLcHGDJZbg6iLDNUY5pglaSp7S5KDh4HrnImZUsJzAwHx/VwZNqQzf/rdhJfjt/Yh9eb48H4ALKzBcJ63Za6s/xdXtK337GrwDl5RLigui8aApK94zoGbAjvHx89PzrzfePmoNKWcjCS7f9AO9NQpDRy2NHEdjE+uRP515h36fF4Z9nkFhuyqtP+orO05fLzj6WVljE+uRO7/f1dOR4KjPM2g+0VuCYSMJL+Tep9UZ41tR4pi8sG5ZSPAaScZygbLN1oVT6Lwcz9A6pUj3b9knhXAdzy80ajzHn2l0sh/h5omqt0zfkAfeZBpZdlxaqMYc5ekaZYRu9Uz0s1HgmlDbnNCz+aH9+DhsE9uLsY0TQqXtQg9mmO+jSqgyLMY5wsrnKbENfwwd6KM1Y1IVJk0l7DjHQqh+8o2wPehrtsV4ArOaEgm7eTEasNWAUXuIcEqtv8qYXmId3nVzpiK/muekYFINhpL2Wuf//wApVX8nJqVkvH8Ga3xvMnOv/ADrFlpXrgMAAA==[0m[workspace] $ /srv/tools/jdk1.6.0_38/bin/java -Xms1024m -Xmx2048m -XX:MaxPermSize=256M -cp /var/lib/jenkins/plugins/maven-plugin/WEB-INF/lib/maven3-agent-1.2.jar:/usr/local/apache-maven-3.0.4/boot/plexus-classworlds-2.4.jar org.jvnet.hudson.maven3.agent.Maven3Main /usr/local/apache-maven-3.0.4 /var/cache/jenkins/war/WEB-INF/lib/remoting-2.22.jar /var/lib/jenkins/plugins/maven-plugin/WEB-INF/lib/maven3-interceptor-1.2.jar 37581
[8mha:AAABZR+LCAAAAAAAAACFjsFKw0AQhsdoNXjUmyAURL0lUapYaoWaJqWaRrFFKMXD2sa0Jd2NyUYCgvg4HvQdfAbfwFMR8R3czWYr4sGdw37M/P/M//wFhTiCrWEyiAnWwiDxRzjWEI5HfRKQSKsxMjm5hHog3pwCigNqJmihkMK2I/x67tdnfn3mZ8KKAwsDRBGFFWeM7pAeIOzrbRqNsF9JI1jLU/QJjkngaab4f1+GNGSBN/8PzA5+PqnkvdueKjDfg8K1n4Vd7f09zqY3fHoLD7DIUmI08TgraZhE0qFxh5Y7Xt4upx/r940sEEumUljaKJm8ONm2wR4nw+AsepJK+we7xyWps22pE2RnL+H3VbnZMOQ+s/6zmbPoSdqxyvk+3jHrUifI2uNFoZBSL5pQKB9Wq9XeieWeNt128cJqnXWabqNo1s5rZrPTvWLTo9dHXv0hwtgLijFFEfUGy9+ipMKpOAIAAA==[0m<===[JENKINS REMOTING CAPACITY]===>   channel started
[8mha:AAABfx+LCAAAAAAAAACFkc1Kw0AUha/RanCpO0EIiH+bSZQqaldt2riJXVhQpKtpMk0ryUycmZSA4PO40JfxDVwVEd/BmaZTERfOQPJx55x7D9yXL6gJDnujIhaMojwtkjEVCFMxjljKOGoq8jV1mSRQnSULrBDsmeAK5xL2w8rvzv3uwu8u/ErYCGElxhJL2Ajv8QS7KaaJ25N8TJNGyWFrniJiVLCUIL/6/54MZa4C7/4fWA38fLbZ+11vasFyH2qDZBZ2s/93uHod6tcHeIJVlZLijGi2yrzgxoG0A80dr28304/tx8tZIJXMlrC2U/f11RQEnjqaPE9zVTNUPz07btWNLgiMrqJgdgo93zadPc/089s/nTVXNUNHnfN5P13x20ZXUedEXwm1UhKeSaApS+r3F7fN667TZQ7Oc0JjwoUTsSKNnQFxhqygsfpyR0kTwp0DxhOEcxyNiNpTlqkVoQHBtJDjVOjNTQhXzQVqMbU6TH1TOUTr35yMoNltAgAA[0mlog4j:WARN No appenders could be found for logger (org.apache.commons.beanutils.converters.BooleanConverter).
[8mha:AAABWx+LCAAAAAAAAACFjsFKw0AQhsdqNXjUmyAERL0lUaJUe6pp4yUWsaBIT2u7pinb3bi7kVTB5/GgL+MbeCoivoO7SbYiHpw57Mfs/8/8L19QFxx2RtlQMOqkJIsTKhxERTJghHGnpSjQ1GUSQ1kLNahFYBWCM5RK2I1Kv1v53bnfnfuVsBnB0hBJJGEtGqN75BJEY7cneULjZs5ho0oxYFQwgp2gfH9fhjxVgbf/D6wOfj5b7P26N6vBYh/qN3ERdr3/97j6vdW/d/AEyyolRROsuZanGTcORzucyvH6djn72Hw8LQKpZJaElS0/0K0pDD1VmjxPczkz5B829k98owtDoyspLCrT9y2z2fPMvqD9s1lzOTO01zmq9ulJ0Da6kjoHuiXUc4n5REKDsNgfH1+1Lrr2OcFIYDuhiUwQSR6wLUfYLgS2mAqJJ3bKWYo5mTqr37TuDLo3AgAA[0mlog4j:WARN Please initialize the log4j system properly.
[8mha:AAABdx+LCAAAAAAAAACFkb9OwzAQxo9CIWKEDQkpEgKmxgEVBHSiacOSshSQUCc3ddOUxA62UyIh8TwM8DK8AVOFEO+AnT9FiIHz4J/u7rv7LL98QV1w2JukI8GolURpEFJhYSpCn0WMW+eKHE2XTBIoYqkGNQ+MvKGHEwn7XqFHpR4t9GihV40tD1ZGWGIJG94UzzCKMA1QX/KQBq2Mw1bpwmdUsIhYTnH/3gxZogzv/m9YLfx8Ntj7bX9eg+UB1IdBbnZz8He5qo519R6eYFW5pDgmmmtZkvJKYWmFVSpe327mH9uPF7kh5cyQsLbTdPTR5Lq2Ck22rbnIVdQ8PjlsN6s+1636CnLzSPV+o5ps29U8p/MzWXORq+ige1rO0xmnU/UV1D3SR0I9k4THEgbdjPipVO8xe3hG6JlpNtpmY2yiGeYoCodoSuid/tApGwp01SeY+5NrGkpJhEQPjN+JBPsEJSy2sjgy/Yhgauri+jfG7XjiWgIAAA==[0mExecuting Maven:  -B -f /var/lib/jenkins/jobs/TSearchUnittest/workspace/pom.xml clean test
[8mha:AAABwh+LCAAAAAAAAACFjs9u00AQxodAIOqxvVEhISHgEMl2i1O5VD04jh21dU2CRd1gcdgkztrB/2KvE5NKfRhOHNqX4Q04VVXFO3Q3zhYhDswc9qfZ+eb7rn5DPc/gjV+M8yQW0rDAQZwLKM6DURImmaBS0hhZCfGgqkc1qJnQWC2copTAW7PSi2u9+KAXH/R08cCEJ2NEEIFNc4rmSAxRjEWbZEGMD8oMnq9TjJI4T0JP0Kr3b2coUxr49f8DU8O7H43k18C+qcFjF+pDvAq75f5rTn8n7HcGl/CUpoxR5DGulWmRcYXAFMJacf3z7Ob2xUV3FYgmaxB49krWWDMyDIkWI0liXM04yXvKblvme4bB9yoyVlUw/wa/LEn8ntb5c5lxNeO0o++v77GJ1uF7Fekt1gTqJfGyiMD3bVeJfPRepTUom6am8moPlRZqk2Fw1LedqXXySe5JzfmxqcvFDp73pl5pds56y3Ks+8HIaTnnUTqZh+GevTuxwm+tybK7RMWg28azwA++JsbMVsQPJ8o7y97/vPAtHfvqor/Aft9RVW1Rqs3zAWa+h4fbrhS5jvrROrK6X15u3AO+uIUaoQIAAA==[0m[8mha:AAAAYx+LCAAAAAAAAABb85aBtbiIQSWjNKU4P0+vJLE4u1gvPjexLDVPzxdEhicW5WXmpfvll6S2fNly5fzGzauYGBgqihikoFqS8/OK83NS9ZwhNEghAwQwghQWAACwxA+XYgAAAA==[0m[WARNING] 
[8mha:AAAB8h+LCAAAAAAAAACFkc1u00AQx5dAIOIINyokSwg4RLLd4lRpqx4cx45KjUmwqBssDmt7/RFsr2OvPwgSz8MBXoY34EKFEO/AbhwXIQ7MHvanmfnP/Ff7+RfoFzl4EpZegVM+i8sgSgsepkXk4hjnvExJYWRggkAbN3qgp4PBtuEFzAh4qrd6YacXrvXCtZ42nujglgcJJOCevoIVFGKYBoJJ8igNTpocPNi5cHFa4BjxSnv/vRk0GTX8+P+G6cKfnwb429K86oGbNug7wdbsffvf5bTqs+oafAS3qcsUJohxr8nKvFPwTMHvFF++Xlz9ePhhtjVEnQ0IuPNIUthhpGkiDUaiyLjNdSQdjg8mUtenaV1fS9o2SrZ/0E0WxW6eMv0zmXGb62hfPdrNYxll2vW1pI7YIaDfEJQnBHzfs8dJCI9lGstmqCtyFxNnPIIT4kRnC9NaGeevpbk4rJ7rqlTuB9V8hRp9ejHfNJ4aRq41si6TzK/i+NA88I34/cjfzDawXM4mwToKo3dYW5tj4eX5+JlhHr2pQ0MNQrle1EG4sGRZqRt5eLkM2N7T0z1bTGxLfmWcGbO3nIkTxGU5dmKUFFyNcsSh1MVlSh+APK4OoxhxThnFHv0UjoS07PvIJVGFuAIRQrPF3d+nv8kg5QIAAA==[0m[8mha:AAAAYx+LCAAAAAAAAABb85aBtbiIQSWjNKU4P0+vJLE4u1gvPjexLDVPzxdEhicW5WXmpfvll6S2fNly5fzGzauYGBgqihikoFqS8/OK83NS9ZwhNEghAwQwghQWAACwxA+XYgAAAA==[0m[WARNING] Some problems were encountered while building the effective settings
[8mha:AAACAR+LCAAAAAAAAACFkk+Pk0AYxsdqtfGoNzcmJEZ7aAJspZuum02kFJp1EdslLluJhykMf7owUGZo2Zr4eTzol/EbeNoY49mrDJQ1xoPvHPjlnfd5nycZPv8EbZKBZ0HukgTzaZT7ISY8xCR0kijJeLkkhZGRUATqutUCLR10qoHXMKWgq9d6YacXbvTCjb4cPNLBHRdSSMEDfQnXUIgg9gWTZiH2j4oMPNqlcBJMkgjxSv392xkUaRn46f8Dl4Y/PnWSb3PzugVu26C98KuwD+1/zctbj92uwEdwt0yJYYwYt4o0zxoFzxT8TvHl6/n198cfJlWgMlmHgntPJIUdRpomlsVIFBnXvYakg2F/JDVzmtbM1aRVlTP/TrNZFJt9yvjPZsZ1r6F99XC3j3WUcTNXkzpgh4J2QVEWU/Brzx7GAXwhlzUveroiNzVaDAdwRBfhycy0lsbpW2kq9tavdFXK9/31dIkKfXw+3RauGoSONbAu4tRbR9GB2feM6GrgbSdbmM8nI38VBuFloq3MofDmdPjcMA/fbQJD9QN5M9v4wcySZWVTyL2Luc98j4/3bDG2LfnMODEm77luTtC0euMz5IeEZlddLiSci9IMOZAil4PY5QJIOJxwyPOQQ3nuJScESYyEJcKX7G/k475AEKXluxG+iKP7vwE66aOC9gIAAA==[0m[8mha:AAAAYx+LCAAAAAAAAABb85aBtbiIQSWjNKU4P0+vJLE4u1gvPjexLDVPzxdEhicW5WXmpfvll6S2fNly5fzGzauYGBgqihikoFqS8/OK83NS9ZwhNEghAwQwghQWAACwxA+XYgAAAA==[0m[WARNING] 'usePluginRegistry' is deprecated and has no effect. @ /home/jenkins/.m2/settings.xml
[8mha:AAABwh+LCAAAAAAAAACFjs9u00AQxodAIOqxvVEhISHgEMl2i1O5VD04jh21dU2CRd1gcdgkztrB/2KvE5NKfRhOHNqX4Q04VVXFO3Q3zhYhDswc9qfZ+eb7rn5DPc/gjV+M8yQW0rDAQZwLKM6DURImmaBS0hhZCfGgqkc1qJnQWC2copTAW7PSi2u9+KAXH/R08cCEJ2NEEIFNc4rmSAxRjEWbZEGMD8oMnq9TjJI4T0JP0Kr3b2coUxr49f8DU8O7H43k18C+qcFjF+pDvAq75f5rTn8n7HcGl/CUpoxR5DGulWmRcYXAFMJacf3z7Ob2xUV3FYgmaxB49krWWDMyDIkWI0liXM04yXvKblvme4bB9yoyVlUw/wa/LEn8ntb5c5lxNeO0o++v77GJ1uF7Fekt1gTqJfGyiMD3bVeJfPRepTUom6am8moPlRZqk2Fw1LedqXXySe5JzfmxqcvFDp73pl5pds56y3Ks+8HIaTnnUTqZh+GevTuxwm+tybK7RMWg28azwA++JsbMVsQPJ8o7y97/vPAtHfvqor/Aft9RVW1Rqs3zAWa+h4fbrhS5jvrROrK6X15u3AO+uIUaoQIAAA==[0m[8mha:AAAAYx+LCAAAAAAAAABb85aBtbiIQSWjNKU4P0+vJLE4u1gvPjexLDVPzxdEhicW5WXmpfvll6S2fNly5fzGzauYGBgqihikoFqS8/OK83NS9ZwhNEghAwQwghQWAACwxA+XYgAAAA==[0m[WARNING] 
[8mha:AAABSx+LCAAAAAAAAACFj8FKxDAQhsdqtXjUmyAURL2lVaooe9LuVoS6HgqCFA+x261duklNUykIPo8HfRnfwNMi4juYNM2KeHByyMfk/2f+vHyBWTHYuatHFSWoLOosJxXCpMoTWlCGTgT5koaUp6BqwQAjBKsVXOCSw26o/E7nd+Z+Z+4Xwl4ISyPMMYe1cIIfsFNgkjkRZznJeg2DjS5FQklFixT56v69GZpSBN7+P7BY+Pls0ffraGbAYgzmbdaGXY//LhevY/l6D0+wLFISPE0lG01ZM+1A0oE6x+vb1exj8/GsDSSSWRxWtjxfHklB4IqS5LqSVU+Td3i0f+ppXRBonaKgrVrut/Rk19Xz/P7PZMmqp2lvcNzNkx2/r3WKBgfycDAbnrIpBzs+HwaXN3aUYELEr+wxZXbJ6CRNeIUQWv0GRZF5QB8CAAA=[0m[INFO] Scanning for projects...
[8mha:AAABwh+LCAAAAAAAAACFjs9u00AQxodAIOqxvVEhISHgEMl2i1O5VD04jh21dU2CRd1gcdgkztrB/2KvE5NKfRhOHNqX4Q04VVXFO3Q3zhYhDswc9qfZ+eb7rn5DPc/gjV+M8yQW0rDAQZwLKM6DURImmaBS0hhZCfGgqkc1qJnQWC2copTAW7PSi2u9+KAXH/R08cCEJ2NEEIFNc4rmSAxRjEWbZEGMD8oMnq9TjJI4T0JP0Kr3b2coUxr49f8DU8O7H43k18C+qcFjF+pDvAq75f5rTn8n7HcGl/CUpoxR5DGulWmRcYXAFMJacf3z7Ob2xUV3FYgmaxB49krWWDMyDIkWI0liXM04yXvKblvme4bB9yoyVlUw/wa/LEn8ntb5c5lxNeO0o++v77GJ1uF7Fekt1gTqJfGyiMD3bVeJfPRepTUom6am8moPlRZqk2Fw1LedqXXySe5JzfmxqcvFDp73pl5pds56y3Ks+8HIaTnnUTqZh+GevTuxwm+tybK7RMWg28azwA++JsbMVsQPJ8o7y97/vPAtHfvqor/Aft9RVW1Rqs3zAWa+h4fbrhS5jvrROrK6X15u3AO+uIUaoQIAAA==[0m[8mha:AAAAYx+LCAAAAAAAAABb85aBtbiIQSWjNKU4P0+vJLE4u1gvPjexLDVPzxdEhicW5WXmpfvll6S2fNly5fzGzauYGBgqihikoFqS8/OK83NS9ZwhNEghAwQwghQWAACwxA+XYgAAAA==[0m[WARNING] 
[8mha:AAACHB+LCAAAAAAAAACFkc9u00AQxreBQMQRDkhUSJYQcIiwnZJUaaoeHCcOpcZNMDQNUYXW9vpPanud9To2QeJ5OMDL8AacKoR4B3bjuAhxYPawP83MN/Ot9ssvUE8JeOJnTopjMQkzL4hTEcZpYOMQE1FhpHIyMEWgjJ0aqOmgsWl4BRMKnuqlXtrqpWu9dK1njYc6uOlACim4qy/gCkohjD3JpCSIvcOCgAdbFzaOUxwiUS3vvzeDImGGH//fMFv483MDf5+ZVzVwYw7qlrcxe2/+73JWdXl1CT6BW8xlDCPEuVYkGakUIleIW8XXb2dXPx5+HG0MMWcNCm4/aqv8cNI0mQUnWeZc5ipq73f3+u2qT9OqvpK0TWR8f6OaLMvVPHXwZzLnMldRa3iwnccz6qDqK2nY4YeCekERiejO/d15N/JhT2ExK5q6qlTRt7od2KdWcDwxpwvj5G17LDdXL/VhO2t5q/ECFfrgbLwunKEf2NPO9DxK3FUY7pt7rhF+6Ljr0Rpms1HfWwZ+cIm1pdmVTk+6zw3z4F3uG0PPV/JJ7vmTqaKoeaE0z2ce33t0tDuXo/lUeW0cG6MLwcQREhKCrRBFqZAjggQU2ziL2QOQI+R+ECLByoLQYZ8iUJ+VXRfZNFghIcIOCgUXE8HGkUigfZkm0EYiTIJeiiCx/V4OSU8WW6L83uq0npmGMjZfnL658xsFUNL1FgMAAA==[0m[8mha:AAAAYx+LCAAAAAAAAABb85aBtbiIQSWjNKU4P0+vJLE4u1gvPjexLDVPzxdEhicW5WXmpfvll6S2fNly5fzGzauYGBgqihikoFqS8/OK83NS9ZwhNEghAwQwghQWAACwxA+XYgAAAA==[0m[WARNING] Some problems were encountered while building the effective model for com.rackspace.api:search:war:0.1.0_b51-SNAPSHOT
[8mha:AAACCx+LCAAAAAAAAACFks9u00AQxreBQMSBA9yokCwhyCFgO2lSpa0q4Th2VGpMgkXTEPWwie31Bns38b+4QeJ5OMDL8AacKoR4B3btOAhxYPYwP83ON/NJu19+gWoUgmdeYkeUiEs/QZhEIiQRnlOfhqLCSOVk0tgBRexVQMUAtbzhNVzGoG4Uemmrl3Z6aadnjScGuG3DGMbggbGAKZR8SJBkxSEm6CQLwaOtizklEfUdUS3y35tBtmSGn/7fMFv483ONfp9YNxVwawqqM5SbfTj9dzm7dfntCnwCd5hLAgOHcyVbJmGpELlC3Cq+fru4+fH44yA3xJzVYnD3SVvlh5Ouyyw4yTLnolZS+7Db6rXLPl0v+wrS80j4/lo5WZbLeWr/z2TORa2kpna0nccrar/sK0jr8BODahY7YRDv3d+fdgMPHissJlnDUJUyerNuB/biGT4bWeOFef6uPZQb6StDaydNlA4XTmb0L4abzNY8PB93xpfB0k19/9BquaZ/3XE3gw1MJoMeWmEPf6D6yupKb867B6Z19H7tmRrylPVojbzRWFHUdaY0LieI7z093Z/KwXSsvDXPzMGVUJ8l2Ld3z1xkMXXCCFNSF1waCjRE7MfYjgeTSEQhpem1GMDUIccoTy8KkYAjIcBRxB5PFF4KPiaO0DzoPBfYt0kCIrSa934DHwbjEw0DAAA=[0m[8mha:AAAAYx+LCAAAAAAAAABb85aBtbiIQSWjNKU4P0+vJLE4u1gvPjexLDVPzxdEhicW5WXmpfvll6S2fNly5fzGzauYGBgqihikoFqS8/OK83NS9ZwhNEghAwQwghQWAACwxA+XYgAAAA==[0m[WARNING] 'build.plugins.plugin.version' for org.codehaus.groovy.maven:gmaven-plugin is missing. @ line 135, column 21
[8mha:AAABwh+LCAAAAAAAAACFjs9u00AQxodAIOqxvVEhISHgEMl2i1O5VD04jh21dU2CRd1gcdgkztrB/2KvE5NKfRhOHNqX4Q04VVXFO3Q3zhYhDswc9qfZ+eb7rn5DPc/gjV+M8yQW0rDAQZwLKM6DURImmaBS0hhZCfGgqkc1qJnQWC2copTAW7PSi2u9+KAXH/R08cCEJ2NEEIFNc4rmSAxRjEWbZEGMD8oMnq9TjJI4T0JP0Kr3b2coUxr49f8DU8O7H43k18C+qcFjF+pDvAq75f5rTn8n7HcGl/CUpoxR5DGulWmRcYXAFMJacf3z7Ob2xUV3FYgmaxB49krWWDMyDIkWI0liXM04yXvKblvme4bB9yoyVlUw/wa/LEn8ntb5c5lxNeO0o++v77GJ1uF7Fekt1gTqJfGyiMD3bVeJfPRepTUom6am8moPlRZqk2Fw1LedqXXySe5JzfmxqcvFDp73pl5pds56y3Ks+8HIaTnnUTqZh+GevTuxwm+tybK7RMWg28azwA++JsbMVsQPJ8o7y97/vPAtHfvqor/Aft9RVW1Rqs3zAWa+h4fbrhS5jvrROrK6X15u3AO+uIUaoQIAAA==[0m[8mha:AAAAYx+LCAAAAAAAAABb85aBtbiIQSWjNKU4P0+vJLE4u1gvPjexLDVPzxdEhicW5WXmpfvll6S2fNly5fzGzauYGBgqihikoFqS8/OK83NS9ZwhNEghAwQwghQWAACwxA+XYgAAAA==[0m[WARNING] 
[8mha:AAACBR+LCAAAAAAAAACFjtFu0zAUhr2OQcUl3DEhWULARaUkG+3UbdpFmjZVWQgtEetKxYXTOImLE6eJ06ZF4nm4gJfhDbiaEOIdsJtmCHHBsRR/OT7/+f8vv8BBloJnYe5lLFYSmgckzhQUZ2TGKEsVXZAhyWYcg7L2aqBmgfp24BVKOHhulXp1p1dv9eqtXgyeW+COhzji4IE1R0ukUhQHqsNTEgfnRQoe7VLMWJwxihWjvP92BkUiAj/9f2Bh+PNznX2fODc1sD8FB26wDftw+q+5ePXl6wJ8AndFyhhFWHKtSPK0UihSoewUX79d3fx4/LG/DSSS1Tm496RpyCPJNDVRkjRNctmrqHnSPu40qznTrOZKMreVS/96tVnTqn1G989myWWvoqPe6W6f7Bjdaq6kXkseDg4KjtOI7+0fTttRiM50UZOiYRl6VR233UId7pLByBnP7cu3zaHWWL60es38KFgO57iwulfDTeH1QjIbt8bXUeIvKT1xjn2brlv+pr9B+aTfCRYkJB+YuXDa6uvL9gvbOX23Cu1eEOqr0SoIR2NdN1aF3rieBNL34uJwqkXTsf7GHtj993DAIclgSIKQrmGKZyyKcOxhD3IGfVJAHuIMwyRlLsVRBl08Q7loiPZafFKMOI7lH8w4cgklfA2ZD9csT6GbE+op938Dr0MCWgIDAAA=[0m[8mha:AAAAYx+LCAAAAAAAAABb85aBtbiIQSWjNKU4P0+vJLE4u1gvPjexLDVPzxdEhicW5WXmpfvll6S2fNly5fzGzauYGBgqihikoFqS8/OK83NS9ZwhNEghAwQwghQWAACwxA+XYgAAAA==[0m[WARNING] It is highly recommended to fix these problems because they threaten the stability of your build.
[8mha:AAABwh+LCAAAAAAAAACFjs9u00AQxodAIOqxvVEhISHgEMl2i1O5VD04jh21dU2CRd1gcdgkztrB/2KvE5NKfRhOHNqX4Q04VVXFO3Q3zhYhDswc9qfZ+eb7rn5DPc/gjV+M8yQW0rDAQZwLKM6DURImmaBS0hhZCfGgqkc1qJnQWC2copTAW7PSi2u9+KAXH/R08cCEJ2NEEIFNc4rmSAxRjEWbZEGMD8oMnq9TjJI4T0JP0Kr3b2coUxr49f8DU8O7H43k18C+qcFjF+pDvAq75f5rTn8n7HcGl/CUpoxR5DGulWmRcYXAFMJacf3z7Ob2xUV3FYgmaxB49krWWDMyDIkWI0liXM04yXvKblvme4bB9yoyVlUw/wa/LEn8ntb5c5lxNeO0o++v77GJ1uF7Fekt1gTqJfGyiMD3bVeJfPRepTUom6am8moPlRZqk2Fw1LedqXXySe5JzfmxqcvFDp73pl5pds56y3Ks+8HIaTnnUTqZh+GevTuxwm+tybK7RMWg28azwA++JsbMVsQPJ8o7y97/vPAtHfvqor/Aft9RVW1Rqs3zAWa+h4fbrhS5jvrROrK6X15u3AO+uIUaoQIAAA==[0m[8mha:AAAAYx+LCAAAAAAAAABb85aBtbiIQSWjNKU4P0+vJLE4u1gvPjexLDVPzxdEhicW5WXmpfvll6S2fNly5fzGzauYGBgqihikoFqS8/OK83NS9ZwhNEghAwQwghQWAACwxA+XYgAAAA==[0m[WARNING] 
[8mha:AAACCB+LCAAAAAAAAACFkkFv0zAYhr3CoOIINyYkSwg4FCXZaKdu0w5p2lRjWWiJWFcqDm7rOC5JnDpOGorE7+EAf4Z/wGlCiP+A3TRDiAOfD3n0+Xu/95WcL7/AbsrB0yCbpyzWkjAjNE41FKd0xkLGNVOSpchlAoOydmqg5oD6ZuACJQI8c0q9vtXrN3r9Ri8HTxxwe44EEuC+s0A50kMUE90TnMbkpODg4TbFjMUpC7Fmld+/nUGRyMBP/h9YGv78XGffx951DdyagN0p2YR9MPnXXN766nYJPoE7MmWMIqy4ViQZrxSaUmhbxddvl9c/Hn3sbwLJZHUB7j5uWuoosm1DliLDUFz2Kmoetg86zWrOtqu5kuxNZcq/Xm02jGqf1f2zWXHZq2i/d7TdpzpWt5orqddSR4DdQmAeiZ3a3qQdBejYlDUuGo5lVtWZtluoI6b0bOiNFu75m+bAaOQvnV4z2yf5YIELp3s5WBfzXkBno9boKkr8PAwPvQPfDT+0/HV/jbJxv0OWNKDvmb302vqr8/YL1zt6uwrcHgnM1XBFguHINK1VYTauxkT5np7uTYxoMjJfu2du/x20GYcioCnkGMn3fg79TGQcwwuU4xjmmKdU/iQwoiQQMGYwZDHBHKZZkjAu4DSj4Vw+l2zMAhih0Gc8wnOYcLbAM5Fq934DBuQuzQEDAAA=[0m[8mha:AAAAYx+LCAAAAAAAAABb85aBtbiIQSWjNKU4P0+vJLE4u1gvPjexLDVPzxdEhicW5WXmpfvll6S2fNly5fzGzauYGBgqihikoFqS8/OK83NS9ZwhNEghAwQwghQWAACwxA+XYgAAAA==[0m[WARNING] For this reason, future Maven versions might no longer support building such malformed projects.
[8mha:AAABwh+LCAAAAAAAAACFjs9u00AQxodAIOqxvVEhISHgEMl2i1O5VD04jh21dU2CRd1gcdgkztrB/2KvE5NKfRhOHNqX4Q04VVXFO3Q3zhYhDswc9qfZ+eb7rn5DPc/gjV+M8yQW0rDAQZwLKM6DURImmaBS0hhZCfGgqkc1qJnQWC2copTAW7PSi2u9+KAXH/R08cCEJ2NEEIFNc4rmSAxRjEWbZEGMD8oMnq9TjJI4T0JP0Kr3b2coUxr49f8DU8O7H43k18C+qcFjF+pDvAq75f5rTn8n7HcGl/CUpoxR5DGulWmRcYXAFMJacf3z7Ob2xUV3FYgmaxB49krWWDMyDIkWI0liXM04yXvKblvme4bB9yoyVlUw/wa/LEn8ntb5c5lxNeO0o++v77GJ1uF7Fekt1gTqJfGyiMD3bVeJfPRepTUom6am8moPlRZqk2Fw1LedqXXySe5JzfmxqcvFDp73pl5pds56y3Ks+8HIaTnnUTqZh+GevTuxwm+tybK7RMWg28azwA++JsbMVsQPJ8o7y97/vPAtHfvqor/Aft9RVW1Rqs3zAWa+h4fbrhS5jvrROrK6X15u3AO+uIUaoQIAAA==[0m[8mha:AAAAYx+LCAAAAAAAAABb85aBtbiIQSWjNKU4P0+vJLE4u1gvPjexLDVPzxdEhicW5WXmpfvll6S2fNly5fzGzauYGBgqihikoFqS8/OK83NS9ZwhNEghAwQwghQWAACwxA+XYgAAAA==[0m[WARNING] 
[8mha:AAABPh+LCAAAAAAAAABb85aBtbiIQS2jNKU4P0+vIKc0PTOvWC8xrzgzOT8nv0jPEchyBrH88ktSGSCAkYmByYeBA6zAN7GghEHdB6JfH6pfH65fH64fqNDah4ElJbEksYRByCcrsSxRPycxL10/uKQoMy/duqKIQQrqiuT8vOL8nFQ9ZwiNajNDRQHQwaqEHQy08PUKjvyHkcHPmRiYoxlYk9LBjhWOxrQcKJsGki1kqGNgA7oyLzE3FcRmqigoLYLp0APp0IPqWHsp7PlL2Wp3sIOALuMoYWBXNnEGQRDLzc0ACEAsAwMQGyIGY5mYWRg5mcDUubnB1EFYbmBQCrKfA2aygQHMPGcXhMkgNkQMxjJ0tYSaBxJxdoGpg7BcTUGwhIG1oiS1KLeEISDa08/NP1ZBl0qACwBzBPd0TwIAAA==[0m[INFO] ------------------------------------------------------------------------
[8mha:AAABSh+LCAAAAAAAAACFjsFKxDAQhsdqtXjUmygURL21Vaqoe3K7WxHqLrggSPEQ21or3aSbplIQfB4P+jK+gadFxHcwaZoV8eDMIR+T/5/5X75ALyls31VxSbBV5FWa4dJCuMwikhNqnXDyBA0IS0DWnAZaAEYjOEcFg51A+u3Wb8/89szPhZ0AFmLEEIOV4B49IDtHOLVHjGY47dQU1toUEcElyRPLk+/vy1AXPPDW/4H5wc9ng7xfjaYazIeg36RN2NXw73H+eyt+J/AEizwlRuNEsFYXFVUOSzis1vH6djn92Hg8bQLxZAaDpU3XEy3I9x1eghxHsJwpcg8O97qu0vm+0knym6rEfUNtdhy1z+v9bBYsZ4p2+0ftPjHxekonqb8vmoFes4SOGayHZwN/eG1eJChihJrdKstjc0jjhB4vfwMwchkuGwIAAA==[0m[INFO] Reactor Build Order:
[8mha:AAABOR+LCAAAAAAAAACFjsFKxDAQhsdqtXjUmyAIot7SKlWUPbndrQh1PSwIUjzE3Vor3aSmqRQEn8eDvoxv4GkR8R3MNM2KeHDmkI/J/8/8L19glwK2b6txyRkp8irNWEkoK7MRz7kgx4oCpAGXCeias8CKwGkEZ7SQsBNpv9v63ZnfnfmVsBPBwphKKmEluqMP1M0pS92hFBlLO7WAtTbFiLOS5wkJ9Pv7MtSFCrz1f2B18PPZ4e+Xw6kF8zHY12kTdjX+e1z93uDvPTzBokrJ6CRBtuqiEsZB0EFax+vbxfRj/fGkCaSSORKWNv0AGykMPVVInoesZ4b8g8O9rm90YWh0msKmKrzvmM2eZ/YFvZ/NyHpmaLd/1O7DSdAzOk39fWwJdi0TMZHgxKeD8PxqY/kbaqkK+wcCAAA=[0m[INFO] 
[8mha:AAABQx+LCAAAAAAAAACFkcFKxDAQhsdqtXjUmyAsiHpLq1RR9qTdrQjdXaEgSPEQu7Vb6SY1TaUg+Dwe9GV8A0+LiO9g0jQr4sHJIR+T/5/5IS9fYJYMdibVuKQEFXmVZqREmJRZTHPK0IkgT9KQ8gRULRhgBGA1ggEuOOwGym+3fnvut+d+IewGsDTGHHNYC+7wA7ZzTFI75CwjabdmsNGmiCkpaZ4gT92/N0NdiMDb/wcWCz+fLfp+Fc4MWIzAvEmbsOvR3+Xi9Va+3sMTLIuUBE8TyUZdVEw7kHSg1vH6djn72Hw8awKJZBaHlS3Xk0eS7zuiJDmOZNXT5B4e7Z+6Wuf7WqfIb6qS+y092XH0PK/3M1my6mna6x+382TH62mdov6BPBzMmidsKr4hOh/6o+tOmGAWTzoXo8HqNzBcB+8RAgAA[0m[INFO] Search POM
[8mha:AAABPx+LCAAAAAAAAACFjsFKxDAQhsdqtXjwoDdBEES9tVWqKHvS7kaEuh4WBCkeYrd2K92km6RSEHweD/oyvoGnRcR3MGmaFfHgzCEfk/+f+V++wOYMdkbVkFPilkWV5YS7mPA8oQVl7omkUFGfihR0zVlgReA0ggtcCtiNtN9r/d7M7838UtiJYGGIBRawGt3jB+wVmGTeQLCcZJ2awXqbIqGE0yJ1Q/3+vgx1KQNv/x9YHvx8duj79WBqwXwM9m3WhF2L/x6Xv3fqdwJPsChTEjxOFVt1WTHjcJXDbR2vb1fTj43HsyaQTOYIWNoKQtWKEPJlKfJ9xXpmKDg82j8NjA4ho9OEmqrUfcds9n2zL+z+bFasZ4b2esftPjUJu0anqXegWoBdi5SNBazE5310ebPJU8yS0fI37JiB0g0CAAA=[0m[INFO] search
[8mha:AAABQB+LCAAAAAAAAACFjsFKxDAQhsdqtXgSvQmCIOqtrVJF2ZN2NyLU9bAgSPGQ7dZa6SbdNJGC4PN40JfxDTwtIr6DSdOsiAdnDvmY/P/M//IFdsVg506MKkrcshBZTioXkypPaEGZeyIpVNSnPAVdcxZYETiN4AKXHHYj7fdavzfzezO/FHYiWBhhjjmsRvf4AXsFJpk34CwnWadmsN6mSCipaJG6oX5/X4a6lIG3/w8sD34+O/T9ejC1YD4Ge5g1Ydfiv8fl7636ncATLMqUBI9TxVZdCmYcrnK4reP17Wr6sfF41gSSyRwOS1tBqFoRQr4sRb6vWM8MBYdH+6eB0SFkdJpQU0Ldd8xm3zf7wu7PZsV6Zmivd9zuU5Owa3SaegeqOdg1T9mYw0p83keXN5uJSMR4mLLlb7p0iC8PAgAA[0m[INFO] cucumber
[8mha:AAABPR+LCAAAAAAAAABb85aBtbiIQS2jNKU4P0+vIKc0PTOvWC8xrzgzOT8nv0jPEchyBrH88ktSGSCAkYmByYeBA6zAN7GghEHdB6JfH6pfH65fH64fqNDah4ElJbEksYRByCcrsSxRPycxL10/uKQoMy/duqKIQQrqiuT8vOL8nFQ9ZwiNajNDRQHQwaqEHQy08PUKjvyHkcHPmRiYoxlYk9LBjhWOxrQcKJsGki1kqGNgA7oyLzE3FcRmqigoLYLp0APp0IPqWHsp7PlL2Wp3sIOALuMoYWBXNnEGQRDLzc0ACEAsAwMQGyIGY5mYWRg5mcDUubnB1EFYbmBQCrKfA2aygQHMPGcXhMkgNkQMxjJ0tYSaBxJxdoGpg7BcTUGwhIG1oiS1KLeEISDa08/NP1aBWoALADftnitPAgAA[0m[INFO]                                                                         
[8mha:AAABPh+LCAAAAAAAAABb85aBtbiIQS2jNKU4P0+vIKc0PTOvWC8xrzgzOT8nv0jPEchyBrH88ktSGSCAkYmByYeBA6zAN7GghEHdB6JfH6pfH65fH64fqNDah4ElJbEksYRByCcrsSxRPycxL10/uKQoMy/duqKIQQrqiuT8vOL8nFQ9ZwiNajNDRQHQwaqEHQy08PUKjvyHkcHPmRiYoxlYk9LBjhWOxrQcKJsGki1kqGNgA7oyLzE3FcRmqigoLYLp0APp0IPqWHsp7PlL2Wp3sIOALuMoYWBXNnEGQRDLzc0ACEAsAwMQGyIGY5mYWRg5mcDUubnB1EFYbmBQCrKfA2aygQHMPGcXhMkgNkQMxjJ0tYSaBxJxdoGpg7BcTUGwhIG1oiS1KLeEISDa08/NP1ZBl0qACwBzBPd0TwIAAA==[0m[INFO] ------------------------------------------------------------------------
[8mha:AAABXB+LCAAAAAAAAACFj81Kw0AUha/RanCpO0EIiLpyMpVWlK7atFEh/YGIIEVk2sY0kmZiMpGA4PO40JfxDVwVEd/BmUymIi68s5iPO+fce+blCyppAnvTbJLSCMVh5gdRikiUBmMa0gQ1OVmCepR5IGtJA80BvRB0Scxg35F+s/SbC7+58HNhw4GVCWGEwYZzRx6IGZLIN12WBJHfyBPYKlOMaZTS0EOWvH9vhjzmgXf/D8wXfj7r9P3KnWuwPITKyC/Cbg7/Luevt+L1Hp5glaeMyMwTrOVxligHEg5UOl7fLucf24+nRSCeTGewtlOzxBFk25iXIIwFy56i2tHxYaumdLatdJLsojKxX1eTMVbzrPbPZMGyp6jaOSnniY7VVjpJnbo4DCo585IZAzQ879n9a6OVBeGE/8pwPZKMp8ag3zUwqiJ8M6pXD9xec+Ce9S/WvwE2nPbhLQIAAA==[0m[INFO] Building Search POM 0.1.0_b51-SNAPSHOT
[8mha:AAABPh+LCAAAAAAAAABb85aBtbiIQS2jNKU4P0+vIKc0PTOvWC8xrzgzOT8nv0jPEchyBrH88ktSGSCAkYmByYeBA6zAN7GghEHdB6JfH6pfH65fH64fqNDah4ElJbEksYRByCcrsSxRPycxL10/uKQoMy/duqKIQQrqiuT8vOL8nFQ9ZwiNajNDRQHQwaqEHQy08PUKjvyHkcHPmRiYoxlYk9LBjhWOxrQcKJsGki1kqGNgA7oyLzE3FcRmqigoLYLp0APp0IPqWHsp7PlL2Wp3sIOALuMoYWBXNnEGQRDLzc0ACEAsAwMQGyIGY5mYWRg5mcDUubnB1EFYbmBQCrKfA2aygQHMPGcXhMkgNkQMxjJ0tYSaBxJxdoGpg7BcTUGwhIG1oiS1KLeEISDa08/NP1ZBl0qACwBzBPd0TwIAAA==[0m[INFO] ------------------------------------------------------------------------
[8mha:AAABOR+LCAAAAAAAAACFjsFKxDAQhsdqtXjUmyAIot7SKlWUPbndrQh1PSwIUjzE3Vor3aSmqRQEn8eDvoxv4GkR8R3MNM2KeHDmkI/J/8/8L19glwK2b6txyRkp8irNWEkoK7MRz7kgx4oCpAGXCeias8CKwGkEZ7SQsBNpv9v63ZnfnfmVsBPBwphKKmEluqMP1M0pS92hFBlLO7WAtTbFiLOS5wkJ9Pv7MtSFCrz1f2B18PPZ4e+Xw6kF8zHY12kTdjX+e1z93uDvPTzBokrJ6CRBtuqiEsZB0EFax+vbxfRj/fGkCaSSORKWNv0AGykMPVVInoesZ4b8g8O9rm90YWh0msKmKrzvmM2eZ/YFvZ/NyHpmaLd/1O7DSdAzOk39fWwJdi0TMZHgxKeD8PxqY/kbaqkK+wcCAAA=[0m[INFO] 
[8mha:AAAB5R+LCAAAAAAAAACFUd2K00AYHavV4qXeuQgB8Y+Sv5K6scuCzbQJ3Y1tlmqwW/Zimk7TxPyZTEKq4PN4oS/jAwheLSK+gzNJsyJeeOZiDt+c850D8/kXaGcpeLTN11kcCUmQu16UCSjKPCcO4lQYUgYZm8YEgxrXWqBlgk4leIkSAh6btV/c+8Urv3jlp8IjE9xYI4IIuGP6qEBigCJXnJPUi9yjMgX39i2cOMriAAuwvv9OBmVCCz/8f2Ea+PNTJ/6+mF+2wPUlaK/cquzd5b/h9HXDXt+Bj+AmbRmhEDPeKpM8bRwCcwh7x5ev9uWP+x+MqhBt1iHg1gMFssOYrksUjEkS4/WsYcoztacpjU7XG13N9Ao5y+80myWp2QdHfzYzXs8aJo+f7/exCRw1upqN++wQ0C4JTkMCvi0nU312wR0s1XCLBkOKhdY14bCBtlL7SCMrb3I2D/3p6WvFkrrFiTlWctktLB+X5si23pfrsVEU4Xn3zWH/HL81g5m9KV75jqpbJy4yPG9inCLP6Fs7VSl2jj2SIziU5zsa4EOoa2fQ7h3O/EWVeXx8sJRCnue5EBU44p0Ao4ivP3rQExRBHlQj7skab1AekFrxlHvBZRilzpZP4pCj/tu/Ab5lDB3dAgAA[0m[INFO] [8mha:AAAAYB+LCAAAAAAAAABb85aBtbiIQSmjNKU4P0+vJLE4u1gvPjexLDVPzxdEGvvmZ+X75ZekLlOVfvTjc8FPJgaGiiIGKaiG5Py84vycVD1nCA1SyAABjCCFBQCV27OjYAAAAA==[0m--- maven-clean-plugin:2.4.1:clean (default-clean) @ search-pom ---
[8mha:AAABPR+LCAAAAAAAAABb85aBtbiIQS2jNKU4P0+vIKc0PTOvWC8xrzgzOT8nv0jPEchyBrH88ktSGSCAkYmByYeBA6zAN7GghEHdB6JfH6pfH65fH64fqNDah4ElJbEksYRByCcrsSxRPycxL10/uKQoMy/duqKIQQrqiuT8vOL8nFQ9ZwiNajNDRQHQwaqEHQy08PUKjvyHkcHPmRiYoxlYk9LBjhWOxrQcKJsGki1kqGNgA7oyLzE3FcRmqigoLYLp0APp0IPqWHsp7PlL2Wp3sIOALuMoYWBXNnEGQRDLzc0ACEAsAwMQGyIGY5mYWRg5mcDUubnB1EFYbmBQCrKfA2aygQHMPGcXhMkgNkQMxjJ0tYSaBxJxdoGpg7BcTUGwhIG1oiS1KLeEISDa08/NP1aBWoALADftnitPAgAA[0m[INFO]                                                                         
[8mha:AAABPh+LCAAAAAAAAABb85aBtbiIQS2jNKU4P0+vIKc0PTOvWC8xrzgzOT8nv0jPEchyBrH88ktSGSCAkYmByYeBA6zAN7GghEHdB6JfH6pfH65fH64fqNDah4ElJbEksYRByCcrsSxRPycxL10/uKQoMy/duqKIQQrqiuT8vOL8nFQ9ZwiNajNDRQHQwaqEHQy08PUKjvyHkcHPmRiYoxlYk9LBjhWOxrQcKJsGki1kqGNgA7oyLzE3FcRmqigoLYLp0APp0IPqWHsp7PlL2Wp3sIOALuMoYWBXNnEGQRDLzc0ACEAsAwMQGyIGY5mYWRg5mcDUubnB1EFYbmBQCrKfA2aygQHMPGcXhMkgNkQMxjJ0tYSaBxJxdoGpg7BcTUGwhIG1oiS1KLeEISDa08/NP1ZBl0qACwBzBPd0TwIAAA==[0m[INFO] ------------------------------------------------------------------------
[8mha:AAABWB+LCAAAAAAAAACFj9FKwzAUho/VafFS7wRhICoIpplsouxq61YV6iZUBBki2VZrpUtrmkpB8Hm80JfxDbwaIr6DSdNMxAtPLvJx8v/n/Hn5gkrKYOs2G6cxRUmUBSFNEaFpOIqjmKGWIFtSL+Y+qJozwHDBLASnJOGw7Sq/Vfqtmd+a+YWw6cLCmHDCYcW9Iw/EiggNLI+zkAbNnMFamWIU0zSOfGSr+/dmyBMRePP/wGLh57MZv196UwPmB1AZBkXY1cHf5eL1Rr7ewxMsipSUTHzJRp5kTDuQdKDS8fp2Mf1YfzwqAolkJoeljbotjyTHwaIkYSxZ9TTV9w/22nWtcxytU+QUlcn9pp6MsZ5nd34mS1Y9TbXuYTlPduyO1inqNuThUMm5zyYcdgYnPad/VW1nYTQWv6qmPmGj2ypGNYSvh43artdrnXnH/fPlb+eRihApAgAA[0m[INFO] Building search 0.1.0_b51-SNAPSHOT
[8mha:AAABPh+LCAAAAAAAAABb85aBtbiIQS2jNKU4P0+vIKc0PTOvWC8xrzgzOT8nv0jPEchyBrH88ktSGSCAkYmByYeBA6zAN7GghEHdB6JfH6pfH65fH64fqNDah4ElJbEksYRByCcrsSxRPycxL10/uKQoMy/duqKIQQrqiuT8vOL8nFQ9ZwiNajNDRQHQwaqEHQy08PUKjvyHkcHPmRiYoxlYk9LBjhWOxrQcKJsGki1kqGNgA7oyLzE3FcRmqigoLYLp0APp0IPqWHsp7PlL2Wp3sIOALuMoYWBXNnEGQRDLzc0ACEAsAwMQGyIGY5mYWRg5mcDUubnB1EFYbmBQCrKfA2aygQHMPGcXhMkgNkQMxjJ0tYSaBxJxdoGpg7BcTUGwhIG1oiS1KLeEISDa08/NP1ZBl0qACwBzBPd0TwIAAA==[0m[INFO] ------------------------------------------------------------------------
[8mha:AAABOR+LCAAAAAAAAACFjsFKxDAQhsdqtXjUmyAIot7SKlWUPbndrQh1PSwIUjzE3Vor3aSmqRQEn8eDvoxv4GkR8R3MNM2KeHDmkI/J/8/8L19glwK2b6txyRkp8irNWEkoK7MRz7kgx4oCpAGXCeias8CKwGkEZ7SQsBNpv9v63ZnfnfmVsBPBwphKKmEluqMP1M0pS92hFBlLO7WAtTbFiLOS5wkJ9Pv7MtSFCrz1f2B18PPZ4e+Xw6kF8zHY12kTdjX+e1z93uDvPTzBokrJ6CRBtuqiEsZB0EFax+vbxfRj/fGkCaSSORKWNv0AGykMPVVInoesZ4b8g8O9rm90YWh0msKmKrzvmM2eZ/YFvZ/NyHpmaLd/1O7DSdAzOk39fWwJdi0TMZHgxKeD8PxqY/kbaqkK+wcCAAA=[0m[INFO] 
[8mha:AAAB4h+LCAAAAAAAAACFUc2L00AcHavV4lFvLkJA/KLkq6Ru7LJgM21Cd2ObpRrshj1M02mamI+aTEKq4N/jQf8Zj948LSL+D84kzYp48M1hHr957/cezOdfoJ2l4NEmX2VJLGzD3PPjTEBx5rtJmKTCkDLI2DQhGNS41gItE3QqwUu0JeCxWfvFvV+88otXfio8MsGNFSKIgDtmgAokhij2xDlJ/dg7KlNwb9/CTeIsCbEA6/vvZFBuaeGH/y9MA39+6iTfF/PLFrjugPbSq8redf4Np69r9voOfAQ3acsYRZjxVrnN08YhMIewd3z5al/+uP/BqArRZh0Cbj1QIDuM6bpEwZgkMV7PGqY8U3ua0uh0vdHVTK+Qs/xOs1mSmn1w9Gcz4/WsYfL4+X4fm8BRo6vZuM8OAe2S4DQi4JszmeqzC+7AUaMNGgwpFlrXhMMG2lLtI40s/cnZPAqmp68VS+oWJ+ZYyWWvsAJcmiPbel+uxkZRROfdN4f9c/zWDGf2ungVuKpunXjI8P2JcYp8o2/tVKXYufZIjuFQnu9oQAChrp1Bu3c4CxZV5vHxgSNFPM9zESpwzLshRjFff/SgJyiCPKhG3JMVXqM8JLXiKfeCyzBK3Q1Hvbd/A79bfk3ZAgAA[0m[INFO] [8mha:AAAAYB+LCAAAAAAAAABb85aBtbiIQSmjNKU4P0+vJLE4u1gvPjexLDVPzxdEGvvmZ+X75ZekLlOVfvTjc8FPJgaGiiIGKaiG5Py84vycVD1nCA1SyAABjCCFBQCV27OjYAAAAA==[0m--- maven-clean-plugin:2.4.1:clean (default-clean) @ search ---
[8mha:AAABOR+LCAAAAAAAAACFjsFKxDAQhsdqtXjUmyAIot7SKlWUPbndrQh1PSwIUjzE3Vor3aSmqRQEn8eDvoxv4GkR8R3MNM2KeHDmkI/J/8/8L19glwK2b6txyRkp8irNWEkoK7MRz7kgx4oCpAGXCeias8CKwGkEZ7SQsBNpv9v63ZnfnfmVsBPBwphKKmEluqMP1M0pS92hFBlLO7WAtTbFiLOS5wkJ9Pv7MtSFCrz1f2B18PPZ4e+Xw6kF8zHY12kTdjX+e1z93uDvPTzBokrJ6CRBtuqiEsZB0EFax+vbxfRj/fGkCaSSORKWNv0AGykMPVVInoesZ4b8g8O9rm90YWh0msKmKrzvmM2eZ/YFvZ/NyHpmaLd/1O7DSdAzOk39fWwJdi0TMZHgxKeD8PxqY/kbaqkK+wcCAAA=[0m[INFO] 
[8mha:AAAB4h+LCAAAAAAAAACFkctu00AUhodAIGJJd1RIllC5KIovldO6qSoRT2IrrZu4ClikVhcTZ+LY9SXYY8sBiedhAc+CxBuwqhDiHZix4yLEgjOL+XTm/Of/pfn8CzTTBDxbZYs0jvh1kLlelPIoSj0nDuKE71OCjMYxwaCqOw3QMECrHDhHawKeG5Ve2OqFW71wq6eDxwa4t0AEEfDI8FGOhABFrjAliRe5x0UCHm9TOHGUxgHmYXX/7QyKNQ289//A1PDnp1b8fTa9aYC7NmjO3TLsjv2vOX1dstd34CO4T1NGKMSMG8U6S2oFzxT8VvHlm3Xz48kHvQxEk7UIePBUhuww0jSRFiNRZFz1apIPlH1Vruc0rZ6rSCsrY/6terMo1vvg4M9mxlWvJml4tN3HOnBQz1U07LJDQLMgOAkJ+GqPxtrkitu1lXCFen1aM7VtwH5d6lzpIpXMvdHFNPTHZ29kU2znp8ZQziQ3N31cGAPLfF8shnqeh5ftt4fdS3xtBBNrmb/2HUUzT12ke95IP0Oe3jU3ipxvHGsgRbAvTTfUwIdQUy+gtX848Wel58nJri2GnU6Hc0OU46hT/XFP4sUeLrCTEcy9WOAlygLyknvFpRglzoqjgoe/Abbdg63OAgAA[0m[INFO] [8mha:AAAAYB+LCAAAAAAAAABb85aBtbiIQSmjNKU4P0+vJLE4u1gvPjexLDVPzxdEGvvmZ+X75ZekLlOVfvTjc8FPJgaGiiIGKaiG5Py84vycVD1nCA1SyAABjCCFBQCV27OjYAAAAA==[0m--- gmaven-plugin:1.0:execute (default) @ search ---
[8mha:AAABOR+LCAAAAAAAAACFjsFKxDAQhsdqtXjUmyAIot7SKlWUPbndrQh1PSwIUjzE3Vor3aSmqRQEn8eDvoxv4GkR8R3MNM2KeHDmkI/J/8/8L19glwK2b6txyRkp8irNWEkoK7MRz7kgx4oCpAGXCeias8CKwGkEZ7SQsBNpv9v63ZnfnfmVsBPBwphKKmEluqMP1M0pS92hFBlLO7WAtTbFiLOS5wkJ9Pv7MtSFCrz1f2B18PPZ4e+Xw6kF8zHY12kTdjX+e1z93uDvPTzBokrJ6CRBtuqiEsZB0EFax+vbxfRj/fGkCaSSORKWNv0AGykMPVVInoesZ4b8g8O9rm90YWh0msKmKrzvmM2eZ/YFvZ/NyHpmaLd/1O7DSdAzOk39fWwJdi0TMZHgxKeD8PxqY/kbaqkK+wcCAAA=[0m[INFO] 
[8mha:AAAB6R+LCAAAAAAAAACFkU2L00AYx8dqtXjUm4sQEN8ozcuSurHLgs20Cd2NbZZosBv2MEln08S81GQSUgU/jwf9Ml49eVpE/A7OJM2KePCZw/x45vk//z/M51+gm2fg0bpY5WnCb6LCD5KcR0keeGmUZvyYEmQ0TwkGTV3rgI4BevXAS7Qh4LHR6IWdXrjSC1d6OnhogBsrRBABd4wQlUiIUOILFsmCxD+sMnBvl8JLkzyNMA+b+29nUG1o4If/D0wNf37qpd+X1mUHXHdA1/XrsHedf83p6wV7fQc+gps0ZYJizLhTbYqsVfBMwe8UX77alz/uf9DrQDRZj4BbD2TIDiNNE2kxEkXGTa8l+Zmyr8rtnKa1cw1pdRXMv9duFsV2H5z82cy46bUkTZ/v9rEOnLRzDU2H7BDQrQjOYgK+ObO5tjjn9hwlXqPRmNZS7Rtw3JbqKkOkEjeYnVpxOD95LZtivzw2pnIh+aUZ4sqY2Ob7ajXVyzI+6785GJ7ht0a0sC/KV6GnaOaxj/QgmOknKNCH5laRy61nT6QEjiVrSw1CCDX1FNr7B4twWXseHe05YjwYDDg/RiVOBs0fjyReHvk4wRki2CKFm3NP3CKIVnqWpmWA86fcCy7HKPPWHBXf/g0x8s5m2gIAAA==[0m[INFO] [8mha:AAAAYB+LCAAAAAAAAABb85aBtbiIQSmjNKU4P0+vJLE4u1gvPjexLDVPzxdEGvvmZ+X75ZekLlOVfvTjc8FPJgaGiiIGKaiG5Py84vycVD1nCA1SyAABjCCFBQCV27OjYAAAAA==[0m--- gmaven-plugin:1.4:generateStubs (buildGroovies) @ search ---
[8mha:AAABTB+LCAAAAAAAAACFj0FLwzAUx5/VafGoN0EsiHpr66ii7KTdOpQ6DwNBiodsi3XSJV2SSkHw83jQL+M38DRE/A4mTTMRD74c8uPl/3/vn5cvaHAGu3fFiFPi5lmRjgl3EeHjIc0oc08khYp6VGDQtWCBFYNdCS5QLmAv1n6v9ntzvzf3S2ErhqUREkjAWnyPHpCXIZJ6fcHGJG2VDDbqFENKOM2wG+r792Yocxl45//AcuHns03fr/szCxYTaAzSKux68ne5fL1Vr1N4gmWZkqAJVmyVecGMw1UOt3a8vl3NPjYfu1UgmcwWsLIdhOooiiJfliLfV6x7hoLDo+ZpYHRRZHSaoqoKtd82k33fzAvbP5MV656h/c5xPU91wrbRaeocqCOgUQrMJgK2krNedHnjdDHBDAk8cpqBcy6/6nBRDPjqN1LRmsAeAgAA[0m[INFO] Generated 24 Java stubs
[8mha:AAABOR+LCAAAAAAAAACFjsFKxDAQhsdqtXjUmyAIot7SKlWUPbndrQh1PSwIUjzE3Vor3aSmqRQEn8eDvoxv4GkR8R3MNM2KeHDmkI/J/8/8L19glwK2b6txyRkp8irNWEkoK7MRz7kgx4oCpAGXCeias8CKwGkEZ7SQsBNpv9v63ZnfnfmVsBPBwphKKmEluqMP1M0pS92hFBlLO7WAtTbFiLOS5wkJ9Pv7MtSFCrz1f2B18PPZ4e+Xw6kF8zHY12kTdjX+e1z93uDvPTzBokrJ6CRBtuqiEsZB0EFax+vbxfRj/fGkCaSSORKWNv0AGykMPVVInoesZ4b8g8O9rm90YWh0msKmKrzvmM2eZ/YFvZ/NyHpmaLd/1O7DSdAzOk39fWwJdi0TMZHgxKeD8PxqY/kbaqkK+wcCAAA=[0m[INFO] 
[8mha:AAAB6R+LCAAAAAAAAACFkctu00AUhodAIGIJOyokS4ibIl8SOa1JVYl4EltpTeIqYJFaLCbO1LHxDXtsHJB4HhbwMrwBYlEhxDswY8etEAvOLPzNmfOf/5f85TdoZyl4tMnXWRwJSZC7XpQJKMo8Jw7iVBhRgoxmMcGgrmst0DJApxp4gRICHhu1XtzpxUu9eKmng4cGuLFGBBFwx/BRgcQARa64IKkXuYdlCu7tUjhxlMUBFmD9/dsZlAkN/PD/ganhr8+d+PtycdEC123QXrlV2Lv2v+b09Zy9vgOfwE2aMkIhZtwqkzxtFAJTCDvF12/Wxc/7H/UqEE3WIeDWAxmyw0jTJFqMJIlx3WtI3lf6qtzMaVozV5NWVc78O81mSWr2wfHVZsZ1r6He5NluH+vAcTNX02TADgHtkuA0JOCHPZ1p8zfcnq2EGzQc0VqqXQOOmlJXygCpZOVNTxehPzt5JZtStzg2JnLecwvTx6UxtswP5XqiF0V41n19MDjDb41gbp0XL31H0cxjF+meN9VPkKcPzK0iF1vHGvciOOotttTAh1BTT6HVP5j7y8rz6GjPlkKe57kQFTjiU5zFeergjK9/9rAv7A+dONlevXBPqvt7vEJJ8pR7zmUYpc6Go0tu/wH73NyR4gIAAA==[0m[INFO] [8mha:AAAAYB+LCAAAAAAAAABb85aBtbiIQSmjNKU4P0+vJLE4u1gvPjexLDVPzxdEGvvmZ+X75ZekLlOVfvTjc8FPJgaGiiIGKaiG5Py84vycVD1nCA1SyAABjCCFBQCV27OjYAAAAA==[0m--- maven-resources-plugin:2.6:copy-resources (copy-webapp) @ search ---
[8mha:AAABYB+LCAAAAAAAAACFj0FLwzAUx5/VafGoN0EoiO5kW2XKdCftVhHqPMwJMjzENquVmtQklYrg5/GgX8Zv4GmI+B1M2mYiHnw55MfL///ePy9f0OAMNq7ziFNiZ2keJ4TbiPAkpCll9oEkT1GfCgxVzRhgBGCWghOUCWgGld+p/c7U70z9UtgJYC5CAglYCm7QPXJSRGJnIFhC4k7BYKVOEVLCaYptr7p/b4Yik4HX/w8sF34+m/T9YjAxYHYEjau4DLs8+rtcvo7V6x08wbxMSdAtVmwUWc60w1YOu3a8vp1PPlYfj8pAMpkpYGGt5amjyPddWYpcV3HV09TabW8ftrTO97WuIr+sXO039WTX1fO87s9kxVVP01Zvr56nOl5X6yrq7agjoFEIzG4F7I+O+/7ppTXk8ktWc3jmb7abFiYhjVRDUCuk2YM1TlKpx5HFMKc5CzG3F78Bz0LDdTkCAAA=[0m[INFO] Using 'UTF-8' encoding to copy filtered resources.
[8mha:AAABOR+LCAAAAAAAAACFjsFKxDAQhsdqtXjUmyAIot7SKlWUPbndrQh1PSwIUjzE3Vor3aSmqRQEn8eDvoxv4GkR8R3MNM2KeHDmkI/J/8/8L19glwK2b6txyRkp8irNWEkoK7MRz7kgx4oCpAGXCeias8CKwGkEZ7SQsBNpv9v63ZnfnfmVsBPBwphKKmEluqMP1M0pS92hFBlLO7WAtTbFiLOS5wkJ9Pv7MtSFCrz1f2B18PPZ4e+Xw6kF8zHY12kTdjX+e1z93uDvPTzBokrJ6CRBtuqiEsZB0EFax+vbxfRj/fGkCaSSORKWNv0AGykMPVVInoesZ4b8g8O9rm90YWh0msKmKrzvmM2eZ/YFvZ/NyHpmaLd/1O7DSdAzOk39fWwJdi0TMZHgxKeD8PxqY/kbaqkK+wcCAAA=[0m[INFO] 
[8mha:AAAB4x+LCAAAAAAAAACFUduK00AYHqvV4qXeuQgB8UTJoSXdjV0WbKZN6G5ss1SD3bAX03SaJuZQk0lIFXweL/RlfANBWER8B2eSpot44T8X8/HPd4L58hs00wQ8WWfLNI6ETZC5XpQKKEo9Jw7iRBhQBBmaxASDam40QMMArZLwCm0IeGpUenGnF/d6ca+nxGMD3Foiggi4Z/goR2KAIleckcSL3OMiAQ92LZw4SuMAC7C6/04GxYYWfvz/wjTw1+dW/H0+u2qAmzZoLtyy7H3733D6umKv78EncJu2jFCIGW4UmyypFQJTCDvF12/W1c+HH/WyEG3WIuDOIxmyw5CmSXQYkiSGq12N5EOlq8o1T9NqXoW0cjKW36qdJan2g8NrZ4arXY06oxc7P7aBw5pXoVGPHQKaBcFJSMAPezzRppfcga2Ea9Qf0JmrbQMO6lEXSg+pZOGNz2ehPzl7I5tSOz81RnLWcXPTx4UxtMwPxXKk53l40X571LvA74xgaq3y176jaOapi3TPG+tnyNN75laR861jDTsRHHRmWxrgQ6ip59DqHk39eZl5cnJgSyHP81yIchzxCU7jLHFwylef3e8Kh/39knu2xCuUBeSa95x7yaUYJc6aoy53/wAem74a4wIAAA==[0m[INFO] [8mha:AAAAYB+LCAAAAAAAAABb85aBtbiIQSmjNKU4P0+vJLE4u1gvPjexLDVPzxdEGvvmZ+X75ZekLlOVfvTjc8FPJgaGiiIGKaiG5Py84vycVD1nCA1SyAABjCCFBQCV27OjYAAAAA==[0m--- maven-resources-plugin:2.6:resources (default-resources) @ search ---
[8mha:AAABSR+LCAAAAAAAAACFj8FKxDAQhsdqtXjUmyIURL21Vasoe9LuVoS6HhYEKR5it9ZKN+kmqVQEn8eDvoxv4GkR8R1MmmZFPDg55GPy/zN/Xr7AZBQ2b6shI9gpiyrLMXMQZnlCCkKdI0GBpD7hKaiaMcCIwGoEZ6jksBUpv9v63anfnfqFsBPB3BBxxGEpukP3yC0QztwBpznOOjWFlTZFQjAjReoE6v69GepSBN74P7BY+PlskffLwcSA2RjM66wJuxz/XS5eb+TrGJ5gXqTEaJRKNuqyotrhSIfTOl7fLiYfa48nTSCRzOKwsO4H8kgKQ0+UJM+TrHqa/P2DnWNf68JQ6xSFTVVyv6Une56eF3R/JktWPU3bvcN2nuwEXa1T1NuTh4NZ85SOOKzGp/3w/MoOSPkgPmXv2jRlpKJJyha/AWKwgQgaAgAA[0m[INFO] Copying 3 resources
[8mha:AAABYB+LCAAAAAAAAACFj0FLwzAUx5/VafGoN0EoiO5kW2XKdCftVhHqPMwJMjzENquVmtQklYrg5/GgX8Zv4GmI+B1M2mYiHnw55MfL///ePy9f0OAMNq7ziFNiZ2keJ4TbiPAkpCll9oEkT1GfCgxVzRhgBGCWghOUCWgGld+p/c7U70z9UtgJYC5CAglYCm7QPXJSRGJnIFhC4k7BYKVOEVLCaYptr7p/b4Yik4HX/w8sF34+m/T9YjAxYHYEjau4DLs8+rtcvo7V6x08wbxMSdAtVmwUWc60w1YOu3a8vp1PPlYfj8pAMpkpYGGt5amjyPddWYpcV3HV09TabW8ftrTO97WuIr+sXO039WTX1fO87s9kxVVP01Zvr56nOl5X6yrq7agjoFEIzG4F7I+O+/7ppTXk8ktWc3jmb7abFiYhjVRDUCuk2YM1TlKpx5HFMKc5CzG3F78Bz0LDdTkCAAA=[0m[INFO] Using 'UTF-8' encoding to copy filtered resources.
[8mha:AAABSR+LCAAAAAAAAACFj81KxDAUha/VanGpO0UoiLprq9Q/ZqWdqQh1XAwIUlzETq2VTtJJUqkIPo8LfRnfwNUg4juYNM2IuPBmkY+bc+49efkCk1HYvK2GjGCnLKosx8xBmOUJKQh1jgQFkvqEp6BqxgAjAqsRnKGSw1ak/G7rd6d+d+oXwk4Ec0PEEYel6A7dI7dAOHMHnOY469QUVtoUCcGMFKkTqPv3ZqhLEXjj/8Bi4eezRd4vBxMDZmMwr7Mm7HL8d7l4vZGvY3iCeZESo1Eq2ajLimqHIx1O63h9u5h8rD2eNIFEMovDwrofyCMpDD1RkjxPsupp8vcOdo59rQtDrVMUNlXJ/Zae7Hl6XtD9mSxZ9TRt9w7bebITdLVOUW9XHg5mzVM64rAan/bD8ys7IOWD+JS9b9OUkYomKVv8Bh2LhwsaAgAA[0m[INFO] Copying 7 resources
[8mha:AAABTR+LCAAAAAAAAACFj8FKxDAQhsdqtXjUmyBURL2lXami7Em7WxHqelgQpHiI3Vor3aSbplIRfB4P+jK+gadFxHcwaZoV8eDkkI/J/8/8efkCs2SwfVuNSkpQkVdpRkqESZnFNKcMHQnyJQ0oT0DVnAFGCFYjOMMFh51Q+Z3W78z8zswvhN0QFkaYYw4r4R2+x06OSeoMOctI2q0ZrLUpYkpKmifIV/fvzVAXIvDW/4HFws9ni75fDqcGzEdgXqdN2NXo73LxeiNfJ/AEiyIlweNEslEXFdMOJB2odby+XUw/1h9PmkAimcVhadPz5ZEUBK4oSa4rWfU0efsHu8ee1gWB1ikKmqrkfktPdl09z+/9TJasepo6/cN2nuz4Pa1T1N+Th4NZ84SNOWxEp4Pg/Mr2afEgPmV3bJaUtGJxYnNqI+QsfwO3RMy9IAIAAA==[0m[INFO] Copying 1 resource to ../
[8mha:AAABOR+LCAAAAAAAAACFjsFKxDAQhsdqtXjUmyAIot7SKlWUPbndrQh1PSwIUjzE3Vor3aSmqRQEn8eDvoxv4GkR8R3MNM2KeHDmkI/J/8/8L19glwK2b6txyRkp8irNWEkoK7MRz7kgx4oCpAGXCeias8CKwGkEZ7SQsBNpv9v63ZnfnfmVsBPBwphKKmEluqMP1M0pS92hFBlLO7WAtTbFiLOS5wkJ9Pv7MtSFCrz1f2B18PPZ4e+Xw6kF8zHY12kTdjX+e1z93uDvPTzBokrJ6CRBtuqiEsZB0EFax+vbxfRj/fGkCaSSORKWNv0AGykMPVVInoesZ4b8g8O9rm90YWh0msKmKrzvmM2eZ/YFvZ/NyHpmaLd/1O7DSdAzOk39fWwJdi0TMZHgxKeD8PxqY/kbaqkK+wcCAAA=[0m[INFO] 
[8mha:AAAB4h+LCAAAAAAAAACFUduK00AYHqvV4qXeuQgB8UTJoTV1Y5cFm2kTuhvbLNVgN3gxTdM0MSeTSUgVfB4v9GV8g71aRHwHZ5rMinjhPxfz8c93gvn6C7TzDDzaFus8iYU0LDw/zgUU576ThEkmjAiCFM0S7IJ6rrVAywCdPeEVSjF4bNR6sdGLV3rxSk+IRwa4sUYYYXDHCFCJxBDFnrjAmR97R1UG7jUtnCTOk9AVYH3/nQyqlBR++P/CJPDnl05ysVxctsB1G7RX3r7sXfvfcPK6oa8fwGdwk7SMUeRS3KrSImMKgSqERvHtu3X54/4nfV+INOtgcOuBDOmhSNMkMhRJEsX1jiH5udJXZcbTNMarkbafguZ3mLMkMT84/uNMcb1jqDd50fjRDRwzXo0mA3owaFfYzSIMLuzpTJu/4w5sJdqi4YjMUu0acMRGXSkDpOKVPz1bRMHs9I1sSt3yxJjIRc8rzcCtjLFlfqzWE70so/Pu28PBufveCOfWpnwdOIpmnnhI9/2pfop8fWDuFLncOda4F8NRb7EjAQGEmnoGrf7hPFjuM4+PD2wp4nmei1DpxryTRKkfuhlf//WwLzwT+sNmyz1ZuxtUhJjRnnIvudxFmbPliMXt3ybVCs7gAgAA[0m[INFO] [8mha:AAAAYB+LCAAAAAAAAABb85aBtbiIQSmjNKU4P0+vJLE4u1gvPjexLDVPzxdEGvvmZ+X75ZekLlOVfvTjc8FPJgaGiiIGKaiG5Py84vycVD1nCA1SyAABjCCFBQCV27OjYAAAAA==[0m--- maven-compiler-plugin:2.3.2:compile (default-compile) @ search ---
[8mha:AAABgx+LCAAAAAAAAACFkc1Kw0AUha/VanCpO0EIiLrLRK1/dKVpI0Ksi6ogxcU0naZp05k4M6kBwedxoS/jG7gqIr6DM/mpiAvvLObjzjn3npCXL6gKDluDpCcYteIoCUIqLExF6LOIcetEkaOpxSSBvOYqUPHAyAQXOJaw7eV+VPjRzI9mfiWse7DQwxJLWPGGeIJRhGmA2pKHNKinHNaKFD6jgkXEcvL792ZIYxV48//AauHns8Heb9vTCsx3oNoNsrCrnb/L1Wtfv97DEyyqlBSPieZKGie8dFjaYRWO17eb6cf641kWSCUzJCxt1Bx9NLmurUqTbWvOeyXVDo52T2ulznVLXU5uVoneb5STbbuc5zR+JmvOeyXtNI+LebrjNEpdTs19fSRUU0n4WMKoc95yL+9Mh43jMFKfZe4dmoIl3CdmP4yIMCUz0QRzFIVdNCR0pH/ukHUFumoTzP3BNQ2lJEKiB8ZHIsY+QYLwSahuiXlAJPIjLAQRy9/ygjStagIAAA==[0m[INFO] Compiling 37 source files to /var/lib/jenkins/jobs/TSearchUnittest/workspace/service/target/classes
[8mha:AAABOR+LCAAAAAAAAACFjsFKxDAQhsdqtXjUmyAIot7SKlWUPbndrQh1PSwIUjzE3Vor3aSmqRQEn8eDvoxv4GkR8R3MNM2KeHDmkI/J/8/8L19glwK2b6txyRkp8irNWEkoK7MRz7kgx4oCpAGXCeias8CKwGkEZ7SQsBNpv9v63ZnfnfmVsBPBwphKKmEluqMP1M0pS92hFBlLO7WAtTbFiLOS5wkJ9Pv7MtSFCrz1f2B18PPZ4e+Xw6kF8zHY12kTdjX+e1z93uDvPTzBokrJ6CRBtuqiEsZB0EFax+vbxfRj/fGkCaSSORKWNv0AGykMPVVInoesZ4b8g8O9rm90YWh0msKmKrzvmM2eZ/YFvZ/NyHpmaLd/1O7DSdAzOk39fWwJdi0TMZHgxKeD8PxqY/kbaqkK+wcCAAA=[0m[INFO] 
[8mha:AAAB5R+LCAAAAAAAAACFkd+K00AUxsdqtXipdy5CQPxHaf4sqRu7LNikTehubLNUg92yF9N0Np2YZGIyCamCz+OFvozgA3i1iPgOziTNinjhmYv5ceZ85/tgPv8C7SwFjzb5OiOxmIS5j+NMhHGGPRKSVBwyMjhNCUWgrmst0LJBpxp4CRMKHtu1XtrppSu9dKVng4c2uLGGFFJwxw5gAaUQxr40pymO/cMyBfd2KTwSZyREolHffzuDMmGBH/4/MDP8+alDvi/mly1wfQnaK78Ke3f5rzl7veCv78BHcJOljGGEOLfKJE8bhcgV4k7x5at7+eP+B6sKxJJ1KLj1QDX44WSaMitOssy57jWkPtP2dbWZM81mriazqpz7d5rNstzsM0Z/NnOuew0p4+e7fbxjjJq5msZ9fiholxSlEQXflpOpOTsX9pZatIGDIauF3rWNYVP6SutDna7w5HQeBdOT16ojd4tje6zmil84ASrtkeu8L9djqyiis+6bg/4ZemuHM/eieBV4mukc+9DCeGKdQGz1na2mFlvPHSmxMVTmW2YQGIapnxru/sEsWFSeR0d7Sznq9XqCH8ECxb36jweKqA48EiU4RMKTVY7DtZUSUmCUPRVeCBmCqbcRmOz2b0B37vrUAgAA[0m[INFO] [8mha:AAAAYB+LCAAAAAAAAABb85aBtbiIQSmjNKU4P0+vJLE4u1gvPjexLDVPzxdEGvvmZ+X75ZekLlOVfvTjc8FPJgaGiiIGKaiG5Py84vycVD1nCA1SyAABjCCFBQCV27OjYAAAAA==[0m--- gmaven-plugin:1.4:compile (buildGroovies) @ search ---
[8mha:AAABUB+LCAAAAAAAAACFjsFKw0AQhsdoNHjUmyAERMVLEksUpSdNmyLEeigIUjysTYyRdDfd3ZSI4PN40JfxDTwVEd/B3Wy2Ih6cOezH7P/P/C9fYDIKO3dlzAh2irxMM8wchFk2IjmhzomgQFKf8ARULRhgRGDVgnNUcNiNlN9t/O7c7879QtiOYClGHHFYi+7RFLk5wqk74DTDabuisNGkGBHMSJ44gXp/X4aqEIG3/w8sDn4+W+T9ajAzYHEI5k1ah10f/j0ufm/l7wSeYFmkxGicSDaqoqTa4UiH0zhe3y5nH5uPvTqQSGZxWNnyA9mSwtATJcnzJKuZJv/wqHXqa10Yap2isK5S3rf0Zs/T+4LOz2bJaqZpv3vc7JOToKN1iroHsjmYFU/omMPe8KwfXlzbzROQcZHlSWz7LbtHCZk+2KMcMZaw1W+fhr4YKAIAAA==[0m[INFO] [INFO] Compiled 42 Groovy classes
[8mha:AAABMR+LCAAAAAAAAACFjrFOwzAQhq+BQMQIGxITAjY7oIBAnSBtWAJLJSTUybQhBKV2cJwqEhLPw9C+DG/AVCHEO+CL4yLEwN3gT+f/v/tnX+CWEvYfqnEpOCnyKs14SRgvs5HIhSTnmkKka6ESMNVxwInBawRXrFBwEBs/bf106adLvxZ2Y1gdM8UUbMaPbMpoznhKB0pmPO3WErbbFCPBS5EnJDTv78tQFzrw3v+B9cHPV0+83w4WDqwMwb1Lm7Bbw7/H9e89/j7BC6zplJxNEmSnLippHQQdpHXM324WHzvPl00gncxTsL4bhNhIUeTrQvJ9ZDOzFJycHl0EVhdFVmcoaqrC+57d7Pt2X9j72YxsZpYO+2ftPpyEPasz1D/GVuDWKpETBZ2Nbxim58gAAgAA[0m
[8mha:AAAB5x+LCAAAAAAAAACFkc1u00AUhYdAaMQSdlRIlqpSUBT/VA51U1UinsRWWpO4BCxSi8XEmTg2/kntseWAxPOwgJdhw5pVhRDvwIwdFyEW3Fn405177jkjf/4FmmkCHq+yRRpH/DrIXC9KeRSlnhMHccL3KUFG45hgUNWtBmgYoFUOvEBrAg6MSi9s9cKNXrjR08ETA9xZIIIIuG/4KEdCgCJXmJLEi9yTIgEPtymcOErjAPOw+v7tDIo1Dbz//8DU8OenVvx9Nr1ugNs2aM7dMuwD+19zertkt1fgI7hLU0YoxIwbxTpLagXPFPxW8eWrdf3j0Qe9DESTtQjY2ZMhO4w0TaTFSBQZV72a5GfKoSrXc5pWz1WklZUx/1a9WRTrfXDwZzPjqleTNDze7mMdOKjnKhp22SGgWRCchAR8s0djbfKW27WVcIV6fVoztW3Afl3qXOkilcy90cU09Mfnr2VTbOdnxlDOJDc3fVwYA8t8XyyGep6Hl+03R91L/M4IJtYyf+U7imaeuUj3vJF+jjy9a24UOd841kCKYF+abqiBD6GmXkDr8Gjiz0rP09NdWww7nQ7nhijHUaf6xz2Jl3u4wE5GMPdk6QX0CS9xGmeJg9On3HMuxShxVhwV3vsNLfAUdtYCAAA=[0m[INFO] [8mha:AAAAYB+LCAAAAAAAAABb85aBtbiIQSmjNKU4P0+vJLE4u1gvPjexLDVPzxdEGvvmZ+X75ZekLlOVfvTjc8FPJgaGiiIGKaiG5Py84vycVD1nCA1SyAABjCCFBQCV27OjYAAAAA==[0m--- gmaven-plugin:1.4:execute (filterResources) @ search ---
[8mha:AAABOR+LCAAAAAAAAACFjsFKxDAQhsdqtXjUmyAIot7SKlWUPbndrQh1PSwIUjzE3Vor3aSmqRQEn8eDvoxv4GkR8R3MNM2KeHDmkI/J/8/8L19glwK2b6txyRkp8irNWEkoK7MRz7kgx4oCpAGXCeias8CKwGkEZ7SQsBNpv9v63ZnfnfmVsBPBwphKKmEluqMP1M0pS92hFBlLO7WAtTbFiLOS5wkJ9Pv7MtSFCrz1f2B18PPZ4e+Xw6kF8zHY12kTdjX+e1z93uDvPTzBokrJ6CRBtuqiEsZB0EFax+vbxfRj/fGkCaSSORKWNv0AGykMPVVInoesZ4b8g8O9rm90YWh0msKmKrzvmM2eZ/YFvZ/NyHpmaLd/1O7DSdAzOk39fWwJdi0TMZHgxKeD8PxqY/kbaqkK+wcCAAA=[0m[INFO] 
[8mha:AAAB7B+LCAAAAAAAAACFkd+Ok0AUxsdqtfFS79yYkBj/pSl/NtTFbjax0EK6iy0bVmKXeDHQWQrCUGEgVBOfxwt9GV/AeLUxxndwBsoa44VnLuaXM+c735fM51+gm2fg0bpY5SnmN3ERhDjnIc5DP43TjB9T0hjNU4JAU9c6oGOCXj3wEm4IeGw2emGnF670wpWeDh6a4MYKEkjAHTOCJRRiiAPBJlmIg8MqA/d2KfwU52mMeK25/3YG1YYGfvj/wNTw56de+n1pX3bAdRd0vaAOe9f915y+XrDXd+AjuElTYpggxp1qU2StgmcKfqf48tW5/HH/g1EHosl6BNx6IGvsMNJ1kRYjUWTc9FqSnyn7qtzO6Xo715BeV8H8e+1mUWz3aZM/mxk3vZak6fPdPtbRJu1cQ9MhOwR0K4KyhIBv7myuL95we66SrOFoTGup9k1t3JbqKUOoEi+cndpJND95JVtivzw2p3IhBaUVocqcONb7ajU1yjI5778+GJ6jt2a8cC7Ks8hXdOs4gEYYzowTGBpDa6vI5dZ3JhLWxpK9pQaRpunqqebsHyyiZe15dLTnislgMOCCBJYID5o/Hkm8PAoQRhkk6AzlxCaFl3NPvCKMV0aWpmWI8qfcCy5HMPPXHF1w+zfWq68m3gIAAA==[0m[INFO] [8mha:AAAAYB+LCAAAAAAAAABb85aBtbiIQSmjNKU4P0+vJLE4u1gvPjexLDVPzxdEGvvmZ+X75ZekLlOVfvTjc8FPJgaGiiIGKaiG5Py84vycVD1nCA1SyAABjCCFBQCV27OjYAAAAA==[0m--- gmaven-plugin:1.4:generateTestStubs (buildGroovies) @ search ---
[8mha:AAABTB+LCAAAAAAAAACFj0FLwzAUx5/VafGoN0EsiHprO62i7KTdOpQ6DwNBhodsjXXSJTVJpSD4eTzol/EbeBoifgeTppmIB18O+fHy/7/3z8sXNDiD7dsi4ZS4eVakY8JdRPh4RDPK3GNJoaIeFRh0zVlgxWBXgnOUC9iJtd+r/d7M7838UtiKYSFBAglYie/QA/IyRFKvL9iYpK2SwVqdYkQJpxl2Q33/3gxlLgNv/R9YLvx8tun7VX9qwfwAGsO0Crs6+Ltcvt6o13t4gkWZkqAJVmyVecGMw1UOt3a8vl1OP9Yfu1UgmcwWsLQZhOooiiJfliLfV6x7hoKDw92TwOiiyOg0RVUVar9tJvu+mRe2fyYr1j1Dzc5RPU91wrbRaersqyOgUQrMJgI2Bqe96OLa6WKCGRI4cZp7zpn8qsNFMeTL39HyiMEeAgAA[0m[INFO] Generated 13 Java stubs
[8mha:AAABYB+LCAAAAAAAAACFj0FLwzAUx5/VafGoN0EoiO5kW2XKdCftVhHqPMwJMjzENquVmtQklYrg5/GgX8Zv4GmI+B1M2mYiHnw55MfL///ePy9f0OAMNq7ziFNiZ2keJ4TbiPAkpCll9oEkT1GfCgxVzRhgBGCWghOUCWgGld+p/c7U70z9UtgJYC5CAglYCm7QPXJSRGJnIFhC4k7BYKVOEVLCaYptr7p/b4Yik4HX/w8sF34+m/T9YjAxYHYEjau4DLs8+rtcvo7V6x08wbxMSdAtVmwUWc60w1YOu3a8vp1PPlYfj8pAMpkpYGGt5amjyPddWYpcV3HV09TabW8ftrTO97WuIr+sXO039WTX1fO87s9kxVVP01Zvr56nOl5X6yrq7agjoFEIzG4F7I+O+/7ppTXk8ktWc3jmb7abFiYhjVRDUCuk2YM1TlKpx5HFMKc5CzG3F78Bz0LDdTkCAAA=[0m[INFO] Using 'UTF-8' encoding to copy filtered resources.
[8mha:AAABSR+LCAAAAAAAAACFj8FKxDAQhsdqtXjUmyIURL21Vbqi7Em7WxHqelgQpHiI3Vor3aSbpFIRfB4P+jK+gadFxHcwaZoV8eDkkI/J/8/8efkCk1HYvq1GjGCnLKosx8xBmOUJKQh1jgQFkgaEp6BqzgAjAqsRnKGSw06k/G7rd2d+d+YXwm4ECyPEEYeV6A7dI7dAOHOHnOY469YU1toUCcGMFKkTqPv3ZqhLEXjr/8Bi4eezRd4vh1MD5mMwr7Mm7Gr8d7l4vZGvE3iCRZESo3Eq2ajLimqHIx1O63h9u5h+bDyeNIFEMovD0qYfyCMpDD1RkjxPsupp8vcP9o59rQtDrVMUNlXJ/Zae7Hl6XtD7mSxZ9TTt9g/bebIT9LROUb8jDwez5ikdc1iPTwfh+ZUdkPJBfMru2DRlpKJJypa/AYIVvOcaAgAA[0m[INFO] Copying 5 resources
[8mha:AAABOR+LCAAAAAAAAACFjsFKxDAQhsdqtXjUmyAIot7SKlWUPbndrQh1PSwIUjzE3Vor3aSmqRQEn8eDvoxv4GkR8R3MNM2KeHDmkI/J/8/8L19glwK2b6txyRkp8irNWEkoK7MRz7kgx4oCpAGXCeias8CKwGkEZ7SQsBNpv9v63ZnfnfmVsBPBwphKKmEluqMP1M0pS92hFBlLO7WAtTbFiLOS5wkJ9Pv7MtSFCrz1f2B18PPZ4e+Xw6kF8zHY12kTdjX+e1z93uDvPTzBokrJ6CRBtuqiEsZB0EFax+vbxfRj/fGkCaSSORKWNv0AGykMPVVInoesZ4b8g8O9rm90YWh0msKmKrzvmM2eZ/YFvZ/NyHpmaLd/1O7DSdAzOk39fWwJdi0TMZHgxKeD8PxqY/kbaqkK+wcCAAA=[0m[INFO] 
[8mha:AAAB6h+LCAAAAAAAAACFkctu00AUhodAIGIJOyokS6hcFPmSyGlNqkrETmylNYlLwCK1WEyciWPXl2CPLQcknocFvAxvwKpCwDswY2eKKhacWfjTOec//y/5y2/QzFLweJ0vsyQWNmHu+XEmwDjz3SRMUmFASKM0STACdd1ogIYJWtXCS7jB4IlZ68WdXrzSi1d6snhkgltLiCEG98wAFlAMYeyJM5z6sXdUpuDBLoWbxFkSIkGrv9edQbkhgff/H5gY/vzcSr7PZ5cNcNMBzYVXhb3v/GtOpis6fQ8+gdskZQwjRLlRbvKUKQSqEHaKr9/syx8PPxpVIJKshcGdR7JGHyVdl0hRkiTKdY+RfKB0VZnt6Trbq0mvKqf+LXZZktg9bfj3MuW6x6gzer67RzvakO3VNOrRh0GzxCiNMPjljCf69B235yjRGvYHpOZq29QGrNSF0oMqXvjjs1kUTE7fyJbULk7MkZx3vMIKUGkObetDuRwZRRGdt98e9s7RhRlO7VXxOnAV3TrxoOH7Y+MU+kbP2ipysXXtYSfWBp3ZlhgEmqarZ5rdPZwG88rz+HjPkSKe57kIFijmU5QleeqijK9/dr8rHPQxyvArNuCeLtEK5iHmr7WfcS+4DMHUXXPk2t0/tPG+XusCAAA=[0m[INFO] [8mha:AAAAYB+LCAAAAAAAAABb85aBtbiIQSmjNKU4P0+vJLE4u1gvPjexLDVPzxdEGvvmZ+X75ZekLlOVfvTjc8FPJgaGiiIGKaiG5Py84vycVD1nCA1SyAABjCCFBQCV27OjYAAAAA==[0m--- maven-resources-plugin:2.6:testResources (default-testResources) @ search ---
[8mha:AAABiB+LCAAAAAAAAACFkc9Kw0AQxsdqtXjUmyAERD2ZTbWK0pOmjQixHqqCFA/bdJumTXfj7qYNCD6PB30Z38BTEfEd3M2finhw9jA/Zuab+UJevqAsOOwM4p5g1IzC2A+oMDEVgcdCxs1TRbamFpMEslgoQcmFSjpwiSMJu26mR7kezfVorleDdReWelhiCWvuEE8wCjH1UVvygPr1hMNG7sJjVLCQmHaWf1+GJFKGt/83rA5+PlfY+117VoLFDpS7fmp2vfP3uOr2dfcBnmBZuaR4TDSXkijmhcLUCjNXvL7dzj42H89TQ8pZRcLKVs3WT5PjWCo0WZbmrFZQ7eh4/6xWzDlOMZeRk0as71eKzZZV7LMbP5s1Z7WCqs2TfJ+u2I1iLqPmoX4SyokkfCxh2rloOVf3Rp5sNo6CUH2dUT0wBIu5R4x+EBJhSGagCeYoDLpoSOhI/+Mh6wp03SaYe4MbGkhJhERTxkciwh5BgvBJoLLE3CcS6e6eF2IhiFj9Bug/W0F2AgAA[0m[INFO] [INFO] Compiling 13 source files to /var/lib/jenkins/jobs/TSearchUnittest/workspace/service/target/test-classes
[8mha:AAABMR+LCAAAAAAAAACFjrFOwzAQhq+BQMQIGxITAjY7oIBAnSBtWAJLJSTUybQhBKV2cJwqEhLPw9C+DG/AVCHEO+CL4yLEwN3gT+f/v/tnX+CWEvYfqnEpOCnyKs14SRgvs5HIhSTnmkKka6ESMNVxwInBawRXrFBwEBs/bf106adLvxZ2Y1gdM8UUbMaPbMpoznhKB0pmPO3WErbbFCPBS5EnJDTv78tQFzrw3v+B9cHPV0+83w4WDqwMwb1Lm7Bbw7/H9e89/j7BC6zplJxNEmSnLippHQQdpHXM324WHzvPl00gncxTsL4bhNhIUeTrQvJ9ZDOzFJycHl0EVhdFVmcoaqrC+57d7Pt2X9j72YxsZpYO+2ftPpyEPasz1D/GVuDWKpETBZ2Nbxim58gAAgAA[0m
[8mha:AAAB6x+LCAAAAAAAAACFkctu00AUhodAIGIJOyokS6hcFPmS4FCTqhLxJLbSmiRVwCK1upg4E8eub9hjywGJ52EBL8MbsKoqxDswY8cFxIIzC3865/zn/yV/+QmaaQIeb7JVGoVC7GeOG6YCClPXjvwoEQaUIKNJRDCo6kYDNAzQKhdeo5iAJ0alF3d68VovXuvp4qEBbq0QQQTcMzyUI9FHoSPOSeKGzmGRgAe7FHYUppGPBVh9/3YGRUwD7/8/MDX88bkVfV/MLxvgpgWaS6cMe9/615xO12z6HnwCt2nKEAWYcaOIs6RWCEwh7BRfv5mXVw8/6mUgmqxFwJ1HMmSPkaZJtBhJEuOqV5P8Qumqcr2nafVeRVpZGfNv1Zclqb4Hh78vM656NXVGL3f3WAcO672KRj32CGgWBCcBAVfWeKJNz7k9Swk2qD+gtVDbBhzUpS6VHlLJ0h2fzgNvcvJWnknt/NgYyVnHyWceLoyhOftQrEZ6ngdn7XcHvTN8YfhTc52/8WxFmx07SHfdsX6CXL032ypyvrXNYSeEg858Sw08CDX1FJrdg6m3KD2PjvYsKeB5ngtQjkPejoLY9XHCV/+63xWeC90+wSmB1YR7usJrlPmE/6P5jHvFpRgl9oajp+7+An8RNufoAgAA[0m[INFO] [8mha:AAAAYB+LCAAAAAAAAABb85aBtbiIQSmjNKU4P0+vJLE4u1gvPjexLDVPzxdEGvvmZ+X75ZekLlOVfvTjc8FPJgaGiiIGKaiG5Py84vycVD1nCA1SyAABjCCFBQCV27OjYAAAAA==[0m--- maven-compiler-plugin:2.3.2:testCompile (default-testCompile) @ search ---
[8mha:AAABOR+LCAAAAAAAAACFjsFKxDAQhsdqtXjUmyAIot7SKlWUPbndrQh1PSwIUjzE3Vor3aSmqRQEn8eDvoxv4GkR8R3MNM2KeHDmkI/J/8/8L19glwK2b6txyRkp8irNWEkoK7MRz7kgx4oCpAGXCeias8CKwGkEZ7SQsBNpv9v63ZnfnfmVsBPBwphKKmEluqMP1M0pS92hFBlLO7WAtTbFiLOS5wkJ9Pv7MtSFCrz1f2B18PPZ4e+Xw6kF8zHY12kTdjX+e1z93uDvPTzBokrJ6CRBtuqiEsZB0EFax+vbxfRj/fGkCaSSORKWNv0AGykMPVVInoesZ4b8g8O9rm90YWh0msKmKrzvmM2eZ/YFvZ/NyHpmaLd/1O7DSdAzOk39fWwJdi0TMZHgxKeD8PxqY/kbaqkK+wcCAAA=[0m[INFO] 
[8mha:AAAB5x+LCAAAAAAAAACFkU2L00AYx8dqtXjUm4sQEN8ozcuSurHLgs20Cd2NbZZqsFv2ME1n04l5M5mEVMHP40G/jDePnhYRv4MzSbMiHnzmMD+eef7P/w/z+RdoZyl4tMnXWRyJSZB7JMpEFGXEjYM4FYeMIKdpTDGo61oLtCzQqQZeooSCx1atl3Z66UovXenZ4KEFbqwRRRTcsXxUIClAkSfNaUoi77BMwb1dCjeOsjjAIqzvv51BmbDAD/8fmBn+/NSJvy/mly1wfQnaK68Ke3f5rzl7veCv78BHcJOljFCIObfKJE8bhcgV4k7x5atz+eP+B7MKxJJ1KLj1QIX8cDIMmRUnWeZc9xpSn2n7utrMGUYzV5NRVc79O81mWW72wdGfzZzrXkPK+PluH+/AUTNX07jPDwXtkuI0pODbcjI1ZufC3lILN2gwZLXQuxYcNqWvtD7S6YpMTuehPz15rdpytzi2xmqueIXt49IaOfb7cj02iyI867456J/ht1Ywcy6KV76rGfaxh0xCJuYJImbf3mpqsXWdkRLBoTLfMgMfQkM/hc7+wcxfVJ5HR3tLOez1eoIXogJHvfqPB4qoDijOKIzDhARYeLLKSbA20zguCM6eCi+EDKPU3QhMevs3ZTG7ctgCAAA=[0m[INFO] [8mha:AAAAYB+LCAAAAAAAAABb85aBtbiIQSmjNKU4P0+vJLE4u1gvPjexLDVPzxdEGvvmZ+X75ZekLlOVfvTjc8FPJgaGiiIGKaiG5Py84vycVD1nCA1SyAABjCCFBQCV27OjYAAAAA==[0m--- gmaven-plugin:1.4:testCompile (buildGroovies) @ search ---
[8mha:AAABTh+LCAAAAAAAAACFjsFKw0AQhsdoNHjUmyAERb0lUaMoPWnaFCHWQ0GQ4GFtY4yku+nupkQEn8eDvoxv4KmI+A7uZrMV8eDMYT9m/3/mf/kCk1HYviuHjGCnyMs0w8xBmGUDkhPqnAgKJPUIT0DVnAFGBFYtOEcFh51I+d3G78787swvhK0IFoaIIw4r0T2aIDdHOHX7nGY4bVUU1poUA4IZyRMnUO/vy1AVIvDW/4HFwc9ni7xf9acGzMdg3qR12NX473Hxeyt/x/AEiyIlRqNEslEVJdUORzqcxvH6djn9WH/s1oFEMovD0qYfyJYUhp4oSZ4nWc00+YdHe6e+1oWh1ikK6yrlfUtv9jy9L2j/bJasZpp2O8fNPjkJ2lqnqHMgm4NZ8YSOOGzEZ73w4toOyKjI8mRo73t2lxIyebAHOWIsYcvfX8IuaSECAAA=[0m[INFO] Compiled 30 Groovy classes
[8mha:AAABOR+LCAAAAAAAAACFjsFKxDAQhsdqtXjUmyAIot7SKlWUPbndrQh1PSwIUjzE3Vor3aSmqRQEn8eDvoxv4GkR8R3MNM2KeHDmkI/J/8/8L19glwK2b6txyRkp8irNWEkoK7MRz7kgx4oCpAGXCeias8CKwGkEZ7SQsBNpv9v63ZnfnfmVsBPBwphKKmEluqMP1M0pS92hFBlLO7WAtTbFiLOS5wkJ9Pv7MtSFCrz1f2B18PPZ4e+Xw6kF8zHY12kTdjX+e1z93uDvPTzBokrJ6CRBtuqiEsZB0EFax+vbxfRj/fGkCaSSORKWNv0AGykMPVVInoesZ4b8g8O9rm90YWh0msKmKrzvmM2eZ/YFvZ/NyHpmaLd/1O7DSdAzOk39fWwJdi0TMZHgxKeD8PxqY/kbaqkK+wcCAAA=[0m[INFO] 
[8mha:AAAB5h+LCAAAAAAAAACFkU2L00AYx8dqtXjUm4sQEN8oeSupG7ss2Eyb0N3YZqkGu2EP03SaJualJpOQKvh5POiX8ejN0yLid3AmaVbEg88c8ptnnv/z/0M+/wLtLAWPNvkqS2JhG+aeH2cCijPfTcIkFYaUIKNpQjCo61oLtEzQqQZeoi0Bj81aL+714pVevNLTwSMT3Fghggi4YwaoQGKIYk+ck9SPvaMyBff2KdwkzpIQC7D+/u0Myi0N/PD/ganhz0+d5PtiftkC1x3QXnpV2LvOv+b0dc1e34GP4CZNGaMIM26V2zxtFAJTCHvFl6/25Y/7H4wqEE3WIeDWAwWyw0jXJVqMJIlx3WtIeab2NKWZ0/Vmria9qpz5d5rNktTsg6M/mxnXvYbk8fP9PtaBo2aupnGfHQLaJcFpRMA3ZzLVZxfcgaNGGzQY0lpoXRMOm9KWah9pZOlPzuZRMD19rVhStzgxx0oue4UV4NIc2db7cjU2iiI677457J/jt2Y4s9fFq8BVdevEQ4bvT4xT5Bt9a6cqxc61R3IMh/J8Rw0CCHXtDNq9w1mwqDyPjw8cKeJ5notQgWM+y1O89lPM1/960BNkaUBwRrgnK7xGeUh4dnvKveAyjFJ3w1Ht7d8mUkaL2QIAAA==[0m[INFO] [8mha:AAAAYB+LCAAAAAAAAABb85aBtbiIQSmjNKU4P0+vJLE4u1gvPjexLDVPzxdEGvvmZ+X75ZekLlOVfvTjc8FPJgaGiiIGKaiG5Py84vycVD1nCA1SyAABjCCFBQCV27OjYAAAAA==[0m--- maven-surefire-plugin:2.10:test (default-test) @ search ---
[8mha:AAABgh+LCAAAAAAAAACFkcFKw0AQhsdqtXjUmyAURD2ZjVJF7UnTRoRaD1VBiodtuk1T0904u6kRwefxoC/jG3gqIr6Du01SEQ/OHvZjdv5/ftiXLyhKhI1+3JWCW1EY+wGXFuUy8EQo0DrS5BhqCsUgrZkCFBpQmgyc0UjBZiPVk0xPpnoy1evBagPmulRRBUuNAR1RElLuk5bCgPvVBGElS+EJLkXILCe9f2+GJNKB1/8PrBd+PpfE+3VrXIDZNhQ7/iTscvvvcv3aM6938ATzOiWnQ2a4kEQx5grLKKxM8fp2Nf5YfTyZBNLJSgoW1iqOOYZc19ZlyLYNp72cKnv7O8eVfM5187mU3EnFZn8pd7bt3M+p/TgbTns5bdcPMj/TcWr5XEr1XXMUFBPFcKgA26dN9/ym3IqR9QJkZWSRQFXuavaUwIfDMhlRJGHQIQPGb83XDkRHkosWo+j1L3mgFJOK3Au8lRH1GJEMR4G+FUWfKSIz563UWS5+A6NMb1VxAgAA[0m[INFO] Surefire report directory: /var/lib/jenkins/jobs/TSearchUnittest/workspace/service/target/surefire-reports
[8mha:AAABMR+LCAAAAAAAAACFjrFOwzAQhq+BQMQIGxITAjY7oIBAnSBtWAJLJSTUybQhBKV2cJwqEhLPw9C+DG/AVCHEO+CL4yLEwN3gT+f/v/tnX+CWEvYfqnEpOCnyKs14SRgvs5HIhSTnmkKka6ESMNVxwInBawRXrFBwEBs/bf106adLvxZ2Y1gdM8UUbMaPbMpoznhKB0pmPO3WErbbFCPBS5EnJDTv78tQFzrw3v+B9cHPV0+83w4WDqwMwb1Lm7Bbw7/H9e89/j7BC6zplJxNEmSnLippHQQdpHXM324WHzvPl00gncxTsL4bhNhIUeTrQvJ9ZDOzFJycHl0EVhdFVmcoaqrC+57d7Pt2X9j72YxsZpYO+2ftPpyEPasz1D/GVuDWKpETBZ2Nbxim58gAAgAA[0m
[8mha:AAABNR+LCAAAAAAAAACdjrFKxEAQhsdoNFhqJ1iJWrkbJcrJVZq72ESbA0GuWu9ijOR242ZzBASfx0JfxjewOkR8B3ey2ROxEJwp9mP2/2f+509wSwk7t9W4FJwUeZVmvCSMl9lI5EKSE00h0oVQCZhacMCJwWsE56xQsBsbP239dO6nc78WdmNYGjPFFKzFd2zKaM54SgdKZjzt1hI22hQjwUuRJyQ078/LUBc68PbfgfXBjydPvF0NZg4sDsG9Tpuw68Pfx/XvDf7ewyMs65ScTRJkpy4qaR0EHaR1vLxezt43H86aQDqZp2BlKwixkaLI14Xk+8hmZik46hycBlYXRVZnKGqqwvue3ez7dl/Y+96MbGaW9vvH7T6chD2rM9Q/xFbg1iqREwWdvf/V6hdjsPiwNwIAAA==[0m-------------------------------------------------------
[8mha:AAABOR+LCAAAAAAAAACFjsFKxDAQhsdqtehNb4JQEPWWVqmi7Em7rZfqpSLInuJurSvdpKapFASfx4O+jG/gaRHxHcw0zYp4cALJx+T/Z/6XL7ArAdu39ajijJRFnY9ZRSirxkNecEGOFYVI51xmoGvOAisBpxWc0VLCTqL9Xuf3Zn5v5lfCXgILIyqphNXkjj5Qr6As91IpxizvNQLWuxRDzipeZCTU7+/N0JQq8Nb/gdXCz2eHv1+lUwvmB2Bf523YtcHf5er3Bn/v4QkWVUpGJxmy1ZS1MA6CDtI5Xt8upx8bj6dtIJXMkbC0GYR4kOLYV4Xk+8i6Zyg4ONw7CYwujo1OU9xWjfsdM9n3zbyw/zMZWfcM7UZH3TzshH2j0xTt45FgNzITEwkr7oUbuam60+Vv763aYgoCAAA=[0m T E S T S
[8mha:AAABNR+LCAAAAAAAAACdjrFKxEAQhsdoNFhqJ1iJWrkbJcrJVZq72ESbA0GuWu9ijOR242ZzBASfx0JfxjewOkR8B3ey2ROxEJwp9mP2/2f+509wSwk7t9W4FJwUeZVmvCSMl9lI5EKSE00h0oVQCZhacMCJwWsE56xQsBsbP239dO6nc78WdmNYGjPFFKzFd2zKaM54SgdKZjzt1hI22hQjwUuRJyQ078/LUBc68PbfgfXBjydPvF0NZg4sDsG9Tpuw68Pfx/XvDf7ewyMs65ScTRJkpy4qaR0EHaR1vLxezt43H86aQDqZp2BlKwixkaLI14Xk+8hmZik46hycBlYXRVZnKGqqwvue3ez7dl/Y+96MbGaW9vvH7T6chD2rM9Q/xFbg1iqREwWdvf/V6hdjsPiwNwIAAA==[0m-------------------------------------------------------
[8mha:AAABZh+LCAAAAAAAAACFkUFLwzAUx5/TafGoN0EQRL2lVaYonrRbB1IV3BBkpyyLXV2X1CQdFcHP40G/jN/A0xDxO5i0zUQ8+HLILy/v/94/5OUL6lLA9jAbSM5QmmRRzCTCTMaEJ1ygE02+oQuuKJQxV4NaCE5RcI5TBTthqXcrvTvTuzO9LjwOYWGAFVawEt7hCXYTzCK3o0TMouNcwFrlgnAmeUKRX+6/J0OeasNb/xvWAz+fHf5+05nWYL4H9X5UmF3t/R2ub2/N7T08waJ2yfCYGq7laSasAhkFqhSvb9fTj/XHdmFIO3MULG02fLMMBYGnw5DnGS5zlhoHh3unDVsXBLaupKCIzMx3bGfPs/385k9nw2XO0m7rqOpnMn7T1pXU2jdLQT1XVIwVtK8yxvRrNggfI4HJSKaYUCQpFmSoNzGJ9ZFwYf5C0G5MRlRdsohrTeeBkTPe71Kplr8Bomtmt0YCAAA=[0mRunning com.rackspace.search.service.core.CoreTicketOngoingSyncJobTest
[8mha:AAABZR+LCAAAAAAAAACFjsFKw0AQhsdoNXjUmyAERL2UJK1VtD1p2ggSvbQI0tParjGa7qa7GwkIPo8HfRnfwFMR8R3czWYr4sGZw37M/v/M//IFNc5g5zYfc0rcLM3jhHAXEZ6MaEqZeywpUHRBBQZdCxZYEdil4BxlAnYj7fcqvzf3e3O/FHYiWBojgQSsRXfoAXkpIrHXFywhcadgsFGlGFHCaYrdQL+/L0ORycDb/weWBz+fbfp+1Z9ZsDiE2nVchl0f/j0uf2/U7xSeYFmmJGiCFVtFljPjcJXDrRyvb5ezj83H0zKQTGYLWNlqBaoVhaEvS5HvK9YzQ62Dw+ZJy+jC0Og0hWXl6r5tNvu+2Rd0fzYr1jNDjd5RtU9Ngq7RaertqxZQKwRmEwFnA8wFd1hO2s5e3QlRkuYM87bj150eY5Rp7N8nWYbHJQ+SCXZwijKuBk230Ww4HI9WvwE4sBphSQIAAA==[0mTests run: 3, Failures: 0, Errors: 0, Skipped: 0, Time elapsed: 2.121 sec
[8mha:AAABZh+LCAAAAAAAAACFkc9LwzAUx5/VafGoN0EQRL2lVaYonrRbB1IV3BBkpyyLXV2b1CQdFcG/x4P+M/4HnoaI/4NJf0zEgy+HfPLyvu99Q16+oCEFbI+yoeQMpXEWRkwizGREeMwFOtHkGbrgikIZcxZYAdhFwTlOFewEpd6p9M5M78z0uvA4gIUhVljBSnCHJ9iJMQudrhIRC49zAWuVC8KZ5DFFXrn/ngx5qg1v/W9YD/x8tvn7TXdqwXwfGoOwMLva/ztc396a23t4gkXtkuGEGrbyNBO1AhkFqhSvb9fTj/XHTmFIO7MVLG02PbMM+b6rw5DrGi5zNTUPDvdOm3Wd79d1JflFZGa+XXd23bqf1/rpbLjM1bTbPqr6mYzXqutKau+bpaCRKyoSBZ2rjDH9mg3CEyQwGcsUE4okxYKM9CYmkT4SLsxfCNqLyJiqS6Yhod0HRs74oEelWv4GqwWk1EYCAAA=[0mRunning com.rackspace.search.service.core.CoreTicketOneTimeSyncJobTest
[8mha:AAABZB+LCAAAAAAAAACFjsFKw0AQhsdoNXjUmyAERL2UJLVVtD1p2ggSvbQI0tParjGa7qa7GwkIPo8HfRnfwFMR8R3czWYr4sGZw37M/v/M//IFNc5g5zYfc0rcLM3jhHAXEZ6MaEqZeywpUHRBBQZdCxZYEdil4BxlAnYj7fcqvzf3e3O/FHYiWBojgQSsRXfoAXkpIrHXFywhcadgsFGlGFHCaYrdQL+/L0ORycDb/weWBz+fbfp+1Z9ZsDiE2nVchl0f/j0uf2/U7xSeYFmmJGiCFVtFljPjcJXDrRyvb5ezj83H0zKQTGYLWNlqBaoVhaEvS5HvK9YzQ62Dw72TltGFodFpCsvK1X3bbPZ9sy/o/mxWrGeGGr2jap+aBF2j09TbVy2gVgjMJgLOBpgL7rCctJ1m3QlRkuYM87bj150eY5Rp7N8nWYbHJQ+SCXZwijJeDtxms+FwPFr9BsxsvYFJAgAA[0mTests run: 3, Failures: 0, Errors: 0, Skipped: 0, Time elapsed: 0.331 sec
[8mha:AAABYR+LCAAAAAAAAACFkUFLwzAUx5/VafGoN0EQRL2lVaYoO7lu9VJF3BBkp5jFrq5LapKOguDn8aBfxm/gaYj4HUzaZiIefDnkl5f3f+8f8vIFDSlgd5QPJWcoS/M4YRJhJhPCUy7QqabA0AVXFKpYcMCJwC0LznGmYC+q9F6t9+Z6b67Xha0IloZYYQVr0T2eYi/FLPZ6SiQsbhUCNmoXhDPJU4qCav89GYpMG97537Ae+Pns8veb3syBxQE0buPS7Prg73B9e2duH+AJlrVLhifUsFNkubAKZBSoVry+Xc8+Nh/PSkPamatgZbsZmGUoDH0dhnzfcJWz1Dw6Pmg3bV0Y2rqKwjJyM9+1nX3f9gs6P50NVzlL+92Tup/JBB1bV1H30CwFjUJRMVHQvsoZ06/ZInyCBCZjmWFCkaRYkJHexDTRR8KF+QtB+wkZU3UpOKFSctGnUq1+AxwABTxBAgAA[0mRunning com.rackspace.search.service.core.CoreTicketProcessorTest
[8mha:AAABYx+LCAAAAAAAAACFjs9Kw0AQxsdoNXjUmyAERL2UJJX6rz1pmogQvbQI0tParjGa7sbdjQQEn8eDvoxv4KmI+A7uZrMV8eDMYX/Mft/M9/IFDc5g66YYc0rcPCuSlHAXEZ6OaEaZeyQpUHROBQZdcxZYMdiV4AzlArZj7fdqvzfzezO/FHZjWBgjgQSsxLfoAXkZIonXFywlSbdksFanGFHCaYbdQL+/L0OZy8Cb/weWBz+fbfp+2Z9aMD+ExlVShV0d/j0uf6/V7z08waJMSdAEK7bKvGDG4SqHWzte3y6mH+uPJ1UgmcwWsLTRDlQriiJfliLfV6xnhtp7BzvHbaOLIqPTFFVVqPu22ez7Zl/Q+9msWM8MtcLDep+aBD2j0xTuqhbQKAVmEwGnA8wFd1hBOk6r6UQozQqGecfxm07IGGUa+3dpnuNxxYN0gh2coZxXA9ffdzgeLX8DuHUpHUgCAAA=[0mTests run: 1, Failures: 0, Errors: 0, Skipped: 0, Time elapsed: 0.07 sec
[8mha:AAABZx+LCAAAAAAAAACFkUFLwzAUx5/TafGoN0EQRL2lVaYoO2m3DqEquCHITjGLXV2X1CQdFcHP40G/jN/A0xDxO5i0zUQ8+HLILy/v/94/5OUL6lLA9jAbSM5QmmRRzCTCTMaEJ1ygY02+oXOuKJQxV4NaCE5RcIZTBTthqXcrvTvTuzO9LmyGsDDACitYCe/wBLsJZpHbVSJmUTMXsFa5IJxJnlDkl/vvyZCn2vDW/4b1wM9nh79fd6c1mO9D/SYqzK72/w7Xt7fm9h6eYFG7ZHhMDdfyNBNWgYwCVYrXt6vpx/pjpzCknTkKljYbvlmGgsDTYcjzDJc5S42Dw72Thq0LAltXUlBEZuY7trPn2X5+66ez4TJnabd9VPUzGb9l60pq75uloJ4rKsYKTi8zxvRrNggfI4HJSKaYUCQpFmSoNzGJ9ZFwYf5C0F5MRlRdsA7Xmu4DI8dEcdGjUi1/A+rd0TNIAgAA[0mRunning com.rackspace.search.service.core.CoreTicketOnGoingSyncActorTest
[8mha:AAABYx+LCAAAAAAAAACFjsFKw0AQhsdoNXjUmyAERL2UJNZUtD1p2ggSvVQE6Wlt1xhNd+PuRgKCz+NBX8Y38FREfAd3s9mKeHDmsB+z/z/zv3xBgzPYuinGnBI3z4okJdxFhKcjmlHmHkoKFZ1RgUHXnAVWDHYlOEW5gO1Y+73a78383swvhd0YFsZIIAEr8S16QF6GSOINBEtJ0i0ZrNUpRpRwmmE31O/vy1DmMvDm/4Hlwc9nm75fDqYWzA+hcZVUYVeHf4/L32v1ew9PsChTEjTBiq0yL5hxuMrh1o7Xt4vpx/rjcRVIJrMFLG0EoWpFUeTLUuT7ivXMULC33zoKjC6KjE5TVFWh7ttms++bfWHvZ7NiPTO00z+o96lJ2DM6Tf22agGNUmA2EXByjrngDitIx9ltOhFKs4Jh3nH8ptNnjDKNg7s0z/G44vN0gh2coZxXA7cVtB2OR8vfyhAhE0kCAAA=[0mTests run: 3, Failures: 0, Errors: 0, Skipped: 0, Time elapsed: 0.245 sec
[8mha:AAABaB+LCAAAAAAAAACFkc9LwzAUx5/VafGoN0EQRL2lVaYoO81uFaEquCHITjGLXV2b1CQdFcG/x4P+M/4HnoaI/4NJf0zEgy+HfPLyvu99Q16+oCEFbI+yoeQMpXEWRkwizGREeMwFamvyDJ1zRaGMOQusAOyi4AynCnaCUu9Uememd2Z6XdgKYGGIFVawEtzhCXZizEKnp0TEwlYuYK1yQTiTPKbIK/ffkyFPteGt/w3rgZ/PNn+/7k0tmB9A4yYszK4O/g7Xt7fm9h6eYFG7ZDihhq08zUStQEaBKsXr29X0Y/3xpDCkndkKljabnlmGfN/VYch1DZe5mpoHh3vHzbrO9+u6kvwiMjPfrju7bt3P6/x0NlzmatrtHlX9TMbr1HUldffNUtDIFRWJgtPLjDH9mg3CEyQwGcsUE4okxYKM9CYmkT4SLsxfCNqPyJiqC0ZVlNDeAyNtorjoU6mWvwEah9szSAIAAA==[0mRunning com.rackspace.search.service.core.CoreTicketOnetimeSyncActorTest
[8mha:AAABYx+LCAAAAAAAAACFjsFKw0AQhsdqNXjUmyAERL2UZKtVtD1p2ggSvbQI0tParjGa7sbdjQQEn8eDvoxv4KmI+A7uZrMV8eDMYT9m/3/mf/mCuuCwdZOPBaNeluZxQoWHqUhGLGXcO1IUaDpnkoCpuRrUInBKwRnOJGxHxu9Xfn/m92d+JexEsDDGEktYiW7xA/ZTTGO/L3lC407BYa1KMWJUsJR4gXl/X4YiU4E3/w+sDn4+O+z9sj+twfwQ6ldxGXZ1+Pe4+r3Wv/fwBIsqJcUTorlWZDm3Dk87vMrx+nYx/Vh/PCkDqWSOhKWNVqBbUxgiVZoQ0mxmllr7BzvHLasLQ6szFJaV6/uO3YyQ3Rd0fzZrNjNLzd5htU9Pgq7VGert6ZZQLyThEwmnAyKkcHlO2+5uww1xkuaciLaLGm6Pc8YN9u+SLCPjkgfJhLgkxZkoBx5CTVeQ0fI3snHaPkkCAAA=[0mTests run: 3, Failures: 0, Errors: 0, Skipped: 0, Time elapsed: 0.001 sec
[8mha:AAABVB+LCAAAAAAAAACFj8FKxDAQhsfqavGoN0EQRL2lVaooe9LuVpDqwRVB9pTtxm61m9QkXQqCz+NBX8Y38LSI+A4mTbMiHpwc8nXy/zN/X76gJThsj8qhYBQVeZlmVCBMRZawnHF0rCjUdMEkAVNzDjgxuLXgHBcSdmLj9xq/N/N7M78StmNYGGKJJazEd3iCvRzT1OtJntG0XXFYa1IkjAqWExSa+/dmqAoVeOv/wGrh57PL3m96Uwfm+9AapHXY1f7f5er1Vr8+wBMsqpQUj4lmpypKbh1IO1DjeH27nn6sP57WgVQyV8LSZhDqoymKfFWafF+z6VkKDg73TgKriyKrMxTVVer9rp3s+3Ze2PmZrNn0LO12j5p5uhN2rM5Qd18fCa1KEj6WEFyWlKq/2UjYGHGc3IsCJwQJgnkyUhefZOrzjA16Bq+IkMvfNIYwFzMCAAA=[0mRunning com.rackspace.search.service.JobServiceTest
[8mha:AAABuh+LCAAAAAAAAACFkkFP2zAUx9/KCtWO44aEZAkxTrPTKlRATxAIQsoYUhkSqji4qRtcEjvYbumExOfhAB+E677BTmia9h1mNwkV4oB9eD+99/7v/eXk4R/UtYIvl+OBlgLn6TjhQmMqNI9lKhXetRQ4OpaGQXE+1KAWQWPW8I3mBjaiQk9KPXnRkxe9bexE8HFADTXwORrRCSUpFQnpGsVF0pkqWCldxFJomTIcFPH1Zpjm1vD6+4btwr/3Dfn7vPtcg4Ue1PvJzOxy7+1yWx266jXcwaJ1KWjGHNem+VhVCuwUuFQ8/jp7/rN6ezgzZJ01DCyt+YG7jsLQs8eR5zkuchX57a3Wnl/1hWHVV1A4O2O3v1FN9rxqXrA/n+y4yFXUPNgu57lMsF/1FXSw6a6B+tQwlRl4arZ3Wv6O38TtVhP1MsrFBTo6Dr8jFGOFtf0SWeZeWcmcKfMTn5Rg44QPmEJfUSTpwD4IKns402jIU4aGSmYF9ciEKpLyPhkxceV+j5Hsa3LaZVTFlz8EN4ZpQ26kutI5jRnRTE24jYaqhBkyn0xSGdPU1p0Qz/MXn/4D1rLc38gCAAA=[0m16:24:41.621 [main] INFO  c.r.s.common.property.PropertyProvider - Loading properties file from file [/var/lib/jenkins/jobs/TSearchUnittest/workspace/service/target/properties/local/search.properties]
[8mha:AAABvx+LCAAAAAAAAACFksFu00AQhodAaMSR3iohrVQVTuw6kRuV9tS6NUIypVIKUhX1sHE27qb2rju7SYOQeB4O9GHKG3CqEOId2I3tRohDZw/7aWb+mV9rf/8DbYPw8mI2NlrRMp9lUhnKlZGpzjXSfUeRp2NtBVTxqAWtBDrLhve8tPAqqfSs1rN7PbvXu8a9BJ6MueUWnidTPucs5ypjA4tSZXsLhI3aRaqV0bmgUXX/uxkWpTO89bBht/D3t47+eTa4a8HjIbRH2dLs+vD/5a468dUr+ApPnUvFC+G5tShn2CioV9BacfPj092vF1/eLg05Zx0La5th5I+nOA5ceAoCz1WuobC/0zsIm744bvoqipcx8/s7zeQgaOZFh6vJnqtcQ92jN/U8n4kOm76Kjrb9sdBeWIGFhdtuf7cX7oZd2u/1ybDgUp2Td8fxB0JSitS4L1EU/pVRlwLtZ3pSg7vnciyQvCaJ5mP3IKTukcKQicwFmaAuKhqyOUeWyxGbCnXpf4+pHhl2OhAc04uPSlorjGXXGi9NyVPBjMC5dLflmAnLVpNZrlOeu7oXUiNSFNbQVf382V/ED63l0AIAAA==[0m16:24:41.626 [main] INFO  c.r.s.common.property.PropertyProvider - Loading properties file from file [/var/lib/jenkins/jobs/TSearchUnittest/workspace/service/target/properties/local/search.secrets.properties]
[8mha:AAABvx+LCAAAAAAAAACFks9uEzEQxodAaMQRbpUqWUKlJ+xNtESlPbXbboW0BKRApSrqwdk4W6dee7GdNKhSn4cDvAviDThFCPEO2PunUdVD7cP8NDPfzCfvfv8HbaPh1cV8YpTEhZhnXBpMpeGpEkrjA0eRp4GyDKrzqAWtBDplw3taWNhJKj2p9eRWT271rnE/gScTaqmF58mMLigRVGZkaDWX2f5Sw2btIlXSKMFwVMW7m2FZOMPbDxt2C/9+66jfZ8NVCx6PoD3OSrMvRveXu+rUV7/ADTx1LiXNmefWspjrRoG9AteKH79OV3+2rk9KQ85Zx8LGyzDy11McB+54CgLPVa6hsL/bOwybvjhu+iqKyzP3+zvN5CBo5kVH68meq1xD3eO39TyfiY6avoqO3/hrob20TOcWfnb7e71wL+zifq+PRjnl8hy9G8QfEEqxxsZ9iTz3r6xVwbT9ij/W4OKCT5hGr1Gi6MQ9CKp7ODNoygVDU63yikZkQTURfExmTF7632OmxoZ8GjKq04vPklvLjCVXSl+agqaMGKYX3EVLdcYsWU8mQqVUECaosTw1pR6vy+fP/gPNeaRqzwIAAA==[0m16:24:41.626 [main] INFO  c.r.s.common.property.PropertyProvider - Loading properties file from file [/var/lib/jenkins/jobs/TSearchUnittest/workspace/service/target/properties/local/elasticsearch.properties]
[8mha:AAABeR+LCAAAAAAAAACFkEFLwzAUx5/T6fCoN0EIiHoy7UbddDtpt4ow56EgyPAQu9hVurQm6RgIfh4P+mX8Bp6GiN/BpGkn4sGXQ395+f/f+9OXL6gKDnvjbCQShtM4CyMmMGEiCpI44fhEkatpkEgKppYqUOlDLRdckFTCft/4rcJvLfzWwq+EnT6sjIgkEjb692RKrJiw0PIlj1jYmXHYKlIECRNJTLFrvr83wyxVgXf/D6wWfj7Xkvdrf16B5SFUb8M87Obw73L1eqdfH+AJVlVKRiZUc2WWZrx0YO3AheP17Wr+sf14lgdSyWoS1nYcVx9Nnmer0mTbmk2vJKd51Dh1Sp3nlTpDXl6Z3l8rJ9t2Oc/t/kzWbHol1XvHxTzdcbulzlDvUB8J1ZmkfCJhUm+2G07bqeNWq4GGExKxG3Q+8C4RCjDHAtOYCBkFghIejHHP3Pz85lM+pRwdIF8SLtUvQXJMUSFBRoOEEbFkRNvr3xXj5vFsAgAA[0m16:24:41.772 [main] INFO  c.r.s.elasticsearch.ElasticSearchServer - Starting the Elastic Search server node:
[8mha:AAABhB+LCAAAAAAAAACFkM1Kw0AUha/VanCpO0EYEHXlJI1p6c9K00aEWhcFQUIXYxvT0XQmTaZSLPo8LvRlfANXRcR3cCY/leLCO4t8c+ecew95/YZiHMHBcDKIOcNhMPEpizFhMe3zgEf4RJKtqMOFB2mtFKDQBi0RXJBQwGE79euZX1/49YVfChttWBsQQQRste/IA9EDwny9KyLK/MY0gp0sRZ+zmAcettPv8maYhjLw/v+B5cKvF41/XHfnBVh1oXjjJ2G33b/L5euteh3DM6zLlIyMPMWFaTiJcgdWDpw53t6v5p+7s7MkkEymCdjYs2x1FDmOIUuRYShOezlZlap5auU6x8l1KTlJTdR+LZ9sGPk8u/k7WXHay6nUqmXzVMdu5rqUWmV1BBSnwotGAsalSt206lYJV2sGckeEsh467ziXCPHIx15AYkH7sUei/hAzPvDQEXJl594TybWHZksa3cClCjafXLNs1o57dUQZFZQE9FH+MoQx3vwBj4fcIHACAAA=[0m16:24:41.890 [main] INFO  org.elasticsearch.node - [ticket.node] {elasticsearch/0.16.2}[25293]: initializing ...
[8mha:AAABbR+LCAAAAAAAAACFkMFKw0AQhsdoNXjUmyAERD25SUssrT1p2ogQ66EgSOhhTdY0mu7GZCMFwefxoC/jG3gqIr6Du0m2Ih6cPezH7P/P/OzLFzTyDPYmRZgzitKkiGKaI0zzOGAJy9CxIEfSkHECVS1poHmgl4JznHLY9yq/WfvNhd9c+IWw58FKiDnmsOHd4gdsJphG5ohnMY16swy26hQBozlLCHKq+/dmmKUi8O7/gcXCz2edvV+N5hos+9C4jsqwm/7f5eL1Rr7ewxOsipQUT4lkbZYWmXIg6UC14/Xtcv6x/XhaBhLJdA5rO7YjjyTXtURJsizJVU+R3e60Tmylc12lq8gtq5D7dTXZstQ8p/8zWXLVU9QcdOt5suP0la6iwaE8HBozTrIph2GzfdSyj+wm6nS7hj/FMR0bZ0P3wjBYFiGS4JzHQU5wFkzUVxsHhi+ad4QjykIyNhKGQxIa/nj9Gz/v/ZtNAgAA[0m16:24:41.899 [main] INFO  org.elasticsearch.plugins - [ticket.node] loaded []
[8mha:AAABgB+LCAAAAAAAAACFjs1Kw0AUha/VanGpO0EIiLpykqZpte1K00aEWBcFQUIXYzumo+lMTSZSLPo8LvRlfANXRcR3cCY/leLCO4v55s45957XbyhGIewN40HEGRoHsU9ZhDCLaJ8HPETHkmxFHS4IpLVUgIILpURwjscC9t3Ur2d+fe7X534pbLqwMsACC9hwb/ED1gPMfL0rQsr85iSErSxFn7OIBwTZ6b24GSZjGXj3/8By4ddLiX9cdWcFWPageO0nYTe9v8vl7436vYdnWJUpGR4RxYXJOA5zB1IOlDne3i9nn9vT0ySQTFYSsLZj2eoochxDliLDUJz2crJqR+aJlescJ9el5CQVq/2lfLJh5PPs1u9kxWkvp3K7ns1THbuV61JqV9URUJwIEo4EBOVaw7QaloUOKxXNG2HKetpZx7nQNB76iAQ4ErQfERz2h4jxAdEONE927ohInj1tuqDRDVSuIfPJM6tmvdJraJRRQXFAH8lg/QfjfMvuawIAAA==[0m16:24:44.733 [main] INFO  org.elasticsearch.node - [ticket.node] {elasticsearch/0.16.2}[25293]: initialized
[8mha:AAABhh+LCAAAAAAAAACFkEFLwzAUx5/T6fCoN0EIiHoy7Wadup20W0Wo81AQZHiIXdwqXTqTbBYEwW/jQb+M38DTEPE7mDTtRDz4cugvL///e3/68gVlwWFrMO6JhOFRPO5HTGDCRBQmccLxkSJXUyeRFEzNlaDkQyUTnJGRhG3f+K3cb8381syvhE0fFnpEEgkr/i2ZECsmrG8Fkkes30w5rOUpwoSJJKbYNd/fmyEdqcCb/wdWCz+fK8n7ZTAtwXwXytf9LOxq9+9y9XqjX+/gERZVSkaGVHMpHY154cDagXPH69vF9GP94SQLpJJVJCxtOK4+mjzPVqXJtjWbXkFO/aB27BQ6zyt0hrysxnp/pZhs28U8t/UzWbPpFVRtH+bzdMdtFTpD7T19JJRTSflQwlO13qg5DcfB+7sO6g5JxK7Qacc7RyjEHAtMYyJkFApKeDjAbXMLsltA+YRytIMCSbhUvwTJAUW5BBkNEkbEkh5F95EcaI2gqi21QzSWvwEXzU7LgAIAAA==[0m16:24:44.734 [main] INFO  c.r.s.elasticsearch.ElasticSearchServer - Starting the Elastic Search server node with these settings:
[8mha:AAAEOh+LCAAAAAAAAAC1Vl9vIzUQXwqFikd4Q0JaCUFftnZa0gN8T5A2HNAWRAoSV1Urx55s3O7aW9vbJkXi8/AAX4ZvwNMJIb4D4/3XtL0TcHdspGR2PDP+zczP4/zyV7TubPTBvJLOaFLmVaa0I1w7JUxuLPkUpVGQjoyHqHleWYvWDqKN2uCQlz7aPGj8aetPe3/a+6Phw4PoNck999FbB2f8ktOc64xOvFU6e7iw0TstCmG0MzmQUfN7e+doUSLg9/8ZMG74588b5vcfJk/WoldPovVpVoN9++T+5rg6C6sX0U/R64hS8wKCvLYoK9t5kOBBWo9ff/v+yR/v/vh5DQiRbfjojfeGo/AJ0ng8wCdIg0GQG10nDR98vPPZsLMbjzu7RhrXTxX23+giDwZdvNHeTeQgN7pO2t7/pI0XNKO9zq6R9nfDx0frCw+28BtfbT9gO0M2HJKPhoP4pOBKn8ZfHI2/jmNBLHEEcu68Eg64FXOy37xN6rcJ2Euw8Va8v2oTT8B7rI+LWRyfCGOByCmpbM7O5FSw0jifWXAXOaNUwmVYrI0sF+eu5ALwtWC7ww93aNCnaJPE2kgguRE8Z95WkMRKS1hgz3m+dMo1wjUg4BpD6jzXkltJZirHRNlJbq7ACu7gNInblALJZiojJfdzRi+5pbma0jPQ54G/Z2bq6HGT6HdaeQ/O0ytjG4zUYe4Kfz23GXhaWlOC9QocrVHSW2VLYhTPwTeJIv9hZmzBPVvis3V4uCVl/OgRKwrmXBIHPMGIvyioWxhoiJjEIq8cFoQEerMOVaP790X1yxJY94Yx2x6X3DkEI1mbQ6jv/13Yem9eqpvNL7DRftmX3OjMBDYutSASnZeYDQKTju3gIUJmrRQisCyJ596XBDSf5iBbttXp5CZzL7clIWJXdV0VU7CpmaUWylwhVdmgT0IaURWgPVHyKOBtjFeyBy1LTNOzAB5R0itHsEE4GLOnnC4q/Dl63Q9fN7ZR9ostvJsyJTGXhdKrC7WizgRzDTvbSvjKAqOtKu1V5AyHdpe08wHbzJECCmOXfdVnPHdwvzJujnxzbLdDcK8s+HVvrSErtv9LM73haoWNqaG33F4tR39KiVcFXBsNbDQ57pfbUcjzMFPkt3gjwDfc8sIxYQG9ZMp9UpWyE0PL07KaYlOxt67EKw2nGq4+I+IxDuY2oDOVFZC6JZ7PImm7/l93QR74yiUXFSCVBWoyLHVSWmWswoOC50ZlGqDuZMKFMBVW7RbDpFU46HFOoC0zFkdmP8TJXr22QsW+sjhuC7Ch2W2a3dx96gDcPN7sRiCZTCaPHyexVE4YDL4k14D3fOByUeU+nA1/lypceIV/BnjlTdoUKK3Zw7bb0zs3COk5T28bIuifewAEzUqc9Er5edpO3hcKSu9O8f7+eDl7PPMyubPx6Zt/A2YM+/tKCgAA[0m16:24:44.740 [main] INFO  c.r.s.elasticsearch.ElasticSearchServer - Elasticsearch Settings :  [core.db.url:jdbc:postgresql://dev.db.core.rackspace.com:5432/core_dev, node.local:true, index.analysis.analyzer.search_standard.filter:[lowercase], elastic.config.path:/var/lib/jenkins/jobs/TSearchUnittest/workspace/service/target/properties/local/elasticsearch, ticket.core.dateformat:yyyy-MM-dd HH:mm:ss, path.data:/var/lib/jenkins/jobs/TSearchUnittest/workspace/service/target/elasticsearch/data, cluster.name:ticket.cluster, index.analysis.analyzer.search_standard.type:standard, core.db.password:, path.conf:/var/lib/jenkins/jobs/TSearchUnittest/workspace/service/target/properties/local/elasticsearch, core.api.password:qwerty, ticket.ongoingsync.delay.seconds:2000, name:ticket.node, http.enabled:true, path.logs:/var/lib/jenkins/jobs/TSearchUnittest/workspace/service/target/elasticsearch/logs, index.number_of_replicas:0, ticket.document.idName:number, core.api.endpoint:https://ws.staging.core.rackspace.com/ctkapi, ticket.document.type:ticket, ticket.index.name:ticket, admin.index.name:admin, indices.structure:/indices_structure.json, index.store.fs.memory.enabled:false, index.number_of_shards:5, admin.document.idName:name, admin.document.type:syncJob, core.db.username:search_api, ticket.core.date.timezone:CST, ticket.search.allowedRangeParams:created_at,updated_at,last_public_response_date, ticket.search.allowedTermParams:source_system,number,created_at,updated_at,last_public_response_date,status,queue,category,priority,assignee.name,account.number, core.driver.class:org.postgresql.Driver, core.api.username:rcameron, ticket.elastic.dateformat:yyyy-MM-dd'T'HH:mm:ss.SSSZZ, discovery.zen.ping.multicast.enabled:false, action.auto_create_index:1, path.home:/var/lib/jenkins/jobs/TSearchUnittest/workspace/service, path.work:/var/lib/jenkins/jobs/TSearchUnittest/workspace/service/work, path.work_with_cluster:/var/lib/jenkins/jobs/TSearchUnittest/workspace/service/work/ticket.cluster, path.data_with_cluster:/var/lib/jenkins/jobs/TSearchUnittest/workspace/service/target/elasticsearch/data/ticket.cluster]
[8mha:AAABgB+LCAAAAAAAAACFkM1Kw0AUha/VanCpO0EYEHXlJE3TatuVpo0ItS4KgoQuxjam0XQmTqYSKPo8LvRlfANXRcR3cCY/FXHhnUW+uXPOvYe8fEE55rA3no5iRnEUTv2AxpjQOBiykHF8LMlW1GPCg6yWSlDqgpYKzkkkYL+b+fXcry/8+sIvha0urIyIIAI2urfkgeghob7eFzygfivhsJWnGDIas9DDdvb9vRmSSAbe/T+wXPj5rLH3q/68BMsulK/9NOym+3e5fL1Rr/fwBKsyJSUTT3Epiaa8cGDlwLnj9e1y/rE9O00DyWSagLUdy1ZHkeMYshQZhuKsV5BVPzJPrELnOIUuIyetqdqvFZMNo5hnt38mK856BVU6jXye6tjtQpdRp6aOgHIiPD4RMKnUm6bVtCx8aFWROyEBHaCznnOBEOM+9kISi2AYe4QPx5iykYcOkCs7d55IrwM0+6XRDVypY/PRNWtmozpoolgQLuTvQhjj9W+lKuxVbAIAAA==[0m16:24:44.743 [main] INFO  org.elasticsearch.node - [ticket.node] {elasticsearch/0.16.2}[25293]: starting ...
[8mha:AAABhx+LCAAAAAAAAACFkMFKw0AQhsdqtXjUmyAsiHrRTSqxanvStBGh6kEQJBTZJmsaTXfj7kYKRZ/Hg76Mb+CpiPgO7jaNIgrOHvIx8/8zP3n6gLIUsNbLQskZTpMsipnEhMk44AkXeF+Ta+iEKwp5TZWg1IbKWHBMUgXr7dxvTfzWl9/68mthow0zIVFEwUL7mtwRKyEsss6UiFnUGAhYmqQIOJM8odjNvz8vwyDVgVf/D6wPvj9W+OvF2agE0z6Uu9E47KL/+7ieXpnpLTzArE7JSJ8aLg3STBQObBx44nh+OR+9LQ8Px4F0soqCuRXHNc+Q59m6DNm24bxXkFPb3TpwCp3nFbqcvHFl5n6l2GzbxT63+b3ZcN4rqNram+wzHbdZ6HJqbZunoDxQVPQVDKu1+pZTdxy8s11Dfp/ErIOOTrxThLiIME2IVHEgKRFBDyuhf3LKhUKbyNftG6ow4yHtoC7PWHhJwlBQKdEw4QFJ/GrnfgOlWTeJZe+P2fwnyKBm6HoCAAA=[0m16:24:44.756 [main] INFO  org.elasticsearch.transport - [ticket.node] bound_address {local[1]}, publish_address {local[1]}
[8mha:AAAByB+LCAAAAAAAAACFkt9qFDEUxuPWrYuXeicIgeI/cDIzdbrqFi90tiPCtr1YEWRYSszE2bTZZEwy7cKiz+OFvoxv4FWR4juYTGYqSy+aXMyPc873nQ8mP/6Cvlbg4bwutBSo4nXJhEZYaEYklwq9tpQ6OpCGAn9u9EBvAgbNwD6uDHg08fqw1YeX+vBSbwd3J+BmgQ024M7kGJ/ikGNRhlOjmCh3lwrca1MQKbTkFKX+u74ZLCsb+MH1ge3Ci+8D+fvj9LwHNnLQ/1Q2Ye/mV5fb7mfX/QK+gU2bUuAFddxbVrXqFMgpUKv4+evD+Z/7q7dNIJtsYMCtrSR111GWRfY4iiLHvtZRMnyx/Sbp5rKsm/OUNad2+wedcxR1fun4v7NjX+so3nvZ+rlKOu7mPO3tuGtAf2moWhhwEQ9H28koSdDz4TOYU461YURTrMg8t3RCDRKyoDPCa20lU6pOGaFbdWV/I32P9UlQScmDOA7MXFFcBPEMvjvIDiGUqkRrfqj1QNqbwACurYCCnh0tsBtZb+TxLOeSYG5htmrolVE1/foU2pX2EYxgUwwKpokMmGCGYX5kH5GgxDz2lk9u/wN9PekQ6gIAAA==[0m16:24:44.763 [elasticsearch[ticket.node]clusterService#updateTask-pool-11-thread-1] INFO  org.elasticsearch.cluster.service - [ticket.node] new_master [ticket.node][1][local[1]]{local=true}, reason: local-disco-initial_connect(master)
[8mha:AAABdB+LCAAAAAAAAACFjs1Kw0AUha/VanGpO0EIiLpykpZYa7vStBGh1kVBkdDFmI5pNJ2JM5NSEXweF/oyvoGrIuI7OJOfirjwzmK+uXPOveflC8qCw84oGQpGURwlQUgFwlSEPosYR0eKHE09JglktVCCUhcqqeAMxxJ2u5nfzP3m3G/O/UrY6sLSEEssYa17iyfYjDANzL7kIQ1aUw4beQqfUcEigpzs/r0ZprEKvP1/YLXw87nC3q/6sxIselC+DtKw697f5er3Rv/ewxMsq5QUj4nm0jROeOFA2oFyx+vbxexj8/EkDaSSVSSsbNmOPppc11KlybI0Z72C7HqjdmwXOtctdBm5aSV6f6WYbFnFPKf9M1lz1iuo2jnM5+mO0y50GXX29ZFQnkrCxxIuq/VmzW7aNjqoNwxvjEM6ME577rlhMB4gEmEhQ18QzP0RGobCZxPCH4w9w1PtOyIRZUMyMPKHHyVCzTWrq99Ld0OeVgIAAA==[0m16:24:44.768 [main] INFO  org.elasticsearch.discovery - [ticket.node] ticket.cluster/1
[8mha:AAABnR+LCAAAAAAAAACFjsFu00AQhoeU0Igj3JCQVqpKL2W9sZySJidw4qpSCIdISMiK0CZeHIOza3bXyFJEH6RP0EN5Gd6gp6iq+g7dje2gwIGZw36a/f+Z//oemkrCq0UeKcFxluZxwhWmXCVzkQqJ3xryLY2FZlDWowY0RtDaCN7TTMPRqPQ7ld/Z+p2t3wj7I3gcUU01PBt9pT+ok1IeOxMtEx73CwkvqhRzwZVIGfbLd/cyFJkJfPj/wObg3VVL3HyarBuwF0JzFm/CPg//PW5+v9jf73ABT0xKTpfMcqPIclk7sHXgyvHr98f17cvV2SaQSdbSsH/g+bYtBQExZYkQy+WsJu+k677zal0Q1LqSgk3l9n6r3kxIvc8f/NlsuZzV1B6eVvvsxB/UupKGHdsamoVmcqnhsn3Sc72e5+HuG4LCJU34FJ2Pgw8ICRljllKlk7liVM4XeKF1hl6j0Ey+MY25iNgUzUTOo880iiRTCq0SznTokN5un7qETH8eoyyfpYla/C1vE9z2sEu62O24lfjpAy9tQ3qZAgAA[0m16:24:44.870 [main] INFO  org.elasticsearch.http - [ticket.node] bound_address {inet[/0:0:0:0:0:0:0:0:9200]}, publish_address {inet[/10.14.208.252:9200]}
[8mha:AAABfR+LCAAAAAAAAACFjs1Kw0AUha/VanGpO0EIiLpyksa09melaSNCrYuCIKGLMRnTaDpTJxMJFH0eF/oyvoGrIuI7OJM0FXHhncV8c+ece8/LF5RjDnujxI8ZRZMoCUIaI0zj0GMR4+hYkq2ozwSBvJZKUOpBJROc44mA/V7u1+d+feHXF34pbPdgxccCC9jo3eIHrEeYBvpA8JAG7ZTD1jyFx2jMIoLs/P69GdKJDLz7f2C58PO5wt6vBrMSLLtQvg6ysJvu3+Xy90b93sMTrMqUFI+J4lI6SXjhQMqB5o7Xt8vZx/b0NAskk1UErO1YtjqKHMeQpcgwFOe9gqx6wzyxCp3jFLqcnKwStb9STDaMYp7d+ZmsOO8VVO025/NUx+4Uupy6NXUElFNB+FjAqFpvmVbLslDjqKq5YxzSoXbWdy40jfEAkQjHIvRigrk3QpT5RDvQXNm5IyJ7DrXpL41uoGodmY+uWTObh8OWFgvMBfHXvwHaNNJJZwIAAA==[0m16:24:44.871 [main] INFO  org.elasticsearch.node - [ticket.node] {elasticsearch/0.16.2}[25293]: started
[8mha:AAABcx+LCAAAAAAAAACFjsFKw0AQhsdoNXjUmyAsiHpyk5ZYtT1p2ogQ6yEgSPGwpts0kiZxd1MCgs/jQV/GN/BURHwHs9mkIh6cPey3/84/8798QYMz2JtkI57EOI2yIIw5JjEP/SRKGD4tyJY0SAQFVUsaaC7oZcMlSQXsu8pvVH5j4TcW/qKx68LKiAgiYMO9JzNiRCQODE+wMA66OYOtKoWfxDyJKLbV/Xsz5GkRePf/wMXCz2c9eb/x5hosD6FxF5RhN4d/lxe/Y/n7AE+wWqSMyZRK1vI0Y7UDSweuHK9v1/OP7cfzMlCRTBewtmPZ8khyHLMoSaYpWWk1We3j1plV9zlO3afIKSuT+/V6smnW8+zez2TJSqup2T+p5knF7tV9ivqH8gho5IKyqYBxs91pWR3LwsdHTTSckjC+RRcD5wohHzPMMY0IF6HPKWH+BPfVyytfHmUzytABqlSkZMSVHnLEBWGCjvD6N338vmhlAgAA[0m16:24:44.871 [main] INFO  c.r.s.elasticsearch.ElasticSearchServer - Elastic Search server is started.
[8mha:AAABeR+LCAAAAAAAAACFkc1Kw0AUha/RanCpO0EYEHXlJK2xaLvSNClCrGBAkCIypjGNpEmcmZSA4PO40JfxDVwVEd/BmfxUxIV3Fvnmzjn3HsjLFzQYhZ1xNmJJjNMoC8KYYRKz0EuihOJjQaakQcJ9KGtBAcUBtRCckZTDrlP6tcqvzf3a3C+EXQeWRoQTDmvOPZkSLSJxoLmchnHQzSlsVCm8JGZJ5GOz/P7eDHkqAm//H1gs/HxWk/crd6bA4hAat0ERdn34d7l4vZOvD/AEyyJlTCa+ZCVPM1o7sHTgyvH6djn72HzsF4FEMpXDypZhyiPJtnVRknRdctmryWgftk6MWmfbta4ku6hM7lfrybpezzN7P5Mll72amtZRNU92zF6tK8k6kIdDI+c+nXC4abY7LaNjGPhoX0fDCQnja3Q6sM8R8jDFDPsRYTz0mE+oN8ZWeXOLm+vTqU/RHrJc5EUZExMRE/82YyhkqH9hWYPVb2+xDO5eAgAA[0m16:24:44.930 [main] INFO  c.r.s.elasticsearch.ElasticSearchServer - ES cluster status is GREEN
[8mha:AAABqB+LCAAAAAAAAACFks9K7DAUxo+j4x1c6u7ChYBcXTVtxyr+WWm1IszVxYggZZDY5naqNalJOo4IPo8L52V8A1eDXHwHk2nrZXDhySI/Ts73nQ/a53doSgEr/SKWnOE8K5KUSUyYTCOecYF3NfmGjrmiUNZMAxodaE0G/pBcwWqn1NuV3v7U2596PbjTgbmYKKJgsXNFBsTOCEvsrhIpS3aGAn5WKSLOJM8o9st7ejMMcx349/eB9cJ/Ty3+et4dN2A2hOZlMgm7FH5drl//mtdbeIR5nZKRG2q4McwLUSuwUeBKMXo5G7/9ejicBNLJWgp+LHu+OYaCwNFlyHEMl72avI3N9p5XzwVBPVdSMKnC7G/Vzo5T+/n7/50Nl72a3IOtys90/P16rqSDdXMUNIeKihsFI3dju+1te+u4vdZGIc2IVGkkKRFRP9R0TRVmPKa9KCuklnSpGKQRXS5y/RnpKZHXVs55ZrmupfqCkthye+joODhBiIsET/nhREvuyD2y0JQ1EjTiAypojEKnh1IW6w1S34qjau2F1P8MXfgAdIg7RqwCAAA=[0m16:24:45.232 [elasticsearch[ticket.node]clusterService#updateTask-pool-11-thread-1] INFO  org.elasticsearch.gateway - [ticket.node] recovered [0] indices into cluster_state
[8mha:AAABdR+LCAAAAAAAAACFkM1Kw0AUha/RanCpO0EIiLpykpa0qF3ZtBEh1kVAkOJiTMc0ks7EyUQigs/jQl/GN3BVRHwHZ/JTKS68s5iPO+fce5jXb2ikHPYm2ThlFCVxFkY0RZimUcBixtGJJEfRkAkCZS1poHmgF4JznAjY90q/WfnNud+c+6Ww68HKGAssYMO7ww/YjDENTV/wiIbdnMNWlSJgNGUxQU55L26GPJGBd/8PLBd+vejs48qfabA8gsZNWITdHP1dLl9v1es9PMOqTEnxlCjW8iTjtQMpB6ocb++Xs8/tp9MikEymC1jbsR11FLmuJUuRZSkuezXZncNWz651rlvrSnKLytR+vZ5sWfU8p/87WXHZq6k5OKrmqY7Tr3UlDdrqCGjkgvCpANzsHLfsY7uNOnbTGE1xRK+Ns6F7YRgB4ihFBA1inIoo8AnmwcSJI0KFiwPB+GOPYGocGL7AXMgfMRaURlBI138AXP3pQGACAAA=[0m16:24:45.641 [main] INFO  c.r.s.e.ElasticSearchClientFactoryBean - Starting ElasticSearch client
[8mha:AAABkh+LCAAAAAAAAACFkcFKAzEQhsdqtXjUmyAERD2Z3Za1aHvStStC1UNBkCISt2mNbJOazMqK4PN40JfxDTyJiO9g0u1WxIOTw35M/n/mJ/v8BWWjYeM67Rkl6ShJB0IayqQRsUqUpnuWQkcnCjnkNVOCUhsqY8ExGyFstnO/N/F7U7839Vthsw1zPYYMYal9w+6YlzA58DqohRw0Mw0rkxSxkkYlnIb59/dmyEY28Pr/ge3Cz6eKejvvvJdgtgvlq8E47HL373J723e3t/AI8zalZEPuuJSNUl04qHPQiePl9ez9Y/XhcBzIJqsgLKwFoTuOosi35cj3Hee9goL6Tm0/KHRRVOhyisaVuv2VYrLvF/PCg5/JjvNeQdXW7mSe64QHhS6n1rY7COUMuR4iPFbrjVrQCLZpPaiT7pAJeUGOTqJTQmKqqaGcthJmUMQdznR8HSaCS4xYjErf73MmyRbZu1IpElREc9YjQvZ4RgxHtI9E+iLhpEE82xUxN5cGdRpjqjm9sT9v8Ruc7UzufQIAAA==[0m16:24:45.646 [main] INFO  c.r.s.e.ElasticSearchClientFactoryBean - About to read index setting file : /indices_structure.json
[8mha:AAABhx+LCAAAAAAAAACFkMFKAzEQhsdqtXjUmyAERD2Z3ZZt0XrSbVcKtR4KghQPcRvb1W1Sk6msCD6PB30Z38BTEfEdTLq7FfHg5JCPyf/P/OTlC4pawc5w0tdS0HE8GURCUyZ0FMpYKnpkyLfUkcghrYUCFNpQmglO2Rhht536nczvzP3O3G+Eh21Y6jNkCGvtG3bPnJiJgdNFFYnBYaJgI0sRSqFlzKmf3r83QzI2gbf/D2wWfj6X5PtFd1qAxR4UrwazsOu9v8vN67V9vYMnWDYpBRtxy4VkPFG5g1oHzRyvb+fTj83Hk1kgk6yEsLLl+fZYCgLXlCXXtZz2cvJq+5VjL9cFQa5LKZjVxO4v5ZNdN5/nN34mW057OZWbB9k82/EbuS6lZtUehGKCXI0QsFyrV7y6V6W1WpX0RiwSl6TVCc4ICamimnLajJnGKOxypsKhH0dcYMBClOrhmDNB9khL9HlC+pJrIiQSnkQaKfEVZ2j+ieCQZxIz5ZYjWf0G+s/nS3MCAAA=[0m16:24:45.665 [main] INFO  c.r.s.e.ElasticSearchClientFactoryBean - Index does not exist. Creating the Index ticket 
[8mha:AAAB0h+LCAAAAAAAAACFkkGLEzEUx2O1WjzqTRAC4noymV1mi9s97c52RKjroSpI8ZBO386mTZOYvOmOCH4eD/pl/ALiaRHxO5jMdFbEg8khP17+//f+hHz+RfrekZ3zauGNZlZVpdSeCe1lYZRx7ChQFunUIJB2XeuR3oQMGsFzYZE8mrR+vvXzKz+/8gfh4YTcWAgUSO5MlmIjuBK65FN0UpeHtSP3tikKo71RwLL2/HsyqW0I/PD/gcPAn58G5vub6WWPXJ+R/rxswt6d/Ts83J7F23fkI7kZUmqxhsi92lauc7DoYFvHl6+vL3/c//C0CRSSDZDcepBmcUfK8ySsSEkSua11lA6f7B2nnS7PO11LebOqOH/QdU6Srl928qdz5LbW0e74YNsvVrKTTtfSeD9uJP0awa2RfNsdjvbSUbrPhgcpna2F1G/ps9P8BaUFc8wzYGMlPMpiCsIV55mSoDEXBRr3/hiEpo/p0dxUSNFQB2JBpV5ATT0ghkeiZ1IBHVG+EY4rOedL0Kv4PZZm7vnLtucrLRHBI78wbuWtKIB7cBsZThSuBOTWGQsOJXiuTCEUhzaTb/x8LawNwzwPpVWQNxHYMvyO278BZpv5Jt4CAAA=[0m16:24:45.694 [main] INFO  c.r.s.e.ElasticSearchClientFactoryBean - About to read index setting file : /var/lib/jenkins/jobs/TSearchUnittest/workspace/service/target/properties/local/elasticsearch/mappings/ticket/index.json
[8mha:AAABvh+LCAAAAAAAAACFUkGL1DAY/RwdHTzqTRACi3rZpu3YHXT3pN2tCON6GBGk9PDZxk7dThKTdCkI/h4P+mc8e/G0iPgfTKbNyuDBL4e8fHnvfY82X37DVCu4v+4qLTiVbVc3XFPkuilFKxR9YlHq0KkwDIa6MoHJEmZbwguUBh4sB3046sNLfXipt8SjJVyr0KCBW8v3eI5hi7wOV0Y1vD7qFdwZU5SCa9Eymg777mTopQ187/+B7cBfn2fix5vVxQSu5jB9W2/D3s7/HW5v37nbD/AJrtuUHDfM4UkvO+UV1CnoqPj67fXFz7sfn20D2WQzAzf2ktQth7IssuVQFDk89DxKFo/mTxPPyzLPG1C2rc7Nn3nnKPJ+6fFfZ4eHnkfxyePRz3XSY88b0MmBWwamvWFqY+B7vDicJ4fJgi7mD0nOWtSmKTVDVa5zi86YoVxUrCjbTlvJiqnzpmR7nbS/kb1CfRZIIdogjgOzVgyrIC7I89PsJSFC1XTHj44edMMMuldAArIzw58KUlorYz8yaXjF+n1SYqcZyVE2xT7Ra1SVJvlBEeaRPW9QSsu1nZE9utz8A8ZulvbbAgAA[0m16:24:46.623 [elasticsearch[ticket.node]clusterService#updateTask-pool-11-thread-1] INFO  org.elasticsearch.cluster.metadata - [ticket.node] [ticket] creating index, cause [api], shards [5]/[0], mappings [index, ticket]
[8mha:AAABgR+LCAAAAAAAAACFjsFKw0AQhsdqNXjUmyAsiHpyk9ZYbXuyaSOFWA8FQYqHNd220XQTdzeSIvg8HvRlfANPRcR3cLdpKuLBmcN+zP7/zP/yBUXBYW+U9EXEcBwmw4AJTJgI/CiMOD5V5GjqRJJCVksFKHhgzATnJJaw72V+c+43F35z4VfCugcrfSKJhA3vljwQMyRsaHYlD9iwnnLYmqfwIyaikGIne39fhjRWgXf/D6wOfj4b0ftVd1qA5R4Ub4azsJu9v8fV70D/3sMTrKqUjIyp5kIaJzx3YO3Ac8fr2+X0Y/vxbBZIJTMkrO3Yjm5Nrmup0mRZmrNZTnblpNywc53r5rqM3Fkl+r6Rb7asfJ/T/NmsOZvlVGpV5/v0xGnmuoxaR7olFFNJ+VhCv1Sple2afYxLh1XUG5OAXaN2x71AyMccC0xxKyRCBn6XEu6PnDCgTLrElxGfNChh6AB1E9+nQgySMJwgQWUSozbr0xQp1x2VaP0btAjsc2MCAAA=[0m16:24:47.139 [main] INFO  c.r.s.e.ElasticSearchClientFactoryBean - Successfully setup Index ticket 
[8mha:AAABzx+LCAAAAAAAAACFUkGLEzEUjtVq8ag3QQgs6slkWsZVu6fd2Y4IdT1UBSke0unb2bRpMiZv6ojg7/Ggf8ZfoKdFxP9gMumsiAdfDu/j5fu+9xHy+RfpO0vuntVLZzSrVF1K7ZjQThZGGcsOPcoCOjEIJNalHulNyaAlPBMVknvTqOc7Pb/Q8wu9Jx5MyZWlQIHkxnQltoIroUs+Qyt1edBYcmuXojDaGQUsi/3vzaSpfOA7/w/sF/78NDDfX8/Oe+TynPQXZRv25vzf5f72NNy+JR/JVZ9Siw0E3Guq2nYKFhRsp/jy9dX5j9sfnrSBfLIBkmt7aRZOQHme+AooSQKOsw6l+49GR2nHy/OOF1HeVh32DzrnJOn8suM/zgHHWYeGk8c7vzDJjjteRJMH4SDpNwh2g+TbcH88SsfpQzZMR3S+EVK/oU9P8ueUFswyx4BNlHAoixkIW5xlSoLGXBRo7PsjEJrep4cLUyNFQy2IJZV6CQ11gOgfiZ5KBXRM+VZYruSCr0Cvw/dYmYXjL6LnSy0RwSF/Z+zaVaIA7sBupe8obAnIK2sqsCjBcWUKoTjETK7V842oKr/McT9ae3psbOW/x/XfXOVkzd8CAAA=[0m16:24:47.142 [main] INFO  c.r.s.e.ElasticSearchClientFactoryBean - About to read index setting file : /var/lib/jenkins/jobs/TSearchUnittest/workspace/service/target/properties/local/elasticsearch/mappings/ticket/ticket.json
[8mha:AAACPh+LCAAAAAAAAAClU91u0zAYNR2Diku4Q0KKgoCb4bSjG5BdsaxBSGVcVEJC1Yhc51tnltief1hLBc/DBbwMb8DVhBDvgJ00A8QFa/l84aPP55zvyHE+/UDrWqG7RzbXgmNZ2AnjGhOuGRWFUPiJQ4lH+8IAqutSC7UGqF0RnhNp0L1BrY8W+uhcH53rHXFngC7nxBCDrg/ekLckKgifREOjGJ/sTBW6uUhBBdeiAJzU+5+T0VS6wHf+HdgN/P6xLb6+Gp610NoIrY8nVdgbo7+Hu9NDf3qCPqArLiUnJXjcmkqrGgX2CrxQfP7y8uzbrfnTKpBL1jbo6u1e4pdHadpx5VGn43Hda1Bv+9Hmbq/hpWnDq1FalfXz241zp9P4JXu/nD2uew3q9h8v/Hwn2Wt4Nepv+WXQ+tSAKs3a6+52vNmLew9xd+tBMCoJ4wfBs/30RRBQrLDGgPsF0YbRIRBFj5KCATcpoUao2S4QHtwPhmCMu5DAysBdoPTwUKhg5ETHYA6iBsTBPKxhGM/DTAurKHgInIwLyMPYKAvvN0KphARlGGh/emLBVjTCSTF7ByqMw2OYnQqVZ4U4BUWJhnAjNDPpaKGuvk7obHzuTNpxwWimQEv3liBzr68ycwlL4oKEvpEZVv5mUXGcAcuLC3Op2yfuTlYJaqV3yTNiLjpNu1/I6lVmScWEYmalnFTBkjm5Lcfef/lZhFJhucH/4aA1m3AA7H/lVQzqB5rpmTZQLm/g6tpPAzGAi10FAAA=[0m16:24:47.153 [main] INFO  c.r.s.e.ElasticSearchClientFactoryBean - Setting up Mapping for [ticket]/[ticket]: {"ticket":{"_source":{"enabled":true},"properties":{"queue":{"analyzer":"keyword_lowercase","type":"string"},"last_public_response_date":{"format":"date_time","type":"date"},"idle":{"format":"date_time","type":"date"},"category":{"analyzer":"keyword_lowercase","type":"string"},"updated_at":{"format":"date_time","type":"date"},"status":{"analyzer":"keyword_lowercase","type":"string"},"priority":{"analyzer":"keyword_lowercase","type":"string"},"created_at":{"format":"date_time","type":"date"},"number":{"analyzer":"keyword_lowercase","type":"string"},"account.number":{"analyzer":"keyword_lowercase","type":"string"},"assignee.name":{"analyzer":"keyword_lowercase","type":"string"},"source_system":{"analyzer":"keyword_lowercase","type":"string"}}}}
[8mha:AAABhx+LCAAAAAAAAACFkM1KAzEUha/VanGpO0EIiLoyM5axaruy044UxrooCFJcxJnYjkyTmmRkRPB5XOjL+AauiojvYDI/FXHhzSIfN+fce8jLF1SlgJ1xEkrO8DRORhGTmDAZBTzmAp9ocg31uaKQ10IFKj7UMsEZmSrY9XO/Vfitud+a+7Ww5cNSSBRRsObfkntixYSNrIESERu1UgEbRYqAM8ljit38/r0Z0qkOvP1/YL3w87nG3y8HswosDqF6PcrCrg//LtevN+b1Dp5gWadkZEINV9JpIkoHNg5cOF7fLmYfm4+nWSCdrKZgZctxzTHkebYuQ7ZtOO+V5DSO6m2n1HleqcvJyyox+2vlZNsu57mdn8mG815J+93jYp7puJ1Sl1P3wBwF1VRRMVEg9xvNutN0DnG93kDDCYnYFer1vXOEAiywxBR3YyJVFAwoEcHYjSPKlEcCxcVDmxKG9lCPhTRFIacSMa4QTSOpMHIFJUr/E1JjWkhIOIkYWv0Gxtd56nICAAA=[0m16:24:47.226 [main] INFO  c.r.s.e.ElasticSearchClientFactoryBean - Index does not exist. Creating the Index admin 
[8mha:AAAB0x+LCAAAAAAAAACFksFu1DAQhs3Cwooj3JCQLCHoCTtdQoHtqU03CGkphwUktOLgTaapt44d7MkSVInn6aG8DA+AxKlCiHfATjZFiAPjgz+N55/5Zc35LzJ0ljw4rnNnNKtUXUjtmNBOZkYZy/Y8JYEODQLp4sqADGZk1Ba8FBWSrVmn5xs9v9TzS70v3J2Ra7lAgeTWbCXWgiuhCz5HK3Wx21hyZ+MiM9oZBSzp7r8nk6byhu//37Af+PNsZL6/m18MyNUFGS6L1uztxb/D/etReP1APpPr3qUWJQQeNFVtewULCrZRfPn69uLH3dPnrSHvbITkxr04CSdQmkY+AkVR4C7XU7zzdLwf93Vp2td1lLZRh/mjvnMU9f2Sgz+dA3e5nranzzb9QiY56Os6mj4OB8mwQbAlkm/bO5NxPImfsPGjiC5KIfV7+uIwfUVpxixzDNhUCYcym4Ow2XGiJGhMRYbGftoHoelDurc0NVI01ILIqdQ5NNQBov8keiQV0Anla2G5kku+An0S1mNllo6/7nq+0RIRHPKPxp64SmTAHdi19DcKWwDyypoKLEpwXJlMKA6dJ9fqeSmqyg/zS5eXUvPWAVv55bj5G3lsV2DdAgAA[0m16:24:47.230 [main] INFO  c.r.s.e.ElasticSearchClientFactoryBean - About to read index setting file : /var/lib/jenkins/jobs/TSearchUnittest/workspace/service/target/properties/local/elasticsearch/mappings/admin/index.json
[8mha:AAABxx+LCAAAAAAAAACFUsFu1DAUNAtLVz3CDQnJUgVcGiep0i20J5o2CLRtD4uQUJTDq2OyoYltbKcKQuJ7emh/pmcunCpU8Q/Ym6RoxYHnQ8bvzcwbJbn8jcZaoeeLJteCE1k1Rck1Aa5LKiqhyGuLYoeOhWGoq3sjNJqhyZJwBNKgF7NO7/d6/07v3+ktcW+GHuRgwKBHs89wDn4FvPDnRpW82GsVetKnoIJrUTESd8/VzaiVNvCz/we2C28vJuLnx/nNCN1P0fi0WIZ9nP673E4/uekX9B09tCk51MzhUSsbNSiIU5BecXX94ebX029vloFssolBaxtR7I5DSRLYcigIHO56A4qmL7f2o4GXJAOvQ8myGrd/MjgHweAXH/x1drjrDSg8fNX7uU58MPA6dLjtjkHj1jBVG/QjnO5uRbvRDplGOzhlFWhTUs1A0UVq0RkzhIucZbRqtJXMmTovKdtopP2M7D3oM08KUXlh6JmFYpB7YYbfHicnGAtVkBU/0nuQmhlwfwH28MoOnEJelzzD1DoZ+45xyXPWbmIKjWZ2KstsE+sFqFzjdDvz08Dea5DScm2nZ+uvnL4Tp9n6H3jQkXzbAgAA[0m16:24:47.647 [elasticsearch[ticket.node]clusterService#updateTask-pool-11-thread-1] INFO  org.elasticsearch.cluster.metadata - [ticket.node] [admin] creating index, cause [api], shards [5]/[0], mappings [index, syncJob]
[8mha:AAABgR+LCAAAAAAAAACFjs9Kw0AQxsdqNXjUmyAsiHpyk9b4p+3Jpo0Uaj0UBCke1s22jaSbuLuRFMHn8aAv4xt4KiK+g9kmqYgHZw77Y/b7Zr6XLyhLAXvj2JMhx1EQj3wuMeHSp2EQCnyWkqOpFyoGWS2VoNQFYy64IJGC/W7mN3O/ufCbC38qbHRhxSOKKNjo3pEHYgaEj8y+Ej4fNRIBW3kKGnIZBgw72fv7MiRRGnj3/8Dpwc9nI3y/7s9KsDyA8u1oHnZz8Pd4+jvUv/fwBKtpSk4mTHMpiWJROLB24Nzx+nY1+9h+PJ8HSpMZCtZ2bEe3Jte10tJkWZqzWUH28Wm1aRc61y10GbnzivV9o9hsWcU+p/WzWXM2K6jSruX79MRpFbqM2ke6FZQTxcREAa0c16t23T7BtcohGkyIz29Qp+deIkSxwBIz3A6IVD7tMyLo2Al8xpVLqArFtMkIRweoH1PKpBzGQTBFkqk4Qh3usQQRb+JztP4N1tsU+GICAAA=[0m16:24:47.913 [main] INFO  c.r.s.e.ElasticSearchClientFactoryBean - Successfully setup Index admin 
[8mha:AAAB1h+LCAAAAAAAAACFksFu1DAQhs3Cwooj3JCQLFXACTtbQqHbU5tuEGgphwUktOLgJNPUW8cO9mTZConn4QAvwxPAqUKId8BONkWIA+ODP43nn/llzedfZOgsuXvSFM5oVqumlNoxoZ3MjTKW7XtKAh0ZBNLFpQEZzMioLXguaiT3Zp2eb/T8Qs8v9L5wb0auFAIFkhuzpVgJroQu+Ryt1OXe2pJbGxe50c4oYEl3/z2ZrGtv+M7/DfuBPz+NzPc38/MBubwgw6xszd5c/Dvcvx6H13fkI7nqXWpRQeDBum5sr2BBwTaKL19fn/+4/eFJa8g7GyG5thUn4QRK08hHoCgK3OV6incebx/EfV2a9nUdpW00Yf6o7xxFfb/k8E/nwF2up/F0d9MvZJLDvq6j6cNwkAzXCLZC8m28M9mOJ/Ejtjt+QBeVkPotfXqUvqA0Z5Y5BmyqhEOZz0HY/CRREjSmIkdjzw5AaHqf7memQYqGWhAFlbqANXWA6D+JHksFdEL5SliuZMaXoE/DeixN5vjLrucrLRHBIX9v7KmrRQ7cgV1Jf6OwJSCvranBogTHlcmF4tB5cq2eV6Ku/TC/dEUlNXdnOn9mMrb063H9N9ti7TffAgAA[0m16:24:47.913 [main] INFO  c.r.s.e.ElasticSearchClientFactoryBean - About to read index setting file : /var/lib/jenkins/jobs/TSearchUnittest/workspace/service/target/properties/local/elasticsearch/mappings/admin/syncJob.json
[8mha:AAACGh+LCAAAAAAAAACVUtFu0zAUNYVCxSO8ISFZQcDLcNqpDNo9saxBoDIeKiGhaorcxOs8EtvYN6hVBd/DA/wMf8DThBD/gG/SFKEVodkPOb4+59wT219+kbaz5MFpmTmtmMnLuVSOceVkqnNt2TOPIkRHGgSpx5UWaY1JpyK84gbIw3GtD9f6cKMPN3pP3B+TaxkHDuTW+Ix/4GHO1TycgJVqvr+w5M46RaqV07lgUf39uzNZGB/4/v8D+4Y/P3f097eT8xa5OiXt2bwKe3t6sbnfPcHd9+QTue5TKl4IxK2FKW2jYKhga8XXb2/Of9xdPa8C+WQdIDfu9SOciOK46weibhdxXWtQf+/p7kG/4cVxw6tRXI0S+3ca52638YsO/zgjrmsN6o0Gaz+sRIcNr0ajxziBtBcgbAEt2tsb7vaH/Sds0BvQacGlOqYvjuLXlKbMMscEG+XcgUwngtv0NMqlUBDzFLRdHgiu6CM6EQD+QGhpqD9Ag/BEWzrlWeHdwqlbqvSlnh0P6SpY42C4ChKnS5sKhELxWS6yYAi2FB93AmO1ERakcLgrXbIhrAJYGq8JXHUJgSdjvKQ0/lmJLOGAHN++QBRgMQFZiGCnEWIJZc6/wtJtdfTtU+GcXyVKZ2IrJxMutdKA1Grrfm2fFN6Hz7db4BP7l9Ze7meqM/CX9E5AUuhMnshLyevlhSR+3PwNXMakGR8EAAA=[0m16:24:47.919 [main] INFO  c.r.s.e.ElasticSearchClientFactoryBean - Setting up Mapping for [admin]/[syncJob]: {"syncJob":{"_source":{"enabled":true},"properties":{"is_enabled":{"type":"string"},"last_updated_at":{"format":"date_time","type":"date"},"status":{"type":"string"},"processing_node":{"type":"string"},"description":{"type":"string"},"status_message":{"type":"string"},"name":{"type":"string"},"started_at":{"format":"date_time","type":"date"},"last_ticket_modified_at":{"format":"date_time","type":"date"},"type":{"type":"string"}}}}
[8mha:AAABbB+LCAAAAAAAAACFkcFKw0AQhsdoNXjUmyAERD11k5ZYqj1p2ogS20OLIMXDNo0x2u7GzUYigs/jQV/GN/BURHwHd5NsRTw4c9iP2flnfnZfvqCSMNi5TscJJSiepGFEEoRJEvl0Qhk6FORI6lIeQBELGmge6HnDGY457HqF3iz15lxvzvWiseXB0hhzzGHNu8H32JxgEpp9ziIStjIGG6ULn5KETgLkFOfvzZDFwvD2/4bFws9nnb5f9GcaLA6hMgpzs+vDv8vF7ZW8vYMnWBYuCZ4GkrUsTplSIKlApeL17Xz2sfl4nBsSznQOK1u2I1OS61oiJFmW5KKmyG4060e26nNd1VeQm0cq9+tqsmWpeU77Z7Lkoqao1tkv58mK01Z9BXX2ZHKoZDxgUw5urXFQtw/sJmrYNWM4iKYBq9YvjZOu2zMMHzGUiPQpk3/BgkHk3wa8R0IqXqD/QPxTOjKqxuo3n365nkUCAAA=[0m16:24:48.641 [Timer-2] INFO  c.r.s.s.core.CoreTicketOngoingSyncJob - 
[8mha:AAABiR+LCAAAAAAAAACFjsFKw0AQhsdotXjUmyAsiHpyE2tatT3ZtBGhVjQgSOlhTdY0km7S3Y1WBJ/Hg76Mb+CpiPgOZpOmIh6cPezHzP/P/C9fUBIctgaJJyKG4zDxAyYwYSJwozDi+CglS1E3khTymtNA60A5E5ySWMJ2J/frU78+8+szfypsdGDBI5JIWOnckjuih4T5uiN5wPzGmMPaNIUbMRGFFFv5//syjOM08Ob/gdODn8/l6P3KmWgw34PStZ+FXe39PZ5Ob9R0BE+wmKZkZEgVa+M44YUDKweeOl7fLicf64/HWaA0WVnC0oZpqafIto20FBmG4rxXkFk7qDTNQmfbhS4nO6tE3S8Xmw2j2Ge1fjYrznsF7bYPp/tUx2oVupzaVfUklMaS8qEEsVurV8x61cR7lX3UG5KA9dFJ1z5DyMUcC0yxGwaUSdwOiZCB61DC3YGV9dAOciThknroPKH8AV3QUUKFRM0kCD3K0X0gB2iUjWLCyVCgXr2//A0Q3C5IcgIAAA==[0m16:24:54.327 [main] INFO  c.r.s.e.client.ElasticSearchClient - Started Query Request Builder with query params [:]
[8mha:AAABZh+LCAAAAAAAAACFjr9OwzAQxo9AoWKEDQkpEgKWKklp+NdOkDYMBJZWSKiTaU0IpHawHRQJiedhgJfhDZgqhHgH7DguQgzcDf7p/H1338sX1DiDrZt8zClxsjSPE8IdRHgyoillzpGkQNE5FRh0zVlgRVAvBWcoE7Adab9b+d2Z3535pbATwcIYCSRgJbpFD8hNEYndvmAJiTsFg7UqxYgSTlPsBPr9fRmKTAbe/D+wPPj5XKfvl/2pBfNDqF3FZdjV4d/j8vda/d7DEyzKlARNsGKryHJmHI5yOJXj9e1i+rH+eFIGksnqApY2/EC1ojD0ZCnyPMV6ZsjfO9g59o0uDI1OU1hWru7XzWbPM/uC7s9mxXpmqNk7rPapSdA1Ok29XdUCaoXAbCLgdIC54DbLSdtuNewQJWnOMG/bXsPuMUaZxv5dkmV4XPIgmWAbpyjjatD0nf2Dls3xaPkbhcWorEoCAAA=[0mTests run: 3, Failures: 0, Errors: 0, Skipped: 0, Time elapsed: 14.783 sec
[8mha:AAABWh+LCAAAAAAAAACFj8FKxDAQhsfqavGoN0EQRL2lVVZRxIN2t16qB7sIsqfYjd263aQm6VIQfB4P+jK+gadFxHcwaZoV8eDkkK+T/5/5+/IFLcFhe1gOBKOoyMs0owJhKrKE5YyjU0WBpksmCZiac8CJwK0FF7iQsBMZv9f4vZnfm/mV8DiChQGWWMJKdI8n2MsxTb1Y8oymxxWHtSZFwqhgOUGBuX9vhqpQgbf+D6wWfj677P0mnjow34fWbVqHXe3/Xa5e7/TrAzzBokpJ8Zhodqqi5NaBtAM1jte36+nH+uN5HUglcyUsbbYDfTSFoa9Kk+9rNj1L7YPDvbO21YWh1RkK6yr1ftdO9n07L+j8TNZsepZ2u0fNPN0JOlZnqLuvj4RWJQkfSzi5KilVf7ORsDHiOBmJAicECYJ5MlQXn2Tqs5clIyLjuhmbXo8IufwN9/e/zjwCAAA=[0mRunning com.rackspace.search.service.TicketSearchServiceTest
[8mha:AAABfR+LCAAAAAAAAACFkM9Kw0AQxsdqNXjUmyAsiHpyk5a0qD1pmogQ66EgSPGwpmsaTXdjdiMBwefxoC/jG3gqIr6Du/lTEQ/OHPbHzHwzH/vyBU2Rws4kGwvOcBJnYcQEJkxEAY95io8UOZoGXFIoY6EBDR+MYuCMJBJ2/VJvVnpzrjfnejXY82FpTCSRsObfkgdixoSF5lCmEQt7eQoblYuAM8Fjip3y/X0Z8kQZ3v7fsDr4+Wzw98vhrAGLI2heh4XZ9dHf46p7o7v38ATLyiUjU6q5kSdZWiuwVuBK8fp2MfvYfDwpDClnhoSVLdvRqcnzLBWaLEtzWavJ7u63j+16zvPquZK8IjJ936g3W1a9z+n/bNZc1mpquQfVPl1x+vVcSW5Hp4RmLmk6lcBb3cO2fdixcadtodGUROwKnQ68c4QCnGKBKQ7iiDKJ3ZgIGQVDStJg4hQ1tIfcnAaZVN+B5IQi1b+jUiDJUcKF1G8lQ6Vu9RsZcKLWbgIAAA==[0m16:24:54.520 [main] INFO  c.r.s.e.client.ElasticSearchClient - Executing the tickets to post to Elastic Search
[8mha:AAABpR+LCAAAAAAAAACFks1Kw0AUha/VanGpO0EIiH+LTBJJxZ+Vpo0IVRcVQUqRMRnT2DQTZyZSEXweF7r3OXwDVyLiOzjTZJTiwplFvty559xDJk9fUOUMVnp5yGmKsiSP4pQjnPI4oAllaE+Sp+iYCgLFmqhApQW1UcMRzgSstgq9VeqtH731o5eNuy2YCrHAAuZa1/gWWwlOI6stWJxGu0MGC2WKgKacJgR5xXN8MgwzGXj5/8By4Odjjb6dt98rMNmB6mU0Cjvf+Ttcnl6p0xt4gGmZMsUDorgyzHKmFUgpUKl4fj17/1i8PxgFkslqAmaWXE9tRb5vy6XIthUXNU3u5tbGvqv7fF/3FeSPVq7m17SzbWs/r/HrrLioaXKa26WfqngN3VdQs662gOpQEDYQ8OJs7my4O3UX1euO0SEJ5iIOOMEs6HUk9YlAKQ1JN0hyLiVtwm7jgCzlmbxGcop538woTUzHMUWPERyaTtc4PPZPDIOyCI35odIDDYjA6i8wTGNshn7rGoX9xQBnmfzUv/W18E5eTBysz34DWMCz6bcCAAA=[0m16:24:54.551 [elasticsearch[ticket.node]clusterService#updateTask-pool-11-thread-1] INFO  org.elasticsearch.cluster.metadata - [ticket.node] [ticket] update_mapping [ticket] (dynamic)
[8mha:AAABZR+LCAAAAAAAAACFjsFKw0AQhsdoNXjUmyAERL2UJNZqtT1p2ggSvbQI0tParjGa7sbdjQQEn8eDvoxv4KmI+A7uZrMV8eDMYT9m/3/mf/mCGmewdZOPOSVuluZxQriLCE9GNKXMPZIUKDqnAoOuOQusCOxScIYyAduR9nuV35v5vZlfCjsRLIyRQAJWolv0gLwUkdjrC5aQuFMwWKtSjCjhNMVuoN/fl6HIZODN/wPLg5/PNn2/7E8tmB9C7Souw64O/x6Xv9fq9x6eYFGmJGiCFVtFljPjcJXDrRyvbxfTj/XHkzKQTGYLWNpoBqoVhaEvS5HvK9YzQ839g8Zx0+jC0Og0hWXl6r5tNvu+2Rd0fzYr1jNDO73Dap+aBF2j09TbUy2gVgjMJgJOB5gL7rCctJ1G3QlRkuYM87bj150eY5Rp7N8lWYbHJQ+SCXZwijKuBi3X3205HI+WvwGX+QRrSQIAAA==[0mTests run: 2, Failures: 0, Errors: 0, Skipped: 0, Time elapsed: 7.037 sec
[8mha:AAABXh+LCAAAAAAAAACFkUFLwzAUx5/VafGoN0EQRL2lVaooA2F26y7VgxNBdopd7KZdUpNUK4Kfx4N+Gb+BpyHidzBpmol48OXQHy///3v/kpcvaAgOm8NiIBhFeVakIyoQpmKUsIxx1FIUajphkoCpGQecGNxKcIxzCVux8Xu135v6valfCZsxzA2wxBKW4mt8h70M09TrST6iabPksFKnSBgVLCMoNN/fm6HMVeCN/wOrhZ/PLnu/6E0cmO1D4zKtwi73/y5Xt1f69haeYF6lpHhMNDtlXnDrQNqBasfr2/nkY/WxWwVSyVwJC+tBqI+mKPJVafJ9zaZnKdjb3zkKrC6KrM5QVFWh97t2su/beWH7Z7Jm07O03Tmo5+lO2LY6Q51dfSQ0Skn4WMLhaUGp+pu1hI0Rx8mNyHFCkCCYJ0OUYknu8YN6Dq7fgpNWIYdd0zwjQi5+A48TGAA9AgAA[0mRunning com.rackspace.search.gateway.core.CoreAuthGatewayTest
[8mha:AAABYx+LCAAAAAAAAACFjsFKw0AQhsdoNXjUmyAERL2UJJZUtD1p2ggSvbQI0tParjGa7sbdjQQEn8eDvoxv4KmI+A7uZrMV8eDMYT9m/3/mf/mCBmewc1NMOCVunhVJSriLCE/HNKPMPZIUKjqnAoOuBQusGOxKcIZyAbux9nu135v7vblfCrsxLE2QQALW4lv0gLwMkcQbCJaSpFsy2KhTjCnhNMNuqN/fl6HMZeDt/wPLg5/PNn2/HMwsWBxB4yqpwq6P/h6Xv9fq9x6eYFmmJGiKFVtlXjDjcJXDrR2vbxezj83HkyqQTGYLWNkKQtWKosiXpcj3FeuZoWD/oHUcGF0UGZ2mqKpC3bfNZt83+8Lez2bFemZor39Y71OTsGd0mvpt1QIapcBsKuB0iLngDitIx2k1nQilWcEw7zh+0+kzRpnGwV2a53hS8TCdYgdnKOfVwA3aLYfj8eo3nUiPPkkCAAA=[0mTests run: 2, Failures: 0, Errors: 0, Skipped: 0, Time elapsed: 0.452 sec
[8mha:AAABXx+LCAAAAAAAAACFkUFLwzAUx5/VafGoN0EQRL2lVaYoXtRu3aV6cEOQnWIXu7ouqUmqFcHP40G/jN/A0xDxO5g0zUQ8+HLoj5f//71/ycsXNASHzWExEIyiPCuSlAqEqUhjljGOjhUFms6YJGBqxgEnArcSnOJcwlZk/F7t96Z+b+pXwsMI5gZYYglL0Q2+w16GaeJ1JU9pclhyWKlTxIwKlhEUmO/vzVDmKvDG/4HVws9nl71fdicOzPahcZVUYZf7f5er22t9ewtPMK9SUjwmmp0yL7h1IO1AteP17WLysfrYqQKpZK6EhfVmoI+mMPRVafJ9zaZnqbm3v3PStLowtDpDYVWF3u/ayb5v5wWtn8maTc/Sdvugnqc7QcvqDLV39ZHQKCXhYwlH5wWl6m/WYjZGHMcjkeOYIEEwj4cowZLc4wf1HFy/BSe9NB4R2THtHhFy8Rshky2yPwIAAA==[0mRunning com.rackspace.search.gateway.core.CoreTicketGatewayTest
[8mha:AAABYx+LCAAAAAAAAACFjsFKw0AQhsdqNXjUmyAERL2UZCu1aHvStBEkemkRpKe1XWM03Y27GwkIPo8HfRnfwFMR8R3czWYr4sGZw37M/v/M//IFdcFh5yafCEa9LM3jhAoPU5GMWcq4d6Qo0HTOJAFTCzWoReCUgjOcSdiNjN+v/P7c78/9StiNYGmCJZawFt3iB+ynmMb+QPKExt2Cw0aVYsyoYCnxAvP+vgxFpgJv/x9YHfx8dtj75WBWg8UR1K/iMuz66O9x9Xutf+/hCZZVSoqnRHOtyHJuHZ52eJXj9e1i9rH5eFIGUskcCStbrUC3pjBEqjQhpNnMLLXaB3vHLasLQ6szFJaV6/uO3YyQ3Rf0fjZrNjNLzf5htU9Pgp7VGerv65ZQLyThUwmnQyKkcHlOO2674YY4SXNORMdFDbfPOeMGB3dJlpFJycNkSlyS4kyUAw+hpivIePUbX7bV90kCAAA=[0mTests run: 6, Failures: 0, Errors: 0, Skipped: 0, Time elapsed: 0.001 sec
[8mha:AAABZR+LCAAAAAAAAACFj7FOwzAQho9CIWKEDQkJCQGbE1BBoE40bVgCAwUk1Mm4Jg2kdrAdFITE8zDAy/AGTBVCvAN2HBchBs5DPv++/+7Pyxc0pYDNUTGUnKE8K5KUSYSZTAnPuECHmkJDJ1xRsDXTgEYMXtVwjHMFW7H1+7Xfn/r9qV83tmOYG2KFFSzFN/ge+xlmid9XImVJuxSwUqcgnEmeURTa7+/NUOY68Mb/gfXCz2ePv1/2Jw2YHUDzKqnCLg/+Ltev1+b1Dp5gXqdkeEwNN8q8EM6BjAPVjte3i8nH6uNRFUgn8xQsrLdCcwxFUaDLUBAYtpqj1t7+Tqfl+qLI9VmKqirMfs9NDgI3L+z+TDZsNUfbvYN6nlHCruuz1Ns1R0GzVFSMFZyfFozpv1kjfIwEJrcyx4QiSbEgI0QzLFVK6hvJUsoU6lmxX4lhpUWYKC4eOhSzMyrV4jdjihW8VAIAAA==[0mRunning com.rackspace.search.elasticsearch.client.ElasticSearchClientFactoryBeanTest
[8mha:AAABkh+LCAAAAAAAAACFkcFKAzEQhsdqtXjUmyAERD2Z3ZYq2p502xWh1kNBkCKSbmONbJOazMqK0OfxoC/jG3gqIr6DSberiAcnh/2Y/P/MT/b5E4pGw9ZN0jdK0lGcDIQ0lEkjIhUrTQ8tBY7aCjlkNVeAQgtKU8EpGyFstzK/N/N7337v22+F9RYs9BkyhJXWLbtnXszkwOugFnJQTzWszVJEShoVcxpk39+bIR3ZwJv/B7YLP55K6u2iMynAfBeKvcE07Gr373J7e+1u72AMizalZEPuuJCOEp07qHPQmePl9Xzyvv54PA1kk5UQljaqgTuOwtC35cj3HWe9nKp7+5Wjaq4Lw1yXUTitxO0v5ZN9P58XNH4mO856OZWbB7N5rhM0cl1GzV13EIopcj1EGJf3apXdml+h/r5PukMm5CU5aYdnhERUU0M5bcbMoIg6nOnoJogFlxiyCJV+OOJMkh1y2FMJElREc9YnQvZ5SgxHtI9ErkXMSY14tisibq4M6iTCRHN6a3/e8hfDruqXfQIAAA==[0m16:25:02.080 [main] INFO  c.r.s.e.ElasticSearchClientFactoryBean - About to read index setting file : /indices_structure.json
[8mha:AAABkh+LCAAAAAAAAACFkcFKAzEQhsdqtXjUmyAERD2Z3Za2aD3p2hWh6qEgSBGJ27RGtklNZmVF6PN40JfxDTwVEd/BpNutiAcnh/2Y/P/MT/blC4pGw9Zt0jVK0mGc9IU0lEkjIhUrTQ8sBY7OFHLIaq4AhRaUJoJTNkTYbmV+b+r3Zn5v5rfC/RYsdBkyhJXWHXtgXsxk32ujFrK/n2pYm6aIlDQq5jTIvr83Qzq0gTf/D2wXfj6X1Ptle1yA+Q4Ub/qTsKudv8vtbc/d3sMIFm1KyQbccSEdJjp3UOegU8fr28X4Y/3peBLIJishLG1UA3cchaFvy5HvO856OVXru5XDaq4Lw1yXUTipxO0v5ZN9P58XHP1Mdpz1cio396bzXCc4ynUZNWvuIBRT5HqAMCrXG5Vaw6/QcqVMOgMm5BU5OQvPCYmopoZy2oyZQRG1OdPRbRALLjFkESr9eMiZJDvk4EYlSFARzVmXCNnlKTEc0T4S6YmYkwbxbFdE3Fwb1EmEieb0zv685W8+SN51fQIAAA==[0m16:25:02.121 [main] INFO  c.r.s.e.ElasticSearchClientFactoryBean - About to read index setting file : /indices_structure.json
[8mha:AAAB0h+LCAAAAAAAAACFksFuEzEQhk1KIOIINyQkSxX0hL1J0wrSU7vNIqRQDgEkFHFwNtOtE8c29mxYhMTzcICX4QUQpwoh3gF7N1uEOGAf/Gn8/zO/LH/+RbrekQcX5cIbzawqC6k9E9rL3Cjj2HGgNNKZQSDNutYhnQnp1YJnwiLZmzR+vvXzKz+/8gfh0YRcXwgUSG5PlmIjuBK64FN0UhdHlSN3tylyo71RwNLm/HsyqWwIfP//gcPAn5965vvr6WWH7MxId17UYe/M/h0ebs/j7VvykdwIKbVYQ+ROZUvXOlh0sK3jy9dXlz/ufXhSBwrJekhu7g7TuCNlWRJWpCSJ3NRaGh4+GpwMW12WtbqGsnqVcX6v7Zwkbb/09E/nyE2tpf748bZfrKSnra6h8UHcSLoVglsj+dY/HA0ORsmA9ff36WwtpH5Dn55lzynNmWOeARsr4VHmUxAuv0iVBI2ZyNG49ycgNH1Ij+emRIqGOhALKvUCKuoBMTwSPZcK6IjyjXBcyTlfgl7F77E0c89fND1faokIHvk741beihy4B7eR4UThCkBunbHgUILnyuRCcWgy+drP18LaMMzzUFoFeR2BLcPvuPUbXp/UeN4CAAA=[0m16:25:02.133 [main] INFO  c.r.s.e.ElasticSearchClientFactoryBean - About to read index setting file : /var/lib/jenkins/jobs/TSearchUnittest/workspace/service/target/properties/local/elasticsearch/mappings/ticket/index.json
[8mha:AAAB1B+LCAAAAAAAAACFksFuEzEQhk0gEHGEGxKSpQo4YW9CWtH01G6zCCmUQwAJRRyc3enWqdde7NmwqFKfp4fyMjwAEqcKId4BezdbhDgwPvjTeP6ZX9Zc/iJ9Z8njkypzRrNSVbnUjgntZGqUsWzfUxzoyCCQNm70SG9GBk3BK1EieTJr9Xyj59d6fq33hXszcisTKJDcm63EWnAldM7naKXO92pLHmxcpEY7o4DF7f33ZFKX3vCj/xv2A39eDMz39/OrHrm5IP1l3pi9v/h3uH89Dq8fyTm57V1qUUDgXl1WtlOwoGAbxZev765+PDx70RjyzgZI7myN43ACJUnkI1AUBW5zHY13no8Oxl1dknR1LSVNVGH+oOscRV2/+PBP58BtrqPhdHfTL2Tiw66upel2OEj6NYItkHwb7kxG25NoxIbPdumiEFJ/oC+PkteUpswyx4BNlXAo0zkIm57ESoLGRKRo7OcDEJo+pftLUyFFQy2IjEqdQU0dIPpPosdSAZ1QvhaWK7nkK9CnYT1WZun4m7bnWy0RwSH/ZOypK0UK3IFdS3+jsDkgL60pwaIEx5VJheLQenKNnheiLP0wv3RZITVvHLCVX467vwEbEkWW3QIAAA==[0m16:25:02.139 [main] INFO  c.r.s.e.ElasticSearchClientFactoryBean - About to read index setting file : /var/lib/jenkins/jobs/TSearchUnittest/workspace/service/target/properties/local/elasticsearch/mappings/admin/index.json
[8mha:AAABkh+LCAAAAAAAAACFkcFKAzEQhsdqtXjUmyAERD2Z3Za2aD3p2hWh6qEgSBGJ27RGtklNZmVF6PN40JfxDTwVEd/BpNutiAcnh/2Y/P/MT/blC4pGw9Zt0jVK0mGc9IU0lEkjIhUrTQ8sBY7OFHLIaq4AhRaUJoJTNkTYbmV+b+r3Zn5v5rfC/RYsdBkyhJXWHXtgXsxk32ujFrK/n2pYm6aIlDQq5jTIvr83Qzq0gTf/D2wXfj6X1Ptle1yA+Q4Ub/qTsKudv8vtbc/d3sMIFm1KyQbccSEdJjp3UOegU8fr28X4Y/3peBLIJishLG1UA3cchaFvy5HvO856OVXru5XDaq4Lw1yXUTipxO0v5ZN9P58XHP1Mdpz1cio396bzXCc4ynUZNWvuIBRT5HqAMCrXG5Vaw6/QcrVCOgMm5BU5OQvPCYmopoZy2oyZQRG1OdPRbRALLjFkESr9eMiZJDvk4EYlSFARzVmXCNnlKTEc0T4S6YmYkwbxbFdE3Fwb1EmEieb0zv685W+NLLe1fQIAAA==[0m16:25:02.142 [main] INFO  c.r.s.e.ElasticSearchClientFactoryBean - About to read index setting file : /indices_structure.json
[8mha:AAAB0B+LCAAAAAAAAACFUsFuEzEQNSmBiCPckJAsIeCEvYnSqqSndptFSKEcAkgo4uBsplsnjr3Ys2EREt/DofwMXwCnCqH+Q+11tghxYHyYp/F7b54sn1+SrrPk8Vm1cEazUlWF1I4J7WRulLHs0KM0oBODQGLd6JDOhPQawktRInkyiXq+1fNrPb/We+LBhNxcCBRI7k6WYiO4ErrgU7RSFwe1Jfe3KXKjnVHA0tj/3kzq0gd+9P/AfuHvrz3z8930okN2ZqQ7L5qw92b/Lve3p+H2A/lCbvmUWqwh4E5dVrZVsKBgW8W3728vfj34/LwJ5JP1kNx+OEzDCSjLEl8BJUnAcdai4d7+4GjY8rKs5UWUNVWF/b3WOUlav/T4j3PAcdai/vjZ1i9M0uOWF9F4Nxwk3RrBrpH86O+NBrujZMD6w306Wwup39MXJ9krSnNmmWPAxko4lPkUhM3PUiVBYyZyNPbTEQhNn9LDuamQoqEWxIJKvYCaOkD0j0RPpQI6onwjLFdyzpegV+F7LM3c8dfR842WiOCQfzR25UqRA3dgN9J3FLYA5KU1JViU4LgyuVAcYibX6PlalKVf5rgfrTw9Nrb03+POFS82ILLfAgAA[0m16:25:02.148 [main] INFO  c.r.s.e.ElasticSearchClientFactoryBean - About to read index setting file : /var/lib/jenkins/jobs/TSearchUnittest/workspace/service/target/properties/local/elasticsearch/mappings/ticket/ticket.json
[8mha:AAAB1h+LCAAAAAAAAACFksFuEzEQhk0gEHGEGxKSpYpywt5EaQTpqd1mESiUQwAJRRy8m+nWqdde7NmwVSWehwO8DE8Apwoh3gF7N1uEODA++NN4/plf1nz+RfrOkt3TauWMZqWqcqkdE9rJzChj2YGnONCxQSBtXOuR3pwMmoIXokTycN7q+VbPr/T8Su8L9+fkxkqgQHJnvhYbwZXQOV+glTrfry25t3WRGe2MAha399+TSV16ww/+b9gP/PlpYL6/XVz2yPUl6ad5Y/bu8t/h/vUkvL4nH8lN71KLAgL36rKynYIFBdsqvnx9c/nj/sXTxpB3NkBya2cchxMoSSIfgaIocJvraDx5PDocd3VJ0tW1lDRRhfmDrnMUdf3ioz+dA7e5joazJ9t+IRMfdXUtzfbCQdKvEWyB5NtwMh3tTaMRG07GdFkIqd/RZ8fJS0ozZpljwGZKOJTZAoTNTmMlQWMiMjT2/BCEpo/oQWoqpGioBbGiUq+gpg4Q/SfRE6mATinfCMuVTPka9FlYj7VJHX/V9nytJSI45B+MPXOlyIA7sBvpbxQ2B+SlNSVYlOC4MplQHFpPrtHzQpSlH+aXblVIzd25zp6blK39etz+DYStlcvfAgAA[0m16:25:02.164 [main] INFO  c.r.s.e.ElasticSearchClientFactoryBean - About to read index setting file : /var/lib/jenkins/jobs/TSearchUnittest/workspace/service/target/properties/local/elasticsearch/mappings/admin/syncJob.json
[8mha:AAABZB+LCAAAAAAAAACFjsFKw0AQhsdoNXjUmyAERL2UJNpatD1p2ggSvbQI0tParjGa7qa7GwkIPo8HfRnfwFMR8R3czWYr4sGZw37M/v/M//IFNc5g5zYfc0rcLM3jhHAXEZ6MaEqZeywpUHRBBQZdCxZYEdil4BxlAnYj7fcqvzf3e3O/FHYiWBojgQSsRXfoAXkpIrHXFywhcadgsFGlGFHCaYrdQL+/L0ORycDb/weWBz+fbfp+1Z9ZsDiE2nVchl0f/j0uf2/U7xSeYFmmJGiCFVtFljPjcJXDrRyvb5ezj83H0zKQTGYLWNlqBqoVhaEvS5HvK9YzQ83W4f5J0+jC0Og0hWXl6r5tNvu+2Rd0fzYr1jNDe72jap+aBF2j09Q7UC2gVgjMJgLOBpgL7rCctJ1G3QlRkuYM87bj150eY5Rp7N8nWYbHJQ+SCXZwijJeDtyG33I4Hq1+A+lGUK1JAgAA[0mTests run: 3, Failures: 0, Errors: 0, Skipped: 0, Time elapsed: 0.306 sec
[8mha:AAABXR+LCAAAAAAAAACFj8FKxDAQhsfqavGoN0EQRL2lVVZR9qTdrSDVgyuC7ClmY7faTWqSSkHweTzoy/gGnhYR38GkaVbEg5NDv/yZf+bvyxe0pIDNUTmUnKEiL9OMSYSZzAjPuUCHmiJDZ1xRsDXjgZeAXzec4kLBVmL9QeMPpv5g6teNnQTmhlhhBUvJLX7AQY5ZGvSVyFjaqQSsNCkIZ5LnFEX2+3szVIUOvPF/YL3w89nn71f9iQezA2hdp3XY5cHf5fr1xrzewxPM65QMj6lhrypK4RzIOFDjeH27nHysPh7XgXQyX8HCejsyx1Ach7oMhaFhqzlq7+3vHLVdXxy7PktxXaXZ77vJYejmRd2fyYat5mi7d9DMM0rUdX2WervmKGhVioqxgpPzkjH9N2uEj5HA5E4WmFAkKRZkhGiOpcpIcyN5RplCPSv2azGqtQsq1eI3bhR0LkkCAAA=[0mRunning com.rackspace.search.elasticsearch.client.ElasticSearchClientTest
[8mha:AAABfR+LCAAAAAAAAACFkM9Kw0AQxsdqNXjUmyAsiHpyk4a2qD1pmogQ66EgSPGwpmsaTXdjdiMBwefxoC/jG3gqIr6Du/lTEQ/OHPbHzHwzH/vyBU2Rws4kGwvOcBJnYcQEJkxEAY95io8UOZoGXFIoY6EBDR+MYuCMJBJ2/VJvVnpzrjfnejXY82FpTCSRsObfkgdixoSF5lCmEQt7eQoblYuAM8Fjip3y/X0Z8kQZ3v7fsDr4+Wzw98vhrAGLI2heh4XZ9dHf46p7o7v38ATLyiUjU6q5kSdZWiuwVuBK8fp2MfvYfDwpDClnhoSVrbajU5PnWSo0WZbmslZTu7tvH7frOc+r50ryisj0faPebFn1Pqf/s1lzWaup5R5U+3TF6ddzJbkdnRKauaTpVAJvdQ/tzqFl445lo9GUROwKnQ68c4QCnGKBKQ7iiDKJ3ZgIGQVDStJg4hQ1tIfcnAaZVN+B5IQi1b+jUiDJUcKF1G8lQ6Vu9RvbP2yEbgIAAA==[0m16:25:02.502 [main] INFO  c.r.s.e.client.ElasticSearchClient - Executing the tickets to post to Elastic Search
[8mha:AAAByB+LCAAAAAAAAACFkk9r1EAYxsetq4tHvQnCQLEqNJNk2a39c6ppI8JaDyuChBzeJmM2bnZmOn9KQPDz9KBfxk+gpyLid3Bmk6ksHpw55DfvvM/zPiT58hsNlUQ7C1MqzohoTFUzRYCpuuANl+TYUuLojGuKunVrgAYzNFo3vAah0ZNZpw97fXijD2/0tvFohm6XoEGj+7OPcAlhA6wK51rWrDpqJXrYpyg4U7yhJOmem5NRK2zgx/8PbAf+uhrxH+/n1wO0laHhebUO+yD7d7i9/eBuL9BndMemZLCijgetMNIriFOQXvH127vrn48+vVwHsslGGt3dniRuO0rTyC5HUeS4q3ma7O2PX0x8X5r6vo7S9TJu/sg7R5H3S07+Ojvuap7i04Pez1WSE9/X0enUbY2GraZypdH3eO9wPD2MxuT55ABntAGl60JRkMUis7SkmjBe0rxojLKSOZWXdUG3jbCfkb4FtQwE500Qx4FeSAplEOf41Vn6BmMuK7LhR3oPsqIa3F+AA7wxw5+69hwX1lDbV41rVtJ2FxdgFMUZGM2fnptmiUHUz/JdrBYgS4WzaR5mkT2vQAgrs5X83h9oYZc83wIAAA==[0m16:25:02.749 [elasticsearch[ticket.node]clusterService#updateTask-pool-11-thread-1] INFO  org.elasticsearch.cluster.metadata - [ticket.node] [ticketsearch] creating index, cause [auto(bulk api)], shards [5]/[0], mappings []
[8mha:AAABqh+LCAAAAAAAAACFUstKw0AUvVarxaXuBCEgvhaZJKWK1ZVGI0LVRUWQUmRMxjSaZuLMRCqC3+NCP8Jf8A9ciYj/4EwnoxQX3lnk5N5zzj1k8vQFVc5gqVdEnGYoT4s4yTjCGU9CmlKGtiXyFTqigoCusQpUWlAbEg5xLmC5pfVOqXd+9M6PXhK3WjARYYEFzLSu8C12UpzFTluwJIu3BgzmyhQhzThNCfL1c3QzDHIZePH/wHLh52ONvp213ysw3oHqRTwMO9v5u1xOL9X0Bh5gUqbMcJ8oXBnkBTMKpBSoVDy/nr5/zN/vDwPJZDUBUwsNXx2FgsCVpZDrKqx7BjXWN+o7DcMLAsPTKBhWofbXjLPrGj9/99dZYd0zyNtrln6q4+8ankZ7a+oIqA4EYX0BL976Zn1t062jZrNhdUiKuUhCTjALex2JrolAGY1IN0wLLiVtwm6TkCwUubxGcoL5tZ1TmtqeZ4seIziyva51cBQcWxZlMRrxQ6UH6hOB1V9g2dbIDvOm6V1LLznv4zyXH9xMIxp2rZXoTt5QEq5OfwPQiGKQwAIAAA==[0m16:25:02.994 [elasticsearch[ticket.node]clusterService#updateTask-pool-11-thread-1] INFO  org.elasticsearch.cluster.metadata - [ticket.node] [ticketsearch] update_mapping [ticketdoc] (dynamic)
[8mha:AAABnB+LCAAAAAAAAACFkk9LwzAYxl+n0+FRb4JQEPXUtB1z+OekdRVh6mEiyNghtrGrdklNUikIfh5B/TJ+A09DxO9gsjbK8GBy6C9vnud9H9q+fEFdcNgY5pFgFGVpHidUIExFErKUcbSvyNd0yiSBcs3UoNaFxkRwgjMJm93S71R+58fv/PiVcK8LcxGWWMJS9wbfYyfFNHZ6kic03is4rFQpQkYFSwnyy+f0ZCgyFXj9/8Bq4OdTg71f9sY1mO1D/SqehF3u/x2ubq/17R08wrxKSfGIaK4VWc6NA2kHqhyvbxfjj9WHo0kglawhYWGt5eutKQhctTS5ruayZqjV3m4etIwuCIyupGCycj2/YTq7runnH/521lzWDHmdnaqfrviHRldSZ0tvCfVCEj6S8Oy1d5tbu24bNT3X6pMUC5mEgmAeDvuKbolElEVkEKa5UJYe4fdJSNbyTH1Gco7FrZ0xltqeZ8shJziyvYF1fBqcWRbjMZrqh6oeaEQk1n+BZVtTM8yplA+siKREqldtJTQixeI3ZJiMFKoCAAA=[0m16:25:06.210 [elasticsearch[ticket.node]clusterService#updateTask-pool-11-thread-1] INFO  org.elasticsearch.cluster.metadata - [ticket.node] [ticketsearch] deleting index
[8mha:AAABfR+LCAAAAAAAAACFkM1Kw0AQx8dqNXjUmyAsiHpyE/uFtidNExFiPRQEKR7WdE2j6W7MbiQg+Dwe9GV8A09FxHdwNx8V8eDMYX/MzH/mz758QV0ksDNJx4IzHEdpEDKBCROhzyOe4CNFtqYBlxSKWKhBzQMjHzgjsYRdr9Cbpd6c6825Xg32PFgaE0kkrHm35IGYEWGBOZRJyIJelsBG6cLnTPCIYrt4f1+GLFaGt/83rA5+Phv8/XI4q8HiCOrXQW52ffT3uOre6O49PMGycsnIlGquZXGaVAqsFbhUvL5dzD42H09yQ8qZIWFlq2Xr1OS6lgpNlqW5qFXU6hw0jlvVnOtWcwW5eaT6vlFttqxqn93/2ay5qFW07xyW+3TF7ldzBTltnRLqmaTJVALf73Qb7a7VwU2riUZTErIrdDpwzxHycYIFptiPQsokdiIiZOgPKUn8iZ3X0B5yMuqnUn0HkhOKVP+OSoEkRzEXUr+lDBW61W/eo5jDbgIAAA==[0m16:25:06.303 [main] INFO  c.r.s.e.client.ElasticSearchClient - Executing the tickets to post to Elastic Search
[8mha:AAAByB+LCAAAAAAAAACFkk9r1EAYxsetaxePehOEgaK10EySurvU9lTTpghrPawIEnJ4m4zZuNmZcf6UgODn8aBfxk+gpyLid3Bmk6ksHpw55DfvvM/zPiT58hsNlUSPF6ZUnBHRmKpmigBTdcEbLsmJpcTRBdcUdevWAA1maLRueAlCo91Zpw97fXijD2/0tvF4hm6XoEGje7P3cAVhA6wK51rWrDpuJXrQpyg4U7yhJOmem5NRK2zgR/8PbAf++jziP97OrwdoK0PDy2od9n7273B7+87dfkCf0B2bksGKOh60wkivIE5BesXXb2+ufz78eL4OZJONNNreGSduO0rTyC5HUeS4q3kaTw8Pno99X5r6vo7S9TJu/sg7R5H3S07/Ojvuap7is2e9n6skp76vo7OJ2xoNW03lSqPv8fToYHIUTcnk6SHOaANK14WiIItFZmlJNWG8pHnRGGUlcyqv6oLuGGE/I30NahkIzpsgjgO9kBTKIM7xi4v0FcZcVmTDj/QeZEU1uL8AB3hjhj917TkurKG2rxrXrKTtPi7AKIozMJo/uTTNEoOo9/J9rBYgS4WzSR5mkT2vQAgrs5X87h+BPug13wIAAA==[0m16:25:06.538 [elasticsearch[ticket.node]clusterService#updateTask-pool-11-thread-1] INFO  org.elasticsearch.cluster.metadata - [ticket.node] [ticketsearch] creating index, cause [auto(bulk api)], shards [5]/[0], mappings []
[8mha:AAABsB+LCAAAAAAAAACFUkFO20AU/aSkRCxhV6mSJVQKC4/tNElLsgITI6QAi1RIVRRVU3vquNgeMzNGQUichwUcgitwA1YRQtyBmYyHKuqifxZ+/v+99588vn2BOmewOSkjTnNUpGWc5BzhnCchTSlDuxL5Ch1TQUDXUg1qA2jMCUe4EPB5oPVOpXfe9M6bXhJ7A1iOsMAC1gZ/8AV2UpzHzlCwJI97UwYfqhQhzTlNCfL1c3EzTAsZ+NP/A8uFzzcN+vhjOKvBuxHUf8XzsOujf5fL6W81PYdreC9T5jgjCtemRcmMAikFqhR3D6ezp49XB/NAMllDwMpGy1dHoSBwZSnkugrrnkGtzrfmXsvwgsDwNArmVar9DePsusbP3//rrLDuGeT1dyo/1fH3DU+jflsdAfWpICwTcO91us121+2grztfrBFJMRdJyAlm4WQk0RkRKKcRGYdpyaVkSNhFEpKNspDXSL5jfmYXlKa259liwgiObG9sHR4HJ5ZFWYwW/FDlgTIisPoLLNta2GHeNH1s6SU/M1wU8oObaUTDsbUVXcobSsLt1Vd8mfzuwAIAAA==[0m16:25:06.793 [elasticsearch[ticket.node]clusterService#updateTask-pool-11-thread-1] INFO  org.elasticsearch.cluster.metadata - [ticket.node] [ticketsearch] update_mapping [ticketdoc] (dynamic)
[8mha:AAABiR+LCAAAAAAAAACFjs9Kw0AQxsdqNXjUmyAsiHpyk5a29s/Jpo0IsaIFQUoPa7q2K+km3d1oRfB5POjL+AaeiojvYDZpKuLB2cP+mPm+me/lC/JSwN4oGsiA49CPhoxLTLhkXuAHAh/FZGvqBIpCWks5yLlgJIJTEirYd1O/OfebC7+58MfChgsrA6KIgg33ltwR0yd8aHaVYHzYmArYmqfwAi4Dn2I7/X9fhmkYB979P3B88PPZCN6vurMcLPcgfz1Mwm72/h6Ppzd6OoEnWI1TcjKmmnPTMBKZA2sHnjte3y5nH9uPx0mgOJmhYG2nZOunyXGsuDRZlua0l1GpUi02S5nOcTJdSk5Skb5vZJstK9tnt342a057GRXatfk+3bFbmS6ldlk/BfmpomKsQBYq9WK5btXwYbWMemPCeB+ddJwzhDwssMQUez6jXOG2T6RiXpcS4Y3spIcOUFcRoegAnUdUPKALOomoVKgZMX9ABbpnaoQmySgkgowl6tX769/ksFFwcgIAAA==[0m16:25:09.785 [main] INFO  c.r.s.e.client.ElasticSearchClient - Started Query Request Builder with query params [:]
[8mha:AAABnB+LCAAAAAAAAACFkkFLwzAYhj+n0+FRb4JQEPXUtJU51J20W0WYepgIMnaIbeyqXVKTVAqCv0dQ/4z/wJOI+B9M1kYZHkwOffLlfb/vpe3zF9QFh41RHglGUZbmcUIFwlQkIUsZR/uKfE0nTBIo10wNaj1oTATHOJOw2Sv9TuV3fvzOj18J2z2Yi7DEEpZ61/gOOymmsdOXPKFxu+CwUqUIGRUsJcgvn9OTochU4PX/A6uBn48N9nbRf6/B7ADql/Ek7PLg73B1e6Vvb+EB5lVKisdEc63Icm4cSDtQ5Xh5PX//WL0/nARSyRoSFtaavt6agsBVS5Prai5rhpqtna2DptEFgdGVFExWruc3TGfXNf38zm9nzWXNkNfdrfrpit8xupK623pLqBeS8LGEJ6+1t7W95+6iHa9lDUiKhUxCQTAPRwNFN0QiyiIyDNNcKEuf8LskJGt5pj4jOcPixs4YS23Ps+WIExzZ3tA6OglOLYvxGE31Q1UPNCYS67/Asq2pGeZUyodWRFIi1au2EhqRYvEbow5XoaoCAAA=[0m16:25:09.816 [elasticsearch[ticket.node]clusterService#updateTask-pool-11-thread-1] INFO  org.elasticsearch.cluster.metadata - [ticket.node] [ticketsearch] deleting index
[8mha:AAABfh+LCAAAAAAAAACFkMFKw0AQhsdotXjUmyAsiHpyk5a2tPakaSNCrYeCIMXDmq5pNN2N2Y0EBJ/Hg76Mb+CpiPgO7ibZinhw5rAfM/PP/OzLF1REAnvTdCI4w3GUBiETmDAR+jziCT5S5GoackmhiCULrAFU84EzEkvYHxR6u9TbC7290KvB7gBWJkQSCRuDW/JA7IiwwB7JJGRBN0tgq3ThcyZ4RLFbvL8vQxYrw7v/G1YHP5+r/P1yNLdgeQyV6yA3uzn+e1x1b3T3Hp5gVblkZEY1W1mcJkaBtQKXite3i/nH9uNJbkg5q0pY22m4OjV5nqNCk+NoLmqGGq12/bhh5jzPzBXk5ZHq+1Wz2XHMPrf3s1lzUTNU63fKfbri9sxcQf2mTgmVTNJkJoHXWof15qHTwe1mA41nJGRX6HTonSPk4wQLTLEfhZRJ3I+IkKE/oiTxp25eQweon1E/leo7kJxSpPp3VAokOYq5kPotZajQrX8DngbVfW4CAAA=[0m16:25:09.854 [main] INFO  c.r.s.e.client.ElasticSearchClient - Executing the tickets to post to Elastic Search
[8mha:AAAByB+LCAAAAAAAAACFkk9r1EAYxsfV1cWjvQmFgeI/aCZJu1tqe9K0EWFbDysFCTm8TcZs3OzMOH9KQPDzeLBfpp9AT0XE79CZTaayeHDmkN+88z7P+5Dk+x80VBI9nZtScUZEY6qaKQJM1QVvuCSvLCWOTrmmqFt3BmgwRaNVwwkIjZ5NO33Y68NbfXirt42HU3SvBA0aPZp+ggsIG2BVONOyZtVhK9HjPkXBmeINJUn3XJ+MWmEDP/l/YDvw97cR//lhdj1AdzM0PK9WYTeyf4fb24/u9jP6iu7blAyW1PGgFUZ6BXEK0isur86uf21+ebMKZJONNHqwNU7cdpSmkV2OoshxV/M03tvfeT32fWnq+zpKV8u4+SPvHEXeLzn66+y4q3mKj1/2fq6SHPm+jo4nbms0bDWVS41+xHsHO5ODOCLR/i7OaANK14WiIIt5ZmlBNWG8pHnRGGUlMyov6oJuGWE/I30PahEIzpsgjgM9lxTKIM7x29P0HcZcVmTNj/QeZEk1uL8AB3hthj917TkurKG2rxrXrKTtNi7AKIozMJo/PzfNAoOoX+TbWM1BlgpnkzzMInteghBWZiv5wxsqth2c3wIAAA==[0m16:25:10.083 [elasticsearch[ticket.node]clusterService#updateTask-pool-11-thread-1] INFO  org.elasticsearch.cluster.metadata - [ticket.node] [ticketsearch] creating index, cause [auto(bulk api)], shards [5]/[0], mappings []
[8mha:AAABqh+LCAAAAAAAAACFUstKw0AUvVarxaXuBCEgvhaZJFql6kqjEaHqoiJIKTImYxpNM3FmIhXB73GhH+Ev+AeuRMR/cKaTUYoL7yxycu855x4yefqCKmew0C0iTjOUp0WcZBzhjCchTSlD2xL5Ch1RQUDXSAUqTagNCIc4F7DY1Hqn1Ds/eudHL4lbTRiLsMACpppX+BY7Kc5ipyVYksVbfQYzZYqQZpymBPn6ObwZ+rkMPP9/YLnw87FG385a7xUYbUP1Ih6EnW7/XS6nl2p6Aw8wLlNmuEcUrvTzghkFUgpUKp5fT98/Zu/3B4FkspqAibm6r45CQeDKUsh1FdY9g+rrjZWduuEFgeFpFAyqUPtrxtl1jZ+/++ussO4Z5O1tlH6q4+8ankZ7a+oIqPYFYT0BL9765srapuei1dWG1SYp5iIJOcEs7LYluiYCZTQinTAtuJS0CLtNQjJX5PIayQnm13ZOaWp7ni26jODI9jrWwVFwbFmUxWjID5UeqEcEVn+BZVtDO8ybpncsveS8h/NcfnAzjWjYsZaiO3lDSbg8+Q1hqSKLwAIAAA==[0m16:25:10.338 [elasticsearch[ticket.node]clusterService#updateTask-pool-11-thread-1] INFO  org.elasticsearch.cluster.metadata - [ticket.node] [ticketsearch] update_mapping [ticketdoc] (dynamic)
[8mha:AAABlB+LCAAAAAAAAACFkM9Kw0AQxsdqtXjUmyAsiHpyk/5F25NNGxFqRQuChB7WdG0jySbd3WhFEHwbD/oyvoGnIuI7uJs0FfHg7CE/Zr5v5iMvX5AXHHZG8UCEDEd+PPSYwIQJzw39kONDRZambigppLWQg1wHConghEQSdjup35j5jbnfmPuVsNGBpQGRRMJa54bcEsMnbGj0JPfYsDHhsDFL4YZMhD7FVvr9fRkmkQq8/X9gdfDzuRC+X/amOVh0IH81TMKuO3+Pq+m1no7hEZZVSkYCqjk3iWKeObB24Jnj9e1i+rH5cJQEUskKEla2KpZ+mmzbVKXJNDWnvYwqtf1Ss5LpbDvTpWQnFev7hWyzaWb7rNbPZs1pL6Ni+2C2T3esVqZLqV3VT0J+IikPJDwVa/VStV4s47J5gJyAeKyPjrv2KUIu5lhgil3fo0zitk+E9NweJdwdWUkP7aGeJFzSATqLKb9H53QcUyFRM/b8AeXozpMjNE5GEeEkEMiJBeV1RyqV+ofFfn/1G1yLYNuAAgAA[0m16:25:13.309 [main] INFO  c.r.s.e.client.ElasticSearchClient - Started Query Request Builder with query params [user:[testing1]]
[8mha:AAABmR+LCAAAAAAAAACFkM1Kw0AUha/VanGpO0EYEHWjk/RPa7uysRGhVrQgSOhiTMc2kk7SmYlWBB/AJ3GhL+MbuBIR38GZ/FTEhXcW+bj3nHsPef6CvOCwMYz6ImA49KOBxwQmTHhu4Acc7yuyNHUCSSGpmRzk2lCIBccklLDZTvxG6jemfmPqV8JGG+b6RBIJS+1rckMMn7CB0ZXcY4PGhMNKmsINmAh8iq3k+/syTEIVeP3/wOrg51MheLvovudg1oH85SAOu+z8Pa6mV3o6hgeYVykZGVHNuUkY8cyBtQOnjpfX8/eP1fvDOJBKVpCwsFax9NNk26YqTaapOellVNmplZqVTGfbmS4hO65I3y9km00z22cd/GzWnPQyKrb20n26Yx1kuoRaVf0k5CeS8pGEx+JOvVStF8u4vFtDzoh4rIeOOvYJQi7mWGCKXd+jTOKWT4T03C4l3B1acQ9to64kXNI+Oo0ov0NndBxRIVEz8vw+5ejWk0M0jkch4WQkkBMJyuuOVCr1D4tbKZR7vcVvjutZJIkCAAA=[0m16:25:13.378 [main] INFO  c.r.s.e.client.ElasticSearchClient - Started Query Request Builder with query params [user:[testing1,testing3]]
[8mha:AAABmh+LCAAAAAAAAACFkM1Kw0AUha/VanGpO0EYEXWjk6R/aLvS2IhQFS0IEroY07GNpJN0ZqIVwRfwRVzoy/gGrkTEd3AmPxVx4Z1FPu49595Dnr+gKDisD+KeCBmOgrjvM4EJE74XBiHHu4psTcehpJDWVAEKbSglgiMSSdhop34j8xsTvzHxK2GzDTM9IomEhfY1uSFGQFjf6Ejus35zzGEpS+GFTIQBxXb6/X0ZxpEKvPZ/YHXw86kUvl103gsw7ULxsp+EXXT/HlfTKz0dwQPMqpSMDKnmwjiKee7A2oEzx8vr+fvH8v1BEkglK0mYW63a+mlyHFOVJtPUnPZyqta3y3vVXOc4uS4lJ6lY3y/lm00z32fv/2zWnPZyslo72T7dsfdzXUqtmn4SimNJ+VDCo1VvlGsNq4KrNQu5Q+KzLjo8dk4Q8jDHAlPsBT5lErcCIqTvdSjh3sBOemgLdSThkvbQaUz5HTqjo5gKifZiP+hRjm59OUCjZBQRToYCubGgfKXhSiVTP9HazKDS7c5/A3VdHGaKAgAA[0m16:25:13.451 [main] INFO  c.r.s.e.client.ElasticSearchClient - Started Query Request Builder with query params [user!:[testing1,testing3]]
[8mha:AAABnR+LCAAAAAAAAACFkk9LwzAYxl+n0+FRb4JQGOqpaatz/jtptSJMPUwEGTvENnbVLqlJKgXBzyOoX8Zv4ElE/A4ma6MMDyaH/vLmed73oe3zF9QFh+VBHglGUZbmcUIFwlQkIUsZR7uKfE0nTBIo10QNah1ojATHOJOw0in9TuV3fvzOj18JdzowFWGJJcx1rvEddlJMY6creULjnYLDQpUiZFSwlCC/fI5PhiJTgZf+D6wGfj422NtF970Gkz2oX8ajsPO9v8PV7ZW+vYUHmFYpKR4SzbUiy7lxIO1AlePl9fz9Y/H+cBRIJWtImGm2fL01BYGrlibX1VzWDLXam6t7LaMLAqMrKRitXM9vmM6ua/r5+7+dNZc1Q97BVtVPV/x9oyvpYF1vCfVCEj6U8OS1t1fXt7011GpvWD2SYiGTUBDMw0FP0Q2RiLKI9MM0F8rSJfwuCUkzz9RnJGdY3NgZY6ntebYccIIj2+tbRyfBqWUxHqOxfqjqgYZEYv0XWLY1NsOcSnnfikhKpHrVVkIjUsx+A0xcumWqAgAA[0m16:25:13.467 [elasticsearch[ticket.node]clusterService#updateTask-pool-11-thread-1] INFO  org.elasticsearch.cluster.metadata - [ticket.node] [ticketsearch] deleting index
[8mha:AAABfh+LCAAAAAAAAACFkM9Kw0AQxsdotXjUmyAsiHpyk9S2aHvStBEh1kNBkOJhTdc0mu7G7EYCgs/jQV/GN/BURHwHd/OnIh6cOeyPmflmPvblC2oigZ1JOhac4ThKg5AJTJgIfR7xBB8pcjQNuKRQxIIBhgf1fOCMxBJ2vUJvlnpzrjfnejXY9WBpTCSRsObdkgdiRoQF5lAmIQu6WQIbpQufM8Ejip3i/X0ZslgZ3v7fsDr4+Vzn75fDmQGLI6hdB7nZ9dHf46p7o7v38ATLyiUjU6rZyOI0qRRYK3CpeH27mH1sPp7khpSzuoSVraajU5PrWio0WZbmolZRs33QOG5Wc65bzRXk5pHq+/Vqs2VV+5zez2bNRa0iu39Y7tMVp1fNFdRv6ZRQyyRNphK43e40Wh17H7fsNhpNSciu0OnAPUfIxwkWmGI/CimTuB8RIUN/SEniT5y8hvZQP6N+KtV3IDmhSPXvqBRIchRzIfVbylChW/0GObOg1W4CAAA=[0m16:25:13.516 [main] INFO  c.r.s.e.client.ElasticSearchClient - Executing the tickets to post to Elastic Search
[8mha:AAAByR+LCAAAAAAAAACFks1u1DAUhd2hAyOWZYeEZKniT2qcpMwUaFeQNqjStCwGIaEoi9vEZMJkbOOfKhISz8MCXoYngFWFUN+h9iRuNWKBvcjn63vOPUry/RINlUSP5qZUnBHRmKpmigBTdcEbLskrS4mjU64p6tbGAA2maLRqOAGh0eNppw97fXitD6/1tvFgijZL0KDR1vQTnEPYAKvCmZY1qw5aie73KQrOFG8oSbrn+mTUChv44f8D24F/v4347w+ziwG6laHhWbUKey/7d7i9/ehuP6Ov6LZNyWBJHQ9aYaRXEKcgveLHz/cXfx58ebMKZJONNLqzPU7cdpSmkV2OoshxV/M03nux+3rs+9LU93WUrpZx80feOYq8X3J44+y4q3mKj172fq6SHPq+jo4mbms0bDWVS41+xXv7u5P9+Bl5Ho1xRhtQui4UBVnMM0sLqgnjJc2LxigrmVF5Xhd02wj7Gek7UItAcN4EcRzouaRQBnGOj0/TtxhzWZE1P9J7kCXV4P4CHOC1Gf7Utee4sIbavmpcs5K2O7gAoyjOwGj+5Mw0CwyifprvYDUHWSqcTfIwi+x5CUJYma3kd68AlzZ4St8CAAA=[0m16:25:13.704 [elasticsearch[ticket.node]clusterService#updateTask-pool-11-thread-1] INFO  org.elasticsearch.cluster.metadata - [ticket.node] [ticketsearch] creating index, cause [auto(bulk api)], shards [5]/[0], mappings []
[8mha:AAABqh+LCAAAAAAAAACFUstKw0AUvVarxaXuBCEgvhaZJNqKj5VGI0LVRUWQUmRMxjSaZuLMRCqC3+NCP8Jf8A9ciYj/4EwnoxQX3lnk5N5zzj1k8vQFVc5goVtEnGYoT4s4yTjCGU9CmlKGtiXyFTqigoCukQpUmlAbEA5xLmCxqfVOqXd+9M6PXhK3mjAWYYEFTDWv8C12UpzFTkuwJIu3+gxmyhQhzThNCfL1c3gz9HMZeP7/wHLh52ONvp213isw2obqRTwIO93+u1xOL9X0Bh5gXKbMcI8oXOnnBTMKpBSoVDy/nr5/zN7vDwLJZDUBE3N1Xx2FgsCVpZDrKqx7BtXX1ld26oYXBIanUTCoQu2vGWfXNX7+7q+zwrpnkLe3Ufqpjr9reBrtNdQRUO0LwnoCXry1zZXGpreKNhoNq01SzEUScoJZ2G1LdE0EymhEOmFacClpEXabhGSuyOU1khPMr+2c0tT2PFt0GcGR7XWsg6Pg2LIoi9GQHyo9UI8IrP4Cy7aGdpg3Te9Yesl5D+e5/OBmGtGwYy1Fd/KGknB58hsuUJCPwAIAAA==[0m16:25:13.955 [elasticsearch[ticket.node]clusterService#updateTask-pool-11-thread-1] INFO  org.elasticsearch.cluster.metadata - [ticket.node] [ticketsearch] update_mapping [ticketdoc] (dynamic)
[8mha:AAABmx+LCAAAAAAAAACFkMFKw0AQhsdqtXjUmyAsiHrRTVJq0faksRGhKloQJBRZ07VdSTfp7kZbBM8+igd9Gd/AUxHxHdxNGkU8OHvIx8z/z/zk+ROKUsBaL+nIiOM4TLqMS0y4ZEEURgLvanINHUeKQlZTBSg0oZQKjkisYL2Z+a2J3/r2W99+Law3YaZDFFGw0Lwht8QKCe9aLSUY79aHApYmKYKIyyik2M2+vy/DMNaBV/8PrA9+PJWit4vWuADTPhSvumnYRf/vcT29NtMBPMCsTslJnxouDONE5A5sHHjieHk9H78v3x+kgXSykoK5lYprniHPs3UZsm3DWS+nSnW7vFfJdZ6X6zLy0krM/VK+2bbzfe7+z2bDWS8np7Ez2Wc67n6uy6ixZZ6C4lBR0Vfw6FRr5a2aU8U7VQf5fcJ4Gx0eeycIBVhgiSkOQka5wo2QSMWCFiUi6LlpD22iliJC0Q46TagYoTM6SKhUaC9hYYcKdMdUDw3SUUwE6Uvkx4JFgqnRpdC/ktZ839kot9vt+S+O7LiJhwIAAA==[0m16:25:16.961 [main] INFO  c.r.s.e.client.ElasticSearchClient - Started Query Request Builder with query params [priority_range:[[1,2]]]
[8mha:AAABnR+LCAAAAAAAAACFkMFKw0AQhsdqtXjUmyCsiHrRTVpqaetJYyNCrWhBkFBkTdd2Jd2kuxutCN59Ew/6Mr6BpyLiO7ibNIp4cPaQj5n/n/nJ8yfkpYD1ftyVIcdREPcYl5hwyfwwCAXe1eQYaoWKQlpTOcg1oZAIjkikYKOZ+q2J3/r2W99+LdxpwkyXKKJgoXlNbogVEN6z2kow3tsZCViapPBDLsOAYif9/r4Mo0gHXvs/sD748VQI387b4xxMe5C/7CVhF72/x/X0ykyH8ACzOiUnA2o4N4pikTmwceCJ4+X1bPy+fH+QBNLJCgrmVsuOeYZc19ZlyLYNp72MypVqaa+c6Vw306XkJhWb+4Vss21n+5z9n82G015GxUZtss90nP1Ml1Jj2zwF+ZGiYqDgsVipl7brxQquVavIGxDGO+iw5R4j5GOBJabYDxjlCjcCIhXz25QIv+8kPbSF2ooIRbvoJKbiDp3SYUylQnsxC7pUoFum+miYjCIiyEAiLxIsFEzdXQj9K+lK3fOKm6VOpzP/BUb38aCIAgAA[0m16:25:16.988 [main] INFO  c.r.s.e.client.ElasticSearchClient - Started Query Request Builder with query params [priority_range!:[[1,2]]]
[8mha:AAABnB+LCAAAAAAAAACFkkFLwzAYhj+n0+FRb4JQEPXUtB1zOD1ptSLMeZgIMnaIbeyqXVKTVAqCv0dQ/4z/wJOI+B9M1kYZHkwOffLlfb/vpe3zF9QFh41RHglGUZbmcUIFwlQkIUsZR3uKfE09JgmUa6YGtS40JoITnEnY7JZ+p/I7P37nx6+Eu12Yi7DEEpa61/gOOymmsdOXPKHxbsFhpUoRMipYSpBfPqcnQ5GpwOv/B1YDPx8b7O2i/16D2QHUL+NJ2OXB3+Hq9krf3sIDzKuUFI+J5lqR5dw4kHagyvHyev7+sXp/NAmkkjUkLKy1fL01BYGrlibX1VzWDLXa2839ltEFgdGVFExWruc3TGfXNf38g9/OmsuaIe+wU/XTFf/A6Eo63NJbQr2QhI8lPHntnebWjtdGnU7HGpAUC5mEgmAejgaKbohElEVkGKa5UJY+4XdJSNbyTH1GcobFjZ0xltqeZ8sRJziyvaF13AtOLYvxGE31Q1UPNCYS67/Asq2pGeZUyodWRFIi1au2EhqRYvEbYoM7aqoCAAA=[0m16:25:16.999 [elasticsearch[ticket.node]clusterService#updateTask-pool-11-thread-1] INFO  org.elasticsearch.cluster.metadata - [ticket.node] [ticketsearch] deleting index
[8mha:AAABfh+LCAAAAAAAAACFkM9Kw0AQxsdqNXjUmyAsiHpyk5a2anvSNBEh1kNBkOJhTdc0mu7G7EYCgs/jQV/GN/BURHwHd/OnIh6cOeyPmflmPvblC+oigZ1JOhac4ThKg5AJTJgIfR7xBB8psjUNuKRQxEINah4Y+cAZiSXseoXeLPXmXG/O9Wqw58HSmEgiYc27JQ/EjAgLzKFMQhb0sgQ2Shc+Z4JHFNvF+/syZLEyvP2/YXXw89ng75fDWQ0WR1C/DnKz66O/x1X3Rnfv4QmWlUtGplRzLYvTpFJgrcCl4vXtYvax+XiSG1LODAkrWy1bpybXtVRosizNRa2iVuegedyq5ly3mivIzSPV941qs2VV++z+z2bNRa2ihnNY7tMVu1/NFeS0dUqoZ5ImUwm80ek2293GPraaB2g0JSG7QqcD9xwhHydYYIr9KKRMYiciQob+kJLEn9h5De0hJ6N+KtV3IDmhSPXvqBRIchRzIfVbylChW/0GUvqCU24CAAA=[0m16:25:17.028 [main] INFO  c.r.s.e.client.ElasticSearchClient - Executing the tickets to post to Elastic Search
[8mha:AAAByB+LCAAAAAAAAACFkk9r1EAYxqdrVxeP9SYIA8V/0EySsltte9K0kcK2PawIEnJ4m4zZuNmZcf6UgODn8aBfxk+gpyLid+jMJtOyeHDmkN+88z7P+5Dk2180VBI9mZtScUZEY6qaKQJM1QVvuCSvLCWOzrimqFsbAzSYotGq4RSERk+nnT7s9eGNPrzR28bDKdosQYNGW9OPcAlhA6wKZ1rWrDpsJXrYpyg4U7yhJOme65NRK2zgx/8PbAf++Triv97PrgboToaGF9Uq7IPs3+H29oO7/YS+oLs2JYMldTxohZFeQZyC9IrvP95d/X70+c0qkE020uje9jhx21GaRnY5iiLHXc3TeO/l7uux70tT39dRulrGzR955yjyfsnRrbPjruYpPt7v/VwlOfJ9HR1P3NZo2Goqlxr9jPcOdicH8QsS70c4ow0oXReKgizmmaUF1YTxkuZFY5SVzKi8rAu6bYT9jPQtqEUgOG+COA70XFIogzjHJ2fpOcZcVmTNj/QeZEk1uL8AB3hthj917TkurKG2rxrXrKTtDi7AKIozMJo/uzDNAoOon+c7WM1BlgpnkzzMInteghBWZiv5/WvnAFuo3wIAAA==[0m16:25:17.190 [elasticsearch[ticket.node]clusterService#updateTask-pool-11-thread-1] INFO  org.elasticsearch.cluster.metadata - [ticket.node] [ticketsearch] creating index, cause [auto(bulk api)], shards [5]/[0], mappings []
[8mha:AAABqR+LCAAAAAAAAACFUstKxDAUvY6ODi51JwgF8bVo2ur4Xmm1Ioy6GBFkGCS2sVPtNDVJZUTwe1zoR/gL/oErEfEfTCaNMrjwZtHTe88599D06QuqnMFcp4g4zVCeFnGScYQznoQ0pQxtS+QrdEQFAV1DFag0oNYnHOJcwHxD651S7/zonR+9JG41YCTCAguYaFzhW+ykOIudpmBJFm/1GEyVKUKacZoS5Ovn4Gbo5TLw7P+B5cLPxxp9O2u+V2C4BdWLuB92svV3uZxequkNPMCoTJnhLlG40ssLZhRIKVCpeH49ff+Yvt/vB5LJagLGZuq+OgoFgStLIddVWPcMqq+uL+3UDS8IDE+joF+F2l8zzq5r/PzdX2eFdc8gb2+j9FMdf9fwNNpbUUdAtScI6wp48VY3l1Y2vTVUX3atFkkxF0nICWZhpyXRNREooxFph2nBpaRJ2G0Skpkil9dITjC/tnNKU9vzbNFhBEe217YOjoJjy6IsRgN+qPRAXSKw+gss2xrYYd40vW3pJeddnOfyg5tpRMO2tRDdyRtKwsXxb/fku6/AAgAA[0m16:25:17.430 [elasticsearch[ticket.node]clusterService#updateTask-pool-11-thread-1] INFO  org.elasticsearch.cluster.metadata - [ticket.node] [ticketsearch] update_mapping [ticketdoc] (dynamic)
[8mha:AAABlx+LCAAAAAAAAACFjsFKw0AQhsdqNXjUmyAsiHpyE0tbbHuyaSNCrWhBkNDDNlnbSLJJdzdaUTz5MB70ZXwDT0XEdzCbNBXx4OxhP2b+f+Z/+YKi4LAzil0RMhz58dBjAhMmPCf0Q44PEzIVdUNJIauFAhQ6oKWCExJJ2O1kfn3m1+d+fe5PhI0OLLlEEglrnWtyQ3SfsKHek9xjw8aEw8YshRMyEfoUm9n/+zJMoiTw9v+Bk4Ofz1r4ftmbFmDRhuJgmIZdt/8eT6ZXajqGR1hOUjISUMWFSRTz3IGVA88cr28X04/N+6M0UJJMk7CyVTbVU2RZRlKKDENx1supXD0oNcu5zrJyXUZWWrG6r+WbDSPfZ7Z+NivOejntt2uzfapjtnJdRu2KehKKE0l5IOFpv1ovVeolA5dLNWQHxGN9dNy1ThFyMMcCU+z4HmUSt30ipOf0KOHOyEx7aA/1JOGSuugspvwOndNxTIVEzdjzXcrRrSdHaJyOIsJJIJAtQi7rNouDAeUPLhVOv7/6DS8L0miDAgAA[0m16:25:20.429 [main] INFO  c.r.s.e.client.ElasticSearchClient - Started Query Request Builder with query params [sort:[number|desc]]
[8mha:AAABpR+LCAAAAAAAAACFjsFq20AQhidu3Joe01uhsBDSXtKVYmzj2qdYtkrASUgMhSJ8WEtbe4u0K++OWpuEvkHfo4f2ZfoGPYUQ8g7RSpZL6KGzh/2Y+f+Z/+c91I2G14ssMkrSNM7mQhrKpBGhipWmxzl5ls4Ucihrpwa1MTQKwSlLEd6MS7+z8Ttbv7P158L+GHYjhgxhb/yZfWFOzOTcmaAWct5faXi5SREqaVTMqVf+jy/DKs0DH/w/cH7w7kdD/fk4uanBkwDqs3kR9kXw7/F8+slOl/ANnuYpJUu45doqzXTloNZBN45fvz/c3L66el8EypM1EJ7ttzz7LPm+m5cl17Vc9ipqdbrNQavS+X6lK8kvKrP3G9Vm1632ecO/my2XvYqORu82+2zHG1a6kkZt+xDqK+Q6Qfh+1Ok1272mS1vdLgkSJuSUnJz554SEVFNDOQ1jwSXSUcwMinDCmQ4XXtEjb8kEmUYekYuM6zW55MuMGySDTMQR1+SrwAVZFqOUaZYYEhilsRfILJlxfR1xEx6mWigtcD2dPn8AJ6ZnzowCAAA=[0m16:25:20.488 [main] INFO  c.r.s.e.client.ElasticSearchClient - Started Query Request Builder with query params [sort:[number|desc,priority]]
[8mha:AAABmx+LCAAAAAAAAACFkMFKw0AQhsdqtXjUmyAsiHpyE0tbtD3ZtBEhVrQgSOhhTdd0Jd2kuxutKD6AT+JBX8Y38FREfAezSVMRD84e8jHz/zM/efmCohSwNYj7MuQ4CmKfcYkJl8wLg1Dgg4QsTZ1QUchqrgAFB0qp4JhECradzG9M/cbMb8z8ibDhwEKfKKJgxbkmN8QICPeNrhKM+42xgLVpCi/kMgwotrLv78swjpLAm/8HTg5+PpfC94vupADzLhQv/TTsqvv3eDK90tMRPMJikpKTIdVcGEexyB1YO/DU8fp2PvlYvz9MAyXJSgqWNiqWfpps20xKk2lqzno5VWp75WYl19l2rsvITivW90v5ZtPM91mtn82as15Ou+396T7dsVq5LqN2VT8FxbGiYqjgabdWL1frZRNXzTJyh4TxHjrq2CcIeVhgiSn2Aka5wu2ASMW8LiXCG1hpD+2griJC0T46jam4Q2d0FFOpUDNmQZ8KdMvUAI3SUUQEGUrkylCoukukZD6nFOvf/ECk1+stfwMnNM69iQIAAA==[0m16:25:20.502 [main] INFO  c.r.s.e.client.ElasticSearchClient - Started Query Request Builder with query params [sort:[assignee.name|asc]]
[8mha:AAABnB+LCAAAAAAAAACFkkFLwzAYhj+n0+FRb4JQEPXUtB3bUHfSakWYepgIMnaIbeyqXVKTVAqCv0dQ/4z/wJOI+B9M1kYZHkwOffLlfb/vpe3zF9QFh41RHglGUZbmcUIFwlQkIUsZR7uKfE0nTBIo10wNaj1oTATHOJOw2Sv9TuV3fvzOj18Juz2Yi7DEEpZ61/gOOymmsdOXPKFxt+CwUqUIGRUsJcgvn9OTochU4PX/A6uBn48N9nbRf6/B7ADql/Ek7PLg73B1e6Vvb+EB5lVKisdEc63Icm4cSDtQ5Xh5PX//WL0/nARSyRoSFtZavt6agsBVS5Prai5rhlqdreZey+iCwOhKCiYr1/MbprPrmn7+/m9nzWXNkHewXfXTFX/f6Eo6aOstoV5IwscSnrzOTrO903RR2+tYA5JiIZNQEMzD0UDRDZGIsogMwzQXytIn/C4JyVqeqc9IzrC4sTPGUtvzbDniBEe2N7SOToJTy2I8RlP9UNUDjYnE+i+wbGtqhjmV8qEVkZRI9aqthEakWPwGUpJzpKoCAAA=[0m16:25:20.516 [elasticsearch[ticket.node]clusterService#updateTask-pool-11-thread-1] INFO  org.elasticsearch.cluster.metadata - [ticket.node] [ticketsearch] deleting index
[8mha:AAABfR+LCAAAAAAAAACFkM9Kw0AQxsdqNXjUmyAsiHpyk5a0qD1pmogQ66EgSPGwpmsaTXdjdiMBwefxoC/jG3gqIr6Du/lTEQ/OHPbHzHwzH/vyBU2Rws4kGwvOcBJnYcQEJkxEAY95io8UOZoGXFIoY6EBDR+MYuCMJBJ2/VJvVnpzrjfnejXY82FpTCSRsObfkgdixoSF5lCmEQt7eQoblYuAM8Fjip3y/X0Z8kQZ3v7fsDr4+Wzw98vhrAGLI2heh4XZ9dHf46p7o7v38ATLyiUjU6q5kSdZWiuwVuBK8fp2MfvYfDwpDClnhoSVLdvRqcnzLBWaLEtzWavJ7u63j+16zvPquZK8IjJ936g3W1a9z+n/bNZc1mpquQfVPl1x+vVcSW5Hp4RmLmk6lcBb3cN257Bt4Y5to9GUROwKnQ68c4QCnGKBKQ7iiDKJ3ZgIGQVDStJg4hQ1tIfcnAaZVN+B5IQi1b+jUiDJUcKF1G8lQ6Vu9Rt6o4FLbgIAAA==[0m16:25:20.544 [main] INFO  c.r.s.e.client.ElasticSearchClient - Executing the tickets to post to Elastic Search
[8mha:AAAByB+LCAAAAAAAAACFkk9r1EAYxsetq4tHvQnCQLEqNJNk2a39c6ppI8JaDyuChBzeJmM2bnZmOn9KQPDz9KBfxk+gpyLid3Bmk6ksHpw55DfvvM/zPiT58hsNlUQ7C1MqzohoTFUzRYCpuuANl+TYUuLojGuKunVrgAYzNFo3vAah0ZNZpw97fXijD2/0tvFohm6XoEGj+7OPcAlhA6wK51rWrDpqJXrYpyg4U7yhJOmem5NRK2zgx/8PbAf+uhrxH+/n1wO0laHhebUO+yD7d7i9/eBuL9BndMemZLCijgetMNIriFOQXvH127vrn48+vVwHsslGGt3dniRuO0rTyC5HUeS4q3ma7O2PX0x8X5r6vo7S9TJu/sg7R5H3S07+Ojvuap7i04Pez1WSE9/X0enUbY2GraZypdH3eO9wPD0cR+R5dIAz2oDSdaEoyGKRWVpSTRgvaV40RlnJnMrLuqDbRtjPSN+CWgaC8yaI40AvJIUyiHP86ix9gzGXFdnwI70HWVEN7i/AAd6Y4U9de44La6jtq8Y1K2m7iwswiuIMjOZPz02zxCDqZ/kuVguQpcLZNA+zyJ5XIISV2Up+7w9lP1Ps3wIAAA==[0m16:25:20.709 [elasticsearch[ticket.node]clusterService#updateTask-pool-11-thread-1] INFO  org.elasticsearch.cluster.metadata - [ticket.node] [ticketsearch] creating index, cause [auto(bulk api)], shards [5]/[0], mappings []
[8mha:AAABsB+LCAAAAAAAAACFUstO20AUvQQCEUvYVapkKeK18NiOQqCwah1cIQVYBCEhK6qm9tQxcTzuzDgKQuJ7uigf0V/oH3SFUNV/YMbjAUVdcGfh43vPOffI45//oMkZbI/LmNMcFVmZpDlHOOdpRDPK0EeJfIXOqSCga6kBjQG0KsIZLgTsDLTeqfXOi9550Uvi8QBWYiywgI3BDZ5hJ8N54gwFS/PkeM7gXZ0iojmnGUG+fi5uhnkhA2+9HVgu/PujRf9cDx8bsBxC82tShd0M/18up9/U9Dvcw6pMmeMpUbgxL0pmFEgpUK14+H31+PT+7nMVSCZrCVhrd311FAoCV5ZCrquw7hnU7R12PnUNLwgMT6OgqlLtbxln1zV+fv/VWWHdM8g7+VD7qY7fNzyNTvbVEdCcC8KmAn55vaPO/lHHRYe9AyskGeYijTjBLBqHEk2IQDmNySjKSi4lQ8JmaUTaZSGvkVxiPrELSjPb82wxZgTHtjeyTs+DC8uiLEELfqj2QFMisPoLLNta2GHeNH1k6SVfprgo5Ac305hGI2s3vpU3lEZ7689y/+uOwAIAAA==[0m16:25:20.867 [elasticsearch[ticket.node]clusterService#updateTask-pool-11-thread-1] INFO  org.elasticsearch.cluster.metadata - [ticket.node] [ticketsearch] update_mapping [ticketdoc] (dynamic)
[8mha:AAABmh+LCAAAAAAAAACFjs+KE0EQxmvjxg0e9SYIDbLraXsm2STG5LSZZBYhG9EBQYYceidt0jLpnnTX7CYIgm/jYfdlfANPQWTfwen5ExEPVh/6R9X3VX2391A3Gk6W6dwoSZM4XQhpKJNGRCpWmp5n5FmaKuRQ1EENahNo5IJLliC8mBR+p/Q7e7+z92fCwQQO5wwZwuPJJ3bNnJjJhROgFnIx2Gh4WqaIlDQq5tQr/r8vwybJAh//P3B28Ne3hvrxIdjV4EEI9atFHvZJ+O/xbPrRTtfwBR5mKSVbccu1TZLqykGtg5aOu+/vdz+ffb7IA2XJGghHz9uefZZ8383KkutaLnoVtbu91rBd6Xy/0hXk55Xa+41qs+tW+7zRn82Wi15FzfGrcp/teKNKV9C4Yx9CfYNcrxC+Nrv9VqffOqO9lz0SrpiQM/J66r8hJKKaGsppFAsukY5jZlBEAWc6Wnp5j5ySAJlGPidvU6635B1fp9wgGaYinnNNbgQuyTofJUyzlSGhURr7YaKF0gK3s9mj35466rOAAgAA[0m16:25:23.878 [main] INFO  c.r.s.e.client.ElasticSearchClient - Started Query Request Builder with query params [sort:[priority]]
[8mha:AAABnR+LCAAAAAAAAACFkk9LwzAYxl+n0+FRb4JQEPXUtJ1T/HPSbhVh6mEiyNghtrGrdklNUikIfh5B/TJ+A08i4ncwWRtleDA59Jc3z/O+D22fv6AuOKwN80gwirI0jxMqEKYiCVnKONpX5Gs6YZJAuaZqUOtCYyw4xpmE9W7pdyq/8+N3fvxKuNeFmQhLLGGhe43vsJNiGjs9yRMa7xUclqoUIaOCpQT55XNyMhSZCrz6f2A18POxwd4ueu81mO5D/TIeh13s/x2ubq/07S08wKxKSfGIaK4VWc6NA2kHqhwvr+fvH8v3h+NAKllDwtxKy9dbUxC4amlyXc1lzVBra7t50DK6IDC6koLxyvX8hunsuqaf3/7trLmsGfI6O1U/XfHbRldSZ1NvCfVCEj6S8ORt7TY3d5sbaHunafVJioVMQkEwD4d9RTdEIsoiMgjTXChLj/C7JCQreaY+IznD4sbOGEttz7PlkBMc2d7AOjoJTi2L8RhN9ENVDzQiEuu/wLKtiRnmVMoHVkRSItWrthIakWL+G2i3T0CqAgAA[0m16:25:23.892 [elasticsearch[ticket.node]clusterService#updateTask-pool-11-thread-1] INFO  org.elasticsearch.cluster.metadata - [ticket.node] [ticketsearch] deleting index
[8mha:AAABfh+LCAAAAAAAAACFkMFKw0AQhsdqNXjUmyAsiHpyE2tbbHvSNBGh1kNBkOJhTdc2mu7G7EYCgs/jQV/GN/BURHwHd5NsRTw4c9iPmflnfvblC6oigZ1JOhKc4ThKxyETmDARBjziCT5S5Grqc0mhiIUKVHpg5QNnJJaw2yv0dqm353p7rleDnR4sjYgkEtZ6t+SB2BFhY3sgk5CNO1kCG6WLgDPBI4rd4v19GbJYGd7+37A6+Pls8ffLwawCi0OoXo9zs+vDv8dV90Z37+EJlpVLRqZUcyWL08QosFbgUvH6djH72Hw8yQ0pZ5aEla26q1OT7zsqNDmO5qJmqN48rB3XzZzvm7mC/DxSfd8ymx3H7HO7P5s1FzVD+16r3KcrbtfMFeQ1dEqoZpImUwl8v9muNdq1A9yqNdFwSkJ2hU77/jlCAU6wwBQHUUiZxF5EhAyDASVJMHHzGtpDXkaDVKrvQHJCkerfUSmQ5CjmQuq3lKFCt/oNL/EEJG4CAAA=[0m16:25:23.926 [main] INFO  c.r.s.e.client.ElasticSearchClient - Executing the tickets to post to Elastic Search
[8mha:AAAByB+LCAAAAAAAAACFkk9r1EAYxqdrVxeP9SYIA8V/0EySZbdoe9K0EWFtDyuChBzeJmM2bnZmnD8lIPh5PNgv00+gpyLid3Bmk2lZenDmkN+88z7P+5Dkx180VBI9WZhScUZEY6qaKQJM1QVvuCSvLCWOTrimqFtbAzSYodG64R0IjZ7OOn3Y68NrfXitt42HM7RdggaNdmaf4RzCBlgVzrWsWXXYSvSwT1FwpnhDSdI9NyejVtjAj/8f2A78833Ef32cXw3QnQwNz6p12AfZ7eH29pO7/YK+obs2JYMVdTxohZFeQZyC9IqLyw9Xvx99fbMOZJONNLq3O0ncdpSmkV2OoshxV/M02X8xfj3xfWnq+zpK18u4+SPvHEXeLzm6cXbc1TzFxy97P1dJjnxfR8dTtzUatprKlUY/4/2D8fRgPCFxNMYZbUDpulAUZLHILC2pJoyXNC8ao6xkTuV5XdBdI+xnpO9BLQPBeRPEcaAXkkIZxDl+e5KeYsxlRTb8SO9BVlSD+wtwgDdm+FPXnuPCGmr7qnHNStru4QKMojgDo/mzM9MsMYj6eb6H1QJkqXA2zcMssucVCGFltpLf/wdevfBy3wIAAA==[0m16:25:24.102 [elasticsearch[ticket.node]clusterService#updateTask-pool-11-thread-1] INFO  org.elasticsearch.cluster.metadata - [ticket.node] [ticketsearch] creating index, cause [auto(bulk api)], shards [5]/[0], mappings []
[8mha:AAABrh+LCAAAAAAAAACFUs1K60AY/ey1Wu5Sd4IQEL26yCQptf50pdFchKqLiiClyJiMaWyaiTOTUrlwn8eFPoSv4BvclVzEd3Cmk1GKC79Z5OT7zjnfIZOHN6hyBmv9IuI0Q3laxEnGEc54EtKUMrQnka/QCRUEdM1UoNKG2oRwjHMBv9pa75R650PvfOglsdWG2QgLLGChfYNH2ElxFjsdwZIsbo0ZLJUpQppxmhLk6+f0ZhjnMvDq94Hlwtf7Gv130XmpwI8uVK/iSdjF7tflcnqtprfwF+ZkygwPicKVcV4wo0BKgUrF4/P5y//lP78ngWSymoD5lYavjkJB4MpSyHUV1j2DGs3t+n7D8ILA8DQKJlWo/TXj7LrGzz/4dFZY9wzyDndKP9XxDwxPo8NNdQRUx4KwoYAnr7lb39ytN1B9q2l1SYq5SEJOMAv7XYkGRKCMRqQXpgWXkg5hoyQkK0Uur5GcYT6wc0pT2/Ns0WcER7bXs45OglPLoixGU36o9EBDIrD6Cyzbmtph3jS9Z+kll0Oc5/KDm2lEw561Ht3JG0rCjZ/vwHZlN8ACAAA=[0m16:25:24.276 [elasticsearch[ticket.node]clusterService#updateTask-pool-11-thread-1] INFO  org.elasticsearch.cluster.metadata - [ticket.node] [ticketsearch] update_mapping [ticketdoc] (dynamic)
[8mha:AAABnB+LCAAAAAAAAACFkk9LwzAYxl+n0+FRb4JQEPXUtB3z/0m7VYSph4kgY4fYxq7aJTVJpSD4eQT1y/gNPImI38FkbZThweTQX948z/s+tH3+grrgsDbMI8EoytI8TqhAmIokZCnjaF+Rr+mESQLlmqpBrQuNseAYZxLWu6XfqfzOj9/58SvhXhdmIiyxhIXuNb7DTopp7PQkT2i8V3BYqlKEjAqWEuSXz8nJUGQq8Or/gdXAz8cGe7vovddgug/1y3gcdrH/d7i6vdK3t/AAsyolxSOiuVZkOTcOpB2ocry8nr9/LN8fjgOpZA0JcystX29NQeCqpcl1NZc1Q63N7eZBy+iCwOhKCsYr1/MbprPrmn5++7ez5rJmyOvsVP10xW8bXUmdDb0l1AtJ+EjCk7e529zYbW6h5lbL6pMUC5mEgmAeDvuKbohElEVkEKa5UJYe4XdJSFbyTH1GcobFjZ0xltqeZ8shJziyvYF1dBKcWhbjMZroh6oeaEQk1n+BZVsTM8yplA+siKREqldtJTQixfw3zZ4NYKoCAAA=[0m16:25:27.274 [elasticsearch[ticket.node]clusterService#updateTask-pool-11-thread-1] INFO  org.elasticsearch.cluster.metadata - [ticket.node] [ticketsearch] deleting index
[8mha:AAABfh+LCAAAAAAAAACFkM1Kw0AQx8dqtXjUmyAsiHpyk4a29uOkaSJCrYeCIMXDmq5pNN2N2Y0EBJ/Hg76Mb+CpiPgO7uajIh6cOeyPmfnP/NmXL6iKGPamyURwhqMw8QMmMGEi8HjIY3ykyNY05JJCHksVqAyglg2ckUjC/iDXG4XeWOiNhV4N9gawMiGSSNgY3JIHYoSE+cZIxgHze2kMW4ULjzPBQ4rt/P19GdJIGd7937A6+Plc4++Xo3kFlsdQvfYzs5vjv8dV90Z37+EJVpVLRmZUcyWNkrhUYK3AheL17WL+sf14khlSzmoS1nYatk5Nrmuq0GSamvNaSY1W2zpulHOuW87l5GaR6Pu1crNplvvs/s9mzXmtpLrTKfbpit0v53JymjolVFNJ45kEXm91rWbXOsRWp43GMxKwK3Q6dM8R8nCMBabYCwPKJHZCImTgjSiJvamd1dABclLqJVJ9B5JTilT/jkqBJEcRF1K/hQzluvVvuVTbuG4CAAA=[0m16:25:27.298 [main] INFO  c.r.s.e.client.ElasticSearchClient - Executing the tickets to post to Elastic Search
[8mha:AAAByB+LCAAAAAAAAACFkk9r1EAYxsetq4tHvQnCQLEqNJNk2a39c6ppI8JaDyuChBzeJmM2bnZmOn9KQPDz9KBfxk+gpyLid3Bmk6ksHpw55DfvvM/zPiT58hsNlUQ7C1MqzohoTFUzRYCpuuANl+TYUuLojGuKunVrgAYzNFo3vAah0ZNZpw97fXijD2/0tvFohm6XoEGj+7OPcAlhA6wK51rWrDpqJXrYpyg4U7yhJOmem5NRK2zgx/8PbAf+uhrxH+/n1wO0laHhebUO+yD7d7i9/eBuL9BndMemZLCijgetMNIriFOQXvH127vrn48+vVwHsslGGt3dniRuO0rTyC5HUeS4q3ma7O2PX0x8X5r6vo7S9TJu/sg7R5H3S07+Ojvuap7i04Pez1WSE9/X0enUbY2GraZypdH3eO9wPD0cPyeT6QHOaANK14WiIItFZmlJNWG8pHnRGGUlcyov64JuG2E/I30LahkIzpsgjgO9kBTKIM7xq7P0DcZcVmTDj/QeZEU1uL8AB3hjhj917TkurKG2rxrXrKTtLi7AKIozMJo/PTfNEoOon+W7WC1Algpn0zzMIntegRBWZiv5vT9U/6aE3wIAAA==[0m16:25:27.459 [elasticsearch[ticket.node]clusterService#updateTask-pool-11-thread-1] INFO  org.elasticsearch.cluster.metadata - [ticket.node] [ticketsearch] creating index, cause [auto(bulk api)], shards [5]/[0], mappings []
[8mha:AAABsB+LCAAAAAAAAACFUkFO20AU/QRCI5Z0h1TJUtTSLjy2oyRAsgKDUaUUFqmQqihCU3twTByPmRlHqZA4Dwt6CK7ADVghhLhDZzKeVBEL/iz8/P977z95fPcKVc7gy6iIOM1QnhZxknGEM56ENKUM7UvkK3RCBQFdKxWo9KA2J/zAuYDtntY7pd5Z6J2FXhK7PViLsMACNnuXeIqdFGex0xcsyeLujMFWmSKkGacpQb5+Lm+GWS4Df34/sFz4clujj7/6TxVYHUD1dzwP+3HwdrmcXqjpFdzAukyZ4QlRuDLLC2YUSClQqfj7cPb0/On6eB5IJqsJ+FBv+uooFASuLIVcV2HdM6jZ3m0cNA0vCAxPo2BehdpfM86ua/z8w//OCuueQd7RXumnOv6h4Wl01FJHQHUmCJsIuPfanUar09hB7YZnDUiKuUhCTjALRwOJxkSgjEZkGKYFl5I+YdMkJPUil9dIfmI+tnNKU9vzbDFiBEe2N7S+nwSnlkVZjJb8UOmBJkRg9RdYtrW0w7xp+tDSS84nOM/lBzfTiIZD62v0R95QEn7b+AenPi+RwAIAAA==[0m16:25:27.621 [elasticsearch[ticket.node]clusterService#updateTask-pool-11-thread-1] INFO  org.elasticsearch.cluster.metadata - [ticket.node] [ticketsearch] update_mapping [ticketdoc] (dynamic)
[8mha:AAABiR+LCAAAAAAAAACFjsFKw0AQhsdqNXjUmyAsiHpyk9a2aHuyaSNCrWhBkNDDmqxpJN2kuxuNCD6PB30Z38BTEfEdzCZNRTw4e9iPmf+f+V++oCw47IxiV4QMR0Hs+UxgwoTvhEHI8VFKpqJ+KCnktVCCUg+0THBKIgm7vdyvz/z63K/P/amw1YMll0giYa13S+6IHhDm6QPJfea1Eg4bsxROyEQYUGzm/+/LkERp4O3/A6cHP5+18P1qMC3Bog3lay8Lu27/PZ5Ob9R0Ak+wnKZkZEwVl5Io5oUDKweeOV7fLqcfm4/HWaA0mSZhZatmqqfIsoy0FBmG4rxXUK1xUG3XCp1lFbqcrKxidV8rNhtGsc/s/GxWnPcKqnQPZ/tUx+wUupy6dfUklBNJ+ViCqDSa1Xpz38CNahXZY+KzITrpW2cIOZhjgSl2Ap8yibsBEdJ3BpRwZ2RmPbSHBpJwSV10HlP+gC7oJKZConbsBy7l6N6XIzTJRhHhZCyQ3RyufgMQp5LUcgIAAA==[0m16:25:30.622 [main] INFO  c.r.s.e.client.ElasticSearchClient - Started Query Request Builder with query params [:]
[8mha:AAABnB+LCAAAAAAAAACFkkFLwzAYhj+n0+FRb4JQEPXUtJ1z6DxptSJMPUwEGTvENnbVLqlJKgXB3yOof8Z/4ElE/A8ma6MMDyaHPvnyvt/30vb5C+qCw9owjwSjKEvzOKECYSqSkKWMo11FvqYTJgmUa6oGtS40xoJjnElY75Z+p/I7P37nx6+EO12YibDEEha61/gOOymmsdOTPKHxTsFhqUoRMipYSpBfPicnQ5GpwKv/B1YDPx8b7O2i916D6T7UL+Nx2MX+3+Hq9krf3sIDzKqUFI+I5lqR5dw4kHagyvHyev7+sXx/OA6kkjUkzK20fL01BYGrlibX1VzWDLXaW829ltEFgdGVFIxXruc3TGfXNf38/d/OmsuaIe9gu+qnK/6+0ZV0sKm3hHohCR9JePLaneZmZ8NF7Y2m1ScpFjIJBcE8HPYV3RCJKIvIIExzoSw9wu+SkKzkmfqM5AyLGztjLLU9z5ZDTnBkewPr6CQ4tSzGYzTRD1U90IhIrP8Cy7YmZphTKR9YEUmJVK/aSmhEivlvTomU/qoCAAA=[0m16:25:30.632 [elasticsearch[ticket.node]clusterService#updateTask-pool-11-thread-1] INFO  org.elasticsearch.cluster.metadata - [ticket.node] [ticketsearch] deleting index
[8mha:AAABfh+LCAAAAAAAAACFkM9Kw0AQxsdqNXjUmyAsiHpyk9a2aHvSNBEh1kNBkOJhTdc0mu7G7EYCgs/jQV/GN/BURHwHd/OnIh6cOeyPmflmPvblC+oigZ1JOhac4ThKg5AJTJgIfR7xBB8psjUNuKRQxEINah4Y+cAZiSXseoXeLPXmXG/O9Wqw58HSmEgiYc27JQ/EjAgLzKFMQhb0sgQ2Shc+Z4JHFNvF+/syZLEyvP2/YXXw89ng75fDWQ0WR1C/DnKz66O/x1X3Rnfv4QmWlUtGplRzLYvTpFJgrcCl4vXtYvax+XiSG1LODAkrWy1bpybXtVRosizNRa2iVuegedyq5ly3mivIzSPV941qs2VV++z+z2bNRa2ihnNY7tMVu1/NFeS0dUqoZ5ImUwm80ek22919C3faHTSakpBdodOBe46QjxMsMMV+FFImsRMRIUN/SEniT+y8hvaQk1E/leo7kJxQpPp3VAokOYq5kPotZajQrX4D7FKK8G4CAAA=[0m16:25:30.656 [main] INFO  c.r.s.e.client.ElasticSearchClient - Executing the tickets to post to Elastic Search
[8mha:AAAByR+LCAAAAAAAAACFkk9r1EAYxsetq4tHvQnCQLFVaCZJ3W1te7JpI8JaDyuChBzeJmM2bnZmOn9KQOjn8aBfxk+gpyLid3Bmk6ksHpw55DfvvM/zPiT58hsNlURbc1MqzohoTFUzRYCpuuANl+SFpcTRGdcUdevWAA2maLRqeA1Co+1ppw97fXijD2/0tvFoim6XoEGj+9OPcAlhA6wKZ1rWrDpqJXrYpyg4U7yhJOme65NRK2zgx/8PbAf++jziP97PrgdoI0PD82oV9kH273B7+8HdXqArdMemZLCkjgetMNIriFOQXvH127vrn48+vVwFsslGGt3dHCduO0rTyC5HUeS4q3ka7z3fPR77vjT1fR2lq2Xc/JF3jiLvl5z8dXbc1TzFpwe9n6skJ76vo9OJ2xoNW03lUqPv8d7h7uTwWUT2D/ZxRhtQui4UBVnMM0sLqgnjJc2LxigrmVF5WRd00wj7GelbUItAcN4EcRzouaRQBnGOX52lbzDmsiJrfqT3IEuqwf0FOMBrM/ypa89xYQ21fdW4ZiVtd3ABRlGcgdH8yblpFhhE/TTfwWoOslQ4m+RhFtnzEoSwMlvJ7/0BnevOkd8CAAA=[0m16:25:30.797 [elasticsearch[ticket.node]clusterService#updateTask-pool-11-thread-1] INFO  org.elasticsearch.cluster.metadata - [ticket.node] [ticketsearch] creating index, cause [auto(bulk api)], shards [5]/[0], mappings []
[8mha:AAABqh+LCAAAAAAAAACFUstKw0AUvVarxaXuBCEgvhaZJLWKj5VGI0LVRUWQUmRMxjSaZuLMRCqC3+NCP8Jf8A9ciYj/4EwnoxQX3lnk5N5zzj1k8vQFVc5goVtEnGYoT4s4yTjCGU9CmlKGtiXyFTqigoCukQpUmlAbEA5xLmCxqfVOqXd+9M6PXhK3mjAWYYEFTDWv8C12UpzFTkuwJIu3+gxmyhQhzThNCfL1c3gz9HMZeP7/wHLh52ONvp213isw2obqRTwIO93+u1xOL9X0Bh5gXKbMcI8oXOnnBTMKpBSoVDy/nr5/zN7vDwLJZDUBE3MNXx2FgsCVpZDrKqx7BjXW1us7DcMLAsPTKBhUofbXjLPrGj9/99dZYd0zyNvbKP1Ux981PI32VtURUO0LwnoCXry1zfrq5oqLNuqe1SYp5iIJOcEs7LYluiYCZTQinTAtuJS0CLtNQjJX5PIayQnm13ZOaWp7ni26jODI9jrWwVFwbFmUxWjID5UeqEcEVn+BZVtDO8ybpncsveS8h/NcfnAzjWjYsZaiO3lDSbg8+Q1Oakn6wAIAAA==[0m16:25:30.921 [elasticsearch[ticket.node]clusterService#updateTask-pool-11-thread-1] INFO  org.elasticsearch.cluster.metadata - [ticket.node] [ticketsearch] update_mapping [ticketdoc] (dynamic)
[8mha:AAABkB+LCAAAAAAAAACFjs9Kw0AQxsdqtXjUmyAsiHpyE9NWtJ40NiJERQuChB7WdG1Xkk26u9GI4vN40JfxDTyJiO9gNn8U8eDsYX/MfN/M9/QJdSlgZZQMZMRxHCRDxiUmXDI/CiKBdzKyNR1FikJREzWoudDIBYckVrDqFn6j9BvffuPbnwm3XZgaEEUUzLlX5JoYAeFDo6cE48PtVMBCmcKPuIwCiu3i/30Z0jgLvPx/4Ozgx2Mjej3vvdVg0oP6xTAPO+/9PZ5NL/V0DA8wnaXkJKSaa2mciMqBtQOXjueXs7f3xbv9PFCWrKFgZqll66fJccysNJmm5qJXUWtj09ptVTrHqXQFOXkl+n6j2mya1T5772ez5qJX0Xp3q9ynO/ZepSuo29ZPQT1VVIQK7tc3Ola702ziLctCXkgY76ODI+cYIR8LLDHFfsAoV7gbEKmY36NE+CM776E11FNEKDpAJwkVt+iUjhMqFdpNWDCgAt0wNULjfBQTQUKJvICFTHU8y+z3Z78AYEWa03sCAAA=[0m16:25:33.922 [main] INFO  c.r.s.e.client.ElasticSearchClient - Started Query Request Builder with query params [limit:[20]]
[8mha:AAABnR+LCAAAAAAAAACFkk9LwzAYxl+n0+FRb4JQEPXUtHVT/HPSbhVh6mEiyNghtrGrdklNUikIfh5B/TJ+A08i4ncwWRtleDA59Jc3z/O+D22fv6AuOKwN80gwirI0jxMqEKYiCVnKONpX5Gs6YZJAuaZqUOtCYyw4xpmE9W7pdyq/8+N3fvxKuNeFmQhLLGGhe43vsJNiGjs9yRMa7xUclqoUIaOCpQT55XNyMhSZCrz6f2A18POxwd4ueu81mO5D/TIeh13s/x2ubq/07S08wKxKSfGIaK4VWc6NA2kHqhwvr+fvH8v3h+NAKllDwtxKy9dbUxC4amlyXc1lzVBra3vjoGV0QWB0JQXjlev5DdPZdU0/v/3bWXNZM+R1dqp+uuK3ja6kzqbeEuqFJHwk4cnb2t3Y3G020U6zafVJioVMQkEwD4d9RTdEIsoiMgjTXChLj/C7JCQreaY+IznD4sbOGEttz7PlkBMc2d7AOjoJTi2L8RhN9ENVDzQiEuu/wLKtiRnmVMoHVkRSItWrthIakWL+GzAgzsCqAgAA[0m16:25:33.933 [elasticsearch[ticket.node]clusterService#updateTask-pool-11-thread-1] INFO  org.elasticsearch.cluster.metadata - [ticket.node] [ticketsearch] deleting index
[8mha:AAABZR+LCAAAAAAAAACFjsFKw0AQhsdoNXjUmyAERL2UJNVabHvStPFg9NIiSE9ru8Zouht3NxIQfB4P+jK+gaci4ju4m81WxIMzh/2Y/f+Z/+ULapzBzk0+4ZS4WZrHCeEuIjwZ05Qy90hSoOicCgy6FiywIrBLwRnKBOxG2u9Vfm/u9+Z+KexGsDRBAglYi27RA/JSRGJvIFhC4m7BYKNKMaaE0xS7gX5/X4Yik4G3/w8sD34+2/T9cjCzYHEEtau4DLs++ntc/l6r33t4gmWZkqApVmwVWc6Mw1UOt3K8vl3MPjYfT8pAMpktYGWrGahWFIa+LEW+r1jPDDVbh3vHTaMLQ6PTFJaVq/u22ez7Zl/Q+9msWM8MNfrtap+aBD2j09Q/UC2gVgjMpgJOh5gL7rCcdJx23QlRkuYM847j150+Y5RpHNwlWYYnJQ+TKXZwijKuBvsNt+W3HY7Hq9/a/qcrSgIAAA==[0mTests run: 9, Failures: 0, Errors: 0, Skipped: 0, Time elapsed: 31.609 sec
[8mha:AAABeh+LCAAAAAAAAACFkM1Kw0AUha/VanGpO0EIiLrqJP1Jte3Kpo0IsS4qghQXYzqmkXQmzkykIvg8LvRlfANXRcR3cCZpKuLCO4v5uHPOvYd5+YKi4LA3TkaCURRHSRBSgTAVoc8ixtGRIkdTn0kCWS0VoOBBKRWc4ljCvpf5zbnfXPjNhV8J2x6sjLDEEja8W3yPzQjTwBxIHtKgPeWwNU/hMypYRJCT3b83wzRWgXf/D6wWfj6X2PvlYFaA5SEUr4M07Obw73L1eqNf7+AJVlVKiidEc2EaJzx3IO1Ac8fr28XsY/vxOA2kkpUkrO3UHX00ua6lSpNlac56OdUbh9VOPde5bq7LyE0r0ftL+WTLyuc53Z/JmrNeTpVecz5Pd5xursuoZ+sjoTiVhE8kjCqNVtVu1WqoaR8Yw/MxJ3hUtq+Mk757Zhg+4kgggnoRFjL0BwRzf+xEIaHSxb5k/KFDMDXKhhMxoT7F+CU0/FS5/g0y7D9FYwIAAA==[0m16:25:33.957 [Thread-5] INFO  c.r.s.e.ElasticSearchClientFactoryBean - Closing ElasticSearch client
[8mha:AAABhR+LCAAAAAAAAACFkM1Kw0AUha/VanGpO0EYEHXVSZr+YNuVpo0ItS4qgoQuxnRMo2kmnUykUPR5XOjL+Aauiojv4Ex+KuLCO4t8c+ecew95+YJixOFgHI8iFuDQj10viDAJIs9hPuP4WJKpqM8EhbRWClDoQSkRnJNQwGEv9WuZX1v6taVfCts9WBsRQQRs9e7IA9F8ErjaQHAvcNszDjtZCocFEfMpNtPv780wC2Xg/f8Dy4WfzyX2fj1YFGDVhuKNm4Tdtv8ul6+36nUKT7AuUwZkQhUXZmHMcwdWDpw5Xt+uFh+789MkkExWErCxVzPVUWRZuixFuq447eVUaxwZJ7VcZ1m5LiUrqVjtL+WTdT2fZ3Z+JitOezlVus1snuqYnVyXUreujoDiTFA+ETCtNFpGvVWt4majguzLMadkVK4P0VnfukCIcRdTn0TCcyJKuDPGARtRVEa27NxTkVyHaP5Lo+m40sDGo23UjWZ12EKRYGEofxnCGG9+A9QcstVwAgAA[0m16:25:33.961 [Thread-5] INFO  org.elasticsearch.node - [ticket.node] {elasticsearch/0.16.2}[25293]: stopping ...
[8mha:AAABgB+LCAAAAAAAAACFjs1Kw0AUha/VanGpO0EIiLrqJE2bYtuVpo0IsS4qgoQuxmRMq2kmTqYSKPo8LvRlfANXRcR3cCY/leLCO4v55s45957XbyjHDA5GUy+mIYqCqT8OY4TDeOzSgDJ0LMiU1KecQFYrJSjZUEkF5zjicGhnfjX3qwu/uvALYceGNQ9zzGHLvsOPWA1w6KsDzsah30kY7OQpXBrGNCDIzO7lzZBEIvD+/4HFwq+XCv24HsxLsOpA+cZPw247f5eL31v5+wDPsC5ShnhCJJeSaMoKB5IOlDve3q/mn7uz0zSQSFbhsLHXMOWRZFmaKEmaJjnrFdRoHuknjUJnWYUuIyutqdxfKSZrWjHP7P5Olpz1Cqr1Wvk82TG7hS6jniEPh3LCCZtwCGrNtm6063XUOtIV53LECPaqxlA561sXikKZj0iAYz52Y4KZO0Ih9YhSVRzRuSc8fQ6V2ZJG1VCtifQnRzf0Vn3YVmJOo4h4mz+798UXawIAAA==[0m16:25:33.982 [Thread-5] INFO  org.elasticsearch.node - [ticket.node] {elasticsearch/0.16.2}[25293]: stopped
[8mha:AAABhB+LCAAAAAAAAACFkM1Kw0AUha/VanGpO0EYEHXVSZr+YNuVpo0IsS4qgoQuxnRMq2kmTqYSKPo8LvRlfANXRcR3cCY/leLCO4t8c+ecew95/YZixOFgNB1GLMChP/XGQYRJEI1d5jOOjyWZinpMUEhrpQAFG0qJ4JyEAg7t1K9lfm3h1xZ+KWzbsDYkggjYsu/II9F8EnhaX/Bx4LVjDjtZCpcFEfMpNtPv8maIQxl4///AcuHXS4l9XPfnBVh1oHjjJWG3nb/L5euten2AZ1iXKQMyoYoLcTjluQMrB84cb+9X88/d2WkSSCYrCdjYq5nqKLIsXZYiXVec9nKqNY6Mk1qus6xcl5KV1FTtL+WTdT2fZ3Z+JytOezlVus1snuqYnVyXUreujoBiLCifCAgrjZZRb1WruHlURc7liFMyLNcH6KxnXSDEuIepTyIxdiNKuDvCARtSVEaO7NxTkVwHaLak0XRcaWDjyTHqRrM6aCHXZ5H8YwhjvPkD9a30jG8CAAA=[0m16:25:33.983 [Thread-5] INFO  org.elasticsearch.node - [ticket.node] {elasticsearch/0.16.2}[25293]: closing ...
[8mha:AAABgB+LCAAAAAAAAACFjsFOwkAQhscqSjzqzcSkiVFPbEuhhMJJCzUmiAeMiWk4rO1aKqWL28WQEH0eD/oyvoEnYozv4G5LMcSDs4f9dvb/Z/7XbygkDI4GEz+hMRpHkyCME4TjJPRoRBk6EWRL6lJOIKs1BZQOFFPBBR5zOO5kfm3h15Z+bekXwmYHNnzMMYedzj1+xFqE40DrcRbGQXPKYG+RwqNxQiOC7Oxe3QzTsQh8+H9gsfDrpUg/bnpzBdZdKNwGadhd9+9y8Xsnfx/gGTZFyhiPiGRlOp6w3IGkAy0cb+/X88/92VkaSCQrctg6qNrySHIcXZQkXZec9XKq1urGaTXXOU6uy8hJayL3F/PJup7Ps1u/kyVnvZzKbWsxT3bsVq7LqG3Kw6Ew5YSNOAzLtYZhNioVZFl11b0aMIL9ktlXz7vOpapSFiAS4YSHXkIw8wYopj5RS6orOkPC02dfna1oNB2Va8h4cg3TsCr9hupFNCH+9g+Lpx4uagIAAA==[0m16:25:33.998 [Thread-5] INFO  org.elasticsearch.node - [ticket.node] {elasticsearch/0.16.2}[25293]: closed
[8mha:AAABMR+LCAAAAAAAAACFjrFOwzAQhq+BQMQIGxITAjY7oIBAnSBtWAJLJSTUybQhBKV2cJwqEhLPw9C+DG/AVCHEO+CL4yLEwN3gT+f/v/tnX+CWEvYfqnEpOCnyKs14SRgvs5HIhSTnmkKka6ESMNVxwInBawRXrFBwEBs/bf106adLvxZ2Y1gdM8UUbMaPbMpoznhKB0pmPO3WErbbFCPBS5EnJDTv78tQFzrw3v+B9cHPV0+83w4WDqwMwb1Lm7Bbw7/H9e89/j7BC6zplJxNEmSnLippHQQdpHXM324WHzvPl00gncxTsL4bhNhIUeTrQvJ9ZDOzFJycHl0EVhdFVmcoaqrC+57d7Pt2X9j72YxsZpYO+2ftPpyEPasz1D/GVuDWKpETBZ2Nbxim58gAAgAA[0m
[8mha:AAABOR+LCAAAAAAAAACFjsFKxDAQhsdqtexRb4IgiHpLq1RR96TdrZfqwQVB9hR3a610k5qkUhB8Hg/6Mr6Bp0XEdzDTNCviwZlDPib/P/O/fIErBWzdVmPJGSmLKsuZJJTJfMQLLsixpgjpnKsUTM054CTgNYIzWirYTozfb/3+zO/P/FrYTWBhTBVVsJzc0QfqF5Rl/kCJnGXdWsBqm2LEmeRFSiLz/r4MdakDb/4fWB/8fPb4+9Vg6sD8ENzrrAm7Mvx7XP/e4O89PMGiTsnoJEV26rIS1kHQQVrH69vl9GPt8bQJpJN5CpY2wggbKY4DXUhBgGxmlsL9g92T0Ori2OoMxU1VeN+zm4PA7ot6P5uRzczSTv+w3YeTqGd1hvp72ArcWqVioqBzkcqqUHL9qPMNuwXJUgkCAAA=[0mResults :
[8mha:AAABMR+LCAAAAAAAAACFjrFOwzAQhq+BQMQIGxITAjY7oIBAnSBtWAJLJSTUybQhBKV2cJwqEhLPw9C+DG/AVCHEO+CL4yLEwN3gT+f/v/tnX+CWEvYfqnEpOCnyKs14SRgvs5HIhSTnmkKka6ESMNVxwInBawRXrFBwEBs/bf106adLvxZ2Y1gdM8UUbMaPbMpoznhKB0pmPO3WErbbFCPBS5EnJDTv78tQFzrw3v+B9cHPV0+83w4WDqwMwb1Lm7Bbw7/H9e89/j7BC6zplJxNEmSnLippHQQdpHXM324WHzvPl00gncxTsL4bhNhIUeTrQvJ9ZDOzFJycHl0EVhdFVmcoaqrC+57d7Pt2X9j72YxsZpYO+2ftPpyEPasz1D/GVuDWKpETBZ2Nbxim58gAAgAA[0m
[8mha:AAABVR+LCAAAAAAAAACFjsFKw0AQhsdoNXjUmyAERL2UJNYqtT1pmniJXiqC9LS2a4ymu+nuRgKCz+NBX8Y38FREfAd3s9mKeHDmsB+z/z/zv3xBgzPYuS3GnBI3z4okJdxFhKcjmlHmHksKFJ1TgUHXggVWDHYlOEO5gN1Y+73a78393twvhb0YlsZIIAFr8R16QF6GSOINBEtJ0isZbNQpRpRwmmE30O/vy1DmMvD2/4Hlwc9nm75fDWYWLA6hcZ1UYdeHf4/L3xv1O4UnWJYpCZpgxVaZF8w4XOVwa8fr2+XsY/PxtAokk9kCVrbagWpFUeTLUuT7ivXMUPuw0zppG10UGZ2mqKpC3bfNZt83+4L+z2bFemZoLzyq96lJ0Dc6TeGBagGNUmA2EdC6wFxwhxWk6+x3mk6E0qxgmHcdv+mEjFGmcXCf5jkeS179BuU95ukxAgAA[0mTests run: 38, Failures: 0, Errors: 0, Skipped: 0
[8mha:AAABMR+LCAAAAAAAAACFjrFOwzAQhq+BQMQIGxITAjY7oIBAnSBtWAJLJSTUybQhBKV2cJwqEhLPw9C+DG/AVCHEO+CL4yLEwN3gT+f/v/tnX+CWEvYfqnEpOCnyKs14SRgvs5HIhSTnmkKka6ESMNVxwInBawRXrFBwEBs/bf106adLvxZ2Y1gdM8UUbMaPbMpoznhKB0pmPO3WErbbFCPBS5EnJDTv78tQFzrw3v+B9cHPV0+83w4WDqwMwb1Lm7Bbw7/H9e89/j7BC6zplJxNEmSnLippHQQdpHXM324WHzvPl00gncxTsL4bhNhIUeTrQvJ9ZDOzFJycHl0EVhdFVmcoaqrC+57d7Pt2X9j72YxsZpYO+2ftPpyEPasz1D/GVuDWKpETBZ2Nbxim58gAAgAA[0m
[8mha:AAABTR+LCAAAAAAAAACFj8FKxDAQhsdqtXjUmyCsiHprq6yi7GntbkWte7AgyOIhtrGudJOapFIQfB4P+jK+gadFxHcwaZoV8eDkkI/J/8/8efkCmzPYvC1TTolb5GU2ItxFhI8SmlPmdiUFigZUYNA1Y4EVgVMLzlAhYCvSfq/xe1O/N/VLYSeCuRQJJGApukMPyMsRybxYsBHJOhWDlSZFQgmnOXYDff/eDFUhA2/8H1gu/Hx26PtlPLFgdgj2dVaHXR7+XS5fb9TrPTzBvExJ0BgrtqqiZMbhKofbOF7fLiYfq49HdSCZzBGwsN4O1FEUhr4sRb6vWPcMtff2dw7bRheGRqcprKtU+x0z2ffNvKD3M1mx7hna7h8081Qn6Bmdpv6uOgLsSmA2FrA2POkPTo8H8VXrHCeUpfJnLYG5aDHMy1zwxW9i5kciIAIAAA==[0m[JENKINS] Recording test results
[8mha:AAABPR+LCAAAAAAAAABb85aBtbiIQS2jNKU4P0+vIKc0PTOvWC8xrzgzOT8nv0jPEchyBrH88ktSGSCAkYmByYeBA6zAN7GghEHdB6JfH6pfH65fH64fqNDah4ElJbEksYRByCcrsSxRPycxL10/uKQoMy/duqKIQQrqiuT8vOL8nFQ9ZwiNajNDRQHQwaqEHQy08PUKjvyHkcHPmRiYoxlYk9LBjhWOxrQcKJsGki1kqGNgA7oyLzE3FcRmqigoLYLp0APp0IPqWHsp7PlL2Wp3sIOALuMoYWBXNnEGQRDLzc0ACEAsAwMQGyIGY5mYWRg5mcDUubnB1EFYbmBQCrKfA2aygQHMPGcXhMkgNkQMxjJ0tYSaBxJxdoGpg7BcTUGwhIG1oiS1KLeEISDa08/NP1aBWoALADftnitPAgAA[0m[INFO]                                                                         
[8mha:AAABPh+LCAAAAAAAAABb85aBtbiIQS2jNKU4P0+vIKc0PTOvWC8xrzgzOT8nv0jPEchyBrH88ktSGSCAkYmByYeBA6zAN7GghEHdB6JfH6pfH65fH64fqNDah4ElJbEksYRByCcrsSxRPycxL10/uKQoMy/duqKIQQrqiuT8vOL8nFQ9ZwiNajNDRQHQwaqEHQy08PUKjvyHkcHPmRiYoxlYk9LBjhWOxrQcKJsGki1kqGNgA7oyLzE3FcRmqigoLYLp0APp0IPqWHsp7PlL2Wp3sIOALuMoYWBXNnEGQRDLzc0ACEAsAwMQGyIGY5mYWRg5mcDUubnB1EFYbmBQCrKfA2aygQHMPGcXhMkgNkQMxjJ0tYSaBxJxdoGpg7BcTUGwhIG1oiS1KLeEISDa08/NP1ZBl0qACwBzBPd0TwIAAA==[0m[INFO] ------------------------------------------------------------------------
[8mha:AAABWh+LCAAAAAAAAACFj81Kw0AUha/RanCpO0EoiLrRyVRaUbpq00aF2AoRQYrINI0xkj8nEwkIPo8LfRnfwFUR8R2cyWQq4sI7i/m4c869Z16+oJZR2LrNJ1kSozTM/SDOEImzwE3ChKIOJ1PQIGEeyJrTQLNBLwWnJGWwbUu/UfmNmd+Y+bmwbcPChDDCYMW+Iw/ECEnsGw6jQey3CwprVQo3ibMk9JAp79+boUh54M3/A/OFn8968n7pTDWYH0Ft7JdhV0d/l/PXG/F6D0+wyFPGJPIEa0WaU+VAwoEqx+vbxfRj/fGoDMST6QyWNpqmOIIsC/MShLFg2VPU3D/Y6zaVzrKUTpJVVi7262oyxmqe2fuZLFj2FDX6h9U80TF7Siep3xKHQa1gHo0Y7IxOBtbwqt7Ng3DCf1V3czePxh6tY9RA+Hrcauw6g86Zczw8X/4GogiA5ysCAAA=[0m[INFO] Building cucumber 0.1.0_b51-SNAPSHOT
[8mha:AAABPh+LCAAAAAAAAABb85aBtbiIQS2jNKU4P0+vIKc0PTOvWC8xrzgzOT8nv0jPEchyBrH88ktSGSCAkYmByYeBA6zAN7GghEHdB6JfH6pfH65fH64fqNDah4ElJbEksYRByCcrsSxRPycxL10/uKQoMy/duqKIQQrqiuT8vOL8nFQ9ZwiNajNDRQHQwaqEHQy08PUKjvyHkcHPmRiYoxlYk9LBjhWOxrQcKJsGki1kqGNgA7oyLzE3FcRmqigoLYLp0APp0IPqWHsp7PlL2Wp3sIOALuMoYWBXNnEGQRDLzc0ACEAsAwMQGyIGY5mYWRg5mcDUubnB1EFYbmBQCrKfA2aygQHMPGcXhMkgNkQMxjJ0tYSaBxJxdoGpg7BcTUGwhIG1oiS1KLeEISDa08/NP1ZBl0qACwBzBPd0TwIAAA==[0m[INFO] ------------------------------------------------------------------------
[8mha:AAABOR+LCAAAAAAAAACFjsFKxDAQhsdqtXjUmyAIot7SKlWUPbndrQh1PSwIUjzE3Vor3aSmqRQEn8eDvoxv4GkR8R3MNM2KeHDmkI/J/8/8L19glwK2b6txyRkp8irNWEkoK7MRz7kgx4oCpAGXCeias8CKwGkEZ7SQsBNpv9v63ZnfnfmVsBPBwphKKmEluqMP1M0pS92hFBlLO7WAtTbFiLOS5wkJ9Pv7MtSFCrz1f2B18PPZ4e+Xw6kF8zHY12kTdjX+e1z93uDvPTzBokrJ6CRBtuqiEsZB0EFax+vbxfRj/fGkCaSSORKWNv0AGykMPVVInoesZ4b8g8O9rm90YWh0msKmKrzvmM2eZ/YFvZ/NyHpmaLd/1O7DSdAzOk39fWwJdi0TMZHgxKeD8PxqY/kbaqkK+wcCAAA=[0m[INFO] 
[8mha:AAAB5B+LCAAAAAAAAACFUU+L00AcHavV4lFvLkJA1j+U/CupG7ss2KRN6G5ss1SD3bCHaTrNJptMajIJqYKfx4N+Gc9ePC0ifgdnkmZFPPjmMI/fvPd7D+bzL9DOUvD4Il9lCRY2Ue4HOBMgzgIviZJUGFKmMzZNCAI1brRAywKdSvAKbgh4YtV+cecXr/3itZ8KDy1wawUJJOCeFcICihHEvjgnaYD9wzIFD3YtvARnSYQEvb7/Tgblhhbe/39hGvjzUyf5vphftcBNF7SXflX2vvtvOH1ds9d34CO4TVtiGCPGW+UmTxuHwBzCzvHlq3P14+EHsypEm3UIuPNI0dlhzDAkCsYkifF61jDludrTlEZnGI2uZkaFnOV3ms2S1OzTR382M17PGiaPX+z2sYk+anQ1G/fZIaBdEpTGBHxzJ1Njds7tuWp8AQdDioXWtfRhA22p9qFGlsHkdB6H05M3ii11i2NrrOSyX9ghKq2RY78vV2OzKOKz7tuD/hm6tKKZsy5eh55q2Mc+NINgYp7AwOzbW1Uptp4zkrE+lOdbGhDquqGd6k7vYBYuqsyjoz1Xinme52JYIMx7EYKYrz960BMUQR5UI+7pCq1hHpFa8Yx7yXm5l8dLlHLUffc3rQdc6NsCAAA=[0m[INFO] [8mha:AAAAYB+LCAAAAAAAAABb85aBtbiIQSmjNKU4P0+vJLE4u1gvPjexLDVPzxdEGvvmZ+X75ZekLlOVfvTjc8FPJgaGiiIGKaiG5Py84vycVD1nCA1SyAABjCCFBQCV27OjYAAAAA==[0m--- maven-clean-plugin:2.4.1:clean (default-clean) @ cucumber ---
[8mha:AAABOR+LCAAAAAAAAACFjsFKxDAQhsdqtXjUmyAIot7SKlWUPbndrQh1PSwIUjzE3Vor3aSmqRQEn8eDvoxv4GkR8R3MNM2KeHDmkI/J/8/8L19glwK2b6txyRkp8irNWEkoK7MRz7kgx4oCpAGXCeias8CKwGkEZ7SQsBNpv9v63ZnfnfmVsBPBwphKKmEluqMP1M0pS92hFBlLO7WAtTbFiLOS5wkJ9Pv7MtSFCrz1f2B18PPZ4e+Xw6kF8zHY12kTdjX+e1z93uDvPTzBokrJ6CRBtuqiEsZB0EFax+vbxfRj/fGkCaSSORKWNv0AGykMPVVInoesZ4b8g8O9rm90YWh0msKmKrzvmM2eZ/YFvZ/NyHpmaLd/1O7DSdAzOk39fWwJdi0TMZHgxKeD8PxqY/kbaqkK+wcCAAA=[0m[INFO] 
[8mha:AAAB6x+LCAAAAAAAAACFkc1u00AUhYdAIGIJOyokS6j8KIp/KoeaVJWIndhKaxJXBovU6mLsTF279jjYY8sBiedhAS/DngWrCiHegRk7LkIsuLOYT3fuuedI8/kX6OYZeHxRrPIU8+u4CEKc8xDnoZ/GacaPKWmM5ilBoKkbHdAxQa8eeAXXBDwxG72w1QvXeuFaTwcPTHBrBQkk4J4ZwRIKMcSBYJMsxMFBlYEH2xR+ivM0RrzW3H87g2pNA+/+PzA1/Pmpl35f2lcdcNMFXS+ow953/zWnr+fs9R34CG7TlBgmiHGnWhdZq+CZgt8qvnx1rn48/GDUgWiyHgF3HskaO4x0XaTFSBQZN72W5OfKniq3c7rezjWk11Uw/167WRTbfdrkz2bGTa8lafpiu491tEk719B0yA4B3YqgLCHgmzub64szbsdVkgs4GtNaqn1TG7elesoQqsQLZyd2Es2P38iW2C+PzKlcSEFpRagyJ471vlpNjbJMTvtv94en6NKMF855+TryFd06CqARhjPjGIbG0NoocrnxnYmEtbFkb6hBpGm6eqI5e/uLaFl7Hh7uuGIyGAy4IIElwoPmj0cSL48ChFEGCbJJ4eXcU68I45WRpWkZovwZ95LzC79IPJRxVH73N5eak6fcAgAA[0m[INFO] [8mha:AAAAYB+LCAAAAAAAAABb85aBtbiIQSmjNKU4P0+vJLE4u1gvPjexLDVPzxdEGvvmZ+X75ZekLlOVfvTjc8FPJgaGiiIGKaiG5Py84vycVD1nCA1SyAABjCCFBQCV27OjYAAAAA==[0m--- gmaven-plugin:1.4:generateStubs (buildGroovies) @ cucumber ---
[8mha:AAABVx+LCAAAAAAAAACFj81Kw0AUha/RanCpO0EIiLpLUqmidKVpI0qsi4IgxcW0ncZIOhPnRwKCz+NCX8Y3cFVEfAdnMpmKuPAOZD7unHPvycsXNDiDnVs55pT4RS7TjHAfEZ6NaE6Zf6wo0tSjAoOpBQecBNxKcIEKAbuJ8Qe1P5j7g7lfCdsJLI2RQALWkjv0gIIckTToC5aRtF0y2KhTjCjhNMd+ZO7fm6EsVODt/wOrhZ/PLn2/7s8cWBxAY5hWYdcHf5er14l+vYcnWFYpCZpizU5ZSGYdvnb4teP17Wr2sfl4WgVSyVwBK1utSB9NcRyq0hSGmk3PUuvgcO+kZXVxbHWG4qqk3u/ayWFo50Wdn8maTc9Ss3tUz9OdqGN1hrr7+gholAKzqYDm4KwXX954PepxKtkIc29CJRmrL/PO1S97XMihl2KCGRIZJavfY1hw9jACAAA=[0m[INFO] No sources found for Java stub generation
[8mha:AAABOR+LCAAAAAAAAACFjsFKxDAQhsdqtXjUmyAIot7SKlWUPbndrQh1PSwIUjzE3Vor3aSmqRQEn8eDvoxv4GkR8R3MNM2KeHDmkI/J/8/8L19glwK2b6txyRkp8irNWEkoK7MRz7kgx4oCpAGXCeias8CKwGkEZ7SQsBNpv9v63ZnfnfmVsBPBwphKKmEluqMP1M0pS92hFBlLO7WAtTbFiLOS5wkJ9Pv7MtSFCrz1f2B18PPZ4e+Xw6kF8zHY12kTdjX+e1z93uDvPTzBokrJ6CRBtuqiEsZB0EFax+vbxfRj/fGkCaSSORKWNv0AGykMPVVInoesZ4b8g8O9rm90YWh0msKmKrzvmM2eZ/YFvZ/NyHpmaLd/1O7DSdAzOk39fWwJdi0TMZHgxKeD8PxqY/kbaqkK+wcCAAA=[0m[INFO] 
[8mha:AAAB5B+LCAAAAAAAAACFUduK00AYHqvV4qXeuQgB8UTJoSVxY5cFm2kTuhvbLNVgN3gxTafZxBxqMgmpgs/jhb6Mb+CNi4jv4EzSdBEv/OdiPv75TjBffoN2loJHF/kqS2JhE+aeH2cCijPfTcIkFYYUQYamCcGgnmst0DJBpyK8RBsCHpu1Xtzpxb1e3Osp8cgEN1aIIALumAEqkBii2BPnJPVj76hMwb1dCzeJsyTEAqzvv5NBuaGFH/6/MA389bmTfF/ML1vgugPaS68qe9f5N5y+rtnre/AJ3KQtYxRhhlvlJk8bhcAUwk7x9Zt9+fP+R6MqRJt1CLj1QIbsMKTrEh2GJInhetcg+Zna1+SGp+sNr0Z6NTnL7zTOktT4wdGVM8P1rkG98fOdH9vAUcOr0Vhhh4B2SXAaEfDDmUz12VvuwFGjCzQY0lloXRMOm9GWqoI0svQnZ/MomJ6+li2pW5yYYznveYUV4NIc2daHcjU2iiI67745VM7xOzOc2eviVeCqunXiIcP3J8Yp8g3F2qpysXXtUS+Gw958SwMCCHXtDNr9w1mwqDKPjw8cKeJ5notQgWM+xVmSpy7O+PqzB31BGeyX3JMVXqM8JFe8p9wLzs3dPFrilKM+t/8AB+jLiuUCAAA=[0m[INFO] [8mha:AAAAYB+LCAAAAAAAAABb85aBtbiIQSmjNKU4P0+vJLE4u1gvPjexLDVPzxdEGvvmZ+X75ZekLlOVfvTjc8FPJgaGiiIGKaiG5Py84vycVD1nCA1SyAABjCCFBQCV27OjYAAAAA==[0m--- maven-resources-plugin:2.5:resources (default-resources) @ cucumber ---
[8mha:AAABSR+LCAAAAAAAAACFkMFKxDAQhsdqtXjUm6AsiHprq1RR9qTdrZfqZUGQ4iHbxlrpJjVNpCj4PB70ZXwDT4uI72DSNCviwckhH5P/n/nJyxfYNYPtG5HVlLhVKfKC1C4idZHSkjL3WFKo6JxyDLrmLLBicFrBGao47MTa73V+b+b3Zn4p7MewkCGOOKzEt+geeSUiuTfirCB5v2Gw1qVIKalpid1Q3783Q1PJwFv/B5YLP58d+n45mlown4A9ztuwq8nf5fL1Wr3ewRMsypQETbBiq6kEMw5XOdzO8fp2Mf1YfzxtA8lkDoelzSBUR1EU+bIU+b5i3TMUHBzunQRGF0VGpylqS6j9jpns+2ZeOPiZrFj3DO0Oj7p5qhMOjE7TcF8dDnbDMZtw2EgyPBb5VQ83OBUc9+TPc9xwgcriAS9/A5XpSKMdAgAA[0m[debug] execute contextualize
[8mha:AAABYB+LCAAAAAAAAACFj0FLwzAUx5/VafGoN0EoiO5kW2XKdCftVhHqPMwJMjzENquVmtQklYrg5/GgX8Zv4GmI+B1M2mYiHnw55MfL///ePy9f0OAMNq7ziFNiZ2keJ4TbiPAkpCll9oEkT1GfCgxVzRhgBGCWghOUCWgGld+p/c7U70z9UtgJYC5CAglYCm7QPXJSRGJnIFhC4k7BYKVOEVLCaYptr7p/b4Yik4HX/w8sF34+m/T9YjAxYHYEjau4DLs8+rtcvo7V6x08wbxMSdAtVmwUWc60w1YOu3a8vp1PPlYfj8pAMpkpYGGt5amjyPddWYpcV3HV09TabW8ftrTO97WuIr+sXO039WTX1fO87s9kxVVP01Zvr56nOl5X6yrq7agjoFEIzG4F7I+O+/7ppTXk8ktWc3jmb7abFiYhjVRDUCuk2YM1TlKpx5HFMKc5CzG3F78Bz0LDdTkCAAA=[0m[INFO] Using 'UTF-8' encoding to copy filtered resources.
[8mha:AAABiB+LCAAAAAAAAACFkcFKAzEQhsdqtXjUmyAsiHrbrFJF8aTbrgi1HqqCFA9pGtu022RNsu2K4PN40JfxDTwVEd/BpNtUxIOTw35M5v/nD/vyBUUlYaubtpXgfhKnHcaVj7liRMRC+seGQkt1oSnkNVeAQg1Kk4FznGjYruV6NNWjmR7N9GbwqAYLbayxhpVaDw8xijHvoIaWjHeOMglr0xREcCVi6of59/dmyBITePP/wGbh53NJvN80xgWYb0Kx1ZmEXW3+XW5u7+ztPTzBoknJ8YBaLmRJKp3Ctwp/qnh9ux5/rD+eTgKZZCUNSxvl0B5LURSYshQElvOeo/L+we5J2c1FkZvLKZpUaveXnHMQOL+w8uNsOe852qkeTv1sJ6y4uZyqe/ZoKGaayoGGUfOsHl3ceqrPEo8L7tGMKW2e50mqRCoJrTBJiRbywUNDLFHMWqhHed/+455oKXTZoFiS7hVnWlOl0UjIvkowoYikJB20qERKEjTAjCPnqZa/AZqbTXx2AgAA[0m[INFO] skip non existing resourceDirectory /var/lib/jenkins/jobs/TSearchUnittest/workspace/cucumber/src/main/resources
[8mha:AAABSx+LCAAAAAAAAACFjs9KxDAQxsdqtXjUmyAU/Hdrq1RR9qTdrQi1HhYEKR5it9ZKN+kmqRQEn8eDvoxv4GkR8R1MmmZFPDhzyI/J9818L19gMgrbd/WIEexUZZ0XmDkIsyIlJaHOsaBAUkx4BqrmDDAisFrBOao47ETK73Z+d+Z3Z34h7EWwMEIccViJ7tEDckuEc3fIaYHzXkNhrUuREsxImTmBen9fhqYSgbf+DywOfj5b5P1qODVgPgHzJm/DriZ/j4vfW/k7gSdYFCkxGmeSjaaqqXY40uF0jte3y+nH+uNpG0gkszgsbfiBbElh6ImS5HmS1UyTf3C4d+JrXRhqnaKwrVret/Rmz9P7gv7PZslqpml3cNTtk5Ogr3WKBvuyOZgNz+iYw2ZyFocX13b3xMRmpKZpxmxO7JSMq6LMlr8BGOV4aCMCAAA=[0m[INFO] [INFO] No sources to compile
[8mha:AAABMR+LCAAAAAAAAACFjrFOwzAQhq+BQMQIGxITAjY7oIBAnSBtWAJLJSTUybQhBKV2cJwqEhLPw9C+DG/AVCHEO+CL4yLEwN3gT+f/v/tnX+CWEvYfqnEpOCnyKs14SRgvs5HIhSTnmkKka6ESMNVxwInBawRXrFBwEBs/bf106adLvxZ2Y1gdM8UUbMaPbMpoznhKB0pmPO3WErbbFCPBS5EnJDTv78tQFzrw3v+B9cHPV0+83w4WDqwMwb1Lm7Bbw7/H9e89/j7BC6zplJxNEmSnLippHQQdpHXM324WHzvPl00gncxTsL4bhNhIUeTrQvJ9ZDOzFJycHl0EVhdFVmcoaqrC+57d7Pt2X9j72YxsZpYO+2ftPpyEPasz1D/GVuDWKpETBZ2Nbxim58gAAgAA[0m
[8mha:AAAB5R+LCAAAAAAAAACFUduK00AYHqvV4qXeuQgBWQ+UHFpTN9tlwWbahO7Gtks12A1eTNNpNjEnk0lIFXweL/RlfAPxYhHxHZzJYUW88J+L+fjnO8F8/gXaaQIeXmSbNAqF2M8cN0wFFKauHflRIowoggzNIoJBNddaoGWATkl4gWICHhmVXqz14pVevNJT4pEBbmwQQQTcMTyUI9FHoSMuSeKGzlGRgHt1CzsK08jHAqzuv5NBEdPC+/8vTAN/fupE31bLyxa4boH22inL3rX+DaevW/b6DnwEN2nLEAWY4VYRZ0mjEJhCqBVfvpqXP+5/0MtCtFmHgFsPZMgOQ5om0WFIkhiudg2Snyl9VW54mtbwKqSVk7H8TuMsSY0fHP9xZrjaNag3Oaz92AaOG16FJgN2CGgXBCcBAd+t6Uybv+H2LCW4QMMRnZXaNeCoGXWtDJBK1u70bBl4s9NX8kLq5ifGRM56Tr7wcGGMzcX7YjPR8zw4774+GJzjt4Y/N7f5S89WtMWJg3TXneqnyNUHi50i5zvbHPdCOOotdzTAg1BTz6DZP5h7qzLz+HjPkgKe57kA5Tjk7SiIXR8nfPXXw77wVOgP6y33eIO3KPNJQ3vCPefszM6CNU44anL7N76vAwTiAgAA[0m[INFO] [8mha:AAAAYB+LCAAAAAAAAABb85aBtbiIQSmjNKU4P0+vJLE4u1gvPjexLDVPzxdEGvvmZ+X75ZekLlOVfvTjc8FPJgaGiiIGKaiG5Py84vycVD1nCA1SyAABjCCFBQCV27OjYAAAAA==[0m--- maven-compiler-plugin:2.3.2:compile (default-compile) @ cucumber ---
[8mha:AAABOR+LCAAAAAAAAACFjsFKxDAQhsdqtXjUmyAIot7SKlWUPbndrQh1PSwIUjzE3Vor3aSmqRQEn8eDvoxv4GkR8R3MNM2KeHDmkI/J/8/8L19glwK2b6txyRkp8irNWEkoK7MRz7kgx4oCpAGXCeias8CKwGkEZ7SQsBNpv9v63ZnfnfmVsBPBwphKKmEluqMP1M0pS92hFBlLO7WAtTbFiLOS5wkJ9Pv7MtSFCrz1f2B18PPZ4e+Xw6kF8zHY12kTdjX+e1z93uDvPTzBokrJ6CRBtuqiEsZB0EFax+vbxfRj/fGkCaSSORKWNv0AGykMPVVInoesZ4b8g8O9rm90YWh0msKmKrzvmM2eZ/YFvZ/NyHpmaLd/1O7DSdAzOk39fWwJdi0TMZHgxKeD8PxqY/kbaqkK+wcCAAA=[0m[INFO] 
[8mha:AAAB5h+LCAAAAAAAAACFkctu00AUhodAIGIJOyokS6hcFMWXyqEmVSXiSWylNYmrgEVqdTF2pu64vuGbHJB4HhbwMmxYs6oQ4h2YseMixIIzi/l05vzn/6X5/At0sxQ8vijWWRzxSVB4JMp4FGXEjYM45ceUIKN5nGPQ1I0O6BigVw+8QkkOnhiNXtjqhWu9cK2ngwcGuLVGOcrBPcNHJRICFHnCMk9J5B1UKXiwTeHGURYHmIfN/bczqBIaePf/ganhz0+9+PtqedUBN23Qdbw67H37X3P6es5e34GP4DZNGaEQM+5USZG2Cp4p+K3iy1fr6sfDD3odiCbr5eDOIxmyw0jTRFqMRJFx02tJfq7sqXI7p2ntXENaXQXz77WbRbHdByd/NjNuei1J0xfbfawDJ+1cQ9MhOznoVjlOwxx8s2dzbXHG7dhKeIFGY1ortW/AcVuqowyRmjtkdrIM/fnxG9kU++WRMZULyStNH1fGxDLfV+upXpbhaf/t/vAUXxrBwjovX/uuoplHHtIJmenHiOhDc6PI5ca1JlIEx9JyQw18CDX1BFp7+wt/VXseHu7YYjgYDDgvRCWOBs0fjyReHrlxmJAAc0+dggRrPY3jkuDsGfeScwu3CB2cclR49zetW5vs1gIAAA==[0m[INFO] [8mha:AAAAYB+LCAAAAAAAAABb85aBtbiIQSmjNKU4P0+vJLE4u1gvPjexLDVPzxdEGvvmZ+X75ZekLlOVfvTjc8FPJgaGiiIGKaiG5Py84vycVD1nCA1SyAABjCCFBQCV27OjYAAAAA==[0m--- gmaven-plugin:1.4:compile (buildGroovies) @ cucumber ---
[8mha:AAABTR+LCAAAAAAAAACFjs9Kw0AQxsdoNHjUmyAEinpLokRRetK0ESHWQ0GQ4mFN0xhJd+P+kYDg83jQl/ENPBUR38HdbLYiHpw57I/Z75v5Xr7AZhS2b8WYEexVpcgLzDyEWZGSklDvWFKkaEB4BroWLLAScBrBOao47CTa77d+f+73534p7CawNEYccVhL7tAD8kuEc3/IaYHzbk1ho02REsxImXmRfn9fhrqSgbf+DywPfj475P1qOLNgcQT2Td6EXR/9PS5/J+r3Hp5gWabEaJoptupKUOPwlMNrHa9vl7OPzcfTJpBM5nBY6YSRakVxHMhSFASK9cxQeHC4dxIaXRwbnaa4KaHuO2ZzEJh9Ue9ns2I9M7TbP2r3qUnUMzpN/X3VHOyaZ3TKoTM6G8QX1+6AuIwImmbMnRCBxy4nbkqmVVFmq995OJpqIgIAAA==[0m[INFO] No sources found to compile
[8mha:AAABOR+LCAAAAAAAAACFjsFKxDAQhsdqtXjUmyAIot7SKlWUPbndrQh1PSwIUjzE3Vor3aSmqRQEn8eDvoxv4GkR8R3MNM2KeHDmkI/J/8/8L19glwK2b6txyRkp8irNWEkoK7MRz7kgx4oCpAGXCeias8CKwGkEZ7SQsBNpv9v63ZnfnfmVsBPBwphKKmEluqMP1M0pS92hFBlLO7WAtTbFiLOS5wkJ9Pv7MtSFCrz1f2B18PPZ4e+Xw6kF8zHY12kTdjX+e1z93uDvPTzBokrJ6CRBtuqiEsZB0EFax+vbxfRj/fGkCaSSORKWNv0AGykMPVVInoesZ4b8g8O9rm90YWh0msKmKrzvmM2eZ/YFvZ/NyHpmaLd/1O7DSdAzOk39fWwJdi0TMZHgxKeD8PxqY/kbaqkK+wcCAAA=[0m[INFO] 
[8mha:AAAB7R+LCAAAAAAAAACFkctu00AUhodAaMQSdlRIlhA3RfGlcqhJVYl4EltpTeLKxSK1WIydqWvXl2CPLQcknocFvAxv0FWFEO/AjB0XIRacWcynM+c//y/N11+gm2fg6UWxytOEX0eFHyQ5j5I88NIozfgxJchonhIMmrrVAR0D9OqBN2hNwDOj0QtbvXCjF270dPDAAHdWiCAC7hshKpEQocQXLJIFiX9QZeDhNoWXJnkaYR4299/OoFrTwE/+H5ga/vzSS6+W1nUH3HZA1/XrsA+cf83p6zl7/QA+g7s0ZYJizLhTrYusVfBMwW8V377b1z8efdLrQDRZj4CdxzJkh5GmibQYiSLjpteS/FLZU+V2TtPauYa0ugrm32s3i2K7D07+bGbc9FqSpq+2+1gHTtq5hqZDdgjoVgRnMQFXzmyuLd5zu44SX6DRmNZS7Rtw3JbqKkOkEjeYnVhxOD9+K5tivzwypnIh+aUZ4sqY2ObHajXVyzI+67/bH57hSyNa2OflaegpmnnkIz0IZvoxCvShuVHkcuPZEymBY8naUIMQQk09gfbe/iJc1p6Hh7uOGA8GA86PUYmTQfPHI4mXRz5OcIYIPsU5sUjh5txztwiilZ6laRng/AX3mvMKr4hdnHF0xb3fktI9/+ACAAA=[0m[INFO] [8mha:AAAAYB+LCAAAAAAAAABb85aBtbiIQSmjNKU4P0+vJLE4u1gvPjexLDVPzxdEGvvmZ+X75ZekLlOVfvTjc8FPJgaGiiIGKaiG5Py84vycVD1nCA1SyAABjCCFBQCV27OjYAAAAA==[0m--- gmaven-plugin:1.4:generateTestStubs (buildGroovies) @ cucumber ---
[8mha:AAABSx+LCAAAAAAAAACFj0FLwzAUx5/VavGoN0EpiHprq0xx7KTdOpQ6DwNBhodsjXXSJV2SSkHw83jQL+M38DRE/A4mTTMRD74c8uPl/3/vn5cvsDmD3bsi4ZR4eVakY8I9RPh4RDPKvBNJoaIeFRh0LVhgxeBUgguUC9iLtd+v/f7c78/9UtiKYSlBAglYi+/RA/IzRFK/L9iYpK2SwUadYkQJpxn2Qn3/3gxlLgPv/B9YLvx8duj7dX9mweIA7GFahV0f/F0uX2/V6xSeYFmmJGiCFVtlXjDj8JTDqx2vb1ezj83HbhVIJnMErGw3QnUURVEgS1EQKNY9Q42j44PThtFFkdFpiqoq1H7HTA4CMy9s/0xWrHuG9jvNep7qhG2j09Q5VEeAXQrMJgK2Bme96PLG7WKCGRI4cZvuufypy0Ux5KvfL89tcx0CAAA=[0m[INFO] Generated 9 Java stubs
[8mha:AAABOR+LCAAAAAAAAACFjsFKxDAQhsdqtXjUmyAIot7SKlWUPbndrQh1PSwIUjzE3Vor3aSmqRQEn8eDvoxv4GkR8R3MNM2KeHDmkI/J/8/8L19glwK2b6txyRkp8irNWEkoK7MRz7kgx4oCpAGXCeias8CKwGkEZ7SQsBNpv9v63ZnfnfmVsBPBwphKKmEluqMP1M0pS92hFBlLO7WAtTbFiLOS5wkJ9Pv7MtSFCrz1f2B18PPZ4e+Xw6kF8zHY12kTdjX+e1z93uDvPTzBokrJ6CRBtuqiEsZB0EFax+vbxfRj/fGkCaSSORKWNv0AGykMPVVInoesZ4b8g8O9rm90YWh0msKmKrzvmM2eZ/YFvZ/NyHpmaLd/1O7DSdAzOk39fWwJdi0TMZHgxKeD8PxqY/kbaqkK+wcCAAA=[0m[INFO] 
[8mha:AAABUB+LCAAAAAAAAACFkcFKxDAQhsdqtXjUmyAsyOqtrVJF2ZN2tyLU9bAgSNlDto210k1qm0hR8Hk86Mv4Bp4WEd/BpGlWxIOTQz4m/z/zQ16+wKxK2L7hSUWJXeQ8zUhlI1JlMc1paR8L8iUNKcOgasEAIwSrEZyjgsFOqPxO63fmfmfuF8JeCEsJYojBWniL7pGTI5I6I1ZmJO3VJWy0KWJKKppj21f3781QFyJw9//AYuHns0Xfr0YzAxYjMCdpE3Y9+rtcvF7L1zt4gmWRkqAplmzUBS+1w5YOu3W8vl3OPjYfT5tAIpnFYGXL8+WRFASuKEmuK1n1NHkHh3snntYFgdYpCpricr+lJ7uunuf3fyZLVj1Nu4Ojdp7s+H2tUzTYl4eBWTNcThl0o7NhcDHuRAme8HTcwTWOOcMd8QEM14yjPHvAq9+fqSCwJAIAAA==[0m[INFO] [debug] execute contextualize
[8mha:AAABYB+LCAAAAAAAAACFj0FLwzAUx5/VafGoN0EoiO5kW2XKdCftVhHqPMwJMjzENquVmtQklYrg5/GgX8Zv4GmI+B1M2mYiHnw55MfL///ePy9f0OAMNq7ziFNiZ2keJ4TbiPAkpCll9oEkT1GfCgxVzRhgBGCWghOUCWgGld+p/c7U70z9UtgJYC5CAglYCm7QPXJSRGJnIFhC4k7BYKVOEVLCaYptr7p/b4Yik4HX/w8sF34+m/T9YjAxYHYEjau4DLs8+rtcvo7V6x08wbxMSdAtVmwUWc60w1YOu3a8vp1PPlYfj8pAMpkpYGGt5amjyPddWYpcV3HV09TabW8ftrTO97WuIr+sXO039WTX1fO87s9kxVVP01Zvr56nOl5X6yrq7agjoFEIzG4F7I+O+/7ppTXk8ktWc3jmb7abFiYhjVRDUCuk2YM1TlKpx5HFMKc5CzG3F78Bz0LDdTkCAAA=[0m[INFO] Using 'UTF-8' encoding to copy filtered resources.
[8mha:AAAB8x+LCAAAAAAAAACFUVuL00AUnlarxUd9cxEC4o2SS2vqxi4LNtMmdDe2WavBbvFhmk6zibmZTEKq4O/xQf+M/8CnRcT/4EzSVBYfPOdhPs453wXm62/QShPw8CJbp1EoxH7muGEqoDB17ciPEmFIEWRoGhEMqmo0QdMA7fLgJYoJeGRUfHHHF/d8cc+nh0cGuL5GBBFw2/BQjkQfhY44J4kbOkdFAu7uUthRmEY+FmD1XnUGRUwDP/h/YGr460s7+rGYXzbBtSVorZwy7J3lv+Z0u2HbD+AzuEFThijADDeLOEtqhsAYwo7x7bt1+fPeJ70MRJO1Cbh5X4asGdI0iRZDksRwNauR/EzpqXJ9p2n1XYW0sjLm366VJanWg6O/ygxXsxp1x893emwCR/VdhcZ91gS0CoKTgDQaB0sluECDIa2F2jHgsC51pfSRSlbu5GweeNPTN7IpdfITYyxnXSc3PVwYI8v8WKzHep4H5523h/1z/N7wZ9Ymf+3ZimaeOEh33Yl+ily9b24VOd/a1qgbwmF3vqUGHoSaegat3uHMW5Sex8cHSyngeZ4LUI5DPsFplCU2Tvnqlwc9oT8gOCWv6gX3eI03KPMJf2X8hHvB2ZmdBSuccFRvOZlqs3ccjOIt/TruKbdXvvUHZUqxkgADAAA=[0m[8mha:AAAAYB+LCAAAAAAAAABb85aBtbiIQSmjNKU4P0+vJLE4u1gvPjexLDVPzxdEGvvmZ+X75ZekLlOVfvTjc8FPJgaGiiIGKaiG5Py84vycVD1nCA1SyAABjCCFBQCV27OjYAAAAA==[0m--- maven-resources-plugin:2.5:testResources (default-testResources) @ cucumber ---[INFO] Copying 3 resources
[8mha:AAABiR+LCAAAAAAAAACFkcFKw0AQhsdqtXjUmyAERD2ZjVpF6UnTRoRYD1VBiodtuk1T0924O6kVwefxoC/jG3gqIr6Du01TEQ/OHvZjZv6Zf9mXLygqCRvdtK0Et5M4DSOubMpVFIhYSPtIk2uoLpBBFjMFKPhQGjec0QRh08/0ZKInUz2Z6nVjxYe5NkWKsOT36ICSmPKQNFBGPKwMJaxMXASCKxEz283u35thmGjD6/8b1gs/n0vi/boxKsBsE4qtcGx2ufl3ua52TPUOnmBeu+S0zwwXhkkqc4VtFPZE8fp2NfpYfTwZG9LOSggLa2XXHEOe5+gw5DiGs1xO5f2DneNy3ud5eV9G3jhSs7+UT3acfJ5b/ZlsOMvltF07nMwzGbea92VU2zMHoThEJvsI2Dyte+c3liuSB/0oa9eSTIlUBkxZKCwyoJLEUYv0GL8139oTLUUuGozKoHvJI0SmkNwLeasSGjASpEHabzFJkMqQITHlrSCmSjFFOoxiqscvfgM/0EEZcwIAAA==[0m[INFO] Copying 3 resources to /var/lib/jenkins/jobs/TSearchUnittest/workspace/cucumber/target/test-classes/features
[8mha:AAABMR+LCAAAAAAAAACFjrFOwzAQhq+BQMQIGxITAjY7oIBAnSBtWAJLJSTUybQhBKV2cJwqEhLPw9C+DG/AVCHEO+CL4yLEwN3gT+f/v/tnX+CWEvYfqnEpOCnyKs14SRgvs5HIhSTnmkKka6ESMNVxwInBawRXrFBwEBs/bf106adLvxZ2Y1gdM8UUbMaPbMpoznhKB0pmPO3WErbbFCPBS5EnJDTv78tQFzrw3v+B9cHPV0+83w4WDqwMwb1Lm7Bbw7/H9e89/j7BC6zplJxNEmSnLippHQQdpHXM324WHzvPl00gncxTsL4bhNhIUeTrQvJ9ZDOzFJycHl0EVhdFVmcoaqrC+57d7Pt2X9j72YxsZpYO+2ftPpyEPasz1D/GVuDWKpETBZ2Nbxim58gAAgAA[0m
[8mha:AAABOR+LCAAAAAAAAACFjsFKxDAQhsdqtXjUmyAIot7SKlWUPbndrQh1PSwIUjzE3Vor3aSmqRQEn8eDvoxv4GkR8R3MNM2KeHDmkI/J/8/8L19glwK2b6txyRkp8irNWEkoK7MRz7kgx4oCpAGXCeias8CKwGkEZ7SQsBNpv9v63ZnfnfmVsBPBwphKKmEluqMP1M0pS92hFBlLO7WAtTbFiLOS5wkJ9Pv7MtSFCrz1f2B18PPZ4e+Xw6kF8zHY12kTdjX+e1z93uDvPTzBokrJ6CRBtuqiEsZB0EFax+vbxfRj/fGkCaSSORKWNv0AGykMPVVInoesZ4b8g8O9rm90YWh0msKmKrzvmM2eZ/YFvZ/NyHpmaLd/1O7DSdAzOk39fWwJdi0TMZHgxKeD8PxqY/kbaqkK+wcCAAA=[0m[INFO] 
[8mha:AAABhx+LCAAAAAAAAACFkUFLwzAUx5/TafGoN0EoiHqyqTLFsZN2qwh1HqaCDA9Zl3XdsqQm6SwIfh4P+mX8Bp6GiN/BZF0n4sGXQ3689/7v/UNevqAsBez0067kzEloGsVMOpjJOOSUC+dEk2eoyRWBPBZKUArAmjZc4ETBbpDr0UyP5no01+vGWgBLXaywgrVggMcYUcwi1FIiZlEtE7AxcxFyJjkljpffvzdDlmjD2/8b1gs/ny3+ftualGCxDeVONDW73v67XFd7pnoPT7CsXTI8IoZLWZKKQuEYhTNTvL7dTD42H8+mhrQzS8HKVsUzx5DvuzoMua7hPFdQ5ej44LRS9Pl+0ZeTP43U7LeKya5bzPPqP5MN57mC9hvV2TyT8epFX06NQ3MUlDNFxEhB0j5v+pd3tsdHSUz1s+yqLXkqQmL3YkqkrbiNxlggGnfQgLCh+dsB70h01SJYhP1rFitFpEIPXAxlgkOCwjRMRx0ikMIiIgqZ8l5IsZRErn4DokGU4m8CAAA=[0m[INFO] Compiling 9 source files to /var/lib/jenkins/jobs/TSearchUnittest/workspace/cucumber/target/test-classes
[8mha:AAAB7B+LCAAAAAAAAACFkctu00AUhodAIGIJOyokS4ibIl8SHGpSVSKexFZak7gKWKRWFxNn4tr4hj22HJB4HhbwMrwBqwpVvAMzdlxALDiz8Kdzzn/+X/KXn6CdpeDReb7O4khIgtz1okxAUeY5cRCnwogSZDSLCQZ1XWuBlgE61cIrlBDw2Kj14k4vXunFKz1dPDDAjTUiiIA7ho8KJAYocsUFSb3IPShTcG+XwomjLA6wAOvv386gTGjgh/8PTA0vP3fi78vFRQtct0F75VZh79r/mtPphk3fg0/gJk0ZoRAzbpVJnjYKgSmEneLrN+vix/2PehWIJusQcOuBDNljpGkSLUaSxLjuNSQ/V/qq3OxpWrNXk1ZVzvw7zWVJau7B8e/LjOteQ73Ji9091oHjZq+myYA9AtolwWlIwKU9nWnzM27PVsJzNBzRWqpdA46aUlfKAKlk5U1PFqE/O34jm1K3ODImct5zC9PHpTG2zA/leqIXRXjafbs/OMXvjGBubYrXvqNo5pGLdM+b6sfI0wfmVpGLrWONexEc9RZbauBDqKkn0Orvz/1l5Xl4uGdLIc/zXIgKHPFOHCZegFO+/tfDvvBM6A8JzgisJ9yTNd6gPCD8H82n3EvOyZ08XOGUo8du/wIsZz1k6gIAAA==[0m[INFO] [8mha:AAAAYB+LCAAAAAAAAABb85aBtbiIQSmjNKU4P0+vJLE4u1gvPjexLDVPzxdEGvvmZ+X75ZekLlOVfvTjc8FPJgaGiiIGKaiG5Py84vycVD1nCA1SyAABjCCFBQCV27OjYAAAAA==[0m--- maven-compiler-plugin:2.3.2:testCompile (default-testCompile) @ cucumber ---
[8mha:AAABOR+LCAAAAAAAAACFjsFKxDAQhsdqtXjUmyAIot7SKlWUPbndrQh1PSwIUjzE3Vor3aSmqRQEn8eDvoxv4GkR8R3MNM2KeHDmkI/J/8/8L19glwK2b6txyRkp8irNWEkoK7MRz7kgx4oCpAGXCeias8CKwGkEZ7SQsBNpv9v63ZnfnfmVsBPBwphKKmEluqMP1M0pS92hFBlLO7WAtTbFiLOS5wkJ9Pv7MtSFCrz1f2B18PPZ4e+Xw6kF8zHY12kTdjX+e1z93uDvPTzBokrJ6CRBtuqiEsZB0EFax+vbxfRj/fGkCaSSORKWNv0AGykMPVVInoesZ4b8g8O9rm90YWh0msKmKrzvmM2eZ/YFvZ/NyHpmaLd/1O7DSdAzOk39fWwJdi0TMZHgxKeD8PxqY/kbaqkK+wcCAAA=[0m[INFO] 
[8mha:AAAB6R+LCAAAAAAAAACFkctu00AUhodAIGIJOyokS6hcFMWXyqEmVSXiSWylNYmrgEVqdTF2pq5d37DHlgMSz8MCXoYtK1YVQrwDM3ZchFhwZjGfzpz//L80n3+Bbp6BxxfFOk9iPg0Lz49zHsW57yZhkvFjSpDRPCEYNHWjAzoG6NUDr1BKwBOj0QtbvXCtF671dPDAALfWiCAC7hkBKpEQotgTliTzY++gysCDbQo3ifMkxDxs7r+dQZXSwLv/D0wNf37qJd9Xy6sOuGmDruPVYe/b/5rT13P2+g58BLdpyhhFmHGnSousVfBMwW8VX75aVz8eftDrQDRZj4A7j2TIDiNNE2kxEkXGTa8l+bmyp8rtnKa1cw1pdRXMv9duFsV2H5z82cy46bUkTV9s97EOnLRzDU2H7BDQrQjOIgK+2bO5tjjjdmwlukCjMa2V2jfguC3VUYZIJY4/O1lGwfz4jWyK/fLImMqF5JVmgCtjYpnvq/VUL8votP92f3iKL41wYZ2XrwNX0cwjD+m+P9OPka8PzY0ilxvXmkgxHEvLDTUIINTUE2jt7S+CVe15eLhji9FgMOC8CJU4HjR/PJJ4eURwTmASpX6IuadO4YdrPUuS0sf5M+4l5xZuETk446j47m+MvaPK2gIAAA==[0m[INFO] [8mha:AAAAYB+LCAAAAAAAAABb85aBtbiIQSmjNKU4P0+vJLE4u1gvPjexLDVPzxdEGvvmZ+X75ZekLlOVfvTjc8FPJgaGiiIGKaiG5Py84vycVD1nCA1SyAABjCCFBQCV27OjYAAAAA==[0m--- gmaven-plugin:1.4:testCompile (buildGroovies) @ cucumber ---
[8mha:AAABTx+LCAAAAAAAAACFjsFKw0AQhsdoNHjUmyAERb0lUaNYetK0KUKsh4IgwcPaxhhJd+PupkQEn8eDvoxv4KmI+A7uZrMV8eDMYT9m/3/mf/kCk1HYvi1HjGCnyMs0w8xBmGVDkhPqHAsKJPUJT0DVnAFGBFYtOEMFh51I+d3G78787swvhO0IFkaIIw4r0R2aIDdHOHUHnGY4bVcU1poUQ4IZyRMnUO/vy1AVIvDW/4HFwc9ni7xfDqYGzMdgXqd12NX473HxeyN/7+EJFkVKjMaJZKMqSqodjnQ4jeP17WL6sf7YqwOJZBaHpU0/kC0pDD1RkjxPsppp8g+P9k58rQtDrVMU1lXK+5be7Hl6X9D52SxZzTTtdlvNPjkJOlqnqHsgm4NZ8YSOOWzEp/3w/MoOyLjI8mRk77fsHiVk8mAPc8RYwpa/AYJGmAghAgAA[0m[INFO] Compiled 39 Groovy classes
[8mha:AAABOR+LCAAAAAAAAACFjsFKxDAQhsdqtXjUmyAIot7SKlWUPbndrQh1PSwIUjzE3Vor3aSmqRQEn8eDvoxv4GkR8R3MNM2KeHDmkI/J/8/8L19glwK2b6txyRkp8irNWEkoK7MRz7kgx4oCpAGXCeias8CKwGkEZ7SQsBNpv9v63ZnfnfmVsBPBwphKKmEluqMP1M0pS92hFBlLO7WAtTbFiLOS5wkJ9Pv7MtSFCrz1f2B18PPZ4e+Xw6kF8zHY12kTdjX+e1z93uDvPTzBokrJ6CRBtuqiEsZB0EFax+vbxfRj/fGkCaSSORKWNv0AGykMPVVInoesZ4b8g8O9rm90YWh0msKmKrzvmM2eZ/YFvZ/NyHpmaLd/1O7DSdAzOk39fWwJdi0TMZHgxKeD8PxqY/kbaqkK+wcCAAA=[0m[INFO] 
[8mha:AAAB6R+LCAAAAAAAAACFkctu00AUhodAIGIJOyokS6hcFPkWOdSkqkQ8ia20JnEVsEitLibOxLXrS7DHlgMSz8MCXoY1G1YVQrwDM3ZchFhwZuFvzpz//L/kz79AO0vB44t8lSWxsAlzz48zAcWZ7yZhkgpDSpDRNCEY1HWjBVom6FQDr9CGgCdmrRd3evFaL17r6eChCW6tEEEE3DMDVCAxRLEnzknqx95hmYIHuxRuEmdJiAVYf/92BuWGBt7/f2Bq+PNTJ/m+mF+1wE0HtJdeFfa+8685fV2z13fgI7hNU8Yowoxb5SZPG4XAFMJO8eWrffXj4QejCkSTdQi480iB7DDSdYkWI0liXPcaUp6rPU1p5nS9matJrypn/p1msyQ1++Doz2bGda8hefxit4914KiZq2ncZ4eAdklwGhHwzZlM9dk5t+eo0QUaDGkttK4Jh01pS7WPNLL0J6fzKJievFEsqVscm2Mll73CCnBpjmzrfbkaG0URnXXfHvTP8KUZzux18TpwVd069pDh+xPjBPlG39qqSrF17ZEcw6E831KDAEJdO4V272AWLCrPo6M9R4p4nuciVOCYz/IUr/0U8/W/HvQEWRoQnBHu6QqvUR4Snt2ecS85N3fzaIlTjqrv/gZiSAMx2wIAAA==[0m[INFO] [8mha:AAAAYB+LCAAAAAAAAABb85aBtbiIQSmjNKU4P0+vJLE4u1gvPjexLDVPzxdEGvvmZ+X75ZekLlOVfvTjc8FPJgaGiiIGKaiG5Py84vycVD1nCA1SyAABjCCFBQCV27OjYAAAAA==[0m--- maven-surefire-plugin:2.10:test (default-test) @ cucumber ---
[8mha:AAABhB+LCAAAAAAAAACFkc1Kw0AUha/VanCpO0EoiLoyE6WK2pWmjQixLqKCFBeTdJqmpjNxZlIrgs/jQl/GN3BVRHwHZ/JTERfeWczHnXvOPTAvX1AVHDb6aVcwaiZxGkZUmJiKKGAx4+aRIltTm0kCec1UoOKCkQ2c4UTCppvrUaFHUz2a6tVgw4W5LpZYwpI7wCOMYkxD5Eke0bAx5rBSpAgYFSwmpp3fvzfDOFGB1/8PrBZ+Phvs/dqbVGC2A1U/zMIud/4uV689/XoHTzCvUlI8JJor4yTlpcLUCrNQvL5dTT5WH0+yQCqZIWFhrW7ro8lxLFWaLEtz3iupvre/c1wv5xynnMvJySrV+43S2bJKP7v546w575W03Too/HTHbpZzObV29ZFQHUvChxJE57TtnN/UvJSTXsRJjZOEcVnrKg4k4w+HNTTCHMWRjwaE3uqvHTBfoAuPYB70L2kkJRES3TN+KxIcEBSkQTr0CUcS85BIJArrrdxaLH4DbmQhqnICAAA=[0m[INFO] Surefire report directory: /var/lib/jenkins/jobs/TSearchUnittest/workspace/cucumber/target/surefire-reports
[8mha:AAABMR+LCAAAAAAAAACFjrFOwzAQhq+BQMQIGxITAjY7oIBAnSBtWAJLJSTUybQhBKV2cJwqEhLPw9C+DG/AVCHEO+CL4yLEwN3gT+f/v/tnX+CWEvYfqnEpOCnyKs14SRgvs5HIhSTnmkKka6ESMNVxwInBawRXrFBwEBs/bf106adLvxZ2Y1gdM8UUbMaPbMpoznhKB0pmPO3WErbbFCPBS5EnJDTv78tQFzrw3v+B9cHPV0+83w4WDqwMwb1Lm7Bbw7/H9e89/j7BC6zplJxNEmSnLippHQQdpHXM324WHzvPl00gncxTsL4bhNhIUeTrQvJ9ZDOzFJycHl0EVhdFVmcoaqrC+57d7Pt2X9j72YxsZpYO+2ftPpyEPasz1D/GVuDWKpETBZ2Nbxim58gAAgAA[0m
[8mha:AAABNR+LCAAAAAAAAACdjrFKxEAQhsdoNFhqJ1iJWrkbJcrJVZq72ESbA0GuWu9ijOR242ZzBASfx0JfxjewOkR8B3ey2ROxEJwp9mP2/2f+509wSwk7t9W4FJwUeZVmvCSMl9lI5EKSE00h0oVQCZhacMCJwWsE56xQsBsbP239dO6nc78WdmNYGjPFFKzFd2zKaM54SgdKZjzt1hI22hQjwUuRJyQ078/LUBc68PbfgfXBjydPvF0NZg4sDsG9Tpuw68Pfx/XvDf7ewyMs65ScTRJkpy4qaR0EHaR1vLxezt43H86aQDqZp2BlKwixkaLI14Xk+8hmZik46hycBlYXRVZnKGqqwvue3ez7dl/Y+96MbGaW9vvH7T6chD2rM9Q/xFbg1iqREwWdvf/V6hdjsPiwNwIAAA==[0m-------------------------------------------------------
[8mha:AAABOR+LCAAAAAAAAACFjsFKxDAQhsdqtehNb4JQEPWWVqmi7Em7rZfqpSLInuJurSvdpKapFASfx4O+jG/gaRHxHcw0zYp4cALJx+T/Z/6XL7ArAdu39ajijJRFnY9ZRSirxkNecEGOFYVI51xmoGvOAisBpxWc0VLCTqL9Xuf3Zn5v5lfCXgILIyqphNXkjj5Qr6As91IpxizvNQLWuxRDzipeZCTU7+/N0JQq8Nb/gdXCz2eHv1+lUwvmB2Bf523YtcHf5er3Bn/v4QkWVUpGJxmy1ZS1MA6CDtI5Xt8upx8bj6dtIJXMkbC0GYR4kOLYV4Xk+8i6Zyg4ONw7CYwujo1OU9xWjfsdM9n3zbyw/zMZWfcM7UZH3TzshH2j0xTt45FgNzITEwkr7oUbuam60+Vv763aYgoCAAA=[0m T E S T S
[8mha:AAABNR+LCAAAAAAAAACdjrFKxEAQhsdoNFhqJ1iJWrkbJcrJVZq72ESbA0GuWu9ijOR242ZzBASfx0JfxjewOkR8B3ey2ROxEJwp9mP2/2f+509wSwk7t9W4FJwUeZVmvCSMl9lI5EKSE00h0oVQCZhacMCJwWsE56xQsBsbP239dO6nc78WdmNYGjPFFKzFd2zKaM54SgdKZjzt1hI22hQjwUuRJyQ078/LUBc68PbfgfXBjydPvF0NZg4sDsG9Tpuw68Pfx/XvDf7ewyMs65ScTRJkpy4qaR0EHaR1vLxezt43H86aQDqZp2BlKwixkaLI14Xk+8hmZik46hycBlYXRVZnKGqqwvue3ez7dl/Y+96MbGaW9vvH7T6chD2rM9Q/xFbg1iqREwWdvf/V6hdjsPiwNwIAAA==[0m-------------------------------------------------------
[8mha:AAABMR+LCAAAAAAAAACFjrFOwzAQhq+BQMQIGxITAjY7oIBAnSBtWAJLJSTUybQhBKV2cJwqEhLPw9C+DG/AVCHEO+CL4yLEwN3gT+f/v/tnX+CWEvYfqnEpOCnyKs14SRgvs5HIhSTnmkKka6ESMNVxwInBawRXrFBwEBs/bf106adLvxZ2Y1gdM8UUbMaPbMpoznhKB0pmPO3WErbbFCPBS5EnJDTv78tQFzrw3v+B9cHPV0+83w4WDqwMwb1Lm7Bbw7/H9e89/j7BC6zplJxNEmSnLippHQQdpHXM324WHzvPl00gncxTsL4bhNhIUeTrQvJ9ZDOzFJycHl0EVhdFVmcoaqrC+57d7Pt2X9j72YxsZpYO+2ftPpyEPasz1D/GVuDWKpETBZ2Nbxim58gAAgAA[0m
[8mha:AAABOR+LCAAAAAAAAACFjsFKxDAQhsdqtexRb4IgiHpLq1RR96TdrZfqwQVB9hR3a610k5qkUhB8Hg/6Mr6Bp0XEdzDTNCviwZlDPib/P/O/fIErBWzdVmPJGSmLKsuZJJTJfMQLLsixpgjpnKsUTM054CTgNYIzWirYTozfb/3+zO/P/FrYTWBhTBVVsJzc0QfqF5Rl/kCJnGXdWsBqm2LEmeRFSiLz/r4MdakDb/4fWB/8fPb4+9Vg6sD8ENzrrAm7Mvx7XP/e4O89PMGiTsnoJEV26rIS1kHQQVrH69vl9GPt8bQJpJN5CpY2wggbKY4DXUhBgGxmlsL9g92T0Ori2OoMxU1VeN+zm4PA7ot6P5uRzczSTv+w3YeTqGd1hvp72ArcWqVioqBzkcqqUHL9qPMNuwXJUgkCAAA=[0mResults :
[8mha:AAABMR+LCAAAAAAAAACFjrFOwzAQhq+BQMQIGxITAjY7oIBAnSBtWAJLJSTUybQhBKV2cJwqEhLPw9C+DG/AVCHEO+CL4yLEwN3gT+f/v/tnX+CWEvYfqnEpOCnyKs14SRgvs5HIhSTnmkKka6ESMNVxwInBawRXrFBwEBs/bf106adLvxZ2Y1gdM8UUbMaPbMpoznhKB0pmPO3WErbbFCPBS5EnJDTv78tQFzrw3v+B9cHPV0+83w4WDqwMwb1Lm7Bbw7/H9e89/j7BC6zplJxNEmSnLippHQQdpHXM324WHzvPl00gncxTsL4bhNhIUeTrQvJ9ZDOzFJycHl0EVhdFVmcoaqrC+57d7Pt2X9j72YxsZpYO+2ftPpyEPasz1D/GVuDWKpETBZ2Nbxim58gAAgAA[0m
[8mha:AAABUR+LCAAAAAAAAACFjsFKxDAQhsfqavGoN0FYEPUiaVdWUfek3dZL9VIRZE9xN9ZqN+kmqRQEn8eDvoxv4GkR8R1MmmZFPDg55Mvk/2f+ly9oCQ5bt+VIMIqKvEwzKhCmIhuynHF0rCjQdM4kAVNzDjgxuLXgDBcStmPj9xq/N/N7M78S9mJYGGGJJazEd/gBezmmqZdIntG0V3FYa1IMGRUsJygw9+/NUBUq8Ob/gdXCz2eXvV8lUwfmB9C6Tuuwq4O/y9Xvjf6dwBMsqpQUj4lmpypKbh1IO1DjeH27nH6sP57WgVQyV8LSRjfQR1MU+ao0+b5m07PU3T/YPelaXRRZnaGorlLvd+1k37fzgv7PZM2mZ6kTHjbzdCfoW52hcE8fCa1KEj6W0LkgQoo2L+lR299pRzjLS05E/Qg5Z9xgcp8VBRkpXv4G/KmE3TACAAA=[0mTests run: 0, Failures: 0, Errors: 0, Skipped: 0
[8mha:AAABMR+LCAAAAAAAAACFjrFOwzAQhq+BQMQIGxITAjY7oIBAnSBtWAJLJSTUybQhBKV2cJwqEhLPw9C+DG/AVCHEO+CL4yLEwN3gT+f/v/tnX+CWEvYfqnEpOCnyKs14SRgvs5HIhSTnmkKka6ESMNVxwInBawRXrFBwEBs/bf106adLvxZ2Y1gdM8UUbMaPbMpoznhKB0pmPO3WErbbFCPBS5EnJDTv78tQFzrw3v+B9cHPV0+83w4WDqwMwb1Lm7Bbw7/H9e89/j7BC6zplJxNEmSnLippHQQdpHXM324WHzvPl00gncxTsL4bhNhIUeTrQvJ9ZDOzFJycHl0EVhdFVmcoaqrC+57d7Pt2X9j72YxsZpYO+2ftPpyEPasz1D/GVuDWKpETBZ2Nbxim58gAAgAA[0m
[8mha:AAABTR+LCAAAAAAAAACFj8FKxDAQhsdqtXjUmyCsiHprq6yi7GntbkWte7AgyOIhtrGudJOapFIQfB4P+jK+gadFxHcwaZoV8eDkkI/J/8/8efkCmzPYvC1TTolb5GU2ItxFhI8SmlPmdiUFigZUYNA1Y4EVgVMLzlAhYCvSfq/xe1O/N/VLYSeCuRQJJGApukMPyMsRybxYsBHJOhWDlSZFQgmnOXYDff/eDFUhA2/8H1gu/Hx26PtlPLFgdgj2dVaHXR7+XS5fb9TrPTzBvExJ0BgrtqqiZMbhKofbOF7fLiYfq49HdSCZzBGwsN4O1FEUhr4sRb6vWPcMtff2dw7bRheGRqcprKtU+x0z2ffNvKD3M1mx7hna7h8081Qn6Bmdpv6uOgLsSmA2FrA2POkPTo8H8VXrHCeUpfJnLYG5aDHMy1zwxW9i5kciIAIAAA==[0m[JENKINS] Recording test results
[8mha:AAABPh+LCAAAAAAAAABb85aBtbiIQS2jNKU4P0+vIKc0PTOvWC8xrzgzOT8nv0jPEchyBrH88ktSGSCAkYmByYeBA6zAN7GghEHdB6JfH6pfH65fH64fqNDah4ElJbEksYRByCcrsSxRPycxL10/uKQoMy/duqKIQQrqiuT8vOL8nFQ9ZwiNajNDRQHQwaqEHQy08PUKjvyHkcHPmRiYoxlYk9LBjhWOxrQcKJsGki1kqGNgA7oyLzE3FcRmqigoLYLp0APp0IPqWHsp7PlL2Wp3sIOALuMoYWBXNnEGQRDLzc0ACEAsAwMQGyIGY5mYWRg5mcDUubnB1EFYbmBQCrKfA2aygQHMPGcXhMkgNkQMxjJ0tYSaBxJxdoGpg7BcTUGwhIG1oiS1KLeEISDa08/NP1ZBl0qACwBzBPd0TwIAAA==[0m[INFO] ------------------------------------------------------------------------
[8mha:AAABRx+LCAAAAAAAAACFjsFKxDAQhsdqtXjUiwjCgqi3tkoVdU/a3YhQV7AgSPEQu7WutElNU6kIPo8HfRnfwNMi4juYNM2KeHDmkI/J/8/8L19glgzWb6phSYldZFU6IqWNSTmKaUaZfSDIlzSgPAFVUwYYAViN4AQXHDYC5XdavzPxOxO/EHYDmBlijjksBLf4HjsZJqkTcjYiabdmsNymiCkpaZbYvnp/X4a6EIHX/g8sDn4+W/T9IhwbMB2BeZU2YRejv8fF77X8vYMnmBUpCc4TyUZdVEw7bOmwW8fr2/n4Y+XxqAkkklkc5lY9X7YkhFxRklxXsppp8nZ2tw49rUNI6xShpip539KbXVfv83s/myWrmabN/l67T078ntYp6m/L5mDWPGE5h6XoeIBOLztnCY45ZZ2wynPMHvbnvwEz5azBFwIAAA==[0m[INFO] Reactor Summary:
[8mha:AAABOR+LCAAAAAAAAACFjsFKxDAQhsdqtXjUmyAIot7SKlWUPbndrQh1PSwIUjzE3Vor3aSmqRQEn8eDvoxv4GkR8R3MNM2KeHDmkI/J/8/8L19glwK2b6txyRkp8irNWEkoK7MRz7kgx4oCpAGXCeias8CKwGkEZ7SQsBNpv9v63ZnfnfmVsBPBwphKKmEluqMP1M0pS92hFBlLO7WAtTbFiLOS5wkJ9Pv7MtSFCrz1f2B18PPZ4e+Xw6kF8zHY12kTdjX+e1z93uDvPTzBokrJ6CRBtuqiEsZB0EFax+vbxfRj/fGkCaSSORKWNv0AGykMPVVInoesZ4b8g8O9rm90YWh0msKmKrzvmM2eZ/YFvZ/NyHpmaLd/1O7DSdAzOk39fWwJdi0TMZHgxKeD8PxqY/kbaqkK+wcCAAA=[0m[INFO] 
[8mha:AAABVB+LCAAAAAAAAACNjs9Kw0AQxsdoNXjUmyAERL1tYqj/8KTbRoS0FYKChB7WNqaVdDcmGwkIPo8HfRnfwFMR8R3czWYr4kFnDvtj9vtmvudPaOQZbI2KYc4oSpMiHtMcEZqPByxhGToWhCV1GY9A1ZwBhg9mJeiQlMO2r/x27bdnfnvmF8IjHxaGhBMOK/4tuSd2QmhsBzwb0/iozGCtTjFgNGdJhLB6f16GMhWBN/8OLA5+PJns7SqYGjAfQuM6rsKuhr+Pi98b+XsHj7AoUlIyiSQbZVpk2oGkA9WOl9fL6fv6w2kVSCQzOSxtNLFsSZ7niJLkOJLVTFNz78A9aWqd52mdIq+qQt439WbH0ftw63uzZDXTtNM+rPfJCW5pnaL2rmwOjZJH2YSDH551vV7fCiKSDUbWea9joX+WFVxg3A4CK3TRvuvm/eUv+0QJVEsCAAA=[0m[INFO] Search POM ........................................ SUCCESS [2.722s]
[8mha:AAABVB+LCAAAAAAAAACVjsFKw0AQhsdoNXjUmyAERL1t0lJLtSfdNiLE9hAUJPSwtjGtpEnc3UhA8Hk86Mv4Bp6KiO/gbjZbEQ/izGE/Zv9/5n/+hBqjsDfJxyxNUBbn0TRhiCRsOkrjlKJjQVhSP+UhqFoywPDALAXnJOOw7ym/Xfnthd9e+IWw48HKmHDCYcO7JffEjkkS2T6n0yTqFBS2qhSjNGFpHCKs3p+XochE4N2/A4uDH09m+nblzw1YDqB2HZVhN4Pfx8Xvjfy9g0dYFSkTMgslG0WWU+1A0oEqx8vr5fx9++G0DCSSmRzWdppYtiTXdURJchzJaqap2Wo3Tppa57pap8gtK5f3Tb3ZcfQ+3P3eLFnNNNV7h9U+OcFdrVPUO5DNoVbwkM44DIKzvjsYWiwkdDSx0D/K8i8w7vm+FdSPGg3ktNpsuP4FxBJE0E4CAAA=[0m[INFO] search ............................................ SUCCESS [1:22.068s]
[8mha:AAABUh+LCAAAAAAAAACNjsFKw0AQhsdoNXjUmyAERL1toqZF8aRpI0Ksh6AgoYdtGmMl3Y2bjQQEn8eDvoxv4KmI+A7uZrMV8aAzh/2Y/f+Z//kTWgWDrZtyVFCC8qxMx6RAmBTjmGaUoSNBnqQ+5QmomjPACMCsBWc457AdKL/d+O2Z3575hfAwgIUR5pjDSnCL77GdYZLaIWdjkh5WDNaaFDElBc0S5Kn352WochF48+/A4uDHk0nfrsKpAfMRtIZpHXY1+n1c/F7L3zt4hEWRkuBJItmo8pJpB5IO1DheXi+n7+sPJ3UgkczksLTherIl+b4jSpLjSFYzTW5nf/fY1Trf1zpFfl2lvG/qzY6j93nd782S1UzTTu+g2ScnXlfrFPXasjm0Kp6wCYcgOu375wMrLuNyMkyYhf5dVnjheb0wtCIXddp7xWD5C0uwHYlLAgAA[0m[INFO] cucumber .......................................... SUCCESS [4.653s]
[8mha:AAABPh+LCAAAAAAAAABb85aBtbiIQS2jNKU4P0+vIKc0PTOvWC8xrzgzOT8nv0jPEchyBrH88ktSGSCAkYmByYeBA6zAN7GghEHdB6JfH6pfH65fH64fqNDah4ElJbEksYRByCcrsSxRPycxL10/uKQoMy/duqKIQQrqiuT8vOL8nFQ9ZwiNajNDRQHQwaqEHQy08PUKjvyHkcHPmRiYoxlYk9LBjhWOxrQcKJsGki1kqGNgA7oyLzE3FcRmqigoLYLp0APp0IPqWHsp7PlL2Wp3sIOALuMoYWBXNnEGQRDLzc0ACEAsAwMQGyIGY5mYWRg5mcDUubnB1EFYbmBQCrKfA2aygQHMPGcXhMkgNkQMxjJ0tYSaBxJxdoGpg7BcTUGwhIG1oiS1KLeEISDa08/NP1ZBl0qACwBzBPd0TwIAAA==[0m[INFO] ------------------------------------------------------------------------
[8mha:AAABRh+LCAAAAAAAAACFjsFKw0AQhsdoNHhUvAhCQdRbEiWK0pPdJFKI9RAqSPCwtjFG0t002UhA8Hk86Mv4Bp6KiO/gbjZbEQ/OHPZj9v9n/pcv0MsCdu+qcUmJmWdVkpLSxKRMRzSjhXnKCQkaUBaDrAUNtACMRnCOcwZ7gfRbrd+a+625nwu7ASyNMcMM1oJ7/ICtDJPEClmRkqRbF7DZphhRUtIsNpF8f1+GOueBd/4PzA9+Phv0/SqcabAYgX6TNGHXo7/H+e+t+J3CEyzzlARPYsFanVeFcpjCYbaO17fL2cfW41kTiCczGKxsO0i0IN+3eQmybcFypsg5Oj7oOUrn+0onyW+qEvcNtdm21T7k/mwWLGeK9r2Tdp+YIFfpJHmHohnoNYuLCYONqD/wL647vWE/cDvhECEvDFe/AYw5bAIUAgAA[0m[INFO] BUILD SUCCESS
[8mha:AAABPh+LCAAAAAAAAABb85aBtbiIQS2jNKU4P0+vIKc0PTOvWC8xrzgzOT8nv0jPEchyBrH88ktSGSCAkYmByYeBA6zAN7GghEHdB6JfH6pfH65fH64fqNDah4ElJbEksYRByCcrsSxRPycxL10/uKQoMy/duqKIQQrqiuT8vOL8nFQ9ZwiNajNDRQHQwaqEHQy08PUKjvyHkcHPmRiYoxlYk9LBjhWOxrQcKJsGki1kqGNgA7oyLzE3FcRmqigoLYLp0APp0IPqWHsp7PlL2Wp3sIOALuMoYWBXNnEGQRDLzc0ACEAsAwMQGyIGY5mYWRg5mcDUubnB1EFYbmBQCrKfA2aygQHMPGcXhMkgNkQMxjJ0tYSaBxJxdoGpg7BcTUGwhIG1oiS1KLeEISDa08/NP1ZBl0qACwBzBPd0TwIAAA==[0m[INFO] ------------------------------------------------------------------------
[8mha:AAABTB+LCAAAAAAAAACFjsFKw0AQhsdoNHjUm1AoiHrbJBqrtidNGxFiPVQECR7WNsZIshuTjQQEn8eDvoxv4KmI+A7uZrMV8eDMYT9m/3/mf/kCvchh87acFJSgLCmjmBQIkyIe04Tm6JCTK2hIWQiy5jTQfDBqwSnOGGz50m82fnPmN2d+Luz5sDDBDDNY8e/wAzYTTCJzxPKYRL0qh7UmxZiSgiYhcuX7+zJUGQ+88X9gfvDz2aDvl6OpBvMB6NdRHXY1+Huc/96I33t4gkWekuA0FKxVWZkrBxIO1Dhe3y6mH63H4zoQT2YwWFp3XNGCPM/iJciyBMuZIqezv33kKJ3nKZ0kr65S3DfUZstS+9z+z2bBcqbIHhw0+8TE7SudpMGuaAZ6xcI8ZdAKTobe2VX7nDKctFmcht223d2xkL3XKZa/AV+d1KccAgAA[0m[INFO] Total time: 1:30.176s
[8mha:AAABXB+LCAAAAAAAAACFjs9Kw0AQxsdoNXjUmyAsiHpLNjUt2p5q2hUh1kP9gxQPaxvTSLqJyUYCgs/jQV/GN/BURHwHd5NsRTw4c9gfs9838718QS1NYGeSjdOIGXGY+QFLDcrSYBSFUWJ0BDmS+hH3oKwFDTQX9EJwQmMOu27pNyu/Ofebc78Qtl1YGlNOOay5d/SBmiFlvjngScD8dp7ARpViFLE0Cj3DKd/flyGPReDt/wOLg5/PevR+NZhpsDiE2o1fhF0f/j0ufm/l7z08wbJIyejUk6zlcZYohyEdRuV4fbuYfWw+HhWBRDKdw8qW7ciWRAgWJQljyeVMkd3crx/aSkeI0pVEisrkfV1txljtc7o/myWXM0VW76DaJydOV+lK6jVkc6jl3EumHKzhcZ+cXiMSsCCdeGNEeQtdircTJ8jCyGq26o2WjdH5mYPq2Npb/QabV+3JMAIAAA==[0m[INFO] Finished at: Wed Apr 10 16:25:40 UTC 2013
[8mha:AAABTR+LCAAAAAAAAACFjsFKw0AQhsdoNXjUm6AERL0lqbSltSdNuyIk9VAQpHhY2xgj6W662UhE8Hk86Mv4Bp6KiO/gbjZbEQ/OHPZj9v9n/pcvqGUM9m/zSUaJnSZ5FJPMxiSLxzShzD4W5EkaUB6CqiUDDB/MUhDglMOBr/xO5XcWfmfhF8KuDysTzDGHDf8O32MnwSRyhpzFJOoWDLaqFGNKMpqEtqfe35ehSEXgvf8Di4OfzyZ9vxzODVgeQe06KsNujv4eF7838ncGT7AqUhI8DSUbRZoz7bClw64cr28X84/tx9MykEhmcljbbXiyJSHkipLkupLVTFOj1T48aWgdQlqnCJWVy/um3uy6ep/X+9ksWc001fudap+ceD2tU9RvyuZQK3jIphx2RmcDdH5loZjgxArCKWUPR1azFTiddj1Y/wZNLNUTHQIAAA==[0m[INFO] Final Memory: 56M/981M
[8mha:AAABPh+LCAAAAAAAAABb85aBtbiIQS2jNKU4P0+vIKc0PTOvWC8xrzgzOT8nv0jPEchyBrH88ktSGSCAkYmByYeBA6zAN7GghEHdB6JfH6pfH65fH64fqNDah4ElJbEksYRByCcrsSxRPycxL10/uKQoMy/duqKIQQrqiuT8vOL8nFQ9ZwiNajNDRQHQwaqEHQy08PUKjvyHkcHPmRiYoxlYk9LBjhWOxrQcKJsGki1kqGNgA7oyLzE3FcRmqigoLYLp0APp0IPqWHsp7PlL2Wp3sIOALuMoYWBXNnEGQRDLzc0ACEAsAwMQGyIGY5mYWRg5mcDUubnB1EFYbmBQCrKfA2aygQHMPGcXhMkgNkQMxjJ0tYSaBxJxdoGpg7BcTUGwhIG1oiS1KLeEISDa08/NP1ZBl0qACwBzBPd0TwIAAA==[0m[INFO] ------------------------------------------------------------------------
[8mha:AAABxh+LCAAAAAAAAACNUdFO2zAUNYVCtUf2NgmpEoM9xXa6gEA8daEBRilIYZOmakJOakpKYgfbKZGQ+J49wM/wBzyhaeIfsJOmaOoDXD/46N5zzj2W755BXQqwfpENJGcwjbNhxCQkTEYhj7mAbY1cg3pcUVDWXA3UuqBREI5IqsCXbqlHEz2a6tFUr4k7XbAwIIoosNwdkTFBMWFD5CsRseFOLsCnSYqQM8ljCt3y/n8zyFMdeO3twHrhvz8N/vjLf6qB+T6oB8Mi7Mf+7HI9PTfTK3ALFnVKRhJqcC1PM1EpoFHAieL+4efT35WbvSKQTtZQYGnVcc0xyPOwLoMwNrjsVcjZ3Gp9cyqe51W8EnlFZWZ/o3LGuPJzd1+dDS57FbI72xM/03F3K16JOhvmKFDPFRWJmlvuf+/0Dg96/u9mW4QX0Vi/rInGRKA4CtCIskvzmSMeSHTqU6IpP1ikFJUKXXNxKVMSUhRmYZYEVKCUJzBP4qbi7/RI+CCLqUShFgoSln6QpNHnqWeQRfFAoha2v1rYsWx8Zm9aLcfCLUSKxHRW/ZoIQxvis2DDtvxe+8TfPz6dzqzZGdQP+PACrHpmAREDAAA=[0m[JENKINS] Archiving /var/lib/jenkins/jobs/TSearchUnittest/workspace/cucumber/pom.xml to /var/lib/jenkins/jobs/TSearchUnittest/modules/com.rackspace.api$cucumber/builds/2013-04-10_16-24-02/archive/com.rackspace.api/cucumber/0.1.0_b51-SNAPSHOT/cucumber-0.1.0_b51-SNAPSHOT.pom
[8mha:AAABxh+LCAAAAAAAAACNUd1O2zAYNWWFiptJ7G4SUiVgu4rtdAGBuCppAxtdNymANFUTclJTUhI72E6JhLTn4WJ7Gd5gVxWa9g6zk4Yf9WJ8vvDR951zvmP5519QlwK8u8iGkjOYxtkoYhISJqOQx1zAtkauQX2uKChroQZqPdAoCJ9JqsD7XqlHMz160KMHvSbu9cCrIVFEgdXemEwIigkbIV+JiI32cgHezlKEnEkeU+iW9/PNIE914M3/B9YL/9w2+O9v/rQGFgegHoyKsG8G88v19NxMr8APsKRTMpJQg2t5molKAY0CzhS/7k6n92s3B0UgnayhwPK645pjkOdhXQZhbHDZq5CzvdPadyqe51W8EnlFZWZ/o3LGuPJzO4/OBpe9Ctnd3Zmf6bidilei7pY5CtRzRUWiFl4PPnX7Rx/7/vdmW4QX0US/rIkmRKA4CtCYskvzmWMeSHTsU6IpJyxSikqFrrm4lCkJKUp5AvMkbir+QmnCh1lMJQq1UJCwtIEkjTZkQbS0IwqyKB5K1ML2Bws7lo3P7G2r5Vi4hUgRlc7r0RM9hjbEZ8GWbfn99lf/8Mvxk6k1P4W6vfIPYZo1Fw4DAAA=[0m[JENKINS] Archiving /var/lib/jenkins/jobs/TSearchUnittest/workspace/pom.xml to /var/lib/jenkins/jobs/TSearchUnittest/modules/com.rackspace.api$search-pom/builds/2013-04-10_16-24-02/archive/com.rackspace.api/search-pom/0.1.0_b51-SNAPSHOT/search-pom-0.1.0_b51-SNAPSHOT.pom
[8mha:AAABxx+LCAAAAAAAAACNUd1O2zAYNWUd1XYHd0iTKgHbVWynBATiqgsNbOu6SWGTpgohJzXFJbEz2ymRkPY8XMDL7A12haZp7zA7P0xTL9jnCx993znnO5Zvf4O2kuDlRT5RgsMsyaeMK0i4YrFIhIR9g3yLRkJTUNVSC7SGoFMS3pNMg1fDSo9qPXrQowe9IR4MwZMJ0USD1eGMzAlKCJ+iUEvGpweFBOt1ilhwJRIK/er+dzMoMhN46/HAZuGvm4748SW8b4HlMWhH0zLs2nhxuZme2+lX8A08NSk5SanFrSLLZaOAVgFrxd33z/c/X1wflYFMso4GKxueb49FQYBNWYSxxVWvQd7uXu+11/CCoOFVKCgrt/s7jTPGjZ9/+NfZ4qrXIHewX/vZjn/Y8Co02LFHg3ahqUz10vPx28Ho3ZtReNrty/iCzc3LumhOJEpYhGaUX9rPnIlIoZOQEkP5xJnWVGl0JeSlykhMkaJyzsydiRQWadLV4j8tUjHJE6pQbISSxJUdJBnbVCURRTlLJgr1sLvtYM9x8Zm76/Q8B/cQKePSRS2qtRi6EJ9FO64Tjvofw+MPJ/XEWZxAE/3ZHwpJ/BYKAwAA[0m[JENKINS] Archiving /var/lib/jenkins/jobs/TSearchUnittest/workspace/service/pom.xml to /var/lib/jenkins/jobs/TSearchUnittest/modules/com.rackspace.api$search/builds/2013-04-10_16-24-02/archive/com.rackspace.api/search/0.1.0_b51-SNAPSHOT/search-0.1.0_b51-SNAPSHOT.pom
[8mha:AAABUx+LCAAAAAAAAACFkUFLwzAUx5/VafGoN0EoiHpLq0xRdnLdKkj1MlBkp9h1XbVLappKQfDzeNAv4zfwNET8DuY1zUQ8mBz64+X/f++f9OULWoWAnUk5KjgjeVYmKSsIZUUa8YwLcqLIR7rgMga9FiywQrBrwTnNJeyG2u82fnfud+d+JeyEsDSikkpYC2/pA3UzyhJ3IEXKkk4lYKNJEXFW8Cwmvv7+ngxVrgJv/x9YDfx8tvn79WBmweIQWjdJHXZ9+He4Oh3j6T08wbJKyeg0RraqvBTGQdBBGsfr2+XsY/PxtA6kktkSVrbaPm6kIPDUQvI8ZF0z1D482u+2jS4IjE5TUK8S59ums+eZfn7vpzOyrhna6x83/bDi94xOU/8At4RWJWMxlUCuaCrVbZwxF85ZzO7UUzqSO+OUpcXEUQ+axVEtwN+2+g0wYBqzLQIAAA==[0mWaiting for Jenkins to finish collecting data
[8mha:AAABPR+LCAAAAAAAAACFjsFKxDAQhsdqtXgSvQmCIOotrVJF2dPa3XqpXhYE2VNsa7fSTWKSSkHweTzoy/gGnhYR38GkaVbEgzOHfEz+f+Z/+QJXcNib1JmgBLGqLkoiECaiTGlFOeorijRdUpmDqQUHnAS8VnCBmYT9xPj9zu/P/f7cr4S9BJYyLLGE9eQOP2C/wqTwR5KXpOg1HDa7FCklglY5isz7+zI0TAXe/T+wOvj57NH369HMgcUxuDdFG3Zj/Pe4+r3Vv/fwBMsqJcHTXLPTsJpbB9IO1Dle365mH1uP520glcyTsLITRro1xXGgSlMQaDYzS+HxyeFZaHVxbHWG4rZqfd+zm4PA7osGP5s1m5mlg+Fpt09PooHVGRoe6ZbgNjLnUwlr6QQTklfbQlLG8mz1Gz4JNyQPAgAA[0mchannel stopped
[8mha:AAACKh+LCAAAAAAAAACFj8tu00AUhqeBQMQSdlRIliouUqTYTZ3iUHURXxvHuWG7kGQ1SRzbqTN27LFxjMTzsICX4Q1YVQjxDnjiuAix4J/FfDpz/nP++fILVKMQvHDiZeSjRuDFtouiBkSRu/A9P2x0chIIDXxsgUJHFVDRQG3f0IcBBi+1wk8f/PSdn77z540XGri/hBhi8FhbwwTSHkQ2rePQRfZFGoKnhxQLH0W+ZzWE4v57M0iDPPDz/wfOF/78XPO/T/TbCrg3A9W5vQ/7ZPbv8vx1RV634BN4kKdEcGMRrqRBHJaOBnE0Do6v365vfzz7qOwD5clqGDw8YQVyCMkyk4sQwxAuaiWx51yTZ8s+WS77CpL3isn+WjmZYcp5gvhnMuGiVtKp1D7MIxVBLPsKklrkYFBNsRVu8NErI3Rt2yIfoiCFrA/UPHa9JeWvqOMZt3Hgm06uLV/XhE4pfs61II/nbndsKOtBz2RHDJcMjXoyFDl0veDORjvzND0f7rqa6atZP2nu6rSqmnzHcacKb29dx7lhBvq6J77L3s/P3i49jTf1iaLecAoOMjMZ6brIc0oL91zEd5XutB6lmirR00xKrow2q/bcTEsZeM6n5matDM2Bv7yKNLuzSyV7MqVhxqmj5pgdGJIfj/u43eNaqtantUxCqmiygequxoKuxGyXGZM/XV4ez5iNoVswXDhyjBbY9RH0DCvCEXXSev3oN08gwgQnAwAA[0mTriggering a new build of [8mha:AAAAqB+LCAAAAAAAAABb85aBtbiIQTGjNKU4P08vOT+vOD8nVc83PyU1x6OyILUoJzMv2y+/JJUBAhiZGBgqihhk0NSjKDWzXb3RdlLBUSYGJk8GtpzUvPSSDB8G5tKinBIGIZ+sxLJE/ZzEvHT94JKizLx0a6BxUmjGOUNodHsLgAyxEgYZ/az8JP2Q4NTEouQMt9K85JLM/LzEnJDU4pJifQCSGu4I0QAAAA==[0mTSearchFunctionalTests #57
[8mha:AAABQB+LCAAAAAAAAACFkcFKxDAQhsfqavGoN0EQRL2lVaqoe9Js46V6KQqyp7it3Uo3qU0qBcHn8aAv4xt4WkR8B5OmWREPTg75mPz/zA95+YKeqGB7XCeCM1QWdZYzgSgT+YgXvEInirCmCy5TMDXngBOB2wrOaSlhJzJ+r/N7M7838ythP4KFhEoqYSW6ow/UKyjLvFhWOcv6TQVrXYoRZ4IXKcLm/r0ZmlIF3vo/sFr4+ezy9+t46sD8EHo3WRt2dfh3uXq91a/38ASLKiWjk1Sz05R1ZR1IO1DneH27mn6sP561gVQyV8LSZoD10USIr0qT72s2PUvBweHeaWB1hFidIdJWrfe7drLv23l48DNZs+lZ2g2Punm6gwdWZyjc10dCr5FpNVHfQHKWi3GaHG/ElxiHcbz8DbJs4I8RAgAA[0mFinished: SUCCESS
