[8mha:AAACFh+LCAAAAAAAAACFkU+Pk0AYxmer1caLid7cbNLEqIcmQHdpQ90Tf1q2MNvWpay77WlaEGjLQGEgFBM/jwf9Mn4DTxtj/A4ypawxHnzmwC/vvM/7PhO+/AL1OAKv3cSKA8yEm8TxcMwgHHvLYBNEjFiQTGkUEBuUOqqBGgSNfcMlCgl4A0s/e/Cz93723l80nkPw0EIEEfAMrlCK2A3CDmuQyMPOeRaBF4cUywDHwcZm5PL792aQhUXgV/8PXCz8+bkRfL817mrgwRzUF84+7PP5v8uL2w/0dgs+gUdFSox8m3ItC5OocjDUwRwcX79d3/04+ajuAxXJGgQ8fsnL9FAaDLhClDiOclmriO8KpxJf9Q0GVV9Jg70Sur9RTea4ap6s/JlMuaxV1O73DvNoRVaqvpL6HXoIqGfEjnxy9NQgKCK21VzsmklsR83jueC76K1YKJRaUBYrSQuhgySy8IbvpupqpJv8hBPS8bSVjhUBXy+Fs8nObGfd8W4IzUDLL9PTXYvVNFMSXW+mSs7Wc901NzJWuvI+v1mcXVkbKJnGraqtBZWEuZlODEORBLVDdA9LQ3U4a8UZ1PrsLO+nF9Mer+leDjMOdaXM9Ffq2BwF1kUMHTF3+85MYy3otWXY4wt/G+7MYG30sqEuX+mytL3xZ+JkAiWsjOlrjuecHyeRja0IMSgMUfFnbew9+Q0LAQ6oDgMAAA==[0mStarted by user [8mha:AAAApB+LCAAAAAAAAABb85aBtbiIQTGjNKU4P08vOT+vOD8nVc83PyU1x6OyILUoJzMv2y+/JJUBAhiZGBgqihhk0NSjKDWzXb3RdlLBUSYGJk8GtpzUvPSSDB8G5tKinBIGIZ+sxLJE/ZzEvHT94JKizLx0a6BxUmjGOUNodHsLgAzhEgZJ/dLi1CL94tKi1LyUokS9xIKCRKCBqXmZAPPLBnDOAAAA[0msurendra.appalaneni
[8mha:AAABbB+LCAAAAAAAAACFkc1Kw0AUha/RanCpO0EIiLoyE6WK0pVNGzdRihVBupqm0zRtOhNnJjUg+Dwu9GV8A1dFxHdwJj8VceGdRT7unHPvGfLyBTXBYW+UDgSjdhKnYUSFjamIAhYzbp8rcjVdMUmgqCUDDB/MXHCJEwn7fuFHpR8t/GjhV8KGDysDLLGEDX+MZxjFmIaoK3lEw0bGYatMETAqWExst/j+3gxZogLv/h9YLfx8Ntn7XXduwHIPav0wD7vZ+7tc3Q717T08wapKSfGUaDayJOWVw9YOu3S8vt3OP7YfL/JAKpkpYW2n7uqjyfMcVZocR3PRq6h+cnrUrFc6z6t0BXl5pXq/WU12nGqe2/qZrLnoVXTYPivn6Y7bqnQFtY/1kVDLJOFTCZ1mGsUD9RwrotYD4xOR4IBYaIY5iqM+GhM60b9zzPoC3XQJ5sHIOrA6hA8Zn1rXJCZYELRwrn8D7ghZGU8CAAA=[0mBuilding in workspace /var/lib/jenkins/jobs/TSearch - Perform Release/workspace
[8mha:AAABhh+LCAAAAAAAAACFkc1Kw0AUha/VanCpO0EIiLpqJpW0qN2oaeMmilgRpKtJOv1NZ+Jk0gYEn8eFvoxv4KqI+A7O5KdFXHhnkY8759x7yLx+QznicDCIuxGjRhjE/SGNDEyjoc8Cxo1zSbaiayYIZLVSgpILWiq4wqGAQzfzo9yPFn608Ethw4W1LhZYwJY7wlOMAkz7qC34kPYbCYedPIXPaMQCYtjZ9/dmSEIZeP//wHLh14vGPh7a8xKsdqDs9dOw252/y+VtT90+wjOsy5QUT4jiUhLGvHAYymHkjrf3+/nn7tNlGkgm0wRs7Fm2Ooocx5SlyDQVZ72CrPrx0YVV6Byn0GXkpBWr/Vox2TSLeXZzOVlx1iuo2jrJ56mO3Sx0GbVq6ggoJ4LwiYCZPSD+mMXidMb4OAqxT3SkoynmKBh6aEToWL3miHkRumsTzP2BXtFvCO8xPtFvSUBwRNDSW9HzZ+FkwoT8TYbLfBzYA0wpCc6qVterHdfrmz/hpJr1dgIAAA==[0mCheckout:workspace / /var/lib/jenkins/jobs/TSearch - Perform Release/workspace - hudson.remoting.LocalChannel@14db5866
[8mha:AAABRR+LCAAAAAAAAACFj8FKxDAQhsdqtXjUiwjCgqi3tEoVdU9ru/VSvSwKsqe4m60r3aQmqVQEn8eDvoxv4GkR8R1MmmZFPDg55GPy/zN/Xr7AFRy2b8qhYBQVeZmNqUCYivGA5YyjjqJI0zmTBEzNOeCk4NWCM1xI2EmN32/8/szvz/xK2E5hYYgllrCS3uJ77OeYZn5P8jHN2hWH9SbFgFHBcoIic//eDFWhAm/9H1gt/Hz22PtVb+rAfB/c66wOu9r/u1y9jvTrHTzBokpJ8YRodqqi5NaBtAM1jte3y+nHxuNpHUgl8yQsbYaRPpqSJFClKQg0m56l8OBw7yS0uiSxOkNJXaXe79nJQWDnRfHPZM2mZ2m3e9TM050otjpD3X19JLiVJHwiYe1CqL+0hORYkuzhuBWTES5zufwNzjSVeRcCAAA=[0mUsing strategy: Default
[8mha:AAABdB+LCAAAAAAAAACFkctKw0AUho/RanCpO0EIiLdNkqZp2tiVTRs30YWCIl1NLo2RNBMnkxIQfB4X+jK+gasi4js4k0tFXHhmMR9nzv+fH+blC1oZgYO73M9wIqdxHkZJJqMkizwcYyKfMrI4XWAaQFUrAggOiOXAOUopHDqVXqn1ylKvLPVscODAmo8oorDl3KM5UmKUhMoVJVESDgoCO3UKDycZjgPZqu7fm6FIWeD9/wOzhZ/PIn6/vVoIsDqBlhuWYbcnf5ez1yl/fYAnWGcpEzQLOAtFmpNGIXOFXCte364XH7uPZ2UglkyksLGnW/xwsm2VFSdV5Vz1GtKNvjbUmznbbuYqssvK+X6xcVbVxs8a/ThzrnoNtcdm7cc71qiZq2jc5YdCq6ABmVG4cVBGpWEexVS6DOZRFuHkZEmSZri+qbnuFE11ZBiG3+2gvql1eqjX1k3PNTRP7ZmmKR1hErFvUGbMLiDHm99/ssyBVgIAAA==[0mLast Built Revision: Revision 26bd92bbfaf4a666d53a89237a7149cb62c07999 (origin/master)
[8mha:AAABRx+LCAAAAAAAAACFj8FKxDAQhsdqtXjUmygURL2lVaooe1q7Wy/Vy4Iie4rdbq12k5qkWhB8Hg/6Mr6Bp0XEdzBpmhXx4OSQj8n/z/x5+QKbM9i+rkacElQWVZYTjjDheUILylBXUqjojIoUdM1ZYMXgNIJTXArYibXfa/3ezO/N/FLYiWFhhAUWsBLf4HvsFZhk3kCwnGSdmsFamyKhhNMiRaG+f2+GupSBt/4PLBd+Pjv0/XIwtWB+CPZV1oRdHf5dLl/H6vUOnmBRpiR4kiq26rJixoGUA7WO17fz6cfG40kTSCZzBCxtBqE6iqLIl6XI9xXrnqHg4HDvODC6KDI6TVFTldrvmMm+b+aFvZ/JinXP0G7/qJ2nOmHP6DT199URYNciZRMB6xd5KT/j0kq4D5Td8hInqTvOGRdo+RuPvx88GwIAAA==[0mWiping out workspace first.
[8mha:AAABSh+LCAAAAAAAAACFkMFKxDAQhsdqtXjUmyAsinpLq1RR9qTZ7V6qlwVB9hR3Y7fSJjVNpSL4PB70ZXwDT4uI72DSNCviwcmhH5P/n/nTly9wSwG702pScoaKrEpSViLCynTMMy7QqSKs6YJLCqYWHHBi8BrBOSkk7MXG77d+f+73534l7MawNCGSSFiLb8k98TPCEn8oRcqSbi1go00x5qzkGUXYfH9vhrpQgXf+D6wWfj57/P1qOHNgcQTuddKEXR/9Xa5ub/TtHTzBskrJSE41O3VRCetA2oFax+vb5exj83HQBFLJPAkr2yHWR1MUBao0BYFm07MUHh0fnIVWF0VWZyhqqtL7PTs5COw83PuZrNn0LO33T9p5uoN7Vmeof6iPBLeWVOQStnDGmXpNR05pR9Bc/ejOIJUKC16mkouH1W/FYWJZIQIAAA==[0mCloning the remote Git repository
[8mha:AAABWx+LCAAAAAAAAACFkc9KxDAQxsfqavGoN0FYEPWWVln/7kXtbr1ULwuC7Cnbjd1qN+kmqVQEn8eDvoxv4GkR8R1MmmZFPDih5MfMfDNf6MsXNASHrVExFIyiPCuSlAqEqUhjljGOThUFmi6ZJGBizgEnArdquMC5hO3I6L1a78303kyvGtsRLAyxxBJWolt8j70M08TrSZ7SpF1yWKtdxIwKlhEUmPv3ZihzZXjzf8Nq4eezy96ve1MH5vvQGCSV2dX+3+WqeqOrE3iCReWS4jHR7JR5wa0CaQWqFa9vV9OP9cfzypBy5kpY2mgF+mgKQ1+FJt/XbHKWWvuHu2ct2xeGts9QWEWh97t2su/beUHnZ7Jmk7O00z2q5+lM0LF9hrp7+kholJLwsYSDIGNUvabJSc5EKhl/aCapPFHfqBio/zA+5ji+EzmOiScI5vEIqdryN5TOt5w2AgAA[0mCloning repository git@github.com:rackspace/search.git
[8mha:AAABPR+LCAAAAAAAAACFjsFKw0AQhsdoNXjwoDdBEEQ9dRMlitJTTRsv0UtBkJ7WNsZIuht3NyUg+Dwe9GV8A09FxHdwJ5utiAdnDvsx+/8z/8sXtKSAvbtyLDkjRV6mGZOEMpmNeM4F6WoKkS65SsDUggNODG4tuKCFgv3Y+L3G78393tyvhZ0YlsZUUQXr8T2dUi+nLPUGSmQs7VQCNpsUI84kzxMSmvf3ZagKHXj3/8D64Oezy9+vBzMHFofQuknrsBvDv8f17y3+PsATLOuUjE4SZKcqSmEdBB2kcby+Xc0+th7P60A6matgZScIsZGiyNeF5PvIZmYpOD45PAusLoqszlBUV4n3XbvZ9+2+sPezGdnMLB30T5t9OAl7Vmeof4StoFWpREwUrKWZ2m63p4mQGWer3w64/sgNAgAA[0mgit --version
[8mha:AAABQR+LCAAAAAAAAACFjs9Kw0AQxsdoNHhUT4JQEPW2SST+oydNGy/RS0GQntY2xki6GzebEhB8Hg/6Mr6BpyLiO7iTzVbEgzOH/TH7fTPfyxfYpYDdu2pcckaKvEozVhLKymzEcy7IqaIQ6ZLLBHQtWGDF4DSCC1pI2Iu132397tzvzv1K2I1haUwllbAW39MpdXPKUncgRcbSbi1gs00x4qzkeUJC/f6+DHWhAu/8H1gd/Hx2+Pv1YGbB4hDsm7QJuz78e1z93uLvAzzBskrJ6CRBtuqiEsZB0EFax+vb1exj6/G8CaSSORJWtoMQGymKPFVInoesZ4aCw+P9s8DoosjoNEVNVXjfMZs9z+wLez+bkfXMkN8/affhJOwZnab+AbYEu5aJmEjYSDPZmSaizDjr+OSIBMRf/QbG5e/DEwIAAA==[0mgit version 1.7.4.1
[8mha:AAABTh+LCAAAAAAAAACFkMFKxDAQhsfqavGoN0EoiOutrVJF2ZN2t16qlwVB9hS72bbSJjVJl4Lg83jQl/ENPC0ivoNJ06yIByeHfkz+f+ZPX76gxxn0s3rKKXGrok5zwl1EeJ7QgjL3XFKo6JoKDLpWLLBisFvBFaoEHMTa73V+b+n3ln4pHMSwNkUCCdiK79EceQUiqTcWLCfpoGGw06VIKOG0wG6ov783Q1PJwPv/B5YLP59t+n47XliwOoHeXdqG3Z78XS5vZ+r2AZ5gXaYkqMSKraaqmXG4yuF2jte3m8XH7uNlG0gmswVs7AWhOoqiyJelyPcV656h4OT06CIwuigyOk1RW7Xab5vJvm/mhcOfyYp1z9Dh6Kybpzrh0Og0jY7VEdBrBGalgH6ERZLJ5zh1xQXDqHSSTD4Sc2fGaOlQlsu/u/kN8/xwbyUCAAA=[0mFetching upstream changes from origin
[8mha:AAABQB+LCAAAAAAAAACFkMFKxDAQhsfqavGoN0EQRL2lVaooe3KzWy/Vy4Ige4rdWKvdpCapFgSfx4O+jG/gaRHxHUyaZkU8ODn0Y/L/M3/68gUdKWD7uhpLzlBZVFnOJCJM5ikvuEDHmrChM64o2JrzwEvAbwSnpFSwk1h/0PqDmT+Y+bWwm8DCmCiiYCW5IfckKAjLgqESOcu6tYC1NkXKmeQFRdh+f2+GutSBt/4PrBd+Pvv8/WI49WB+BJ3LrAm7Ovq7XN9emds7eIJFnZKRCTXs1WUlnAMZB2odr2/n04/1x5MmkE7mK1jajLA5huI41GUoDA3bnqPo4HCvFzldHDudpbipyuz33eQwdPNw/2eyYdtztDs4aueZDu47naXBvjkKOrWiYqJ/BS4oYfo5Gw9c3MqSpHT5G/K1b/oSAgAA[0mCleaning workspace
[8mha:AAABQh+LCAAAAAAAAACFj8FKxDAQhsdqtXjUgyAIgqi3tkoVZU9rd+ulenBBkD3F3VhXu0lNUi0IPo8HfRnfwNMi4juYaZoV8eDkkI/J/8/8efkCVwrYui6HkjO/yMtsxKRPmBwNeM6F39YUI51yRcHUjANOCl4tOCGFgu3U+IPGH0z9wdSvha0U5oZEEQVL6Q25J0FOWBb0lBixrFUJWG1SDDiTPKd+bO7fm6EqdODN/wPrhZ/PHn+/6E0cmO2De5nVYZf7f5fr1yt8vYMnmNcpGRlTZKcqSmEdPjr8xvH6dj75WHs8rgPpZJ6ChY0oxoOUJKEupDBENj1L0f7B7lFkdUlidYaSukrc79nJYWjnxZ2fycimZ2mne9jMw07csTpD3T08CtxKUTFWsHJGJVVK/2f9gYtbvJWgdPEbxHseXBYCAAA=[0mResetting working tree
[8mha:AAABdx+LCAAAAAAAAACFkctKw0AUho/RanGpO0EIiLdNkqYxbehK08ZNdGGhIF1NrkaSmZhMSkDweVzoy/gGroqI7+BMLhVx4ZlFPs6c/z//kJcv6OQZHN0VXk6wlMZFGOFcQjiPXBKTTDpnZHK6JtSHutYEEGzoVgNXKKVwbNd6udHLK7280rPBkQ0bHqKIwo59jxZIjhEO5SnNIhyOygz2mhQuwTmJfcmsv783Q5mywIf/B2YLP5+75P12uhRgfQ4dJ6zC7s7/Lme3Ab99gCfYZCkxSnzOQpkWWauQuEJqFK9vs+XH/uNlFYgl61LYOtBMfjhZlsKKk6JwrnstafpQvdDaOctq52qyqir4/m7rrCitnzn+ceZc91rqTYzGj3fMcTtX0+SMHwqdkvpZQmFmkiTxscseJDpFFHsiCcQbfxHlEcGiqjueoTpOgAIN6brunfXR0FD7AzToaYbr6KqrDAzDEE9IFrG/ICcoZ76n29/r/wMUVQIAAA==[0mCommencing build of Revision 26bd92bbfaf4a666d53a89237a7149cb62c07999 (origin/master)
[8mha:AAABcx+LCAAAAAAAAACFkMtKw0AUho/RanCpO0EIiLdNkqZp2tCVpo2bqGBBkK4ml6bRdCYmkxIQfB4X+jK+gasi4js4k4siLjyzyMeZ8//nnzx/QitL4WCW+xnBchLnYYQzGeEs8khMUvmEkcXpgtAAqloRQHBALAfOUULh0Kn0Sq1XvvXKt54NDhxY8xFFFLacW7RASoxwqIxpGuFwUKSwU6fwCM5IHMhW9f29GYqEBd7/PzBb+PEkkreb8VKA1Qm03LAMuz35u5zdTvntPTzCOkuJ0TzgLBRJnjYKmSvkWvHyer183304KwOxZCKFjT3d4oeTbausOKkq56rXkG70tVO9mbPtZq4iu6yc7xcbZ1Vt/KzhjzPnqtdQe2TWfrxjDZu5ikZdfii0ChqkcwqX1izw7thzJJJT6SpYRFlEsKQZrm9qrjtFUx0ZhuF3O6hvap0e6rV103MNzVN7pmlKRySN2O9X5ihjhsebX3BSLVtOAgAA[0mChecking out Revision 26bd92bbfaf4a666d53a89237a7149cb62c07999 (origin/master)
[8mha:AAABQB+LCAAAAAAAAACFkMFKxDAQhsfqavGoN0EQRL2lVaooe3KzWy/Vy4Ige4rdWKvdpCapFgSfx4O+jG/gaRHxHUyaZkU8ODn0Y/L/M3/68gUdKWD7uhpLzlBZVFnOJCJM5ikvuEDHmrChM64o2JrzwEvAbwSnpFSwk1h/0PqDmT+Y+bWwm8DCmCiiYCW5IfckKAjLgqESOcu6tYC1NkXKmeQFRdh+f2+GutSBt/4PrBd+Pvv8/WI49WB+BJ3LrAm7Ovq7XN9emds7eIJFnZKRCTXs1WUlnAMZB2odr2/n04/1x5MmkE7mK1jajLA5huI41GUoDA3bnqPo4HCvFzldHDudpbipyuz33eQwdPNw/2eyYdtztDs4aueZDu47naXBvjkKOrWiYqJ/BS4oYfo5Gw9c3MqSpHT5G/K1b/oSAgAA[0mCleaning workspace
[8mha:AAABQh+LCAAAAAAAAACFj8FKxDAQhsdqtXjUgyAIgqi3tkoVZU9rd+ulenBBkD3F3VhXu0lNUi0IPo8HfRnfwNMi4juYaZoV8eDkkI/J/8/8efkCVwrYui6HkjO/yMtsxKRPmBwNeM6F39YUI51yRcHUjANOCl4tOCGFgu3U+IPGH0z9wdSvha0U5oZEEQVL6Q25J0FOWBb0lBixrFUJWG1SDDiTPKd+bO7fm6EqdODN/wPrhZ/PHn+/6E0cmO2De5nVYZf7f5fr1yt8vYMnmNcpGRlTZKcqSmEdPjr8xvH6dj75WHs8rgPpZJ6ChY0oxoOUJKEupDBENj1L0f7B7lFkdUlidYaSukrc79nJYWjnxZ2fycimZ2mne9jMw07csTpD3T08CtxKUTFWsHJGJVVK/2f9gYtbvJWgdPEbxHseXBYCAAA=[0mResetting working tree
[8mha:AAABPR+LCAAAAAAAAACFj8FKxDAQhsdqtQhe9CYIgqi3tEoVZU/a3Xrp6sKCIHuKu7WudJOapFIQfB4P+jK+gadFxHcw0zQr4sHJIR+T/5/58/IFrhSwc1uOJGekyMtszCShTI6HPOeCnGiKkM65SsHUnANOAl4t6NJCwW5i/H7j92d+f+bXwlYCCyOqqILV5I4+UD+nLPP7SoxZ1qoErDcphpxJnqckMvfvzVAVOvD2/4H1ws9nj79f9acOzA/Avc7qsGuDv8v16w2+3sMTLOqUjE5SZKcqSmEdBB2kcby+XU4/Nh7P6kA6madgaSuM8CDFcaALKQiQTc9SeHi0fxpaXRxbnaG4rhL3e3ZyENh5UftnMrLpWdrrHDfzsBO1rc5Q5wCPArdSqZgoWOlRIfVvNnsXXbn8DbkHMrQMAgAA[0mParsing POMs
[8mha:AAABVR+LCAAAAAAAAACFj8FKxDAQhsfqavGoN0EoiHqRtkoVZU/a3XrpelkQZE+xjW0lm9Q0lYrg83jQl/ENPC0ivoNJ06yIByeHfEz+f+bPyxf0Kg47eZ1WjLolqbOCVi6iVZEwwrh7KilUdMEEBl0LFlgx2K1ghEoBu7H2e53fm/u9uV8K+zEspUggAWvxLbpHHkE088aCFzTrNxw2uhQJoxUj2A31/XszNKUMvP1/YLnw89lm71fjmQWLE+hdZ23Y9cnf5fL1Rr3ewRMsy5QUTbFiqylrbhyucrid4/Xtcvax+XjeBpLJbAErW0GojqIo8mUp8n3FumcoODo+OAuMLoqMTlPUVq3222ay75t54eBnsmLdM7Q/POnmqU44MDpNw0N1BPQagflUgD9iaU1w5SS5/BpO9xyOE0SSmiAhP+mkuMQ0xTR5cDKOynz1G8zd5bIvAgAA[0mModules changed, recalculating dependency graph
[8mha:AAACFB+LCAAAAAAAAACdUl2L1DAUzY6ODj7qmyAU/Hpq0ul0hpldfNjtTkWYLsKArgwimU7sttMm3STtFgV/jw+K/8V/4NMi4n8wadpRERRMHnpyc88956b3w3fQFxw8OCs3glFYZGWcUAExFUnEMsbhoUK+RidMEmDWXg/0FmDQJIS4kODhwvBRy0c7PtrxVeLBAlzdYIkluLlIcYVRhmmMlpInND6oObjduogYFSwj0Dff35VBXSjD9/9tWAl+ez9gX14sL3vgygr013Fj9tbqT3F1+1rfnoN34JpySXFONO7VRck7BtQM2DI+fn52+fXO28eNIeVsIMH1u56vt0ZB4KilkeNobGId8iZT98jr8oKgyzMoaFap9QddZcfp6vnHPytrbGIdGs5nbT0d8Y+7PIPmY70l6NeS8FzufVpdML4VBY7IS+uehQSvkGQsEyjdbIdwAp1XoylaJxTp/i37NBdDx/VyjWrX8aYane6HuH6q6i2TN+SRO56Elh0VFqowR1myRimhWz0T3WzkuCLUNif0fH5kPzkJmsTmYmTjmFBpD6ELU8z3USlUGRbhDGHl84zYhj+CDvTQmjGpCpO6FHaUYSFUP9lG2C70NNtiPIZpRYmE7bwYDdhowLA5hDih1l9lTC+RDu+6uVCRX81zkjOpBkNJu43z/3+AhKq/E5FCMt49gzWezGbjGz8Azcwbk64DAAA=[0m[workspace] $ /srv/tools/jdk1.6.0_38/bin/java -Xms1024m -Xmx2048m -XX:MaxPermSize=256M -cp /var/lib/jenkins/plugins/maven-plugin/WEB-INF/lib/maven3-agent-1.2.jar:/usr/local/apache-maven-3.0.4/boot/plexus-classworlds-2.4.jar org.jvnet.hudson.maven3.agent.Maven3Main /usr/local/apache-maven-3.0.4 /var/cache/jenkins/war/WEB-INF/lib/remoting-2.22.jar /var/lib/jenkins/plugins/maven-plugin/WEB-INF/lib/maven3-interceptor-1.2.jar 56995
[8mha:AAABZR+LCAAAAAAAAACFjsFKw0AQhsdoNXjUmyAURL0lUapYaoWaJqWaRrFFKMXD2sa0Jd2NyUYCgvg4HvQdfAbfwFMR8R3czWYr4sGdw37M/P/M//wFhTiCrWEyiAnWwiDxRzjWEI5HfRKQSKsxMjm5hHog3pwCigNqJmihkMK2I/x67tdnfn3mZ8KKAwsDRBGFFWeM7pAeIOzrbRqNsF9JI1jLU/QJjkngaab4f1+GNGSBN/8PzA5+PqnkvdueKjDfg8K1n4Vd7f09zqY3fHoLD7DIUmI08TgraZhE0qFxh5Y7Xt4upx/r940sEEumUljaKJm8ONm2wR4nw+AsepJK+we7xyWps22pE2RnL+H3VbnZMOQ+s/6zmbPoSdqxyvk+3jHrUifI2uNFoZBSL5pQKB9Wq9XeieWeNt128cJqnXWabqNo1s5rZrPTvWLTo9dHXv0hwtgLijFFEfUGy9+ipMKpOAIAAA==[0m<===[JENKINS REMOTING CAPACITY]===>   channel started
[8mha:AAABfx+LCAAAAAAAAACFkc1Kw0AUha/RanCpO0EIiH+bSZQqaldt2riJXVhQpKtpMk0ryUycmZSA4PO40JfxDVwVEd/BmaZTERfOQPJx55x7D9yXL6gJDnujIhaMojwtkjEVCFMxjljKOGoq8jV1mSRQnSULrBDsmeAK5xL2w8rvzv3uwu8u/ErYCGElxhJL2Ajv8QS7KaaJ25N8TJNGyWFrniJiVLCUIL/6/54MZa4C7/4fWA38fLbZ+11vasFyH2qDZBZ2s/93uHod6tcHeIJVlZLijGi2yrzgxoG0A80dr28304/tx8tZIJXMlrC2U/f11RQEnjqaPE9zVTNUPz07btWNLgiMrqJgdgo93zadPc/089s/nTVXNUNHnfN5P13x20ZXUedEXwm1UhKeSaApS+r3F7fN667TZQ7Oc0JjwoUTsSKNnQFxhqygsfpyR0kTwp0DxhOEcxyNiNpTlqkVoQHBtJDjVOjNTQhXzQVqMbU6TH1TOUTr35yMoNltAgAA[0mlog4j:WARN No appenders could be found for logger (org.apache.commons.beanutils.converters.BooleanConverter).
[8mha:AAABWx+LCAAAAAAAAACFjsFKw0AQhsdqNXjUmyAERL0lUaJUe6pp4yUWsaBIT2u7pinb3bi7kVTB5/GgL+MbeCoivoO7SbYiHpw57Mfs/8/8L19QFxx2RtlQMOqkJIsTKhxERTJghHGnpSjQ1GUSQ1kLNahFYBWCM5RK2I1Kv1v53bnfnfuVsBnB0hBJJGEtGqN75BJEY7cneULjZs5ho0oxYFQwgp2gfH9fhjxVgbf/D6wOfj5b7P26N6vBYh/qN3ERdr3/97j6vdW/d/AEyyolRROsuZanGTcORzucyvH6djn72Hw8LQKpZJaElS0/0K0pDD1VmjxPczkz5B829k98owtDoyspLCrT9y2z2fPMvqD9s1lzOTO01zmq9ulJ0Da6kjoHuiXUc4n5REKDsNgfH1+1Lrr2OcFIYDuhiUwQSR6wLUfYLgS2mAqJJ3bKWYo5mTqr37TuDLo3AgAA[0mlog4j:WARN Please initialize the log4j system properly.
[8mha:AAABwx+LCAAAAAAAAACFUcGO0zAQNYVCxRFuSEiWEHBKHFBBsKs9sGmzly5CdLUS2tMknaZpHdvYTomExPdwgJ/hD5CQVgjxD9h10hXiwPjg55n33rwoX36TodHk0apZGClixZuyEiYGYapCcqnjVw6lHr2WFkmoawMymJHRjnAKypLHs6BnnZ7t9Wyvd8TDGbmxAAuW3JmtYQuMgyjZ3OpKlIetJve6FIUURnKM03D/vZm0ygV++P/AbuGvzyP5/d38ckCuX5BhXu7C3r34d7mbLv30PflEbrqUAmr0eNCqRveK2CviTvH12/nlz/sfT3aBXLKRJbcejFN/PMqyxJVHSeJx6PVo/PzF0+Nxz8uynhdQtqvG7x/1zknS+6WTK2ePQ69HT6YvOz/fSSc9L6DpM38sGbYWdW3Jj2mLRWPd99BT2KI4oDQ6ptGSsi1oxqucrVFs/A9dy9ywszmCLlY0om9QL6Wu6VvkCAbZB6k3RkGBTMk6bmtOdZgcFO4S+5fSqEDj1bvziSZhAraS4kQCN0dB6Dw3UKIjmE2lztBYc2R14xvQWHmO2jjFvMlruWg49sMoB1usItfE238AsV7tyeMCAAA=[0mExecuting Maven:  -B -f /var/lib/jenkins/jobs/TSearch - Perform Release/workspace/pom.xml release:clean release:prepare release:perform -DpreparationGoals=clean package -DskipTests=true -DautoVersionSubmodules=true --batch-mode
[8mha:AAABSx+LCAAAAAAAAACFj8FKxDAQhsdqtXjUmyAURL2lVaooe9LuVoS6HgqCFA+x261duklNUykIPo8HfRnfwNMi4juYNM2KeHByyMfk/2f+vHyBWTHYuatHFSWoLOosJxXCpMoTWlCGTgT5koaUp6BqwQAjBKsVXOCSw26o/E7nd+Z+Z+4Xwl4ISyPMMYe1cIIfsFNgkjkRZznJeg2DjS5FQklFixT56v69GZpSBN7+P7BY+Pls0ffraGbAYgzmbdaGXY//LhevY/l6D0+wLFISPE0lG01ZM+1A0oE6x+vb1exj8/GsDSSSWRxWtjxfHklB4IqS5LqSVU+Td3i0f+ppXRBonaKgrVrut/Rk19Xz/P7PZMmqp2lvcNzNkx2/r3WKBgfycDAbnrIpBzs+HwaXN3aUYELEr+wxZXbJ6CRNeIUQWv0GRZF5QB8CAAA=[0m[INFO] Scanning for projects...
[8mha:AAABPh+LCAAAAAAAAABb85aBtbiIQS2jNKU4P0+vIKc0PTOvWC8xrzgzOT8nv0jPEchyBrH88ktSGSCAkYmByYeBA6zAN7GghEHdB6JfH6pfH65fH64fqNDah4ElJbEksYRByCcrsSxRPycxL10/uKQoMy/duqKIQQrqiuT8vOL8nFQ9ZwiNajNDRQHQwaqEHQy08PUKjvyHkcHPmRiYoxlYk9LBjhWOxrQcKJsGki1kqGNgA7oyLzE3FcRmqigoLYLp0APp0IPqWHsp7PlL2Wp3sIOALuMoYWBXNnEGQRDLzc0ACEAsAwMQGyIGY5mYWRg5mcDUubnB1EFYbmBQCrKfA2aygQHMPGcXhMkgNkQMxjJ0tYSaBxJxdoGpg7BcTUGwhIG1oiS1KLeEISDa08/NP1ZBl0qACwBzBPd0TwIAAA==[0m[INFO] ------------------------------------------------------------------------
[8mha:AAABSh+LCAAAAAAAAACFjsFKxDAQhsdqtXjUmygURL21Vaqoe3K7WxHqLrggSPEQ21or3aSbplIQfB4P+jK+gadFxHcwaZoV8eDMIR+T/5/5X75ALyls31VxSbBV5FWa4dJCuMwikhNqnXDyBA0IS0DWnAZaAEYjOEcFg51A+u3Wb8/89szPhZ0AFmLEEIOV4B49IDtHOLVHjGY47dQU1toUEcElyRPLk+/vy1AXPPDW/4H5wc9ng7xfjaYazIeg36RN2NXw73H+eyt+J/AEizwlRuNEsFYXFVUOSzis1vH6djn92Hg8bQLxZAaDpU3XEy3I9x1eghxHsJwpcg8O97qu0vm+0knym6rEfUNtdhy1z+v9bBYsZ4p2+0ftPjHxekonqb8vmoFes4SOGayHZwN/eG1eJChihJrdKstjc0jjhB4vfwMwchkuGwIAAA==[0m[INFO] Reactor Build Order:
[8mha:AAABOR+LCAAAAAAAAACFjsFKxDAQhsdqtXjUmyAIot7SKlWUPbndrQh1PSwIUjzE3Vor3aSmqRQEn8eDvoxv4GkR8R3MNM2KeHDmkI/J/8/8L19glwK2b6txyRkp8irNWEkoK7MRz7kgx4oCpAGXCeias8CKwGkEZ7SQsBNpv9v63ZnfnfmVsBPBwphKKmEluqMP1M0pS92hFBlLO7WAtTbFiLOS5wkJ9Pv7MtSFCrz1f2B18PPZ4e+Xw6kF8zHY12kTdjX+e1z93uDvPTzBokrJ6CRBtuqiEsZB0EFax+vbxfRj/fGkCaSSORKWNv0AGykMPVVInoesZ4b8g8O9rm90YWh0msKmKrzvmM2eZ/YFvZ/NyHpmaLd/1O7DSdAzOk39fWwJdi0TMZHgxKeD8PxqY/kbaqkK+wcCAAA=[0m[INFO] 
[8mha:AAABQx+LCAAAAAAAAACFkcFKxDAQhsdqtXjUmyAsiHpLq1RR9qTdrQjdXaEgSPEQu7Vb6SY1TaUg+Dwe9GV8A0+LiO9g0jQr4sHJIR+T/5/5IS9fYJYMdibVuKQEFXmVZqREmJRZTHPK0IkgT9KQ8gRULRhgBGA1ggEuOOwGym+3fnvut+d+IewGsDTGHHNYC+7wA7ZzTFI75CwjabdmsNGmiCkpaZ4gT92/N0NdiMDb/wcWCz+fLfp+Fc4MWIzAvEmbsOvR3+Xi9Va+3sMTLIuUBE8TyUZdVEw7kHSg1vH6djn72Hw8awKJZBaHlS3Xk0eS7zuiJDmOZNXT5B4e7Z+6Wuf7WqfIb6qS+y092XH0PK/3M1my6mna6x+382TH62mdov6BPBzMmidsKr4hOh/6o+tOmGAWTzoXo8HqNzBcB+8RAgAA[0m[INFO] Search POM
[8mha:AAABPx+LCAAAAAAAAACFjsFKxDAQhsdqtXjwoDdBEES9tVWqKHvS7kaEuh4WBCkeYrd2K92km6RSEHweD/oyvoGnRcR3MGmaFfHgzCEfk/+f+V++wOYMdkbVkFPilkWV5YS7mPA8oQVl7omkUFGfihR0zVlgReA0ggtcCtiNtN9r/d7M7838UtiJYGGIBRawGt3jB+wVmGTeQLCcZJ2awXqbIqGE0yJ1Q/3+vgx1KQNv/x9YHvx8duj79WBqwXwM9m3WhF2L/x6Xv3fqdwJPsChTEjxOFVt1WTHjcJXDbR2vb1fTj43HsyaQTOYIWNoKQtWKEPJlKfJ9xXpmKDg82j8NjA4ho9OEmqrUfcds9n2zL+z+bFasZ4b2esftPjUJu0anqXegWoBdi5SNBazE5310ebPJU8yS0fI37JiB0g0CAAA=[0m[INFO] search
[8mha:AAABQB+LCAAAAAAAAACFjsFKxDAQhsdqtXgSvQmCIOqtrVJF2ZN2NyLU9bAgSPGQ7dZa6SbdNJGC4PN40JfxDTwtIr6DSdOsiAdnDvmY/P/M//IFdsVg506MKkrcshBZTioXkypPaEGZeyIpVNSnPAVdcxZYETiN4AKXHHYj7fdavzfzezO/FHYiWBhhjjmsRvf4AXsFJpk34CwnWadmsN6mSCipaJG6oX5/X4a6lIG3/w8sD34+O/T9ejC1YD4Ge5g1Ydfiv8fl7636ncATLMqUBI9TxVZdCmYcrnK4reP17Wr6sfF41gSSyRwOS1tBqFoRQr4sRb6vWM8MBYdH+6eB0SFkdJpQU0Ldd8xm3zf7wu7PZsV6Zmivd9zuU5Owa3SaegeqOdg1T9mYw0p83keXN5uJSMR4mLLlb7p0iC8PAgAA[0m[INFO] cucumber
[8mha:AAABPR+LCAAAAAAAAABb85aBtbiIQS2jNKU4P0+vIKc0PTOvWC8xrzgzOT8nv0jPEchyBrH88ktSGSCAkYmByYeBA6zAN7GghEHdB6JfH6pfH65fH64fqNDah4ElJbEksYRByCcrsSxRPycxL10/uKQoMy/duqKIQQrqiuT8vOL8nFQ9ZwiNajNDRQHQwaqEHQy08PUKjvyHkcHPmRiYoxlYk9LBjhWOxrQcKJsGki1kqGNgA7oyLzE3FcRmqigoLYLp0APp0IPqWHsp7PlL2Wp3sIOALuMoYWBXNnEGQRDLzc0ACEAsAwMQGyIGY5mYWRg5mcDUubnB1EFYbmBQCrKfA2aygQHMPGcXhMkgNkQMxjJ0tYSaBxJxdoGpg7BcTUGwhIG1oiS1KLeEISDa08/NP1aBWoALADftnitPAgAA[0m[INFO]                                                                         
[8mha:AAABPh+LCAAAAAAAAABb85aBtbiIQS2jNKU4P0+vIKc0PTOvWC8xrzgzOT8nv0jPEchyBrH88ktSGSCAkYmByYeBA6zAN7GghEHdB6JfH6pfH65fH64fqNDah4ElJbEksYRByCcrsSxRPycxL10/uKQoMy/duqKIQQrqiuT8vOL8nFQ9ZwiNajNDRQHQwaqEHQy08PUKjvyHkcHPmRiYoxlYk9LBjhWOxrQcKJsGki1kqGNgA7oyLzE3FcRmqigoLYLp0APp0IPqWHsp7PlL2Wp3sIOALuMoYWBXNnEGQRDLzc0ACEAsAwMQGyIGY5mYWRg5mcDUubnB1EFYbmBQCrKfA2aygQHMPGcXhMkgNkQMxjJ0tYSaBxJxdoGpg7BcTUGwhIG1oiS1KLeEISDa08/NP1ZBl0qACwBzBPd0TwIAAA==[0m[INFO] ------------------------------------------------------------------------
[8mha:AAABWx+LCAAAAAAAAACFj81Kw0AUha/RanCpO0EIFHXlZCpVlK7atFEh/YGIIEVk2sY0kmbiZCIBwedxoS/jG7gqIr6DM0mmIi68s5iPO+fce+blCyoJg91pOklohOIw9YMoQSRKgjENKUNNQZakHuUeFLWkgeaAngu6JOaw5xR+s/SbC7+58Athw4GVCeGEw4ZzRx6IGZLIN13OgshvZAy2yhRjGiU09JBV3L83QxaLwDv/BxYLP591+n7lzjVYHkJl5OdhN4d/l4vXW/l6D0+wKlJGZOZJ1rI4ZcqBpAOVjte3y/nH9uNpHkgk0zmsVeuWPJJsG4uShLHkoqeofnR80KornW0rXUF2Xqncr6vJGKt5VvtnsuSip6jWOSnnyY7VVrqCOofycKhk3GMzDmh43rP710YrDcKJ+JXheoSNp8ag3zUwqiF8M6rhfbfXHLhn/Yv1b4l4fiMtAgAA[0m[INFO] Building Search POM 0.1.0_b10-SNAPSHOT
[8mha:AAABPh+LCAAAAAAAAABb85aBtbiIQS2jNKU4P0+vIKc0PTOvWC8xrzgzOT8nv0jPEchyBrH88ktSGSCAkYmByYeBA6zAN7GghEHdB6JfH6pfH65fH64fqNDah4ElJbEksYRByCcrsSxRPycxL10/uKQoMy/duqKIQQrqiuT8vOL8nFQ9ZwiNajNDRQHQwaqEHQy08PUKjvyHkcHPmRiYoxlYk9LBjhWOxrQcKJsGki1kqGNgA7oyLzE3FcRmqigoLYLp0APp0IPqWHsp7PlL2Wp3sIOALuMoYWBXNnEGQRDLzc0ACEAsAwMQGyIGY5mYWRg5mcDUubnB1EFYbmBQCrKfA2aygQHMPGcXhMkgNkQMxjJ0tYSaBxJxdoGpg7BcTUGwhIG1oiS1KLeEISDa08/NP1ZBl0qACwBzBPd0TwIAAA==[0m[INFO] ------------------------------------------------------------------------
[8mha:AAABOR+LCAAAAAAAAACFjsFKxDAQhsdqtXjUmyAIot7SKlWUPbndrQh1PSwIUjzE3Vor3aSmqRQEn8eDvoxv4GkR8R3MNM2KeHDmkI/J/8/8L19glwK2b6txyRkp8irNWEkoK7MRz7kgx4oCpAGXCeias8CKwGkEZ7SQsBNpv9v63ZnfnfmVsBPBwphKKmEluqMP1M0pS92hFBlLO7WAtTbFiLOS5wkJ9Pv7MtSFCrz1f2B18PPZ4e+Xw6kF8zHY12kTdjX+e1z93uDvPTzBokrJ6CRBtuqiEsZB0EFax+vbxfRj/fGkCaSSORKWNv0AGykMPVVInoesZ4b8g8O9rm90YWh0msKmKrzvmM2eZ/YFvZ/NyHpmaLd/1O7DSdAzOk39fWwJdi0TMZHgxKeD8PxqY/kbaqkK+wcCAAA=[0m[INFO] 
[8mha:AAAB6x+LCAAAAAAAAACFkV2L00AUhsdqtXipdy5CQPyi5KM1dWOXBZtpE7ob2yzVYDd4MU2naWK+TCYhVfD3eKF/xh8geLWI+B+cSZoV8cIzF/Nw5rznfWE+/wLtLAUPtvk6iyMhCXLXizIBRZnnxEGcCiNKkNEsJhjUdaUFWgboVAMvUELAQ6PWi3u9eKkXL/V08MgA19aIIAJuGT4qkBigyBUXJPUi96hMwZ19CieOsjjAAqzvv51BmdDA9/8fmBr+/NSJvy8XFy1w1QbtlVuFvW3/a05fN+z1HfgIrtOUEQox41aZ5GmjEJhC2Cu+fLUuftz9oFeBaLIOATfuyZAdRpom0WIkSYzrXkPyU6Wvys2cpjVzNWlV5cy/02yWpGYfHP/ZzLjuNdSbPNvvYx04buZqmgzYIaBdEpyGBHyzpzNt/oY7sJVwi4YjWku1a8BRU+pKGSCVrLzp2SL0Z6evZFPqFifGRM57bmH6uDTGlvm+XE/0ogjPu68PB+f4rRHMrU3x0ncUzTxxke55U/0UefrA3ClysXOscS+Co95iRw18CDX1DFr9w7m/rDyPjw9sKeR5ngtRgSM+xQFGGebrrx72hSdCf+jQXsQ9WuMNygPCO4H3mHvOZRilzpZP4pCj+pu/AQY3IhfdAgAA[0m[INFO] [8mha:AAAAYB+LCAAAAAAAAABb85aBtbiIQSmjNKU4P0+vJLE4u1gvPjexLDVPzxdEGvvmZ+X75ZekLlOVfvTjc8FPJgaGiiIGKaiG5Py84vycVD1nCA1SyAABjCCFBQCV27OjYAAAAA==[0m--- maven-release-plugin:2.3.2:clean (default-cli) @ search-pom ---
[8mha:AAABTR+LCAAAAAAAAACFj89KxDAQxsdqtXjUmyAU/HdLq1RR9qTdrQh1PSwIUjzE3WytdJOaplIQfB4P+jK+gadFxHcwaZoV8eDk0B8z3zfz9eUL7JLD9m01KhlFRV6lGS0RpmU2ZDnj6FhSqKjPBAFdcxZYMTiN4BwXAnZi7fdavzfzezO/FHZiWBhhgQWsxHf4AXs5pqk3EDyjaafmsNamGDJaspygUH9/X4a6kIG3/g8sD34+O+z9ajC1YD4B+yZtwq4mf4/L6VhN7+EJFmVKiidEsVUXFTcOpByodby+XU4/1h9Pm0AymSNgaSMI1VMURb4sRb6vWPcMBQeHeyeB0UWR0WmKmqrUfcds9n2zL+z+bFase4Z2e0ftPtUJu0anqbevngC7FoRPBGwmZ/3o4toNc4Kp/Cu3Klw8ljOXE9kqCUJo+RswmriDIwIAAA==[0m[INFO] Cleaning up after release...
[8mha:AAABOR+LCAAAAAAAAACFjsFKxDAQhsdqtXjUmyAIot7SKlWUPbndrQh1PSwIUjzE3Vor3aSmqRQEn8eDvoxv4GkR8R3MNM2KeHDmkI/J/8/8L19glwK2b6txyRkp8irNWEkoK7MRz7kgx4oCpAGXCeias8CKwGkEZ7SQsBNpv9v63ZnfnfmVsBPBwphKKmEluqMP1M0pS92hFBlLO7WAtTbFiLOS5wkJ9Pv7MtSFCrz1f2B18PPZ4e+Xw6kF8zHY12kTdjX+e1z93uDvPTzBokrJ6CRBtuqiEsZB0EFax+vbxfRj/fGkCaSSORKWNv0AGykMPVVInoesZ4b8g8O9rm90YWh0msKmKrzvmM2eZ/YFvZ/NyHpmaLd/1O7DSdAzOk39fWwJdi0TMZHgxKeD8PxqY/kbaqkK+wcCAAA=[0m[INFO] 
[8mha:AAAB7B+LCAAAAAAAAACFkV2L00AUhsdqtXipdy5CQPyi5KM1dWOXBZtpE7ob2yzVYDd4MU2naWK+TCYhVfD3eKF/xl+gV4uI/8GZpFkRLzxzMQ9nznveF+bzL9DOUvBgm6+zOBKSIHe9KBNQlHlOHMSpMKIEGc1igkFdV1qgZYBONfACJQQ8NGq9uNeLl3rxUk8HjwxwbY0IIuCW4aMCiQGKXHFBUi9yj8oU3NmncOIoiwMswPr+2xmUCQ18//+BqeHPT534+3Jx0QJXbdBeuVXY2/a/5vR1w17fgY/gOk0ZoRAzbpVJnjYKgSmEveLLV+vix90PehWIJusQcOOeDNlhpGkSLUaSxLjuNSQ/Vfqq3MxpWjNXk1ZVzvw7zWZJavbB8Z/NjOteQ73Js/0+1oHjZq6myYAdAtolwWlIwDd7OtPmb7gDWwm3aDiitVS7Bhw1pa6UAVLJypueLUJ/dvpKNqVucWJM5LznFqaPS2Nsme/L9UQvivC8+/pwcI7fGsHc2hQvfUfRzBMX6Z431U+Rpw/MnSIXO8ca9yI46i121MCHUFPPoNU/nPvLyvP4+MCWQp7nuRAVOOJTHGCUYb7+6mFfeCL0h0mKE5Ri7tEab1AeEN4JvMfccy7DKHW2fBKHHN1w8zf9/YL/3wIAAA==[0m[INFO] [8mha:AAAAYB+LCAAAAAAAAABb85aBtbiIQSmjNKU4P0+vJLE4u1gvPjexLDVPzxdEGvvmZ+X75ZekLlOVfvTjc8FPJgaGiiIGKaiG5Py84vycVD1nCA1SyAABjCCFBQCV27OjYAAAAA==[0m--- maven-release-plugin:2.3.2:prepare (default-cli) @ search-pom ---
[8mha:AAABXx+LCAAAAAAAAACFkUFLwzAUx5/VafGoN0EoiHpLq0xRd9JuFaHOw2Agw0Psui7SJV2aSkXw83jQL+M38DRE/A4mTTMRD77Q5MfL+7/3D335gkbOYWdcDHNGUZYWCaE5wjQnEUsZR6eSfEVdJmLQsWCBFYJdFVziTMBuqPVurXfneneul4WtEJaGWGABa+Edvsduimni9gQnNGmVHDZqFxGjOUtj5Ovz92QoM2l4+3/DcuDns83er3szCxYH0LhNKrPrg7/D5e1I3U7hCZalS4onsWKrzApuFEgpUK14fevPPjYfzytD0pktYGWr6aulKAg8GYo8T7HOGWoeHu2fNU1dEJg6TUEVhZpvm86eZ/r57Z/OinXO0F7nuO6nMn7b1GnqHKgloFGKmE8EnAwuusHVjdOPORk9yGc5YoyF3GIeO1h+lDkpi3DqTNiQjEiEBZH/BCG0+g3saWM3OQIAAA==[0m[INFO] Verifying that there are no local modifications...
[8mha:AAABfx+LCAAAAAAAAACFT8FKw0AUfEarxaPeBCEgKpSyiVJF7cmmjQixHgqCFA/bdE2j6W7cbCQg+Bf+gwf9Gf/AUxHxH9xtsi3Bg28PO8zOzJt9+4FKwmFnlA4TRlEcpUFIE4RpEvosYhydSuQo1GWCQD4LBhgeVKeCCxwL2PVyv1X4rZnfmvmlsOnB0hALLGDNu8OP2IowDaye4CENmhmHjaKFz2jCIoKc/C5vhiyWhbf/LywXfr9W2ed1b2LAYh8qg2Badr3/d7l8vVWvD/AMy7IlxWOisJHFKdcOpByocLx/XE2+Np/OpoVks6qAla2Go45CrmvLUci2Fc45jRqHR/uthta5rtblyJ1OqvZXdbJt6zynPU9WOOc02uscF3mKcdpal6POgToCKpkgfCzgpX/edS9vTNMMA8rUv0x/JD9JEpPRE7NWs2I2Rtk4QgPs36dxXVGcRAQnBMWcxYSLkCT1kpJj6o9KFCWZKBFFRGseql8EDlZ/AXH/wPyUAgAA[0m[INFO]   ignoring changes on: **/pom.xml.backup, **/release.properties, **/pom.xml.branch, **/pom.xml.next, **/pom.xml.releaseBackup, **/pom.xml.tag
[8mha:AAABhh+LCAAAAAAAAACFkUFLwzAUx5/T6fCoN0EIE+fJpsoUdSftVhHmFCeCDA9Zl3XduqQm6SwIfh4P+mX8Bp6GiN/BZF0n4sGXQ3+8/P/v/UteviAvBZR6cUdyZkVh7AdMWoTJwOMhF9axJsdQgysKac3lIFeHwkRwTiIFW/XUj6d+PPPjmV8LK3VY6BBFFKzU+2REcEiYj5tKBMyvJALWpik8ziQPqeWk39+bIYl04M3/A+uFn88F/n7bHOdgvgX5tj8Ju9r6u1zfds3tPTzBok7JyJAaziVRLDKHZRzW1PH6djP+WH88nQTSyQoKljbKjjmGXNfWZci2Dae9jMr7B7sn5UznupkuJXdSsdlfyCbbdjbPqf5MNpz2MtqpHU7nmY5TzXQp1fbMUZBPFBVDBf3WWcO9uEO1hHqx0r91hHA7YFj20LaHvA4q4hEROAzauE/ZwLxsn7clvm5SIjwtQpdUdLkYoisaUiIpfuBiICPi0SIqlZAfKCT1e8dy+Rsjdj58aQIAAA==[0m[INFO] Executing: /bin/sh -c cd "/var/lib/jenkins/jobs/TSearch - Perform Release/workspace" && git status
[8mha:AAABdh+LCAAAAAAAAACFkcFKw0AQhsdoNXjUmyAERD2ZjVJF7UnTRoRYxRZFiodtuk3Tptm42daI4PN40JfxDTwVEd/B3SRbEQ/OHvIxO/8//5KXLyglDDZ6o05CIzMOR34QJSaOksCjIWXmkSBbUp1yAnnNaKC5oGcDZzjmsOnmelTo0VSPpnoxWHFhroM55rDk9vEYoxBHPmpwFkR+JWWwUqTwaJTQkJh2/v29GdJYBF7/P7BY+Pms0/ebxkSD2RaU2n4Wdrn1d7m47crbO3iCeZEywkMiWUvjEVMKUyrMQvH6djX5WH08yQKJZDqHhbWyLY8kx7FESbIsyXlPUXlvf+e4rOYcR83l5GQ1kvt15WxZys+u/jhLznuKtmsHhZ/s2FU1l1NtVx4OpZQTNuTQbJ3WnfNb45qygXiU0QkY8ThlD4cGGmOGwqCN+iQayF/ap+0ENRsEM69nbBkXhHUpGxqXJCQ4IeheWCQx9sjiN/IBimdTAgAA[0m[INFO] Working directory: /var/lib/jenkins/jobs/TSearch - Perform Release/workspace
[8mha:AAABXR+LCAAAAAAAAACFkEFLwzAUx5/VafGoN0EoiHpLq0xRdtJuFaHOw0CQ4SG2WVftki5JpSD4eTzol/EbeBoifgeTtpmIB18O/fHy/7/3T1++oCU47IyLWDCK8qxIUioQpiKNWMY4OlHka+ozSaCuBQusEOxKcIFzCbth7Xcbvzv3u3O/EnZCWIqxxBLWwjv8gN0M08QdSJ7SpFNy2GhSRIwKlhHk19/fm6HMVeDt/wOrhZ/PNnu/HswsWBxC6zapwq4P/y5XtyN9O4UnWFYpKZ4QzVaZF9w4kHagxvH6djX72Hw8qwKpZLaEla22r4+mIPBUafI8zXXPUPvwaP+0bXRBYHQ1BVUVer9tJnuemed3fyZrrnuG9nrHzTzd8btGV1PvQB8JrVISPpHQGZ73g8sbxx+T6F69yolJTmhMaJQS4WAaO83/dUaMO4LiXIyZFA5CaPUb6qgSrjoCAAA=[0m[INFO] Checking dependencies and plugins for snapshots ...
[8mha:AAABUh+LCAAAAAAAAACFkM1Kw0AUha/RanCpO0Eo+JPdJEoUpStNGxHSVqgIElyMaZpW0pk4mUhA8Hlc6Mv4Bq6KiO/gTCZTERfeWeTjzjn3nsnLFzRyBrvjYphTgrK0SCYkR5jkk4imlKETQZ6kHuUxqFowwAjArARdnHGwAuW3a78999tzvxC2AlgaYo45rAV3+AHbKSaJPeBsQpJWyWCjThFRktM0Rp76/t4MZSYC7/wfWCz8fDbp+/VgZsBiCI3bpAq7Hv5dLm5H8vYenmBZpCR4Gks2yqxg2oGkA9WO17er2cfm41kVSCQzOaxsuZ48knzfESXJcSSrnib38Gj/1NU639c6RX5Vhdxv6smOo+d57Z/JklVP017nuJ4nO15b6xR1DuTh0Ch5zKYctsPznt+/aV4y8f9GlE3Fy5rWIMYsGjcv+l0LIbT6DT7A7HcjAgAA[0m[INFO] Transforming 'Search POM'...
[8mha:AAABTR+LCAAAAAAAAACFkMFKxDAQhsdqtXjUmyAURPeWVqmi7Em7WxHqelgRZPEQu91upU1qmkpB8Hk86Mv4Bp4WEd/BpGlWxIOTQz8m/z/zpy9fYJYMdqbVuKQEFVmVpKREmJRpRDPK0LEgX9KA8hhULRhghGA1gnNccOiEyu+0fmfud+Z+IeyGsDTGHHNYC+/wA3YyTBJnyFlKkm7NYKNNEVFS0ixGvvr+3gx1IQJv/x9YLPx8tuj79XBmwOIIzNukCbs++rtc3E7k7T08wbJISXAeSzbqomLagaQDtY7Xt6vZx+bjaRNIJLM4rGx5vjySgsAVJcl1JaueJu/gcO/E07og0DpFQVOV3G/pya6r5/m9n8mSVU/Tbv+onSc7fk/rFPX35eFg1jxmOQd7dDYILm7sSyb+34SyXLzM7pQxZtG0gxBa/QZ1/227HwIAAA==[0m[INFO] Transforming 'search'...
[8mha:AAABTx+LCAAAAAAAAACFkMFKw0AQhsdoNXjUmyAURXPbRImi9KRpI0Ksh4ogwcM2TWMl2U03GwkIPo8HfRnfwFMR8R3czWYr4sHZQz5m/3/m37x8QatgsHtXjgpKUJ6WyYQUCJNiEtGUMnQiyJPUpzwGVQsGGAGYteAC5xysQPntxm/P/fbcL4SdAJZGmGMOa8E9fsB2ikliDzibkKRTMdhoUkSUFDSNkae+vzdDlYvAO/8HFgs/n036fjOYGbAYQmuY1GHXw7/Lxe1Y3k7hCZZFSoKzWLJR5SXTDiQdqHG8vl3PPjYfz+pAIpnJYWXb9eSR5PuOKEmOI1n1NLmHR/unrtb5vtYp8usq5X5TT3YcPc/r/kyWrHqa9nrHzTzZ8bpap6h3IA+HVsVjlnHYCs/7/uVt+4qJ/zemLBMva1tRGZXZMGYWQmj1GxoMLVAhAgAA[0m[INFO] Transforming 'cucumber'...
[8mha:AAABZx+LCAAAAAAAAACFkc1Kw0AUha/RanCpO0EY8G+XRKmiuNK0kUKsi4IgxcWYTmNKOhNnJiVQ9Hlc6Mv4Bq6KiO/gTJKpiAvvLPJx55x7z5CXL2gIDrv3+UAw6mRpHidUOJiKJGIp486ZIl9Tl0kCVS1YYIVgl4JLnEnYCyu/W/vdud+d+5XwNISlAZZYwlo4whPsppjGbk/yhManBYeNOkXEqGApcfzq+3szFJkKvPN/YLXw89lm7ze9mQWLfWjcxWXY9f7f5ep2qG8f4AmWVUqKx0SzVWQ5Nw5HO5za8fp2PfvYnF6UgVQyW8LKVtPXR1MQeKo0eZ7mqmeoeXR8cN40uiAwuoqCsnK93zaTPc/M81s/kzVXPUP77ZN6nu74LaOrqH2oj4RGIQkfSwj7nW5wdYsQ6sSU6XchzGUyxJFEE8JFwijKM/XLCBoyjkiRcSLK7vY042xEIunUusfVb+gU5+pLAgAA[0m[INFO]   Ignoring artifact version update for expression ${project.version}
[8mha:AAABTh+LCAAAAAAAAACFkEFLwzAUx5/VavGoN0EoDPXWVqmi7KTdKkK3CQNBioe4xTrpkpqkUhD8PB70y/gNPA0Rv4NJ00zEgy+H/nj5/9/7py9fYHMG27flmFPiFXmZTQj3EOGTEc0p844lRYr6VGDQtWCBlYBTC3qoELCTaL/f+P2535/7pbCdwNIYCSRgLblDD8jPEcn8oWATkrUrBhtNihElnObYi/T392aoChl46//AcuHns0PfL4czCxZTsK+zOux6+ne5vL1Rt/fwBMsyJUFTrNiqipIZh6ccXuN4fbuYfWw+ntaBZDJHwEorjNRRFMeBLEVBoFj3DIUHh3snodHFsdFpiusq1X7HTA4CMy/q/ExWrHuGdrtHzTzViTpGp6m7r44AuxKYTQW00rN+PLhy5R92M0wwQ0K+zWU4x4hj93zQ46vfQBeGGiICAAA=[0m[INFO] Not generating release POMs
[8mha:AAABVB+LCAAAAAAAAACFj8FKxDAQhsfqavGoN0EoiBY8pFVWUfak3VaEuh4WBFk8xG6Mq92k26ZSEHweD/oyvoGnRcR3MGmaFfHg5JCPyf/P/Hn5glaRw9ZtOSw4Q1la0hErEGbFKOEpz9GRpEBRjwsCuuYssGKwa8EZzgS4sfZ7jd+b+b2ZXwo7MSwMscACVuI7/IC9FDPq9UU+YrRT5bDWpEg4K3hKUKDv35uhymTgzf8Dy4WfzzZ/v+xPLZgfQOua1mFXB3+Xy9cb9TqBJ1iUKRkeE8VWlZW5cSDlQI3j9e1i+rH+eFIHkslsAUsb7UAdRVHky1Lk+4p1z1B7/2D3uG10UWR0mqK6SrXfNpN938wLuj+TFeueoZ3wsJmnOkHX6DSFe+oIaFWC5GMB24PTXnR+5YQVSUohv+VQjtPCcZOUYOZkOLnHlLgIoeVv9LNt/ikCAAA=[0m[INFO] Executing goals 'clean package'...
[8mha:AAABTR+LCAAAAAAAAACFkcFKxDAQhsdqtXjUmyAURL2lVaooe9LuVoS6HgqCFA+x261duklNUykIPo8HfRnfwNMi4juYNM2KeHByyMfk/2f+0pcvMCsGO3f1qKIElUWd5aRCmFR5QgvK0IkgX9KQ8hRULRhghGC1ggtcctgNld/p/M7c78z9QtgLYWmEOeawFk7wA3YKTDIn4iwnWa9hsNGlSCipaJEiX92/N0NTisDb/wcWCz+fLfp+Hc0MWIzBvM3asOvx3+XidSxf7+EJlkVKgqepZKMpa6YdSDpQ53h9u5p9bD6etYFEMovDypbnyyMpCFxRklxXsupp8g6P9k89rQsCrVMUtFXL/Zae7Lp6nt//mSxZ9TTtDY67ebLj97VO0eBAHg5mw1M2Ff8tPh8Glzd2d0UJJkR8nD2mzC4ZnaQJrxBCq9+c6FQiJgIAAA==[0m[INFO] [INFO] Scanning for projects...
[8mha:AAABQB+LCAAAAAAAAABb85aBtbiIQS2jNKU4P0+vIKc0PTOvWC8xrzgzOT8nv0jPEchyBrH88ktSGSCAkYmByYeBA6zAN7GghEHdB6JfH6pfH65fH64fqNDah4ElJbEksYRByCcrsSxRPycxL10/uKQoMy/duqKIQQrqiuT8vOL8nFQ9ZwiNajNDRQHQwaqEHQy08PUKjvyHkcHPmRiYoxlYk9LBjhWOxrQcKJsGki1kqGNgA7oyLzE3FcRmqigoLYLp0APp0IPqWHsp7PlL2Wp3sIOALuMoYWBXNnEGQRDLzc0ACEAsAwMQGyIGY5mYWRg5mcDUubnB1EFYbmBQCrKfA2aygQHMPGcXhMkgNkQMxjJ0tYSaBxJxdoGpg7BcTUGwhIG1oiS1KLeEITza08/NP1YBSulSCXABAA2RMFdWAgAA[0m[INFO] [INFO] ------------------------------------------------------------------------
[8mha:AAABSx+LCAAAAAAAAACFjsFKw0AQhsdoNHjUmyAEinpLokRRe7JpI0JswYIgwcOaxBhJd9PNRgKCz+NBX8Y38FREfAd3s9mKeHDmsB+z/z/zv3yBXlLYvqvikmCryKs0w6WFcJlFJCfUOuHkCRoSloCsBQ20AIxGcI4KBjuB9Nut35777bmfC7sBLMWIIQZrwT16QHaOcGqPGc1w2q0pbLQpIoJLkieWJ9/fl6EueOCt/wPzg5/PBnm/Gs80WAxBv0mbsOvh3+P891b8TuEJlnlKjCaJYK0uKqoclnBYreP17XL2sfl42gTiyQwGKx3XEy3I9x1eghxHsJwpcg8O93qu0vm+0knym6rEfUNtdhy1z+v/bBYsZ4p2B0ftPjHx+konabAvmoFes4ROGHTCs6E/ujbb5yJBESPU7FVZHpsjGif0ePUbAjqsIiICAAA=[0m[INFO] [INFO] Reactor Build Order:
[8mha:AAABOx+LCAAAAAAAAACFjsFKxDAQhsdqtXgR9CYIgqi3tEoVZU/a3YhQ18OCIMVD3K210k1qm0pB8Hk86Mv4Bp4WEd/BTNOsiAdnDvmY/P/M//IFdlnA1m01KgUneVYlKS8J42U6FJkoyJGiAKkvZAy6ZiywQnAawRnLJWyH2u+2fnfqd6d+JeyEMDdikklYDu/YA3MzxhN3IIuUJ526gNU2xVDwUmQxCfT7+zLUuQq8+X9gdfDz2RHvl4OJBbMR2NdJE3Yl+ntc/d7g7z08wbxKydk4RrbqvCqMg6CDtI7Xt4vJx9rjSRNIJXMkLGz4ATYSpZ4qJM9D1jND/v7B7rFvdJQanSbaVIX3HbPZ88y+oPuzGVnPDO30Dtt9OAm6Rqept4ctwa5lXIwlLEWnfXp+td4+i9+ywCsSDgIAAA==[0m[INFO] [INFO] 
[8mha:AAABRB+LCAAAAAAAAACFjsFKw0AQhsdoNHjUk4JQEPWWRImi9KRpV4S0FQqCBA9rGtNIuptuNhIQfB4P+jK+gaci4ju4m81WxIMzh/2Y/f+Z/+ULzILB7rgcFZTYeVYmKSlsTIo0ohll9qkgX1Kf8hhULRhgBGDVgh7OOewFyu80fmfud+Z+IWwHsDTCHHNYC+7xA3YyTBJnyFlKknbFYLNJEVFS0Cy2ffX+vgxVLgLv/B9YHPx8tuj79XBmwGII5m1Sh10P/x4Xv3fydwpPsCxSEjyJJRtVXjLtsKXDbhyvb1ezj63H8zqQSGZxWNn2fNmSEHJFSXJdyWqmyTs6PjjztA4hrVOE6irlfUtvdl29z+/8bJasZpr2uyfNPjnxO1qnqHsom4NZ8ZhNOGyEF300uGk1zzDGLBq3Lge91W/Jgz4LGAIAAA==[0m[INFO] [INFO] Search POM
[8mha:AAABQB+LCAAAAAAAAACFjsFKxDAQhsdqtXhUvAiCIOqtrVJF2ZN2NyLU9bAgSPEQu7Vb6SbdJJWC4PN40JfxDTwtIr6DSdOsiAdnDvmY/P/M//IFNmewM6qGnBK3LKosJ9zFhOcJLShzTySFivpUpKBrzgIrAqcRXOBSwG6k/V7r92Z+b+aXwk4EC0MssICV6B4/YK/AJPMGguUk69QM1tsUCSWcFqkb6vf3ZahLGXj7/8Dy4OezQ9+vB1ML5mOwb7Mm7Gr897j8vVO/E3iCRZmS4HGq2KrLihmHqxxu63h9u5p+bDyeNYFkMkfA0lYQqlaEkC9Lke8r1jNDweHR/mlgdAgZnSbUVKXuO2az75t9Yfdns2I9M7TXO273qUnYNTpNvQPVAuxapGwsYC0+76PLm8324SlmyWj5G9VBbRoUAgAA[0m[INFO] [INFO] search
[8mha:AAABQh+LCAAAAAAAAACFjsFKxDAQhsdqtXjUgyAIgqi3tkoVZU/a3YhQ18OCIMVDtltrpZt000QKgs/jQV/GN/C0iPgOJk2zIh6cOeRj8v8z/8sX2BWDnTsxqihxy0JkOalcTKo8oQVl7omkUFGf8hR0zVlgReA0ggtcctiNtN9r/d7M7838UtiJYGGEOeawEt3jB+wVmGTegLOcZJ2awXqbIqGkokXqhvr9fRnqUgbe/j+wPPj57ND368HUgvkY7GHWhF2N/x6Xv7fqdwJPsChTEjxOFVt1KZhxuMrhto7Xt6vpx8bjWRNIJnM4LG0FoWpFCPmyFPm+Yj0zFBwe7Z8GRoeQ0WlCTQl13zGbfd/sC7s/mxXrmaG93nG7T03CrtFp6h2o5mDXPGVjDmvxeR9d3my2TyISMR6mbPkbePZNURYCAAA=[0m[INFO] [INFO] cucumber
[8mha:AAABPh+LCAAAAAAAAACtjsFKw0AQhsdoNHjUmyAIot6SKFGUnjTtihDroaBI8bC2MUbS3XSzkYDg83jQl/ENPBUR38GdbLYiHrw4c9iP2f+f+Z8/wS4EbN6Ww4IzN8/KJGWFS1mRDnjGhXuoKETqchmDrhkLrAicWnBKcwlbkfZ7jd+b+r2pXwlbEcwNqaQSlqI7ek+9jLLE60mRsqRVCVhpUgw4K3gWu6F+f16GKleBN/4OrA5+PDn87bI3sWC2D/Z1Uodd7v8+rn5v8HcMjzCvUjI6ipGtKi+FcbjocBvHy+v55H314bgOpJI5EhbWgxAbiRBfFZLvI+uZoWBvf+coMDpCjE4TqavE+47Z7PtmX9j+3oysZ4a2OwfNPpyEbaPT1NnFlmBXMhYjCRf9ky45u1prnv+qxS9JeFkIVgIAAA==[0m[INFO] [INFO]                                                                         
[8mha:AAABQB+LCAAAAAAAAABb85aBtbiIQS2jNKU4P0+vIKc0PTOvWC8xrzgzOT8nv0jPEchyBrH88ktSGSCAkYmByYeBA6zAN7GghEHdB6JfH6pfH65fH64fqNDah4ElJbEksYRByCcrsSxRPycxL10/uKQoMy/duqKIQQrqiuT8vOL8nFQ9ZwiNajNDRQHQwaqEHQy08PUKjvyHkcHPmRiYoxlYk9LBjhWOxrQcKJsGki1kqGNgA7oyLzE3FcRmqigoLYLp0APp0IPqWHsp7PlL2Wp3sIOALuMoYWBXNnEGQRDLzc0ACEAsAwMQGyIGY5mYWRg5mcDUubnB1EFYbmBQCrKfA2aygQHMPGcXhMkgNkQMxjJ0tYSaBxJxdoGpg7BcTUGwhIG1oiS1KLeEITza08/NP1YBSulSCXABAA2RMFdWAgAA[0m[INFO] [INFO] ------------------------------------------------------------------------
[8mha:AAABVB+LCAAAAAAAAACFj9FKwzAUho/VafFS7wShIOqNpJlMUbxy3SpCtwkDQYZIttWu0iU1TaUg+Dxe6Mv4Bl4NEd/BpGkm4oUnF/k4+f9z/rx8QS3jsDPJxxmjKE3yKKYZIjSLRyxhHJ1K8hR1mQhB14IFVgB2KeiQVMBuoP1u5Xfnfnful8KTAJbGRBABa8EdeSBuQmjk9gWPaXRScNioUowYzVgSIk/fvzdDkcrA2/8Hlgs/n232ftWfWbA4gNowKsOuD/4ul6+36vUenmBZpqRkGiq2ijTnxoGUA1WO17fL2cfm41kZSCazBaxsNTx1FPk+lqUIY8W6Z6hxeLTfbBid7xudJr+sXO23zWSMzTyv9TNZse4ZqrePq3mq47WMTlP7QB0BtUKEfCpgb3De9XvXTnU18zgZy885/ZDw0cS56HUcjOoI3wzrePUb3QwahysCAAA=[0m[INFO] [INFO] Building Search POM 0.1.0_b10
[8mha:AAABQB+LCAAAAAAAAABb85aBtbiIQS2jNKU4P0+vIKc0PTOvWC8xrzgzOT8nv0jPEchyBrH88ktSGSCAkYmByYeBA6zAN7GghEHdB6JfH6pfH65fH64fqNDah4ElJbEksYRByCcrsSxRPycxL10/uKQoMy/duqKIQQrqiuT8vOL8nFQ9ZwiNajNDRQHQwaqEHQy08PUKjvyHkcHPmRiYoxlYk9LBjhWOxrQcKJsGki1kqGNgA7oyLzE3FcRmqigoLYLp0APp0IPqWHsp7PlL2Wp3sIOALuMoYWBXNnEGQRDLzc0ACEAsAwMQGyIGY5mYWRg5mcDUubnB1EFYbmBQCrKfA2aygQHMPGcXhMkgNkQMxjJ0tYSaBxJxdoGpg7BcTUGwhIG1oiS1KLeEITza08/NP1YBSulSCXABAA2RMFdWAgAA[0m[INFO] [INFO] ------------------------------------------------------------------------
[8mha:AAABOx+LCAAAAAAAAACFjsFKxDAQhsdqtXgR9CYIgqi3tEoVZU/a3YhQ18OCIMVD3K210k1qm0pB8Hk86Mv4Bp4WEd/BTNOsiAdnDvmY/P/M//IFdlnA1m01KgUneVYlKS8J42U6FJkoyJGiAKkvZAy6ZiywQnAawRnLJWyH2u+2fnfqd6d+JeyEMDdikklYDu/YA3MzxhN3IIuUJ526gNU2xVDwUmQxCfT7+zLUuQq8+X9gdfDz2RHvl4OJBbMR2NdJE3Yl+ntc/d7g7z08wbxKydk4RrbqvCqMg6CDtI7Xt4vJx9rjSRNIJXMkLGz4ATYSpZ4qJM9D1jND/v7B7rFvdJQanSbaVIX3HbPZ88y+oPuzGVnPDO30Dtt9OAm6Rqept4ctwa5lXIwlLEWnfXp+td4+i9+ywCsSDgIAAA==[0m[INFO] [INFO] 
[8mha:AAABah+LCAAAAAAAAACFkM1Kw0AUha/VanCpO0EIiH+LTNISRduNmjYixAoWBCkuxnQaK8lMTCYlIPg8LvRlfANXRcR3cCaTVMSFdxbzceecew/z8gX1NIGtu2yYMoriMAvGNEWYpmOfhSxBx4IcST3GCaiaq0HNA60QnOOYw7an/GbpN2d+c+YXwrYHC0PMMYcV7x5PsBliGph9noxp0M4TWCtT+IymLCTIUffvzZDHIvDm/4HFws9njb1f96c1mB9A/TYowq4O/i4XryP5+gBPsChSUhwRybU8zpLKgaQDlY7Xt6vpx/rjaRFIJNM4LG3YjjySXNcSJcmyJKteRfb+QfPErnSuW+kUuUVlcr9WTbasap7T+ZksWfUqanQPy3my43QqnaLunjwc6jknScThcnDWcy9u9PIyDEOP8IRQww8Jpob63FYT2ajRKlr6zpCMcBZypdjVj/SU4MS/M2IWSf/yNwaTxu5RAgAA[0m[INFO] [INFO] --- maven-clean-plugin:2.4.1:clean (default-clean) @ search-pom ---
[8mha:AAABPh+LCAAAAAAAAACtjsFKw0AQhsdoNHjUmyAIot6SKFGUnjTtihDroaBI8bC2MUbS3XSzkYDg83jQl/ENPBUR38GdbLYiHrw4c9iP2f+f+Z8/wS4EbN6Ww4IzN8/KJGWFS1mRDnjGhXuoKETqchmDrhkLrAicWnBKcwlbkfZ7jd+b+r2pXwlbEcwNqaQSlqI7ek+9jLLE60mRsqRVCVhpUgw4K3gWu6F+f16GKleBN/4OrA5+PDn87bI3sWC2D/Z1Uodd7v8+rn5v8HcMjzCvUjI6ipGtKi+FcbjocBvHy+v55H314bgOpJI5EhbWgxAbiRBfFZLvI+uZoWBvf+coMDpCjE4TqavE+47Z7PtmX9j+3oysZ4a2OwfNPpyEbaPT1NnFlmBXMhYjCRf9ky45u1prnv+qxS9JeFkIVgIAAA==[0m[INFO] [INFO]                                                                         
[8mha:AAABQB+LCAAAAAAAAABb85aBtbiIQS2jNKU4P0+vIKc0PTOvWC8xrzgzOT8nv0jPEchyBrH88ktSGSCAkYmByYeBA6zAN7GghEHdB6JfH6pfH65fH64fqNDah4ElJbEksYRByCcrsSxRPycxL10/uKQoMy/duqKIQQrqiuT8vOL8nFQ9ZwiNajNDRQHQwaqEHQy08PUKjvyHkcHPmRiYoxlYk9LBjhWOxrQcKJsGki1kqGNgA7oyLzE3FcRmqigoLYLp0APp0IPqWHsp7PlL2Wp3sIOALuMoYWBXNnEGQRDLzc0ACEAsAwMQGyIGY5mYWRg5mcDUubnB1EFYbmBQCrKfA2aygQHMPGcXhMkgNkQMxjJ0tYSaBxJxdoGpg7BcTUGwhIG1oiS1KLeEITza08/NP1YBSulSCXABAA2RMFdWAgAA[0m[INFO] [INFO] ------------------------------------------------------------------------
[8mha:AAABUB+LCAAAAAAAAACFj99KwzAUxo/VavFS7wRhIP65SjOpouzKdasIdV4MBBki2Va7SpfUNJWC4PN4oS/jG3g1RHwHk6aZiBeeXOTHyfed8+XlC+ycw86kGOeMoiwt4oTmiNA8GbGUcXQiyVfUYyICXQsWWCE4leCcZAJ2Q+13a78797tzvxS2QlgaE0EErIV35IG4KaGx2xc8oXGr5LBRpxgxmrM0Qr6+f2+GMpOBt/8PLBd+Pjvs/ao/s2BxAPYwrsKuD/4ul6+36vUenmBZpqRkGim2yqzgxoGUA9WO17fL2cfm42kVSCZzBKxseb46ioIAy1KEsWLdM+QdHu23PaMLAqPTFFRVqP2OmYyxmed3fiYr1j1Dze5xPU91/I7RaeoeqCPALkXEpwL2Bme94OK6UV/tIknH8nONPCJ8NGlg1ET4ZtjEq98i7JYnJwIAAA==[0m[INFO] [INFO] Building search 0.1.0_b10
[8mha:AAABQB+LCAAAAAAAAABb85aBtbiIQS2jNKU4P0+vIKc0PTOvWC8xrzgzOT8nv0jPEchyBrH88ktSGSCAkYmByYeBA6zAN7GghEHdB6JfH6pfH65fH64fqNDah4ElJbEksYRByCcrsSxRPycxL10/uKQoMy/duqKIQQrqiuT8vOL8nFQ9ZwiNajNDRQHQwaqEHQy08PUKjvyHkcHPmRiYoxlYk9LBjhWOxrQcKJsGki1kqGNgA7oyLzE3FcRmqigoLYLp0APp0IPqWHsp7PlL2Wp3sIOALuMoYWBXNnEGQRDLzc0ACEAsAwMQGyIGY5mYWRg5mcDUubnB1EFYbmBQCrKfA2aygQHMPGcXhMkgNkQMxjJ0tYSaBxJxdoGpg7BcTUGwhIG1oiS1KLeEITza08/NP1YBSulSCXABAA2RMFdWAgAA[0m[INFO] [INFO] ------------------------------------------------------------------------
[8mha:AAABOx+LCAAAAAAAAACFjsFKxDAQhsdqtXgR9CYIgqi3tEoVZU/a3YhQ18OCIMVD3K210k1qm0pB8Hk86Mv4Bp4WEd/BTNOsiAdnDvmY/P/M//IFdlnA1m01KgUneVYlKS8J42U6FJkoyJGiAKkvZAy6ZiywQnAawRnLJWyH2u+2fnfqd6d+JeyEMDdikklYDu/YA3MzxhN3IIuUJ526gNU2xVDwUmQxCfT7+zLUuQq8+X9gdfDz2RHvl4OJBbMR2NdJE3Yl+ntc/d7g7z08wbxKydk4RrbqvCqMg6CDtI7Xt4vJx9rjSRNIJXMkLGz4ATYSpZ4qJM9D1jND/v7B7rFvdJQanSbaVIX3HbPZ88y+oPuzGVnPDO30Dtt9OAm6Rqept4ctwa5lXIwlLEWnfXp+td4+i9+ywCsSDgIAAA==[0m[INFO] [INFO] 
[8mha:AAABZx+LCAAAAAAAAACFkM1Kw0AUha/RanCpO0EIiH+LTNISRduNmjYixLooCFJcjOk0raSTmExKQPB5XOjL+Aauiojv4EwmUxEX3lnMx51z7j3MyxfUshR2RvkgiylKojwc0wxhmo2DOIpTdMrJFdSNGQFZCxpoPuil4BInDHZ96bcqvzX3W3M/F7Z8WBpghhms+fd4iq0I09DqsXRMw1aRwkaVIohpFkcEufL+vRmKhAfe/j8wX/j5rMfvN72ZBot9qN2FZdj1/t/l/HUoXh/gCZZ5SoonRLBWJHmqHEg4UOV4fbuefWw+npeBeDKdwcqW44ojyPNsXoJsW7DsKXIOjxpnjtJ5ntJJ8srKxX5dTbZtNc9t/0wWLHuK6p3jap7ouG2lk9Q5EIdBrWAknTDo9i+63tWtUV2maRoTPCXUDCKCqSk/t9lADqo3y5axNyBDnEdMKvaNEyMjOA1Gwrv6DccdbA1NAgAA[0m[INFO] [INFO] --- maven-clean-plugin:2.4.1:clean (default-clean) @ search ---
[8mha:AAABOx+LCAAAAAAAAACFjsFKxDAQhsdqtXgR9CYIgqi3tEoVZU/a3YhQ18OCIMVD3K210k1qm0pB8Hk86Mv4Bp4WEd/BTNOsiAdnDvmY/P/M//IFdlnA1m01KgUneVYlKS8J42U6FJkoyJGiAKkvZAy6ZiywQnAawRnLJWyH2u+2fnfqd6d+JeyEMDdikklYDu/YA3MzxhN3IIuUJ526gNU2xVDwUmQxCfT7+zLUuQq8+X9gdfDz2RHvl4OJBbMR2NdJE3Yl+ntc/d7g7z08wbxKydk4RrbqvCqMg6CDtI7Xt4vJx9rjSRNIJXMkLGz4ATYSpZ4qJM9D1jND/v7B7rFvdJQanSbaVIX3HbPZ88y+oPuzGVnPDO30Dtt9OAm6Rqept4ctwa5lXIwlLEWnfXp+td4+i9+ywCsSDgIAAA==[0m[INFO] [INFO] 
[8mha:AAABbR+LCAAAAAAAAACFkM1Kw0AUha/RanCpO0EIiH+L/FSiaLtR06YIsV0UBCkupu0YI+lMnExKQPB5XOjL+Aauiojv4EySqYgL7yzm48459x7m5QtqKYOdu2ycUmIlcRZGJLUQSaMRjSmzzgR5krqUYyhrQQMtAL0QXKKEw25Q+u3Kb8/99twvhM0AlsaIIw5rwT2aIjtGJLT7nEUkbOYMNqoUI0pSGmPLK+/fmyFPRODt/wOLhZ/POn2/7s80WBxAbRgWYdcHf5eL11v5+gBPsCxSEjTBkrU8yZhyWNJhVY7Xt6vZx+ZjpwgkkukcVrZcTx5Jvu+IkuQ4ksueIvfo+ODcVTrfV7qS/KIyuV9Xkx1HzfNaP5Mllz1F9fZJNU92vJbSldQ+lIdDLeeYTTj0Bhddv3djVJdpmkY4QVNMzPJfG3XLbYSYYIY47vNsmBp7wyyKxx1G6TTC6b5xaqQYsdGdNK9+A8rXTfJOAgAA[0m[INFO] [INFO] --- gmaven-plugin:1.4:generateStubs (buildGroovies) @ search ---
[8mha:AAABTR+LCAAAAAAAAACFj0FLwzAUx5/VavGoN0EoyPTWVpni2Em7dSh1HgaCDA/ZGuukS7oklYLg5/GgX8Zv4GmI+B1MmmYiHnw55MfL///ePy9fYHMGu3dFwinx8qxIJ4R7iPDJmGaUeSeSQkV9KjDoWrLAisGpBBcoF7AXa79f+/2F31/4pbAdw0qCBBKwEd+jB+RniKT+QLAJSdslg606xZgSTjPshfr+vRnKXAZu/B9YLvx8duj79WBuwfIQ7FFahd0c/l0uX2/V6wyeYFWmJGiKFVtlXjDj8JTDqx2vb1fzj+3HXhVIJnMErO00Q3UURVEgS1EQKNY9Q82j44PTptFFkdFpiqoq1H7HTA4CMy/s/ExWrHuG9rutep7qhB2j09Q9VEeAXQrMpgIaw7N+dHnj1lcPE8yQwInbcs/lh10uihFf/wYljwVgJAIAAA==[0m[INFO] [INFO] Generated 9 Java stubs
[8mha:AAABOx+LCAAAAAAAAACFjsFKxDAQhsdqtXgR9CYIgqi3tEoVZU/a3YhQ18OCIMVD3K210k1qm0pB8Hk86Mv4Bp4WEd/BTNOsiAdnDvmY/P/M//IFdlnA1m01KgUneVYlKS8J42U6FJkoyJGiAKkvZAy6ZiywQnAawRnLJWyH2u+2fnfqd6d+JeyEMDdikklYDu/YA3MzxhN3IIuUJ526gNU2xVDwUmQxCfT7+zLUuQq8+X9gdfDz2RHvl4OJBbMR2NdJE3Yl+ntc/d7g7z08wbxKydk4RrbqvCqMg6CDtI7Xt4vJx9rjSRNIJXMkLGz4ATYSpZ4qJM9D1jND/v7B7rFvdJQanSbaVIX3HbPZ88y+oPuzGVnPDO30Dtt9OAm6Rqept4ctwa5lXIwlLEWnfXp+td4+i9+ywCsSDgIAAA==[0m[INFO] [INFO] 
[8mha:AAABbR+LCAAAAAAAAACFkM1Kw0AQx8dqNXjUmyAExK9DPiy1aHtR00aEWA8FRYqHbbqmlXQ3bjY1Ivg8HvRlfANPRcR3cDebtIgHZw/725n5z/zZ128oxwy2Bkk/psSMwiQYkthEJB76NKTMPBbkSGpTjkHFXAlKHmhZwzmKOGx7Sm/lemuqt6Z60djwYKGPOOKw4t2hMbJCRAKrw9mQBI2UwVruwqckpiE2HXX/3gxpJAxv/m9YLPx60ejHdWdSgvkulHtBZna1+3e5qN7K6j08w6JwSdAISy6lUcIKhSkVZq54e7+cfK4/nWaGhDONw9JG1ZFHkuvaIiTZtmSVK6haO6icVIs+1y36FLlZJHK/Vky27WKe05xNlqxyBe21DvN5MuM0iz5FrX15OJRTjtmIw1X3rO1e3Oj5ZRiGPkJjTAyGY5owH8eG+uB6xazVfRo9zir6TvZ+wD0URbv6kR5jxPyBHLL8A1YhhmhWAgAA[0m[INFO] [INFO] --- maven-resources-plugin:2.6:copy-resources (copy-webapp) @ search ---
[8mha:AAABYR+LCAAAAAAAAACFj0FLwzAUx5/VafGoN0EoiO5kW2XKxNPsVhHqPMwJMjzENquVLqlJKhXBz+NBv4zfwNMQ8TuYtM1EPPhyyI+X//+9f16+oMEZbN3kEafEztI8Tgi3EeFJSFPK7I4kT1GfCgxVzRlgBGCWglOUCWgGld+p/c7M78z8UngYwEKEBBKwEtyie+SkiMTOQLCExIcFg7U6RUgJpym2ver+vRmKTAbe/D+wXPj5bNL3y8HUgPkRNK7jMuzq6O9y+TpWr3fwBIsyJUETrNgospxph60cdu14fbuYfqw/HpeBZDJTwNJGy1NHke+7shS5ruKqp6m13949ammd72tdRX5Zudpv6smuq+d53Z/Jiquepp3eQT1Pdbyu1lXU21NHQKMQmE0EdEYnff/syqqvIZc/s5rDc3+73bQwCWmkGoJaIc0erHGSShuOLIY5zVmIub38DXws/ypAAgAA[0m[INFO] [INFO] Using 'UTF-8' encoding to copy filtered resources.
[8mha:AAABSh+LCAAAAAAAAACFj8FKxDAQhsdqtXjUmyAURb21Vasoe9LuVoS6HhYEKR5it9ZKN+kmqVQEn8eDvoxv4GkR8R1MmmZFPDg55GPy/zN/Xr7AZBQ2b6shI9gpiyrLMXMQZnlCCkKdI0GBpD7hKaiaMcCIwGoEZ6jksBUpv9v63anfnfqFsBPB3BBxxGEpukP3yC0QztwBpznOOjWFlTZFQjAjReoE6v69GepSBN74P7BY+PlskffLwcSA2RjM66wJuxz/XS5eb+TrGJ5gXqTEaJRKNuqyotrhSIfTOl7fLiYfq48nTSCRzOKwsO4H8kgKQ0+UJM+TrHqa/P2DnWNf68JQ6xSFTVVyv6Une56eF3R/JktWPU3bvcN2nuwEXa1T1NuTh4NZ85SOOKzFp/3w/Mpur4CUD+Jv9q5NU0YqmqRs8RsyXkXAIQIAAA==[0m[INFO] [INFO] Copying 3 resources
[8mha:AAABOx+LCAAAAAAAAACFjsFKxDAQhsdqtXgR9CYIgqi3tEoVZU/a3YhQ18OCIMVD3K210k1qm0pB8Hk86Mv4Bp4WEd/BTNOsiAdnDvmY/P/M//IFdlnA1m01KgUneVYlKS8J42U6FJkoyJGiAKkvZAy6ZiywQnAawRnLJWyH2u+2fnfqd6d+JeyEMDdikklYDu/YA3MzxhN3IIuUJ526gNU2xVDwUmQxCfT7+zLUuQq8+X9gdfDz2RHvl4OJBbMR2NdJE3Yl+ntc/d7g7z08wbxKydk4RrbqvCqMg6CDtI7Xt4vJx9rjSRNIJXMkLGz4ATYSpZ4qJM9D1jND/v7B7rFvdJQanSbaVIX3HbPZ88y+oPuzGVnPDO30Dtt9OAm6Rqept4ctwa5lXIwlLEWnfXp+td4+i9+ywCsSDgIAAA==[0m[INFO] [INFO] 
[8mha:AAABaR+LCAAAAAAAAACFkM1Kw0AUha/RanCpO0EIiH+L/Fhq0Xajpo0IsS4KohQXYzpNK2kSZyYlIPg8LvRlfANXRcR3cCaTaREX3lnMx51z7j3M6zdUKIGdYdanSWylURaOYmqhmI6CJEqIdcrJFdRJGAZZCxpoPuiF4BKlDHZ96bdLvz3z2zM/FzZ9WOojhhis+Q9oguwIxaHdZWQUh82cwEaZIkhimkTYcuX9ezPkKQ+8/X9gvvDrRU8+brtTDRZ7ULkPi7Drvb/L+etAvD7CMyzzlDEaY8FanmZEOSzhsErH2/v19HPz6bwIxJPpDFa2aq44gjzP4SXIcQTLnqJa/ah6VlM6z1M6SV5Rmdivq8mOo+a5rflkwbKn6KB9XM4THbeldJLah+IwqOQMkzGDm95Fx7u6M8rLNE1jjCY4NgmmSUYCTE35wY2qVW/MmsZeHw9QFrG5bt84MShGJBiKKas/cW7/yFcCAAA=[0m[INFO] [INFO] --- maven-resources-plugin:2.6:resources (default-resources) @ search ---
[8mha:AAABYR+LCAAAAAAAAACFj0FLwzAUx5/VafGoN0EoiO5kW2XKxNPsVhHqPMwJMjzENquVLqlJKhXBz+NBv4zfwNMQ8TuYtM1EPPhyyI+X//+9f16+oMEZbN3kEafEztI8Tgi3EeFJSFPK7I4kT1GfCgxVzRlgBGCWglOUCWgGld+p/c7M78z8UngYwEKEBBKwEtyie+SkiMTOQLCExIcFg7U6RUgJpym2ver+vRmKTAbe/D+wXPj5bNL3y8HUgPkRNK7jMuzq6O9y+TpWr3fwBIsyJUETrNgospxph60cdu14fbuYfqw/HpeBZDJTwNJGy1NHke+7shS5ruKqp6m13949ammd72tdRX5Zudpv6smuq+d53Z/Jiquepp3eQT1Pdbyu1lXU21NHQKMQmE0EdEYnff/syqqvIZc/s5rDc3+73bQwCWmkGoJaIc0erHGSShuOLIY5zVmIub38DXws/ypAAgAA[0m[INFO] [INFO] Using 'UTF-8' encoding to copy filtered resources.
[8mha:AAABSh+LCAAAAAAAAACFj8FKxDAQhsdqtXjUmyAURb21Veqi7Em7WxHqelgQpHiI3Vor3aSbpFIRfB4P+jK+gadFxHcwaZoV8eDkkI/J/8/8efkCk1HYvq1GjGCnLKosx8xBmOUJKQh1jgQFkgaEp6BqzgAjAqsRnKGSw06k/G7rd2d+d+YXwm4ECyPEEYeV6A7dI7dAOHOHnOY469YU1toUCcGMFKkTqPv3ZqhLEXjr/8Bi4eezRd4vh1MD5mMwr7Mm7Gr8d7l4vZGvE3iCRZESo3Eq2ajLimqHIx1O63h9u5h+rD+eNIFEMovD0qYfyCMpDD1RkjxPsupp8jsHe8e+1oWh1ikKm6rkfktP9jw9L+j9TJasepp2+4ftPNkJelqnqL8vDwez5ikdc9iITwfh+ZXdXgEpH8Tf7I5NU0YqmqRs+RsiKeZYIQIAAA==[0m[INFO] [INFO] Copying 6 resources
[8mha:AAABTx+LCAAAAAAAAACFj81KxDAUha/VanGpO0EoiD+rtCNVlFlpZypCHRcDghQXsVNrpZN00lQqgs/jQl/GN3A1iPgOJk0zIi68WeTj5px7T16+wCwZbN1Wo5ISVORVmpESYVJmMc0pQ0eCfEkDyhNQNWeAEYLVCM5wwWE7VH6n9TszvzPzC2E3hIUR5pjDSniH77GTY5I6Q84yknZrBmttipiSkuYJ8tX9ezPUhQi8+X9gsfDz2aLvl8OpAfMRmNdpE3Y1+rtcvN7I1wk8waJISfA4kWzURcW0A0kHah2vbxfTj/XHkyaQSGZxWNrwfHkkBYErSpLrSlY9Td7+we6xp3VBoHWKgqYqud/Sk11Xz/N7P5Mlq56mTv+wnSc7fk/rFPX35OFg1jxhYw470ekgOL+y28unxYP4m92xWVLSisWJzamNkLP8DSA3rr4nAgAA[0m[INFO] [INFO] Copying 1 resource to ../
[8mha:AAABOx+LCAAAAAAAAACFjsFKxDAQhsdqtXgR9CYIgqi3tEoVZU/a3YhQ18OCIMVD3K210k1qm0pB8Hk86Mv4Bp4WEd/BTNOsiAdnDvmY/P/M//IFdlnA1m01KgUneVYlKS8J42U6FJkoyJGiAKkvZAy6ZiywQnAawRnLJWyH2u+2fnfqd6d+JeyEMDdikklYDu/YA3MzxhN3IIuUJ526gNU2xVDwUmQxCfT7+zLUuQq8+X9gdfDz2RHvl4OJBbMR2NdJE3Yl+ntc/d7g7z08wbxKydk4RrbqvCqMg6CDtI7Xt4vJx9rjSRNIJXMkLGz4ATYSpZ4qJM9D1jND/v7B7rFvdJQanSbaVIX3HbPZ88y+oPuzGVnPDO30Dtt9OAm6Rqept4ctwa5lXIwlLEWnfXp+td4+i9+ywCsSDgIAAA==[0m[INFO] [INFO] 
[8mha:AAABah+LCAAAAAAAAACFkM1Kw0AUha/RanCpO0EIiH+LTGKtou1GTRsRYl0UBSkuxnQaK/lzMikBwedxoS/jG7gqIr6DM5lMRVx4ZzEfd8659zAvX1DLKGzc5YMsiVEa5sEozhCOs5GfhAlFx5wcQd2EEZA1o4HmgV4KznHKYNOTfqvyW1O/NfVzYcuDuQFmmMGSd4/H2ApxHFg9Rkdx0CoorFQp/CTOkpAgR96/N0OR8sDr/wfmCz+f9eT9ujfRYLYPtdugDLvc/7ucvw7F6wM8wTxPGeOICNaKNKfKgYQDVY7Xt6vJx+rjaRmIJ9MZLKw1HHEEua7NS5BtC5Y9RY39g/pJQ+lcV+kkuWXlYr+uJtu2mue0fyYLlj1FO53Dap7oOG2lk9TZE4dBrWCERgwu+2dd9+LGqC7TNI0Ij0ls+kmUjkJCTfm/zTraRfVm1TW2BmSI85Ap2bZxZGQEU/9OjFj8BoUK07xUAgAA[0m[INFO] [INFO] --- maven-compiler-plugin:2.3.2:compile (default-compile) @ search ---
[8mha:AAABjR+LCAAAAAAAAACFkcFKAzEQhsdqtXjUmyAERD25WUsVpSfddkWoVawIUjyk23S7bXazJtlaUHweD/oyvoGnIuI7mHR3K+LByWE+JvPP/CEvX1CUArb6SVfyyIpZ4geRtEgkA48zLqwjTY6hJlcU0pgrQKEBpWnDGYkVbDdSPc70eKbHM71urDZgoUsUUbDSGJARwYxEPm4pEUR+dSxgLXPh8UhyRi0nzb83wzjWhjf/N6wXfj6X+PtNa1KA+TYUO/7U7Gr773J92zO3d/AEi9plREJquDCOE5ErLKOwMsXr2/XkY/3hZGpIOyspWNqoOOYYcl1bhyHbNpzWcqrsH5SPK3mf6+Z9KbnTSMz+Uj7ZtvN5Tu1nsuG0ltNu/TCbZypOLe9Lqb5njoLiWFERKnhsnzbd81uUJYeHccD061C5giRPhEdRL2BUIsURHhGBWdDBAxoNzR8PeEfiqxYlwuujHXRBRY+LEF1SRomk+J6LoYyJR7GkYhTorIjwqcIeI1JSufwNLDI/N3sCAAA=[0m[INFO] [INFO] Compiling 24 source files to /var/lib/jenkins/jobs/TSearch - Perform Release/workspace/service/target/classes
[8mha:AAABOx+LCAAAAAAAAACFjsFKxDAQhsdqtXgR9CYIgqi3tEoVZU/a3YhQ18OCIMVD3K210k1qm0pB8Hk86Mv4Bp4WEd/BTNOsiAdnDvmY/P/M//IFdlnA1m01KgUneVYlKS8J42U6FJkoyJGiAKkvZAy6ZiywQnAawRnLJWyH2u+2fnfqd6d+JeyEMDdikklYDu/YA3MzxhN3IIuUJ526gNU2xVDwUmQxCfT7+zLUuQq8+X9gdfDz2RHvl4OJBbMR2NdJE3Yl+ntc/d7g7z08wbxKydk4RrbqvCqMg6CDtI7Xt4vJx9rjSRNIJXMkLGz4ATYSpZ4qJM9D1jND/v7B7rFvdJQanSbaVIX3HbPZ88y+oPuzGVnPDO30Dtt9OAm6Rqept4ctwa5lXIwlLEWnfXp+td4+i9+ywCsSDgIAAA==[0m[INFO] [INFO] 
[8mha:AAABaR+LCAAAAAAAAACFkM1Kw0AUha/RanCpO0EIiH+L/FSiaLtR06YUYl0IghQX03RMI0kmTiYlIPg8LvRlfANXRcR3MJPJVMSFdxbzceecew/z8gWNjMLOJB9nJDHSKA/CJDNQkoU+iQg1zkpyOA0IwyBqQQHFA7USXKCUwa4n/GbtN+d+c+4vhW0PlsaIIQZr3j2aIjNCSWBeMRomQbugsFGn8EmSkQgbjrh/b4YiLQNv/x+4XPj5rJL3m6uZAotDaIyCKuz68O/y8vWOvz7AEyyXKRMUY85KkeZUOgzuMGrH69v17GPzsVcFKpOpDFa2bIcfTq5rlcXJsjiLniT76Pjg3JY615U6QW5VOd+vysmWJec5nZ/JnEVPUrN7Us/jHacjdYK6h/wwaBQM05hBf9gfuJe3Wn3puq4FMZriRBf/2moadssncRpGWNsb5WE07lFCpiHO9rVTLcOI+hNuW/0GX/x9WkgCAAA=[0m[INFO] [INFO] --- gmaven-plugin:1.4:compile (buildGroovies) @ search ---
[8mha:AAABUB+LCAAAAAAAAACFjsFKw0AQhsdoNXjUmyAERMVLEksrSk+aNkWI9VAQJHhYkxgj6W7c3ZSI4PN40JfxDTwVEd/B3Wy2Ih6cOezH7P/P/C9f0GIUdm7LmBFsF3mZZpjZCLMsIjmh9rEgT9KI8ARULRhgBGDWgjNUcNgNlN9p/M7c78z9QtgLYClGHHFYC+7QFDk5wqkz5jTDaa+isNGkiAhmJE9sT72/L0NViMDb/wcWBz+fTfJ+OZ4ZsBhC6zqtw66Hf4+L3xv5ew9PsCxSYjRJJBtVUVLtsKXDbhyvbxezj83HYR1IJDM5rGx1PNmSfN8VJcl1JauZps7BYfuko3W+r3WK/LpKed/Um11X7/P6P5slq5mm/cFRs09OvL7WKRp0ZXNoVTyhEw574enIP7+ymscjkyLLk9hqd60hJWT6YEU5Yixhq99RRlA2KAIAAA==[0m[INFO] [INFO] Compiled 25 Groovy classes
[8mha:AAABOx+LCAAAAAAAAACFjsFKxDAQhsdqtXgR9CYIgqi3tEoVZU/a3YhQ18OCIMVD3K210k1qm0pB8Hk86Mv4Bp4WEd/BTNOsiAdnDvmY/P/M//IFdlnA1m01KgUneVYlKS8J42U6FJkoyJGiAKkvZAy6ZiywQnAawRnLJWyH2u+2fnfqd6d+JeyEMDdikklYDu/YA3MzxhN3IIuUJ526gNU2xVDwUmQxCfT7+zLUuQq8+X9gdfDz2RHvl4OJBbMR2NdJE3Yl+ntc/d7g7z08wbxKydk4RrbqvCqMg6CDtI7Xt4vJx9rjSRNIJXMkLGz4ATYSpZ4qJM9D1jND/v7B7rFvdJQanSbaVIX3HbPZ88y+oPuzGVnPDO30Dtt9OAm6Rqept4ctwa5lXIwlLEWnfXp+td4+i9+ywCsSDgIAAA==[0m[INFO] [INFO] 
[8mha:AAABaR+LCAAAAAAAAACFkM1Kw0AUha/RanCpO0EIiH+L/FSiaLtR00bEWMGCIMXFmE5jJZ2JmUkJCD6PC30Z38BVEfEdnEkyFXHhncV83Dnn3sO8fEGNpbBxl/UZJVYSZ9GQMAsRNgxpTFPrSJAnqUM5hrJmNNAC0AvBOUo4bAal36789tRvT/1C2Axgro844rAU3KMxsmNEIrvL0yGJmnkKK1WKkBJGY2x55f17M+SJCLz+f2Cx8PNZp+/X3YkGsz2o3UZF2OXe3+XidSBfH+AJ5kVKgkZYspYnWaoclnRYleP17Wrysfp4UgQSyXQOC2uuJ48k33dESXIcyWVPkbu3v3PsKp3vK11JflGZ3K+ryY6j5nmtn8mSy56ievugmic7XkvpSmrvysOhlnOcjjic9U47/sWNUV2maRrRCI0xMct/bdQtt4FzHGYcG1uDYSxsl5jRLA0x2zYODYZRGt5J4+I3jpGhIEoCAAA=[0m[INFO] [INFO] --- gmaven-plugin:1.4:execute (filterResources) @ search ---
[8mha:AAABOx+LCAAAAAAAAACFjsFKxDAQhsdqtXgR9CYIgqi3tEoVZU/a3YhQ18OCIMVD3K210k1qm0pB8Hk86Mv4Bp4WEd/BTNOsiAdnDvmY/P/M//IFdlnA1m01KgUneVYlKS8J42U6FJkoyJGiAKkvZAy6ZiywQnAawRnLJWyH2u+2fnfqd6d+JeyEMDdikklYDu/YA3MzxhN3IIuUJ526gNU2xVDwUmQxCfT7+zLUuQq8+X9gdfDz2RHvl4OJBbMR2NdJE3Yl+ntc/d7g7z08wbxKydk4RrbqvCqMg6CDtI7Xt4vJx9rjSRNIJXMkLGz4ATYSpZ4qJM9D1jND/v7B7rFvdJQanSbaVIX3HbPZ88y+oPuzGVnPDO30Dtt9OAm6Rqept4ctwa5lXIwlLEWnfXp+td4+i9+ywCsSDgIAAA==[0m[INFO] [INFO] 
[8mha:AAABcB+LCAAAAAAAAACFkMtKw0AUho/VanCpO0EIiLdFLpUo2m7UtClCrIuIIMXFtB1jJJ2JM5MSEHweF/oyvoGrIuI7OJNLRVx4ZjEfZ87/n595+YI6Z7B1l444JWYSp2FEuIkIj4Y0psw8keQq6lGBoai5GtR80PKBc5QI2PYLvVXqrZnemunlYMuHhRESSMCKf48myIoRCa1AsIiErYzBWpliSAmnMTbd4v69GbJEBt78P7Bc+Pms0ffrYFqD+T7UB2EedrX/d7l8vVWvD/AEizIlQWOsuJYlKasUplKYpeL17Wr6sf7YzQPJZJqApQ3HVUeR59myFNm24qJXkXNwuHfqVHOeV80V5OWVqv1a5WzblZ/b/nFWXPQqanSOSj/VcdvVXEGdfXUE1DOB2VhA0D/reRc3enkZhqGHYzTBxCj+tdkwnWaICWZI4EvMRSDSAdd3BmkUj7qM0kmE+a5+rHOM2PBOGSx/AxJHzfNSAgAA[0m[INFO] [INFO] --- gmaven-plugin:1.4:generateTestStubs (buildGroovies) @ search ---
[8mha:AAABTR+LCAAAAAAAAACFj0FLwzAUx5/VavGoN0EoyPTWVpky2Um7dSh1HgaCDA/ZGuukS7oklYLg5/GgX8Zv4GmI+B1MmmYiHnw55MfL///ePy9fYHMGu3dFwinx8qxIJ4R7iPDJmGaUeSeSQkV9KjDoWrLAisGpBBcoF7AXa79f+/2F31/4pbAdw0qCBBKwEd+jB+RniKT+QLAJSdslg606xZgSTjPshfr+vRnKXAZu/B9YLvx8duj79WBuwfIQ7FFahd0c/l0uX2/V6wyeYFWmJGiKFVtlXjDj8JTDqx2vb1fzj+3HXhVIJnMErO00Q3UURVEgS1EQKNY9Q82j1sFp0+iiyOg0RVUVar9jJgeBmRd2fiYr1j1D+93jep7qhB2j09Q9VEeAXQrMpgIaw7N+dHnj1lcPE8yQwInbcs/lh10uihFf/wagVpO9JAIAAA==[0m[INFO] [INFO] Generated 8 Java stubs
[8mha:AAABOx+LCAAAAAAAAACFjsFKxDAQhsdqtXgR9CYIgqi3tEoVZU/a3YhQ18OCIMVD3K210k1qm0pB8Hk86Mv4Bp4WEd/BTNOsiAdnDvmY/P/M//IFdlnA1m01KgUneVYlKS8J42U6FJkoyJGiAKkvZAy6ZiywQnAawRnLJWyH2u+2fnfqd6d+JeyEMDdikklYDu/YA3MzxhN3IIuUJ526gNU2xVDwUmQxCfT7+zLUuQq8+X9gdfDz2RHvl4OJBbMR2NdJE3Yl+ntc/d7g7z08wbxKydk4RrbqvCqMg6CDtI7Xt4vJx9rjSRNIJXMkLGz4ATYSpZ4qJM9D1jND/v7B7rFvdJQanSbaVIX3HbPZ88y+oPuzGVnPDO30Dtt9OAm6Rqept4ctwa5lXIwlLEWnfXp+td4+i9+ywCsSDgIAAA==[0m[INFO] [INFO] 
[8mha:AAABbR+LCAAAAAAAAACFkM1Kw0AQx8doNXjUmyAExK9DPiy1aHtR00aEWMGCIEVwTbexkmbj7qYEBJ/Hg76Mb+CpiPgOZrPZSvHgzGF/zMx/5s++fkOFUdi6T/uMxFYSpeEwZhaK2TAgEaHWcU6uoA7hGGTMaaD5oBcD5yjhsO1LvV3q7anenurzwaYPC33EEYcV/wGNkR2hOLS7nA7jsJlRWCtdBCRmJMKWK9/Zy5AlueHN/w3nB79edPJx3Z1oMN+Dyl1YmF3t/T2edwei+wjPsJi7jNEIC9ayJKVKYQmFVSre3q8mn+tPp4Wh3JnOYWmj5ooU5HlOHoIcR7CsKarVD6onNTXneWpOkldEKu7rarPjqH1u63ezYFlTtNc+LPeJittSc5La+yI5VDKO6YjDbe+s413cGOVjmqYxQmMcmxQzktIAM1N+cKNq1RscM36pGsZOHw9QGnFzprxrHBkMIxrci23LP3ixdoVfAgAA[0m[INFO] [INFO] --- maven-resources-plugin:2.6:testResources (default-testResources) @ search ---
[8mha:AAABYR+LCAAAAAAAAACFj0FLwzAUx5/VafGoN0EoiO5kW2XKxNPsVhHqPMwJMjzENquVLqlJKhXBz+NBv4zfwNMQ8TuYtM1EPPhyyI+X//+9f16+oMEZbN3kEafEztI8Tgi3EeFJSFPK7I4kT1GfCgxVzRlgBGCWglOUCWgGld+p/c7M78z8UngYwEKEBBKwEtyie+SkiMTOQLCExIcFg7U6RUgJpym2ver+vRmKTAbe/D+wXPj5bNL3y8HUgPkRNK7jMuzq6O9y+TpWr3fwBIsyJUETrNgospxph60cdu14fbuYfqw/HpeBZDJTwNJGy1NHke+7shS5ruKqp6m13949ammd72tdRX5Zudpv6smuq+d53Z/Jiquepp3eQT1Pdbyu1lXU21NHQKMQmE0EdEYnff/syqqvIZc/s5rDc3+73bQwCWmkGoJaIc0erHGSShuOLIY5zVmIub38DXws/ypAAgAA[0m[INFO] [INFO] Using 'UTF-8' encoding to copy filtered resources.
[8mha:AAABSh+LCAAAAAAAAACFj8FKxDAQhsdqtXjUmyAURb21dami7Em7WxHqelgQpHiI3Vor3aSbpFIRfB4P+jK+gadFxHcwaZoV8eDkkI/J/8/8efkCk1HYvq1GjGCnLKosx8xBmOUJKQh1jgQFkgaEp6BqzgAjAqsRnKGSw06k/G7rd2d+d+YXwm4ECyPEEYeV6A7dI7dAOHOHnOY469YU1toUCcGMFKkTqPv3ZqhLEXjr/8Bi4eezRd4vh1MD5mMwr7Mm7Gr8d7l4vZGvE3iCRZESo3Eq2ajLimqHIx1O63h9u5h+rD+eNIFEMovD0qYfyCMpDD1RkjxPsupp8vcPOse+1oWh1ikKm6rkfktP9jw9L+j9TJasepp2+4ftPNkJelqnqL8nDwez5ikdc9iITwfh+ZXdXgEpH8Tf7I5NU0YqmqRs+RtdEuBbIQIAAA==[0m[INFO] [INFO] Copying 2 resources
[8mha:AAABOx+LCAAAAAAAAACFjsFKxDAQhsdqtXgR9CYIgqi3tEoVZU/a3YhQ18OCIMVD3K210k1qm0pB8Hk86Mv4Bp4WEd/BTNOsiAdnDvmY/P/M//IFdlnA1m01KgUneVYlKS8J42U6FJkoyJGiAKkvZAy6ZiywQnAawRnLJWyH2u+2fnfqd6d+JeyEMDdikklYDu/YA3MzxhN3IIuUJ526gNU2xVDwUmQxCfT7+zLUuQq8+X9gdfDz2RHvl4OJBbMR2NdJE3Yl+ntc/d7g7z08wbxKydk4RrbqvCqMg6CDtI7Xt4vJx9rjSRNIJXMkLGz4ATYSpZ4qJM9D1jND/v7B7rFvdJQanSbaVIX3HbPZ88y+oPuzGVnPDO30Dtt9OAm6Rqept4ctwa5lXIwlLEWnfXp+td4+i9+ywCsSDgIAAA==[0m[INFO] [INFO] 
[8mha:AAABbx+LCAAAAAAAAACFkM9Kw0AQxsdoNXjUmyAExH+HbGKtou1FTRsRYj0UBCk9rOk2jSSbmGxKQPB5POjL+AaeiojvYDabrYoHZw77Y2a+mY99/oRamsDWOBumEUVxkHk+TRGmqe9GQZSg04IsTt2IERAxp4DigFoOXOKYwbYj9EalN2Z6Y6YvBlsOLAwxwwxWnDs8wUaAqWf0WOJTr5UnsFa5cCOaRgFBlnh/X4Y8Lgxv/m+4OPjxpEZvN72pAvN9qN16pdnV/t/jRXfEu/fwCIuFS4pDwlnJ4yyRCsQVqFK8vF5P39cfzktDhTOVwdJGw+LJybbNIjiZJmdRk9Q4PKqfNeScbcs5QXYZGb+vys2mKfdZ7e/NnEVN0l7nuNrHK1ZbzgnqHPBkUMsZSUIGg/5F174aaNWj67oW4gmhuhuFsR+QRBf/26yjfVRvMpIyS3S0nSEZ4Sxg+o/irnaipQQn7pivWv4CTgMbjVwCAAA=[0m[INFO] [INFO] --- maven-compiler-plugin:2.3.2:testCompile (default-testCompile) @ search ---
[8mha:AAABjx+LCAAAAAAAAACFkcFKAzEQhsdqtXjUmyAERD25WaVKxZOurgi1ihVBiod0na7bpps1ydaCID6OB30Z38CTiPgOJt3dinhwcpiPyfwzf8jzF5SVhJWb9FqJ2El4GkaxclisokBwIZ1dQ56lhtAIWUyUoFSHyqjhmCUaVuuZnuZ6OtbTsd407tRh6ppppmGu3mUDRjmLQ9rUMorDnaGEhdxFIGIlODpeln9vhmFiDC//b9gs/HyqiLfL5nsJJltQbocjs/Otv8vNbcfe3sIDTBuXMeuj5dIwSWWhcKzCyRUvrxfvH4v3hyNDxllFw8xS1bPHku+7Jiy5ruWsVlB1q7axVy36fL/oy8gfRWr3V4rJrlvM8/Z/JlvOagWtH2zn82zF2y/6MjrYtEdDeahR9jU8to4a/skVyZMn+knEzetIjSiRygBJJ+KoiBaEDpikPGrTLsY9+8Vd0Vb0vIlMBjdkjZyi7AjZJ2fIkSmkd0L2VMICpArlIDJZMxmiphqVXgs4UwrV7DfdrdarfwIAAA==[0m[INFO] [INFO] Compiling 8 source files to /var/lib/jenkins/jobs/TSearch - Perform Release/workspace/service/target/test-classes
[8mha:AAABOx+LCAAAAAAAAACFjsFKxDAQhsdqtXgR9CYIgqi3tEoVZU/a3YhQ18OCIMVD3K210k1qm0pB8Hk86Mv4Bp4WEd/BTNOsiAdnDvmY/P/M//IFdlnA1m01KgUneVYlKS8J42U6FJkoyJGiAKkvZAy6ZiywQnAawRnLJWyH2u+2fnfqd6d+JeyEMDdikklYDu/YA3MzxhN3IIuUJ526gNU2xVDwUmQxCfT7+zLUuQq8+X9gdfDz2RHvl4OJBbMR2NdJE3Yl+ntc/d7g7z08wbxKydk4RrbqvCqMg6CDtI7Xt4vJx9rjSRNIJXMkLGz4ATYSpZ4qJM9D1jND/v7B7rFvdJQanSbaVIX3HbPZ88y+oPuzGVnPDO30Dtt9OAm6Rqept4ctwa5lXIwlLEWnfXp+td4+i9+ywCsSDgIAAA==[0m[INFO] [INFO] 
[8mha:AAABax+LCAAAAAAAAACFkM1Kw0AUha/RanCpO0EIiH+L/FSiaLtR06YIaV0IghQX03ZMI0kmZialIPg8LvRlfANXRcR3cCaTqYgL7yzm48459x7m5QtqNIedcTGiJLWyuAijlFoopdGQxCS3zjh5gnqEYZC1oIEWgF4KuihjsBtIv1357bnfnvu5sBnA0ggxxGAtuEcTZMcoDe0rlkdp2JzmsFGlGJKUkhhbnrx/b4ZpxgNv/x+YL/x81sn7zdVMg8U+1AZhGXa9/3c5f70Trw/wBMs8ZYoSLFibZkWuHJZwWJXj9e169rH52CkD8WQ6g5Ut1xNHkO87vAQ5jmDZU+QeHR+cu0rn+0onyS+rEPt1Ndlx1Dyv9TNZsOwpqrdPqnmi47WUTlL7UBwGtSnDecKg27/o+Ze3RnWZpmmECZrg1JT/2qhbboNhyjySZFGMjb1BEcWjTk7IJMJ03zg1KEb5cCysq9+jntYCTAIAAA==[0m[INFO] [INFO] --- gmaven-plugin:1.4:testCompile (buildGroovies) @ search ---
[8mha:AAABUR+LCAAAAAAAAACFjsFKw0AQhsdoNHjUmyAERMVLEmsUpSdNmyLEeigIEjysbYyRdDfubkpE8Hk86Mv4Bp6KiO/gbjZbEQ/OHPZj9v9n/pcvMBmFrdtyxAh2irxMM8wchFk2JDmhzrGgQFKf8ARUzRlgRGDVgjNUcNiOlN9t/O7M7878QtiOYGGEOOKwEt2hCXJzhFN3wGmG03ZFYa1JMSSYkTxxAvX+vgxVIQJv/h9YHPx8tsj75WBqwHwM5nVah12N/x4Xvzfy9x6eYFGkxGicSDaqoqTa4UiH0zhe3y6mH+uPvTqQSGZxWNrwA9mSwtATJcnzJKuZJv/gsHXia10Yap2isK5S3rf0Zs/T+4LOz2bJaqZpt3vU7JOToKN1irr7sjmYFU/omMNOfNoPz6/s5gnIuMjyZGS39uweJWTyYA9zxFjClr8BWfFkkSgCAAA=[0m[INFO] [INFO] Compiled 23 Groovy classes
[8mha:AAABOx+LCAAAAAAAAACFjsFKxDAQhsdqtXgR9CYIgqi3tEoVZU/a3YhQ18OCIMVD3K210k1qm0pB8Hk86Mv4Bp4WEd/BTNOsiAdnDvmY/P/M//IFdlnA1m01KgUneVYlKS8J42U6FJkoyJGiAKkvZAy6ZiywQnAawRnLJWyH2u+2fnfqd6d+JeyEMDdikklYDu/YA3MzxhN3IIuUJ526gNU2xVDwUmQxCfT7+zLUuQq8+X9gdfDz2RHvl4OJBbMR2NdJE3Yl+ntc/d7g7z08wbxKydk4RrbqvCqMg6CDtI7Xt4vJx9rjSRNIJXMkLGz4ATYSpZ4qJM9D1jND/v7B7rFvdJQanSbaVIX3HbPZ88y+oPuzGVnPDO30Dtt9OAm6Rqept4ctwa5lXIwlLEWnfXp+td4+i9+ywCsSDgIAAA==[0m[INFO] [INFO] 
[8mha:AAABah+LCAAAAAAAAACFkM1Kw0AUha/VanCpO0EIiH+L/LRU0Xajpo0IsS4KghQXYztNI+kkzkxKQPB5XOjL+Aauiojv4EwmUxEX3lnMlzvn3HvIyxdUGYWdcTZkCbHTOAsjwmxEWDRI4oTap4I8Sd2EY1C1UIFKAEYhuEQph91A+Z3S78z9ztwvhK0AloaIIw5rwT2aIidGJHR6nEYkbOUUNsoUg4SwJMa2p+7fmyFPReDt/wOLhZ/PRvJ+05tVYLEP1buwCLve/7tcvI7k6wM8wbJISdAES67kaUa1w5YOu3S8vl3PPjYfz4tAIpnBYWWr4ckjyfddUZJcV7LqaWocHtXPGlrn+1qnyC8qk/sNPdl19Tyv/TNZsuppqnWOy3my47W1TlHnQB4O1ZxjOuHQ7V90/atbs7wsyzInaIqJxTKKRxHFlvq/zbpdc5scM27uDfEIZTG35Ne+eWIyjOhgLL2r314UVMtNAgAA[0m[INFO] [INFO] --- maven-surefire-plugin:2.10:test (default-test) @ search ---
[8mha:AAABjR+LCAAAAAAAAACFkcFKw0AQhsdqtXjUmyAERD01G6WK2pOmjQi1ihVBiodtuk3Tptk4u6kVwYsv40FfxjfwVER8B3ebpCIenD3sx+z88/+wL1+QFwgb3bgteGhGQez5oTBpKHyXBxzNQ0W2pjqXDJKayUGuBoXJwCmNJGzWEj1J9WSqJ1O9GizXYK5NJZWwVOvRISUBDT3SkOiHXnmEsJKmcHkoeMBMO7l/O8MoUoHX/w+sDD+fC/z9ujHOwWwT8i1vEna5+ddcvXb06y08wrxKGdIB05wbRTFmClMrzFTx+nY1/lh9OJ4EUskKEhbWSrY+mhzHUqXJsjQnvYxKu3vbR6VsznGyuYScScXav5Bttqxsn1352aw56WW0Vd1P9+mOXcnmEqru6CMhP5IMBxKemid15+zGSK9GjKzjIzOQRRyl0VbsSo73BwYZUiSB3yI9Fvb1D/d4S5DLBqPodo2icc6ww3FgXLCAUcHIHce+iKjLiGA49NUtKXpMEpF6FBMPsfgNlLWWBYICAAA=[0m[INFO] [INFO] Surefire report directory: /var/lib/jenkins/jobs/TSearch - Perform Release/workspace/service/target/surefire-reports
[8mha:AAABOR+LCAAAAAAAAACFjsFKxDAQhsdqtXjUmyAIot7SKlWUPbndrQh1PSwIUjzE3Vor3aSmqRQEn8eDvoxv4GkR8R3MNM2KeHDmkI/J/8/8L19glwK2b6txyRkp8irNWEkoK7MRz7kgx4oCpAGXCeias8CKwGkEZ7SQsBNpv9v63ZnfnfmVsBPBwphKKmEluqMP1M0pS92hFBlLO7WAtTbFiLOS5wkJ9Pv7MtSFCrz1f2B18PPZ4e+Xw6kF8zHY12kTdjX+e1z93uDvPTzBokrJ6CRBtuqiEsZB0EFax+vbxfRj/fGkCaSSORKWNv0AGykMPVVInoesZ4b8g8O9rm90YWh0msKmKrzvmM2eZ/YFvZ/NyHpmaLd/1O7DSdAzOk39fWwJdi0TMZHgxKeD8PxqY/kbaqkK+wcCAAA=[0m[INFO] 
[8mha:AAABPh+LCAAAAAAAAABb85aBtbiIQS2jNKU4P0+vIKc0PTOvWC8xrzgzOT8nv0jPEchyBrH88ktSGSCAkYmByYeBA6zAN7GghEHdB6JfH6pfH65fH64fqNDah4ElJbEksYRByCcrsSxRPycxL10/uKQoMy/duqKIQQrqiuT8vOL8nFQ9ZwiNajNDRQHQwaqEHQy08PUKjvyHkcHPmRiYoxlYk9LBjhWOxrQcKJsGki1kqGNgA7oyLzE3FcRmqigoLYLp0APp0IPqWHsp7PlL2Wp3sIOALuMoYWBXNnEGQRDLzc0ACEAsAwMQGyIGY5mYWRg5mcDUubnB1EFYbmBQCrKfA2aygQHMPGcXhMkgNkQMxjJ0tYSaBxJxdoGpg7BcTUGwhIG1oiS1KLeEwT7a08/NP1ZBlzzABQBLt5s/PgIAAA==[0m[INFO] -------------------------------------------------------
[8mha:AAABQh+LCAAAAAAAAACFkcFKxDAQhsdqtXjUmyAURL21Vaooe9JuI0JdDxVBioe4W2ulm3TTVAqCz+NBX8Y38LSI+A4mTbMiHpxA8zH5/5kf+vIFZsVg664eVZQ4ZVFnOakcTKp8SAvKnCNBgaQB5SmomjPAiMBqBWe45LAdKb/b+d2Z3535hbAXwcIIc8xhJbrHD9gtMMncmLOcZL2GwVqXYkhJRYvUCdT9ezM0pQi8+X9gsfDz2aLvV/HUgPkEzJusDbua/F0uXm/l6wSeYFGkJHicSjaasmba4UiH0zle3y6nH+uPJ20gkczisLThB/JIQsgTJcnzJKueJn//YPfY1zqEtE4RaquW+y092fP0vKD/M1my6mnaCQ+7ebIT9LVOUbgnDwez4Skbi9+QnA7Q+bVtX9ihHYtvvPwN+3DhShECAAA=[0m[INFO]  T E S T S
[8mha:AAABPh+LCAAAAAAAAABb85aBtbiIQS2jNKU4P0+vIKc0PTOvWC8xrzgzOT8nv0jPEchyBrH88ktSGSCAkYmByYeBA6zAN7GghEHdB6JfH6pfH65fH64fqNDah4ElJbEksYRByCcrsSxRPycxL10/uKQoMy/duqKIQQrqiuT8vOL8nFQ9ZwiNajNDRQHQwaqEHQy08PUKjvyHkcHPmRiYoxlYk9LBjhWOxrQcKJsGki1kqGNgA7oyLzE3FcRmqigoLYLp0APp0IPqWHsp7PlL2Wp3sIOALuMoYWBXNnEGQRDLzc0ACEAsAwMQGyIGY5mYWRg5mcDUubnB1EFYbmBQCrKfA2aygQHMPGcXhMkgNkQMxjJ0tYSaBxJxdoGpg7BcTUGwhIG1oiS1KLeEwT7a08/NP1ZBlzzABQBLt5s/PgIAAA==[0m[INFO] -------------------------------------------------------
[8mha:AAABYR+LCAAAAAAAAACFj0FLwzAUx5/VafGoN0EQRL2lVaYoO2m3ilAn2CHI8BC72NV1SU3SURD8PB70y/gNPA0Rv4NJ007Egy+H/Pry/7/378sXNASH7WE+EIyiLM3jhAqEqUgiljKOjhV5mrpMEjA1Z4EVgF0KznEmYScwfqfyOzO/M/MrYSuAhQGWWMJKcI8n2EkxjZ1Q8oTGrYLDWpUiYlSwlCDP3L83Q5GpwFv/B1YLP59t9n4dTi2Y70PjNi7Drvb/Llevd/r1AZ5gUaWkeEw0W0WW89qBtANVjte3q+nH+uNpGUglsyUsbTY9fTT5vqtKk+tqNr2amgeHeyfNWuf7tc6QX1au99v1ZNet53ntn8maTa+m3c5RNU93vHatM9TZ10dCo5CEjyW0+2dd/+Jm4zKnVP3URsTGiONoJDIcESQI5tFQXXySqM9eEo2IDMtmaHo9IuTyN5Oh5V5DAgAA[0m[INFO] Running com.rackspace.search.service.TicketSearchServiceTest
[8mha:AAABjh+LCAAAAAAAAACFkUEvA0EUx59SGkduEskkgguzW1raOrGsSFYdiEQ2PYzd6Vq2M+3sLCvE53Hgy/gGTiLiO5jpdog4eHPYX968///9M/v0CeVUwNJFFqac4X6SRTFLMWFpHPCEC7ytyNHU5pJCUWMlKHlQGQ4ckr6EZa/QWyO99a23vvVqcMuDiZBIImHGuyTXxEoIi6xjKWIWbeUC5kYpAs5SnlDsFN/fmyHvq8CL/wdWCz8eK/z17PitBOM+lM+jYdhZ/+9yddvVtwN4gEmVkpEe1VzK+5kwCqwVeKR4fjl9e5+/2x8GUskqEqYWao4+mlzXVqXJtjUXPUO1jcbaTs3Mua6ZK8gdVqb3V4yzbRs/Z/fHWXPRM1Tda478dMfZNXMF7dX1kVDOJRU9CTf+Qds96qBqs1XfaFXXVzYbdXS/qpsoZii4wAOe4oRH5yS4wkFCUvXK2ONRRIX6OZLm0g9pl2SJ7KBV5PAsCVH76AR1YxYiQVOeiYAi3zhEgvPr2870Fz7GFWd2AgAA[0m[INFO] 19:56:13,785 |-INFO in ch.qos.logback.classic.LoggerContext[default] - Could NOT find resource [logback.groovy]
[8mha:AAABlx+LCAAAAAAAAACFkU9v0zAYxt91lFUc4YaEZAkNLquTQlv65zTSZUIK7aEICUU9uImbBly7tZ0p09A+zw7bl9k32GmaEN8Bu0mKJg68PuSn1+/zvI+c699QVxLeLLNYCY7XLEtSrjDhKo0EExIfG/IsjYWmUNReDWoBNLYDn8law9ug0Dul3tnpnZ3eDA4DeBITTTQ8D76TM+IwwhNnqmXKk2Eu4WWZIhJcCUaxV3wfb4Z8bQIf/j+wWfjrqiHuvk3va7AfQn2ebMO+CP9dbm4X9nYDl/DUpORkRS3X8nUmKwW2Clwqbm6/3j+8ujjdBjLJGhoOXrc9eyz5vmvKkutaLnoVtbu9dx/b1ZzvV3MF+dvK7P5G5ey6lZ83+utsuehV1Drpl362442quYJOOvZoqOeaypWG8/DT2J/MUKs/6HQHrfdHH3od9LNpmyjlKFrijVCYiWROoh84YkSZV8aBSBIqzc/RNNdhTBckY3qGmsgTGYvRePIFLVIeI0mVyGREUVg6NDVVGucrNnv2B/77sJd4AgAA[0m[INFO] 19:56:13,785 |-INFO in ch.qos.logback.classic.LoggerContext[default] - Could NOT find resource [logback-test.xml]
[8mha:AAAB0B+LCAAAAAAAAACFkkFv0zAUx02hUHGEGxKSJbRxoXY6urJ1py1bEFIYiCIkFPXgpq9pWtfObKeLBOLzcIAvw4nrTtOE+A7YST1AHHiW5Z+e3/+9vxJ/+YnaWqHteTnVUpCCl1kuNGFC56nkUpFDS6GjU2kANXGjhVox6tQFL1lh0OO40dONnl7r6bXeFh7E6NaUGWbQvXjB1oxyJjI6MioX2UGl0IONi1QKLTmQsDn/noyqwhre+r9hO/DH5468eD+6bKGbCWpPstrs/eTf4fZ25m7P0Cd027oUbAWOW1VRKq8gTkE2iq/f3l1ePfzwvDZknXUMuvOoH7rlKIoCG46CwHGT89Qf7O0c9X1dFPm6hqI6Sje/4zsHge8XHv/u7LjJeeqd7G/6uUx47OsaOtl1y6B2ZUCtDPqevDiNXo1xb3+4Oxj2nj55tjfAH7suiXOB0zk5k5pwmU1YuiQpZ9p+ZRLLLANlf46ByiRTmLGSmzHu4kiWYooVaFmqFHDihdWKjzEzOJnlHIZ0zRTl+YQuQCzdY1nIiaZvR8BUOt/aCbp2vwY1k2pl6Q1wYBrouVRLXbAUqAa1zu1pmMrA0NoVaPrnsLu/AFtELdnXAgAA[0m[INFO] 19:56:13,786 |-INFO in ch.qos.logback.classic.LoggerContext[default] - Found resource [logback.xml] at [file:/var/lib/jenkins/jobs/TSearch%20-%20Perform%20Release/workspace/service/target/classes/logback.xml]
[8mha:AAABiR+LCAAAAAAAAACFkc9Kw0AQxsdoNXjUmyAsiHqxm1TSattTTRsRYj0UBCketmmapqa7abKRguLzeNCX8Q08FRHfwd38qYgHZw/729n5Zj52X76gFEdwME6GMaM4DBLPpzEmNPYdFrAItwSZkrqMu5DFigKKDWpacElCDod2ptdyvbbUa0u9KGzasDYknHDYsifknmgBoZ7W45FPveY8gp3chcNozAIXm9n+ezLMQ2F4/3/DYuDns8reb3oLBVb7UBp4qdnt/t/h4nYkb2fwBOvCJSVTV7IyD5OoUGCpwLni9e168bH7cJ4aEs5UDht7himXJMvSRUjSdclZriCjdnp8ZhR1llXUZWSlkcj5atFZ14t+Zvuns+QsV1ClU8/7yYzZLuoy6lTl4lCaczeacgj7F13r6hZV6o1qrVExjk4qJ+ixLJPIp8gZ4xmLccC8AXHusBOQWLwynrCIUEwc7osPEH808r0kIvLUSnOojIbuIPEQ4eKtBgl3EWUcxS7f/AbLh/2fbwIAAA==[0m[INFO] 19:56:14,717 |-INFO in ch.qos.logback.classic.joran.action.ConfigurationAction - debug attribute not set
[8mha:AAABmh+LCAAAAAAAAACFUdFKwzAUvU6nw0d9E4SAqC+adrLNqU+1WhGmgoIgYw9Zl3WdXVLTVCaK3+OD/ox/4JOI+A8mbaOIgjcPObk559xD8vgB5UTAyiDtJZzhOEqDkCWYsCT0ecQFdhRyNTrmkkJeEyUotaCSEY5ILGG1leutQm996a0vvSLutGCqRySRMNcakmtiRYQF1pkUIQt2xgIWihQ+ZwmPKHbz/edkGMcq8PL/gdXA94cKf7k4ey3BZBvK3SALO9/+PVzd9vXtFdzDtErJyIhqXBrHqTAKrBW4UDw9n7++Ld4eZIFUsoqEmaWaq5dGnmer0si2Nc57BtUazY3dmuF5nuHlyMsq1fMrxtm2jZ+79+2scd4zqLq/VfjpjrtneDnar+sloTyWVIwkPLQPj72TDqpubdcb29XaWnOzge7WdROFDPkDfMUTHPGgS/xL9S2C4iEXhGHiy1C9vhPHlPWocLIjWkdOl6cSSa7UiSRMhkRSRAoW4n0kb2KK2n8ZCx5F6mHxab57YUSNfWf2E4lcHACnAgAA[0m[INFO] 19:56:14,876 |-INFO in ch.qos.logback.core.joran.action.AppenderAction - About to instantiate appender of type [ch.qos.logback.core.rolling.RollingFileAppender]
[8mha:AAABhx+LCAAAAAAAAACFkc1KAzEQx8dqtXjUmyAERL3Y7Fba0o9T3XZLYW3BgiClh3S7brduk202lYLi83jQl/ENPBUR38FkPyriwckhv0zmP/MnefmCbMjhZLIYh4ziwF+4Hg0xoaFnM59x3JBkKOoy4UAcGxnIWJCLCi5JIODUivVaotfWem2tl4V1C7bGRBABe9aU3BPNJ9TV+oJ71K0vORwkLmxGQ+Y72Ij335NhGUjDx/8blgM/n3Ps/aa/ysDmALIjNzK7P/g7XN7eqts5PMG2dEnJzFGcWQYLniqwUuBE8fp2vfo4fGhHhqSznICdo6KhliLT1GUo0nXFcS6lYrlyflFM60wzrYvJjGKh5ufSzrqe9jOaP50Vx7mUCq1q0k9ljGZaF1OrpJaA7FI4fCZgNuh0zd4QFaq1UrlWKJ5VKiX0mFdJ5FFkT/Cchdhn7ojYd/JbuIOnjBOKiS08+fqNIHDo2OGN6IjyqEtm8nEQSfKIhGhw1bOsTrc93P0GjsKGNWwCAAA=[0m[INFO] 19:56:14,885 |-INFO in ch.qos.logback.core.joran.action.AppenderAction - Naming appender as [ROLLING]
[8mha:AAABgR+LCAAAAAAAAACFkc1KAzEUha/VanGpO0EIiLrRzFRbte3KTjsi1B9UFCku4jSOI2kyTTJSf/B5XOjL+AauRMR3MOl0FHHhzWI+Tu6594R5+oS8krBwmXSU4DhmSRhxhQlXUSCYkHjTkGdpV2gKaY3kINeCwqBhh8QaFlup3xn6nW+/8+03jbUWjHWIJhqmWlfkmjiM8NA51DLiYa0vYWaYIhBcCUaxl35/b4Z+bALP/x/YLPx4LIjX08O3HIy2IX8eDsJOt/8uN7cX9rYHDzBuUnLSpZZz/TiRmQNbBx46nl+O395n77YGgUyygoaJuZJnjyXfd01Zcl3LqZZRaW1jpV7K+nw/60vJH1Ri9xeyya6bzfMaP5Mtp1pGxWZlOM8qXiPrS6lZtkdDvq+p7Go4b2/v+ntnqFiplteqxfLS6rqL7petiCKOAtzDzPwNSbEUjJln46OoS+tE0c5BKuwLFgU3aBmdRIyhRFEU3qJAdGNJlYoEn/wCVjge72ECAAA=[0m[INFO] 19:56:15,370 |-INFO in c.q.l.core.rolling.TimeBasedRollingPolicy - Will use gz compression
[8mha:AAABxh+LCAAAAAAAAACFkd9u0zAUxg9lZdUuxx0SkiXUcUOclLWDbVdb2kyV2g6t/BGq0GQSN/Xk2pntTJ0GPM8uxjXvwRtwNU3T3gE7aYYQFxxf5Kfj833ni3x1B3WtYGOWJ1oKnPE8ZUJjIjSLJZcK71kKHY2koVDWgxrUBtAoBoYkM/B8UOr9pd6/1/v3eju4O4CVhBhiYH1wQs6Iz4lI/bFRTKS7CwVPliliKbTkFIfl9+/NsMhs4Ob/A9uFt5cN+evj+LoGDydQ/5wWYR9P/l1ub6fu9hS+wSObUpA5dVxbZLmqFNgp8FLx/ef765unFwdFIJusYWD1WTt0x1EUBbYcBYHjsldRe+v1y/12NRdF1VxJUVG529+onIOg8gu7f5wdl72KWr3tpZ/rhN1qrqRexx0D9YWham7gx6Q/ig4/odb2Tmdrp9V5sflqE33xXBMxgWJ8irl9DUWxkpzb38Zv2ZzuE02To7LxRnIWnyMPfWCco1xTZGYUZcTYBdZAzrHOBSZEY/tKhoiYHklpjvvj43ejbi/qj3pdn8tU+5oSFc+8ZnJxbssbDr0k+YqbDE2lKjxJbNgZRVPG6dpvpJgHhLYCAAA=[0m[INFO] 19:56:15,373 |-INFO in c.q.l.core.rolling.TimeBasedRollingPolicy - Will use the pattern com.sun.aas.instanceRoot_IS_UNDEFINED/logs/search-%d{yyyy-MM-dd}.%i for the active file
[8mha:AAAB3B+LCAAAAAAAAACFUc9v0zAYNYVCtSPckJAsTV0uxEm7pvt1WZc2qFIbEC1IqEKTl7ipR2JntoPKBvw9O8A/w50Dpwkh/gfspumEOPD54KfP773vyd+X36AuBdhZFLHkDOVpkVAmEWaSRjzlAvU08g0KuSKgrDs1UBuBxoowxrkC1qjUO2u9s9E7G70mHo3AvRgrrMDD0Tl+j50Us8SZKEFZcrQU4PE6RcSZ5ClBfnn/PRkscx24+f/AeuCv6wb/8WZyUwN3Z6B+lqzCPpr9O1y/zs3rBfgM7uuUDGfE4NoyL0SlQEaB1oqv317f/Hxy9WwVSCdrKPBgu+ObY1AQuLoMcl2Dy16FOt399kmn4gVBxStRsKrCzG9Uzq5b+fn9W2eDy16FWoODtZ/p+P2KV6KBZ44C9aUiIlPg+2wYBs/fwtbBodc9bHlPd/f24EfbNCFlMFqgCy5RypMzHL3TaxEECZ6m1HwDvSQ9Fk9pRk6wJHEQ9qYvjtte18O7URvacLogUC+bwBwrPY1BKqH1QZc9HttxbMG54Bmc05RA89sbmhXxDMmCIYwl0qtVmEXkJefqdDg5fRX2B8EwHPQdHUo6kmARLexmfHVr/Ak1KUouLbT1B46reXvcAgAA[0m[INFO] 19:56:15,377 |-INFO in ch.qos.logback.core.rolling.SizeAndTimeBasedFNATP@2565a3c2 - The date pattern is 'yyyy-MM-dd' from file name pattern 'com.sun.aas.instanceRoot_IS_UNDEFINED/logs/search-%d{yyyy-MM-dd}.%i.gz'.
[8mha:AAABkR+LCAAAAAAAAACFkc1Kw0AUha/VanGpO0EIiLqxk/Qn1erGNjUi1CoqghQX02RMR5OZdjItRcXncaEv4xu4EhHfwZmmUcSFdxb5uHPOvYfJ0ydkYwFr3YEfc4Z64SCgLEaYxdTjIReopsjR1OKSQFJTGcg0ITcWHOKehPVm4jcnfvPbb377lXCnCTM+lljCQvMaD7EZYhaYp1JQFuyMBCxNUnicxTwkyEm+vzfDqKcCr/4fWC38eMzx14vTtwxMtyHbCcZhF9t/l6vbK33bhweYVSkZjojmzKg3EKkDaQeaOJ5fzt/el+/2x4FUspyEuZWyo48m17VUabIszUkvpXJlq1gvpzrXTXUJueMa6P25dLJlpfOcxs9kzUkvpcJedTJPd5xGqktoz9ZHQnYkiYgkiPZByz26NArVbbuyXbA3Spubxn1eNw3KDK+L+jxGIQ862LtRv0UQJHgYUv0M9JbUmH9GI1LHMfHdVu3seLdoV2xc8opG3jhRwjwfEmFgaUTUZzToSjT/BdrEGedxAgAA[0m[INFO] 19:56:15,377 |-INFO in ch.qos.logback.core.rolling.SizeAndTimeBasedFNATP@2565a3c2 - Roll-over at midnight.
[8mha:AAABph+LCAAAAAAAAACFkcFK60AUho/VeotL3QnCgNzrRidp2hSrG2s0ItQqtApSXIzJGEfTmTiZXoqKD+FTuNCX8Q1ciYjv4EzTVMSFZxb5OPP/5/xMHj+gmEr4d94PU8FxEvcjxlNMeMoCEQuJG5o8Qy2hKGQ1UYBCE0pDwR5JFCw1M7818ltjvzX2a+F6E6ZCooiC2eYF+U+smPDIaivJeLQ+kDA/ShEInoqYYi/7ft8Mg0QH/vt7YL3w/aEkXo7brwWY7ELxNBqGnev+XK5vz8ztFdzBtE7JSY8aLgySvswd2DjwyPH0fPT6tnCzMwykk5UU/FmseuYY8n1blyHbNpz1cqrWVp3Naq7z/VyXkT+svtlfyifbdj7P2/qabDjr5VTero/mmY63lesy2nbNUVAcKCp7Cu67uy1//wSV62tuba3sLldWK+h2xTQR4yg4x1cixbGITklwqX+LpFiKOGbmGdg1bfCww3p0k6Q09FuNzsGG49ZcUgkctILaVCkt1HOYYiRGCZVMhEgJ5EuG9ohEjjNejA47HnLscmXmE3O4I6SRAgAA[0m[INFO] 19:56:15,383 |-INFO in ch.qos.logback.core.rolling.SizeAndTimeBasedFNATP@2565a3c2 - Setting initial period to Fri Mar 22 19:56:15 UTC 2013
[8mha:AAABtR+LCAAAAAAAAACFkcFOGzEQhqehaSOO5YaEZAkVLsS7QUkEySksLELaJlKoQCji4Oy6my2OvbG9KFURz8MBXoY34BRViHfAzu5SoR46PvjTzPwzv+X7F6gqCVuTLFKC45RlccIVJlwloWBC4p4hz1JfaAp5fKhAJYDasuEbSTVsB7neKfTOm95505vGbgAfI6KJhi/BT3JNHEZ47JxqmfC4O5ewXrgIBVeCUezl9/vNME+N4a//N2wWPt/VxNPF6aICKyOojuOl2bXRv8tN9YetzuAWPhmXnEyp5co8zWSpwFaBC8XD49niz8bv46Uh46ym4fNm07PHku+7Jiy5ruU8V1Kzvbd70Cz7fL/sy8lfRmb318rJrlvO8w7/Trac50pqHO0X82zGOyz7cjpq2aOhOtdUTjU8jE76/uASNfY7rXan0dpp7rbRTf28N+yjhKNwgmdCYSbiMQmvzLdIiqVgzLwfD/PbTxjtpSnlEZWj4SAITvrHl6iOvk8ShUhRQFwgJnhsiETTRJsKYuSXyDQillU2rodimgpOud5Bipo8R5SHworN92pKIrz6CsWyZcasAgAA[0m[INFO] 19:56:15,426 |-WARN in ch.qos.logback.core.rolling.RollingFileAppender[ROLLING] - This appender no longer admits a layout as a sub-component, set an encoder instead.
[8mha:AAABrR+LCAAAAAAAAACFkc1KI0EQx8usWYNHvQlCg7hetGciSfDjFMeMCGOEKIoED51JO87a6W57etyIi+/izYO+jG/gSUR8B7vnw2XxYPWhflTVv+o/zMM7VBMFv87TYSI4liyNYp5gwpM4FEwo3DbkWeoKTSGPiQpUAqhlA3tEalgKcr1T6J1PvfOpN4ObAUwOiSYaZoLf5Io4jPDIOdAq5tHmWMFc4SIUPBGMYi/P/1+GsTSGF783bA6+3dfE88nBSwV+9KE6iDKzs/2vx033zHYv4RZ+GpecjKjlylimqlRgq8CF4vHp6OV1/mYnM2Sc1TRMLTQ8+yz5vmvCkutazmslNVprq1uNcs73y7mc/CxSe79Wbnbdcp+3/W+z5bxWUr2zXuyzFW+7nMup07RPQ3WsqRppuOvvdv39U1Rf32i2NurN5cZqC/1dOW73uijmKDzHlyLBTEQDEl6Y36IoVoIx8/24l2c/ZrQtJeVDqvq9/SDY7e6cohV0KBDlSaooCsVIEh0PYhbr62X0RxEpjRBdi1QhRkzS9laQ0XHR7fBQmI14+gMBeG/YoAIAAA==[0m[INFO] 19:56:15,426 |-WARN in ch.qos.logback.core.rolling.RollingFileAppender[ROLLING] - To ensure compatibility, wrapping your layout in LayoutWrappingEncoder.
[8mha:AAABtB+LCAAAAAAAAACFkUFP2zAUxx8dhWpHdps0yRJiuwwnRW01yqmEBlXKWqmVQFPFwSRukuHawXamIqZ9nGkH+DL7BjuhCfEdsJuaCe3A88E/Pb////2j3DxAXUl4n5WJEhwXrExzrjDhKo8FExL3DAWWhkJTqGqtBrUIGsuBz6TQ8CGq9N5K7z3pvSe9GTyIYD0hmmjYir6Sb8RjhKfeRMucpwcLCW9XKWLBlWAUB9X9fDMsChN45+XAZuH9r4b482VyV4NXU6ifp8uwb6b/LzevM/t6CT9gw6TkZE4t1xZFKZ0CWwVeKW5/n9z9fXd9vAxkkjU0bG63AnsshaFvypLvW656jlqdT3uHLTcXhm6uonBZpd3fcM6+7/yCo3/Olqueo2Z/f+VnO8GRm6uo37ZHQ32hqZxr+DkdDMPRGWrud9udbrP9sbXXQd93T3vjIco5ijN8KRRmIj0n8YX5LZJiKRgz34/H1R3mjPaKgvKEyul4FEWD4fEZ2kUTShFhSqBM66Lrec7D+sWZF4uEKpzpOdtm5EqUesCVpiQZzfrcvkk0ExIlVJOcqdePHgIe0KUCAAA=[0m[INFO] 19:56:15,426 |-WARN in ch.qos.logback.core.rolling.RollingFileAppender[ROLLING] - See also http://logback.qos.ch/codes.html#layoutInsteadOfEncoder for details
[8mha:AAABrx+LCAAAAAAAAACFkdFKwzAUho/T6fBS7wQhIOqNpp1sQ7er2a0yqBU2FGSIxC7WapfUJJWB4tsIXujL+AZeiYjvYLKuinhhcpGPk/8/52/z9AlFKWDtIh1IznASp2HEJCZMRgGPucBNTY4hnysK2ZoqQMGD0liwTxIF617mtyZ+69tvffu1sOHBzIAoomDBuyQ3xIoJC62eEhELGyMBS5MUAWeSxxQ72fl7MowSHXj1/8B64Mdjib8e994KMN2H4lk4DrvY/ztc356b22u4h1mdkpEhNVwYJanIHdg48MTx/HL09r58uzcOpJOVFMytVByzDbmurZch2zac1XKq1La3diu5znVzXUbueKVmfinvbNt5P6f109lwVsup3N6Z9DMVp5XrMmpXzVZQHCkqhgoe+h3fPThB5Z16tVYvVzcqWzV0t2mKKGIouMDXXOKYh2ckuNLPIigWPI719+NudrpRTJtJQtmAin73wPM6/t4J2kTNQEU3FGkrOtcSZH5oHQV8iGXKMCES61dThAW0y7k67fROD/1W2+347ZalTdKSlAg9X/P8FxTnTMKkAgAA[0m[INFO] 19:56:15,426 |-INFO in ch.qos.logback.core.rolling.RollingFileAppender[ROLLING] - Active log file name: com.sun.aas.instanceRoot_IS_UNDEFINED/logs/search.log
[8mha:AAABuB+LCAAAAAAAAACFkdFq2zAUhk+zpgu7bO8KBcHYdrPKTkjC2lxlThwCngMJLRQTguKojltHciR5eGzseTbYXmZvsKsyxt6hUhynlF30nAt9HJ3/nF/oxz+oSgGvl9lCcobTJItiJjFhMg55wgXuanIM+VxRKGKvAhUPapuGDyRV8MYr9NZWb+301k6vGzse7C+IIgoOvRvykVgJYZE1USJmUScXcLx1EXImeUKxU5yPN0OeasOvnjasF/79VuO/ryZ3FXgWQHUebcweBf8v17fX5nYNX+FAu2RkRQ1X8jQTpQIbBd4qfv66vPtz8nmwMaSd1RQ8f9l0TBpyXVuHIds2XNRKarbfNd43yz7XLfsKcjeRmf21crJtl/Oc3sNkw0WtpHr/bDvPVJxe2VdQv2VSQTVXVKwUfA+GvjuaovrZeat9Xm+9bTba6MupKaKYoXCJ11zihEdzEt7qbxEUC54k+v14XJxunNBumlK2oCIYjzxv6A+m6BSZOkoFT6lQn1AskaQKKY6CkK+wzBgmRGL9cYqwkI45V7PhZHbh9/ru0O/3LL1SWpISoS1onr64B4VOeyeoAgAA[0m[INFO] 19:56:15,426 |-INFO in ch.qos.logback.core.rolling.RollingFileAppender[ROLLING] - File property is set to [com.sun.aas.instanceRoot_IS_UNDEFINED/logs/search.log]
[8mha:AAABjR+LCAAAAAAAAACFkUFLwzAUx5/T6fCoN0EIiHpxaafbcHrSbh1CnQdRkOEhxthVu6QmmRQUP48H/TJ+A09DxO9g0q6KePDl0B8v//97f9LnTygrCWuD0aUSHCfxKIy4woSriIpYSLxnyLPUE5pBXlMlKAVQyQSHJNGwHuR+Z+J3vv3Ot98IdwOYuSSaaFgIrskdcWLCQ+dYy4iHu6mEpUkKKrgSMcNe/v29GdLEBF79P7BZ+PFUEW9nx+MSTPehfBFmYRf7f5eb2yt7ewuPMGtScjJklktpMpKFA1sHnjheXk/H78v33SyQSVbRMLdS9+yx5PuuKUuuaznvFVRvbm/u1wud7xe6nPysRnZ/pZjsusU8r/0z2XLeK6jWaU3m2Y7XLnQ5dRr2aCinmsmhhrR/0POPzlGttdNo7tQaG/WtJnqo2iaKOKIDfCsUjkV4QegNpjFR5pXxtZCEY0J1ZH5AwO5YvJcxqiIqhlgarUoIZVgxIukAxVaCFNNIC9Tu7J90578AmBSd6XcCAAA=[0m[INFO] 19:56:15,436 |-INFO in ch.qos.logback.classic.joran.action.LevelAction - com.rackspace.search level set to DEBUG
[8mha:AAABhR+LCAAAAAAAAACFkcFOwkAQhscq2njUm4nJJka9yLYoEIETFEpMKiSiJoZ4WEotxbJb2oWQaHweD/oyvoEnYozv4G5LMcaDs4d++Xf+mT/bly/IRCEcDCb9iFEc+BPXoxEmNPJs5rMQVwUZklqMO5DUigKKBWrccE4CDodW4tcWfm3p15Z+0VixYK1POOGwZQ3JlGg+oa7W4aFH3coshJ1FCpvRiPkONpLv780wC0Tg/f8Di4Wfzyp7v+nMFVjtQqbnxmG3u3+Xi9s7eTuGJ1gXKSkZOZKVWTAJUweWDrxwvL5dzz92H5pxIJFM5bCxlzfkkWSauihJui450VLKF0+Pa/m0zzTTvoTMuCZyv5pO1vV0nlH/mSw50VLKNUqLeVIx6mlfQo2CPBwyM+6EIw6D7lnLbN+iXKlcKJZzhaP8SRE9ZqWIPIrsAR6zCPvM7RH7Hts+icQr4yELCcXE5p74AZYzdfxqzCiLLtrtS+RLCUUOR5yheqN21dz8BuKzlH5nAgAA[0m[INFO] 19:56:15,436 |-INFO in ch.qos.logback.classic.joran.action.LevelAction - ROOT level set to DEBUG
[8mha:AAABmB+LCAAAAAAAAACFUU1Lw0AQHavV4lFvgrAg6kU3qbbF2lNNm1KILagIUnrYpmsajbvpZisFxaO/xYP+Gf+BJxHxP7ibj4p4cPaQx5v3Zh6T5y/IRwK2RpNhxBkOg4nnswgTFvkuD7jAdYUsjTpcUkhqLgc5Bwqx4JiEEradxG+kfmPmN2Z+Jaw5sDAkkkhYca7ILTECwjzjVAqfebWpgLU0hctZxAOKreT7ezNMQxV48//AauHnU4G/XZy+52C+B/mBF4dd7f1drrqXujuGB1hUKRm5oRrnpuFEZA6sHTh1vLyev3+s37XiQCpZQcLSRsnSTyPbNlVpZJoaJ1yGSpWDvaNSprPtTJcgO66J3l/IJptmNs9q/EzWOOEyVGxW03masRqZLkHNsn4S8lNJxY2Ex167Y3f7qFg9LFcOi+Wd0n4F3e9qEvkMuSM85hEOuDcg7rX6LYLiKy4Iw8SVvrp+PQwpG1JxQi/rMYN2UV1K4o7UiRBJu0hfc4h6J13HaXdafSQ5crjnUaGo7ll/+RtIueMihQIAAA==[0m[INFO] 19:56:15,436 |-INFO in ch.qos.logback.core.joran.action.AppenderRefAction - Attaching appender named [ROLLING] to Logger[ROOT]
[8mha:AAABOR+LCAAAAAAAAACFjsFKxDAQhsdqtXjUmyAIot7SKlWUPbndrQh1PSwIUjzE3Vor3aSmqRQEn8eDvoxv4GkR8R3MNM2KeHDmkI/J/8/8L19glwK2b6txyRkp8irNWEkoK7MRz7kgx4oCpAGXCeias8CKwGkEZ7SQsBNpv9v63ZnfnfmVsBPBwphKKmEluqMP1M0pS92hFBlLO7WAtTbFiLOS5wkJ9Pv7MtSFCrz1f2B18PPZ4e+Xw6kF8zHY12kTdjX+e1z93uDvPTzBokrJ6CRBtuqiEsZB0EFax+vbxfRj/fGkCaSSORKWNv0AGykMPVVInoesZ4b8g8O9rm90YWh0msKmKrzvmM2eZ/YFvZ/NyHpmaLd/1O7DSdAzOk39fWwJdi0TMZHgxKeD8PxqY/kbaqkK+wcCAAA=[0m[INFO] 
[8mha:AAABbR+LCAAAAAAAAACFjsFKw0AQhsdqNXjUmyAsiHopSVqqWHvStBEhVrBFkOJhbdcYTXfj7kYCgs/jQV/GN/BURHwHd5NsRTw4c9iP2f+f+V++oCo4bN2kY8GoncRpGFFhYyqiEYsZtw8UeZp6TBIoaq4ClQCsXHCCEwnbQeF3Sr8z8zszvxK2A1gYY4klrAS3+AE7Maah05c8omE747BWphgxKlhMbK94f1+GLFGBN/8PrA5+Plvs/aI/rcD8EKpXYR52dfj3uPq91r/38ASLKiXFE6K5kiUpNw5bO+zS8fp2Pv1YfzzKA6lkloSljaanW5Pvu6o0ua7mYmaoubvXOGwane8bXUF+Xqm+b5nNrmv2eZ2fzZqLmaF6t1Xu0xOvY3QFdXd0S6hmkvCJhLPhcc8/vUQDIqRAPKX7qFFDPo7ilBOxj9wa6nLOeIH9uyhJyDjnQTQhiMQ4EXrQaNl1t4UEGS1/A6Ngz8BRAgAA[0m[INFO] Tests run: 2, Failures: 0, Errors: 0, Skipped: 0, Time elapsed: 29.109 sec
[8mha:AAABZR+LCAAAAAAAAACFkUFLwzAUx5/TafGoN0EYiHpLq0xRdprdOoQ6wYkgw0PsYjftkpqkWhH8PB70y/gNPA0Rv4NJ00zEgy+H/nj5/9/7l7x8QVVw2BhmA8EoSpMsHlGBMBWjiCWMo6YiX1OXSQKmZipQCcEpBEc4lbAZGr9b+t2p3536lbARwtwASyxhKbzGd9hNMI3dnuQjGjdyDitliohRwRKCfPP9vRnyVAVe/z+wWvj57LD3896kArN9qF7GRdjl/t/l6vZK397CE8yrlBSPieZKnmbcOpB2oNLx+nY2+Vh97BSBVDJHwsJa3ddHUxB4qjR5nmbTs1Tf3ds+qFtdEFidoaCoTO937GTPs/P81s9kzaZnaau9X87THb9ldYbaO/pIqOaS8LGEdv+wGxxf1E4yStVP1SI2RhxHNyLFEUGCYB4NUYwluccP6lW4fhJOmpkcdkzzlAi5+A2Xa+TiRAIAAA==[0m[INFO] Running com.rackspace.search.gateway.core.CoreAuthGatewayTest
[8mha:AAABbB+LCAAAAAAAAACFjsFKw0AQhsdoNXjUmyAsiHopSazVanvStBEhVqRFkOJhbdcYTZO4u5GA4PN40JfxDTwVEd/B3Wy2Ih6cOezH7P/P/C9fUGEUNm6yEUtiK42yIIyZhWMWDpMoodaBIFdSN+EEVM0YYPhgFoITnHLY9JXfLv321G9P/ULY8mFuhDnmsOTf4gdsRzgO7B6nYRy0cgorZYphErMkIpar3t+XIU9F4PX/A4uDn89m8n7RmxgwO4DKVVCEXR78PS5+r+XvPTzBvEgZ4zGRbORpRrXDkg6rdLy+nU8+Vh+PikAimclhYa3uypbkeY4oSY4jWc001Xf3aod1rfM8rVPkFZXJ+6be7Dh6n9v+2SxZzTRtdfbLfXLitrVOUWdHNodKzgkdczgbHHe900vUJ4wzRLO4iWpV5OEwyihhTeRUUYfShCrs3YVpSkYF98MxQSTCKSsG1najgRgZLn4DJ3FdYVACAAA=[0m[INFO] Tests run: 2, Failures: 0, Errors: 0, Skipped: 0, Time elapsed: 0.377 sec
[8mha:AAABZx+LCAAAAAAAAACFkUFLwzAUx5/VafGoN0EQRL2lVaYoO2m3DqFOcEOQ4SF2savrkpqkWhH8PB70y/gNPA0Rv4NJ007Egy+H/nj5/9/7l7x8QU1w2BxmA8EoSpMsiqlAmIo4ZAnj6FCRp6nDJAFTMxZYAdiF4ASnErYC43dKvzP1O1O/EjYCmBtgiSUsBTf4DjsJppHTlTymUSPnsFKmCBkVLCHIM9/fmyFPVeCN/wOrhZ/PNnu/6E4smO1D7Soqwi73/y5Xt9f69haeYF6lpHhMNFt5mvHKgbQDlY7Xt/PJx+pjuwikktkSFtbrnj6afN9Vpcl1NZteRfW9/Z2jeqXz/UpnyC8q0/vtarLrVvO85s9kzaZX0XbroJynO16z0hlq7eojoZZLwscS2v3jjn96uXaWUap+ai1kY8RxOBIpDgkSBPNwiCIsyT1+UK/C9ZNw0ovDEZFt0+4RIRe/AQHe3XBGAgAA[0m[INFO] Running com.rackspace.search.gateway.core.CoreTicketGatewayTest
[8mha:AAABbB+LCAAAAAAAAACFjsFKw0AQhsdoNXjUmyAsiHopSVqiVHvStBEhVqRFkOJhbdcYTZO4u5GA4PN40JfxDTwVEd/B3Wy2Ih6cOezH7P/P/C9fUGMUtm7yMUsTK4vzMEqYhRMWjdI4pdaBIE9SL+UEVM0ZYARgloITnHHYDpTfrvz2zG/P/ELYDmBhjDnmsBLc4gdsxzgJ7T6nURK2CwprVYpRmrA0Jpan3t+XochE4M3/A4uDn89m+n7RnxowP4TaVViGXR3+PS5+r+XvPTzBokiZ4AmRbBRZTrXDkg6rcry+nU8/1h+PykAimclhacP1ZEvyfUeUJMeRrGaa3N1W89DVOt/XOkV+Wbm8b+rNjqP3eZ2fzZLVTFOju1ftkxOvo3WKujuyOdQKTuiEw9nwuOefXqIBYZwhmif7yK0jH0dxTgnbR04ddSlNqcL+XZRlZFzyIJoQRGKcMTloWk6jhRgZLX8Dn1l7QVACAAA=[0m[INFO] Tests run: 4, Failures: 0, Errors: 0, Skipped: 0, Time elapsed: 2.018 sec
[8mha:AAABcB+LCAAAAAAAAACFkc1Kw0AUha/RanCpO0EoiLqbRKmidKVpI0KsYktBiotxOqax6UycmUhA8Hlc6Mv4Bq6KiO/gTH4q4sI7i3y5c869J+TlC2pSwNYoHUrOUBKnYcQkwkxGhMdcoCNNnqEOVxSKmrPACsDOBWc4UbAdFH6n9DszvzPza2EzgIUhVljBSnCHH7ATYxY6XSUiFjYzAWtlCsKZ5DFFXvH8vRmyRAfe/D+wXvj5bPP3q+7UgvkB1G7CPOzq4O9yfXtrbu/hCRZ1SoYn1LCVJamoHMg4UOl4fetPP9YfT/JAOpmtYGmj4ZljyPddXYZc13DRq6ixf7B73Kh0vl/pCvLzSs1+u5rsutU8r/Uz2XDRq2infVjOMx2vVekKau+Zo6CWKSomCvqD045/fl2/TBnTH1UnfIIEJmOZYEKRpFiQEaIxlioi5RuJI8qU/jWC9iIypupCcEKl5OKIKC56VKrlby2iiRtVAgAA[0m[INFO] Running com.rackspace.search.elasticsearch.client.CoreTicketProcessorActorTest
[8mha:AAABbB+LCAAAAAAAAACFjsFKw0AQhsdoNXjUmyAsiHopSaxt0fakaSNCrEiLIMXD2q4xmmbj7kYCgs/jQV/GN/BURHwHd7NJRTw4c9iP2f+f+V++oMIZbN2kY05jK4nSIIy5hWMejmhEmXUgyVXUo4KArjkDDB/MXHCCEwHbvvbbhd+e+e2ZXwrbPiyMscACVvxb/IDtCMeB3RcsjIN2xmCtSDGiMacRsVz9/r4MWSIDb/4fWB78fDbp+0V/asD8ECpXQR52dfj3uPy9Vr/38ASLMmWMJ0SxkSUpKx2WcliF4/XtfPqx/niUB5LJTAFLG3VXtSLPc2QpchzFelZSvblXO6yXOs8rdZq8vFJ13yw3O065z+38bFasZyXtdPeLfWridkqdpm5DtYBKJgibCDgbHve800s0IFxwxNK4hXaryMNhlDLCW8ipoi5jlGns34VJQsY5D8IJQSTCCc8HVqNZQ5yMlr8Be4g7AVACAAA=[0m[INFO] Tests run: 3, Failures: 0, Errors: 0, Skipped: 0, Time elapsed: 0.562 sec
[8mha:AAABbR+LCAAAAAAAAACFj0FLwzAUx5/TafGoN0EYiHpLq0xRdnLdKkKd4ESQ6SFmsat2SU1SqQh+Hg/6ZfwGnoaI38GkaRXx4Muhv/zz/u/9+/wJdSlgbZQNJWcoTbIoZhJhJmPCEy7QnibfUI8rCramalALwSkaDnGqYD20frf0u99+99uvG1shzAyxwgoWwmt8h90Es8jtKxGzqJULWCpTEM4kTyjy7ff3ZshTHXj1/8B64ceTw9/O+pMaTA+gfhkVYRcHf5fr1yvzeguPMKtTMjymhmt5monKgYwDlY6X19PJ+/LDfhFIJ3MUzK00fXMMBYGny5DnGbZaRc3tnc12s+oLgqrPUlBUZvY71WTPq+b5nZ/Jhq1W0UZ3t5xnFL9T9VnqbpmjoJ4rKsYKzgcHveDoonGcMaZ/qkH4GAlMbmSKCUWSYkFGiCZYqpiUN5LElCnUtWK/EP1CCzBRXNy3KWYnVKr5L943ZtZbAgAA[0m[INFO] Running com.rackspace.search.elasticsearch.client.ElasticSearchClientFactoryBeanTest
[8mha:AAABbR+LCAAAAAAAAACFjs1Kw0AUha/RanCpO0EIiLopSeyPP+1K00aEWJGKIMXF2I4xmk7izEQCgs/jQl/GN3BVRHwHZzKZirjw3sV83Dnn3vPyBRVGYeMmG7GE2GmchRFhNiIsGiZxQu19QZ6kXsIxqJoxwAjALATHKOWwGSi/U/qdqd+Z+oWwHcDcCHHEYSm4RQ/IiREJnT6nEQnbOYWVMsUwISyJse2p9/dlyFMReP3/wOLg57OZvF/0JwbMDqByFRZhlwd/j4vfa/l7D08wL1ISNMaSjTzNqHbY0mGXjte388nH6uNhEUgkMzksrDU82ZJ83xUlyXUlq5mmxvZu7aChdb6vdYr8ojJ539SbXVfv8zo/myWrmaat7l65T068jtYp6jZlc6jkHNMxh9PBUc8/ubTOMOPMohlpWfWq5aMozihmLcutWl1KE6qwfxelKR4VfBaNsYVjlDI5qNnNnbrF8HDxG1eA5WhQAgAA[0m[INFO] Tests run: 3, Failures: 0, Errors: 0, Skipped: 0, Time elapsed: 2.573 sec
[8mha:AAABYR+LCAAAAAAAAACFkUFLwzAUx5/VafGoN0EQRL2lVaYoO7luFaFOcCLI8BCz2FW7pCapFAQ/jwf9Mn4DT0PE72DSNhPx4Muhv778/+/9S1++oCEFbI7yoeQMZWkeJ0wizGRCeMoFOtQUGOpxRaGqGQecCNxScIIzBVtR5fdqvzf1e1O/FrYimBtihRUsRbf4AXspZrHXVyJhcasQsFKnIJxJnlIUVM/fm6HIdOCN/wPrhZ/PLn+/7E8cmB1A4zouwy4P/i7Xtzfm9h6eYF6nZHhMDTtFlgvrQMaBasfr28XkY/XxqAykk7kKFtabgTmGwtDXZcj3DVc9S829/Z120+rC0OoqCsvKzX7XTvZ9Oy/o/Ew2XPUsbXcP6nmmE3SsrqLurjkKGoWiYqygPTjuhadXa2c5Y/qj1ggfI4HJncwwoUhSLMgI0RRLlZD6jaQJZUr/GkHPqVSL39/zx9hBAgAA[0m[INFO] Running com.rackspace.search.elasticsearch.client.CoreTest
[8mha:AAABZR+LCAAAAAAAAACFjkFLwzAUx5/VafGoN0EoiHqRtsoUdSftWhG6edgQZHiIW6zVLqlJKgXBz+NBv4zfwNMQ8TuYNM1EPPhyyC8v//97/5cvaHAGGzfFiFPi5lmRpIS7iPB0SDPK3CNJgaIuFRh0zVhgxWBXgg7KBWzG2u/Vfm/q96Z+KWzFMDdCAglYim/RA/IyRBKvJ1hKklbJYKVOMaSE0wy7gb5/b4Yyl4HX/w8sF34+2/T9ojexYHYAjaukCrs8+Ltc/l6r33t4gnmZkqAxVmyVecGMw1UOt3a8vp1PPlYfT6pAMpktYGGtGaijKIp8WYp8X7HuGWru7e8cN40uioxOU1RVofbbZrLvm3lB+2eyYt0ztB0e1PNUJ2gbnaZwVx0BjVJgNhbQGZx2o7NLp4+54A4ryKHjbzkRSrOCYV49QsYo09i7S/Mcjyrup2Ps4AzlvGo4HA8XvwEUoVqiTAIAAA==[0m[INFO] Tests run: 0, Failures: 0, Errors: 0, Skipped: 0, Time elapsed: 0 sec
[8mha:AAABZR+LCAAAAAAAAACFj8FKxDAQhsfqavGoN0EQRL2lVVZR9qTdrQh1RVcEWTzEbOxWu0ltUikIPo8HfRnfwNMi4juYNM2KeHBy6Jc/88/8ffmChshhfVgMBGcoS4s4YQJhJhLCU56jfUWBpi6XFExNOeBE4FYNxziTsBEZv1f7vYnfm/hVYyuCmQGWWMJCdIsfsJdiFns9mScsbpU5LNUpCGeCpxQF5vt7M5SZCrz2f2C18PPZ5e+XvbED031oXMdV2MX+3+Xq9Ua/3sMTzKqUDI+oZqfMitw6kHag2vH6djH+WH48rAKpZK6EudVmoI+mMPRVafJ9zUaz1NzZ3Tpo2r4wtH2GwqoKvd+1k33fzgvaP5M1G83SZmevnqeVoG37DHW29ZHQKCXNRxJO+0fd8ORq5axgTP3UCuEjlGNyJzJMKBIU52SIaIqFTEh9I2lCmUQdI/YqMai0cyrk/DdXpDG8UAIAAA==[0m[INFO] Running com.rackspace.search.elasticsearch.client.ElasticSearchClientTest
[8mha:AAABbR+LCAAAAAAAAACFjsFKw0AQhsdoNXjUmyAsiHopSVraUu1J00aEWMEWQYqHtV1jNM3G3Y0EBJ/Hg76Mb+CpiPgO7maTinhw5rAfs/8/8798QYUz2LlJJ5zGVhKlQRhzC8c8HNOIMutAkquoTwUBXQsGGD6YueAEJwJ2fe23C78999tzvxR2fFiaYIEFrPm3+AHbEY4DeyBYGAedjMFGkWJMY04jYrn6/X0ZskQG3v4/sDz4+WzS94vBzIDFEVSugjzs+ujvcfl7rX7v4QmWZcoYT4liI0tSVjos5bAKx+vb+exj8/EoDySTmQJWthquakWe58hS5DiK9aykRqtdP2yUOs8rdZq8vFJ13yw3O065z+3+bFasZyXVenvFPjVxu6VOU6+pWkAlE4RNBZyNjvve6SUaEi44Ymm8j1pV5OEwShnh+8ipoh5jlGkc3IVJQiY5D8MpQSTCCVeDetNq1+qIk/HqN+bcS1hRAgAA[0m[INFO] Tests run: 6, Failures: 0, Errors: 0, Skipped: 0, Time elapsed: 25.812 sec
[8mha:AAABOR+LCAAAAAAAAACFjsFKxDAQhsdqtXjUmyAIot7SKlWUPbndrQh1PSwIUjzE3Vor3aSmqRQEn8eDvoxv4GkR8R3MNM2KeHDmkI/J/8/8L19glwK2b6txyRkp8irNWEkoK7MRz7kgx4oCpAGXCeias8CKwGkEZ7SQsBNpv9v63ZnfnfmVsBPBwphKKmEluqMP1M0pS92hFBlLO7WAtTbFiLOS5wkJ9Pv7MtSFCrz1f2B18PPZ4e+Xw6kF8zHY12kTdjX+e1z93uDvPTzBokrJ6CRBtuqiEsZB0EFax+vbxfRj/fGkCaSSORKWNv0AGykMPVVInoesZ4b8g8O9rm90YWh0msKmKrzvmM2eZ/YFvZ/NyHpmaLd/1O7DSdAzOk39fWwJdi0TMZHgxKeD8PxqY/kbaqkK+wcCAAA=[0m[INFO] 
[8mha:AAABQR+LCAAAAAAAAACFjsFKxDAQhsdqtXhTb4KwIOotrVJF3ZN2NyLUFVwQpHiIu7VWukm3SaUg+Dwe9GV8A0+LiO9g0jQr4sGZQz4m/z/zv3yBzQvYvCuHnFGUZ2WSUo4I5emAZaxAR5ICRT0mYtA1Y4EVglMLzkguYCvUfrfxu1O/O/VLYTuEuSERRMByeE8eiJsRmrh9UaQ0aVcFrDYpBoxylsUo0O/vy1DlMvDG/4Hlwc9nh71f9ScWzEZg3yR12JXo73H5e6t+x/AE8zIlJaNYsVXlZWEcSDlQ43h9u5x8rD2e1IFkMkfAwrofqFaEsSdLkecp1jND/t7+zrFvdBgbnSZcV6nuO2az55l9Qedns2I9M7TdPWj2qUnQMTpN3V3VAuxKxMVIwFJ02sPn162LmJeZ4K3DxW8hjaRAEAIAAA==[0m[INFO] Results :
[8mha:AAABOR+LCAAAAAAAAACFjsFKxDAQhsdqtXjUmyAIot7SKlWUPbndrQh1PSwIUjzE3Vor3aSmqRQEn8eDvoxv4GkR8R3MNM2KeHDmkI/J/8/8L19glwK2b6txyRkp8irNWEkoK7MRz7kgx4oCpAGXCeias8CKwGkEZ7SQsBNpv9v63ZnfnfmVsBPBwphKKmEluqMP1M0pS92hFBlLO7WAtTbFiLOS5wkJ9Pv7MtSFCrz1f2B18PPZ4e+Xw6kF8zHY12kTdjX+e1z93uDvPTzBokrJ6CRBtuqiEsZB0EFax+vbxfRj/fGkCaSSORKWNv0AGykMPVVInoesZ4b8g8O9rm90YWh0msKmKrzvmM2eZ/YFvZ/NyHpmaLd/1O7DSdAzOk39fWwJdi0TMZHgxKeD8PxqY/kbaqkK+wcCAAA=[0m[INFO] 
[8mha:AAABWx+LCAAAAAAAAACFjkFLwzAUx5/VafGoN0EoiHqRto4pbjtpt4pQ52EiyPAQt1irXdIlqRQEP48H/TJ+A09DxO9g0jQT8eDLIb+8/P/v/V++oMYZbN3mI06Jm6V5nBDuIsKTIU0pcw8lBYp6VGDQNWeBFYFdCk5RJmA70n6v8nszvzfzS2E7goUREkjASnSHHpCXIhJ7fcESErcLBmtViiElnKbYDfT9ezMUmQy8+X9gufDz2abvl/2pBfMDqF3HZdjVwd/l8vdG/U7gCRZlSoLGWLFVZDkzDlc53Mrx+nYx/Vh/PC4DyWS2gKWNRqCOojD0ZSnyfcW6Z6ixf1A/ahhdGBqdprCsXO23zWTfN/OCzs9kxbpnaLfbrOapTtAxOk3dPXUE1AqB2VhAc3DSC8+unHPMBXdYTlpO3d9xQpSkOcO85chHlzHKNPbvkyzDI8nL32zEYVA4AgAA[0m[INFO] Tests run: 20, Failures: 0, Errors: 0, Skipped: 0
[8mha:AAABOR+LCAAAAAAAAACFjsFKxDAQhsdqtXjUmyAIot7SKlWUPbndrQh1PSwIUjzE3Vor3aSmqRQEn8eDvoxv4GkR8R3MNM2KeHDmkI/J/8/8L19glwK2b6txyRkp8irNWEkoK7MRz7kgx4oCpAGXCeias8CKwGkEZ7SQsBNpv9v63ZnfnfmVsBPBwphKKmEluqMP1M0pS92hFBlLO7WAtTbFiLOS5wkJ9Pv7MtSFCrz1f2B18PPZ4e+Xw6kF8zHY12kTdjX+e1z93uDvPTzBokrJ6CRBtuqiEsZB0EFax+vbxfRj/fGkCaSSORKWNv0AGykMPVVInoesZ4b8g8O9rm90YWh0msKmKrzvmM2eZ/YFvZ/NyHpmaLd/1O7DSdAzOk39fWwJdi0TMZHgxKeD8PxqY/kbaqkK+wcCAAA=[0m[INFO] 
[8mha:AAABOx+LCAAAAAAAAACFjsFKxDAQhsdqtXgR9CYIgqi3tEoVZU/a3YhQ18OCIMVD3K210k1qm0pB8Hk86Mv4Bp4WEd/BTNOsiAdnDvmY/P/M//IFdlnA1m01KgUneVYlKS8J42U6FJkoyJGiAKkvZAy6ZiywQnAawRnLJWyH2u+2fnfqd6d+JeyEMDdikklYDu/YA3MzxhN3IIuUJ526gNU2xVDwUmQxCfT7+zLUuQq8+X9gdfDz2RHvl4OJBbMR2NdJE3Yl+ntc/d7g7z08wbxKydk4RrbqvCqMg6CDtI7Xt4vJx9rjSRNIJXMkLGz4ATYSpZ4qJM9D1jND/v7B7rFvdJQanSbaVIX3HbPZ88y+oPuzGVnPDO30Dtt9OAm6Rqept4ctwa5lXIwlLEWnfXp+td4+i9+ywCsSDgIAAA==[0m[INFO] [INFO] 
[8mha:AAABZR+LCAAAAAAAAACFkM9Kw0AQxsdoNXjUmyAExH+HbGKtou1FTRsRYj0IghQPa7tNK+kmbjY1IPg8HvRlfANPRcR3cDebrYgHZw/725n5Zj725QsqKYONQdZLY4qSKAuHNEWYpsNuHMUMHQvyJLVjTkDFjAFGAGbRcI4TDpuB0jul3pnqnaleNDYCmOthjjksBXd4jJ0I09C55GxIw0bOYKV00Y1pGkcEeer+vRnyRBhe/9+wWPj5bMbv15cTA2Y7ULkNC7PLnb/LRbUvq/fwBPPCJcUjItnIk4xpBZIKVCpe364mH6uPp4Uh4czksLBW8+SR5PuuCEmuK1nlNNX2D6onNd3n+7pPkV9EJveberLr6nle82eyZJXTtNM6LOfJjNfUfYpae/JwqOScsBEHv3PW9i9urPKybdsa4TGh9gNmtvraehXt1sXT2uqRPs4iLmvb1pGVEsy6A6lZ/AZRgDSkRQIAAA==[0m[INFO] [INFO] --- maven-war-plugin:2.3:war (default-war) @ search ---
[8mha:AAABSR+LCAAAAAAAAACFkMFKxDAQhsdqtXjUmyAuiHprq1RR9rR2tyLUVVgQpHjIdmutdpOYploQfB4P+jK+gadFxHcwaZoV8eDkkI/J/8/85OULzILB5nU5Kgi2aV6mGS5shIssJjlhdkeQL6lPeAKqZgwwQrBqwQmiHLZC5XcavzP1O1O/ELZDmBshjjgshTfoHjk5wqkz4CzDabtisNKkiAkuSJ7Yvrp/b4aKisAb/wcWCz+fLfJ+MZgYMBuBOUzrsMvR3+Xi9Uq+3sETzIuUGI0TyUZFS6YdtnTYjeP17Xzysfp4VAcSySwOC+ueL4+kIHBFSXJdyaqnydvb3zn0tC4ItE5RUFcp91t6suvqeX73Z7Jk1dO03Tto5smO39U6Rb1deTiYFU/YmMNadNwPTi9bzXWG4lskvjNtPSRDROniN5R/gVYeAgAA[0m[INFO] [INFO] Packaging webapp
[8mha:AAABlR+LCAAAAAAAAACFkc1Kw0AUha/VanGpO0EIiLpqJpUqiquaNiLUKlYECUUm7TRNm87EmekPCK59FBf6Mr6BqyLiOziTn4q4cGZxP+6cc+8JefmCvOCw0xt1BKNmFI78gAoTUxG0Wci4WVFka2owSSA5CznI1aEQC85xJGG3nvhR6kdzP5r7lfC4DksdLLGEtXofjzEKMfVRU/KA+sdTDhtpijajgoXEtJP6ezNMIxV4+//AauHnc4G93zZnOVh0Ie/5cdh19+9y9drVr/fwCMsqJcVDojk3jUY8c5jaYaaO17eb2cfmw2kcSCUrSFjZKtv6anIcSx1NlqU56WVUPjjcOylnOsfJdAk58Rnp/YVssmVl8+zqz2TNSS+jUu0onac7djXTJVTb11dCfioJH0p4cs8azkXLSEtFCDL0QvV5xoR4OIoMVxDM272WEVDDRWPMURh4qE/oQP/lPvMEum7GEqNoXBLeZXxoXJGQYEHQhPGBiHCbIEH4OFBVYu4TiZKhRcssmdadV7Jaq981nO80hwIAAA==[0m[INFO] [INFO] Assembling webapp [search] in [/var/lib/jenkins/jobs/TSearch - Perform Release/workspace/service/target/search-0.1.0_b10]
[8mha:AAABTB+LCAAAAAAAAACFj8FKxDAQhsdqtXjUmyAUZPXWVqmi7Em7WxHqKiwIUjzEbq1duklNUi0IPo8HfRnfwNMi4juYNM2KeHByyMfk/2f+vHyByShs3lYjRrBTFlWWY+YgzPKEFIQ6h4ICSQPCU1A1Z4ARgdUITlHJYStSfrf1uzO/O/MLYTeChRHiiMNKNEb3yC0QztwhpznOujWFtTZFQjAjReoE6v69GepSBO78H1gs/Hy2yPvlcGrAfAzmddaEXY3/LhevN/L1Dp5gUaTEaJJKNuqyotrhSIfTOl7fLqYf64/HTSCRzOKwtOEH8kgKQ0+UJM+TrHqa/L39nSNf68JQ6xSFTVVyv6Une56eF/R+JktWPU3b/YN2nuwEPa1T1N+Vh4NZ85ROOHTik0F4dmW31zklScqY+J79gKhdUjJOE778DYFvwdQkAgAA[0m[INFO] [INFO] Processing war project
[8mha:AAABVB+LCAAAAAAAAACFjs9Kw0AQxsdoNXjUmyAERL1tUql/Sk+aNiLEeigoEnrYtGuMJJuY3UhA8Hk86Mv4Bp6KiO/gbjZbEQ/OHPbH7PfNfC9f0GIF7NyWU5ZRlCdlFFOGMGXxJEuyAh0LciUNM05A1YIBhg9mLTjHOYddX/ntxm/P/fbcL4Q9H5ammGMOa/4dfsB2gmlkj3gR06hXFbDRpJhklGUJQa56f1+GKheBt/8PLA5+PpvZ+/VoZsBiAK0wqsOuB3+Pi98b+XsPT7AsUlKcEslGlZeFdiDpQI3j9e1y9rH5eFoHEslMDitbHVe2JM9zRElyHMlqpqlzcLR30tE6z9M6RV5dpbxv6s2Oo/e5/Z/NktVMU3vQbfbJidvXOkWDfdkcWhUnRcoBBWdD72JsNc8VCXGeW5gxkoYJmVoxtYJu+9BKGZmw8eo3/gXVai0CAAA=[0m[INFO] [INFO] Webapp assembled in [917 msecs]
[8mha:AAABjR+LCAAAAAAAAACFkc9Kw0AQxsdqtXjUmyAERD11N5Uqak82bUSoVawIUkQ27TamTbNxd9MWBZ/Hg76Mb+CpiPgO7uZPRTw4e5jfzs4384W8fEFecNi6i7qCBSj0I9cLBCKB8DrMZxwdKbI0NZmkkMRcDnINKMQNpySUsN1I9DjV45kez/SqsdKAhS6RRMJKo09GBPskcHFLci9wKxMOa6mLDgsE8ymykvx7M0xCZXjzf8Nq4edzgb1ft6Y5mG9D3nFjs6vtv8vVa0+/3sMTLCqXARlSzblJGPFMgbQCpYrXt6vpx/rjcWxIOStIWNooW/posm1ThSbT1JzUMirv7e9Uy1mfbWd9CdlxRHp/IZtsmtk8q/YzWXNSy6hUP0jn6YpVy/oSqu/qIyE/kZQPJTy0T5r22Y2Rpmrk+V31ccaY8EMDjwjHvufgPg0G+qf2mSPwZYsS3rkzisY55T3Gh8YF9SkRFI8ZH4iQdCgWlI88lSXhLpXqqhVFE5WQeeuUTKTGL38DRFA1QHkCAAA=[0m[INFO] [INFO] Building war: /var/lib/jenkins/jobs/TSearch - Perform Release/workspace/service/target/search-0.1.0_b10.war
[8mha:AAABOx+LCAAAAAAAAACFjsFKxDAQhsdqtXgR9CYIgqi3tEoVZU/a3YhQ18OCIMVD3K210k1qm0pB8Hk86Mv4Bp4WEd/BTNOsiAdnDvmY/P/M//IFdlnA1m01KgUneVYlKS8J42U6FJkoyJGiAKkvZAy6ZiywQnAawRnLJWyH2u+2fnfqd6d+JeyEMDdikklYDu/YA3MzxhN3IIuUJ526gNU2xVDwUmQxCfT7+zLUuQq8+X9gdfDz2RHvl4OJBbMR2NdJE3Yl+ntc/d7g7z08wbxKydk4RrbqvCqMg6CDtI7Xt4vJx9rjSRNIJXMkLGz4ATYSpZ4qJM9D1jND/v7B7rFvdJQanSbaVIX3HbPZ88y+oPuzGVnPDO30Dtt9OAm6Rqept4ctwa5lXIwlLEWnfXp+td4+i9+ywCsSDgIAAA==[0m[INFO] [INFO] 
[8mha:AAABaR+LCAAAAAAAAACFkM1Kw0AUha/RanCpO0EIiH+L/FiqaLtR00aEWIWCIMXFtB3TajKJmUmJCD6PC30Z38BVEfEdnMlkKuLCO4v5uHPOvSd5+YIKTWFjmA1oTKwkzIIRoRYidNSPwzi1jji5gtoxwyBrRgPNB70QnKGEwaYv/Xbpt6d+e+rnwoYPcwPEEIMl/xaNkR0iEtgdlo5I0MhTWClT9GNC4xBbrrx/b4Y84YHX/w/MF34+6/H7VWeiwWwXKr2gCLvc/bucv96I13t4gnmekqAIC9byJEuVwxIOq3S8vl1OPlYfT4pAPJnOYGGt5oojyPMcXoIcR7DsKart7VePa0rneUonySsqE/t1Ndlx1Dy3+TNZsOwp2mkdlPNEx20qnaTWrjgMKjnDacTgonva9s6vjfIyTdOI0BgTE1GKo174YMr/W69a1Trlnx1iYytCd3gq2DYODYpR2h8K9+I3pUYi2E8CAAA=[0m[INFO] [INFO] --- maven-assembly-plugin:2.2:single (make-assembly) @ search ---
[8mha:AAABkh+LCAAAAAAAAACFUcFKw0AQHavV4FFvghAQ9WQ2ShW1J00bEWoVK4IUD9t026Ymu3F3WyOCH+CXeNCf8Q88FRH/wd0mWxEPzh7mMfPemxfy8gVFwWGtN2gLRp0kGnRDKhxMRRiwiHHnQCFPozqTBLKaKkChBtaYcIITCeu1TI9yPZro0USviOUazLSxxBIWan08xCjCtIsakoe0W045LOUpAkYFi4jjZf33ZUgTFXj1/8Dq4Oezxd6vGqMCTDeh2OqOwy42/x5X247e3sIjzKqUFMdE40KaDLhROFrh5IrXt8vRx/LD0TiQSmZJmFspefpp5PuuKo1cV+NsZlBpZ3frsGR4vm94GfLHNdD3LePsusbPq/w4a5zNDNqs7uV+euJVDC9D1W39JBRTSXgs4al5XPdPr+28nRPcVt9mYyFI3Iru7TYRAQ8Tyfi+jYaYoyhsoT6hN/of91lLoIsGwTzo2Rv2GeEdxmNlEhEsCLpj/EYkOCBIED4MdecBinFIkfFXGy120jia/wYiIyN/iQIAAA==[0m[INFO] [INFO] Reading assembly descriptor: /var/lib/jenkins/jobs/TSearch - Perform Release/workspace/service/src/main/assembly/search.xml
[8mha:AAABlB+LCAAAAAAAAACFUUFKAzEU/VarxaXuBGFA1JWTUaqoXem0I0KtYkWQ4iKdptOpM8mYpHVE8ACexIVexhu4KiLewaQzqYgLfxb/8fPe+y/k5QuKgsNab9ARjNpJNAhCKmxMReiziHH7QCFXowaTBLKaKkChDqUx4QQnEtbrmR7lejTRo4leESt1mOlgiSUs1Pt4iFGEaYCakoc0qKQclvIUPqOCRcR2s/57M6SJCrz6f2C18PO5xN6vmqMCTLeg2A7GYRdbf5er266+vYVHmFUpKY6JxoU0GXCjsLXCzhWvb5ejj+WHo3EglawkYW6l7Oqjkec5qjRyHI2zmUHlnd2tw7LheZ7hZcgb10DvLxlnxzF+bvXHWeNsZtBmbS/30xO3angZqm3rI6GYSsJjCU+t44Z3em3l7ZzgjnqbhYUgcTu6tzpE+DxMJOP7FhpijqKwjfqE3ug/7rO2QBdNgrnfszasM8K7jMfKJCJYEHTH+I1IsE+QIHwY6s59FOOQIuOP1Ed3w8BO42j+G7tqmbSJAgAA[0m[INFO] [INFO] Reading assembly descriptor: /var/lib/jenkins/jobs/TSearch - Perform Release/workspace/service/src/main/assembly/config.xml
[8mha:AAABkB+LCAAAAAAAAACFkc9Kw0AQxsdqNXjUmyAERD11N5Uqak82bUSoVawIUkS27TZNm2bj7qYWBA8+jQd9Gd/AUxHxHdzNn4p4cPYwv52db+YLefmCvOCw1Y+6ggUo9CPXCwQigfA6zGccHSmyNTWYpJDEXA5ydTDihlMSStiuJ3qc6vFMj2d61Viuw0KXSCJhpT4gY4J9Eri4KbkXuOUJh7XURYcFgvkU2Un+vRkmoTK8+b9htfDz2WDv181pDuZbkG+7sdnV1t/l6rWnX+/gERaVy4CMqObcJIx4pkBagVLF69vV9GP94Tg2pJwZEpY2SrY+mhzHUqHJsjQntYxKe/s7lVLW5zhZX0JOHJHeb2STLSubZ1d/JmtOahkVawfpPF2xq1lfQrVdfSTkJ5LykYSn1knDObsx01SJPL+rPs4cEH5o4jHh2PfaeECDof6pA9YW+LJJCe/0zYJ5TnmP8ZF5QX1KBMX3jA9FSDoUC8rHnsqScJdKddWKgoWKyLptF61C+o7UmuVv6X1h74ECAAA=[0m[INFO] [INFO] Building jar: /var/lib/jenkins/jobs/TSearch - Perform Release/workspace/service/target/search-0.1.0_b10-service.jar
[8mha:AAABkx+LCAAAAAAAAACFkcFKw0AQhsdqtXjUmyAERD11N5Uqak82bUSoVawIUkS26TamTbNxd1ODguDbeNCX8Q08FRHfwd0mqYgHZw/zZXb+mT/syxfkBYeNm6grWIBCP3K9QCASCM9hPuPoQJGlqckkhSRmcpBrQGHScExCCZuNRI9TPZ7q8VSvGisNmOsSSSQsNfpkRLBPAhe3JPcCtxJzWEldOCwQzKfISvLvzRCHyvD6/4bVws/nAnu/bI1zMNuGfMedmF1u/12ubnv69hYeYV65DMiQas7FYcQzBdIKlCpe3y7GH6sPhxNDyllBwsJa2dJHk22bKjSZpuakllF5Z3erWs76bDvrS8ieRKT3F7LJppnNs2o/kzUntYxK9b10nq5Ytawvofq2PhLysaR8KOGpfdS0T66MNFUjz++qnzPuvXDfwCPCse91cJ8GA/2ofdYR+LxFCXdujKJxSnmP8aFxRn1KBMV3jA9ESByKBeUjT2VJuEul+tSKoolKyLzulMyiet+e5yK1ZfEbeP01vYACAAA=[0m[INFO] [INFO] Building zip: /var/lib/jenkins/jobs/TSearch - Perform Release/workspace/service/target/search-0.1.0_b10-config.zip
[8mha:AAABPh+LCAAAAAAAAACtjsFKw0AQhsdoNHjUmyAIot6SKFGUnjTtihDroaBI8bC2MUbS3XSzkYDg83jQl/ENPBUR38GdbLYiHrw4c9iP2f+f+Z8/wS4EbN6Ww4IzN8/KJGWFS1mRDnjGhXuoKETqchmDrhkLrAicWnBKcwlbkfZ7jd+b+r2pXwlbEcwNqaQSlqI7ek+9jLLE60mRsqRVCVhpUgw4K3gWu6F+f16GKleBN/4OrA5+PDn87bI3sWC2D/Z1Uodd7v8+rn5v8HcMjzCvUjI6ipGtKi+FcbjocBvHy+v55H314bgOpJI5EhbWgxAbiRBfFZLvI+uZoWBvf+coMDpCjE4TqavE+47Z7PtmX9j+3oysZ4a2OwfNPpyEbaPT1NnFlmBXMhYjCRf9ky45u1prnv+qxS9JeFkIVgIAAA==[0m[INFO] [INFO]                                                                         
[8mha:AAABQB+LCAAAAAAAAABb85aBtbiIQS2jNKU4P0+vIKc0PTOvWC8xrzgzOT8nv0jPEchyBrH88ktSGSCAkYmByYeBA6zAN7GghEHdB6JfH6pfH65fH64fqNDah4ElJbEksYRByCcrsSxRPycxL10/uKQoMy/duqKIQQrqiuT8vOL8nFQ9ZwiNajNDRQHQwaqEHQy08PUKjvyHkcHPmRiYoxlYk9LBjhWOxrQcKJsGki1kqGNgA7oyLzE3FcRmqigoLYLp0APp0IPqWHsp7PlL2Wp3sIOALuMoYWBXNnEGQRDLzc0ACEAsAwMQGyIGY5mYWRg5mcDUubnB1EFYbmBQCrKfA2aygQHMPGcXhMkgNkQMxjJ0tYSaBxJxdoGpg7BcTUGwhIG1oiS1KLeEITza08/NP1YBSulSCXABAA2RMFdWAgAA[0m[INFO] [INFO] ------------------------------------------------------------------------
[8mha:AAABUh+LCAAAAAAAAACFj0FLwzAUx5/VafGoN0EYiAoe0kymKJ5ct4pQ52EgyBDJulorXVLTRAqCn8eDfhm/gach4ncwaZqJePDlkB8v//97/7x8QaPgsHUrxwWjKM9kktICEVqkEcsYR8eKfE19JmIwNeeAE4JbCc5ILmA7NH6v9nszvzfzK+FRCAtjIoiAlfCOPBAvIzTxBoKnNDkqOazVKSJGC5bFyDf3781Q5irw5v+B1cLPZ5e9Xw6mDswPoTFKqrCrw7/L1euNfr2HJ1hUKSmZxJqdMpfcOpB2oNrx+nYx/Vh/PKkCqWSugKWNtq+PpiDAqjRhrNn0LLX3D3Y7basLAqszFFQl9X7XTsbYzvO7P5M1m56lVu+wnqc7ftfqDPX29BHQKEXMJwJ2hqf94PyqWV8dmWZj9blmJCM5GcW8iVEL4etRCy9/AykfhrwpAgAA[0m[INFO] [INFO] Building cucumber 0.1.0_b10
[8mha:AAABQB+LCAAAAAAAAABb85aBtbiIQS2jNKU4P0+vIKc0PTOvWC8xrzgzOT8nv0jPEchyBrH88ktSGSCAkYmByYeBA6zAN7GghEHdB6JfH6pfH65fH64fqNDah4ElJbEksYRByCcrsSxRPycxL10/uKQoMy/duqKIQQrqiuT8vOL8nFQ9ZwiNajNDRQHQwaqEHQy08PUKjvyHkcHPmRiYoxlYk9LBjhWOxrQcKJsGki1kqGNgA7oyLzE3FcRmqigoLYLp0APp0IPqWHsp7PlL2Wp3sIOALuMoYWBXNnEGQRDLzc0ACEAsAwMQGyIGY5mYWRg5mcDUubnB1EFYbmBQCrKfA2aygQHMPGcXhMkgNkQMxjJ0tYSaBxJxdoGpg7BcTUGwhIG1oiS1KLeEITza08/NP1YBSulSCXABAA2RMFdWAgAA[0m[INFO] [INFO] ------------------------------------------------------------------------
[8mha:AAABOx+LCAAAAAAAAACFjsFKxDAQhsdqtXgR9CYIgqi3tEoVZU/a3YhQ18OCIMVD3K210k1qm0pB8Hk86Mv4Bp4WEd/BTNOsiAdnDvmY/P/M//IFdlnA1m01KgUneVYlKS8J42U6FJkoyJGiAKkvZAy6ZiywQnAawRnLJWyH2u+2fnfqd6d+JeyEMDdikklYDu/YA3MzxhN3IIuUJ526gNU2xVDwUmQxCfT7+zLUuQq8+X9gdfDz2RHvl4OJBbMR2NdJE3Yl+ntc/d7g7z08wbxKydk4RrbqvCqMg6CDtI7Xt4vJx9rjSRNIJXMkLGz4ATYSpZ4qJM9D1jND/v7B7rFvdJQanSbaVIX3HbPZ88y+oPuzGVnPDO30Dtt9OAm6Rqept4ctwa5lXIwlLEWnfXp+td4+i9+ywCsSDgIAAA==[0m[INFO] [INFO] 
[8mha:AAABaR+LCAAAAAAAAACFkM1Kw0AUha/VanCpO0EIiH+LTNISRduNmjYixCoUBCkupukYK8kkJpMSEHweF/oyvoGrIuI7OJPJVMSFdxbzceecew/z8gX1LIWtu3yUxRQlYR6MaYYwzcZ+HMYpOubkCOrFjICsuRrUPNBKwTlOGGx70m9WfnPmN2d+Lmx7sDDCDDNY8e7xBJshpoHZZ+mYBu0ihbUqhR/TLA4JcuT9ezMUCQ+8+X9gvvDzWYvfr/vTGswPoD4MyrCrg7/L+euteH2AJ1jkKSmOiOBakeSpciDhQJXj9e1q+rH+eFoG4sk0BksbtiOOINe1eAmyLMGyp8jeP2ie2ErnukonyS0rF/s1Ndmy1Dyn8zNZsOwpanQPq3mi43SUTlJ3TxwG9YKRNGJwOTjruRc3enUZhqFHeEKo4YcEU0N+bquJbNRolS19Z0RucR4yqdjVj3Q/9/NoSFLhXv4G2mn/Fk8CAAA=[0m[INFO] [INFO] --- maven-clean-plugin:2.4.1:clean (default-clean) @ cucumber ---
[8mha:AAABOx+LCAAAAAAAAACFjsFKxDAQhsdqtXgR9CYIgqi3tEoVZU/a3YhQ18OCIMVD3K210k1qm0pB8Hk86Mv4Bp4WEd/BTNOsiAdnDvmY/P/M//IFdlnA1m01KgUneVYlKS8J42U6FJkoyJGiAKkvZAy6ZiywQnAawRnLJWyH2u+2fnfqd6d+JeyEMDdikklYDu/YA3MzxhN3IIuUJ526gNU2xVDwUmQxCfT7+zLUuQq8+X9gdfDz2RHvl4OJBbMR2NdJE3Yl+ntc/d7g7z08wbxKydk4RrbqvCqMg6CDtI7Xt4vJx9rjSRNIJXMkLGz4ATYSpZ4qJM9D1jND/v7B7rFvdJQanSbaVIX3HbPZ88y+oPuzGVnPDO30Dtt9OAm6Rqept4ctwa5lXIwlLEWnfXp+td4+i9+ywCsSDgIAAA==[0m[INFO] [INFO] 
[8mha:AAABbh+LCAAAAAAAAACFkM1Kw0AUha/RanCpO0EIiH+L/FSiaLtR06YIsSIFQYqLSTrGSDoTJ5MSEHweF/oyvoGrIuI7mEkyFXHhncV83Dnn3sO8fEEjZbB1l41SSowkzsKIpAYiaRTQmDLjpCBHUJ9yDFXNKaB4oJaCc5Rw2PYqv1n7zZnfnPkLYduDhRHiiMOKd48myIwRCc0BZxEJ2zmDtTpFQElKY2w41f17M+RJEXjz/8DFws9nlb5fD6YKzA+h4Ydl2NXh3+XF6614fYAnWCxSEjTGgpU8yZh0GMJh1I7Xt6vpx/pjrwxUJFM5LG3YjjiCXNcqSpBlCa56kuyDw71TW+pcV+oqcsvKxH5VTrYsOc/p/EwWXPUkNbtH9TzRcTpSV1F3XxwOjZxjNuZwOTzruxc3Wn3puq6FYzTBRK/+tdU07FaICWaI4wHP/FTb8bMoHvUYpZMIp7vasRZkQTb2MRP25W+3BTjaUAIAAA==[0m[INFO] [INFO] --- gmaven-plugin:1.4:generateStubs (buildGroovies) @ cucumber ---
[8mha:AAABWR+LCAAAAAAAAACFj81Kw0AUha/RanCpO0EIiLpLolSpdKVpI0qsi4IgxcW0ncZIOhPnRwKCz+NCX8Y3cFVEfAdnMpmKuPAOZD7unHPvycsXNDiDnVs55pT4RS7TjHAfEZ6NaE6Zf6wo0tSjAoOpBQecBNxKcIEKAbuJ8Qe1P5j7g7lfCdsJLI2RQALWkjv0gIIckTToC5aRtF0y2KhTjCjhNMd+ZO7fm6EsVODt/wOrhZ/PLn2/7s8cWBxAY5hWYdcHf5er14l+vYcnWFYpCZpizU5ZSGYdvnb4teP17Wr2sfl4WgVSyVwBK1vNSB9NcRyq0hSGmk3PUvOwtX/StLo4tjpDcVVS73ft5DC086LOz2TNpmdpr3tUz9OdqGN1hroH+gholAKzqYDW4KwXX9549dWjHqeSjTD3JlSSsfoy71z9uceFHHopJpghkVGy+g2/dvsJNwIAAA==[0m[INFO] [INFO] No sources found for Java stub generation
[8mha:AAABOx+LCAAAAAAAAACFjsFKxDAQhsdqtXgR9CYIgqi3tEoVZU/a3YhQ18OCIMVD3K210k1qm0pB8Hk86Mv4Bp4WEd/BTNOsiAdnDvmY/P/M//IFdlnA1m01KgUneVYlKS8J42U6FJkoyJGiAKkvZAy6ZiywQnAawRnLJWyH2u+2fnfqd6d+JeyEMDdikklYDu/YA3MzxhN3IIuUJ526gNU2xVDwUmQxCfT7+zLUuQq8+X9gdfDz2RHvl4OJBbMR2NdJE3Yl+ntc/d7g7z08wbxKydk4RrbqvCqMg6CDtI7Xt4vJx9rjSRNIJXMkLGz4ATYSpZ4qJM9D1jND/v7B7rFvdJQanSbaVIX3HbPZ88y+oPuzGVnPDO30Dtt9OAm6Rqept4ctwa5lXIwlLEWnfXp+td4+i9+ywCsSDgIAAA==[0m[INFO] [INFO] 
[8mha:AAABax+LCAAAAAAAAACFkM1Kw0AUha/VanCpO0EIiH+L/Fha0Xajpo0IsS4KghYX03QaK8kkTmZKQPB5XOjL+Aauiojv4EySaREX3lnMx51z7j3M6zdUUwo793yYxsRMQh6MSWoiko79OIypeSrIkdSNGYaiFipQ8UDLBZcoYbDrFX6r9FszvzXzC2HLg6UhYojBmveAJsgKEQmsHqNjErQyChtlCj8maRxi0ynu35shS0Tg7f8Di4VfL1r8cdObVmCxD9VBkIdd7/9dLl5H8vURnmFZpCQowpIrWcKpcpjSYZaOt/fr6efm03keSCTTGKxs1R15JLmuLUqSbUsueorqh0e1s7rSua7SFeTmxeV+TU22bTXPac8nSy56ig46x+U82XHaSldQpyEPg2rGMI0Y3PYvuu7VnV5ehmHoEZpgYlCcxpz6ODWKD27WzEZz1tT3hniEeMjmun39RPe5z6MBpnLO6g8v+5SIWQIAAA==[0m[INFO] [INFO] --- maven-resources-plugin:2.5:resources (default-resources) @ cucumber ---
[8mha:AAABUB+LCAAAAAAAAACFkcFKxDAQhsdqtXjUmyAsyOqtrVJF2ZN2tyLU9bAgSNlDto210k1qm0hR8Hk86Mv4Bp4WEd/BpGlWxIOTQz4m/z/zQ16+wKxK2L7hSUWJXeQ8zUhlI1JlMc1paR8L8iUNKcOgasEAIwSrEZyjgsFOqPxO63fmfmfuF8JeCEsJYojBWniL7pGTI5I6I1ZmJO3VJWy0KWJKKppj21f3781QFyJw9//AYuHns0Xfr0YzAxYjMCdpE3Y9+rtcvF7L1zt4gmWRkqAplmzUBS+1w5YOu3W8vl3OPjYfT5tAIpnFYGXL8+WRFASuKEmuK1n1NHkHh3snntYFgdYpCpricr+lJ7uunuf3fyZLVj1Nu4Ojdp7s+H2tUzTYl4eBWTNcThl0o7NhcDHuRAme8HTcwTWOOcMd8QEM14yjPHvAq9+fqSCwJAIAAA==[0m[INFO] [debug] execute contextualize
[8mha:AAABYR+LCAAAAAAAAACFj0FLwzAUx5/VafGoN0EoiO5kW2XKxNPsVhHqPMwJMjzENquVLqlJKhXBz+NBv4zfwNMQ8TuYtM1EPPhyyI+X//+9f16+oMEZbN3kEafEztI8Tgi3EeFJSFPK7I4kT1GfCgxVzRlgBGCWglOUCWgGld+p/c7M78z8UngYwEKEBBKwEtyie+SkiMTOQLCExIcFg7U6RUgJpym2ver+vRmKTAbe/D+wXPj5bNL3y8HUgPkRNK7jMuzq6O9y+TpWr3fwBIsyJUETrNgospxph60cdu14fbuYfqw/HpeBZDJTwNJGy1NHke+7shS5ruKqp6m13949ammd72tdRX5Zudpv6smuq+d53Z/Jiquepp3eQT1Pdbyu1lXU21NHQKMQmE0EdEYnff/syqqvIZc/s5rDc3+73bQwCWmkGoJaIc0erHGSShuOLIY5zVmIub38DXws/ypAAgAA[0m[INFO] [INFO] Using 'UTF-8' encoding to copy filtered resources.
[8mha:AAABlh+LCAAAAAAAAACFkcFK5EAQhstxR4c9rjdBCIh6Mh1lFMWTZowIoy47iyCDh562HTOTdMfqzhgRPPsoHvRlfANPIrLvsN2TtCIerD70R3X9f/0hD/+grhAWL/IzJYWfJXk/FsqnQsVMJhL9bUOhpUOpOZQ1UYNaGxrjgQOaaVhql3pS6cm7nrzrzeBWG36cUU01/GoP6IiShIo+6WiMRX+rQJitUjAplEy4H5b3581QZCbwwveBzcK3+4Z8Pum81GCyC/Vefxx2pvt1uXk9t6+XcAtTJqWgKbdcK7IcncK3Cr9SPD4dv7zO3eyNA5lkDQ3T883QHktRFJiyFASWy56j5vrG6k7TzUWRmyspGldu9zeccxA4v7D14Wy57Dla2d2s/GwnbLm5knbX7NFQLzTHVMNdd/8wOjr1qksN48wTUni8iJU2X+khVzJHxlsxcqYlXntkRJEkcY8MuBjaXz2QPUX+djhFduEte785nktMvT884VRxciVxqDLKOGE5y9MeR6KQkZTGgjh39fM/EMrT/4cCAAA=[0m[INFO] [INFO] skip non existing resourceDirectory /var/lib/jenkins/jobs/TSearch - Perform Release/workspace/cucumber/src/main/resources
[8mha:AAABOx+LCAAAAAAAAACFjsFKxDAQhsdqtXgR9CYIgqi3tEoVZU/a3YhQ18OCIMVD3K210k1qm0pB8Hk86Mv4Bp4WEd/BTNOsiAdnDvmY/P/M//IFdlnA1m01KgUneVYlKS8J42U6FJkoyJGiAKkvZAy6ZiywQnAawRnLJWyH2u+2fnfqd6d+JeyEMDdikklYDu/YA3MzxhN3IIuUJ526gNU2xVDwUmQxCfT7+zLUuQq8+X9gdfDz2RHvl4OJBbMR2NdJE3Yl+ntc/d7g7z08wbxKydk4RrbqvCqMg6CDtI7Xt4vJx9rjSRNIJXMkLGz4ATYSpZ4qJM9D1jND/v7B7rFvdJQanSbaVIX3HbPZ88y+oPuzGVnPDO30Dtt9OAm6Rqept4ctwa5lXIwlLEWnfXp+td4+i9+ywCsSDgIAAA==[0m[INFO] [INFO] 
[8mha:AAABbB+LCAAAAAAAAACFkM1Kw0AUha/VanCpO0EIiH+LTGKtou1GTRsRYl0IihQX03QaI8kkJpMSEHweF/oyvoGrIuI7OJPJVMSFdxbzceecew/z8gX1LIWNu3yYxRQlYe4HNEOYZoEXh3GKjjnZgnoxIyBrpgY1F7RScI4TBpuu9JuV35z6zamfC9suzA0xwwyW3Hs8xmaIqW9esjSgfrtIYaVK4cU0i0OCbHn/3gxFwgOv/x+YL/x81uL3m8tJDWb7UB/4Zdjl/t/l/HUkXh/gCeZ5SoojIrhWJHmqHEg4UOV4fbuafKw+npaBeDKNwcJa0xZHkONYvARZlmDZU9TcP2icNJXOcZROklNWLvZrarJlqXl252eyYNlTtNM9rOaJjt1ROkndPXEY1AtG0ojBdf+s51zc6tVlGIYe4TGhhhdHSRCS1JD/22qgXdRoVV19a0hGOA+Zkm3rR7qXe3k0IKkYsvgNE1JZ/VYCAAA=[0m[INFO] [INFO] --- maven-compiler-plugin:2.3.2:compile (default-compile) @ cucumber ---
[8mha:AAABSx+LCAAAAAAAAACFjs9KxDAQxsdqtXjUmyAU/Hdrq1RR9qTdrQi1HhYEKR5it9ZKN+kmqRQEn8eDvoxv4GkR8R1MmmZFPDhzyI/J9818L19gMgrbd/WIEexUZZ0XmDkIsyIlJaHOsaBAUkx4BqrmDDAisFrBOao47ETK73Z+d+Z3Z34h7EWwMEIccViJ7tEDckuEc3fIaYHzXkNhrUuREsxImTmBen9fhqYSgbf+DywOfj5b5P1qODVgPgHzJm/DriZ/j4vfW/k7gSdYFCkxGmeSjaaqqXY40uF0jte3y+nH+uNpG0gkszgsbfiBbElh6ImS5HmS1UyTf3C4d+JrXRhqnaKwrVret/Rmz9P7gv7PZslqpml3cNTtk5Ogr3WKBvuyOZgNz+iYw2ZyFocX13b3xMRmpKZpxmxO7JSMq6LMlr8BGOV4aCMCAAA=[0m[INFO] [INFO] No sources to compile
[8mha:AAABOx+LCAAAAAAAAACFjsFKxDAQhsdqtXgR9CYIgqi3tEoVZU/a3YhQ18OCIMVD3K210k1qm0pB8Hk86Mv4Bp4WEd/BTNOsiAdnDvmY/P/M//IFdlnA1m01KgUneVYlKS8J42U6FJkoyJGiAKkvZAy6ZiywQnAawRnLJWyH2u+2fnfqd6d+JeyEMDdikklYDu/YA3MzxhN3IIuUJ526gNU2xVDwUmQxCfT7+zLUuQq8+X9gdfDz2RHvl4OJBbMR2NdJE3Yl+ntc/d7g7z08wbxKydk4RrbqvCqMg6CDtI7Xt4vJx9rjSRNIJXMkLGz4ATYSpZ4qJM9D1jND/v7B7rFvdJQanSbaVIX3HbPZ88y+oPuzGVnPDO30Dtt9OAm6Rqept4ctwa5lXIwlLEWnfXp+td4+i9+ywCsSDgIAAA==[0m[INFO] [INFO] 
[8mha:AAABah+LCAAAAAAAAACFkM1Kw0AUha/RanCpO0EIiH+L/FSiaLtR06aIsS4KghQX0zTGSDITJ5MSEHweF/oyvoGrIuI7OJNkKuLCO4v5uHPOvYd5+YJGRmHrLh9nBBtpnIcRzgyEs8gnMaHGCSdHUJ+wAKqaU0DxQC0FFyhlsO1VfrP2mzO/OfNzYduDhTFiiMGKd48myIwRDs0BoxEO2wWFtTqFT3BG4sBwqvv3ZihSHnjz/8B84eezSt6vB1MF5ofQGIVl2NXh3+X89Va8PsATLPKUGCWBYKVIcyodhnAYteP17Wr6sf7YKwPxZCqDpQ3bEUeQ61q8BFmW4KonyT443Du1pc51pa4it6xc7FflZMuS85zOz2TBVU9Ss3tUzxMdpyN1FXX3xWHQKFhAEwbnw7O+e3mj1Zeu61qYoEmA9epfW03DbvkkSaM40HZGeRSPe5SQSRRku9qx5ud+nowCKozL3w46LrpKAgAA[0m[INFO] [INFO] --- gmaven-plugin:1.4:compile (buildGroovies) @ cucumber ---
[8mha:AAABUB+LCAAAAAAAAACFjsFKxDAQhsdqtXjUmyAURAUPbZUqyp60uxWhrocFQRYPse3WSpvUJJWC4PN40JfxDTwtIr6DSdOsiAdnDvmY/P/M//IFJqOwdVsnjGCnKuosx8xBmOUxKQh1jgUFkoaEp6BqzgAjAqsVnKOKw3ak/G7nd2d+d+YXwl4ECwniiMNKdIcekFsgnLkjTnOc9RoKa12KmGBGitQJ1Pv7MjSVCLz5f2Bx8PPZIu9Xo6kB82Mwb7I27Or473HxO5G/9/AEiyIlRmUq2WiqmmqHIx1O53h9u5x+rD+etoFEMovD0oYfyJYUhp4oSZ4nWc00+QeHeye+1oWh1ikK26rlfUtv9jy9L+j/bJasZpp2B0fdPjkJ+lqnaLAvm4PZ8JSWHHbGZ8Pw4truniGxGalpnDJ7Qmqc2JzYMSmrvEiXvwHdRSHiKQIAAA==[0m[INFO] [INFO] No sources found to compile
[8mha:AAABOx+LCAAAAAAAAACFjsFKxDAQhsdqtXgR9CYIgqi3tEoVZU/a3YhQ18OCIMVD3K210k1qm0pB8Hk86Mv4Bp4WEd/BTNOsiAdnDvmY/P/M//IFdlnA1m01KgUneVYlKS8J42U6FJkoyJGiAKkvZAy6ZiywQnAawRnLJWyH2u+2fnfqd6d+JeyEMDdikklYDu/YA3MzxhN3IIuUJ526gNU2xVDwUmQxCfT7+zLUuQq8+X9gdfDz2RHvl4OJBbMR2NdJE3Yl+ntc/d7g7z08wbxKydk4RrbqvCqMg6CDtI7Xt4vJx9rjSRNIJXMkLGz4ATYSpZ4qJM9D1jND/v7B7rFvdJQanSbaVIX3HbPZ88y+oPuzGVnPDO30Dtt9OAm6Rqept4ctwa5lXIwlLEWnfXp+td4+i9+ywCsSDgIAAA==[0m[INFO] [INFO] 
[8mha:AAABch+LCAAAAAAAAACFkM1Kw0AUha/RanCpO0EIiH+L/ChRtN2oaVOEWBdVQYqLSTvGSDITJ5MSEHweF/oyvoGrIuI7mEkyFXHhncV83Lnn3MO8fEEjZbBxl41SSowkyoKQpAYiaTikEWXGcUGOoB7lGKqaUUDxQC0HzlDCYdOr9GatN6d6c6ovBlsezI0QRxyWvHs0RmaESGD2OQtJ0MoZrNQphpSkNMKGU92/N0OeFIHX/w9cLPx8Vun7dX+iwOwAGn5Qhl0e/F1evN6K1wd4gvkiJUExFqzkScakwhAKo1a8vl1NPlYfu2WgIpnKYWHNdsQR5LpWUYIsS3DVk2TvH+ye2HLOdeVcRW5ZmdivSmfLkn5O+8dZcNWTtNM5rP1Ex2nLuYo6e+JwaOQcs5jD5eC0557faPWl67oWxGiMiV79a3PHsJsBJpghji9wyvs881Nty8/CaNRllI5DnG5rR9owG2axj5mwWPwGMQ3kjVQCAAA=[0m[INFO] [INFO] --- gmaven-plugin:1.4:generateTestStubs (buildGroovies) @ cucumber ---
[8mha:AAABTR+LCAAAAAAAAACFj0FLwzAUx5/VavGoN0EoyPTWVpni2Em7dSh1HgaCDA/ZGuukS7oklYLg5/GgX8Zv4GmI+B1MmmYiHnw55MfL///ePy9fYHMGu3dFwinx8qxIJ4R7iPDJmGaUeSeSQkV9KjDoWrLAisGpBBcoF7AXa79f+/2F31/4pbAdw0qCBBKwEd+jB+RniKT+QLAJSdslg606xZgSTjPshfr+vRnKXAZu/B9YLvx8duj79WBuwfIQ7FFahd0c/l0uX2/V6wyeYFWmJGiKFVtlXjDj8JTDqx2vb1fzj+3HXhVIJnMErO00Q3UURVEgS1EQKNY9Q82j44PTptFFkdFpiqoq1H7HTA4CMy/s/ExWrHuG9rutep7qhB2j09Q9VEeAXQrMpgIaw7N+dHnj1lcPE8yQwInbcs/lh10uihFf/wYljwVgJAIAAA==[0m[INFO] [INFO] Generated 9 Java stubs
[8mha:AAABOx+LCAAAAAAAAACFjsFKxDAQhsdqtXgR9CYIgqi3tEoVZU/a3YhQ18OCIMVD3K210k1qm0pB8Hk86Mv4Bp4WEd/BTNOsiAdnDvmY/P/M//IFdlnA1m01KgUneVYlKS8J42U6FJkoyJGiAKkvZAy6ZiywQnAawRnLJWyH2u+2fnfqd6d+JeyEMDdikklYDu/YA3MzxhN3IIuUJ526gNU2xVDwUmQxCfT7+zLUuQq8+X9gdfDz2RHvl4OJBbMR2NdJE3Yl+ntc/d7g7z08wbxKydk4RrbqvCqMg6CDtI7Xt4vJx9rjSRNIJXMkLGz4ATYSpZ4qJM9D1jND/v7B7rFvdJQanSbaVIX3HbPZ88y+oPuzGVnPDO30Dtt9OAm6Rqept4ctwa5lXIwlLEWnfXp+td4+i9+ywCsSDgIAAA==[0m[INFO] [INFO] 
[8mha:AAABbx+LCAAAAAAAAACFkM1Kw0AQx8dqNXjUmyAExK9DPiytaHtR00aEWMGCIMXDNt3GSrIbN5sSEHweD/oyvoGnIuI7uJtkK8WDM4f9MTP/mT/7+g3VhMHOfTpMKDHjMA3GJDERScY+DSkzTwU5krqUYyhioQIVD7R84BLFHHa9Qm+Vemumt2Z6MdjyYGmIOOKw5j2gCbJCRAKrx9mYBK2MwUbpwqckoSE2neKdvwxZLAxv/29YHPx60ejHbW9agcU+VAdBbna9//e46I5k9xGeYVm4JCjCkitZnDKlMKXCLBVv7zfTz82n89yQcKZxWNmqOzIlua4tQpJtSy5qiuqHR7WzuppzXTVXkJtHKu9rarNtq31O+3ez5KKm6KBzXO6TFaet5grqNGRyqGYcs4jDoH/Rda/u9PIxDEOP0AQTg+GEpszHiVF8cLNmNpocJ/xaNfS9IR6hNOTGXHlfP9H91E+jAWZy3+oPhd7N+GECAAA=[0m[INFO] [INFO] --- maven-resources-plugin:2.5:testResources (default-testResources) @ cucumber ---
[8mha:AAABUB+LCAAAAAAAAACFkcFKxDAQhsdqtXjUmyAsyOqtrVJF2ZN2tyLU9bAgSNlDto210k1qm0hR8Hk86Mv4Bp4WEd/BpGlWxIOTQz4m/z/zQ16+wKxK2L7hSUWJXeQ8zUhlI1JlMc1paR8L8iUNKcOgasEAIwSrEZyjgsFOqPxO63fmfmfuF8JeCEsJYojBWniL7pGTI5I6I1ZmJO3VJWy0KWJKKppj21f3781QFyJw9//AYuHns0Xfr0YzAxYjMCdpE3Y9+rtcvF7L1zt4gmWRkqAplmzUBS+1w5YOu3W8vl3OPjYfT5tAIpnFYGXL8+WRFASuKEmuK1n1NHkHh3snntYFgdYpCpricr+lJ7uunuf3fyZLVj1Nu4Ojdp7s+H2tUzTYl4eBWTNcThl0o7NhcDHuRAme8HTcwTWOOcMd8QEM14yjPHvAq9+fqSCwJAIAAA==[0m[INFO] [debug] execute contextualize
[8mha:AAABYR+LCAAAAAAAAACFj0FLwzAUx5/VafGoN0EoiO5kW2XKxNPsVhHqPMwJMjzENquVLqlJKhXBz+NBv4zfwNMQ8TuYtM1EPPhyyI+X//+9f16+oMEZbN3kEafEztI8Tgi3EeFJSFPK7I4kT1GfCgxVzRlgBGCWglOUCWgGld+p/c7M78z8UngYwEKEBBKwEtyie+SkiMTOQLCExIcFg7U6RUgJpym2ver+vRmKTAbe/D+wXPj5bNL3y8HUgPkRNK7jMuzq6O9y+TpWr3fwBIsyJUETrNgospxph60cdu14fbuYfqw/HpeBZDJTwNJGy1NHke+7shS5ruKqp6m13949ammd72tdRX5Zudpv6smuq+d53Z/Jiquepp3eQT1Pdbyu1lXU21NHQKMQmE0EdEYnff/syqqvIZc/s5rDc3+73bQwCWmkGoJaIc0erHGSShuOLIY5zVmIub38DXws/ypAAgAA[0m[INFO] [INFO] Using 'UTF-8' encoding to copy filtered resources.
[8mha:AAABSR+LCAAAAAAAAACFj8FKxDAQhsdqtXjUmyBURL21Xami7Em7GxHqelgQpHiI3Vor3aSbplIRfB4P+jK+gadFxHcwaZoV8eDkkI/J/8/8efkCs2SwfVuNSkqcIq/SjJQOJmUW05wy50hQIGlAeQKq5gwwQrAawRkuOOyEyu+2fnfmd2d+IeyGsDDCHHNYCe/wPXZzTFJ3yFlG0m7NYK1NEVNS0jxxAnX/3gx1IQJv/R9YLPx8tuj75XBqwHwE5nXahF2N/i4XrzfydQJPsChSEjxOJBt1UTHtcKTDaR2vbxfTj/XHkyaQSGZxWNr0A3kkIeSJkuR5klVPk79/sHvsax1CWqcINVXJ/Zae7Hl6XtD7mSxZ9TR1+oftPNkJelqnqL8nDwez5gkbc9iITgfo/Mpur4AWD+JvdsdmSUkrFifL31Bsa+wgAgAA[0m[INFO] [INFO] Copying 1 resource
[8mha:AAABlR+LCAAAAAAAAACFkc9Kw0AQxsdqtXjUmyAERD01G7WK0pOmjQi1ihVBiodtOk3/JNm4u6kVwZvv4kFfxjfwVER8B3ebpCIenD3sj9n55vtCXr4gLzhsdOO2YKEZ+bHXC4VJQ9Fzmc+4eajI1lRnEiGpmRzkalCYDJzSSMJmLdGTVE+mejLVq8FyDebaVFIJS7U+HVLi09AjDcl7oVcecVhJU7gsFMxH007u384wilTg9f8DK8PP5wJ7v26MczDbhHzLm4Rdbv41V68d/XoLjzCvUoY0QM25URTzTGFqhZkqXt+uxh+rD8eTQCpZQcLCWsnWR5PjWKo0WZbmpJdRaW9/+6iUzTlONpeQM6lY+xeyzZaV7bMrP5s1J72MtqoH6T7dsSvZXELVXX0k5EcSeSDhqXlSd85ujPSyWXSvvs3YMTgKFnMXhSGZQYaUE7/XIn0MB/rv9llLkMsGUu52jaJxjrzDeGBcoI9UILljfCAi6iJxYzcOWsiJpNxDSSQKWXR9KgQK0kEqY2W0+A3AG1OWhAIAAA==[0m[INFO] [INFO] Copying 3 resources to /var/lib/jenkins/jobs/TSearch - Perform Release/workspace/cucumber/target/test-classes/features
[8mha:AAABOx+LCAAAAAAAAACFjsFKxDAQhsdqtXgR9CYIgqi3tEoVZU/a3YhQ18OCIMVD3K210k1qm0pB8Hk86Mv4Bp4WEd/BTNOsiAdnDvmY/P/M//IFdlnA1m01KgUneVYlKS8J42U6FJkoyJGiAKkvZAy6ZiywQnAawRnLJWyH2u+2fnfqd6d+JeyEMDdikklYDu/YA3MzxhN3IIuUJ526gNU2xVDwUmQxCfT7+zLUuQq8+X9gdfDz2RHvl4OJBbMR2NdJE3Yl+ntc/d7g7z08wbxKydk4RrbqvCqMg6CDtI7Xt4vJx9rjSRNIJXMkLGz4ATYSpZ4qJM9D1jND/v7B7rFvdJQanSbaVIX3HbPZ88y+oPuzGVnPDO30Dtt9OAm6Rqept4ctwa5lXIwlLEWnfXp+td4+i9+ywCsSDgIAAA==[0m[INFO] [INFO] 
[8mha:AAABcB+LCAAAAAAAAACFkM9Kw0AQxsdoNXjUmyAExH+HbGKtou1FTRsRYj0UBCki23QbI0k2JpsSEHweD/oyvoGnIuI7mM1mq+LBmcP+mJlv5mOfP6GWJrBxmw1TGqE4yDw/ShGOUt+lAU3QcUEWpy5lBETMKKA4oJYD5zhmsOkIvVHpjanemOqLwZYDc0PMMIMl5w6PsRHgyDN6LPEjr5UnsFK5cGmU0oAgS7y/L0MeF4bX/zdcHPx4UunbVW+iwGwfagOvNLvc/3u86I549x4eYb5wGeGQcFbyOEukAnEFqhQvr5eT99WH09JQ4UxlsLDWsHhysm2zCE6myVnUJDX2D+onDTln23JOkF1Gxu+rcrNpyn1W+3szZ1GTtNM5rPbxitWWc4I6ezwZ1HJGkpDBTf+sa19ca9Wj67oW4jGJdJeGsR+QRBf/26yjXVRvMpIyS3S0rSEZ4Sxg+o/itnakuZmbhQOS8GWLXw1YfWZeAgAA[0m[INFO] [INFO] --- maven-compiler-plugin:2.3.2:testCompile (default-testCompile) @ cucumber ---
[8mha:AAABkR+LCAAAAAAAAACFkc9Kw0AQxsdqtXjUmyAsiHpqNkoVxZOmRoT6ByuCFA/bOI2pm2zc3WhBEHwbD/oyvoGnIuI7uNskinhw9rA/Zr9v5gt5/oSqkrB0lV0qkTgpz8IoUQ5LVBQILqSzbcizdCg0Ql5jFai0oDYSHLBUw3Ir99PCT7/99NtvhFstmLhkmmmYafXZLaOcJSFtaxkl4dZAwlyRIhCJEhwdL79/b4ZBagIv/h/YLPx4qom38/awAuMdqHbDUdjZzt/l5rVnX2/gASZNyoTFaLkySDNZOhzrcArHy+vZ8H3+fm8UyCSraZhaaHj2WPJ915Ql17Wc90pqrG+s7jRKne+Xupz8UWV2f62c7LrlPK/5M9ly3itpZXezmGc7XrPU5bS7Zo+G6kCjjDU8dvYP/aMLUlyeiNOIm68jm0SJTAZIehFHRbQg9JZJyqMu7WNybX9xX3QVPW0jk8EVqZNjlD0hY3KCHJlCeifktUpZgDTIgizuoqSayRA11ah0PeBMKVTTXyKoEPiAAgAA[0m[INFO] [INFO] Compiling 9 source files to /var/lib/jenkins/jobs/TSearch - Perform Release/workspace/cucumber/target/test-classes
[8mha:AAABOx+LCAAAAAAAAACFjsFKxDAQhsdqtXgR9CYIgqi3tEoVZU/a3YhQ18OCIMVD3K210k1qm0pB8Hk86Mv4Bp4WEd/BTNOsiAdnDvmY/P/M//IFdlnA1m01KgUneVYlKS8J42U6FJkoyJGiAKkvZAy6ZiywQnAawRnLJWyH2u+2fnfqd6d+JeyEMDdikklYDu/YA3MzxhN3IIuUJ526gNU2xVDwUmQxCfT7+zLUuQq8+X9gdfDz2RHvl4OJBbMR2NdJE3Yl+ntc/d7g7z08wbxKydk4RrbqvCqMg6CDtI7Xt4vJx9rjSRNIJXMkLGz4ATYSpZ4qJM9D1jND/v7B7rFvdJQanSbaVIX3HbPZ88y+oPuzGVnPDO30Dtt9OAm6Rqept4ctwa5lXIwlLEWnfXp+td4+i9+ywCsSDgIAAA==[0m[INFO] [INFO] 
[8mha:AAABbR+LCAAAAAAAAACFkM1Kw0AUha/RanCpO0EIiH+L/FSiaLtR06YIsV0UBCkupukYI0kmTiYlIPg8LvRlfANXRcR3MJPJVMSFdxbzceecew/z8gWNjMLOXT7JSGKkUR6ESWagJAt9EhFqnJXkcOoThkHUggKKB2oluEQpg11P+M3ab8795txfCtseLE0QQwzWvHs0RWaEksAcMhomQbugsFGn8EmSkQgbjrh/b4YiLQNv/x+4XPj5rJL36+FMgcURNMZBFXZ99Hd5+XrLXx/gCZbLlAmKMWelSHMqHQZ3GLXj9e1q9rH52KsClclUBitbtsMPJ9e1yuJkWZxFT5J9dHxwbkud60qdILeqnO9X5WTLkvOczs9kzqInqdk9qefxjtOROkHdQ34YNAqGacxgMLrou4Mbrb50XdeCGE1xoot/bTUNu8VwxhwSp2GEtb1xHkaTHiVkGuJsXzvV/NzP4zGm3Lz6DXeYIF5OAgAA[0m[INFO] [INFO] --- gmaven-plugin:1.4:testCompile (buildGroovies) @ cucumber ---
[8mha:AAABUR+LCAAAAAAAAACFjsFKw0AQhsdoNHjUmyAERMVLEm0UpSdNmyLEeigIEjysbYyRdDfubkpE8Hk86Mv4Bp6KiO/gbjZbEQ/OHPZj9v9n/pcvMBmFrdtyxAh2irxMM8wchFk2JDmhzrGgQFKf8ARUzRlgRGDVgjNUcNiOlN9t/O7M7878QtiOYGGEOOKwEt2hCXJzhFN3wGmG03ZFYa1JMSSYkTxxAvX+vgxVIQJv/h9YHPx8tsj75WBqwHwM5nVah12N/x4Xvzfy9x6eYFGkxGicSDaqoqTa4UiH0zhe3y6mH+uPvTqQSGZxWNrwA9mSwtATJcnzJKuZJv/gcO/E17ow1DpFYV2lvG/pzZ6n9wWdn82S1UzTbveo2ScnQUfrFHX3ZXMwK57QMYed+LQfnl/ZzROQcZHlychuteweJWTyYA9zxFjClr8BuEc2figCAAA=[0m[INFO] [INFO] Compiled 33 Groovy classes
[8mha:AAABOx+LCAAAAAAAAACFjsFKxDAQhsdqtXgR9CYIgqi3tEoVZU/a3YhQ18OCIMVD3K210k1qm0pB8Hk86Mv4Bp4WEd/BTNOsiAdnDvmY/P/M//IFdlnA1m01KgUneVYlKS8J42U6FJkoyJGiAKkvZAy6ZiywQnAawRnLJWyH2u+2fnfqd6d+JeyEMDdikklYDu/YA3MzxhN3IIuUJ526gNU2xVDwUmQxCfT7+zLUuQq8+X9gdfDz2RHvl4OJBbMR2NdJE3Yl+ntc/d7g7z08wbxKydk4RrbqvCqMg6CDtI7Xt4vJx9rjSRNIJXMkLGz4ATYSpZ4qJM9D1jND/v7B7rFvdJQanSbaVIX3HbPZ88y+oPuzGVnPDO30Dtt9OAm6Rqept4ctwa5lXIwlLEWnfXp+td4+i9+ywCsSDgIAAA==[0m[INFO] [INFO] 
[8mha:AAABbB+LCAAAAAAAAACFkM1Kw0AUha/VanCpO0EIiH+L/FSqaLtR00aEWIWCIMXFNJ3GSDKJk5kSEHweF/oyvoGrIuI7mMlkKuLCO4v5cuecew95+YJ6RmHrjo+yhJhpxIOQZCYiWegnUULNk4IcQb2EYZA1V4OaB1opuEApg21P+q3Kb8381sxfCNseLIwQQwxWvHs0QVaESGD1GQ1J0M4prFUp/IRkSYRNR96/N0OeFoE3/w9cLPx81pL3m/60BvMDqA+DMuzq4O/y4nUsXh/gCRaLlATFWHAtTzlVDlM4zMrx+nY9/Vh/PCsDFck0BksbTUccQa5rFyXItgXLnqLmweHeaVPpXFfpJLllcbFfU5NtW81zOj+TBcueokb3qJonOk5H6SR198VhUM8ZpjGDq8F5z7281avLMAw9RhNMjIxTPA4pNuT/be2ZDbvFcMb0nREeIx4xQ3zt6se6z30eDzEV7uVvFSagz08CAAA=[0m[INFO] [INFO] --- maven-surefire-plugin:2.10:test (default-test) @ cucumber ---
[8mha:AAABjx+LCAAAAAAAAACFkcFKw0AQhsdqtXjUmyAERD01G6WK2pOmjQi1ihVBiodtuk3Tptk4u6kVwZMP40FfxjfwVER8B3ebpCIenD3sx+z88/+wL1+QFwgb3bgteGhGQez5oTBpKHyXBxzNQ0W2pjqXDJKayUGuBoXJwCmNJGzWEj1J9WSqJ1O9GizXYK5NJZWwVOvRISUBDT3SkOiHXnmEsJKmcHkoeMBMO7l/O8MoUoHX/w+sDD+fC/z9ujHOwWwT8i1vEna5+ddcvXb06y08wrxKGdIB05wbRTFmClMrzFTx+nY1/lh9OJ4EUskKEhbWSrY+mhzHUqXJsjQnvYxKu3vbR6VsznGyuYScScXav5Bttqxsn1352aw56WW0Vd1P9+mOXcnmEqru6CMhP5IMBxKemid15+zGSK9GjKzjIzOQRRyl0VbsSo73BwYZUiSB3yI9Fvb1D/d4S5DLBqPodo2icc6ww3FgXLCAUcHIHce+iKjLiBu78aDFkEiKHpNEpCbFxEQsfgMqFSNCgwIAAA==[0m[INFO] [INFO] Surefire report directory: /var/lib/jenkins/jobs/TSearch - Perform Release/workspace/cucumber/target/surefire-reports
[8mha:AAABOR+LCAAAAAAAAACFjsFKxDAQhsdqtXjUmyAIot7SKlWUPbndrQh1PSwIUjzE3Vor3aSmqRQEn8eDvoxv4GkR8R3MNM2KeHDmkI/J/8/8L19glwK2b6txyRkp8irNWEkoK7MRz7kgx4oCpAGXCeias8CKwGkEZ7SQsBNpv9v63ZnfnfmVsBPBwphKKmEluqMP1M0pS92hFBlLO7WAtTbFiLOS5wkJ9Pv7MtSFCrz1f2B18PPZ4e+Xw6kF8zHY12kTdjX+e1z93uDvPTzBokrJ6CRBtuqiEsZB0EFax+vbxfRj/fGkCaSSORKWNv0AGykMPVVInoesZ4b8g8O9rm90YWh0msKmKrzvmM2eZ/YFvZ/NyHpmaLd/1O7DSdAzOk39fWwJdi0TMZHgxKeD8PxqY/kbaqkK+wcCAAA=[0m[INFO] 
[8mha:AAABPh+LCAAAAAAAAABb85aBtbiIQS2jNKU4P0+vIKc0PTOvWC8xrzgzOT8nv0jPEchyBrH88ktSGSCAkYmByYeBA6zAN7GghEHdB6JfH6pfH65fH64fqNDah4ElJbEksYRByCcrsSxRPycxL10/uKQoMy/duqKIQQrqiuT8vOL8nFQ9ZwiNajNDRQHQwaqEHQy08PUKjvyHkcHPmRiYoxlYk9LBjhWOxrQcKJsGki1kqGNgA7oyLzE3FcRmqigoLYLp0APp0IPqWHsp7PlL2Wp3sIOALuMoYWBXNnEGQRDLzc0ACEAsAwMQGyIGY5mYWRg5mcDUubnB1EFYbmBQCrKfA2aygQHMPGcXhMkgNkQMxjJ0tYSaBxJxdoGpg7BcTUGwhIG1oiS1KLeEwT7a08/NP1ZBlzzABQBLt5s/PgIAAA==[0m[INFO] -------------------------------------------------------
[8mha:AAABQh+LCAAAAAAAAACFkcFKxDAQhsdqtXjUmyAURL21Vaooe9JuI0JdDxVBioe4W2ulm3TTVAqCz+NBX8Y38LSI+A4mTbMiHpxA8zH5/5kf+vIFZsVg664eVZQ4ZVFnOakcTKp8SAvKnCNBgaQB5SmomjPAiMBqBWe45LAdKb/b+d2Z3535hbAXwcIIc8xhJbrHD9gtMMncmLOcZL2GwVqXYkhJRYvUCdT9ezM0pQi8+X9gsfDz2aLvV/HUgPkEzJusDbua/F0uXm/l6wSeYFGkJHicSjaasmba4UiH0zle3y6nH+uPJ20gkczisLThB/JIQsgTJcnzJKueJn//YPfY1zqEtE4RaquW+y092fP0vKD/M1my6mnaCQ+7ebIT9LVOUbgnDwez4Skbi9+QnA7Q+bVtX9ihHYtvvPwN+3DhShECAAA=[0m[INFO]  T E S T S
[8mha:AAABPh+LCAAAAAAAAABb85aBtbiIQS2jNKU4P0+vIKc0PTOvWC8xrzgzOT8nv0jPEchyBrH88ktSGSCAkYmByYeBA6zAN7GghEHdB6JfH6pfH65fH64fqNDah4ElJbEksYRByCcrsSxRPycxL10/uKQoMy/duqKIQQrqiuT8vOL8nFQ9ZwiNajNDRQHQwaqEHQy08PUKjvyHkcHPmRiYoxlYk9LBjhWOxrQcKJsGki1kqGNgA7oyLzE3FcRmqigoLYLp0APp0IPqWHsp7PlL2Wp3sIOALuMoYWBXNnEGQRDLzc0ACEAsAwMQGyIGY5mYWRg5mcDUubnB1EFYbmBQCrKfA2aygQHMPGcXhMkgNkQMxjJ0tYSaBxJxdoGpg7BcTUGwhIG1oiS1KLeEwT7a08/NP1ZBlzzABQBLt5s/PgIAAA==[0m[INFO] -------------------------------------------------------
[8mha:AAABOR+LCAAAAAAAAACFjsFKxDAQhsdqtXjUmyAIot7SKlWUPbndrQh1PSwIUjzE3Vor3aSmqRQEn8eDvoxv4GkR8R3MNM2KeHDmkI/J/8/8L19glwK2b6txyRkp8irNWEkoK7MRz7kgx4oCpAGXCeias8CKwGkEZ7SQsBNpv9v63ZnfnfmVsBPBwphKKmEluqMP1M0pS92hFBlLO7WAtTbFiLOS5wkJ9Pv7MtSFCrz1f2B18PPZ4e+Xw6kF8zHY12kTdjX+e1z93uDvPTzBokrJ6CRBtuqiEsZB0EFax+vbxfRj/fGkCaSSORKWNv0AGykMPVVInoesZ4b8g8O9rm90YWh0msKmKrzvmM2eZ/YFvZ/NyHpmaLd/1O7DSdAzOk39fWwJdi0TMZHgxKeD8PxqY/kbaqkK+wcCAAA=[0m[INFO] 
[8mha:AAABQR+LCAAAAAAAAACFjsFKxDAQhsdqtXhTb4KwIOotrVJF3ZN2NyLUFVwQpHiIu7VWukm3SaUg+Dwe9GV8A0+LiO9g0jQr4sGZQz4m/z/zv3yBzQvYvCuHnFGUZ2WSUo4I5emAZaxAR5ICRT0mYtA1Y4EVglMLzkguYCvUfrfxu1O/O/VLYTuEuSERRMByeE8eiJsRmrh9UaQ0aVcFrDYpBoxylsUo0O/vy1DlMvDG/4Hlwc9nh71f9ScWzEZg3yR12JXo73H5e6t+x/AE8zIlJaNYsVXlZWEcSDlQ43h9u5x8rD2e1IFkMkfAwrofqFaEsSdLkecp1jND/t7+zrFvdBgbnSZcV6nuO2az55l9Qedns2I9M7TdPWj2qUnQMTpN3V3VAuxKxMVIwFJ02sPn162LmJeZ4K3DxW8hjaRAEAIAAA==[0m[INFO] Results :
[8mha:AAABOR+LCAAAAAAAAACFjsFKxDAQhsdqtXjUmyAIot7SKlWUPbndrQh1PSwIUjzE3Vor3aSmqRQEn8eDvoxv4GkR8R3MNM2KeHDmkI/J/8/8L19glwK2b6txyRkp8irNWEkoK7MRz7kgx4oCpAGXCeias8CKwGkEZ7SQsBNpv9v63ZnfnfmVsBPBwphKKmEluqMP1M0pS92hFBlLO7WAtTbFiLOS5wkJ9Pv7MtSFCrz1f2B18PPZ4e+Xw6kF8zHY12kTdjX+e1z93uDvPTzBokrJ6CRBtuqiEsZB0EFax+vbxfRj/fGkCaSSORKWNv0AGykMPVVInoesZ4b8g8O9rm90YWh0msKmKrzvmM2eZ/YFvZ/NyHpmaLd/1O7DSdAzOk39fWwJdi0TMZHgxKeD8PxqY/kbaqkK+wcCAAA=[0m[INFO] 
[8mha:AAABWB+LCAAAAAAAAACFjsFKxDAQhsfqavGoN0EoiHqRtsoqq3vS7kaEuh5WBFk8xN1YqzWpSSoFwefxoC/jG3haRHwHk6ZZEQ9ODvky+f+Z/+ULGoLD2nUxEoz6eVYkKRU+piIdsoxxf19RpKnHJAFTUw44MbiV4BjnEtZj4w9qfzDxBxO/ErZjmBlhiSUsxDf4AQcZpknQlzylSbvksFSnGDIqWEb8yNy/N0OZq8Cr/wdWCz+fXfZ+3h87MD2AxmVShV0c/F2ufq/07z08waxKSfEd0eyUecGtw9cOv3a8vp2NP5YfD6tAKpkrYW6lGemjCaFQlaYw1Gx6lpo7ra2DptUhZHWGUFWF3u/ayWFo50Wdn8maTc/SZne3nqc7UcfqDHW39ZHQKCXhdxJag6MeOrnwTomQwuMF3fPCDQ/hNCs4EdWjyznjBvu3aZ6TkeL5byCHDyI3AgAA[0m[INFO] Tests run: 0, Failures: 0, Errors: 0, Skipped: 0
[8mha:AAABOR+LCAAAAAAAAACFjsFKxDAQhsdqtXjUmyAIot7SKlWUPbndrQh1PSwIUjzE3Vor3aSmqRQEn8eDvoxv4GkR8R3MNM2KeHDmkI/J/8/8L19glwK2b6txyRkp8irNWEkoK7MRz7kgx4oCpAGXCeias8CKwGkEZ7SQsBNpv9v63ZnfnfmVsBPBwphKKmEluqMP1M0pS92hFBlLO7WAtTbFiLOS5wkJ9Pv7MtSFCrz1f2B18PPZ4e+Xw6kF8zHY12kTdjX+e1z93uDvPTzBokrJ6CRBtuqiEsZB0EFax+vbxfRj/fGkCaSSORKWNv0AGykMPVVInoesZ4b8g8O9rm90YWh0msKmKrzvmM2eZ/YFvZ/NyHpmaLd/1O7DSdAzOk39fWwJdi0TMZHgxKeD8PxqY/kbaqkK+wcCAAA=[0m[INFO] 
[8mha:AAABOx+LCAAAAAAAAACFjsFKxDAQhsdqtXgR9CYIgqi3tEoVZU/a3YhQ18OCIMVD3K210k1qm0pB8Hk86Mv4Bp4WEd/BTNOsiAdnDvmY/P/M//IFdlnA1m01KgUneVYlKS8J42U6FJkoyJGiAKkvZAy6ZiywQnAawRnLJWyH2u+2fnfqd6d+JeyEMDdikklYDu/YA3MzxhN3IIuUJ526gNU2xVDwUmQxCfT7+zLUuQq8+X9gdfDz2RHvl4OJBbMR2NdJE3Yl+ntc/d7g7z08wbxKydk4RrbqvCqMg6CDtI7Xt4vJx9rjSRNIJXMkLGz4ATYSpZ4qJM9D1jND/v7B7rFvdJQanSbaVIX3HbPZ88y+oPuzGVnPDO30Dtt9OAm6Rqept4ctwa5lXIwlLEWnfXp+td4+i9+ywCsSDgIAAA==[0m[INFO] [INFO] 
[8mha:AAABaB+LCAAAAAAAAACFkM9Kw0AQxsdqNXjUmyAExH+HbGKtou1FTRtRYj0UBCketmkaW5JN3GxKQPB5POjL+Aaeiojv4G42WxEPzhz2x8x8Mx/78gXVlMLWfTZIY4KSMAtGJEWYpCMvDmOKTjnZgjox80HGXAUqLmjFwBVOGGy7Um+WenOmN2d6Pth0YWGAGWaw4o7xBJshJoHZZXREgmZOYa104cUkjUMf2fL9fRnyhBve/N8wP/j5rMXvt91pBeZ7UO0HhdnV3t/jvDsU3Qd4gkXukuDIF1zJk4wqBRIKVCpe326mH+uP54Uh7kxjsLRRt0UKchyLhyDLEixriuqHR7WzuppzHDUnySkiE/c1tdmy1D679bNZsKwp2msfl/tExW6pOUntA5EMqjnzacTgsnfRca7v9PIxDEOP8MQnxhhTQ35to4b2Ua3BC/rOwB/iLGSiu6uf6F7mZVHfp0K3/A1PxxNtSQIAAA==[0m[INFO] [INFO] --- maven-jar-plugin:2.3.2:jar (default-jar) @ cucumber ---
[8mha:AAABcR+LCAAAAAAAAACFkc1Kw0AUha/RanCpO0EYEXVlEqWK0lVNm9ISI7SgSOhi2qYxms7EycRGBJ/Hhb6Mb+CqiPgOzuRHERfeWczHnXPuPTDPn1CJGWxfJaOYEi0KEz8gsYZJHAxpSJlWF2RKcij3IK85BRQb1ExwiiMOO3bu1wu//u3Xv/1CWLNhYYQ55rBiX+M7rIeY+HqPs4D4tZTBWpFiSElMQ08z8/v3ZkgjEXjr/8Bi4ceTSt8uezMF5l2oDPws7Kr7d7l4HcvXW3iERZGS4IknWUmjhJUOTTq0wvHyej57X39oZYFEMpXD0mbVlEeSZRmiJBmG5LxXUvXwaP+kWuosq9TlZGWVyP1qOdkwynlm42ey5LxX0l7zuJgnO2aj1OXUPJCHQyXlHptw6LhtxzrrI/ei3nXaTquPOvUumgZhiAYe8iYRv0e7iFAkfoR7hKMpjtEEsxtvhMaUoYAMwyQOKNlY/gKSIxVaSQIAAA==[0m[INFO] [WARNING] JAR will be empty - no content was marked for inclusion!
[8mha:AAABjR+LCAAAAAAAAACFkd9KwzAUxo/T6fBS7wShIOrVkk6mqLty3SrCnOJEkCGSdlnXrWtqms6C6PN4oS/jG3g1RHwHk/6ZiBeeXOSXk/Od84W8fEEx5LA1iHoh81HgRY7rh4j4oWszj3F0JMlQ1GaCQhpzBSi0oJQUnJJAwHYr1eNMj2d6PNPLwloLFnpEEAErrSGZEOwR38EdwV3fqcUc1jIXNvND5lFkpPvvyRAH0vDm/4blwM/nEnu/7kwLMN+FouUkZle7f4fL2766vYMnWJQufTKmigtxEPFcgZQCZYrXt6vpx/rDcWJIOisJWNqoGmopMk1dhiJdV5zmcqru7e/Uq3mdaeZ1KZlJRGp+Ke+s63k/o/HTWXGay6nSPMj6qYzRyOtSau6qJaAYC8rHAh67J23z7EbLtnrkej35OG1I+KGGJ4Rjz7XwkPoj9alDZoX4skMJtwdaWTunvM/4WLugHiUhxfeMj8KA2BTbkR2NLcqxINyhYnYu66iC9FuroiM5YfkbgDboV3wCAAA=[0m[INFO] [INFO] Building jar: /var/lib/jenkins/jobs/TSearch - Perform Release/workspace/cucumber/target/cucumber-0.1.0_b10.jar
[8mha:AAABQB+LCAAAAAAAAABb85aBtbiIQS2jNKU4P0+vIKc0PTOvWC8xrzgzOT8nv0jPEchyBrH88ktSGSCAkYmByYeBA6zAN7GghEHdB6JfH6pfH65fH64fqNDah4ElJbEksYRByCcrsSxRPycxL10/uKQoMy/duqKIQQrqiuT8vOL8nFQ9ZwiNajNDRQHQwaqEHQy08PUKjvyHkcHPmRiYoxlYk9LBjhWOxrQcKJsGki1kqGNgA7oyLzE3FcRmqigoLYLp0APp0IPqWHsp7PlL2Wp3sIOALuMoYWBXNnEGQRDLzc0ACEAsAwMQGyIGY5mYWRg5mcDUubnB1EFYbmBQCrKfA2aygQHMPGcXhMkgNkQMxjJ0tYSaBxJxdoGpg7BcTUGwhIG1oiS1KLeEITza08/NP1YBSulSCXABAA2RMFdWAgAA[0m[INFO] [INFO] ------------------------------------------------------------------------
[8mha:AAABSB+LCAAAAAAAAACFjsFKxDAQhsdqtXjUmyAuiHpLq1RR96TdrQh1BQuCFA+xW+tKm9Q0lYrg83jQl/ENPC0ivoNJ06yIB2cO+Zj8/8z/8gVmyWD9phqWlKAiq9IRKREm5SimGWXoQJAnaUB5AqqmDDACsBrBCS44bATKb7d+e+K3J34h7AYwM8Qcc1gIbvE9tjNMUjvkbETSbs1gqU0RU1LSLEGeen9fhroQgdf+DywOfj5b9P0iHBswHYF5lTZhF6O/x8Xvtfy9gyeYFSkJzhPJRl1UTDuQdKDW8fp2Pv5YfjxqAolkFoe5VdeTLcn3HVGSHEeymmlyd3a3Dl2t832tU+Q3Vcn7lt7sOHqf1/vZLFnNNG3299p9cuL1tE5Rf1s2B7PmCcs5rETHA//0stM+ZwmOOWWdsMpzzB72578B6Ch+Lh4CAAA=[0m[INFO] [INFO] Reactor Summary:
[8mha:AAABOx+LCAAAAAAAAACFjsFKxDAQhsdqtXgR9CYIgqi3tEoVZU/a3YhQ18OCIMVD3K210k1qm0pB8Hk86Mv4Bp4WEd/BTNOsiAdnDvmY/P/M//IFdlnA1m01KgUneVYlKS8J42U6FJkoyJGiAKkvZAy6ZiywQnAawRnLJWyH2u+2fnfqd6d+JeyEMDdikklYDu/YA3MzxhN3IIuUJ526gNU2xVDwUmQxCfT7+zLUuQq8+X9gdfDz2RHvl4OJBbMR2NdJE3Yl+ntc/d7g7z08wbxKydk4RrbqvCqMg6CDtI7Xt4vJx9rjSRNIJXMkLGz4ATYSpZ4qJM9D1jND/v7B7rFvdJQanSbaVIX3HbPZ88y+oPuzGVnPDO30Dtt9OAm6Rqept4ctwa5lXIwlLEWnfXp+td4+i9+ywCsSDgIAAA==[0m[INFO] [INFO] 
[8mha:AAABVh+LCAAAAAAAAACNjs9Kw0AQxsdoNXjUmyAERL1t0lr/0ZNuGxHSVlgUJPSwtjGtxCRuNhIQfB4P+jK+gaci4ju4m81WxIPOHPbH7PfNfM+fUMsYbI3zUZbEKI3ycBJniMbZZJhECUNHgrCkXsIDUDVngOGBWQq6NOWw7Sm/Xfntmd+e+YWw5cHCiHLKYcW7offUjmgc2oSzSRy2CgZrVYphEmdJFCCs3p+XoUhF4M2/A4uDH09m8nZJpgbM+1C7Csuwq/7v4+L3Wv7ewSMsipQxvQ0kG0WaM+1A0oEqx8vrxfR9/eGkDCSSmRyWNppYtiTXdURJchzJaqapuXfQOG5qnetqnSK3rFzeN/Vmx9H7cPt7s2Q101TvHFb75AS3tU5RZ1c2h1rBA3bLgfinPbc/sKqHBJQNx9ZZv2uhf5ZFzjHuEGL5dbSz38gGy18Mq+URUgIAAA==[0m[INFO] [INFO] Search POM ........................................ SUCCESS [1.372s]
[8mha:AAABVh+LCAAAAAAAAACVjs9Kw0AQxsdoNXjUmyAERL1tYo1/ak+6TUSI9RAsSOhhbWNaSZOY3UhA8Hk86Mv4Bp6KiO/gbjZbEQ/izGF/zH7fzPf8CQ2aw9aoGNI0QVlcROOEIpLQ8SCN0xwdc8KCuikLQdacBpoHeiU4JxmDbU/6zdpvzvzmzM+FbQ8WhoQRBiveLbknZkySyPRZPk6idpnDWp1ikCY0jUOE5fvzMpQZD7z5d2B+8ONJT9+u/KkG8wE0rqMq7Grw+zj/vRG/d/AIizxlQiahYK3Milw5kHCg2vHy2pu+rz+cVoF4Mp3B0oaNRQtyXYuXIMsSLGeK7P3D5omtdK6rdJLcqgpxX1ebLUvtw53vzYLlTNGO06r3iQnuKJ0kZ080g0bJwnzCoBecdd2LvlE/NCT5YGSgf5ThX2Ls+L4R2Ee7TXTQsmh/+QsSV0TzVQIAAA==[0m[INFO] [INFO] search ............................................ SUCCESS [4:32.790s]
[8mha:AAABVR+LCAAAAAAAAACNjs9Kw0AQxsdoNXjUmyAERL1tUq3/6Em3jQixHqKChB62aYyVdBM3GwkIPo8HfRnfwFMR8R3czWYr4kFnDvtj9vtmvudPaOQMNm6KYZ5SlCVFPKI5IjQfhWmSMnQoCEvqpTwCVTMGGB6YleCUZBw2PeW3a7899dtTvxC2PZgbEk44LHm35J7YCaGx7XM2onG7ZLBSpwhTmqdJhLB6f16GMhOB1/8OLA5+PJnp25U/MWA2gMYgrsIuB7+Pi99r+XsHjzAvUlIyjiQbZVYw7UDSgWrHy+vl5H314bgKJJKZHBbWWli2JNd1RElyHMlqpqm1u7911NI619U6RW5Vhbxv6s2Oo/fhzvdmyWqmqdk9qPfJCe5onaLujmwOjZJHbMzhPDjpuWd9q37CIizGg4hZ6N9l+RcYd33fCppNtL3n5P3FL58wKolTAgAA[0m[INFO] [INFO] cucumber .......................................... SUCCESS [11.370s]
[8mha:AAABQB+LCAAAAAAAAABb85aBtbiIQS2jNKU4P0+vIKc0PTOvWC8xrzgzOT8nv0jPEchyBrH88ktSGSCAkYmByYeBA6zAN7GghEHdB6JfH6pfH65fH64fqNDah4ElJbEksYRByCcrsSxRPycxL10/uKQoMy/duqKIQQrqiuT8vOL8nFQ9ZwiNajNDRQHQwaqEHQy08PUKjvyHkcHPmRiYoxlYk9LBjhWOxrQcKJsGki1kqGNgA7oyLzE3FcRmqigoLYLp0APp0IPqWHsp7PlL2Wp3sIOALuMoYWBXNnEGQRDLzc0ACEAsAwMQGyIGY5mYWRg5mcDUubnB1EFYbmBQCrKfA2aygQHMPGcXhMkgNkQMxjJ0tYSaBxJxdoGpg7BcTUGwhIG1oiS1KLeEITza08/NP1YBSulSCXABAA2RMFdWAgAA[0m[INFO] [INFO] ------------------------------------------------------------------------
[8mha:AAABRx+LCAAAAAAAAACFjsFKw0AQhsdoNHjUmygURL0lUaIoPdlNIoVYD6GCBA9rG2Mk3U2TjQQEn8eDvoxv4KmI+A7uZrMV8eDMYT9m/3/mf/kCvSxg964al5SYeVYlKSlNTMp0RDNamKeckKABZTHIWtBAC8BoBOc4Z7AXSL/V+q2535r7ubAbwNIYM8xgLbjHD9jKMEmskBUpSbp1ARttihElJc1iE8n392Wocx545//A/ODns0Hfr8KZBosR6DdJE3Y9+nuc/96K3yk8wTJPSfAkFqzVeVUohykcZut4fbucfWw9njWBeDKDwcq2g0QL8n2blyDbFixnipyj44Oeo3S+r3SS/KYqcd9Qm21b7UPuz2bBcqZo3ztp94kJcpVOkncomoFes7iYMNiM+gP/4rrTPr1hP3A74RAhLwxXvwFapWywGwIAAA==[0m[INFO] [INFO] BUILD SUCCESS
[8mha:AAABQB+LCAAAAAAAAABb85aBtbiIQS2jNKU4P0+vIKc0PTOvWC8xrzgzOT8nv0jPEchyBrH88ktSGSCAkYmByYeBA6zAN7GghEHdB6JfH6pfH65fH64fqNDah4ElJbEksYRByCcrsSxRPycxL10/uKQoMy/duqKIQQrqiuT8vOL8nFQ9ZwiNajNDRQHQwaqEHQy08PUKjvyHkcHPmRiYoxlYk9LBjhWOxrQcKJsGki1kqGNgA7oyLzE3FcRmqigoLYLp0APp0IPqWHsp7PlL2Wp3sIOALuMoYWBXNnEGQRDLzc0ACEAsAwMQGyIGY5mYWRg5mcDUubnB1EFYbmBQCrKfA2aygQHMPGcXhMkgNkQMxjJ0tYSaBxJxdoGpg7BcTUGwhIG1oiS1KLeEITza08/NP1YBSulSCXABAA2RMFdWAgAA[0m[INFO] [INFO] ------------------------------------------------------------------------
[8mha:AAABTR+LCAAAAAAAAACFjs9Kw0AQxsdoNHjUmyAE/HfbpBpLbU+aNiLEeqgIEjysbYyRZDcmGwkIPo8HfRnfwFMR8R3czWYr4sGZw/6Y/b6Z7+UL9CKH7dtyUlCCsqSMYlIgTIp4TBOao0NOrqAhZSHImtNA88GoBac4Y7DjS7/V+K2Z35r5ubDnw8IEM8xgxb/DD9hKMImsEctjEvWqHNaaFGNKCpqEyJXv78tQZTzw1v+B+cHPZ4O+X46mGswHoF9HddjV4O9x/nsjfu/hCRZ5SoLTULBWZWWuHEg4UON4fbuYfqw/HteBeDKDwdKG44oW5Hk2L0G2LVjOFDntzu6Ro3Sep3SSvLpKcd9Qm21b7XP7P5sFy5mi1uCg2Scmbl/pJA32RTPQKxbmKYPN4GTonV2ZzXNOGU5MFqdh13S6Tht19lrF8jeE51xvIwIAAA==[0m[INFO] [INFO] Total time: 4:46.831s
[8mha:AAABXh+LCAAAAAAAAACFjsFKw0AQhsdoNXjUmyAsiHpL0rS1tT1p2hUhrYeqIMXD2sY0km7iZiMBwefxoC/jG3gqIr6Du0m2Ih6cOezH7P/P/C9fUEkY7E3TSRJRIw5TP6CJQWgSjKMwYsaRIEfSIOIeFLWkgeaCngv6JOaw7xZ+s/SbC7+58Athx4WVCeGEw4Z7Rx6IGRLqm0POAup3MgZbZYpxRJMo9AyneH9fhiwWgXf/DywOfj7r0fvVcK7B8ggqN34ednP097j4vZW/9/AEqyIlJTNPspbFKVMOQzqM0vH6djn/2H48yQOJZDqHtZ26I1sSxpYoSZYluZgpqh+07OO60mGsdAXhvFJ5X1ebLUvtc7o/myUXM0XV3mG5T06crtIV1GvI5lDJuMdmHFqj0wE+u0blgwMaJFNvgghvI8wC1CcM2TaqHrYbzXatiS7OHWRb1dr6Nzya1ng3AgAA[0m[INFO] [INFO] Finished at: Fri Mar 22 19:57:37 UTC 2013
[8mha:AAABTh+LCAAAAAAAAACFjsFKw0AQhsdoNHjUmyAUpHpLUkmltSdNuyIk9VAQpHhY2xgj6W7cbCQi+Dwe9GV8A09FxHdwN5utiAdnDvsx+/8z/8sXmDmD3ZtimlNiZ2kRJyS3McmTCU0ps48E+ZKGlEegaskAIwCrEoQ447AXKL9T+52F31n4hbAXwMoUc8xhI7jF99hJMYmdEWcJiXslg606xYSSnKaR7av392UoMxG4+X9gcfDz2aLvF6O5ActjMK/iKuzm+O9x8Xstf+/gCVZFSoJnkWSjzAqmHbZ02LXj9e18/rH9eFIFEsksDms7ni9bEkKuKEmuK1nNNHkHnf1jT+sQ0jpFqKpC3rf0ZtfV+/z+z2bJaqapNejW++TE72udokFbNgez5BGbcWiOT4fo7LJRPyghOG2E0Yyyh8NGuxU63U43XP8G5jRrBCQCAAA=[0m[INFO] [INFO] Final Memory: 51M/989M
[8mha:AAABQB+LCAAAAAAAAABb85aBtbiIQS2jNKU4P0+vIKc0PTOvWC8xrzgzOT8nv0jPEchyBrH88ktSGSCAkYmByYeBA6zAN7GghEHdB6JfH6pfH65fH64fqNDah4ElJbEksYRByCcrsSxRPycxL10/uKQoMy/duqKIQQrqiuT8vOL8nFQ9ZwiNajNDRQHQwaqEHQy08PUKjvyHkcHPmRiYoxlYk9LBjhWOxrQcKJsGki1kqGNgA7oyLzE3FcRmqigoLYLp0APp0IPqWHsp7PlL2Wp3sIOALuMoYWBXNnEGQRDLzc0ACEAsAwMQGyIGY5mYWRg5mcDUubnB1EFYbmBQCrKfA2aygQHMPGcXhMkgNkQMxjJ0tYSaBxJxdoGpg7BcTUGwhIG1oiS1KLeEITza08/NP1YBSulSCXABAA2RMFdWAgAA[0m[INFO] [INFO] ------------------------------------------------------------------------
[8mha:AAABUR+LCAAAAAAAAACFj81Kw0AUha/RaHCpO0EI+LebRKmidFXTRoS0FQqCBBdjk6bRZCYmEwkIPo8LfRnfwFUR8R2cyWQq4sI7i/m4c869Z16+QC9y2J2WQUEJypIyikmBMCniMU1ojjqcHEEDykKQtaCB5oFRC/o4Y7DnSb/V+K2535r7ubDtwVKAGWaw5t3iB2wlmETWiOUxidpVDhtNijElBU1C5Mj792aoMh545//AfOHns0Hfr0YzDRZ90G+iOuy6/3c5f52I13t4gmWekuA0FKxVWZkrBxIO1Dhe3y5nH5uPZ3UgnsxgsLLVcsQR5Lo2L0G2LVj2FLWOjg9OW0rnukonya2rFPsNNdm21Tyn+zNZsOwp2u+dNPNEx+kqnaTeoTgM9IqFecpg2z8fuMNr05mG4zv+KzMmZkqDeBKHgXkx7BcIodVvDjyKViMCAAA=[0m[INFO] Checking in modified POMs...
[8mha:AAABox+LCAAAAAAAAACFkd9O2zAUxs+6FSouxx0SkgWiu2ocUEH8uWKhQZM6QCtCQhUXjmNC2sTObKdEmrSX2EtwAS/DG3CFJrR3mN3UIMQFxxf55fj7zvmi3P6DppLQvipjJbhXZGWScuURrlIqMiG9fUOBpSOhGdT1oQGNPrSmgu+k0PClX/vxzI+f/fjZb4R7ffgUE000fO6PyITgjPAED7RMebJXSViapaCCK5ExL6ifrzdDVZjAa+8HNgufblri4Xzw2ICPQ2hGyTTs4vDtcnN7aW9/wm+YMyk5yZnlRlWU0jk86/Bmjrv7s8e/y78Op4FMspaG+dVuYI+lMPRNWfJ9y3XPUXdre+Nr1+nC0OlqCqdV2v0tN9n33bzg4GWy5brnaL23M5tnO8GB09XU27RHQ7PSTOYa/gy/HYXHF6hXMVpq81m7CEcpx+oKdSiiMVrBEyJxlkZ4xPjY/tmRiBQ+HTAiqRGhEyYvhczRD5Yxohi+FnKsCkLZCmq3UZJqROIYdTqoELlX5RlSTE5SyrB7pyUt84hJ11j4D/6cfsqSAgAA[0m[INFO] Executing: /bin/sh -c cd "/var/lib/jenkins/jobs/TSearch - Perform Release/workspace" && git add -- pom.xml service/pom.xml cucumber/pom.xml
[8mha:AAABdh+LCAAAAAAAAACFkcFKw0AQhsdoNXjUmyAERD2ZjVJF7UnTRoRYxRZFiodtuk3Tptm42daI4PN40JfxDTwVEd/B3SRbEQ/OHvIxO/8//5KXLyglDDZ6o05CIzMOR34QJSaOksCjIWXmkSBbUp1yAnnNaKC5oGcDZzjmsOnmelTo0VSPpnoxWHFhroM55rDk9vEYoxBHPmpwFkR+JWWwUqTwaJTQkJh2/v29GdJYBF7/P7BY+Pms0/ebxkSD2RaU2n4Wdrn1d7m47crbO3iCeZEywkMiWUvjEVMKUyrMQvH6djX5WH08yQKJZDqHhbWyLY8kx7FESbIsyXlPUXlvf+e4rOYcR83l5GQ1kvt15WxZys+u/jhLznuKtmsHhZ/s2FU1l1NtVx4OpZQTNuTQbJ3WnfNb45qygXiU0QkY8ThlD4cGGmOGwqCN+iQayF/ap+0ENRsEM69nbBkXhHUpGxqXJCQ4IeheWCQx9sjiN/IBimdTAgAA[0m[INFO] Working directory: /var/lib/jenkins/jobs/TSearch - Perform Release/workspace
[8mha:AAABhh+LCAAAAAAAAACFkUFLwzAUx5/T6fCoN0EIE+fJpsoUdSftVhHmFCeCDA9Zl3XduqQm6SwIfh4P+mX8Bp6GiN/BZF0n4sGXQ3+8/P/v/UteviAvBZR6cUdyZkVh7AdMWoTJwOMhF9axJsdQgysKac3lIFeHwkRwTiIFW/XUj6d+PPPjmV8LK3VY6BBFFKzU+2REcEiYj5tKBMyvJALWpik8ziQPqeWk39+bIYl04M3/A+uFn88F/n7bHOdgvgX5tj8Ju9r6u1zfds3tPTzBok7JyJAaziVRLDKHZRzW1PH6djP+WH88nQTSyQoKljbKjjmGXNfWZci2Dae9jMr7B7sn5UznupkuJXdSsdlfyCbbdjbPqf5MNpz2MtqpHU7nmY5TzXQp1fbMUZBPFBVDBf3WWcO9uEO1hHqx0r91hHA7YFj20LaHvA4q4hEROAzauE/ZwLxsn7clvm5SIjwtQpdUdLkYoisaUiIpfuBiICPi0SIqlZAfKCT1e8dy+Rsjdj58aQIAAA==[0m[INFO] Executing: /bin/sh -c cd "/var/lib/jenkins/jobs/TSearch - Perform Release/workspace" && git status
[8mha:AAABdh+LCAAAAAAAAACFkcFKw0AQhsdoNXjUmyAERD2ZjVJF7UnTRoRYxRZFiodtuk3Tptm42daI4PN40JfxDTwVEd/B3SRbEQ/OHvIxO/8//5KXLyglDDZ6o05CIzMOR34QJSaOksCjIWXmkSBbUp1yAnnNaKC5oGcDZzjmsOnmelTo0VSPpnoxWHFhroM55rDk9vEYoxBHPmpwFkR+JWWwUqTwaJTQkJh2/v29GdJYBF7/P7BY+Pms0/ebxkSD2RaU2n4Wdrn1d7m47crbO3iCeZEywkMiWUvjEVMKUyrMQvH6djX5WH08yQKJZDqHhbWyLY8kx7FESbIsyXlPUXlvf+e4rOYcR83l5GQ1kvt15WxZys+u/jhLznuKtmsHhZ/s2FU1l1NtVx4OpZQTNuTQbJ3WnfNb45qygXiU0QkY8ThlD4cGGmOGwqCN+iQayF/ap+0ENRsEM69nbBkXhHUpGxqXJCQ4IeheWCQx9sjiN/IBimdTAgAA[0m[INFO] Working directory: /var/lib/jenkins/jobs/TSearch - Perform Release/workspace
[8mha:AAABwR+LCAAAAAAAAACFkd9u0zAUxk2hUO0S7pCQrCG6q8QZajvKriBrJqTujyhCQhUXjnuWpYvtYDshEhLPwwU8BK/AG3A1TRPvgN3EQ4gL7Av/fPx953xRvv5Cfa3Q8LxaaSnCsqiyXOiQCp0zWUgVvrAUOzqWBlC7bvVQb44GG8ERLQ3ambd+0vnJjZ/c+K1wf47urKihBt2fr2lNSUFFRhZG5SLbbxR62KVgUmhZQBi359+TUVPawE/+H9gOvP4ykD/fLS576PYS9dNsE/bB8t/h9vXMvX5An9Fdm1JQDo57TVkp7widI+wc3368vbx69OlwE8gmGxh07/EodttRkkR2OYoix23N02jy7OnLkdclide1lGxW5eYPfOco8v3igz+dHbc1T7uzadfPVeIDr2tpNnbboH5jQHGDvi9fHScn7/GsAVYZ+1nPMUlzQfQ5DhhmK7xNaqpIkadkDeLC/dm1TDV5swCqmBXhU1BnUnH8GgqgGshHqS50SRls4+EQZ7nBTHJujyCoQaVSAw4STAwvCac1iEAzHuyOxnvj6WRvOgk7dSl52PACa1B1zoD4O6tYxVNQvrD1G3MlwhPAAgAA[0m[INFO] Executing: /bin/sh -c cd "/var/lib/jenkins/jobs/TSearch - Perform Release/workspace" && git commit --verbose -F /tmp/maven-scm-1457596796.commit pom.xml service/pom.xml cucumber/pom.xml
[8mha:AAABdh+LCAAAAAAAAACFkcFKw0AQhsdoNXjUmyAERD2ZjVJF7UnTRoRYxRZFiodtuk3Tptm42daI4PN40JfxDTwVEd/B3SRbEQ/OHvIxO/8//5KXLyglDDZ6o05CIzMOR34QJSaOksCjIWXmkSBbUp1yAnnNaKC5oGcDZzjmsOnmelTo0VSPpnoxWHFhroM55rDk9vEYoxBHPmpwFkR+JWWwUqTwaJTQkJh2/v29GdJYBF7/P7BY+Pms0/ebxkSD2RaU2n4Wdrn1d7m47crbO3iCeZEywkMiWUvjEVMKUyrMQvH6djX5WH08yQKJZDqHhbWyLY8kx7FESbIsyXlPUXlvf+e4rOYcR83l5GQ1kvt15WxZys+u/jhLznuKtmsHhZ/s2FU1l1NtVx4OpZQTNuTQbJ3WnfNb45qygXiU0QkY8ThlD4cGGmOGwqCN+iQayF/ap+0ENRsEM69nbBkXhHUpGxqXJCQ4IeheWCQx9sjiN/IBimdTAgAA[0m[INFO] Working directory: /var/lib/jenkins/jobs/TSearch - Perform Release/workspace
[8mha:AAABkB+LCAAAAAAAAACFkc1Kw0AUha/VanGpO0EYFOuqmShV/Flp2qhQq1gRpLiYpNOYms7EmUmNCD6PC30Z38BVEfEdnGkaRVx4Z5GPO+fce4Y8f0JRCihfJx3JmRVHSRAyaREmQ59HXFh7mhxDTa4oZDVRgEIDSiPBMYkVrDYyPx778bcff/u1cLcBUx2iiIK5Ro8MCI4IC3BLiZAFu6mAhXEKnzPJI2o52ff3ZkhjHXjl/8B64cdTib9dtoYFmGxD0QtGYefbf5fr2665vYVHmNYpGelTw4U0TkTusIzDGjteXi+G74sPB6NAOllJwcxy1THHkOvaugzZtuGsl1N1c2t9v5rrXDfXZeSOKjH7S/lk287nObWfyYazXk5r9e3xPNNxarkuo/qGOQqKqaKiryBpHzXdkytUT6mfKP2sHYS9kGF5jSo+8jtoCQ+IwFHo4R5lN+bP9rgn8XmLEuFrETqlostFH53RiBJJ8R0XNzImPl1C5TIKQoXkfd/jUehXBO2iw/pebfYLgkNEZHQCAAA=[0m[INFO] Executing: /bin/sh -c cd "/var/lib/jenkins/jobs/TSearch - Perform Release/workspace" && git symbolic-ref HEAD
[8mha:AAABdh+LCAAAAAAAAACFkcFKw0AQhsdoNXjUmyAERD2ZjVJF7UnTRoRYxRZFiodtuk3Tptm42daI4PN40JfxDTwVEd/B3SRbEQ/OHvIxO/8//5KXLyglDDZ6o05CIzMOR34QJSaOksCjIWXmkSBbUp1yAnnNaKC5oGcDZzjmsOnmelTo0VSPpnoxWHFhroM55rDk9vEYoxBHPmpwFkR+JWWwUqTwaJTQkJh2/v29GdJYBF7/P7BY+Pms0/ebxkSD2RaU2n4Wdrn1d7m47crbO3iCeZEywkMiWUvjEVMKUyrMQvH6djX5WH08yQKJZDqHhbWyLY8kx7FESbIsyXlPUXlvf+e4rOYcR83l5GQ1kvt15WxZys+u/jhLznuKtmsHhZ/s2FU1l1NtVx4OpZQTNuTQbJ3WnfNb45qygXiU0QkY8ThlD4cGGmOGwqCN+iQayF/ap+0ENRsEM69nbBkXhHUpGxqXJCQ4IeheWCQx9sjiN/IBimdTAgAA[0m[INFO] Working directory: /var/lib/jenkins/jobs/TSearch - Perform Release/workspace
[8mha:AAABrB+LCAAAAAAAAACFUdFKIzEUvVa7W3zUN2EhuGx96mSUKmt90R07ItQqVgQpPmSmcZo6TcYkowOC3+OD+jH+gU8i4j+YzHQU8WFvGHJyc865Z8jdG1SVhPowHSjBnSROI8aVQ7hioYiFdLYM8izqCk2hqKkKVDpQywl7JNGw1Cn0eKLHH3r8oTfEjQ7MDIgmGuY6I3JJcEx4hHtaMh5tZBIWJilCwZWIqeMV+9fJkCUm8J//BzYDX29r4umk91yB6T5UgygPO9//PtzcntnbC7iBHyYlJ2NqcSVLUlkqHKtwJor7x+Pnl1/XO3kgk6ym4efvpmeXRb7vmrLIdS0ueiVqrv1d+dcseb5f8grk55Xa+bXS2XVLP2/709niolei5fb6xM92vO2SV6D2ql0aqpmmcqzhob/b9fdPUTujYarNb7UQDhjHaogaIQoHaBFfEoljFuAR5ef2ZUciUPioR4kMDQkdUHkm5Bgd0pgSRfGVkOcqISFdRPU6iphGSWrclBq2MDbHTfMN08A88RhLEhZcrHI7x9IZZ5qRuKGoTpPWl9PsO8ECXRitAgAA[0m[INFO] Executing: /bin/sh -c cd "/var/lib/jenkins/jobs/TSearch - Perform Release/workspace" && git push ssh://git@github.com/rackspace/search.git initial-setup:initial-setup
[8mha:AAABdh+LCAAAAAAAAACFkcFKw0AQhsdoNXjUmyAERD2ZjVJF7UnTRoRYxRZFiodtuk3Tptm42daI4PN40JfxDTwVEd/B3SRbEQ/OHvIxO/8//5KXLyglDDZ6o05CIzMOR34QJSaOksCjIWXmkSBbUp1yAnnNaKC5oGcDZzjmsOnmelTo0VSPpnoxWHFhroM55rDk9vEYoxBHPmpwFkR+JWWwUqTwaJTQkJh2/v29GdJYBF7/P7BY+Pms0/ebxkSD2RaU2n4Wdrn1d7m47crbO3iCeZEywkMiWUvjEVMKUyrMQvH6djX5WH08yQKJZDqHhbWyLY8kx7FESbIsyXlPUXlvf+e4rOYcR83l5GQ1kvt15WxZys+u/jhLznuKtmsHhZ/s2FU1l1NtVx4OpZQTNuTQbJ3WnfNb45qygXiU0QkY8ThlD4cGGmOGwqCN+iQayF/ap+0ENRsEM69nbBkXhHUpGxqXJCQ4IeheWCQx9sjiN/IBimdTAgAA[0m[INFO] Working directory: /var/lib/jenkins/jobs/TSearch - Perform Release/workspace
[8mha:AAABPh+LCAAAAAAAAABb85aBtbiIQS2jNKU4P0+vIKc0PTOvWC8xrzgzOT8nv0jPEchyBrH88ktSGSCAkYmByYeBA6zAN7GghEHdB6JfH6pfH65fH64fqNDah4ElJbEksYRByCcrsSxRPycxL10/uKQoMy/duqKIQQrqiuT8vOL8nFQ9ZwiNajNDRQHQwaqEHQy08PUKjvyHkcHPmRiYoxlYk9LBjhWOxrQcKJsGki1kqGNgA7oyLzE3FcRmqigoLYLp0APp0IPqWHsp7PlL2Wp3sIOALuMoYWBXNnEGQRDLzc0ACEAsAwMQGyIGY5mYWRg5mcDUubnB1EFYbmBQCrKfA2aygQHMPGcXhMkgNkQMxjJ0tYSaBxJxdoGpg7BcTUGwhIG1oiS1KLeEISDa08/NP1ZBl0qACwBzBPd0TwIAAA==[0m[INFO] ------------------------------------------------------------------------
[8mha:AAABRx+LCAAAAAAAAACFjsFKxDAQhsdqtXjUiwjCgqi3tkoVdU/a3YhQV7AgSPEQu7WutElNU6kIPo8HfRnfwNMi4juYNM2KeHDmkI/J/8/8L19glgzWb6phSYldZFU6IqWNSTmKaUaZfSDIlzSgPAFVUwYYAViN4AQXHDYC5XdavzPxOxO/EHYDmBlijjksBLf4HjsZJqkTcjYiabdmsNymiCkpaZbYvnp/X4a6EIHX/g8sDn4+W/T9IhwbMB2BeZU2YRejv8fF77X8vYMnmBUpCc4TyUZdVEw7bOmwW8fr2/n4Y+XxqAkkklkc5lY9X7YkhFxRklxXsppp8nZ2tw49rUNI6xShpip539KbXVfv83s/myWrmabN/l67T078ntYp6m/L5mDWPGE5h6XoeIBOLztnCY45ZZ2wynPMHvbnvwEz5azBFwIAAA==[0m[INFO] Reactor Summary:
[8mha:AAABOR+LCAAAAAAAAACFjsFKxDAQhsdqtXjUmyAIot7SKlWUPbndrQh1PSwIUjzE3Vor3aSmqRQEn8eDvoxv4GkR8R3MNM2KeHDmkI/J/8/8L19glwK2b6txyRkp8irNWEkoK7MRz7kgx4oCpAGXCeias8CKwGkEZ7SQsBNpv9v63ZnfnfmVsBPBwphKKmEluqMP1M0pS92hFBlLO7WAtTbFiLOS5wkJ9Pv7MtSFCrz1f2B18PPZ4e+Xw6kF8zHY12kTdjX+e1z93uDvPTzBokrJ6CRBtuqiEsZB0EFax+vbxfRj/fGkCaSSORKWNv0AGykMPVVInoesZ4b8g8O9rm90YWh0msKmKrzvmM2eZ/YFvZ/NyHpmaLd/1O7DSdAzOk39fWwJdi0TMZHgxKeD8PxqY/kbaqkK+wcCAAA=[0m[INFO] 
[8mha:AAABWB+LCAAAAAAAAACNjsFKw0AQhsdoNXjUmyAERL1toqRF7ammjRTSViwKEnpY25hW0my62UhA8Hk86Mv4Bp6KiO/gbjZbEQ86c9iP2f+f+Z8/oZJS2Btno5TEKImycBKnCMfpZEgiQlGDkyOoS1gAspY00DzQC0EHJwz2Pek3S7+58JsLPxfWPVgZYYYZbHh3+B6bEY5Ds8/oJA7rOYWtMsWQxCmJAuTI9+dlyBMeePfvwPzgx5NO3q77cw2WfajchEXYTf/3cf57K35n8AirPGWMp4FgLU8yqhxIOFDpeHm9mr9vP5wVgXgyncHaju2IFuS6Fi9BliVYzhTZtaPDU1vpXFfpJLlFZeK+rjZbltrnNL83C5YzRQet43KfmDhNpZPUqopmUMlZQKcMen676/YGRj/AdDg2znsdA/2zDLfR9i4vWoZfPbFqqGbb6WD9Cy5Ko45OAgAA[0m[INFO] Search POM ........................................ FAILURE [5:06.644s]
[8mha:AAABSh+LCAAAAAAAAACVjs9Kw0AQxsdoNHjUmyAURL1tolRRetL8kWKshYAgwcPaxrSS7sbNRgKCz+NBX8Y38FREfAd3s9mKeBBnDvtj9vtmvudPMAsGW6NyWFCC8qxMx6RAmBTjAc0oQ0eCXEk9yhNQNWeAEYJVC85wzmE7VH678dszvz3zC2EnhIUh5pjDSniL77GdYZLaEWdjknYqBmtNigElBc0S5Kr352WochF48+/A4uDHk0XfLqOpAfMxmNdpHXY1/n1c/N7I3zt4hEWRkuBJItmo8pJpB5IO1DheXi+m7+sPJ3UgkczisLTRdmVLCgJHlCTHkaxmmtr7B7vHba0LAq1TFNRVyvuW3uw4ep/rfW+WrGaadvzDZp+cuJ7WKfL3ZHMwK56wCQc37vaC86tWkWA2GLXQP6oVnXb7fd9b/gIMcyKNQgIAAA==[0m[INFO] search ............................................ SKIPPED
[8mha:AAABSx+LCAAAAAAAAACNjs9Kw0AQxsdoNHjUmyAURL1tolRRetL8kWKshYIgxcM2jTGS7sbNRgKCz+NBX8Y38FREfAd3s9mKeNCZw/6Y/b6Z7/kTzILB1k05LihBeVYmKSkQJkUa0YwydCTIldSjPAZVcwYYIVi14AznHLZD5bcbvz3z2zO/EHZCWBhjjjmshLf4HtsZJok94CwlSadisNakiCgpaBYjV70/L0OVi8CbfwcWBz+eLPp2OZgaMD8Ec5TUYVeHv4+L32v5ewePsChSEjyJJRtVXjLtQNKBGsfL68X0ff3hpA4kklkcljbarmxJQeCIkuQ4ktVMU3v/YPe4rXVBoHWKgrpKed/Smx1H73O9782S1UzTjn/Y7JMT19M6Rf6ebA5mxWM24eAOu73g/KoVlVE5GcWshf5drcFpt9/3veUv8GfA8UICAAA=[0m[INFO] cucumber .......................................... SKIPPED
[8mha:AAABPh+LCAAAAAAAAABb85aBtbiIQS2jNKU4P0+vIKc0PTOvWC8xrzgzOT8nv0jPEchyBrH88ktSGSCAkYmByYeBA6zAN7GghEHdB6JfH6pfH65fH64fqNDah4ElJbEksYRByCcrsSxRPycxL10/uKQoMy/duqKIQQrqiuT8vOL8nFQ9ZwiNajNDRQHQwaqEHQy08PUKjvyHkcHPmRiYoxlYk9LBjhWOxrQcKJsGki1kqGNgA7oyLzE3FcRmqigoLYLp0APp0IPqWHsp7PlL2Wp3sIOALuMoYWBXNnEGQRDLzc0ACEAsAwMQGyIGY5mYWRg5mcDUubnB1EFYbmBQCrKfA2aygQHMPGcXhMkgNkQMxjJ0tYSaBxJxdoGpg7BcTUGwhIG1oiS1KLeEISDa08/NP1ZBl0qACwBzBPd0TwIAAA==[0m[INFO] ------------------------------------------------------------------------
[8mha:AAABRh+LCAAAAAAAAACFjsFKw0AQhsdoNHhUvAhCQdRbEiWK0lObZCUQK1gqSPCwtjFW0t002UhA8Hk86Mv4Bp6KiO/gbjZbEQ/OHPZj9v9n/pcv0Iscdu/KUUGJmaVlMiaFiUkxHtKU5maHkyuoR1kMshY00EIwasEZzhjshdJvNX5r7rfmfi5sh7A0wgwzWAvv8QO2UkwSq8/yMUnaVQ6bTYohJQVNY9OV7+/LUGU88M7/gfnBz2eDvl/1ZxosRqDfJHXY9ejvcf57K36n8ATLPCXBk1iwVmVlrhymcJiN4/Xtcvax9XhaB+LJDAYr244rWhBCNi9Bti1YzhQ5R8cHXUfpEFI6SaiuUtw31GbbVvtc72ezYDlTtO+fNPvExPWUTpJ/KJqBXrE4nzDYiIIeOr9udQdB6LVQJwgHF/7qN9aCLssUAgAA[0m[INFO] BUILD FAILURE
[8mha:AAABPh+LCAAAAAAAAABb85aBtbiIQS2jNKU4P0+vIKc0PTOvWC8xrzgzOT8nv0jPEchyBrH88ktSGSCAkYmByYeBA6zAN7GghEHdB6JfH6pfH65fH64fqNDah4ElJbEksYRByCcrsSxRPycxL10/uKQoMy/duqKIQQrqiuT8vOL8nFQ9ZwiNajNDRQHQwaqEHQy08PUKjvyHkcHPmRiYoxlYk9LBjhWOxrQcKJsGki1kqGNgA7oyLzE3FcRmqigoLYLp0APp0IPqWHsp7PlL2Wp3sIOALuMoYWBXNnEGQRDLzc0ACEAsAwMQGyIGY5mYWRg5mcDUubnB1EFYbmBQCrKfA2aygQHMPGcXhMkgNkQMxjJ0tYSaBxJxdoGpg7BcTUGwhIG1oiS1KLeEISDa08/NP1ZBl0qACwBzBPd0TwIAAA==[0m[INFO] ------------------------------------------------------------------------
[8mha:AAABSx+LCAAAAAAAAACFjsFKw0AQhsdoNHjUm1AIiHrbRE1LbE+aNiLEeqgIEjysbYyRdDcmGwkIPo8HfRnfwFMR8R3czWYr4sGZw37M/v/M//IFepHD9m05KShBWVrGCSkQJkUypinN0SEnT9CQsghkLWigBWDUglOcMdgJpN9q/Nbcb839XNgLYGmCGWawFtzhB2ylmMTWiOUJiXtVDhtNijElBU0j5Mn392WoMh546//A/ODns0HfL0czDRZD0K/jOux6+Pc4/70Rv/fwBMs8JcHTSLBWZWWuHEg4UON4fbuYfbQej+tAPJnBYGXT8UQL8n2blyDbFixnipyOu3fkKJ3vK50kv65S3DfUZttW+7z+z2bBcqZod3DQ7BMTr690kgZt0Qz0ikX5lEErPBn6Z1fmOWU4NVkyjbpmu2u7yO3sF6vfXrM4oBwCAAA=[0m[INFO] Total time: 5:08.863s
[8mha:AAABXB+LCAAAAAAAAACFjs9Kw0AQxsdoNXjUmyAsiHrLP1O17UnTrghpPVQFKR7WNqaRdhM3GwkIPo8HfRnfwFMR8R3cTbIV8eDMYX/Mft/M9/IFtZTBzjgbpTE1kkkWRjQ1CE2jYTyJmXEkyJPUi3kAZS1ooPmgF4IuSTjs+qXfrPzm3G/O/ULY8mFpRDjhsObfkQdiTggNzT5nEQ1bOYONKsUwpmk8CQyvfH9fhjwRgbf/DywOfj7r8ftVf6bB4gBqN2ERdn3w97j4vZW/9/AEyyIlJdNAspYnGVMOQzqMyvH6djn72Hw8KQKJZDqHlS3Xky0JY0uUJMuSXM4UufuHzrGrdBgrXUm4qEze19Vmy1L7vPbPZsnlTJHdaVT75MRrK11JnbpsDrWcB2zKwR6c9vDZNcIRjdJxMEKENxFmEeoShhwH2Y1m/aDpOuji3EOOZe+tfgMt8ZKCMAIAAA==[0m[INFO] Finished at: Fri Mar 22 19:57:42 UTC 2013
[8mha:AAABTB+LCAAAAAAAAACFjsFKw0AQhsdoNHjUm6AURL0lqURp7UnTrghJPRQEKR7WNsZIuptuNhIRfB4P+jK+gaci4ju4m81WxIMzh/2Y/f+Z/+ULzJzB7m0xzimxs7SIE5LbmOTJiKaU2ceCfEl9yiNQtWCAEYBVCUKccdgLlN+p/c7c78z9QtgJYGmMOeawFtzhe+ykmMTOgLOExJ2SwUadYkRJTtPI9tX7+zKUmQi8839gcfDz2aLvl4OZAYtDMK/jKuz68O9x8Xsjf6fwBMsiJcGTSLJRZgXTDls67Nrx+nYx+9h8PK0CiWQWh5Vtz5ctCSFXlCTXlaxmmrzD1v6Jp3UIaZ0iVFUh71t6s+vqfX73Z7NkNdPU7LXrfXLid7VOUe9ANgez5BGbcNganvXR+VUDJQSnjTCaUPZw1Gi6odNutcPVb34lRYYdAgAA[0m[INFO] Final Memory: 10M/989M
[8mha:AAABPh+LCAAAAAAAAABb85aBtbiIQS2jNKU4P0+vIKc0PTOvWC8xrzgzOT8nv0jPEchyBrH88ktSGSCAkYmByYeBA6zAN7GghEHdB6JfH6pfH65fH64fqNDah4ElJbEksYRByCcrsSxRPycxL10/uKQoMy/duqKIQQrqiuT8vOL8nFQ9ZwiNajNDRQHQwaqEHQy08PUKjvyHkcHPmRiYoxlYk9LBjhWOxrQcKJsGki1kqGNgA7oyLzE3FcRmqigoLYLp0APp0IPqWHsp7PlL2Wp3sIOALuMoYWBXNnEGQRDLzc0ACEAsAwMQGyIGY5mYWRg5mcDUubnB1EFYbmBQCrKfA2aygQHMPGcXhMkgNkQMxjJ0tYSaBxJxdoGpg7BcTUGwhIG1oiS1KLeEISDa08/NP1ZBl0qACwBzBPd0TwIAAA==[0m[INFO] ------------------------------------------------------------------------
[8mha:AAAB0B+LCAAAAAAAAACVUV1P2zAUNd26VXvc3iZNigSDp9hOaKchnkpo+FgpiCCkqZqQk5qS4sSZ7ZRIk/Z7eIA/wz/YE5oQ/wE7aYqmPkxcP+To3nPOPVe5eQRNKcDqRT6SPIUZy8dxKiFJZRxxxgXsauQZNOCKgqqWGqDRB62ScEAyBdb6lR7N9GiuR3O9Jm72wesRUUSB9/0JmRLESDpGgRJxOt4sBPg4SxHxVHJGoVd9/90MikwH/vz/wHrhw3WL//ke3DfAqyFohuMy7Ifh4nI9PTfTn+A3eKNTpiShBjeKLBe1AhoFnClu707v/376tVMG0slaCrxdbnvmGeT7WJdBGBtc9WrU/vLV3WrXPN+veRXyy8rN/lbtjHHt520/Oxtc9Wrk9DZmfqbjbde8CvU65inQLBQViVpaHe73Bt/2BsEPqyuii3iqL7PQlAjE4hBNaHppfuaEhxKdBJRoimVbR1Scc5FYx5RRIim64uJSZiSiKMqjPAmpQBlPYJEwS/EXuyV8lDMqUaQtBIkqZ0iyeGXuHuYxG0nkYmfdxuu26545G3bHtZ0OIuUVdFH9nA1DB+Kz0MF2MOgeBbuHJ/OZvTiD+pR3T5hSV5MlAwAA[0m[JENKINS] Archiving /var/lib/jenkins/jobs/TSearch - Perform Release/workspace/cucumber/pom.xml to /var/lib/jenkins/jobs/TSearch - Perform Release/modules/com.rackspace.api$cucumber/builds/2013-03-22_19-52-15/archive/com.rackspace.api/cucumber/0.1.0_b10-SNAPSHOT/cucumber-0.1.0_b10-SNAPSHOT.pom
[8mha:AAABzR+LCAAAAAAAAACVUd1q2zAYVbOlDbtc7woFQ/+uLMluUlp6lbrx/rKs1GUwQimyoyZOZcuV5Mww2PP0YnuZvcGuyhh7h0l23B9yUfrpQofvO+d8R+jHP9CUAmxP8pHkKcxYPo5TCUkq44gzLmBXI8+gAVcUVLXUAI0+aJWEjyRTYKdf6dFcj+706E6viYd98HJEFFHgdX9KZgQxko5RoEScjg8LAdbmKSKeSs4o9Kr78WZQZDrw1tOB9cK/Ny3++0tw2wAvhqAZjsuwq8PF5Xp6aabX4DtY1ilTklCDG0WWi1oBjQLOFT9/fb79s/7tTRlIJ2spsLLR9swxyPexLoMwNrjq1ai9t+8etWue79e8Cvll5WZ/q3bGuPbzju+dDa56NXJ6B3M/0/GOa16Feh1zFGgWiopELW0M3/cGH94NgnOrK6JJPNMvs9CMCMTiEE1pemU+c8pDic4CSjTFsq0TKi65SKxTyiiRFH3l4kpmJKIo4wksEmYp/myThI9yRiWKtIUgUWUISRZvylJia28U5jEbSeRiZ9fGu7brXjgHdse1nQ4iZXy6qEcP9Bg6EF+EDraDQfckePvp7MHUXpxC3X71HxS+RngiAwAA[0m[JENKINS] Archiving /var/lib/jenkins/jobs/TSearch - Perform Release/workspace/pom.xml to /var/lib/jenkins/jobs/TSearch - Perform Release/modules/com.rackspace.api$search-pom/builds/2013-03-22_19-52-15/archive/com.rackspace.api/search-pom/0.1.0_b10-SNAPSHOT/search-pom-0.1.0_b10-SNAPSHOT.pom
[8mha:AAAB0B+LCAAAAAAAAACVUd1O2zAYNWWFapfsDgkRaWO7iu2EFg1xVUIz2EqHFjRpqhByUlNSnDiznS7SpD3PLuBl9ga7QtPEO2DnB4R6Mc2+8NH3nXO+88nXd6AtBXh9mU8kT2HG8mmcSkhSGUeccQH7GnkGjbiioDpLLdAagk5JOCaZAm+GlR7VevSgRw96TdwbgmcToogCa8MZmRPESDpFgRJxOt0rBFivU0Q8lZxR6FXv08mgyHTgrX8H1gP//uzw31+C2xZYHoN2OC3DvhgvDtfdC9P9Cn6AFZ0yJQk1uFVkuWgU0Chgrbj59fn2z8b3d2UgnayjwOrLrmeuQb6P9TEIY4OrWoO6O2/d/W7D8/2GVyG/PLmZ32mcMW78vINHZ4OrWoOcwW7tZyreQcOr0KBnrgLtQlGRqKXN8fvB6MPRKDiz+iK6jOd6MwvNiUAsDtGMplfmM2c8lOg0oERTLNs6oeKCi8T6RBklkqJvXFzJjEQUSSrmsX4znsAiYZbi/22W8EnOqESRthAkqowhyeJXspSgMI/ZRCIXO9s23rZd99zZtXuu7fQQKVegi1pUazF0ID4PHWwHo/5JcPjxtO7Yix2ol3h+D61cGIUeAwAA[0m[JENKINS] Archiving /var/lib/jenkins/jobs/TSearch - Perform Release/workspace/service/pom.xml to /var/lib/jenkins/jobs/TSearch - Perform Release/modules/com.rackspace.api$search/builds/2013-03-22_19-52-15/archive/com.rackspace.api/search/0.1.0_b10-SNAPSHOT/search-0.1.0_b10-SNAPSHOT.pom
[8mha:AAABUx+LCAAAAAAAAACFkUFLwzAUx5/VafGoN0EoiHpLq0xRdnLdKkj1MlBkp9h1XbVLappKQfDzeNAv4zfwNET8DuY1zUQ8mBz64+X/f++f9OULWoWAnUk5KjgjeVYmKSsIZUUa8YwLcqLIR7rgMga9FiywQrBrwTnNJeyG2u82fnfud+d+JeyEsDSikkpYC2/pA3UzyhJ3IEXKkk4lYKNJEXFW8Cwmvv7+ngxVrgJv/x9YDfx8tvn79WBmweIQWjdJHXZ9+He4Oh3j6T08wbJKyeg0RraqvBTGQdBBGsfr2+XsY/PxtA6kktkSVrbaPm6kIPDUQvI8ZF0z1D482u+2jS4IjE5TUK8S59ums+eZfn7vpzOyrhna6x83/bDi94xOU/8At4RWJWMxlUCuaCrVbZwxF85ZzO7UUzqSO+OUpcXEUQ+axVEtwN+2+g0wYBqzLQIAAA==[0mWaiting for Jenkins to finish collecting data
[8mha:AAABTx+LCAAAAAAAAACFjsFKxDAQhsfqavGoN0FYEBU8tFVWUfak3dZL9eCCIHuK3VgrbVKbdKkIPo8HfRnfwNMi4juYaZoV8eDkkC+T/5/5X76gI0rYuq3GgjOnyKokZcIhTKQxz3jpHCvykc65pKBrzgIrArsRnJFCwnak/W7rd2d+d+ZXwn4EC2MiiYSV6I5MiJsRlrhDWaYs6dclrLUpYs4Ez6jj6/v3ZqgLFXjz/8Bq4eezzd+vhlML5kfQuU6asKujv8vV7w3+3sMTLKqUjOQU2aqLqjQOBx1O63h9u5x+rD+eNoFUMlvC0kbPx4MUhp4qJM9D1j1DvYPDvZOe0YWh0WkKm6pwv20me56Z5w9+JiPrnqHd4Kidhx1/YHSagn08Ejq1pGUuYScnE8qCmsaVTDm7oKLKZJfWMS3wLbqMq2deyIflb4ec0xApAgAA[0mmavenExecutionResult exceptions not empty
[8mha:AAABoB+LCAAAAAAAAACFkM9u1DAQxoctS1ccyw0JyRLi32GdsCyoTU80bXpZuFRFQj1Ns7PZVI7t2k4VqRLv0Tfg0L4Mb9BThRDvUDvZLEIcGB/y8/j7Zj7l+jcMrYGXy3puleRa1EUpLUdpy1wJZfhHT2mgz8oRdPVgAIMZjFrBJ9QOXs06f7TyR2t/tPZ74e4MHs7RoYOt2RleYCRQFtGRM6UsdhsDT1cpciWtEsTT7vv3Zmi0D/zi/4H9wl/fR+r269HdADZOYHhatGGfnPy73L8uwus5fINHPqXEigIPGl2b3sGDg68cNz++3P18dnnYBvLJRg42n0/TcAJlWewrUBwH7no9TT9sT/amvS7Lel1HWVt12D/qJ8dxPy/d/zM5cNfr6e3Bzmpe6KT7va6jg/fhOBg2jkzl4Koia7EglrAMS0Fz5hSjhvLaESsUCqZMwVFjviRe4QWtf3jS3saGBKGlcddNJvwdnyTakEZD7PWcFlgLN85F+YYpybRRZ5Q7ZglNvhxrVSXsWOKpoLA3V1VVOrbwOezje34e5puYAgAA[0mmessage : Failed to execute goal org.apache.maven.plugins:maven-release-plugin:2.3.2:prepare (default-cli) on project search-pom: Unable to commit files
[8mha:AAABPx+LCAAAAAAAAACFkcFKxDAQhsdqtXjUmyAIot7SKlXUPWl366WKsCDInuI21kqb1CRdCoLP40FfxjfwtIj4DiZNsyIenBzyMfn/mR/y8gWu4LB9V6eCUVQVdZZTgTAV+ZgVjKMTRZGmCyYJmJpzwEnAawXnuJKwkxi/3/n9md+f+ZWwl8BCiiWWsJLc4wn2C0wzfyh5TrNew2GtSzFmVLCCoMjcvzdDU6nAW/8HVgs/nz32fj2cOjA/Avcma8Oujv4uV6+3+vUBnmBRpaS4JJqdpqq5dSDtQJ3j9e1q+rH+eNYGUsk8CUubYaSPpjgOVGkKAs2mZyk8ONw7Da0ujq3OUNxWrfd7dnIQ2HlR/2eyZtOztDs46ubpTtS3OkODfX0kuI0kvFTfcMnZJE8J3yiJEDgjx8vfEmsdChECAAA=[0mProvider message:
[8mha:AAABSB+LCAAAAAAAAACFjsFKxDAQhsdqtXjUm7CwIOrJtEoVZU9rd+ulelkRZE+x7baVNqlNKgXB5/GgL+MbeFpEfAeTplkRD84c8jH5/5n/5QtMVsFuWkeMElTmdZIRhjBhWUhzWqGhIE/SJeUxqFoywAjAagUXuOSwFyi/3fnthd9e+IVwEMBKhDnmsBHc4Qds55gk9oRXGUkGTQVbXYqQEkbzGHnq/X0ZmlIE3vk/sDj4+WzR95vJ3IDlKZi3SRt2c/r3uPidyd97eIJVkZLgIpZsNGVdaQeSDtQ5Xt+u5x+9x/M2kEhmcVjbdj3ZknzfESXJcSSrmSb3+OTwzNU639c6RX5btbxv6c2Oo/d5o5/NktVM08H4tNsnJ95I6xSNj2RzMBseVwWH3lUa95OM75c1S/shLQpMov4MZ3kcofVvwBkFyRwCAAA=[0mThe git-push command failed.
[8mha:AAABPR+LCAAAAAAAAACFjsFKxDAQhsdqtXgSvQmCIOotrVJF3ZNmt16qlwVB9hS3tVbapKbJUhB8Hg/6Mr6Bp0XEdzBpmhXx4MwhH5P/n/lfvsCtOezcyaRmFFWFzHJaI0LrfMwKxtGpIqzpkokUTM054MTgtYILUgnYjY3f7/z+zO/P/ErYi2EhIYIIWI3vyYT4BaGZPxQ8p1mv4bDepRgzWrMiRdi8vy9DU6nA2/8HVgc/nz32fj2cOjA/Avcma8Oujf4eV7+3+vcBnmBRpaSkTDU7TSW5dSDtQJ3j9e1q+rHxeN4GUsk8AUtbIdatKYoCVZqCQLOZWQoPj/bPQquLIqszFLUl9X3Pbg4Cuw/3fzZrNjNLe4Pjbp+e4L7VGRoc6BbgNiLlpYAVzMqS0GSTSVFJcbL8DVxMJJcPAgAA[0mCommand output:
[8mha:AAABUx+LCAAAAAAAAACFkMFKxDAQhsfqavGoN0EQRD2ZVFlF3Yva3XqpXlYE2VO2W9tqN6lJKgXB5/GgL+MbeFpEfAeTplkRD04I+ZiZf+YnL1/QEhw203IkGEVFXiYZFYhQkUUsZxydKPI1XTAZg4kZB5wQ3LrhnBQStkKjx40eT/V4qleNnRDmRkQSCUvhLXkgOCc0wX3JM5p0Kg4rjYuIUcHyGPnm/b0ZqkIZ3vjfsFr4+eyy9+v+xIHZAbSGSW12efB3uare6Oo9PMG8cknJONbsVEXJrQJpBWoUr29Xk4/Vx7PakHLmSlhYb/v6aAoCT4Umz9Nscpba+we7p23bFwS2z1BQR6n3u3ay59l5fvdnsmaTs7TTO2zm6YzftX2Genv6SGhVMuZjCduXbE2I9AjjJJPH6qblUP3+GHMS3YmCRDEWMeFRilRt8RvxC5DiLAIAAA==[0mTo ssh://git@github.com/rackspace/search.git
[8mha:AAABXh+LCAAAAAAAAACFjs1Kw0AUha/RanCpO0GIiH+L/ChVlIKgadNNdFMQpLgYm2lMSWfizEQDgs/jQl/GN3BVRHwHZ5JMRV1472I+7pxz73n+hAZnsHmTR5wSJ0vzOCHcQYQnA5pS5pxI8hWdU4GhqhkDjBDMUnCGMgFbYeV3a7879btTvxS2QpiLkEAClsIRukNuikjs9gRLSNwqGKzUKQaUcJpix6/en5ehyGTgjf8Dy4MfTyZ9u+xNDJjtQ+M6LsMu9/8el79D9XsLjzAvUxI0xoqNIsuZdjjK4dSOl9eLyfvqQ7cMJJOZAhbWm75qRUHgyVLkeYqrmabmweHeaVPrgkDrKgrKytV9U2/2PL3Pb39vVlzNNO12jup9auK3ta6izr5qAY1CYDYW0LXWrD7DIzwQOLqy6kpIIhKU2hyLPLPs41+DbUKJPURc2EPK7hGLdha/AIZeMUVGAgAA[0m ! [rejected]        initial-setup -> initial-setup (non-fast-forward)
[8mha:AAABbB+LCAAAAAAAAACFkcFKw0AQhsdoNXjUmyAERHvLRqmi7UVNGy9RDwVBetqm2ySaZNPdjQQEn8eDvoxv4KmI+A7uJtmKeHCWZT9m5p/5YV++oMUZ7EXFhNPMzpMijDNu44zHAU0os88kuYquqCBQx5IBhg9m1XCJcwFtv9ajRo8WerTQy8aeDysTLLCADf8OP2CU4CxEQ8HiLOyVDLYaFwHNOE2I7dbv781Q5tLw7v+G5cLPZ5O+3w7nBiyPoDUOK7Obo7/LZXWqqjN4glXpMsMpUWyUecG0wlYKu1G8vt3MP7YfLypD0pkpYG2n46qjyPMcGYocR3Gd09Q5Oj447+g+z9N9NXlVFGq/qSc7jp7n9n8mK65zmvYHJ808lXH7uq+mwaE6AlqlICwVcE0Yo6xrTXGckIklqJUXPLI4TYnFyJSrTJvzqItQGItTeaNiLL8nRQwH9zzHAUGcYBZEtqy1178BklUXO04CAAA=[0merror: failed to push some refs to 'ssh://git@github.com/rackspace/search.git'
[8mha:AAABbB+LCAAAAAAAAACFkc1Kw0AUha/RanCpO0EYEHVjkyhVlK40bVwY3VQE6WpsJmkknYkzkzZF8Hlc6Mv4Bq6KiO/gTH4q4sI7i3zcOefeM+TlCxqCw84wCwSjVppkUUyFhamIByxh3DpV5Gq6YpJAWQsGGD6YheASpxJ2/dJvV3577rfnfiVs+7AUYIklrPn3eIztBNPI7kke06idc9ioUgwYFSwhllt+f2+GPFWBt/8PrBZ+Ppvs/bY3M2CxD427qAi73v+7XN2G+vYBnmBZpaR4RDQbeZrx2mFph1U5Xt9uZh+bj+dFIJXMlLCy1XL10eR5jipNjqO57NXUOjo+OGvVOs+rdSV5RWV6v1lPdpx6ntv5may57NW03z2p5umO26l1JXUP9ZHQyCXhIwkX1wylnIwJlWjKMhRyNkIJE+qBaBgLyfh0D1FGmyEWshkyPsE8QFmqfiIRaEI4QZzck4Ekweo3VrRqM0oCAAA=[0mTo prevent you from losing history, non-fast-forward updates were rejected
[8mha:AAABZx+LCAAAAAAAAACFkEFLwzAUx5/TafGoN0EIiE4vaZUpyk7arYJ0XgaC7JRtWVrpkpqmUhD8PB70y/gNPA0Rv4NJ20zEgy+H/PLy/u/9k5cvaGYS9qJ8kgmO0yRnMc8w4Vk8FomQ+FyTb+haKApVLDWgEYJTFvRJqqAVVnq31rsLvbvQ68JOCCsTooiCjfCOPBA3IZy5AyVjzjqFhK3axVjwTCQU+9X+ezIUqTa8+79hPfDz2RHvt4N5A5aH0Byx0uzm8O9wfTs1t/fwBKvaJSczarhRpLm0CmwUuFa8vt3MP7YfL0tD2pmjYG2n7ZtlKAg8HYY8z3CVs9Q+OT26aNu6ILB1FQVl5Ga+Yzt7nu3nd386G65ylg57Z3U/k/G7tq6i3rFZCpqFonKm4KpPJaNIRRRJOtPfjMaRfiPN0D7FDKMWixVK8yRpHaARnQpJ9SmL9PsRYSTmGKEBLfXr32YVMilJAgAA[0mMerge the remote changes (e.g. 'git pull') before pushing again.  See the
[8mha:AAABZB+LCAAAAAAAAACFkMFKxDAQhsfqavGoN0EIiPa0bZVVFE/a3XqpXhYE2VN2m3Yr3aQmqRYEn8eDvoxv4GkR8R1M2mZFPDg55GPy/zM/efmCjuCwNy1jwahb5GWaUeFiKrIJyxl3zxQFmq6YJNDUkgVWBHYtuMSFBCdq/F7r9xZ+b+FXwtMIVmIssYSN6BbfYy/HNPWGkmc0Pa04bLUpJowKlhM3aO7fm6EqVODd/wOrhZ/PNnu/Gc4tWB5BZ5zWYTdHf5er10S/3sETrKqUFM+IZqsqSm4crna4reP17Xr+sf14UQdSyWwJazu9QB9NYeir0uT7mpueod7R8cF5z+jC0OgaCusq9X7bTPZ9My/o/0zW3PQM7Q9O2nm6E/SNrqHBoT4SOpUkfCZh4Oi/RXjMSokSLGQ3YfwB81g4SJCJzBhFLEFOmklUlGKKut0pyQsHKRmKicRZLtz1b9fORUxEAgAA[0m'Note about fast-forwards' section of 'git push --help' for details.
[8mha:AAABMR+LCAAAAAAAAACFjrFOwzAQhq+BQMQIGxITAjY7oIBAnSBtWAJLJSTUybQhBKV2cJwqEhLPw9C+DG/AVCHEO+CL4yLEwN3gT+f/v/tnX+CWEvYfqnEpOCnyKs14SRgvs5HIhSTnmkKka6ESMNVxwInBawRXrFBwEBs/bf106adLvxZ2Y1gdM8UUbMaPbMpoznhKB0pmPO3WErbbFCPBS5EnJDTv78tQFzrw3v+B9cHPV0+83w4WDqwMwb1Lm7Bbw7/H9e89/j7BC6zplJxNEmSnLippHQQdpHXM324WHzvPl00gncxTsL4bhNhIUeTrQvJ9ZDOzFJycHl0EVhdFVmcoaqrC+57d7Pt2X9j72YxsZpYO+2ftPpyEPasz1D/GVuDWKpETBZ2Nbxim58gAAgAA[0m
[8mha:AAABSR+LCAAAAAAAAACFjsFKxDAQhsfqavGoN0EsiHprq1RR97R2t16ql0VB9pTtZmulTWqSSkHweTzoy/gGnhYR38GkaVbEgzOHfEz+f+Z/+YIOZ7B7W004JW6ZV2lGuIsIzxKaU+b2JIWKLqnAoGvBAisGuxFcoFLAXqz9Xuv35n5v7pfCbgxLEySQgLX4Dj0gL0ck9YaCZSTt1gw22hQJJZzm2A31+/sy1KUMvPN/YHnw89mm7zfDmQWLI+iM0ybs+ujvcfk7Vb/38ATLMiVBBVZs1WXFjMNVDrd1vL5dzz42H8+bQDKZLWBlOwhVK4oiX5Yi31esZ4aCo+ODs8DoosjoNEVNVeq+bTb7vtkX9n82K9YzQ/uDk3afmoR9o9M0OFQtoFMLzAoBWwmqOHZOnSuCxjl2BHUSWhSZcKZZjvnqN+sV8VceAgAA[0mcause : Unable to commit files
[8mha:AAABPx+LCAAAAAAAAACFkcFKxDAQhsdqtXjUmyAIot7SKlXUPWl366WKsCDInuI21kqb1CRdCoLP40FfxjfwtIj4DiZNsyIenBzyMfn/mR/y8gWu4LB9V6eCUVQVdZZTgTAV+ZgVjKMTRZGmCyYJmJpzwEnAawXnuJKwkxi/3/n9md+f+ZWwl8BCiiWWsJLc4wn2C0wzfyh5TrNew2GtSzFmVLCCoMjcvzdDU6nAW/8HVgs/nz32fj2cOjA/Avcma8Oujv4uV6+3+vUBnmBRpaS4JJqdpqq5dSDtQJ3j9e1q+rH+eNYGUsk8CUubYaSPpjgOVGkKAs2mZyk8ONw7Da0ujq3OUNxWrfd7dnIQ2HlR/2eyZtOztDs46ubpTtS3OkODfX0kuI0kvFTfcMnZJE8J3yiJEDgjx8vfEmsdChECAAA=[0mProvider message:
[8mha:AAABSB+LCAAAAAAAAACFjsFKxDAQhsdqtXjUm7CwIOrJtEoVZU9rd+ulelkRZE+x7baVNqlNKgXB5/GgL+MbeFpEfAeTplkRD84c8jH5/5n/5QtMVsFuWkeMElTmdZIRhjBhWUhzWqGhIE/SJeUxqFoywAjAagUXuOSwFyi/3fnthd9e+IVwEMBKhDnmsBHc4Qds55gk9oRXGUkGTQVbXYqQEkbzGHnq/X0ZmlIE3vk/sDj4+WzR95vJ3IDlKZi3SRt2c/r3uPidyd97eIJVkZLgIpZsNGVdaQeSDtQ5Xt+u5x+9x/M2kEhmcVjbdj3ZknzfESXJcSSrmSb3+OTwzNU639c6RX5btbxv6c2Oo/d5o5/NktVM08H4tNsnJ95I6xSNj2RzMBseVwWH3lUa95OM75c1S/shLQpMov4MZ3kcofVvwBkFyRwCAAA=[0mThe git-push command failed.
[8mha:AAABPR+LCAAAAAAAAACFjsFKxDAQhsdqtXgSvQmCIOotrVJF3ZNmt16qlwVB9hS3tVbapKbJUhB8Hg/6Mr6Bp0XEdzBpmhXx4MwhH5P/n/lfvsCtOezcyaRmFFWFzHJaI0LrfMwKxtGpIqzpkokUTM054MTgtYILUgnYjY3f7/z+zO/P/ErYi2EhIYIIWI3vyYT4BaGZPxQ8p1mv4bDepRgzWrMiRdi8vy9DU6nA2/8HVgc/nz32fj2cOjA/Avcma8Oujf4eV7+3+vcBnmBRpaSkTDU7TSW5dSDtQJ3j9e1q+rHxeN4GUsk8AUtbIdatKYoCVZqCQLOZWQoPj/bPQquLIqszFLUl9X3Pbg4Cuw/3fzZrNjNLe4Pjbp+e4L7VGRoc6BbgNiLlpYAVzMqS0GSTSVFJcbL8DVxMJJcPAgAA[0mCommand output:
[8mha:AAABUx+LCAAAAAAAAACFkMFKxDAQhsfqavGoN0EQRD2ZVFlF3Yva3XqpXlYE2VO2W9tqN6lJKgXB5/GgL+MbeFpEfAeTplkRD04I+ZiZf+YnL1/QEhw203IkGEVFXiYZFYhQkUUsZxydKPI1XTAZg4kZB5wQ3LrhnBQStkKjx40eT/V4qleNnRDmRkQSCUvhLXkgOCc0wX3JM5p0Kg4rjYuIUcHyGPnm/b0ZqkIZ3vjfsFr4+eyy9+v+xIHZAbSGSW12efB3uare6Oo9PMG8cknJONbsVEXJrQJpBWoUr29Xk4/Vx7PakHLmSlhYb/v6aAoCT4Umz9Nscpba+we7p23bFwS2z1BQR6n3u3ay59l5fvdnsmaTs7TTO2zm6YzftX2Genv6SGhVMuZjCduXbE2I9AjjJJPH6qblUP3+GHMS3YmCRDEWMeFRilRt8RvxC5DiLAIAAA==[0mTo ssh://git@github.com/rackspace/search.git
[8mha:AAABXh+LCAAAAAAAAACFjs1Kw0AUha/RanCpO0GIiH+L/ChVlIKgadNNdFMQpLgYm2lMSWfizEQDgs/jQl/GN3BVRHwHZ5JMRV1472I+7pxz73n+hAZnsHmTR5wSJ0vzOCHcQYQnA5pS5pxI8hWdU4GhqhkDjBDMUnCGMgFbYeV3a7879btTvxS2QpiLkEAClsIRukNuikjs9gRLSNwqGKzUKQaUcJpix6/en5ehyGTgjf8Dy4MfTyZ9u+xNDJjtQ+M6LsMu9/8el79D9XsLjzAvUxI0xoqNIsuZdjjK4dSOl9eLyfvqQ7cMJJOZAhbWm75qRUHgyVLkeYqrmabmweHeaVPrgkDrKgrKytV9U2/2PL3Pb39vVlzNNO12jup9auK3ta6izr5qAY1CYDYW0LXWrD7DIzwQOLqy6kpIIhKU2hyLPLPs41+DbUKJPURc2EPK7hGLdha/AIZeMUVGAgAA[0m ! [rejected]        initial-setup -> initial-setup (non-fast-forward)
[8mha:AAABbB+LCAAAAAAAAACFkcFKw0AQhsdoNXjUmyAERHvLRqmi7UVNGy9RDwVBetqm2ySaZNPdjQQEn8eDvoxv4KmI+A7uJtmKeHCWZT9m5p/5YV++oMUZ7EXFhNPMzpMijDNu44zHAU0os88kuYquqCBQx5IBhg9m1XCJcwFtv9ajRo8WerTQy8aeDysTLLCADf8OP2CU4CxEQ8HiLOyVDLYaFwHNOE2I7dbv781Q5tLw7v+G5cLPZ5O+3w7nBiyPoDUOK7Obo7/LZXWqqjN4glXpMsMpUWyUecG0wlYKu1G8vt3MP7YfLypD0pkpYG2n46qjyPMcGYocR3Gd09Q5Oj447+g+z9N9NXlVFGq/qSc7jp7n9n8mK65zmvYHJ808lXH7uq+mwaE6AlqlICwVcE0Yo6xrTXGckIklqJUXPLI4TYnFyJSrTJvzqItQGItTeaNiLL8nRQwH9zzHAUGcYBZEtqy1178BklUXO04CAAA=[0merror: failed to push some refs to 'ssh://git@github.com/rackspace/search.git'
[8mha:AAABbB+LCAAAAAAAAACFkc1Kw0AUha/RanCpO0EYEHVjkyhVlK40bVwY3VQE6WpsJmkknYkzkzZF8Hlc6Mv4Bq6KiO/gTH4q4sI7i3zcOefeM+TlCxqCw84wCwSjVppkUUyFhamIByxh3DpV5Gq6YpJAWQsGGD6YheASpxJ2/dJvV3577rfnfiVs+7AUYIklrPn3eIztBNPI7kke06idc9ioUgwYFSwhllt+f2+GPFWBt/8PrBZ+Ppvs/bY3M2CxD427qAi73v+7XN2G+vYBnmBZpaR4RDQbeZrx2mFph1U5Xt9uZh+bj+dFIJXMlLCy1XL10eR5jipNjqO57NXUOjo+OGvVOs+rdSV5RWV6v1lPdpx6ntv5may57NW03z2p5umO26l1JXUP9ZHQyCXhIwkX1wylnIwJlWjKMhRyNkIJE+qBaBgLyfh0D1FGmyEWshkyPsE8QFmqfiIRaEI4QZzck4Ekweo3VrRqM0oCAAA=[0mTo prevent you from losing history, non-fast-forward updates were rejected
[8mha:AAABZx+LCAAAAAAAAACFkEFLwzAUx5/TafGoN0EIiE4vaZUpyk7arYJ0XgaC7JRtWVrpkpqmUhD8PB70y/gNPA0Rv4NJ20zEgy+H/PLy/u/9k5cvaGYS9qJ8kgmO0yRnMc8w4Vk8FomQ+FyTb+haKApVLDWgEYJTFvRJqqAVVnq31rsLvbvQ68JOCCsTooiCjfCOPBA3IZy5AyVjzjqFhK3axVjwTCQU+9X+ezIUqTa8+79hPfDz2RHvt4N5A5aH0Byx0uzm8O9wfTs1t/fwBKvaJSczarhRpLm0CmwUuFa8vt3MP7YfL0tD2pmjYG2n7ZtlKAg8HYY8z3CVs9Q+OT26aNu6ILB1FQVl5Ga+Yzt7nu3nd386G65ylg57Z3U/k/G7tq6i3rFZCpqFonKm4KpPJaNIRRRJOtPfjMaRfiPN0D7FDKMWixVK8yRpHaARnQpJ9SmL9PsRYSTmGKEBLfXr32YVMilJAgAA[0mMerge the remote changes (e.g. 'git pull') before pushing again.  See the
[8mha:AAABZB+LCAAAAAAAAACFkMFKxDAQhsfqavGoN0EIiPa0bZVVFE/a3XqpXhYE2VN2m3Yr3aQmqRYEn8eDvoxv4GkR8R1M2mZFPDg55GPy/zM/efmCjuCwNy1jwahb5GWaUeFiKrIJyxl3zxQFmq6YJNDUkgVWBHYtuMSFBCdq/F7r9xZ+b+FXwtMIVmIssYSN6BbfYy/HNPWGkmc0Pa04bLUpJowKlhM3aO7fm6EqVODd/wOrhZ/PNnu/Gc4tWB5BZ5zWYTdHf5er10S/3sETrKqUFM+IZqsqSm4crna4reP17Xr+sf14UQdSyWwJazu9QB9NYeir0uT7mpueod7R8cF5z+jC0OgaCusq9X7bTPZ9My/o/0zW3PQM7Q9O2nm6E/SNrqHBoT4SOpUkfCZh4Oi/RXjMSokSLGQ3YfwB81g4SJCJzBhFLEFOmklUlGKKut0pyQsHKRmKicRZLtz1b9fORUxEAgAA[0m'Note about fast-forwards' section of 'git push --help' for details.
[8mha:AAABMR+LCAAAAAAAAACFjrFOwzAQhq+BQMQIGxITAjY7oIBAnSBtWAJLJSTUybQhBKV2cJwqEhLPw9C+DG/AVCHEO+CL4yLEwN3gT+f/v/tnX+CWEvYfqnEpOCnyKs14SRgvs5HIhSTnmkKka6ESMNVxwInBawRXrFBwEBs/bf106adLvxZ2Y1gdM8UUbMaPbMpoznhKB0pmPO3WErbbFCPBS5EnJDTv78tQFzrw3v+B9cHPV0+83w4WDqwMwb1Lm7Bbw7/H9e89/j7BC6zplJxNEmSnLippHQQdpHXM324WHzvPl00gncxTsL4bhNhIUeTrQvJ9ZDOzFJycHl0EVhdFVmcoaqrC+57d7Pt2X9j72YxsZpYO+2ftPpyEPasz1D/GVuDWKpETBZ2Nbxim58gAAgAA[0m
[8mha:AAABPR+LCAAAAAAAAACFjrFKxEAQhsdoNNgI2glCQNQuiRJFverMXWyiTUCQq9ZcjNHcbtxsJCD4PBb6Mr6B1SHiO7iTzZ6IhTPFfsz+/8z/8gVmxWH7ph5XjDplUWc5rRxCqzxhBeNOX1KAdM5ECqrmDDAisFrBGSkF7ETK73Z+d+Z3Z34p7EWwMCaCCFiNbskDcQtCMzcWPKdZr+Gw3qVIGK1YkTqBen9fhqaUgbf+DywPfj5b7P0ynhowPwLzKmvDro3+Hpe/1/h7D0+wKFNSMkmRjaasuXY46HA6x+vbxfRj4/G0DSSTWQKWNv0AGykMPVlInoesZpr8g8O9E1/rwlDrFIVt1Xjf0ps9T+8LBj+bkdVM0+7wqNuHk2CgdYqG+9gCzEakfCJgJRYkubMFJ0lqH9vL37+fu8YOAgAA[0mStack trace : 
[8mha:AAABsB+LCAAAAAAAAACFkcFu1DAQhs2WhRVHuCEhWULQ9rBOWBZU0hOkGy6BSwUS6mnqnc2mcmzjOFUQEs/DoX2O3vsGPVVVxTvUTuIi1APjQz7PzD/zyzn5Q8a1IS/XzbJWkmnRFKWsGci65Eoow947Sj19VhZJH/dGZJSTSdfwCbQlm3mvjwZ9dKuPbvWucTcn95dgwZLH+REcQyRAFtG+NaUsdltDng4uuJK1EsjS/vvvZtJqZ/jF/w27hde/J+ri2/7liGwckPFh0Zl9cnB3uauufPU7+UUeOJcSKvQ8anVjgoJ5BRsUp+dfL6+e/fzYGXLOJpY8fD5P/fGUZbELT3Hsuc8Fmr/dmX2Yh74sC309ZV00fv8kTI7jMC/d+zvZc58L9GrxbpjnM+le6Otp8cYfS8atRVNZcqZMwUADXyOr4BglE+UK+Q/uHj8PtGiRN7ZUctFy1B4SmkEpcEmtothVkRYKBL0zbvg9SXebGhQINU77bDJjr9ks0QY1GKRbS1xBI+yUi3KbKkm1UUfILa0RDF9PtaoS+kXCoUC/l6uqKi1dOR/1oxvDPSgkxgIAAA==[0morg.apache.maven.lifecycle.LifecycleExecutionException: Failed to execute goal org.apache.maven.plugins:maven-release-plugin:2.3.2:prepare (default-cli) on project search-pom: Unable to commit files
[8mha:AAABPx+LCAAAAAAAAACFkcFKxDAQhsdqtXjUmyAIot7SKlXUPWl366WKsCDInuI21kqb1CRdCoLP40FfxjfwtIj4DiZNsyIenBzyMfn/mR/y8gWu4LB9V6eCUVQVdZZTgTAV+ZgVjKMTRZGmCyYJmJpzwEnAawXnuJKwkxi/3/n9md+f+ZWwl8BCiiWWsJLc4wn2C0wzfyh5TrNew2GtSzFmVLCCoMjcvzdDU6nAW/8HVgs/nz32fj2cOjA/Avcma8Oujv4uV6+3+vUBnmBRpaS4JJqdpqq5dSDtQJ3j9e1q+rH+eNYGUsk8CUubYaSPpjgOVGkKAs2mZyk8ONw7Da0ujq3OUNxWrfd7dnIQ2HlR/2eyZtOztDs46ubpTtS3OkODfX0kuI0kvFTfcMnZJE8J3yiJEDgjx8vfEmsdChECAAA=[0mProvider message:
[8mha:AAABSB+LCAAAAAAAAACFjsFKxDAQhsdqtXjUm7CwIOrJtEoVZU9rd+ulelkRZE+x7baVNqlNKgXB5/GgL+MbeFpEfAeTplkRD84c8jH5/5n/5QtMVsFuWkeMElTmdZIRhjBhWUhzWqGhIE/SJeUxqFoywAjAagUXuOSwFyi/3fnthd9e+IVwEMBKhDnmsBHc4Qds55gk9oRXGUkGTQVbXYqQEkbzGHnq/X0ZmlIE3vk/sDj4+WzR95vJ3IDlKZi3SRt2c/r3uPidyd97eIJVkZLgIpZsNGVdaQeSDtQ5Xt+u5x+9x/M2kEhmcVjbdj3ZknzfESXJcSSrmSb3+OTwzNU639c6RX5btbxv6c2Oo/d5o5/NktVM08H4tNsnJ95I6xSNj2RzMBseVwWH3lUa95OM75c1S/shLQpMov4MZ3kcofVvwBkFyRwCAAA=[0mThe git-push command failed.
[8mha:AAABPR+LCAAAAAAAAACFjsFKxDAQhsdqtXgSvQmCIOotrVJF3ZNmt16qlwVB9hS3tVbapKbJUhB8Hg/6Mr6Bp0XEdzBpmhXx4MwhH5P/n/lfvsCtOezcyaRmFFWFzHJaI0LrfMwKxtGpIqzpkokUTM054MTgtYILUgnYjY3f7/z+zO/P/ErYi2EhIYIIWI3vyYT4BaGZPxQ8p1mv4bDepRgzWrMiRdi8vy9DU6nA2/8HVgc/nz32fj2cOjA/Avcma8Oujf4eV7+3+vcBnmBRpaSkTDU7TSW5dSDtQJ3j9e1q+rHxeN4GUsk8AUtbIdatKYoCVZqCQLOZWQoPj/bPQquLIqszFLUl9X3Pbg4Cuw/3fzZrNjNLe4Pjbp+e4L7VGRoc6BbgNiLlpYAVzMqS0GSTSVFJcbL8DVxMJJcPAgAA[0mCommand output:
[8mha:AAABUx+LCAAAAAAAAACFkMFKxDAQhsfqavGoN0EQRD2ZVFlF3Yva3XqpXlYE2VO2W9tqN6lJKgXB5/GgL+MbeFpEfAeTplkRD04I+ZiZf+YnL1/QEhw203IkGEVFXiYZFYhQkUUsZxydKPI1XTAZg4kZB5wQ3LrhnBQStkKjx40eT/V4qleNnRDmRkQSCUvhLXkgOCc0wX3JM5p0Kg4rjYuIUcHyGPnm/b0ZqkIZ3vjfsFr4+eyy9+v+xIHZAbSGSW12efB3uare6Oo9PMG8cknJONbsVEXJrQJpBWoUr29Xk4/Vx7PakHLmSlhYb/v6aAoCT4Umz9Nscpba+we7p23bFwS2z1BQR6n3u3ay59l5fvdnsmaTs7TTO2zm6YzftX2Genv6SGhVMuZjCduXbE2I9AjjJJPH6qblUP3+GHMS3YmCRDEWMeFRilRt8RvxC5DiLAIAAA==[0mTo ssh://git@github.com/rackspace/search.git
[8mha:AAABXh+LCAAAAAAAAACFjs1Kw0AUha/RanCpO0GIiH+L/ChVlIKgadNNdFMQpLgYm2lMSWfizEQDgs/jQl/GN3BVRHwHZ5JMRV1472I+7pxz73n+hAZnsHmTR5wSJ0vzOCHcQYQnA5pS5pxI8hWdU4GhqhkDjBDMUnCGMgFbYeV3a7879btTvxS2QpiLkEAClsIRukNuikjs9gRLSNwqGKzUKQaUcJpix6/en5ehyGTgjf8Dy4MfTyZ9u+xNDJjtQ+M6LsMu9/8el79D9XsLjzAvUxI0xoqNIsuZdjjK4dSOl9eLyfvqQ7cMJJOZAhbWm75qRUHgyVLkeYqrmabmweHeaVPrgkDrKgrKytV9U2/2PL3Pb39vVlzNNO12jup9auK3ta6izr5qAY1CYDYW0LXWrD7DIzwQOLqy6kpIIhKU2hyLPLPs41+DbUKJPURc2EPK7hGLdha/AIZeMUVGAgAA[0m ! [rejected]        initial-setup -> initial-setup (non-fast-forward)
[8mha:AAABbB+LCAAAAAAAAACFkcFKw0AQhsdoNXjUmyAERHvLRqmi7UVNGy9RDwVBetqm2ySaZNPdjQQEn8eDvoxv4KmI+A7uJtmKeHCWZT9m5p/5YV++oMUZ7EXFhNPMzpMijDNu44zHAU0os88kuYquqCBQx5IBhg9m1XCJcwFtv9ajRo8WerTQy8aeDysTLLCADf8OP2CU4CxEQ8HiLOyVDLYaFwHNOE2I7dbv781Q5tLw7v+G5cLPZ5O+3w7nBiyPoDUOK7Obo7/LZXWqqjN4glXpMsMpUWyUecG0wlYKu1G8vt3MP7YfLypD0pkpYG2n46qjyPMcGYocR3Gd09Q5Oj447+g+z9N9NXlVFGq/qSc7jp7n9n8mK65zmvYHJ808lXH7uq+mwaE6AlqlICwVcE0Yo6xrTXGckIklqJUXPLI4TYnFyJSrTJvzqItQGItTeaNiLL8nRQwH9zzHAUGcYBZEtqy1178BklUXO04CAAA=[0merror: failed to push some refs to 'ssh://git@github.com/rackspace/search.git'
[8mha:AAABbB+LCAAAAAAAAACFkc1Kw0AUha/RanCpO0EYEHVjkyhVlK40bVwY3VQE6WpsJmkknYkzkzZF8Hlc6Mv4Bq6KiO/gTH4q4sI7i3zcOefeM+TlCxqCw84wCwSjVppkUUyFhamIByxh3DpV5Gq6YpJAWQsGGD6YheASpxJ2/dJvV3577rfnfiVs+7AUYIklrPn3eIztBNPI7kke06idc9ioUgwYFSwhllt+f2+GPFWBt/8PrBZ+Ppvs/bY3M2CxD427qAi73v+7XN2G+vYBnmBZpaR4RDQbeZrx2mFph1U5Xt9uZh+bj+dFIJXMlLCy1XL10eR5jipNjqO57NXUOjo+OGvVOs+rdSV5RWV6v1lPdpx6ntv5may57NW03z2p5umO26l1JXUP9ZHQyCXhIwkX1wylnIwJlWjKMhRyNkIJE+qBaBgLyfh0D1FGmyEWshkyPsE8QFmqfiIRaEI4QZzck4Ekweo3VrRqM0oCAAA=[0mTo prevent you from losing history, non-fast-forward updates were rejected
[8mha:AAABZx+LCAAAAAAAAACFkEFLwzAUx5/TafGoN0EIiE4vaZUpyk7arYJ0XgaC7JRtWVrpkpqmUhD8PB70y/gNPA0Rv4NJ20zEgy+H/PLy/u/9k5cvaGYS9qJ8kgmO0yRnMc8w4Vk8FomQ+FyTb+haKApVLDWgEYJTFvRJqqAVVnq31rsLvbvQ68JOCCsTooiCjfCOPBA3IZy5AyVjzjqFhK3axVjwTCQU+9X+ezIUqTa8+79hPfDz2RHvt4N5A5aH0Byx0uzm8O9wfTs1t/fwBKvaJSczarhRpLm0CmwUuFa8vt3MP7YfL0tD2pmjYG2n7ZtlKAg8HYY8z3CVs9Q+OT26aNu6ILB1FQVl5Ga+Yzt7nu3nd386G65ylg57Z3U/k/G7tq6i3rFZCpqFonKm4KpPJaNIRRRJOtPfjMaRfiPN0D7FDKMWixVK8yRpHaARnQpJ9SmL9PsRYSTmGKEBLfXr32YVMilJAgAA[0mMerge the remote changes (e.g. 'git pull') before pushing again.  See the
[8mha:AAABZB+LCAAAAAAAAACFkMFKxDAQhsfqavGoN0EIiPa0bZVVFE/a3XqpXhYE2VN2m3Yr3aQmqRYEn8eDvoxv4GkR8R1M2mZFPDg55GPy/zM/efmCjuCwNy1jwahb5GWaUeFiKrIJyxl3zxQFmq6YJNDUkgVWBHYtuMSFBCdq/F7r9xZ+b+FXwtMIVmIssYSN6BbfYy/HNPWGkmc0Pa04bLUpJowKlhM3aO7fm6EqVODd/wOrhZ/PNnu/Gc4tWB5BZ5zWYTdHf5er10S/3sETrKqUFM+IZqsqSm4crna4reP17Xr+sf14UQdSyWwJazu9QB9NYeir0uT7mpueod7R8cF5z+jC0OgaCusq9X7bTPZ9My/o/0zW3PQM7Q9O2nm6E/SNrqHBoT4SOpUkfCZh4Oi/RXjMSokSLGQ3YfwB81g4SJCJzBhFLEFOmklUlGKKut0pyQsHKRmKicRZLtz1b9fORUxEAgAA[0m'Note about fast-forwards' section of 'git push --help' for details.
[8mha:AAABMR+LCAAAAAAAAACFjrFOwzAQhq+BQMQIGxITAjY7oIBAnSBtWAJLJSTUybQhBKV2cJwqEhLPw9C+DG/AVCHEO+CL4yLEwN3gT+f/v/tnX+CWEvYfqnEpOCnyKs14SRgvs5HIhSTnmkKka6ESMNVxwInBawRXrFBwEBs/bf106adLvxZ2Y1gdM8UUbMaPbMpoznhKB0pmPO3WErbbFCPBS5EnJDTv78tQFzrw3v+B9cHPV0+83w4WDqwMwb1Lm7Bbw7/H9e89/j7BC6zplJxNEmSnLippHQQdpHXM324WHzvPl00gncxTsL4bhNhIUeTrQvJ9ZDOzFJycHl0EVhdFVmcoaqrC+57d7Pt2X9j72YxsZpYO+2ftPpyEPasz1D/GVuDWKpETBZ2Nbxim58gAAgAA[0m
[8mha:AAABaB+LCAAAAAAAAACFkb1OwzAUhS+BQGCEDQkJCfG3OGkpCOgEacOSshQhoU4mddNUqR0cpwpC4nkY4GV4A6YKId4BO4mLKgauh3y6PufeI+f1G8yUw94w66eMoiTOwoimCNM0CljMOLqQ5Cq6ZoJAWQsGGD5YhaCDEwH7fum3K78989szvxQ2fVjqY4EFrPsjPMF2jGlodwWPaNjMOWxWKQJGUxYT5Jbf+c2QJzLw7v+B5cKvF4t93HWnBiz2wLwPi7Abvb/L5e1A3T7AMyzLlBSPiWIjTzKuHUg5UOV4e7+dfm49XRWBZDJLwMpOw1VHkec5shQ5juKyp6lxclq/bGid52ldSV5Rmdpv6cmOo+e5rd/Jisueplr7rJqnOm5L60pqH6sjwMwF4WMBN6tYbDMeIpzgYEjQGE8IRXE0IMFjIH9ARKWO4hh12Ii1cxJkQr4wKYAczDXVA53Xa0eHaz+Ea9oMUwIAAA==[0m	at org.apache.maven.lifecycle.internal.MojoExecutor.execute(MojoExecutor.java:213)
[8mha:AAABaB+LCAAAAAAAAACFkb1OwzAUhS+BQmCEDQkJCfG3OCm0COgEacKSshQhoU4mddNUqR0cpwpC4nkY4GV4A6YKId4BO4mLKgauh3y6PufeI+f1G2oph71h1k8ZRUmchRFNEaZpFLCYcXQhyVF0zQSBshYMMHwwC0EHJwL2/dJvVX5r5rdmfils+bDUxwILWPdHeIKtGNPQ6goe0bCVc9isUgSMpiwmyCm/85shT2Tg3f8Dy4VfLyb7uOtODVjsQe0+LMJu9P4ul7cDdfsAz7AsU1I8JoqNPMm4diDlQJXj7f12+rn1dFUEkslMASs7DUcdRZ5ny1Jk24rLnqbGyenRZUPrPE/rSvKKytR+U0+2bT3Paf9OVlz2NNXds2qe6jhtrSvJbaojoJYLwscCblax2GY8RDjBwZCgMZ4QiuJoQILHQP6AiEodxTHqsBFzcxJkQr4wKYAczDXVA53Xm8eHaz8DhhjEUwIAAA==[0m	at org.apache.maven.lifecycle.internal.MojoExecutor.execute(MojoExecutor.java:153)
[8mha:AAABaB+LCAAAAAAAAACFkc1Kw0AUha/RanSpO0EQxL/NJJVU1K40bdykbiqCdDWm0zQlnUknkxIRfB4X+jK+gasi4js4k2QqxYV3Fvm4c869h8nrN9RSDgfDrJ8yipI4CyOaIkzTKGAx4+hSkqvohgkCZS0ZYPhgFoIOTgQc+qXfqvzW3G/N/VLY9GGljwUWsOmP8BRbMaah1RU8omEz57BdpQgYTVlMkFt+FzdDnsjA+/8Hlgu/Xkz2cd+dGbDcg9pDWITd6v1dLm8H6nYCz7AqU1I8JoqNPMm4diDlQJXj7f1u9rnzdF0EkslMAWt7jquOIs+zZSmybcVlT5NzenZy5Wid52ldSV5Rmdpv6sm2ree5rd/Jisuepnr7vJqnOm5L60pqN9QRUMsF4WMBt+tY7DIeIpzgYEjQGE8JRXE0IMFjIH9ARKWO4hh12Ii1cxJkQr4wKYAcLTTVA13Uncbxxg/UnSl4UwIAAA==[0m	at org.apache.maven.lifecycle.internal.MojoExecutor.execute(MojoExecutor.java:145)
[8mha:AAABbx+LCAAAAAAAAACFkc1Kw0AUha/VanSpO0EQxL/NJEqValc2bdykIhQE6WqaTtOU6UycTEpE8Hlc6Mv4Bq6KiO/gTJKpiIh3FvNx55x7D8nzJ1QTAXujdJBwhmKahhFLEGZJFHDKBbpQ5Gq64pJAUQsVqPhg5YIOjiXs+4XfLv323G/P/UrY8GFpgCWWsO6P8RTbFLPQ7koRsbCRCdgsUwScJZwS5Bb3z82QxSrw7v+B1cKPJ4u/3XZnFVjsQbUf5mE3er+Xq9ehfr2DR1hWKRmeEM2VLE6FcSDtQKXj5fVm9r71cJkHUsksCSs7NVcfTZ7nqNLkOJqLnqHaaf24WTM6zzO6gry8Ur3fMpMdx8xzW9+TNRc9Q0fts3Ke7rgtoyuofaKPhGomiZhIoKtYbnMRIhzjYETQBE8JQzQakuA+UD8gYkrHMEW+aXX4IKWkmUZ0QATq6/ta8DEJ5MEfGv3lzuu1w7UvyACYkGsCAAA=[0m	at org.apache.maven.lifecycle.internal.LifecycleModuleBuilder.buildProject(LifecycleModuleBuilder.java:84)
[8mha:AAABbx+LCAAAAAAAAACFkc1Kw0AUha/VanWpO0EQxL/NJEoVa1c2bdykIhQE6WqaTNOU6UycTEpE8Hlc6Mv4Bq6KiO/gTJKpiIh3FvNx55x7D8nzJ1QTAXujNEg4QzFNw4glCLMk8jnlAl0ocjRdcUmgqIUKVDyo5YIujiXse4XfKv3W3G/N/UrY9GApwBJLWPfGeIotillo9aSIWNjMBGyWKXzOEk4Jcor752bIYhV49//AauHHU42/3fZmFVjsQ3UQ5mE3+r+Xq9ehfr2DR1hWKRmeEM2VLE6FcSDtQKXj5fVm9r71cJkHUslqElZ26o4+mlzXVqXJtjUXPUP107PjVt3oXNfoCnLzSvX+mpls22ae0/6erLnoGTrqNMp5uuO0ja6gzok+EqqZJGIiga5iuc1FiHCM/RFBEzwlDNFoSPx7X/2AiCkdwxR5ptXlQUpJK41oQAQa6Pta8DHx5cEfGv3lzk8ah2tfRksqamsCAAA=[0m	at org.apache.maven.lifecycle.internal.LifecycleModuleBuilder.buildProject(LifecycleModuleBuilder.java:59)
[8mha:AAABcR+LCAAAAAAAAACFkb1OwzAUhS+BQmCEDQkJCfG3OCkUVOhE04YlsBQhoU4mcZOg1A6OUwUh8TwM8DK8AVOFEO+AncRFiIHrIZ+uz7n3yHn5gkbGYSfKg4xRlCZ5GNMMYZrFPksYR2eSHEWXTBCoas4AwwOzFFzgVMCuV/mt2m/N/NbML4UdDxYCLLCAVe8OT7CVYBpaA8FjGnYKDut1Cp/RjCUEOdX392YoUhl4+//AcuHns8nebwZTA+aH0LgNy7Brw7/L5e1I3d7DEyzKlBSPiWKjSHOuHUg5UO14fbuefmw8npeBZDJTwNJWy1FHkevashTZtuKqp6l13D7otrTOdbWuIresXO039WTb1vOc3s9kxVVPU7N/Us9THaendRX1j9QR0CgE4WMB0TIWm4yHCKfYjwga4wmhKIlHxH/w5Q+IqdRRnCBPtwYCc9lDmXyDhFxFnOCABN08ToK9PyL1aKfN9uH+yjfnUpu6ZwIAAA==[0m	at org.apache.maven.lifecycle.internal.LifecycleStarter.singleThreadedBuild(LifecycleStarter.java:183)
[8mha:AAABaB+LCAAAAAAAAACFkc1Kw0AUha/RanSpO0EQxL/NJJVa1K40bdxENwVB6mZMp2kknUknkxIRfB4X+jK+gasi4js4k8lUpAvvLPJx55x7D5PXb6hlHPaGeT9jFKVJHsU0Q5hmccgSxtG5JE/RNRMEdC1YYAVgl4IrnArYD7TfqfzOzO/M/FLYCmCpjwUWsB484Al2Ekwjpyt4TKNWwWGzShEymrGEIE9//26GIpWBd/8PLBd+vdjs47Y7tWCxB7X7qAy70ZtfLm8H6nYMz7AsU1I8IoqtIs25cSDlQJXj7f1m+rn1dFkGkslsASs7DU8dRb7vylLkuop1z1CjeXJ00TA63zc6TX5Zudpvm8mua+Z57d/JinXPUL1zWs1THa9tdJo6x+oIqBWC8JGAu1UsthmPEE5xOCRohCeEoiQekPAxlD8gplJHcYIC0+oKzGUPkYKEuSAHcxfqoc7qzfrh2g8juxvcWwIAAA==[0m	at org.apache.maven.lifecycle.internal.LifecycleStarter.execute(LifecycleStarter.java:161)
[8mha:AAABXB+LCAAAAAAAAACFkL1OwzAUhS+BQGCEDQkJCfG3OKEUBHSCtGFJWSohoU4mcdOi1A6OU0VC4nkY4GV4A6YKId4BO46LKgauh3y+Pufeo7x+g51z2BsWcc4oytIiGdEcYZqPIpYyji4l+YpumCCga8ECKwSnEnRxJmA/1H639rszvzvzS2ErhKUYCyxgPXzAE+ymmCZuT/ARTVolh806RcRozlKCfP2d3wxlJgPv/h9YLvx6cdjHXW9qwWIf7PukCrvR/7tcvg7U6yM8w7JMSfGYKLbKrODGgZQD1Y6399vp59bTdRVIJnMErOw0fXUUBYEnS5HnKdY9Q83Ts8ZV0+iCwOg0BVUVar9jJnuemee3fycr1j1DR53zep7q+G2j09Q5UUeAXQrCxwL8VSy2GU8QznA0JGiMJ4SiNhngIhXd6hKzTkmiQpCDubb6HxfHDe9w7Qc6rXXjQgIAAA==[0m	at org.apache.maven.DefaultMaven.doExecute(DefaultMaven.java:320)
[8mha:AAABWx+LCAAAAAAAAACFkM1Kw0AUha/RanSpO0EQxL/NJJW2qF3VpHGTuikI0tWYTtNKOhMnkxIQfB4X+jK+gasi4js4k8lUigvvLPLNnXPuPeT1G2oZh6NxPswYRWmSxxOaIUyzScQSxlFHkqfohgkCulYssEKwS0EPpwKOQ+13Kr+z8DsLvxS2Q1gbYoEFbIcPeIadBNPY6Qs+oXG74LBbpYgYzVhCkKe/y5uhSGXgw/8Dy4VfLzb7uOvPLVgdQO0+LsPuDP4ul68j9foIz7AuU1I8JYqtIs25cSDlQJXj7f12/rn3dF0GkslsARsHDU8dRUHgylLkuop1z1CjdX521TC6IDA6TUFZudpvm8mua+Z5/u9kxbpnqN69qOapjucbnaZuUx0BtUIQPhXQ2cRin/EY4RRHY4KmeEYo8skI54nolRdSkCgX5GSpqf7GZb3ZOt36AWcfw7xAAgAA[0m	at org.apache.maven.DefaultMaven.execute(DefaultMaven.java:156)
[8mha:AAABXx+LCAAAAAAAAACFkL1OwzAQx49AITDChoSEhPhanADlo3SCtGFJkVAlJNTJtCZNldjBcapISDwPA7wMb8BUIcQ7YMdxETBwHvzz+f53f/v5E2oZh61hPsgYRWmchxHNEKZZ1Gcx4+hMkqfokgkCOmYssAKwy4IOTgVsB1rvVHpnqnemelnYDGBugAUWsByM8Bg7Maah0xU8omGz4LBauegzmrGYIE/vPydDkUrDm/8blgM/nmz2dtOdWDDbg9ptWJpd6f0dLm/v1O09PMK8dElxQhRbRZpzo0BKgSrFy+v15H3t4aI0JJ3ZAhY26p5ainzflaHIdRXrnKH60cn+ed3U+b6p0+SXkav5tunsuqaf1/rurFjnDO21G1U/lfFapk5T+1AtAbVCEJ4IuFrEYp3xEI3GlAhU/WmCx4QeyNfmtD8kHHXKc2COCY7ozq+c+p7T48bu0hdRtIIsUAIAAA==[0m	at org.jvnet.hudson.maven3.launcher.Maven3Launcher.main(Maven3Launcher.java:79)
[8mha:AAABXh+LCAAAAAAAAACFjs9Kw0AQxsdoNXrUmyAUxH+XTZQqSi/WtBEh7aUgSE9ruk2j6W7c3ZSA4PN40JfxDTwVEd/B3WxSEQ/OHPbH7PfNfC9fUBMcdsfZUDCK0iSLYioQpiIOWcI4ainyNPWYJGBqwQIrALsQdHEqYS8wfqf0O3O/M/crYTOApSGWWMJ6cIen2EkwjZy+5DGNmjmHzTJFyKhgCUGeeX9fhjxVgXf+D6wOfj7b7P2mP7NgcQC126gIuzH4e1z9jvTvAzzBskpJ8YRotvI045UDaQcqHa9v17OPrcfLIpBKZktY2W54ujX5vqtKk+tqNrOKGienRxeNSuf7lc6QX1Sm79vVZtet9nntn82azayiw85ZuU9PvHalM9Q51i2hlkvCJxLOV7Gsi4wiTkYJCSXqYRlPSZfIMRu2wpAIwfjVJE1QTKfsnrj7RlA3ioO1b48BYWA/AgAA[0m	at sun.reflect.NativeMethodAccessorImpl.invoke0(Native Method)
[8mha:AAABYh+LCAAAAAAAAACFkM9Kw0AQxsdqNXrUmyAI4r/LJmoVa081bURIe1AQpKc13abRdDfubkpA8Hk86Mv4Bp6KiO/gbpKtiIizh/yY+b6Zjzx/QlVw2BqmfcEoSuI0jKhAmIooYDHjqKnI1dRlkkBRMxWo+GDlgg5OJGz7hd8u/fbUb0/9StjwYa6PJZaw7N/iMbZjTEP7UvKIho2Mw2qZImBUsJggt/j+vAxZogJv/h9YHfx4stjb9eWkArM9qN6EediV3u/jajrQ03t4hHmVkuIR0VzJkpQbB9IOVDpeXq8m72sPZ3kglcySsLBRc/XT5HmOKk2Oo7noGaodHe+f1ozO84yuIC+vVN+3zGbHMfvc1vdmzUXP0F67Xu7THbdldAW1D/WTUM0k4SMJF4tYrouUIk4GMQkk6mIZjUmHyCHrN4OACMH4+SiJUUTH7I7s/DnX/+fkoL679AXcAN+TUQIAAA==[0m	at sun.reflect.NativeMethodAccessorImpl.invoke(NativeMethodAccessorImpl.java:39)
[8mha:AAABZB+LCAAAAAAAAACFkM1Kw0AUha/VanSpO0EQxL/NJJZW1K5q2oiQuikI2tWYTtNoOhNnJiUg+Dwu9GV8A1dFxHdwJslURNA7i3zcOefeM3n+hKrgsDNKB4JRlMRpGFGBMBVRwGLGUUuRq+mCSQJFzVWg4oOVC7o4kbDrF3679Nszvz3zK2HTh4UBlljCqn+LJ9iOMQ3tnuQRDZsZh/UyRcCoYDFBbvH9uRmyRAXe/j+wWvjxZLG3q960AvN9qN6Eedi1/u/l6naob+/hERZVSorHRHMlS1JuHEg7UOl4eb2cvm88nOWBVDJLwtJW3dVHk+c5qjQ5juaiZ6h+eFQ7rRud5xldQV5eqd5vmcmOY+a57e/JmoueoYPOcTlPd9y20RXUaegjoZpJwscSrpex3BQpRZwMYxJI1CYxCbFUD+wSOWKDVhAQIRg/HycxiuiE3ZG9PzX6P53UGvsrX0OtDJJZAgAA[0m	at sun.reflect.DelegatingMethodAccessorImpl.invoke(DelegatingMethodAccessorImpl.java:25)
[8mha:AAABUx+LCAAAAAAAAACFj71OwzAUhS+BQmCEDQkJCfG3OAG1QOkEacOSslRCQp1M6qaB1A6OU0VC4nkY4GV4A6YKId4BO45bIQauh3y+Pufek9dvqGUc9kb5IGMUpUkexTRDmGZxyBLG0YUkT9E1EwR0LVhgBWCXgi5OBewH2u9Ufmfmd2Z+KWwFsDTAAgtYD+7xBDsJppHTEzymUavgsFmlCBnNWEKQp7+/N0ORysC7/weWC79ebPZx25tasNiH2l1Uht3o/10uX4fq9RGeYVmmpHhMFFtFmnPjQMqBKsfb+830c+vpqgwkk9kCVnbqnjqKfN+Vpch1FeueofrJ2fFl3eh83+g0+WXlar9tJruumee155MV656ho06zmqc6XtvoNHUa6gioFYLwsYDGKhbb81/jZJiQUKAuESM2QDGdsAdyUN2U7LzRPD1c+wGVc/MjNAIAAA==[0m	at java.lang.reflect.Method.invoke(Method.java:597)
[8mha:AAABZx+LCAAAAAAAAACFkL9OwzAQxo9AITDChoSEhPi3OKEUROkEacMSWCohUCeTmLQo2MF2IBISz8MAL8MbMFUI8Q7YcVyEGDgP/ul8393ne/mChuCwMSwSwSjKsyIdUYEwFaOYZYyjI0WBpjMmCZiYcsCJwK0KTnEuYTMyeq/WexO9N9Grwk4EMwmWWMJidIPvsZdhmnp9yUc07ZQclmsXMaOCZQQF5v49GcpcGV7/37Aa+PnssvfL/tiB6QE0rtLK7NLg73D1eq1f7+AJZpVLim+JZqfMC24VSCtQrXh9Ox9/rDyeVIaUM1fC3For0EdTGPoqNPm+ZpOz1No/aB63bF0Y2jpDYRWFnu/azr5v+wXdn86aTc7STq9d99OZoGvrDPX29JHQKCXhtxIu5rFcZTxVG0/IEBdC7ZOU6oozLMQD41ki1K8LGg8JR5EFk+lLTBPMk61JXi/pcLfZ3l74Bum/HPJXAgAA[0m	at org.codehaus.plexus.classworlds.launcher.Launcher.launchStandard(Launcher.java:329)
[8mha:AAABYh+LCAAAAAAAAACFkM9KxDAQxsfqavWoN0EQxH+XtK6ruO5Ju1svVQRBkD3FNnZXuklNUi0IPo8HfRnfwNMi4juYNM2KeHByyK+T+Wa+zssXNASHjUGRCEZRnhXpkAqEqRjGLGMcHSkKNJ0xScDElANOBG5VcIpzCZuR0Xu13pvovYleFXYimEmwxBIWo1t8j70M09S7kHxI007JYbl2ETMqWEZQYO7fk6HMleH1/w2rgZ/PLnu/uhg7MN2HxnVamV3q/x2uXm/06x08waxySfGIaHbKvOBWgbQC1YrXt8vxx8rjSWVIOXMlzK21An00haGvQpPvazY5S639g+Zxy9aFoa0zFFZR6Pmu7ez7tl/Q/ems2eQs7fTadT+dCbq2zlBvTx8JjVISPpJwPo/lKuOp2nhCBrgQap+kVFecYSEeGM8Sof66oPGAcBRZMJmtybdezmFzt7298A1m6OXBTwIAAA==[0m	at org.codehaus.plexus.classworlds.launcher.Launcher.launch(Launcher.java:239)
[8mha:AAABYR+LCAAAAAAAAACFkM9LwzAUx5/VafWoN0EQxF+XtNNNpjtpt4rQeRkIslPcYtfRJV2ajoLg3+NB/xn/A09DxP/BpGmm4sGXQz55ed/3vsnzJ1RSDnvDbJAyipI4CyOaIkzTqM9ixtG5JE/RNRMEdCxYYAVgFwUdnAjYD7TeKfXOXO/M9bKwGcDSAAssYD0Y4Sl2YkxDpyt4RMNmzmGzdNFnNGUxQZ7ef0+GPJGGd/83LAd+PNns7bY7s2CxB5W7sDC70fs7XN7eq9sJPMKydEnxmCi28iTjRoGUApWKl9eb2fvWw2VhSDqzBazs1Dy1FPm+K0OR6yrWOUO1k8bRRc3U+b6p0+QXkan5tunsuqaf1/rurFjnDFXbp2U/lfFapk5Tu66WgEouCB8LuFrFYpvxEI2mlAhU/ukYTwk9RjgkVKBOcejgiMrnZ7Q/PPiRUb9yVq03Dte+AJKmLClIAgAA[0m	at org.jvnet.hudson.maven3.agent.Maven3Main.launch(Maven3Main.java:158)
[8mha:AAABVR+LCAAAAAAAAACFkE9LwzAYxl+r0+pRb4IgiP8uaaZT1Hlx3eql8zIQZKe41VrJkpqmoyD4eTzol/EbeBoifgeTppkMD76B9seb53nfh7x+Qy0TsHOfDzPOUErzOGEZIixLBpxygS4U+ZquuIzA1JwDTghuKeiSVMJuaPxe5femfm/qV8JmCAtDIomE1fCBjIlHCYu9nhQJi5uFgPUqxYCzjNMI+eY/uxmKVAXe/j+wWvj14vKPm97Egfk+1G7jMuxa/+9ydXunbx/hGRZVSkZGkWanSHNhHUg7UOV4e7+efG48XZaBVDJXwtJWw9dHUxBgVZow1mx6lhrHJwethtUFgdUZCsrK9X7XTsbYzvPbv5M1m56leue0mqc7ftvqDHWO9JFQK2QkRhLOl4ncrF5yRMYRQ139PWzlCR1GAg0IpXuzLf0QZ3WM91d+ANmKOcE7AgAA[0m	at hudson.maven.Maven3Builder.call(Maven3Builder.java:100)
[8mha:AAABUx+LCAAAAAAAAACFkM9Kw0AQxsdoNXrUmyAI4r/LJmotak82bbykXgqC9LS2MUa2m3SzKQHB5/GgL+MbeCoivoM72WyleHAWkh+z3zfzsa/fUMsE7D3kwyzhJGV5FPOMUJ7Fg4Qlglwq8pCuExmCrgULrADsUtClqYT9QPudyu/M/M7Mr4TNAJaGVFIJ68EjnVCHUR45PSliHjULAZtVikHCs4SFxNP/+c1QpCrw7v+B1cKvFzv5uO1NLVjsQ+0uKsNu9P8uV7f3eDuGZ1hWKTkdhchWkebCOAg6SOV4e7+Zfm49XZWBVDJbwspO3cOD5PuuKiTXRdY9Q/XG2XGrbnS+b3Sa/LJy3G+bya5r5nnt38nIumfoqHNezcOO1zY6TZ1TPBJqhQzFSEJzlcrt6iVHdBJy0sXvSSuP2TAUZEAZO5hv4UNcNBqHaz8dPWnuOgIAAA==[0m	at hudson.maven.Maven3Builder.call(Maven3Builder.java:66)
[8mha:AAABWR+LCAAAAAAAAACFkE9LwzAYxl+r0+pRb4IgiP8uaSdT1IGg3eqlenAoyE5xy+qkTboklYLg5/GgX8Zv4GmI+B1MmmYqHnxz6I83z/O+T/P8CTXBYeM27wtGUZbk8ZAKhKkY9ljCODpWFGg6Z5KAqSkHnAjcUnCGMwmbkfF7ld+b+L2JXwmbEcz0scQSFqM7fI+9BNPY60g+pHGz4LBcpegxKlhCUGC+vzdDkanA6/8HVgs/nlz2dt0ZOzDdhdpNXIZd6v5drm4H+nYEjzCrUlKcEs1OkeXcOpB2oMrx8no1fl95OC0DqWSuhLm1RqCPpjD0VWnyfc2mZ6mxt79z0rC6MLQ6Q2FZud7v2sm+b+cFre/Jmk3PUr19UM3TnaBldYbau/pIqBWS8FTC0TyWq9VLcpIyqf4MXQrCL8goJ0KijPAB4+nWz55+isN6fX974QsVvGRVPQIAAA==[0m	at hudson.remoting.UserRequest.perform(UserRequest.java:118)
[8mha:AAABWB+LCAAAAAAAAACFkM1KxDAUha/VanWpO0EQxL9NWqXK6OBCO1M31YWDgswqzmTqSJt0klQKgs/jQl/GN3A1iPgOJm0zKi68WfTj5px7T/P8CbbgsHGb9wWjKEvyeEgFwlQMeyxhHB0rCjSdM0mgqikLrAicUnCGMwmbUeV3a7878bsTvxI2I5jpY4klLEZ3+B67Caax25F8SONmwWG5TtFjVLCEoKD6/t4MRaYCr/8fWC38eHLY23VnbMF0F+ybuAy71P27XN0O9O0IHmFWpaQ4JZqtIsu5cSDtQLXj5fVq/L7ycFoGUskcCXNrfqCPpjD0VGnyPM1Vz5C/39g98Y0uDI2uorCsXO93zGTPM/OC1vdkzVXP0E77oJ6nO0HL6Cpq7+kjwS4k4amEo3ksV+uX5CRlUv0ZuhSEX5BRToREGeEDxtOtnz39FId+Y3vhC5X1HKY8AgAA[0m	at hudson.remoting.UserRequest.perform(UserRequest.java:48)
[8mha:AAABVB+LCAAAAAAAAACFkL9OwzAQxo9AITDChoSExP/FCSVUhU6QNiyBgUpIqJNpTQhK7NRxUCQknocBXoY3YKoQ4h2w47gIMXAe/PP5vrvPfvmCRs5h+64Y5YyiLCmimOYI0zwesoRxdCLJV3TBBAEdMxZYIdhVwTnOBOyEWu/Uemeqd6Z6WdgJYW6EBRawHN7jB+wkmEZOX/CYRp2Sw2rtYshozhKCfL3/ngxlJg1v/W9YDvx8ttn7dX9iwewAGjdRZXZl8He4vL1Vt2N4gnnpkuKUKLbKrOBGgZQC1YrXt6vJx9rjWWVIOrMFLGx4vlqKgsCVoch1FeucIa/Vbp56pi4ITJ2moIpCzbdNZ9c1/fzuT2fFOmdov3dU91MZv2vqNPUO1RLQKAXhqQBvEYv1+ic5SZmQL0OXZFyQXGw2ES/obn1C6gOOD5qtvaVvyma5mjMCAAA=[0m	at hudson.remoting.Request$2.run(Request.java:326)
[8mha:AAABYh+LCAAAAAAAAACFkM9Kw0AQxsdoNXrUmyAI/r9s0lKt2pOmjQjRS0GQelnTNUbS3bjZlIDg83jQl/ENPBUR38HdbLYigs4e8tuZ+Wa+7PMn1DIOm7f5IGMUpUkexTRDmGZxyBLG0ZEkT9E5EwR0TFlgBWCXDWc4FbAVaL1T6Z2J3pnoZWM7gJkBFljAYnCHR9hJMI2cnuAxjdoFh+XKRchoxhKCPP39uRmKVBre+N+wXPjxZLO3y97Yguk+1K6j0uxS//dyWb1R1Xt4hFnpkuIhUWwVac6NAikFqhQvrxfj95WHk9KQdGYLmFtreuoo8n1XhiLXVaxzhpp7+43jpunzfdOnyS8jV/ttM9l1zTyv8z1Zsc4ZqncPqnkq43VMn6burjoCaoUgfCjgah6L1eolORkyIf8MnVJZDEmqLt2ChLlgvEf4KA7Jeh2FOEm2/2hB6qUOW42dhS8TzeBLWwIAAA==[0m	at hudson.remoting.InterceptingExecutorService$1.call(InterceptingExecutorService.java:72)
[8mha:AAABYB+LCAAAAAAAAACFkL9OwzAQxo9AITDChoSExP/FCbQgoBOkTZfAQBES6mRSEwKpHRwbBSHxPAzwMrwBU4UQ74CdxK0QA+fBP93dd/fZr99Qyzis38h+xihKExnFNEOYZnHIEsbRkSJP0ykTBMqYsMAKwC4aTnAqYCMo9U6ld0Z6Z6RXjc0ApvpYYAHzwS1+wE6CaeR0BY9p1Mw5LFYuQkYzlhDklffvzZCnyvDa/4bVwq8Xm31cdocWTPagdhUVZhd6f5er6rWu3sMzTCuXFA+IZitPJTcKpBWoUry9Xww/l546hSHlzBYws9Lw9NHk+64KTa6rucwZauzt7xw3TJ/vm76S/CKk3m+bya5r5nmt8WTNZc7QdvugmqczXsv0ldTe1UdALReEDwR0ZrFYLp4mRZzofw8l54QK5EshOTnH2d1q95GGKKaU8DNJN8cFpIWHdbe+NfcDtGmYkkYCAAA=[0m	at java.util.concurrent.FutureTask$Sync.innerRun(FutureTask.java:303)
[8mha:AAABWR+LCAAAAAAAAACFkM8vxEAUx5+ylCM3iUQifl2mXZYsGwe6W5dyWZHInsZuVenO1HRGmkj8PQ78M/4Dp42I/8G8trOIgzeHfvrm+33v2z5/Qi0TsHatBhlnJE1UFLOMUJbFfZ5wQQ41eUinXIZQ1oQFVgB2ITihqYT1oPQ7ld8Z+52xXwtbAUwNqKQS5oMbek+dhLLI6UoRs6iVC1isUvQ5y3gSEq98/t4MeaoDr/4fWC/8eLL520V3ZMFkD2qXURF2ofd3ub69wts7eIRpnZLRYYhs5akSxkHQQSrHy+v56H3p4bgIpJPZEmZWGh4eJN93dSG5LnLZM9TYbW4dNYzO942uJL8ohfttM9l1zTyv/T0ZuewZqnf2qnnY8dpGV1JnB4+EWi5DMZRwMEvlcvFpSsYJ/ve+EiJkkvhKKhGe0eyWCMU2fryifL++3dyc+wKJNXMRPAIAAA==[0m	at java.util.concurrent.FutureTask.run(FutureTask.java:138)
[8mha:AAABaB+LCAAAAAAAAACFkL1OwzAUhS+FQmCEDQkJif/FCahUhU6QNiwBIRXxo04mNWloagfHRpGQeB4GeBnegKlCiHfATuIi1IHrIZ+uz7n3OK/fUE05bPZlL2UUJbEMI5oiTNMoYDHj6EiRq+mMCQJFTVWg4oOVC05xImDLL/x26bfHfnvsV8KmDzM9LLCARf8eP2I7xjS0O4JHNGxmHJbLFAGjKYsJcovv382QJSrwxv+B1cKvF4t93HRGFZjuQvU2zMMudSeXq9s7ffsAzzCrUlI8JJorWSK5cSDtQKXj7f1y9LnydJIHUsksAXNrNVcfTZ7nqNLkOJqLnqFavbF3XDM6zzO6gry8pN5vmcmOY+a5rd/Jmoueod32QTlPd9yW0RXU3tdHQDUThA8FXM9jsZo/TYoo1v89kJwTKtBFnxPcO2csbmckkILx9SvGB4QjLukFTgfbkwqkJx02GvWdhR/q/kq9VwIAAA==[0m	at java.util.concurrent.ThreadPoolExecutor$Worker.runTask(ThreadPoolExecutor.java:886)
[8mha:AAABZB+LCAAAAAAAAACFkL9OwzAQxo9AITDChoSExP/FCaiglk6QNiwBIVGBUCeTmjSQ2sGxUSQknocBXoY3YKoQ4h2wk7gIdeA8+Ke7++4++/UbahmHzYHsZ4yiNJFRTDOEaRaHLGEcHSnyNJ0xQaCMKQusAOyi4RSnAraCUu9Uemesd8Z61dgKYKaPBRawGNzhR+wkmEbOheAxjVo5h+XKRchoxhKCvPL+uxnyVBne+N+wWvj1YrOP64uRBdM9qN1Ehdml3uRyVb3V1Qd4hlnlkuIh0WzlqeRGgbQCVYq398vR58rTSWFIObMFzK3VPX00+b6rQpPrai5zhuoHjb3juunzfdNXkl+E1PttM9l1zTyv/TtZc5kztNtpVvN0xmubvpI6+/oIqOWC8KGA7jwWq8XTpIgT/e+h5JxQgboDTnD/nLGkk5NQCsbXrxi/JxxxSbcnq0hPOWy6jZ2FH5t+kFhTAgAA[0m	at java.util.concurrent.ThreadPoolExecutor$Worker.run(ThreadPoolExecutor.java:908)
[8mha:AAABSR+LCAAAAAAAAACFj89Kw0AQxsdoNXrUmyAI4t/DJpZaqj1p2niJXiqC9LQ2Ma2ku3GzkYDg83jQl/ENPBUR38GdbLZFPDh7yI+Z75v58voNtUzAzjAPM85ImuTxiGWEsmw04AkX5FSRh3TJZQS65iywArBLwQVNJewG2u9Ufmfqd6Z+JWwHsBBSSSWsBvf0kToJZbHTk2LE4nYhYL1KMeAs40lEPP39fRmKVAXe/j+wOvj1YvOPm97Egvk+1G7jMuxa/+9xNb3D6QM8w6JKyeg4QraKNBfGQdBBKsfb+/Xkc+PpvAykktkSlrYaHj4k33dVIbkusu4ZajRb9bOG0fm+0Wnyy8rxvm02u67Z53Vmm5F1z9Bh97jahx2vY3Saukf4JNQKGYmxhINlKjdnv3Y1FBENicjZXoU4O2k26/srP87IYIcpAgAA[0m	at java.lang.Thread.run(Thread.java:662)
[8mha:AAABax+LCAAAAAAAAACFkEFLwzAUx5/VafGoN0EoiHpLq0zR7TS71UsnwlCQnbIu6zrapKbpqAh+Hg/6ZfwGnoaI38GkbSbiwZdDfrz8/+/9ycsXNDIOB9N8nDGK0jgPI5ohTLMoYDHjqCPJVXTFBIGqVgwwfDBLQR+nAg79ym/Xfnvpt5d+KWz7sDbGAgvY8md4ju0Y09AeCB7RsF1w2KlTBIxmLCbIre7fm6FIZeD9/wPLhZ/PJnu/GywMWB1CYxSWYbeHf5fL14l6vYcnWJcpKU6IYqNIc64dSDlQ7Xh9u1187D5eloFkMlPAxl7TVUeR5zmyFDmO4qqnqXl6dnzR1DrP07qKvLJytd/Ukx1Hz3O7P5MVVz1NR73zep7quF2tq6h3oo6ARiEITwRcuzjPyNgaPbQsxkOEUxxMCUrwnOivRX02Yx6O4pyTXhGQVESMtqwbikcxsQSzApYkkbAmUUyyzW+4/I8aTwIAAA==[0mCaused by: org.apache.maven.plugin.MojoFailureException: Unable to commit files
[8mha:AAABPx+LCAAAAAAAAACFkcFKxDAQhsdqtXjUmyAIot7SKlXUPWl366WKsCDInuI21kqb1CRdCoLP40FfxjfwtIj4DiZNsyIenBzyMfn/mR/y8gWu4LB9V6eCUVQVdZZTgTAV+ZgVjKMTRZGmCyYJmJpzwEnAawXnuJKwkxi/3/n9md+f+ZWwl8BCiiWWsJLc4wn2C0wzfyh5TrNew2GtSzFmVLCCoMjcvzdDU6nAW/8HVgs/nz32fj2cOjA/Avcma8Oujv4uV6+3+vUBnmBRpaS4JJqdpqq5dSDtQJ3j9e1q+rH+eNYGUsk8CUubYaSPpjgOVGkKAs2mZyk8ONw7Da0ujq3OUNxWrfd7dnIQ2HlR/2eyZtOztDs46ubpTtS3OkODfX0kuI0kvFTfcMnZJE8J3yiJEDgjx8vfEmsdChECAAA=[0mProvider message:
[8mha:AAABSB+LCAAAAAAAAACFjsFKxDAQhsdqtXjUm7CwIOrJtEoVZU9rd+ulelkRZE+x7baVNqlNKgXB5/GgL+MbeFpEfAeTplkRD84c8jH5/5n/5QtMVsFuWkeMElTmdZIRhjBhWUhzWqGhIE/SJeUxqFoywAjAagUXuOSwFyi/3fnthd9e+IVwEMBKhDnmsBHc4Qds55gk9oRXGUkGTQVbXYqQEkbzGHnq/X0ZmlIE3vk/sDj4+WzR95vJ3IDlKZi3SRt2c/r3uPidyd97eIJVkZLgIpZsNGVdaQeSDtQ5Xt+u5x+9x/M2kEhmcVjbdj3ZknzfESXJcSSrmSb3+OTwzNU639c6RX5btbxv6c2Oo/d5o5/NktVM08H4tNsnJ95I6xSNj2RzMBseVwWH3lUa95OM75c1S/shLQpMov4MZ3kcofVvwBkFyRwCAAA=[0mThe git-push command failed.
[8mha:AAABPR+LCAAAAAAAAACFjsFKxDAQhsdqtXgSvQmCIOotrVJF3ZNmt16qlwVB9hS3tVbapKbJUhB8Hg/6Mr6Bp0XEdzBpmhXx4MwhH5P/n/lfvsCtOezcyaRmFFWFzHJaI0LrfMwKxtGpIqzpkokUTM054MTgtYILUgnYjY3f7/z+zO/P/ErYi2EhIYIIWI3vyYT4BaGZPxQ8p1mv4bDepRgzWrMiRdi8vy9DU6nA2/8HVgc/nz32fj2cOjA/Avcma8Oujf4eV7+3+vcBnmBRpaSkTDU7TSW5dSDtQJ3j9e1q+rHxeN4GUsk8AUtbIdatKYoCVZqCQLOZWQoPj/bPQquLIqszFLUl9X3Pbg4Cuw/3fzZrNjNLe4Pjbp+e4L7VGRoc6BbgNiLlpYAVzMqS0GSTSVFJcbL8DVxMJJcPAgAA[0mCommand output:
[8mha:AAABUx+LCAAAAAAAAACFkMFKxDAQhsfqavGoN0EQRD2ZVFlF3Yva3XqpXlYE2VO2W9tqN6lJKgXB5/GgL+MbeFpEfAeTplkRD04I+ZiZf+YnL1/QEhw203IkGEVFXiYZFYhQkUUsZxydKPI1XTAZg4kZB5wQ3LrhnBQStkKjx40eT/V4qleNnRDmRkQSCUvhLXkgOCc0wX3JM5p0Kg4rjYuIUcHyGPnm/b0ZqkIZ3vjfsFr4+eyy9+v+xIHZAbSGSW12efB3uare6Oo9PMG8cknJONbsVEXJrQJpBWoUr29Xk4/Vx7PakHLmSlhYb/v6aAoCT4Umz9Nscpba+we7p23bFwS2z1BQR6n3u3ay59l5fvdnsmaTs7TTO2zm6YzftX2Genv6SGhVMuZjCduXbE2I9AjjJJPH6qblUP3+GHMS3YmCRDEWMeFRilRt8RvxC5DiLAIAAA==[0mTo ssh://git@github.com/rackspace/search.git
[8mha:AAABXh+LCAAAAAAAAACFjs1Kw0AUha/RanCpO0GIiH+L/ChVlIKgadNNdFMQpLgYm2lMSWfizEQDgs/jQl/GN3BVRHwHZ5JMRV1472I+7pxz73n+hAZnsHmTR5wSJ0vzOCHcQYQnA5pS5pxI8hWdU4GhqhkDjBDMUnCGMgFbYeV3a7879btTvxS2QpiLkEAClsIRukNuikjs9gRLSNwqGKzUKQaUcJpix6/en5ehyGTgjf8Dy4MfTyZ9u+xNDJjtQ+M6LsMu9/8el79D9XsLjzAvUxI0xoqNIsuZdjjK4dSOl9eLyfvqQ7cMJJOZAhbWm75qRUHgyVLkeYqrmabmweHeaVPrgkDrKgrKytV9U2/2PL3Pb39vVlzNNO12jup9auK3ta6izr5qAY1CYDYW0LXWrD7DIzwQOLqy6kpIIhKU2hyLPLPs41+DbUKJPURc2EPK7hGLdha/AIZeMUVGAgAA[0m ! [rejected]        initial-setup -> initial-setup (non-fast-forward)
[8mha:AAABbB+LCAAAAAAAAACFkcFKw0AQhsdoNXjUmyAERHvLRqmi7UVNGy9RDwVBetqm2ySaZNPdjQQEn8eDvoxv4KmI+A7uJtmKeHCWZT9m5p/5YV++oMUZ7EXFhNPMzpMijDNu44zHAU0os88kuYquqCBQx5IBhg9m1XCJcwFtv9ajRo8WerTQy8aeDysTLLCADf8OP2CU4CxEQ8HiLOyVDLYaFwHNOE2I7dbv781Q5tLw7v+G5cLPZ5O+3w7nBiyPoDUOK7Obo7/LZXWqqjN4glXpMsMpUWyUecG0wlYKu1G8vt3MP7YfLypD0pkpYG2n46qjyPMcGYocR3Gd09Q5Oj447+g+z9N9NXlVFGq/qSc7jp7n9n8mK65zmvYHJ808lXH7uq+mwaE6AlqlICwVcE0Yo6xrTXGckIklqJUXPLI4TYnFyJSrTJvzqItQGItTeaNiLL8nRQwH9zzHAUGcYBZEtqy1178BklUXO04CAAA=[0merror: failed to push some refs to 'ssh://git@github.com/rackspace/search.git'
[8mha:AAABbB+LCAAAAAAAAACFkc1Kw0AUha/RanCpO0EYEHVjkyhVlK40bVwY3VQE6WpsJmkknYkzkzZF8Hlc6Mv4Bq6KiO/gTH4q4sI7i3zcOefeM+TlCxqCw84wCwSjVppkUUyFhamIByxh3DpV5Gq6YpJAWQsGGD6YheASpxJ2/dJvV3577rfnfiVs+7AUYIklrPn3eIztBNPI7kke06idc9ioUgwYFSwhllt+f2+GPFWBt/8PrBZ+Ppvs/bY3M2CxD427qAi73v+7XN2G+vYBnmBZpaR4RDQbeZrx2mFph1U5Xt9uZh+bj+dFIJXMlLCy1XL10eR5jipNjqO57NXUOjo+OGvVOs+rdSV5RWV6v1lPdpx6ntv5may57NW03z2p5umO26l1JXUP9ZHQyCXhIwkX1wylnIwJlWjKMhRyNkIJE+qBaBgLyfh0D1FGmyEWshkyPsE8QFmqfiIRaEI4QZzck4Ekweo3VrRqM0oCAAA=[0mTo prevent you from losing history, non-fast-forward updates were rejected
[8mha:AAABZx+LCAAAAAAAAACFkEFLwzAUx5/TafGoN0EIiE4vaZUpyk7arYJ0XgaC7JRtWVrpkpqmUhD8PB70y/gNPA0Rv4NJ20zEgy+H/PLy/u/9k5cvaGYS9qJ8kgmO0yRnMc8w4Vk8FomQ+FyTb+haKApVLDWgEYJTFvRJqqAVVnq31rsLvbvQ68JOCCsTooiCjfCOPBA3IZy5AyVjzjqFhK3axVjwTCQU+9X+ezIUqTa8+79hPfDz2RHvt4N5A5aH0Byx0uzm8O9wfTs1t/fwBKvaJSczarhRpLm0CmwUuFa8vt3MP7YfL0tD2pmjYG2n7ZtlKAg8HYY8z3CVs9Q+OT26aNu6ILB1FQVl5Ga+Yzt7nu3nd386G65ylg57Z3U/k/G7tq6i3rFZCpqFonKm4KpPJaNIRRRJOtPfjMaRfiPN0D7FDKMWixVK8yRpHaARnQpJ9SmL9PsRYSTmGKEBLfXr32YVMilJAgAA[0mMerge the remote changes (e.g. 'git pull') before pushing again.  See the
[8mha:AAABZB+LCAAAAAAAAACFkMFKxDAQhsfqavGoN0EIiPa0bZVVFE/a3XqpXhYE2VN2m3Yr3aQmqRYEn8eDvoxv4GkR8R1M2mZFPDg55GPy/zM/efmCjuCwNy1jwahb5GWaUeFiKrIJyxl3zxQFmq6YJNDUkgVWBHYtuMSFBCdq/F7r9xZ+b+FXwtMIVmIssYSN6BbfYy/HNPWGkmc0Pa04bLUpJowKlhM3aO7fm6EqVODd/wOrhZ/PNnu/Gc4tWB5BZ5zWYTdHf5er10S/3sETrKqUFM+IZqsqSm4crna4reP17Xr+sf14UQdSyWwJazu9QB9NYeir0uT7mpueod7R8cF5z+jC0OgaCusq9X7bTPZ9My/o/0zW3PQM7Q9O2nm6E/SNrqHBoT4SOpUkfCZh4Oi/RXjMSokSLGQ3YfwB81g4SJCJzBhFLEFOmklUlGKKut0pyQsHKRmKicRZLtz1b9fORUxEAgAA[0m'Note about fast-forwards' section of 'git push --help' for details.
[8mha:AAABMR+LCAAAAAAAAACFjrFOwzAQhq+BQMQIGxITAjY7oIBAnSBtWAJLJSTUybQhBKV2cJwqEhLPw9C+DG/AVCHEO+CL4yLEwN3gT+f/v/tnX+CWEvYfqnEpOCnyKs14SRgvs5HIhSTnmkKka6ESMNVxwInBawRXrFBwEBs/bf106adLvxZ2Y1gdM8UUbMaPbMpoznhKB0pmPO3WErbbFCPBS5EnJDTv78tQFzrw3v+B9cHPV0+83w4WDqwMwb1Lm7Bbw7/H9e89/j7BC6zplJxNEmSnLippHQQdpHXM324WHzvPl00gncxTsL4bhNhIUeTrQvJ9ZDOzFJycHl0EVhdFVmcoaqrC+57d7Pt2X9j72YxsZpYO+2ftPpyEPasz1D/GVuDWKpETBZ2Nbxim58gAAgAA[0m
[8mha:AAABYx+LCAAAAAAAAACFkM1Kw0AUha/RanSpO0EQxL/NJJYqxq40bdykIhYE6Wpsx7QlnYmTSQkIPo8LfRnfwFUR8R2cyWRaioJ3Fvly55x7D/P6DZWUw14/66WMoiTOogFNEabpoMtixtG5JF/RFRMEdC1YYIVgF4IWTgTsh9rvlH5n6nemfimsh7DUwwILWA+HeIydGNPIaQs+oFE957BZpugymrKYIF9/5zdDnsjAu/8Hlgu/Xmz2cdeeWLDYgcp9VITd6PxeLm8f1O0jPMOyTEnxiCi28iTjxoGUA5WOt/fbyefW02URSCazBazs1Hx1FAWBK0uR6yrWPUO1k9PqRc3ogsDoNAVFZWq/bSa7rpnnN2aTFeueoaOmV85THb9hdJqax+oIqOSC8JGA3ioW24xHCCe42ydohMdk9qacxASnBF1zkmBObvRviw0ZSuZaB38o1IOdVT3vcO0HT7XA+WMCAAA=[0m	at org.apache.maven.plugins.release.PrepareReleaseMojo.prepareRelease(PrepareReleaseMojo.java:299)
[8mha:AAABZh+LCAAAAAAAAACFkM1Kw0AQx8doNXrUmyAI4tdlE0v87EnTxksqYkGQ4mFN17QlycbNpgQEn8eDvoxv4KmI+A7uZrMtouDsYX87M/+ZP/vyBbWMwVY/72U0QWmUh4MkQzjJBgGNKEOnglxJF5QTUDFjgOGDWTa0ccph21d6q9JbE7010YvGhg9zPcwxh2V/iEfYinASWh3OBknYKBisVi4CmmQ0IshV98/NUKTC8Ob/hsXCz2eTvt90xgbMdqF2F5ZmV7q/l4vqvaw+wBPMC5cJjolko0hzphVIKlCleH27Hn+sPZ6XhoQzk8PChuPKI8nzbBGSbFuyymlyDo7qZ47u8zzdp8grI5f7TT3ZtvU8tzmdLFnlNO21jqt5MuM2dZ+i1r48HGoFJyzmcLuI+TplIcIpDvoExXhEpn/KSERwRtAlIylm5Eo923RIESlIkHOy80dJ/tRJ3TncXfoGz2IqZlwCAAA=[0m	at org.apache.maven.plugins.release.PrepareReleaseMojo.execute(PrepareReleaseMojo.java:247)
[8mha:AAABaR+LCAAAAAAAAACFkN9KwzAUxo/VafVS7wRBEP/dpJ1MUXflutWbToSBILuKXdZ1dElN01EQfB4v9GV8A6+GiO9g0jQTEfHkIj9Ovu+cjzx/Qi3jsDfKBxmjKE3yKKYZwjSLQ5Ywji4keYqumCCga8ECKwC7FHRxKmA/0H6n8jtzvzP3S2EzgKUBFljAejDGU+wkmEZOT/CYRs2Cw2aVImQ0YwlBnr5/boYilYF3/w8sF3482ezttjezYLEPtbuoDLvR/71cvg7V6z08wrJMSfGEKLaKNOfGgZQDVY6X15vZ+9bDZRlIJrMFrOw0PHUU+b4rS5HrKtY9Q42T06NWw+h83+g0+WXlar9tJruumee1vycr1j1D9c5ZNU91vLbRaeocqyOgVgjCJwKGq1hsMx4hnOJwRNAET4n5U9QmQ5wnopXHyeC6bHUxxRHhiBQkzAXpsjE7+Fulvuy87tYP174A0u0FjmUCAAA=[0m	at org.apache.maven.plugin.DefaultBuildPluginManager.executeMojo(DefaultBuildPluginManager.java:101)
[8mha:AAABaB+LCAAAAAAAAACFkb1OwzAUhS+BQmCEDQkJCfG3OKEqiNIJ0oYlZSlCQp1M6qapUjs4ThWExPMwwMvwBkwVQrwDdhwXIQauh3y6PufeI+flC2oZh71RPsgYRWmSRzHNEKZZHLKEcXQuyVN0xQQBXQsWWAHYpaCLUwH7gfY7ld+Z+525XwpbASwNsMAC1oMxnmInwTRyeoLHNGoVHDarFCGjGUsI8vT392YoUhl49//AcuHns83eb3szCxb7ULuLyrAb/b/L5e1Q3d7DEyzLlBRPiGKrSHNuHEg5UOV4fbuZfWw9XpaBZDJbwMpOw1NHke+7shS5rmLdM9Q4Oa1fNIzO941Ok19WrvbbZrLrmnle+2eyYt0zdNRpVvNUx2sbnabOsToCaoUgfCLgehWLbcYjhFMcjgia4CmhKImHJHwI5Q+IqdRRnKAuG7NOQcJcyBcmJZCDX031QGd1t3m49g03ifG5UwIAAA==[0m	at org.apache.maven.lifecycle.internal.MojoExecutor.execute(MojoExecutor.java:209)
[8mha:AAABPB+LCAAAAAAAAACFjs9KxDAQxsdqtQpe9CYIC6Le0rrUf+xJu1sv1cuCIHuKu7VW2qSmqRQEn8eDvoxv4GkR8R3MNM2KeHDmkB+T75v5Xr7ALgXs3FaTkjNSZFWSspJQVqZjnnFBThQFSBdcxqBrzgIrAqcRnNNCwm6k/W7rd2d+d+ZXwl4ECxMqqYS16I4+UDejLHGHUqQs6dUCNtoUY85KnsUk0O/vy1AXKvD2/4HVwc9nh79fDacWzI/Avk6asOujv8fV7w3+3sMTLKqUjOYxslUXlTAOgg7SOl7fLqcfm49nTSCVzJGwtOUH2Ehh6KlC8jxkPTPkHxx1T32jC0Oj0xQ2VeF9x2z2PLMv6P9sRtYzQ3uD43YfToK+0Wka7GNLsGsZi1zC6jIhpNM97ORcxCvfqy7V3wwCAAA=[0m	... 27 more
[8mha:AAABdh+LCAAAAAAAAACFjs9KxDAQxsfqavGoN0EoiHpLq6yi60m7Wy/Vg4uC7Clts91Km9QkXSqCz+NBX8Y38LSI+A4m/bMiHpwc8mPm+2a+ly/oCA47kyISjKI8LeKECoSpSEKWMo5OFbmaLpkkUNeCAYYPZiW4wLmEXb/2243fnvvtuV8JT3xYirDEEtb8OzzFdoppbA8lT2h8UnLYaFKEjAqWEuTW/+/LUOYq8Pb/gdXBz2eTvd8OZwYsjqATxFXY9dHf42o61tN7eIJllZLijGg2yrzgrQNpB2ocr283s4/Nx/MqkEpmSljZ6rr6afI8R5Umx9Fc91rqHh7tn3Vbnee1upq8qgp932w3O067z+3/bNZc91raGxw3+3TH7be6mgYH+knolJLwTELg4kKQyAoeehbjMcI5DicEZXhKKBITzEmEOEkJFgSJMENXNQ/DzGVZhmk0KEOSy4TRnnVNcZASSzIrVLNEWuMkJWL1G5XsUrZhAgAA[0mCaused by: org.apache.maven.shared.release.scm.ReleaseScmCommandException: Unable to commit files
[8mha:AAABPx+LCAAAAAAAAACFkcFKxDAQhsdqtXjUmyAIot7SKlXUPWl366WKsCDInuI21kqb1CRdCoLP40FfxjfwtIj4DiZNsyIenBzyMfn/mR/y8gWu4LB9V6eCUVQVdZZTgTAV+ZgVjKMTRZGmCyYJmJpzwEnAawXnuJKwkxi/3/n9md+f+ZWwl8BCiiWWsJLc4wn2C0wzfyh5TrNew2GtSzFmVLCCoMjcvzdDU6nAW/8HVgs/nz32fj2cOjA/Avcma8Oujv4uV6+3+vUBnmBRpaS4JJqdpqq5dSDtQJ3j9e1q+rH+eNYGUsk8CUubYaSPpjgOVGkKAs2mZyk8ONw7Da0ujq3OUNxWrfd7dnIQ2HlR/2eyZtOztDs46ubpTtS3OkODfX0kuI0kvFTfcMnZJE8J3yiJEDgjx8vfEmsdChECAAA=[0mProvider message:
[8mha:AAABSB+LCAAAAAAAAACFjsFKxDAQhsdqtXjUm7CwIOrJtEoVZU9rd+ulelkRZE+x7baVNqlNKgXB5/GgL+MbeFpEfAeTplkRD84c8jH5/5n/5QtMVsFuWkeMElTmdZIRhjBhWUhzWqGhIE/SJeUxqFoywAjAagUXuOSwFyi/3fnthd9e+IVwEMBKhDnmsBHc4Qds55gk9oRXGUkGTQVbXYqQEkbzGHnq/X0ZmlIE3vk/sDj4+WzR95vJ3IDlKZi3SRt2c/r3uPidyd97eIJVkZLgIpZsNGVdaQeSDtQ5Xt+u5x+9x/M2kEhmcVjbdj3ZknzfESXJcSSrmSb3+OTwzNU639c6RX5btbxv6c2Oo/d5o5/NktVM08H4tNsnJ95I6xSNj2RzMBseVwWH3lUa95OM75c1S/shLQpMov4MZ3kcofVvwBkFyRwCAAA=[0mThe git-push command failed.
[8mha:AAABPR+LCAAAAAAAAACFjsFKxDAQhsdqtXgSvQmCIOotrVJF3ZNmt16qlwVB9hS3tVbapKbJUhB8Hg/6Mr6Bp0XEdzBpmhXx4MwhH5P/n/lfvsCtOezcyaRmFFWFzHJaI0LrfMwKxtGpIqzpkokUTM054MTgtYILUgnYjY3f7/z+zO/P/ErYi2EhIYIIWI3vyYT4BaGZPxQ8p1mv4bDepRgzWrMiRdi8vy9DU6nA2/8HVgc/nz32fj2cOjA/Avcma8Oujf4eV7+3+vcBnmBRpaSkTDU7TSW5dSDtQJ3j9e1q+rHxeN4GUsk8AUtbIdatKYoCVZqCQLOZWQoPj/bPQquLIqszFLUl9X3Pbg4Cuw/3fzZrNjNLe4Pjbp+e4L7VGRoc6BbgNiLlpYAVzMqS0GSTSVFJcbL8DVxMJJcPAgAA[0mCommand output:
[8mha:AAABUx+LCAAAAAAAAACFkMFKxDAQhsfqavGoN0EQRD2ZVFlF3Yva3XqpXlYE2VO2W9tqN6lJKgXB5/GgL+MbeFpEfAeTplkRD04I+ZiZf+YnL1/QEhw203IkGEVFXiYZFYhQkUUsZxydKPI1XTAZg4kZB5wQ3LrhnBQStkKjx40eT/V4qleNnRDmRkQSCUvhLXkgOCc0wX3JM5p0Kg4rjYuIUcHyGPnm/b0ZqkIZ3vjfsFr4+eyy9+v+xIHZAbSGSW12efB3uare6Oo9PMG8cknJONbsVEXJrQJpBWoUr29Xk4/Vx7PakHLmSlhYb/v6aAoCT4Umz9Nscpba+we7p23bFwS2z1BQR6n3u3ay59l5fvdnsmaTs7TTO2zm6YzftX2Genv6SGhVMuZjCduXbE2I9AjjJJPH6qblUP3+GHMS3YmCRDEWMeFRilRt8RvxC5DiLAIAAA==[0mTo ssh://git@github.com/rackspace/search.git
[8mha:AAABXh+LCAAAAAAAAACFjs1Kw0AUha/RanCpO0GIiH+L/ChVlIKgadNNdFMQpLgYm2lMSWfizEQDgs/jQl/GN3BVRHwHZ5JMRV1472I+7pxz73n+hAZnsHmTR5wSJ0vzOCHcQYQnA5pS5pxI8hWdU4GhqhkDjBDMUnCGMgFbYeV3a7879btTvxS2QpiLkEAClsIRukNuikjs9gRLSNwqGKzUKQaUcJpix6/en5ehyGTgjf8Dy4MfTyZ9u+xNDJjtQ+M6LsMu9/8el79D9XsLjzAvUxI0xoqNIsuZdjjK4dSOl9eLyfvqQ7cMJJOZAhbWm75qRUHgyVLkeYqrmabmweHeaVPrgkDrKgrKytV9U2/2PL3Pb39vVlzNNO12jup9auK3ta6izr5qAY1CYDYW0LXWrD7DIzwQOLqy6kpIIhKU2hyLPLPs41+DbUKJPURc2EPK7hGLdha/AIZeMUVGAgAA[0m ! [rejected]        initial-setup -> initial-setup (non-fast-forward)
[8mha:AAABbB+LCAAAAAAAAACFkcFKw0AQhsdoNXjUmyAERHvLRqmi7UVNGy9RDwVBetqm2ySaZNPdjQQEn8eDvoxv4KmI+A7uJtmKeHCWZT9m5p/5YV++oMUZ7EXFhNPMzpMijDNu44zHAU0os88kuYquqCBQx5IBhg9m1XCJcwFtv9ajRo8WerTQy8aeDysTLLCADf8OP2CU4CxEQ8HiLOyVDLYaFwHNOE2I7dbv781Q5tLw7v+G5cLPZ5O+3w7nBiyPoDUOK7Obo7/LZXWqqjN4glXpMsMpUWyUecG0wlYKu1G8vt3MP7YfLypD0pkpYG2n46qjyPMcGYocR3Gd09Q5Oj447+g+z9N9NXlVFGq/qSc7jp7n9n8mK65zmvYHJ808lXH7uq+mwaE6AlqlICwVcE0Yo6xrTXGckIklqJUXPLI4TYnFyJSrTJvzqItQGItTeaNiLL8nRQwH9zzHAUGcYBZEtqy1178BklUXO04CAAA=[0merror: failed to push some refs to 'ssh://git@github.com/rackspace/search.git'
[8mha:AAABbB+LCAAAAAAAAACFkc1Kw0AUha/RanCpO0EYEHVjkyhVlK40bVwY3VQE6WpsJmkknYkzkzZF8Hlc6Mv4Bq6KiO/gTH4q4sI7i3zcOefeM+TlCxqCw84wCwSjVppkUUyFhamIByxh3DpV5Gq6YpJAWQsGGD6YheASpxJ2/dJvV3577rfnfiVs+7AUYIklrPn3eIztBNPI7kke06idc9ioUgwYFSwhllt+f2+GPFWBt/8PrBZ+Ppvs/bY3M2CxD427qAi73v+7XN2G+vYBnmBZpaR4RDQbeZrx2mFph1U5Xt9uZh+bj+dFIJXMlLCy1XL10eR5jipNjqO57NXUOjo+OGvVOs+rdSV5RWV6v1lPdpx6ntv5may57NW03z2p5umO26l1JXUP9ZHQyCXhIwkX1wylnIwJlWjKMhRyNkIJE+qBaBgLyfh0D1FGmyEWshkyPsE8QFmqfiIRaEI4QZzck4Ekweo3VrRqM0oCAAA=[0mTo prevent you from losing history, non-fast-forward updates were rejected
[8mha:AAABZx+LCAAAAAAAAACFkEFLwzAUx5/TafGoN0EIiE4vaZUpyk7arYJ0XgaC7JRtWVrpkpqmUhD8PB70y/gNPA0Rv4NJ20zEgy+H/PLy/u/9k5cvaGYS9qJ8kgmO0yRnMc8w4Vk8FomQ+FyTb+haKApVLDWgEYJTFvRJqqAVVnq31rsLvbvQ68JOCCsTooiCjfCOPBA3IZy5AyVjzjqFhK3axVjwTCQU+9X+ezIUqTa8+79hPfDz2RHvt4N5A5aH0Byx0uzm8O9wfTs1t/fwBKvaJSczarhRpLm0CmwUuFa8vt3MP7YfL0tD2pmjYG2n7ZtlKAg8HYY8z3CVs9Q+OT26aNu6ILB1FQVl5Ga+Yzt7nu3nd386G65ylg57Z3U/k/G7tq6i3rFZCpqFonKm4KpPJaNIRRRJOtPfjMaRfiPN0D7FDKMWixVK8yRpHaARnQpJ9SmL9PsRYSTmGKEBLfXr32YVMilJAgAA[0mMerge the remote changes (e.g. 'git pull') before pushing again.  See the
[8mha:AAABZB+LCAAAAAAAAACFkMFKxDAQhsfqavGoN0EIiPa0bZVVFE/a3XqpXhYE2VN2m3Yr3aQmqRYEn8eDvoxv4GkR8R1M2mZFPDg55GPy/zM/efmCjuCwNy1jwahb5GWaUeFiKrIJyxl3zxQFmq6YJNDUkgVWBHYtuMSFBCdq/F7r9xZ+b+FXwtMIVmIssYSN6BbfYy/HNPWGkmc0Pa04bLUpJowKlhM3aO7fm6EqVODd/wOrhZ/PNnu/Gc4tWB5BZ5zWYTdHf5er10S/3sETrKqUFM+IZqsqSm4crna4reP17Xr+sf14UQdSyWwJazu9QB9NYeir0uT7mpueod7R8cF5z+jC0OgaCusq9X7bTPZ9My/o/0zW3PQM7Q9O2nm6E/SNrqHBoT4SOpUkfCZh4Oi/RXjMSokSLGQ3YfwB81g4SJCJzBhFLEFOmklUlGKKut0pyQsHKRmKicRZLtz1b9fORUxEAgAA[0m'Note about fast-forwards' section of 'git push --help' for details.
[8mha:AAABMR+LCAAAAAAAAACFjrFOwzAQhq+BQMQIGxITAjY7oIBAnSBtWAJLJSTUybQhBKV2cJwqEhLPw9C+DG/AVCHEO+CL4yLEwN3gT+f/v/tnX+CWEvYfqnEpOCnyKs14SRgvs5HIhSTnmkKka6ESMNVxwInBawRXrFBwEBs/bf106adLvxZ2Y1gdM8UUbMaPbMpoznhKB0pmPO3WErbbFCPBS5EnJDTv78tQFzrw3v+B9cHPV0+83w4WDqwMwb1Lm7Bbw7/H9e89/j7BC6zplJxNEmSnLippHQQdpHXM324WHzvPl00gncxTsL4bhNhIUeTrQvJ9ZDOzFJycHl0EVhdFVmcoaqrC+57d7Pt2X9j72YxsZpYO+2ftPpyEPasz1D/GVuDWKpETBZ2Nbxim58gAAgAA[0m
[8mha:AAABcB+LCAAAAAAAAACFkM9Kw0AQxsdqNXrUmyAI4r/LJpW2qD3VtPESRSgI0tM2XZPUZDduNiUg+Dwe9GV8A09FxHdwN8lWRMRZ2P0xM9/Mxz5/Qj3lsBdk45RRlESZH9IUYZqGHosYR11JtqJLJgiUsVCDmgtG0XCBEwH7bqk3K70515tzvWzsuLA0xgILWHcneIrNCFPfHAgeUr+Tc9isXHiMpiwiyC7fn5shT6Th3f8Ny4UfTwZ7uxnMarA4hPrIL8xuDH8vl9VbVb2HR1iWLimOieJanmRcK5BSoErx8no9e996OC8MSWeGgJWdpq2OIsexZCiyLMVlTlOzfXx01tR9jqP7SnKKyNR+Q0+2LD3P7n1PVlzmNDX6J9U8lbF7uq+kfksdAfVcEB4LmKxisc24j3CCvYCgGE8JRWmAORkjTiKCU4KSQN3dUSo49sTAi20Wx6G4KtJS5d2F9OCPsvq200a7dbj2BazuqStpAgAA[0m	at org.apache.maven.shared.release.phase.AbstractScmCommitPhase.checkin(AbstractScmCommitPhase.java:165)
[8mha:AAABdh+LCAAAAAAAAACFkc1Kw0AUha/VanSpO0EQxL/NJJUoalc1bdxEEQqCdDVNp0k0ycSZSQkIPo8LfRnfwFUR8R2cSTIVEfEOJB93zrn3kDx/QpMz2AnzEacpyuI8iFKOcMojn8aUoY4kR9ElFQSqmmtAwwOjFFzgTMCuV/nN2m/O/ObML4VtDxZGWGABq94tnmAzxmlg9gWL0qBdMFivU/g05TQmyKnePzdDkcnA2/8Hlgs/ngz6dtOfNmB+AM1hUIZdG/xeLm/H6vYeHmFRpkxxQhQ3iixn2oGUA9WOl9fr6fvGw3kZSCYzBCxt2Y46ilzXkqXIshRXPU320fHBma11rqt1Fbll5Wq/oSdblp7ndL8nK656mlq9k3qe6jhdrauod6iOgGYhCEsEsGUsNikLEM6wHxKU4AlJEQ8xIyPESEwwJygL1bMz5IJhX/T9xKFJEomrsp0RNqYscULi38n/sPeHTH2+05Z9uL/yBbHjaoZxAgAA[0m	at org.apache.maven.shared.release.phase.AbstractScmCommitPhase.performCheckins(AbstractScmCommitPhase.java:145)
[8mha:AAABcR+LCAAAAAAAAACFkM1KxDAUha+jo9Wl7gRBEP82aZVx/JmVdqZuqgwMCDKr2IltpU1img4FwedxoS/jG7gaRHwHk7YZERFvoPnIPefeQ58/oZkJ2IryUcYo4kkexjRDmGZxwBIm0KkiV9MlkwSqmmlAwwerFFxgLmHbr/x27benfnvqV8KOD3MjLLGEZf8Oj7GdYBraAyliGnYKAat1ioDRjCUEudX9czMUXAXe/D+wWvjxZLG368GkAbNDaN6EZdiV4e/lqnuru/fwCPMqJcUp0dwoeC6MA2kHqh0vr1eT97WH8zKQSmZJWNhoufpo8jxHlSbH0Vy9GWq1j/bPWkbneUZXkVdWrvdbZrLjmHlu93uy5urN0F7vuJ6nX9yu0VXUO9BHQrOQRKQS+CKW60yECHMcRASleEwoyiIsyAgJkhCcEcQj/R0EqcvSNJZ9QTgWWMaM9suOyKnPwjjY+Vui/97JYXt36QszjjEQbwIAAA==[0m	at org.apache.maven.shared.release.phase.ScmCommitPreparationPhase.runLogic(ScmCommitPreparationPhase.java:76)
[8mha:AAABbh+LCAAAAAAAAACFkM9KxDAQxsfV1epRb4IgiP8uaZVVV/e0drdeqggLguwp241tpU1qki4FwefxoC/jG3haRHwHk7ZRRMQJJD9m5pv5yNMHNAWHrSgfC0ZRluRhTAXCVMQBSxhHXUWupgsmCVQx04CGD1bZcI4zCdt+pbdrvf2lt7/0qrHjw9wYSyxh2b/FE2wnmIb2QPKYhp2Cw2rtImBUsIQgt3p/boYiU4Y3/zesFr4/Wuz1ejBtwOwQmqOwNLsy/L1cVW909Q4eYF65pDglmhtFlnOjQFqBasXzy9X0be3+rDSknFkSFjZarj6aPM9RoclxNFc5Q63D9v5py/R5numryCsj1/stM9lxzDy39z1Zc5UztNc/rufpjNszfRX1D/SR0Cwk4amEeBHLdcZDhDMcRASleEIoEhHmZIw4SQgWBGWRvrsjITkO5CBIXZamsbws06QgQS7Jzh9l/W0nR+3dpU+Z41eGaAIAAA==[0m	at org.apache.maven.shared.release.phase.AbstractScmCommitPhase.execute(AbstractScmCommitPhase.java:78)
[8mha:AAABah+LCAAAAAAAAACFkM9Kw0AQxsdqNXrUmyAI4r/LJtYoak+aNl5SDxYE6WnabtNKuhs3mxIQfB4P+jK+gaci4ju4m00qouDsIb/d+b6Zjzx/QjURsDNM+wlnJI7ScMQSgiwZ9XjEBTlX5Gm64pKCqbkKVAKwckELYwm7gfHbhd+e+e2ZXwnrASz0UaKE1eAOJ2hHyEK7LcWIhfVMwHqRosdZwiNKPPP9uRmyWAXe/j+wWvjxZPG32/a0AvMdqHbDPOxa5/dy1R3o7j08wqJKyXBMNVeyOBWlg2gHKRwvrzfT942HyzyQSmZJWNpyPX00+b6jSpPjaDZvJbnHJ7ULt9T5fqkz5OeV6v1WOdlxynle43uyZvNW0kHztJinX7xGqTPUPNJHQjWTVIwldJdRbnIREoyxN6RkjBPKSDJEQftE0IhiQkmDDjCN5LW5tpBhSAWJBY2VbO/vrv5dZ7VDd3/lC0PhBfFhAgAA[0m	at org.apache.maven.shared.release.DefaultReleaseManager.prepare(DefaultReleaseManager.java:234)
[8mha:AAABah+LCAAAAAAAAACFkM9Kw0AQxsdoNXrUmyAI4r/LJpVarD1p2nhJPSgI0tO03aaVdDduNiUg+Dwe9GV8A09FxHdwN5tURMHZQ367830zH3n+hEoiYG+UDhLOSByl4ZglBFky7vOIC3KmyNN0ySUFUwsWWAHYuaCDsYT9wPidwu/M/c7cr4TNAJYGKFHCenCHU3QiZKFzLcWYhc1MwGaRos9ZwiNKPPP9uRmyWAXe/T+wWvjxZPO32+uZBYtdqPTCPOxG9/dy1R3q7j08wrJKyXBCNVtZnIrSQbSDFI6X15vZ+9bDRR5IJbMlrOzUPH00+b6rSpPrajZvJdXqJ0fntVLn+6XOkJ9Xqvfb5WTXLed5re/Jms1bSdV2o5inX7xWqTPUPtZHQiWTVEwk9FZRbnMREoyxP6JkglPKSDJCQQdE0IhiQkmLDjGN5JW5dpBhSAWJBY2V7ODvrv5dp9V643DtC/L4o4lhAgAA[0m	at org.apache.maven.shared.release.DefaultReleaseManager.prepare(DefaultReleaseManager.java:169)
[8mha:AAABah+LCAAAAAAAAACFkM9Kw0AQxsdoNXrUmyAI4r/LJpVY1J40bbykHiwI0tO03aaVdBM3m1IQfB4P+jK+gaci4ju4m81WRMHZQ367830zH3n+hErGYW+Y97OEkTTOoxHLCLJs1EvihJNzSb6iq0RQ0LVggRWCXQhamArYD7XfKf3O3O/M/VJYD2GpjwIFrId3OEEnRhY5bcFHLKpPOWyWKXoJy5KYEl9/f26GaSoD7/4fWC78eLKTt9v2zILFDlS6URF2o/N7uewOVPceHmFZpmQ4poqtaZpz4yDKQUrHy+vN7H3r4bIIJJPZAlZ2PF8dRUHgylLkuor1myGvdnJ04RldEBidpqCoXO23zWTXNfP8xvdkxfrNULV5Ws5TL37D6DQ1j9URUJkKyscCuqsothMeEUyxN6RkjBPKSDZETvuE05hiRkmDDjCPxbW+tpBhRDlJOU2l7ODvrvpdZ1Wvdrj2BUR39ihhAgAA[0m	at org.apache.maven.shared.release.DefaultReleaseManager.prepare(DefaultReleaseManager.java:146)
[8mha:AAABah+LCAAAAAAAAACFkM1Kw0AUha/RanSpO0EQxL/NJJX625WmjZvUhQVBurptp2klnYmTSQkIPo8LfRnfwFUR8R2cySQVUfDOIt/MPefeQ54/oZII2Bmm/YQzEkdpOGIJQZaMejzigpwr8jRdcUnB1JwFVgB2LmhhLGE3MH6n8DszvzPzK2E9gIU+SpSwGtzhBJ0IWei0pRixsJ4JWC9S9DhLeESJZ74/N0MWq8Db/wdWCz+ebP52255aMN+BSjfMw651fi9X3YHu3sMjLKqUDMdUs5XFqSgdRDtI4Xh5vZm+bzxc5oFUMlvC0lbN00eT77uqNLmuZvNWUu3o5OCiVup8v9QZ8vNK9X67nOy65Tyv8T1Zs3krqdo8LebpF69R6gw1D/WRUMkkFWMJ3WWUm1yEBGPsDSkZ44QykgxR0D4RNKKYUNKgA0wjeW2uLWQYUkFiQWMl2/u7q3/XWdU93l/5AiSKVqZhAgAA[0m	at org.apache.maven.shared.release.DefaultReleaseManager.prepare(DefaultReleaseManager.java:107)
[8mha:AAABYx+LCAAAAAAAAACFkM1Kw0AUha/RanSpO0EQxL/NJC1VrF1p2rhJRSwI0tXYjmlLmplOJiUg+Dwu9GV8A1dFxHdwJpNpKQreWeTLnXPuPczrN5QSDgf9tJfQGLEoDQdxgnCcDLo0ohxdSPIUXVNBQNeSBVYAdi5oYSbgMNB+p/A7M78z80thPYCVHhZYwGYwxBPsRDgOnbbggzisZxy2ixRdGic0IsjT38XNkDEZeP//wHLh14tNP+7bUwuWO1B6CPOwW53fy+Xto7odwzOsypQxHhHFVsZSbhxIOVDheHu/m37uPF3lgWQyW8DaXtVTR5Hvu7IUua5i3TNUPT2rXFaNzveNTpOfV6r222ay65p5XmM+WbHuGSo3a8U81fEaRqepeaKOgFImCB8J6K1jsUt5iDDD3T5BIzwh8zflJCI4IeiGE4Y5udW/LTqkiC20jv5QqAc7r9TKxxs/9+TT92MCAAA=[0m	at org.apache.maven.plugins.release.PrepareReleaseMojo.prepareRelease(PrepareReleaseMojo.java:291)
[8mha:AAABPB+LCAAAAAAAAACFjrFKxEAQhsdoNAo22gnCgajdJmoUj6s0d7GJNgeCXLXexRhJduNmIwHB57HQl/ENrA4R38GdbPZELJwp9mP2/2f+ly+wSwE7t9Wk5IwUWZWkrCSUlemYZ1yQE0UB0gWXMeias8CKwGkE57SQsBtpv9v63ZnfnfmVsBfBwoRKKmEtuqMP1M0oS9yhFClLerWAjTbFmLOSZzEJ9Pv7MtSFCrz9f2B18PPZ4e9Xw6kF8yOwr5Mm7Pro73H1e4O/9/AEiyolo3mMbNVFJYyDoIO0jte3y+nH5uNZE0glcyQsbfkBNlIYeqqQPA9Zzwz5R8f7p77RhaHRaQqbqvC+YzZ7ntkX9H82I+uZob1Bt92Hk6BvdJoGh9gS7FrGIpewukwI6Rx4nZyLeOUbuxDY1gwCAAA=[0m	... 30 more
[8mha:AAABPR+LCAAAAAAAAACFjsFKxDAQhsdqtXgSvQmCIOotrVJF2dPa3XqpXhYE2VNsa7fSTWKSSkHweTzoy/gGnhYR38GkaVbEgzOHfEz+f+Z/+QJXcNib1JmgBLGqLkoiECaiTGlFOeorijRdUpmDqQUHnAS8VnCBmYT9xPj9zu/P/f7cr4S9BJYyLLGE9eQOP2C/wqTwR5KXpOg1HDa7FCklglY5isz7+zI0TAXe/T+wOvj57NH369HMgcUxuDdFG3Zj/Pe4+r3Vv/fwBMsqJcHTXLPTsJpbB9IO1Dle365mH1uP520glcyTsLITRro1xXGgSlMQaDYzS+HxyeFZaHVxbHWG4rZqfd+zm4PA7osGP5s1m5mlg+Fpt09PooHVGRoe6ZbgNjLnUwlr6QQTklfbQlLG8mz1Gz4JNyQPAgAA[0mchannel stopped
[8mha:AAABQh+LCAAAAAAAAACFkcFKxDAQhsdqtXjUmyAIot7aKlXUPa3dRoTqwUVB9hS3tVvpJt0klYLg83jQl/ENPC0ivoNJ06yIByeHfEz+f+aHvHyBzRlsj6qEU+KWRZXlhLuY8HxIC8rcrqRQ0QUVKeias8CKwWkE57gUsBNrv9f6vZnfm/mlsBPDQoIFFrAS3+MH7BWYZF5fsJxknZrBWptiSAmnReqG+v69GepSBt76P7Bc+Pns0Peb/tSC+QHYt1kTdnXwd7l8vVOvE3iCRZmS4HGq2KrLihmHqxxu63h9u55+rD+eNoFkMkfA0mYQqqMIIV+WIt9XrHuGgoPDvZPA6BAyOk2oqUrtd8xk3zfzwt7PZMW6Z2g3OmrnqU7YMzpN0b46AuxapGwsvwHlJOejNDneQN2z+OoyWv4G6NeiRhECAAA=[0mFinished: FAILURE
