[INFO]                                                                         
[INFO] ------------------------------------------------------------------------
[INFO] Building search 0.1.0_b51-SNAPSHOT
[INFO] ------------------------------------------------------------------------
Downloading: http://d-build1.iad2.corp.rackspace.com:8100/nexus/content/groups/public/org/codehaus/groovy/maven/gmaven-plugin/maven-metadata.xml
Downloaded: http://d-build1.iad2.corp.rackspace.com:8100/nexus/content/groups/public/org/codehaus/groovy/maven/gmaven-plugin/maven-metadata.xml (583 B at 1.6 KB/sec)
[INFO] 
[INFO] [8mha:AAAAYB+LCAAAAAAAAABb85aBtbiIQSmjNKU4P0+vJLE4u1gvPjexLDVPzxdEGvvmZ+X75ZekLlOVfvTjc8FPJgaGiiIGKaiG5Py84vycVD1nCA1SyAABjCCFBQCV27OjYAAAAA==[0m--- maven-clean-plugin:2.4.1:clean (default-clean) @ search ---
[INFO] 
[INFO] [8mha:AAAAYB+LCAAAAAAAAABb85aBtbiIQSmjNKU4P0+vJLE4u1gvPjexLDVPzxdEGvvmZ+X75ZekLlOVfvTjc8FPJgaGiiIGKaiG5Py84vycVD1nCA1SyAABjCCFBQCV27OjYAAAAA==[0m--- gmaven-plugin:1.0:execute (default) @ search ---
[INFO] 
[INFO] [8mha:AAAAYB+LCAAAAAAAAABb85aBtbiIQSmjNKU4P0+vJLE4u1gvPjexLDVPzxdEGvvmZ+X75ZekLlOVfvTjc8FPJgaGiiIGKaiG5Py84vycVD1nCA1SyAABjCCFBQCV27OjYAAAAA==[0m--- gmaven-plugin:1.4:generateStubs (buildGroovies) @ search ---
[INFO] Generated 24 Java stubs
[INFO] 
[INFO] [8mha:AAAAYB+LCAAAAAAAAABb85aBtbiIQSmjNKU4P0+vJLE4u1gvPjexLDVPzxdEGvvmZ+X75ZekLlOVfvTjc8FPJgaGiiIGKaiG5Py84vycVD1nCA1SyAABjCCFBQCV27OjYAAAAA==[0m--- maven-resources-plugin:2.6:copy-resources (copy-webapp) @ search ---
[INFO] Using 'UTF-8' encoding to copy filtered resources.
[INFO] Copying 3 resources
[INFO] 
[INFO] [8mha:AAAAYB+LCAAAAAAAAABb85aBtbiIQSmjNKU4P0+vJLE4u1gvPjexLDVPzxdEGvvmZ+X75ZekLlOVfvTjc8FPJgaGiiIGKaiG5Py84vycVD1nCA1SyAABjCCFBQCV27OjYAAAAA==[0m--- maven-resources-plugin:2.6:resources (default-resources) @ search ---
[INFO] Using 'UTF-8' encoding to copy filtered resources.
[INFO] Copying 7 resources
[INFO] Copying 1 resource to ../
[INFO] 
[INFO] [8mha:AAAAYB+LCAAAAAAAAABb85aBtbiIQSmjNKU4P0+vJLE4u1gvPjexLDVPzxdEGvvmZ+X75ZekLlOVfvTjc8FPJgaGiiIGKaiG5Py84vycVD1nCA1SyAABjCCFBQCV27OjYAAAAA==[0m--- maven-compiler-plugin:2.3.2:compile (default-compile) @ search ---
[INFO] Compiling 37 source files to /var/lib/jenkins/jobs/TSearchUnittest/workspace/service/target/classes
[INFO] 
[INFO] [8mha:AAAAYB+LCAAAAAAAAABb85aBtbiIQSmjNKU4P0+vJLE4u1gvPjexLDVPzxdEGvvmZ+X75ZekLlOVfvTjc8FPJgaGiiIGKaiG5Py84vycVD1nCA1SyAABjCCFBQCV27OjYAAAAA==[0m--- gmaven-plugin:1.4:compile (buildGroovies) @ search ---
[INFO] 
[INFO] [8mha:AAAAYB+LCAAAAAAAAABb85aBtbiIQSmjNKU4P0+vJLE4u1gvPjexLDVPzxdEGvvmZ+X75ZekLlOVfvTjc8FPJgaGiiIGKaiG5Py84vycVD1nCA1SyAABjCCFBQCV27OjYAAAAA==[0m--- gmaven-plugin:1.4:execute (filterResources) @ search ---
[INFO] Compiled 42 Groovy classes
[INFO] 
[INFO] [8mha:AAAAYB+LCAAAAAAAAABb85aBtbiIQSmjNKU4P0+vJLE4u1gvPjexLDVPzxdEGvvmZ+X75ZekLlOVfvTjc8FPJgaGiiIGKaiG5Py84vycVD1nCA1SyAABjCCFBQCV27OjYAAAAA==[0m--- gmaven-plugin:1.4:generateTestStubs (buildGroovies) @ search ---
[INFO] Generated 13 Java stubs
[INFO] 
[INFO] [8mha:AAAAYB+LCAAAAAAAAABb85aBtbiIQSmjNKU4P0+vJLE4u1gvPjexLDVPzxdEGvvmZ+X75ZekLlOVfvTjc8FPJgaGiiIGKaiG5Py84vycVD1nCA1SyAABjCCFBQCV27OjYAAAAA==[0m--- maven-resources-plugin:2.6:testResources (default-testResources) @ search ---
[INFO] Using 'UTF-8' encoding to copy filtered resources.
[INFO] Copying 5 resources
[INFO] 
[INFO] [8mha:AAAAYB+LCAAAAAAAAABb85aBtbiIQSmjNKU4P0+vJLE4u1gvPjexLDVPzxdEGvvmZ+X75ZekLlOVfvTjc8FPJgaGiiIGKaiG5Py84vycVD1nCA1SyAABjCCFBQCV27OjYAAAAA==[0m--- maven-compiler-plugin:2.3.2:testCompile (default-testCompile) @ search ---
[INFO] Compiling 13 source files to /var/lib/jenkins/jobs/TSearchUnittest/workspace/service/target/test-classes
[INFO] 
[INFO] [8mha:AAAAYB+LCAAAAAAAAABb85aBtbiIQSmjNKU4P0+vJLE4u1gvPjexLDVPzxdEGvvmZ+X75ZekLlOVfvTjc8FPJgaGiiIGKaiG5Py84vycVD1nCA1SyAABjCCFBQCV27OjYAAAAA==[0m--- gmaven-plugin:1.4:testCompile (buildGroovies) @ search ---
[INFO] Compiled 30 Groovy classes
[INFO] 
[INFO] [8mha:AAAAYB+LCAAAAAAAAABb85aBtbiIQSmjNKU4P0+vJLE4u1gvPjexLDVPzxdEGvvmZ+X75ZekLlOVfvTjc8FPJgaGiiIGKaiG5Py84vycVD1nCA1SyAABjCCFBQCV27OjYAAAAA==[0m--- maven-surefire-plugin:2.10:test (default-test) @ search ---
[INFO] Surefire report directory: /var/lib/jenkins/jobs/TSearchUnittest/workspace/service/target/surefire-reports

-------------------------------------------------------
 T E S T S
-------------------------------------------------------
Running com.rackspace.search.service.core.CoreTicketOngoingSyncJobTest
Tests run: 3, Failures: 0, Errors: 0, Skipped: 0, Time elapsed: 2.08 sec
Running com.rackspace.search.service.core.CoreTicketOneTimeSyncJobTest
Tests run: 3, Failures: 0, Errors: 0, Skipped: 0, Time elapsed: 0.354 sec
Running com.rackspace.search.service.core.CoreTicketProcessorTest
Tests run: 1, Failures: 0, Errors: 0, Skipped: 0, Time elapsed: 0.072 sec
Running com.rackspace.search.service.core.CoreTicketOnGoingSyncActorTest
Tests run: 3, Failures: 0, Errors: 0, Skipped: 0, Time elapsed: 1.85 sec
Running com.rackspace.search.service.core.CoreTicketOnetimeSyncActorTest
Tests run: 3, Failures: 0, Errors: 0, Skipped: 0, Time elapsed: 0 sec
Running com.rackspace.search.service.JobServiceTest
03:26:45.323 [main] INFO  c.r.s.common.property.PropertyProvider - Loading properties file from file [/var/lib/jenkins/jobs/TSearchUnittest/workspace/service/target/properties/local/search.properties]
03:26:45.327 [main] INFO  c.r.s.common.property.PropertyProvider - Loading properties file from file [/var/lib/jenkins/jobs/TSearchUnittest/workspace/service/target/properties/local/search.secrets.properties]
03:26:45.327 [main] INFO  c.r.s.common.property.PropertyProvider - Loading properties file from file [/var/lib/jenkins/jobs/TSearchUnittest/workspace/service/target/properties/local/elasticsearch.properties]
03:26:45.460 [main] INFO  c.r.s.elasticsearch.ElasticSearchServer - Starting the Elastic Search server node:
03:26:45.573 [main] INFO  org.elasticsearch.node - [ticket.node] {elasticsearch/0.16.2}[23368]: initializing ...
03:26:45.596 [main] INFO  org.elasticsearch.plugins - [ticket.node] loaded []
03:26:49.001 [main] INFO  org.elasticsearch.node - [ticket.node] {elasticsearch/0.16.2}[23368]: initialized
03:26:49.002 [main] INFO  c.r.s.elasticsearch.ElasticSearchServer - Starting the Elastic Search server node with these settings:
03:26:49.008 [main] INFO  c.r.s.elasticsearch.ElasticSearchServer - Elasticsearch Settings :  [core.db.url:jdbc:postgresql://dev.db.core.rackspace.com:5432/core_dev, node.local:true, index.analysis.analyzer.search_standard.filter:[lowercase], elastic.config.path:/var/lib/jenkins/jobs/TSearchUnittest/workspace/service/target/properties/local/elasticsearch, ticket.core.dateformat:yyyy-MM-dd HH:mm:ss, path.data:/var/lib/jenkins/jobs/TSearchUnittest/workspace/service/target/elasticsearch/data, cluster.name:ticket.cluster, index.analysis.analyzer.search_standard.type:standard, core.db.password:, path.conf:/var/lib/jenkins/jobs/TSearchUnittest/workspace/service/target/properties/local/elasticsearch, core.api.password:qwerty, ticket.ongoingsync.delay.seconds:2000, name:ticket.node, http.enabled:true, path.logs:/var/lib/jenkins/jobs/TSearchUnittest/workspace/service/target/elasticsearch/logs, index.number_of_replicas:0, ticket.document.idName:number, core.api.endpoint:https://ws.staging.core.rackspace.com/ctkapi, ticket.document.type:ticket, ticket.index.name:ticket, admin.index.name:admin, indices.structure:/indices_structure.json, index.store.fs.memory.enabled:false, index.number_of_shards:5, admin.document.idName:name, admin.document.type:syncJob, core.db.username:search_api, ticket.core.date.timezone:CST, ticket.search.allowedRangeParams:created_at,updated_at,last_public_response_date, ticket.search.allowedTermParams:source_system,number,created_at,updated_at,last_public_response_date,status,queue,category,priority,assignee.name,account.number, core.driver.class:org.postgresql.Driver, core.api.username:rcameron, ticket.elastic.dateformat:yyyy-MM-dd'T'HH:mm:ss.SSSZZ, discovery.zen.ping.multicast.enabled:false, action.auto_create_index:1, path.home:/var/lib/jenkins/jobs/TSearchUnittest/workspace/service, path.work:/var/lib/jenkins/jobs/TSearchUnittest/workspace/service/work, path.work_with_cluster:/var/lib/jenkins/jobs/TSearchUnittest/workspace/service/work/ticket.cluster, path.data_with_cluster:/var/lib/jenkins/jobs/TSearchUnittest/workspace/service/target/elasticsearch/data/ticket.cluster]
03:26:49.011 [main] INFO  org.elasticsearch.node - [ticket.node] {elasticsearch/0.16.2}[23368]: starting ...
03:26:49.033 [main] INFO  org.elasticsearch.transport - [ticket.node] bound_address {local[1]}, publish_address {local[1]}
03:26:49.039 [elasticsearch[ticket.node]clusterService#updateTask-pool-11-thread-1] INFO  org.elasticsearch.cluster.service - [ticket.node] new_master [ticket.node][1][local[1]]{local=true}, reason: local-disco-initial_connect(master)
03:26:49.045 [main] INFO  org.elasticsearch.discovery - [ticket.node] ticket.cluster/1
03:26:49.181 [elasticsearch[ticket.node]clusterService#updateTask-pool-11-thread-1] INFO  org.elasticsearch.gateway - [ticket.node] recovered [0] indices into cluster_state
03:26:49.269 [main] INFO  org.elasticsearch.http - [ticket.node] bound_address {inet[/0:0:0:0:0:0:0:0:9200]}, publish_address {inet[/10.14.208.252:9200]}
03:26:49.271 [main] INFO  org.elasticsearch.node - [ticket.node] {elasticsearch/0.16.2}[23368]: started
03:26:49.271 [main] INFO  c.r.s.elasticsearch.ElasticSearchServer - Elastic Search server is started.
03:26:49.341 [main] INFO  c.r.s.elasticsearch.ElasticSearchServer - ES cluster status is GREEN
03:26:49.935 [main] INFO  c.r.s.e.ElasticSearchClientFactoryBean - Starting ElasticSearch client
03:26:49.939 [main] INFO  c.r.s.e.ElasticSearchClientFactoryBean - About to read index setting file : /indices_structure.json
03:26:49.958 [main] INFO  c.r.s.e.ElasticSearchClientFactoryBean - Index does not exist. Creating the Index ticket 
03:26:49.987 [main] INFO  c.r.s.e.ElasticSearchClientFactoryBean - About to read index setting file : /var/lib/jenkins/jobs/TSearchUnittest/workspace/service/target/properties/local/elasticsearch/mappings/ticket/index.json
03:26:51.082 [elasticsearch[ticket.node]clusterService#updateTask-pool-11-thread-1] INFO  org.elasticsearch.cluster.metadata - [ticket.node] [ticket] creating index, cause [api], shards [5]/[0], mappings [index, ticket]
03:26:51.506 [main] INFO  c.r.s.e.ElasticSearchClientFactoryBean - Successfully setup Index ticket 
03:26:51.519 [main] INFO  c.r.s.e.ElasticSearchClientFactoryBean - About to read index setting file : /var/lib/jenkins/jobs/TSearchUnittest/workspace/service/target/properties/local/elasticsearch/mappings/ticket/ticket.json
03:26:51.550 [main] INFO  c.r.s.e.ElasticSearchClientFactoryBean - Setting up Mapping for [ticket]/[ticket]: {"ticket":{"_source":{"enabled":true},"properties":{"queue":{"analyzer":"keyword_lowercase","type":"string"},"last_public_response_date":{"format":"date_time","type":"date"},"idle":{"format":"date_time","type":"date"},"category":{"analyzer":"keyword_lowercase","type":"string"},"updated_at":{"format":"date_time","type":"date"},"status":{"analyzer":"keyword_lowercase","type":"string"},"priority":{"analyzer":"keyword_lowercase","type":"string"},"created_at":{"format":"date_time","type":"date"},"number":{"analyzer":"keyword_lowercase","type":"string"},"account.number":{"analyzer":"keyword_lowercase","type":"string"},"assignee.name":{"analyzer":"keyword_lowercase","type":"string"},"source_system":{"analyzer":"keyword_lowercase","type":"string"}}}}
03:26:51.584 [main] INFO  c.r.s.e.ElasticSearchClientFactoryBean - Index does not exist. Creating the Index admin 
03:26:51.586 [main] INFO  c.r.s.e.ElasticSearchClientFactoryBean - About to read index setting file : /var/lib/jenkins/jobs/TSearchUnittest/workspace/service/target/properties/local/elasticsearch/mappings/admin/index.json
03:26:51.950 [elasticsearch[ticket.node]clusterService#updateTask-pool-11-thread-1] INFO  org.elasticsearch.cluster.metadata - [ticket.node] [admin] creating index, cause [api], shards [5]/[0], mappings [index, syncJob]
03:26:52.267 [main] INFO  c.r.s.e.ElasticSearchClientFactoryBean - Successfully setup Index admin 
03:26:52.268 [main] INFO  c.r.s.e.ElasticSearchClientFactoryBean - About to read index setting file : /var/lib/jenkins/jobs/TSearchUnittest/workspace/service/target/properties/local/elasticsearch/mappings/admin/syncJob.json
03:26:52.273 [main] INFO  c.r.s.e.ElasticSearchClientFactoryBean - Setting up Mapping for [admin]/[syncJob]: {"syncJob":{"_source":{"enabled":true},"properties":{"is_enabled":{"type":"string"},"last_updated_at":{"format":"date_time","type":"date"},"status":{"type":"string"},"processing_node":{"type":"string"},"description":{"type":"string"},"status_message":{"type":"string"},"name":{"type":"string"},"started_at":{"format":"date_time","type":"date"},"last_ticket_modified_at":{"format":"date_time","type":"date"},"type":{"type":"string"}}}}
03:26:52.931 [Timer-2] INFO  c.r.s.s.core.CoreTicketOngoingSyncJob - 
03:26:58.626 [main] INFO  c.r.s.e.client.ElasticSearchClient - Started Query Request Builder with query params [:]
Tests run: 3, Failures: 0, Errors: 0, Skipped: 0, Time elapsed: 14.077 sec
Running com.rackspace.search.service.TicketSearchServiceTest
03:26:58.867 [main] INFO  c.r.s.e.client.ElasticSearchClient - Executing the tickets to post to Elastic Search
03:26:58.885 [elasticsearch[ticket.node]clusterService#updateTask-pool-11-thread-1] INFO  org.elasticsearch.cluster.metadata - [ticket.node] [ticket] update_mapping [ticket] (dynamic)
Tests run: 2, Failures: 0, Errors: 0, Skipped: 0, Time elapsed: 7.414 sec
Running com.rackspace.search.gateway.core.CoreAuthGatewayTest
Tests run: 2, Failures: 0, Errors: 0, Skipped: 0, Time elapsed: 0.095 sec
Running com.rackspace.search.gateway.core.CoreTicketGatewayTest
Tests run: 6, Failures: 0, Errors: 0, Skipped: 0, Time elapsed: 0.002 sec
Running com.rackspace.search.elasticsearch.client.ElasticSearchClientFactoryBeanTest
03:27:06.232 [main] INFO  c.r.s.e.ElasticSearchClientFactoryBean - About to read index setting file : /indices_structure.json
03:27:06.251 [main] INFO  c.r.s.e.ElasticSearchClientFactoryBean - About to read index setting file : /indices_structure.json
03:27:06.263 [main] INFO  c.r.s.e.ElasticSearchClientFactoryBean - About to read index setting file : /var/lib/jenkins/jobs/TSearchUnittest/workspace/service/target/properties/local/elasticsearch/mappings/ticket/index.json
03:27:06.271 [main] INFO  c.r.s.e.ElasticSearchClientFactoryBean - About to read index setting file : /var/lib/jenkins/jobs/TSearchUnittest/workspace/service/target/properties/local/elasticsearch/mappings/admin/index.json
03:27:06.274 [main] INFO  c.r.s.e.ElasticSearchClientFactoryBean - About to read index setting file : /indices_structure.json
03:27:06.281 [main] INFO  c.r.s.e.ElasticSearchClientFactoryBean - About to read index setting file : /var/lib/jenkins/jobs/TSearchUnittest/workspace/service/target/properties/local/elasticsearch/mappings/ticket/ticket.json
03:27:06.300 [main] INFO  c.r.s.e.ElasticSearchClientFactoryBean - About to read index setting file : /var/lib/jenkins/jobs/TSearchUnittest/workspace/service/target/properties/local/elasticsearch/mappings/admin/syncJob.json
Tests run: 3, Failures: 0, Errors: 0, Skipped: 0, Time elapsed: 0.022 sec
Running com.rackspace.search.elasticsearch.client.ElasticSearchClientTest
03:27:06.364 [main] INFO  c.r.s.e.client.ElasticSearchClient - Executing the tickets to post to Elastic Search
03:27:06.644 [elasticsearch[ticket.node]clusterService#updateTask-pool-11-thread-1] INFO  org.elasticsearch.cluster.metadata - [ticket.node] [ticketsearch] creating index, cause [auto(bulk api)], shards [5]/[0], mappings []
03:27:07.599 [elasticsearch[ticket.node]clusterService#updateTask-pool-11-thread-1] INFO  org.elasticsearch.cluster.metadata - [ticket.node] [ticketsearch] update_mapping [ticketdoc] (dynamic)
03:27:10.971 [elasticsearch[ticket.node]clusterService#updateTask-pool-11-thread-1] INFO  org.elasticsearch.cluster.metadata - [ticket.node] [ticketsearch] deleting index
03:27:11.039 [main] INFO  c.r.s.e.client.ElasticSearchClient - Executing the tickets to post to Elastic Search
03:27:11.273 [elasticsearch[ticket.node]clusterService#updateTask-pool-11-thread-1] INFO  org.elasticsearch.cluster.metadata - [ticket.node] [ticketsearch] creating index, cause [auto(bulk api)], shards [5]/[0], mappings []
03:27:11.496 [elasticsearch[ticket.node]clusterService#updateTask-pool-11-thread-1] INFO  org.elasticsearch.cluster.metadata - [ticket.node] [ticketsearch] update_mapping [ticketdoc] (dynamic)
03:27:14.488 [main] INFO  c.r.s.e.client.ElasticSearchClient - Started Query Request Builder with query params [:]
03:27:14.521 [elasticsearch[ticket.node]clusterService#updateTask-pool-11-thread-1] INFO  org.elasticsearch.cluster.metadata - [ticket.node] [ticketsearch] deleting index
03:27:14.557 [main] INFO  c.r.s.e.client.ElasticSearchClient - Executing the tickets to post to Elastic Search
03:27:14.757 [elasticsearch[ticket.node]clusterService#updateTask-pool-11-thread-1] INFO  org.elasticsearch.cluster.metadata - [ticket.node] [ticketsearch] creating index, cause [auto(bulk api)], shards [5]/[0], mappings []
03:27:14.949 [elasticsearch[ticket.node]clusterService#updateTask-pool-11-thread-1] INFO  org.elasticsearch.cluster.metadata - [ticket.node] [ticketsearch] update_mapping [ticketdoc] (dynamic)
03:27:17.932 [main] INFO  c.r.s.e.client.ElasticSearchClient - Started Query Request Builder with query params [user:[testing1]]
03:27:17.987 [main] INFO  c.r.s.e.client.ElasticSearchClient - Started Query Request Builder with query params [user:[testing1,testing3]]
03:27:18.000 [main] INFO  c.r.s.e.client.ElasticSearchClient - Started Query Request Builder with query params [user!:[testing1,testing3]]
03:27:18.014 [elasticsearch[ticket.node]clusterService#updateTask-pool-11-thread-1] INFO  org.elasticsearch.cluster.metadata - [ticket.node] [ticketsearch] deleting index
03:27:18.040 [main] INFO  c.r.s.e.client.ElasticSearchClient - Executing the tickets to post to Elastic Search
03:27:18.238 [elasticsearch[ticket.node]clusterService#updateTask-pool-11-thread-1] INFO  org.elasticsearch.cluster.metadata - [ticket.node] [ticketsearch] creating index, cause [auto(bulk api)], shards [5]/[0], mappings []
03:27:18.624 [elasticsearch[ticket.node]clusterService#updateTask-pool-11-thread-1] INFO  org.elasticsearch.cluster.metadata - [ticket.node] [ticketsearch] update_mapping [ticketdoc] (dynamic)
03:27:21.616 [main] INFO  c.r.s.e.client.ElasticSearchClient - Started Query Request Builder with query params [priority_range:[[1,2]]]
03:27:21.642 [main] INFO  c.r.s.e.client.ElasticSearchClient - Started Query Request Builder with query params [priority_range!:[[1,2]]]
03:27:21.652 [elasticsearch[ticket.node]clusterService#updateTask-pool-11-thread-1] INFO  org.elasticsearch.cluster.metadata - [ticket.node] [ticketsearch] deleting index
03:27:21.696 [main] INFO  c.r.s.e.client.ElasticSearchClient - Executing the tickets to post to Elastic Search
03:27:21.867 [elasticsearch[ticket.node]clusterService#updateTask-pool-11-thread-1] INFO  org.elasticsearch.cluster.metadata - [ticket.node] [ticketsearch] creating index, cause [auto(bulk api)], shards [5]/[0], mappings []
03:27:22.166 [elasticsearch[ticket.node]clusterService#updateTask-pool-11-thread-1] INFO  org.elasticsearch.cluster.metadata - [ticket.node] [ticketsearch] update_mapping [ticketdoc] (dynamic)
03:27:25.176 [main] INFO  c.r.s.e.client.ElasticSearchClient - Started Query Request Builder with query params [sort:[number|desc]]
03:27:25.233 [main] INFO  c.r.s.e.client.ElasticSearchClient - Started Query Request Builder with query params [sort:[number|desc,priority]]
03:27:25.247 [main] INFO  c.r.s.e.client.ElasticSearchClient - Started Query Request Builder with query params [sort:[assignee.name|asc]]
03:27:25.261 [elasticsearch[ticket.node]clusterService#updateTask-pool-11-thread-1] INFO  org.elasticsearch.cluster.metadata - [ticket.node] [ticketsearch] deleting index
03:27:25.292 [main] INFO  c.r.s.e.client.ElasticSearchClient - Executing the tickets to post to Elastic Search
03:27:25.454 [elasticsearch[ticket.node]clusterService#updateTask-pool-11-thread-1] INFO  org.elasticsearch.cluster.metadata - [ticket.node] [ticketsearch] creating index, cause [auto(bulk api)], shards [5]/[0], mappings []
03:27:25.649 [elasticsearch[ticket.node]clusterService#updateTask-pool-11-thread-1] INFO  org.elasticsearch.cluster.metadata - [ticket.node] [ticketsearch] update_mapping [ticketdoc] (dynamic)
03:27:28.653 [main] INFO  c.r.s.e.client.ElasticSearchClient - Started Query Request Builder with query params [sort:[priority]]
03:27:28.667 [elasticsearch[ticket.node]clusterService#updateTask-pool-11-thread-1] INFO  org.elasticsearch.cluster.metadata - [ticket.node] [ticketsearch] deleting index
03:27:28.694 [main] INFO  c.r.s.e.client.ElasticSearchClient - Executing the tickets to post to Elastic Search
03:27:28.849 [elasticsearch[ticket.node]clusterService#updateTask-pool-11-thread-1] INFO  org.elasticsearch.cluster.metadata - [ticket.node] [ticketsearch] creating index, cause [auto(bulk api)], shards [5]/[0], mappings []
03:27:29.012 [elasticsearch[ticket.node]clusterService#updateTask-pool-11-thread-1] INFO  org.elasticsearch.cluster.metadata - [ticket.node] [ticketsearch] update_mapping [ticketdoc] (dynamic)
03:27:32.009 [elasticsearch[ticket.node]clusterService#updateTask-pool-11-thread-1] INFO  org.elasticsearch.cluster.metadata - [ticket.node] [ticketsearch] deleting index
03:27:32.034 [main] INFO  c.r.s.e.client.ElasticSearchClient - Executing the tickets to post to Elastic Search
03:27:32.218 [elasticsearch[ticket.node]clusterService#updateTask-pool-11-thread-1] INFO  org.elasticsearch.cluster.metadata - [ticket.node] [ticketsearch] creating index, cause [auto(bulk api)], shards [5]/[0], mappings []
03:27:32.367 [elasticsearch[ticket.node]clusterService#updateTask-pool-11-thread-1] INFO  org.elasticsearch.cluster.metadata - [ticket.node] [ticketsearch] update_mapping [ticketdoc] (dynamic)
03:27:35.365 [main] INFO  c.r.s.e.client.ElasticSearchClient - Started Query Request Builder with query params [:]
03:27:35.377 [elasticsearch[ticket.node]clusterService#updateTask-pool-11-thread-1] INFO  org.elasticsearch.cluster.metadata - [ticket.node] [ticketsearch] deleting index
03:27:35.406 [main] INFO  c.r.s.e.client.ElasticSearchClient - Executing the tickets to post to Elastic Search
03:27:35.545 [elasticsearch[ticket.node]clusterService#updateTask-pool-11-thread-1] INFO  org.elasticsearch.cluster.metadata - [ticket.node] [ticketsearch] creating index, cause [auto(bulk api)], shards [5]/[0], mappings []
03:27:35.665 [elasticsearch[ticket.node]clusterService#updateTask-pool-11-thread-1] INFO  org.elasticsearch.cluster.metadata - [ticket.node] [ticketsearch] update_mapping [ticketdoc] (dynamic)
03:27:38.669 [main] INFO  c.r.s.e.client.ElasticSearchClient - Started Query Request Builder with query params [limit:[20]]
03:27:38.680 [elasticsearch[ticket.node]clusterService#updateTask-pool-11-thread-1] INFO  org.elasticsearch.cluster.metadata - [ticket.node] [ticketsearch] deleting index
Tests run: 9, Failures: 0, Errors: 0, Skipped: 0, Time elapsed: 32.304 sec
03:27:38.704 [Thread-5] INFO  c.r.s.e.ElasticSearchClientFactoryBean - Closing ElasticSearch client
03:27:38.708 [Thread-5] INFO  org.elasticsearch.node - [ticket.node] {elasticsearch/0.16.2}[23368]: stopping ...
03:27:38.735 [Thread-5] INFO  org.elasticsearch.node - [ticket.node] {elasticsearch/0.16.2}[23368]: stopped
03:27:38.735 [Thread-5] INFO  org.elasticsearch.node - [ticket.node] {elasticsearch/0.16.2}[23368]: closing ...
03:27:38.749 [Thread-5] INFO  org.elasticsearch.node - [ticket.node] {elasticsearch/0.16.2}[23368]: closed

Results :

Tests run: 38, Failures: 0, Errors: 0, Skipped: 0

[JENKINS] Recording test results
[INFO] ------------------------------------------------------------------------
[INFO] Reactor Summary:
[INFO] 
[INFO] Search POM ........................................ SUCCESS [2.498s]
[INFO] search ............................................ SUCCESS [1:21.658s]
[INFO] cucumber .......................................... SUCCESS [4.763s]
[INFO] ------------------------------------------------------------------------
[INFO] BUILD SUCCESS
[INFO] ------------------------------------------------------------------------
[INFO] Total time: 1:29.652s
[INFO] Finished at: Wed Apr 10 03:27:45 UTC 2013
[INFO] Final Memory: 56M/981M
[INFO] ------------------------------------------------------------------------
[JENKINS] Archiving /var/lib/jenkins/jobs/TSearchUnittest/workspace/cucumber/pom.xml to /var/lib/jenkins/jobs/TSearchUnittest/modules/com.rackspace.api$cucumber/builds/2013-04-10_03-26-11/archive/com.rackspace.api/cucumber/0.1.0_b51-SNAPSHOT/cucumber-0.1.0_b51-SNAPSHOT.pom
[JENKINS] Archiving /var/lib/jenkins/jobs/TSearchUnittest/workspace/pom.xml to /var/lib/jenkins/jobs/TSearchUnittest/modules/com.rackspace.api$search-pom/builds/2013-04-10_03-26-11/archive/com.rackspace.api/search-pom/0.1.0_b51-SNAPSHOT/search-pom-0.1.0_b51-SNAPSHOT.pom
[JENKINS] Archiving /var/lib/jenkins/jobs/TSearchUnittest/workspace/service/pom.xml to /var/lib/jenkins/jobs/TSearchUnittest/modules/com.rackspace.api$search/builds/2013-04-10_03-26-11/archive/com.rackspace.api/search/0.1.0_b51-SNAPSHOT/search-0.1.0_b51-SNAPSHOT.pom
Waiting for Jenkins to finish collecting data
